<?xml version="1.0" encoding="UTF-8"?>
<TestRun id="ee8fb270-9f75-4302-8361-86058a34c269" name="X3G9@MW00977477 2015-12-26 16:17:57" runUser="NORD\X3G9" xmlns="http://microsoft.com/schemas/VisualStudio/TeamTest/2010">
  <TestSettings name="Default Test Settings" id="2692bcb1-4034-4356-8cbe-1b8f37411c8d">
    <Execution>
      <TestTypeSpecific />
      <AgentRule name="Execution Agents">
      </AgentRule>
    </Execution>
    <Deployment runDeploymentRoot="X3G9_MW00977477 2015-12-26 16_17_57" />
    <Properties />
  </TestSettings>
  <Times creation="2015-12-26T16:17:57.5015166-08:00" queuing="2015-12-26T16:17:58.6535166-08:00" start="2015-12-26T16:17:58.7535166-08:00" finish="2015-12-26T16:19:11.3895166-08:00" />
  <ResultSummary outcome="Aborted">
    <Counters total="171" executed="2" passed="1" error="0" failed="0" timeout="0" aborted="1" inconclusive="0" passedButRunAborted="0" notRunnable="0" notExecuted="169" disconnected="0" warning="0" completed="0" inProgress="0" pending="0" />
    <RunInfos>
      <RunInfo computerName="MW00977477" outcome="Warning" timestamp="2015-12-26T16:17:57.9075166-08:00">
        <Text>Warning: Test Run deployment issue: The assembly or module 'RestSharp' directly or indirectly referenced by the test container 'c:\loyaltywebtest\web\test\ui\loyaltyweb\loyaltywebtest\loyaltywebtest\bin\debug\nordstrom.web.test.ui.loyaltyweb.dll' was not found.</Text>
      </RunInfo>
    </RunInfos>
  </ResultSummary>
  <TestDefinitions>
    <UnitTest name="TenderNeutralRewardsEnroll_MarketingPreferenceForRecognizedUser_MarketingPreferenceNotDisplayed" storage="c:\loyaltywebtest\web\test\ui\loyaltyweb\loyaltywebtest\loyaltywebtest\bin\debug\nordstrom.web.test.ui.loyaltyweb.dll" id="01347002-569a-eb94-de92-c8249c2837bc">
      <Description>Verify that the marketing preference is not displayed on Loyalty register page for a recognized user</Description>
      <TestCategory>
        <TestCategoryItem TestCategory="LoyaltyTenderNeutralMarketingPreference" />
        <TestCategoryItem TestCategory="LoyaltyTenderNeutral Regression" />
        <TestCategoryItem TestCategory="LoyaltyWeb" />
      </TestCategory>
      <DeploymentItems>
        <DeploymentItem filename="ExternalBinaries" outputDirectory=".\ExternalBinaries" />
        <DeploymentItem filename="TestData" outputDirectory=".\TestData" />
        <DeploymentItem filename="TestRunConfig" outputDirectory=".\TestRunConfig" />
      </DeploymentItems>
      <Execution id="1f19ee06-f028-42ee-a7e2-8f26847a5b20" />
      <TestMethod codeBase="C:/LoyaltyWebTest/Web/Test/UI/LoyaltyWeb/LoyaltyWebTest/LoyaltyWebTest/bin/Debug/Nordstrom.Web.Test.UI.LoyaltyWeb.DLL" adapterTypeName="Microsoft.VisualStudio.TestTools.TestTypes.Unit.UnitTestAdapter, Microsoft.VisualStudio.QualityTools.Tips.UnitTest.Adapter, Version=12.0.0.0, Culture=neutral, PublicKeyToken=b03f5f7f11d50a3a" className="Nordstrom.Web.Test.UI.LoyaltyWeb.LoyaltyRegisterTests, Nordstrom.Web.Test.UI.LoyaltyWeb, Version=1.0.0.0, Culture=neutral, PublicKeyToken=null" name="TenderNeutralRewardsEnroll_MarketingPreferenceForRecognizedUser_MarketingPreferenceNotDisplayed" />
    </UnitTest>
    <UnitTest name="TenderNeutralRewardsEnroll_EnrollingWebGuestUserWithMoreThan16CharactersInFirstName_ThrowsError" storage="c:\loyaltywebtest\web\test\ui\loyaltyweb\loyaltywebtest\loyaltywebtest\bin\debug\nordstrom.web.test.ui.loyaltyweb.dll" id="d2a5ca71-63b3-74b7-abd6-f4ce50c7e642">
      <Description>Verify that First Name field cannot take more than 16 characters</Description>
      <TestCategory>
        <TestCategoryItem TestCategory="LoyaltyTenderNeutralUserAcceptance" />
        <TestCategoryItem TestCategory="LoyaltyWeb" />
      </TestCategory>
      <DeploymentItems>
        <DeploymentItem filename="ExternalBinaries" outputDirectory=".\ExternalBinaries" />
        <DeploymentItem filename="TestData" outputDirectory=".\TestData" />
        <DeploymentItem filename="TestRunConfig" outputDirectory=".\TestRunConfig" />
      </DeploymentItems>
      <Execution id="d0a4bf45-b4de-4a84-97d6-4b1f41e38734" />
      <TestMethod codeBase="C:/LoyaltyWebTest/Web/Test/UI/LoyaltyWeb/LoyaltyWebTest/LoyaltyWebTest/bin/Debug/Nordstrom.Web.Test.UI.LoyaltyWeb.DLL" adapterTypeName="Microsoft.VisualStudio.TestTools.TestTypes.Unit.UnitTestAdapter, Microsoft.VisualStudio.QualityTools.Tips.UnitTest.Adapter, Version=12.0.0.0, Culture=neutral, PublicKeyToken=b03f5f7f11d50a3a" className="Nordstrom.Web.Test.UI.LoyaltyWeb.LoyaltyRegisterTests, Nordstrom.Web.Test.UI.LoyaltyWeb, Version=1.0.0.0, Culture=neutral, PublicKeyToken=null" name="TenderNeutralRewardsEnroll_EnrollingWebGuestUserWithMoreThan16CharactersInFirstName_ThrowsError" />
    </UnitTest>
    <UnitTest name="MobileVerificationPage_WhenEnrolledUserTypeExpiredCode_ShouldGetExpiredErrorMessage" storage="c:\loyaltywebtest\web\test\ui\loyaltyweb\loyaltywebtest\loyaltywebtest\bin\debug\nordstrom.web.test.ui.loyaltyweb.dll" id="49a974b3-ec64-d3af-0151-561a64779c12">
      <Description>One minute after valid code is passed, the user enters the code and get expired messages</Description>
      <TestCategory>
        <TestCategoryItem TestCategory="LoyaltyTenderNeutral Regression" />
        <TestCategoryItem TestCategory="Verification Regression" />
      </TestCategory>
      <DeploymentItems>
        <DeploymentItem filename="ExternalBinaries" outputDirectory=".\ExternalBinaries" />
        <DeploymentItem filename="TestData" outputDirectory=".\TestData" />
        <DeploymentItem filename="TestRunConfig" outputDirectory=".\TestRunConfig" />
      </DeploymentItems>
      <Execution id="5887432c-c8fe-4f6c-8981-e08f51dcb598" />
      <TestMethod codeBase="C:/LoyaltyWebTest/Web/Test/UI/LoyaltyWeb/LoyaltyWebTest/LoyaltyWebTest/bin/Debug/Nordstrom.Web.Test.UI.LoyaltyWeb.DLL" adapterTypeName="Microsoft.VisualStudio.TestTools.TestTypes.Unit.UnitTestAdapter, Microsoft.VisualStudio.QualityTools.Tips.UnitTest.Adapter, Version=12.0.0.0, Culture=neutral, PublicKeyToken=b03f5f7f11d50a3a" className="Nordstrom.Web.Test.UI.LoyaltyWeb.LoyaltyTenderNeutralMobileVerificationPageTests, Nordstrom.Web.Test.UI.LoyaltyWeb, Version=1.0.0.0, Culture=neutral, PublicKeyToken=null" name="MobileVerificationPage_WhenEnrolledUserTypeExpiredCode_ShouldGetExpiredErrorMessage" />
    </UnitTest>
    <UnitTest name="TenderNeutralRewardsEnroll_LoyaltyTenderNeutralRegisteredAuthenticatedUser_EmailPrePopulationVerificationSuccessful" storage="c:\loyaltywebtest\web\test\ui\loyaltyweb\loyaltywebtest\loyaltywebtest\bin\debug\nordstrom.web.test.ui.loyaltyweb.dll" id="882fb25a-af60-c1a9-9ac5-8c717310c276">
      <Description>Verify pre-population of mobile number on loyalty mobile verification page for a TN enrolled user</Description>
      <TestCategory>
        <TestCategoryItem TestCategory="LoyaltyTenderNeutralBVT" />
        <TestCategoryItem TestCategory="LoyaltyWeb" />
      </TestCategory>
      <DeploymentItems>
        <DeploymentItem filename="ExternalBinaries" outputDirectory=".\ExternalBinaries" />
        <DeploymentItem filename="TestData" outputDirectory=".\TestData" />
        <DeploymentItem filename="TestRunConfig" outputDirectory=".\TestRunConfig" />
      </DeploymentItems>
      <Execution id="7e8bf6b4-6fc6-4661-9f9c-adee25a3a888" />
      <TestMethod codeBase="C:/LoyaltyWebTest/Web/Test/UI/LoyaltyWeb/LoyaltyWebTest/LoyaltyWebTest/bin/Debug/Nordstrom.Web.Test.UI.LoyaltyWeb.DLL" adapterTypeName="Microsoft.VisualStudio.TestTools.TestTypes.Unit.UnitTestAdapter, Microsoft.VisualStudio.QualityTools.Tips.UnitTest.Adapter, Version=12.0.0.0, Culture=neutral, PublicKeyToken=b03f5f7f11d50a3a" className="Nordstrom.Web.Test.UI.LoyaltyWeb.LoyaltyTenderNeutralMobileVerificationPageTests, Nordstrom.Web.Test.UI.LoyaltyWeb, Version=1.0.0.0, Culture=neutral, PublicKeyToken=null" name="TenderNeutralRewardsEnroll_LoyaltyTenderNeutralRegisteredAuthenticatedUser_EmailPrePopulationVerificationSuccessful" />
    </UnitTest>
    <UnitTest name="TenderNeutralRewardsEnroll_LoyaltyTenderNeutralUnrecognisedUserLeaveFirstNameFieldBlankTabOut_ErrorMessageDisplayedSuccessfully" storage="c:\loyaltywebtest\web\test\ui\loyaltyweb\loyaltywebtest\loyaltywebtest\bin\debug\nordstrom.web.test.ui.loyaltyweb.dll" id="32087f87-3ab9-f41c-43c0-e6fe3bc56d49">
      <Description>Verify that error message appear for first name field when it is left blank and we tab out for unrecognised user</Description>
      <TestCategory>
        <TestCategoryItem TestCategory="LoyaltyTenderNeutral Regression" />
        <TestCategoryItem TestCategory="LoyaltyWeb" />
      </TestCategory>
      <DeploymentItems>
        <DeploymentItem filename="ExternalBinaries" outputDirectory=".\ExternalBinaries" />
        <DeploymentItem filename="TestData" outputDirectory=".\TestData" />
        <DeploymentItem filename="TestRunConfig" outputDirectory=".\TestRunConfig" />
      </DeploymentItems>
      <Execution id="f4557e19-f237-405d-9594-257b1f4a86f7" />
      <TestMethod codeBase="C:/LoyaltyWebTest/Web/Test/UI/LoyaltyWeb/LoyaltyWebTest/LoyaltyWebTest/bin/Debug/Nordstrom.Web.Test.UI.LoyaltyWeb.DLL" adapterTypeName="Microsoft.VisualStudio.TestTools.TestTypes.Unit.UnitTestAdapter, Microsoft.VisualStudio.QualityTools.Tips.UnitTest.Adapter, Version=12.0.0.0, Culture=neutral, PublicKeyToken=b03f5f7f11d50a3a" className="Nordstrom.Web.Test.UI.LoyaltyWeb.LoyaltyRegisterTests, Nordstrom.Web.Test.UI.LoyaltyWeb, Version=1.0.0.0, Culture=neutral, PublicKeyToken=null" name="TenderNeutralRewardsEnroll_LoyaltyTenderNeutralUnrecognisedUserLeaveFirstNameFieldBlankTabOut_ErrorMessageDisplayedSuccessfully" />
    </UnitTest>
    <UnitTest name="TenderNeutralAssociation_AuthenticateddUserEnrolledFromStoreGoToWebAssociationPage_ShouldSucceed" storage="c:\loyaltywebtest\web\test\ui\loyaltyweb\loyaltywebtest\loyaltywebtest\bin\debug\nordstrom.web.test.ui.loyaltyweb.dll" id="ff928513-162d-e085-f145-dee35035d811">
      <Description>Verify that when authenticated user enrolled into loyalty from Store  goes to Association page, he can type in his email and phone number and associate to loyalty program.</Description>
      <TestCategory>
        <TestCategoryItem TestCategory="Association" />
      </TestCategory>
      <DeploymentItems>
        <DeploymentItem filename="ExternalBinaries" outputDirectory=".\ExternalBinaries" />
        <DeploymentItem filename="TestData" outputDirectory=".\TestData" />
        <DeploymentItem filename="TestRunConfig" outputDirectory=".\TestRunConfig" />
      </DeploymentItems>
      <Execution id="f4bf887f-76ca-44a1-a13a-9bbeea54c33b" />
      <TestMethod codeBase="C:/LoyaltyWebTest/Web/Test/UI/LoyaltyWeb/LoyaltyWebTest/LoyaltyWebTest/bin/Debug/Nordstrom.Web.Test.UI.LoyaltyWeb.DLL" adapterTypeName="Microsoft.VisualStudio.TestTools.TestTypes.Unit.UnitTestAdapter, Microsoft.VisualStudio.QualityTools.Tips.UnitTest.Adapter, Version=12.0.0.0, Culture=neutral, PublicKeyToken=b03f5f7f11d50a3a" className="Nordstrom.Web.Test.UI.LoyaltyWeb.LoyaltyAssociationTests, Nordstrom.Web.Test.UI.LoyaltyWeb, Version=1.0.0.0, Culture=neutral, PublicKeyToken=null" name="TenderNeutralAssociation_AuthenticateddUserEnrolledFromStoreGoToWebAssociationPage_ShouldSucceed" />
    </UnitTest>
    <UnitTest name="MobileVerificationPageModalPopupsValidation_OkButtonInDidntGetACodeModalValidation_OkButtonInDidntGetACodeModalClosedModalSuccessfully" storage="c:\loyaltywebtest\web\test\ui\loyaltyweb\loyaltywebtest\loyaltywebtest\bin\debug\nordstrom.web.test.ui.loyaltyweb.dll" id="899e75ac-735e-e41d-941c-31a4337e1cb7">
      <Description>Didn't Get A Code Modal Popup OK Button Functionality verification</Description>
      <TestCategory>
        <TestCategoryItem TestCategory="LoyaltyTenderNeutral Regression" />
      </TestCategory>
      <DeploymentItems>
        <DeploymentItem filename="ExternalBinaries" outputDirectory=".\ExternalBinaries" />
        <DeploymentItem filename="TestData" outputDirectory=".\TestData" />
        <DeploymentItem filename="TestRunConfig" outputDirectory=".\TestRunConfig" />
      </DeploymentItems>
      <Execution id="e3f64ae4-fec4-4bef-bf40-d5efd823a65d" />
      <TestMethod codeBase="C:/LoyaltyWebTest/Web/Test/UI/LoyaltyWeb/LoyaltyWebTest/LoyaltyWebTest/bin/Debug/Nordstrom.Web.Test.UI.LoyaltyWeb.DLL" adapterTypeName="Microsoft.VisualStudio.TestTools.TestTypes.Unit.UnitTestAdapter, Microsoft.VisualStudio.QualityTools.Tips.UnitTest.Adapter, Version=12.0.0.0, Culture=neutral, PublicKeyToken=b03f5f7f11d50a3a" className="Nordstrom.Web.Test.UI.LoyaltyWeb.LoyaltyTenderNeutralMobileVerificationPageTests, Nordstrom.Web.Test.UI.LoyaltyWeb, Version=1.0.0.0, Culture=neutral, PublicKeyToken=null" name="MobileVerificationPageModalPopupsValidation_OkButtonInDidntGetACodeModalValidation_OkButtonInDidntGetACodeModalClosedModalSuccessfully" />
    </UnitTest>
    <UnitTest name="MobileVerificationPageModalPopupsValidation_CloseButtonInGetANewCodeModalValidation_CloseButtonInGetANewCodeModalClosesModalSuccessfully" storage="c:\loyaltywebtest\web\test\ui\loyaltyweb\loyaltywebtest\loyaltywebtest\bin\debug\nordstrom.web.test.ui.loyaltyweb.dll" id="2dc10e4d-0215-3f23-67b5-47a4fe1b7ab1">
      <Description>'Get a new code' Modal Popup Close Button Modal dismissal behavior validation</Description>
      <TestCategory>
        <TestCategoryItem TestCategory="LoyaltyTenderNeutral Regression" />
      </TestCategory>
      <DeploymentItems>
        <DeploymentItem filename="ExternalBinaries" outputDirectory=".\ExternalBinaries" />
        <DeploymentItem filename="TestData" outputDirectory=".\TestData" />
        <DeploymentItem filename="TestRunConfig" outputDirectory=".\TestRunConfig" />
      </DeploymentItems>
      <Execution id="93a14a9c-51ed-42ba-99ab-b0931e715863" />
      <TestMethod codeBase="C:/LoyaltyWebTest/Web/Test/UI/LoyaltyWeb/LoyaltyWebTest/LoyaltyWebTest/bin/Debug/Nordstrom.Web.Test.UI.LoyaltyWeb.DLL" adapterTypeName="Microsoft.VisualStudio.TestTools.TestTypes.Unit.UnitTestAdapter, Microsoft.VisualStudio.QualityTools.Tips.UnitTest.Adapter, Version=12.0.0.0, Culture=neutral, PublicKeyToken=b03f5f7f11d50a3a" className="Nordstrom.Web.Test.UI.LoyaltyWeb.LoyaltyTenderNeutralMobileVerificationPageTests, Nordstrom.Web.Test.UI.LoyaltyWeb, Version=1.0.0.0, Culture=neutral, PublicKeyToken=null" name="MobileVerificationPageModalPopupsValidation_CloseButtonInGetANewCodeModalValidation_CloseButtonInGetANewCodeModalClosesModalSuccessfully" />
    </UnitTest>
    <UnitTest name="ApplyAndBuy_ExistingRegisteredUserShoppingWithDebitCard_DebitCardSucessfullyAddedToWallet" storage="c:\loyaltywebtest\web\test\ui\loyaltyweb\loyaltywebtest\loyaltywebtest\bin\debug\nordstrom.web.test.ui.loyaltyweb.dll" id="f9a9e1f4-5a08-8418-6a8e-2e0be49bdb45">
      <Description>Log in as a registered user and apply for a nordstrom debit card and verifying the account summary for the newly added instant approved card</Description>
      <TestCategory>
        <TestCategoryItem TestCategory="ApplyAndBuy Regression" />
      </TestCategory>
      <DeploymentItems>
        <DeploymentItem filename="ExternalBinaries" outputDirectory=".\ExternalBinaries" />
        <DeploymentItem filename="TestData" outputDirectory=".\TestData" />
        <DeploymentItem filename="TestRunConfig" outputDirectory=".\TestRunConfig" />
      </DeploymentItems>
      <Execution id="d4b45f2b-4a5f-4281-ab67-1f1641af5b69" />
      <TestMethod codeBase="C:/LoyaltyWebTest/Web/Test/UI/LoyaltyWeb/LoyaltyWebTest/LoyaltyWebTest/bin/Debug/Nordstrom.Web.Test.UI.LoyaltyWeb.DLL" adapterTypeName="Microsoft.VisualStudio.TestTools.TestTypes.Unit.UnitTestAdapter, Microsoft.VisualStudio.QualityTools.Tips.UnitTest.Adapter, Version=12.0.0.0, Culture=neutral, PublicKeyToken=b03f5f7f11d50a3a" className="Nordstrom.Web.Test.UI.LoyaltyWeb.ApplyAndBuyTests, Nordstrom.Web.Test.UI.LoyaltyWeb, Version=1.0.0.0, Culture=neutral, PublicKeyToken=null" name="ApplyAndBuy_ExistingRegisteredUserShoppingWithDebitCard_DebitCardSucessfullyAddedToWallet" />
    </UnitTest>
    <UnitTest name="NavigationToLoyaltyWebPage_TenderNeutralEnrollFeatureFlagOn_UserLandOnLoyaltyWebPageSuccessful" storage="c:\loyaltywebtest\web\test\ui\loyaltyweb\loyaltywebtest\loyaltywebtest\bin\debug\nordstrom.web.test.ui.loyaltyweb.dll" id="1898efd5-196a-37ac-00c2-cf7bfac58602">
      <Description>Verify that user is redirected to Loyalty web page , given feature flag : TenderNeutralEnroll is on</Description>
      <TestCategory>
        <TestCategoryItem TestCategory="LoyaltyTenderNeutralBVT" />
        <TestCategoryItem TestCategory="LoyaltyWeb" />
      </TestCategory>
      <DeploymentItems>
        <DeploymentItem filename="ExternalBinaries" outputDirectory=".\ExternalBinaries" />
        <DeploymentItem filename="TestData" outputDirectory=".\TestData" />
        <DeploymentItem filename="TestRunConfig" outputDirectory=".\TestRunConfig" />
      </DeploymentItems>
      <Execution id="0ff6038d-695a-4394-a2f6-fdc8e6dd9a4c" />
      <TestMethod codeBase="C:/LoyaltyWebTest/Web/Test/UI/LoyaltyWeb/LoyaltyWebTest/LoyaltyWebTest/bin/Debug/Nordstrom.Web.Test.UI.LoyaltyWeb.DLL" adapterTypeName="Microsoft.VisualStudio.TestTools.TestTypes.Unit.UnitTestAdapter, Microsoft.VisualStudio.QualityTools.Tips.UnitTest.Adapter, Version=12.0.0.0, Culture=neutral, PublicKeyToken=b03f5f7f11d50a3a" className="Nordstrom.Web.Test.UI.LoyaltyWeb.LoyaltyRegisterTests, Nordstrom.Web.Test.UI.LoyaltyWeb, Version=1.0.0.0, Culture=neutral, PublicKeyToken=null" name="NavigationToLoyaltyWebPage_TenderNeutralEnrollFeatureFlagOn_UserLandOnLoyaltyWebPageSuccessful" />
    </UnitTest>
    <UnitTest name="TenderNeutralEarn_RecognisedUserCanSeeRewardsSectionInOrderSubmitPageAfterSignInFromCheckout_Successfully" storage="c:\loyaltywebtest\web\test\ui\loyaltyweb\loyaltywebtest\loyaltywebtest\bin\debug\nordstrom.web.test.ui.loyaltyweb.dll" id="1b9e4056-ae08-6178-83f0-22316d897d12">
      <Description>Verify that a registered user signing in from checkout page is able to see Rewards section in Ordersubmit page.</Description>
      <TestCategory>
        <TestCategoryItem TestCategory="EarnTests" />
      </TestCategory>
      <DeploymentItems>
        <DeploymentItem filename="ExternalBinaries" outputDirectory=".\ExternalBinaries" />
        <DeploymentItem filename="TestData" outputDirectory=".\TestData" />
        <DeploymentItem filename="TestRunConfig" outputDirectory=".\TestRunConfig" />
      </DeploymentItems>
      <Execution id="e13e5b68-d18b-44c6-b0d6-4100702f1892" />
      <TestMethod codeBase="C:/LoyaltyWebTest/Web/Test/UI/LoyaltyWeb/LoyaltyWebTest/LoyaltyWebTest/bin/Debug/Nordstrom.Web.Test.UI.LoyaltyWeb.DLL" adapterTypeName="Microsoft.VisualStudio.TestTools.TestTypes.Unit.UnitTestAdapter, Microsoft.VisualStudio.QualityTools.Tips.UnitTest.Adapter, Version=12.0.0.0, Culture=neutral, PublicKeyToken=b03f5f7f11d50a3a" className="Nordstrom.Web.Test.UI.LoyaltyWeb.LoyaltyEarnTests, Nordstrom.Web.Test.UI.LoyaltyWeb, Version=1.0.0.0, Culture=neutral, PublicKeyToken=null" name="TenderNeutralEarn_RecognisedUserCanSeeRewardsSectionInOrderSubmitPageAfterSignInFromCheckout_Successfully" />
    </UnitTest>
    <UnitTest name="TenderNeutralRewardsEnroll_LoyaltyTenderNeutralUnrecognisedUserLeaveFirstNameFieldBlank_ErrorMessageDisplayedSuccessfully" storage="c:\loyaltywebtest\web\test\ui\loyaltyweb\loyaltywebtest\loyaltywebtest\bin\debug\nordstrom.web.test.ui.loyaltyweb.dll" id="eaf85329-ca0a-c954-261a-a3bcb16c9517">
      <Description>Verify that error message appear for first name field when it is left blank for unrecognised user</Description>
      <TestCategory>
        <TestCategoryItem TestCategory="LoyaltyTenderNeutral Regression" />
        <TestCategoryItem TestCategory="LoyaltyWeb" />
      </TestCategory>
      <DeploymentItems>
        <DeploymentItem filename="ExternalBinaries" outputDirectory=".\ExternalBinaries" />
        <DeploymentItem filename="TestData" outputDirectory=".\TestData" />
        <DeploymentItem filename="TestRunConfig" outputDirectory=".\TestRunConfig" />
      </DeploymentItems>
      <Execution id="bcface63-d524-4624-8765-bb0d7756b6cd" />
      <TestMethod codeBase="C:/LoyaltyWebTest/Web/Test/UI/LoyaltyWeb/LoyaltyWebTest/LoyaltyWebTest/bin/Debug/Nordstrom.Web.Test.UI.LoyaltyWeb.DLL" adapterTypeName="Microsoft.VisualStudio.TestTools.TestTypes.Unit.UnitTestAdapter, Microsoft.VisualStudio.QualityTools.Tips.UnitTest.Adapter, Version=12.0.0.0, Culture=neutral, PublicKeyToken=b03f5f7f11d50a3a" className="Nordstrom.Web.Test.UI.LoyaltyWeb.LoyaltyRegisterTests, Nordstrom.Web.Test.UI.LoyaltyWeb, Version=1.0.0.0, Culture=neutral, PublicKeyToken=null" name="TenderNeutralRewardsEnroll_LoyaltyTenderNeutralUnrecognisedUserLeaveFirstNameFieldBlank_ErrorMessageDisplayedSuccessfully" />
    </UnitTest>
    <UnitTest name="TenderNeutralRewardsEnroll_LoyaltyTNAuthenticatedUserMaximumInvlaidEntryinCodeField_ThrowsError" storage="c:\loyaltywebtest\web\test\ui\loyaltyweb\loyaltywebtest\loyaltywebtest\bin\debug\nordstrom.web.test.ui.loyaltyweb.dll" id="ee8371a4-6a8c-8220-7b9b-c4b425e74e47">
      <Description>Verify that error message is displayed when special characters are entered in mobile verification code field</Description>
      <TestCategory>
        <TestCategoryItem TestCategory="LoyaltyTenderNeutralBVT" />
        <TestCategoryItem TestCategory="LoyaltyWeb" />
      </TestCategory>
      <DeploymentItems>
        <DeploymentItem filename="ExternalBinaries" outputDirectory=".\ExternalBinaries" />
        <DeploymentItem filename="TestData" outputDirectory=".\TestData" />
        <DeploymentItem filename="TestRunConfig" outputDirectory=".\TestRunConfig" />
      </DeploymentItems>
      <Execution id="a9ff3531-4c7b-48ac-aae5-e3b1e2e79f52" />
      <TestMethod codeBase="C:/LoyaltyWebTest/Web/Test/UI/LoyaltyWeb/LoyaltyWebTest/LoyaltyWebTest/bin/Debug/Nordstrom.Web.Test.UI.LoyaltyWeb.DLL" adapterTypeName="Microsoft.VisualStudio.TestTools.TestTypes.Unit.UnitTestAdapter, Microsoft.VisualStudio.QualityTools.Tips.UnitTest.Adapter, Version=12.0.0.0, Culture=neutral, PublicKeyToken=b03f5f7f11d50a3a" className="Nordstrom.Web.Test.UI.LoyaltyWeb.LoyaltyTenderNeutralMobileVerificationPageTests, Nordstrom.Web.Test.UI.LoyaltyWeb, Version=1.0.0.0, Culture=neutral, PublicKeyToken=null" name="TenderNeutralRewardsEnroll_LoyaltyTNAuthenticatedUserMaximumInvlaidEntryinCodeField_ThrowsError" />
    </UnitTest>
    <UnitTest name="ApplyAndBuy_RegisteredUserNavigationToVisaCardConfirmationAndLinksVerification_LinksVerifiedSuccessfully" storage="c:\loyaltywebtest\web\test\ui\loyaltyweb\loyaltywebtest\loyaltywebtest\bin\debug\nordstrom.web.test.ui.loyaltyweb.dll" id="5699d43b-bfa7-481f-0474-9a9301ddbef0">
      <Description>Apply for Nordsrom Visa Credit Card as a registered authenticated user and  verify all links on card confirmation page except header and footer links</Description>
      <TestCategory>
        <TestCategoryItem TestCategory="ApplyAndBuy Regression" />
      </TestCategory>
      <DeploymentItems>
        <DeploymentItem filename="ExternalBinaries" outputDirectory=".\ExternalBinaries" />
        <DeploymentItem filename="TestData" outputDirectory=".\TestData" />
        <DeploymentItem filename="TestRunConfig" outputDirectory=".\TestRunConfig" />
      </DeploymentItems>
      <Execution id="cb9fc373-e973-4529-88c7-3e162da61afd" />
      <TestMethod codeBase="C:/LoyaltyWebTest/Web/Test/UI/LoyaltyWeb/LoyaltyWebTest/LoyaltyWebTest/bin/Debug/Nordstrom.Web.Test.UI.LoyaltyWeb.DLL" adapterTypeName="Microsoft.VisualStudio.TestTools.TestTypes.Unit.UnitTestAdapter, Microsoft.VisualStudio.QualityTools.Tips.UnitTest.Adapter, Version=12.0.0.0, Culture=neutral, PublicKeyToken=b03f5f7f11d50a3a" className="Nordstrom.Web.Test.UI.LoyaltyWeb.ApplyAndBuyTests, Nordstrom.Web.Test.UI.LoyaltyWeb, Version=1.0.0.0, Culture=neutral, PublicKeyToken=null" name="ApplyAndBuy_RegisteredUserNavigationToVisaCardConfirmationAndLinksVerification_LinksVerifiedSuccessfully" />
    </UnitTest>
    <UnitTest name="ApplyAndBuy_NewlyRegisteredUserShoppingWithNewDebitCard_DebitCardSucessfullyAddedToWallet" storage="c:\loyaltywebtest\web\test\ui\loyaltyweb\loyaltywebtest\loyaltywebtest\bin\debug\nordstrom.web.test.ui.loyaltyweb.dll" id="8692b55a-e6f7-c447-3076-92b555d04832">
      <Description>Verify newly added Nordstrom Debit card and verifying the account summary for the newly added instant approved card</Description>
      <TestCategory>
        <TestCategoryItem TestCategory="ApplyAndBuy Regression" />
      </TestCategory>
      <DeploymentItems>
        <DeploymentItem filename="ExternalBinaries" outputDirectory=".\ExternalBinaries" />
        <DeploymentItem filename="TestData" outputDirectory=".\TestData" />
        <DeploymentItem filename="TestRunConfig" outputDirectory=".\TestRunConfig" />
      </DeploymentItems>
      <Execution id="89751afb-cef9-4dd7-8bb5-3122d4e67be6" />
      <TestMethod codeBase="C:/LoyaltyWebTest/Web/Test/UI/LoyaltyWeb/LoyaltyWebTest/LoyaltyWebTest/bin/Debug/Nordstrom.Web.Test.UI.LoyaltyWeb.DLL" adapterTypeName="Microsoft.VisualStudio.TestTools.TestTypes.Unit.UnitTestAdapter, Microsoft.VisualStudio.QualityTools.Tips.UnitTest.Adapter, Version=12.0.0.0, Culture=neutral, PublicKeyToken=b03f5f7f11d50a3a" className="Nordstrom.Web.Test.UI.LoyaltyWeb.ApplyAndBuyTests, Nordstrom.Web.Test.UI.LoyaltyWeb, Version=1.0.0.0, Culture=neutral, PublicKeyToken=null" name="ApplyAndBuy_NewlyRegisteredUserShoppingWithNewDebitCard_DebitCardSucessfullyAddedToWallet" />
    </UnitTest>
    <UnitTest name="LoyaltyLearnPage_ClickVIPAccessToInstoreEventsLink_NavigateToRelevantPageSuccessfully" storage="c:\loyaltywebtest\web\test\ui\loyaltyweb\loyaltywebtest\loyaltywebtest\bin\debug\nordstrom.web.test.ui.loyaltyweb.dll" id="2379f2a4-5f07-a34f-3a1d-5e919cd412d7">
      <Description>To verify VIP access to Instore Events link on Learn Page is navigated to the relevant page successfully</Description>
      <TestCategory>
        <TestCategoryItem TestCategory="Learn" />
      </TestCategory>
      <DeploymentItems>
        <DeploymentItem filename="ExternalBinaries" outputDirectory=".\ExternalBinaries" />
        <DeploymentItem filename="TestData" outputDirectory=".\TestData" />
        <DeploymentItem filename="TestRunConfig" outputDirectory=".\TestRunConfig" />
      </DeploymentItems>
      <Execution id="15aadaab-c02e-4234-b3cf-ce55d4ce8176" />
      <TestMethod codeBase="C:/LoyaltyWebTest/Web/Test/UI/LoyaltyWeb/LoyaltyWebTest/LoyaltyWebTest/bin/Debug/Nordstrom.Web.Test.UI.LoyaltyWeb.DLL" adapterTypeName="Microsoft.VisualStudio.TestTools.TestTypes.Unit.UnitTestAdapter, Microsoft.VisualStudio.QualityTools.Tips.UnitTest.Adapter, Version=12.0.0.0, Culture=neutral, PublicKeyToken=b03f5f7f11d50a3a" className="Nordstrom.Web.Test.UI.LoyaltyWeb.LoyaltyLearnTests, Nordstrom.Web.Test.UI.LoyaltyWeb, Version=1.0.0.0, Culture=neutral, PublicKeyToken=null" name="LoyaltyLearnPage_ClickVIPAccessToInstoreEventsLink_NavigateToRelevantPageSuccessfully" />
    </UnitTest>
    <UnitTest name="TenderNeutralRewardsRegister_GuestUserEnrollWithExistingPhoneAndEmailinEnrollProgram_ShouldFailInEnroll" storage="c:\loyaltywebtest\web\test\ui\loyaltyweb\loyaltywebtest\loyaltywebtest\bin\debug\nordstrom.web.test.ui.loyaltyweb.dll" id="16b9e740-57f9-b3e8-d3d8-86b65bd85034">
      <Description>Guest user enrolling with existing enroll email and phone would fail</Description>
      <TestCategory>
        <TestCategoryItem TestCategory="LoyaltyTenderNeutral Regression" />
      </TestCategory>
      <DeploymentItems>
        <DeploymentItem filename="ExternalBinaries" outputDirectory=".\ExternalBinaries" />
        <DeploymentItem filename="TestData" outputDirectory=".\TestData" />
        <DeploymentItem filename="TestRunConfig" outputDirectory=".\TestRunConfig" />
      </DeploymentItems>
      <Execution id="9a12ab28-2e46-4580-9d01-58156b1d22f2" />
      <TestMethod codeBase="C:/LoyaltyWebTest/Web/Test/UI/LoyaltyWeb/LoyaltyWebTest/LoyaltyWebTest/bin/Debug/Nordstrom.Web.Test.UI.LoyaltyWeb.DLL" adapterTypeName="Microsoft.VisualStudio.TestTools.TestTypes.Unit.UnitTestAdapter, Microsoft.VisualStudio.QualityTools.Tips.UnitTest.Adapter, Version=12.0.0.0, Culture=neutral, PublicKeyToken=b03f5f7f11d50a3a" className="Nordstrom.Web.Test.UI.LoyaltyWeb.LoyaltyRegisterTests, Nordstrom.Web.Test.UI.LoyaltyWeb, Version=1.0.0.0, Culture=neutral, PublicKeyToken=null" name="TenderNeutralRewardsRegister_GuestUserEnrollWithExistingPhoneAndEmailinEnrollProgram_ShouldFailInEnroll" />
    </UnitTest>
    <UnitTest name="TenderNeutralAssociationPage_TenderNeutralAssociationFeatureFlagOff_UserRedirectedToHomePage" storage="c:\loyaltywebtest\web\test\ui\loyaltyweb\loyaltywebtest\loyaltywebtest\bin\debug\nordstrom.web.test.ui.loyaltyweb.dll" id="58e6c602-14c2-9d55-77c9-65e620bc43e6">
      <Description>Verify that user is redirected to Home page when TenderNeutralAssociation featureflag is off</Description>
      <TestCategory>
        <TestCategoryItem TestCategory="LoyaltyTenderNeutralBVT" />
        <TestCategoryItem TestCategory="LoyaltyAssociation" />
      </TestCategory>
      <DeploymentItems>
        <DeploymentItem filename="ExternalBinaries" outputDirectory=".\ExternalBinaries" />
        <DeploymentItem filename="TestData" outputDirectory=".\TestData" />
        <DeploymentItem filename="TestRunConfig" outputDirectory=".\TestRunConfig" />
      </DeploymentItems>
      <Execution id="65d16161-79f3-43d6-84c5-eed7e9396274" />
      <TestMethod codeBase="C:/LoyaltyWebTest/Web/Test/UI/LoyaltyWeb/LoyaltyWebTest/LoyaltyWebTest/bin/Debug/Nordstrom.Web.Test.UI.LoyaltyWeb.DLL" adapterTypeName="Microsoft.VisualStudio.TestTools.TestTypes.Unit.UnitTestAdapter, Microsoft.VisualStudio.QualityTools.Tips.UnitTest.Adapter, Version=12.0.0.0, Culture=neutral, PublicKeyToken=b03f5f7f11d50a3a" className="Nordstrom.Web.Test.UI.LoyaltyWeb.LoyaltyAssociationTests, Nordstrom.Web.Test.UI.LoyaltyWeb, Version=1.0.0.0, Culture=neutral, PublicKeyToken=null" name="TenderNeutralAssociationPage_TenderNeutralAssociationFeatureFlagOff_UserRedirectedToHomePage" />
    </UnitTest>
    <UnitTest name="ApplyAndBuy_ExistingRegisteredUserShoppingWithDebitCard_OrderSuccessfullyPlacedWithNewDebitCard" storage="c:\loyaltywebtest\web\test\ui\loyaltyweb\loyaltywebtest\loyaltywebtest\bin\debug\nordstrom.web.test.ui.loyaltyweb.dll" id="3c220397-a949-a414-da8d-2d93343ec752">
      <Description>Log in as a registered user and apply for a nordstrom debit card and verify successful order placement</Description>
      <TestCategory>
        <TestCategoryItem TestCategory="ApplyAndbuy EndToEnd" />
      </TestCategory>
      <DeploymentItems>
        <DeploymentItem filename="ExternalBinaries" outputDirectory=".\ExternalBinaries" />
        <DeploymentItem filename="TestData" outputDirectory=".\TestData" />
        <DeploymentItem filename="TestRunConfig" outputDirectory=".\TestRunConfig" />
      </DeploymentItems>
      <Execution id="9507108f-3a90-424b-a8ef-a9d1dc5ce590" />
      <TestMethod codeBase="C:/LoyaltyWebTest/Web/Test/UI/LoyaltyWeb/LoyaltyWebTest/LoyaltyWebTest/bin/Debug/Nordstrom.Web.Test.UI.LoyaltyWeb.DLL" adapterTypeName="Microsoft.VisualStudio.TestTools.TestTypes.Unit.UnitTestAdapter, Microsoft.VisualStudio.QualityTools.Tips.UnitTest.Adapter, Version=12.0.0.0, Culture=neutral, PublicKeyToken=b03f5f7f11d50a3a" className="Nordstrom.Web.Test.UI.LoyaltyWeb.ApplyAndBuyTests, Nordstrom.Web.Test.UI.LoyaltyWeb, Version=1.0.0.0, Culture=neutral, PublicKeyToken=null" name="ApplyAndBuy_ExistingRegisteredUserShoppingWithDebitCard_OrderSuccessfullyPlacedWithNewDebitCard" />
    </UnitTest>
    <UnitTest name="MobileVerificationPage_WhenEnrolledUserTypeWrongDigitCode_ShouldGetWrongCodeMessage" storage="c:\loyaltywebtest\web\test\ui\loyaltyweb\loyaltywebtest\loyaltywebtest\bin\debug\nordstrom.web.test.ui.loyaltyweb.dll" id="d0f4ec86-2b86-2cd8-ac68-409545882993">
      <Description>Enrolled User should see wrong digit code message when typing wrong 6 digit code in verificaiton page.</Description>
      <TestCategory>
        <TestCategoryItem TestCategory="LoyaltyTenderNeutral Regression" />
        <TestCategoryItem TestCategory="Verification Regression" />
      </TestCategory>
      <DeploymentItems>
        <DeploymentItem filename="ExternalBinaries" outputDirectory=".\ExternalBinaries" />
        <DeploymentItem filename="TestData" outputDirectory=".\TestData" />
        <DeploymentItem filename="TestRunConfig" outputDirectory=".\TestRunConfig" />
      </DeploymentItems>
      <Execution id="960563a1-1778-4d67-a7f1-0ea65c23bcd8" />
      <TestMethod codeBase="C:/LoyaltyWebTest/Web/Test/UI/LoyaltyWeb/LoyaltyWebTest/LoyaltyWebTest/bin/Debug/Nordstrom.Web.Test.UI.LoyaltyWeb.DLL" adapterTypeName="Microsoft.VisualStudio.TestTools.TestTypes.Unit.UnitTestAdapter, Microsoft.VisualStudio.QualityTools.Tips.UnitTest.Adapter, Version=12.0.0.0, Culture=neutral, PublicKeyToken=b03f5f7f11d50a3a" className="Nordstrom.Web.Test.UI.LoyaltyWeb.LoyaltyTenderNeutralMobileVerificationPageTests, Nordstrom.Web.Test.UI.LoyaltyWeb, Version=1.0.0.0, Culture=neutral, PublicKeyToken=null" name="MobileVerificationPage_WhenEnrolledUserTypeWrongDigitCode_ShouldGetWrongCodeMessage" />
    </UnitTest>
    <UnitTest name="TenderNeutralEarn_AuthenticatedUserNotLinkedNordAccountAndTNNumber_RewardsSectionDispayedInOrderSubmitPage" storage="c:\loyaltywebtest\web\test\ui\loyaltyweb\loyaltywebtest\loyaltywebtest\bin\debug\nordstrom.web.test.ui.loyaltyweb.dll" id="5c6698e8-7f51-b362-71a2-8ce939c3580d">
      <Description>Verify that an authenticated user who has not linked N.com and TN number is able to see Rewards section in Ordersubmit page.</Description>
      <TestCategory>
        <TestCategoryItem TestCategory="EarnTests" />
      </TestCategory>
      <DeploymentItems>
        <DeploymentItem filename="ExternalBinaries" outputDirectory=".\ExternalBinaries" />
        <DeploymentItem filename="TestData" outputDirectory=".\TestData" />
        <DeploymentItem filename="TestRunConfig" outputDirectory=".\TestRunConfig" />
      </DeploymentItems>
      <Execution id="7ca1e337-3a1f-45f8-96fa-c9f4263596b5" />
      <TestMethod codeBase="C:/LoyaltyWebTest/Web/Test/UI/LoyaltyWeb/LoyaltyWebTest/LoyaltyWebTest/bin/Debug/Nordstrom.Web.Test.UI.LoyaltyWeb.DLL" adapterTypeName="Microsoft.VisualStudio.TestTools.TestTypes.Unit.UnitTestAdapter, Microsoft.VisualStudio.QualityTools.Tips.UnitTest.Adapter, Version=12.0.0.0, Culture=neutral, PublicKeyToken=b03f5f7f11d50a3a" className="Nordstrom.Web.Test.UI.LoyaltyWeb.LoyaltyEarnTests, Nordstrom.Web.Test.UI.LoyaltyWeb, Version=1.0.0.0, Culture=neutral, PublicKeyToken=null" name="TenderNeutralEarn_AuthenticatedUserNotLinkedNordAccountAndTNNumber_RewardsSectionDispayedInOrderSubmitPage" />
    </UnitTest>
    <UnitTest name="ApplyAndBuy_GuestUserApplyForNewVisaCardAndRegisterAsANewUserAfterCardConfirmation_OrderSuccessfullyPlacedWithNewVisaCard" storage="c:\loyaltywebtest\web\test\ui\loyaltyweb\loyaltywebtest\loyaltywebtest\bin\debug\nordstrom.web.test.ui.loyaltyweb.dll" id="29859a34-d2ec-6bf5-66bf-30f6009dcdd5">
      <Description>Verify that a guest user can apply for a visa card, register as a new user from the confirmation pageand place order with the instant approved visa card</Description>
      <TestCategory>
        <TestCategoryItem TestCategory="ApplyAndbuy EndToEnd" />
      </TestCategory>
      <DeploymentItems>
        <DeploymentItem filename="ExternalBinaries" outputDirectory=".\ExternalBinaries" />
        <DeploymentItem filename="TestData" outputDirectory=".\TestData" />
        <DeploymentItem filename="TestRunConfig" outputDirectory=".\TestRunConfig" />
      </DeploymentItems>
      <Execution id="c4dbf5e3-60b1-4373-a1d8-a429c79a2674" />
      <TestMethod codeBase="C:/LoyaltyWebTest/Web/Test/UI/LoyaltyWeb/LoyaltyWebTest/LoyaltyWebTest/bin/Debug/Nordstrom.Web.Test.UI.LoyaltyWeb.DLL" adapterTypeName="Microsoft.VisualStudio.TestTools.TestTypes.Unit.UnitTestAdapter, Microsoft.VisualStudio.QualityTools.Tips.UnitTest.Adapter, Version=12.0.0.0, Culture=neutral, PublicKeyToken=b03f5f7f11d50a3a" className="Nordstrom.Web.Test.UI.LoyaltyWeb.ApplyAndBuyTests, Nordstrom.Web.Test.UI.LoyaltyWeb, Version=1.0.0.0, Culture=neutral, PublicKeyToken=null" name="ApplyAndBuy_GuestUserApplyForNewVisaCardAndRegisterAsANewUserAfterCardConfirmation_OrderSuccessfullyPlacedWithNewVisaCard" />
    </UnitTest>
    <UnitTest name="TenderNeutralRewardsEnroll_LoyaltyTenderNeutralUnrecognisedUserLeavePasswordFieldBlank_ErrorMessageDisplayedSuccessfully" storage="c:\loyaltywebtest\web\test\ui\loyaltyweb\loyaltywebtest\loyaltywebtest\bin\debug\nordstrom.web.test.ui.loyaltyweb.dll" id="f8f31b6e-9a57-18ef-ecb2-7d1dc23e1ba3">
      <Description>Verify that error message appear for phone number field when it is left blank for unrecognised user</Description>
      <TestCategory>
        <TestCategoryItem TestCategory="LoyaltyTenderNeutral Regression" />
        <TestCategoryItem TestCategory="LoyaltyWeb" />
      </TestCategory>
      <DeploymentItems>
        <DeploymentItem filename="ExternalBinaries" outputDirectory=".\ExternalBinaries" />
        <DeploymentItem filename="TestData" outputDirectory=".\TestData" />
        <DeploymentItem filename="TestRunConfig" outputDirectory=".\TestRunConfig" />
      </DeploymentItems>
      <Execution id="c85667b9-62ec-46b0-8ece-07c903d46425" />
      <TestMethod codeBase="C:/LoyaltyWebTest/Web/Test/UI/LoyaltyWeb/LoyaltyWebTest/LoyaltyWebTest/bin/Debug/Nordstrom.Web.Test.UI.LoyaltyWeb.DLL" adapterTypeName="Microsoft.VisualStudio.TestTools.TestTypes.Unit.UnitTestAdapter, Microsoft.VisualStudio.QualityTools.Tips.UnitTest.Adapter, Version=12.0.0.0, Culture=neutral, PublicKeyToken=b03f5f7f11d50a3a" className="Nordstrom.Web.Test.UI.LoyaltyWeb.LoyaltyRegisterTests, Nordstrom.Web.Test.UI.LoyaltyWeb, Version=1.0.0.0, Culture=neutral, PublicKeyToken=null" name="TenderNeutralRewardsEnroll_LoyaltyTenderNeutralUnrecognisedUserLeavePasswordFieldBlank_ErrorMessageDisplayedSuccessfully" />
    </UnitTest>
    <UnitTest name="LoyaltyLearnPage_WhenTypeRightURL_ShouldRenderLearnPage" storage="c:\loyaltywebtest\web\test\ui\loyaltyweb\loyaltywebtest\loyaltywebtest\bin\debug\nordstrom.web.test.ui.loyaltyweb.dll" id="5e694850-8294-57c8-4195-a3f1001f6ca7">
      <Description>Learn Page can be rendered correctly</Description>
      <TestCategory>
        <TestCategoryItem TestCategory="Learn" />
      </TestCategory>
      <DeploymentItems>
        <DeploymentItem filename="ExternalBinaries" outputDirectory=".\ExternalBinaries" />
        <DeploymentItem filename="TestData" outputDirectory=".\TestData" />
        <DeploymentItem filename="TestRunConfig" outputDirectory=".\TestRunConfig" />
      </DeploymentItems>
      <Execution id="6b8a2c57-bb8e-43d3-82b4-8549945bfcd2" />
      <TestMethod codeBase="C:/LoyaltyWebTest/Web/Test/UI/LoyaltyWeb/LoyaltyWebTest/LoyaltyWebTest/bin/Debug/Nordstrom.Web.Test.UI.LoyaltyWeb.DLL" adapterTypeName="Microsoft.VisualStudio.TestTools.TestTypes.Unit.UnitTestAdapter, Microsoft.VisualStudio.QualityTools.Tips.UnitTest.Adapter, Version=12.0.0.0, Culture=neutral, PublicKeyToken=b03f5f7f11d50a3a" className="Nordstrom.Web.Test.UI.LoyaltyWeb.LoyaltyLearnTests, Nordstrom.Web.Test.UI.LoyaltyWeb, Version=1.0.0.0, Culture=neutral, PublicKeyToken=null" name="LoyaltyLearnPage_WhenTypeRightURL_ShouldRenderLearnPage" />
    </UnitTest>
    <UnitTest name="TenderNeutralAssociation_WebAccountAssociationFromStoreCustomer_ShouldSucceed" storage="c:\loyaltywebtest\web\test\ui\loyaltyweb\loyaltywebtest\loyaltywebtest\bin\debug\nordstrom.web.test.ui.loyaltyweb.dll" id="0f205b7b-b7e4-d1b8-1e8c-26d1b4231555">
      <Description>Verify that when store enrolled user goes to Association page, he can type in his email and phone number and associate to web account.</Description>
      <TestCategory>
        <TestCategoryItem TestCategory="Association" />
      </TestCategory>
      <DeploymentItems>
        <DeploymentItem filename="ExternalBinaries" outputDirectory=".\ExternalBinaries" />
        <DeploymentItem filename="TestData" outputDirectory=".\TestData" />
        <DeploymentItem filename="TestRunConfig" outputDirectory=".\TestRunConfig" />
      </DeploymentItems>
      <Execution id="76010de6-da67-4fb1-957f-4abb599df753" />
      <TestMethod codeBase="C:/LoyaltyWebTest/Web/Test/UI/LoyaltyWeb/LoyaltyWebTest/LoyaltyWebTest/bin/Debug/Nordstrom.Web.Test.UI.LoyaltyWeb.DLL" adapterTypeName="Microsoft.VisualStudio.TestTools.TestTypes.Unit.UnitTestAdapter, Microsoft.VisualStudio.QualityTools.Tips.UnitTest.Adapter, Version=12.0.0.0, Culture=neutral, PublicKeyToken=b03f5f7f11d50a3a" className="Nordstrom.Web.Test.UI.LoyaltyWeb.LoyaltyAssociationTests, Nordstrom.Web.Test.UI.LoyaltyWeb, Version=1.0.0.0, Culture=neutral, PublicKeyToken=null" name="TenderNeutralAssociation_WebAccountAssociationFromStoreCustomer_ShouldSucceed" />
    </UnitTest>
    <UnitTest name="TenderNeutralRewardsEnroll_LoyaltyTenderNeutralGuestUserPasswordFieldSpecialCharactersEntry_ErrorMessageDisplayedSuccessfully" storage="c:\loyaltywebtest\web\test\ui\loyaltyweb\loyaltywebtest\loyaltywebtest\bin\debug\nordstrom.web.test.ui.loyaltyweb.dll" id="98f3b8cc-a409-a327-2cce-f0ebee095d09">
      <Description>Verify the error message displayed for the invalid entry of special characters in Password field</Description>
      <TestCategory>
        <TestCategoryItem TestCategory="LoyaltyTenderNeutral Regression" />
        <TestCategoryItem TestCategory="LoyaltyWeb" />
      </TestCategory>
      <DeploymentItems>
        <DeploymentItem filename="ExternalBinaries" outputDirectory=".\ExternalBinaries" />
        <DeploymentItem filename="TestData" outputDirectory=".\TestData" />
        <DeploymentItem filename="TestRunConfig" outputDirectory=".\TestRunConfig" />
      </DeploymentItems>
      <Execution id="13bfec25-c8bb-4c19-85df-a37658807b5b" />
      <TestMethod codeBase="C:/LoyaltyWebTest/Web/Test/UI/LoyaltyWeb/LoyaltyWebTest/LoyaltyWebTest/bin/Debug/Nordstrom.Web.Test.UI.LoyaltyWeb.DLL" adapterTypeName="Microsoft.VisualStudio.TestTools.TestTypes.Unit.UnitTestAdapter, Microsoft.VisualStudio.QualityTools.Tips.UnitTest.Adapter, Version=12.0.0.0, Culture=neutral, PublicKeyToken=b03f5f7f11d50a3a" className="Nordstrom.Web.Test.UI.LoyaltyWeb.LoyaltyRegisterTests, Nordstrom.Web.Test.UI.LoyaltyWeb, Version=1.0.0.0, Culture=neutral, PublicKeyToken=null" name="TenderNeutralRewardsEnroll_LoyaltyTenderNeutralGuestUserPasswordFieldSpecialCharactersEntry_ErrorMessageDisplayedSuccessfully" />
    </UnitTest>
    <UnitTest name="TenderNeutralRewardsEnroll_LoyaltyTenderNeutralRegisteredAuthenticatedUser_EmailPrePopulationVerificationSuccessful" storage="c:\loyaltywebtest\web\test\ui\loyaltyweb\loyaltywebtest\loyaltywebtest\bin\debug\nordstrom.web.test.ui.loyaltyweb.dll" id="f70e1f82-15d8-1be1-b2b4-b9f0d083e660">
      <Description>Verify pre-population of email field on loyalty enroll page for a N.com Registered user</Description>
      <TestCategory>
        <TestCategoryItem TestCategory="LoyaltyWeb" />
        <TestCategoryItem TestCategory="LoyaltyTenderNeutralBVT" />
      </TestCategory>
      <DeploymentItems>
        <DeploymentItem filename="ExternalBinaries" outputDirectory=".\ExternalBinaries" />
        <DeploymentItem filename="TestData" outputDirectory=".\TestData" />
        <DeploymentItem filename="TestRunConfig" outputDirectory=".\TestRunConfig" />
      </DeploymentItems>
      <Execution id="7dfa00ca-9316-4745-8d87-a2144a3e6b35" />
      <TestMethod codeBase="C:/LoyaltyWebTest/Web/Test/UI/LoyaltyWeb/LoyaltyWebTest/LoyaltyWebTest/bin/Debug/Nordstrom.Web.Test.UI.LoyaltyWeb.DLL" adapterTypeName="Microsoft.VisualStudio.TestTools.TestTypes.Unit.UnitTestAdapter, Microsoft.VisualStudio.QualityTools.Tips.UnitTest.Adapter, Version=12.0.0.0, Culture=neutral, PublicKeyToken=b03f5f7f11d50a3a" className="Nordstrom.Web.Test.UI.LoyaltyWeb.LoyaltyRegisterTests, Nordstrom.Web.Test.UI.LoyaltyWeb, Version=1.0.0.0, Culture=neutral, PublicKeyToken=null" name="TenderNeutralRewardsEnroll_LoyaltyTenderNeutralRegisteredAuthenticatedUser_EmailPrePopulationVerificationSuccessful" />
    </UnitTest>
    <UnitTest name="TenderNeutralRewardsEnroll_EnrollingWebAuthenticatedUser_LoyaltyWebAccountCreatedSuccessfully" storage="c:\loyaltywebtest\web\test\ui\loyaltyweb\loyaltywebtest\loyaltywebtest\bin\debug\nordstrom.web.test.ui.loyaltyweb.dll" id="d4e6916d-b5c3-4e34-a42a-88ee7c6ccaa9">
      <Description>Verify the creation of a new loyalty web account for a N.com registered authenticated user</Description>
      <TestCategory>
        <TestCategoryItem TestCategory="LoyaltyTenderNeutralUserAcceptance" />
        <TestCategoryItem TestCategory="LoyaltyWeb" />
      </TestCategory>
      <DeploymentItems>
        <DeploymentItem filename="ExternalBinaries" outputDirectory=".\ExternalBinaries" />
        <DeploymentItem filename="TestData" outputDirectory=".\TestData" />
        <DeploymentItem filename="TestRunConfig" outputDirectory=".\TestRunConfig" />
      </DeploymentItems>
      <Execution id="5b13e4dd-0575-44de-86fd-ebe56d824851" />
      <TestMethod codeBase="C:/LoyaltyWebTest/Web/Test/UI/LoyaltyWeb/LoyaltyWebTest/LoyaltyWebTest/bin/Debug/Nordstrom.Web.Test.UI.LoyaltyWeb.DLL" adapterTypeName="Microsoft.VisualStudio.TestTools.TestTypes.Unit.UnitTestAdapter, Microsoft.VisualStudio.QualityTools.Tips.UnitTest.Adapter, Version=12.0.0.0, Culture=neutral, PublicKeyToken=b03f5f7f11d50a3a" className="Nordstrom.Web.Test.UI.LoyaltyWeb.LoyaltyRegisterTests, Nordstrom.Web.Test.UI.LoyaltyWeb, Version=1.0.0.0, Culture=neutral, PublicKeyToken=null" name="TenderNeutralRewardsEnroll_EnrollingWebAuthenticatedUser_LoyaltyWebAccountCreatedSuccessfully" />
    </UnitTest>
    <UnitTest name="MobileVerificationPageModalPopupsValidation_CloseButtonInDidntGetACodeModalValidation_CloseButtonInDidntGetACodeModalClosedModalSuccessfully" storage="c:\loyaltywebtest\web\test\ui\loyaltyweb\loyaltywebtest\loyaltywebtest\bin\debug\nordstrom.web.test.ui.loyaltyweb.dll" id="23010815-be15-7fb0-5f11-ae62528f19b0">
      <Description>Didn't Get A Code Modal Popup Close Button Functionality verification</Description>
      <TestCategory>
        <TestCategoryItem TestCategory="LoyaltyTenderNeutral Regression" />
      </TestCategory>
      <DeploymentItems>
        <DeploymentItem filename="ExternalBinaries" outputDirectory=".\ExternalBinaries" />
        <DeploymentItem filename="TestData" outputDirectory=".\TestData" />
        <DeploymentItem filename="TestRunConfig" outputDirectory=".\TestRunConfig" />
      </DeploymentItems>
      <Execution id="aac56d02-d043-46c2-bb0e-34921bd3e11f" />
      <TestMethod codeBase="C:/LoyaltyWebTest/Web/Test/UI/LoyaltyWeb/LoyaltyWebTest/LoyaltyWebTest/bin/Debug/Nordstrom.Web.Test.UI.LoyaltyWeb.DLL" adapterTypeName="Microsoft.VisualStudio.TestTools.TestTypes.Unit.UnitTestAdapter, Microsoft.VisualStudio.QualityTools.Tips.UnitTest.Adapter, Version=12.0.0.0, Culture=neutral, PublicKeyToken=b03f5f7f11d50a3a" className="Nordstrom.Web.Test.UI.LoyaltyWeb.LoyaltyTenderNeutralMobileVerificationPageTests, Nordstrom.Web.Test.UI.LoyaltyWeb, Version=1.0.0.0, Culture=neutral, PublicKeyToken=null" name="MobileVerificationPageModalPopupsValidation_CloseButtonInDidntGetACodeModalValidation_CloseButtonInDidntGetACodeModalClosedModalSuccessfully" />
    </UnitTest>
    <UnitTest name="ApplyAndBuy_AuthenticatedNewUserApplyForDebitCard_PlaceOrderWithInstantApprovedDebitCard" storage="c:\loyaltywebtest\web\test\ui\loyaltyweb\loyaltywebtest\loyaltywebtest\bin\debug\nordstrom.web.test.ui.loyaltyweb.dll" id="f6a49cf4-cec6-b39d-0a74-ea69e0256c99">
      <Description>Verify that the  newly registered user is able to apply for a debit card and place an order with the instant approved debit card </Description>
      <TestCategory>
        <TestCategoryItem TestCategory="ApplyAndbuy EndToEnd" />
      </TestCategory>
      <DeploymentItems>
        <DeploymentItem filename="ExternalBinaries" outputDirectory=".\ExternalBinaries" />
        <DeploymentItem filename="TestData" outputDirectory=".\TestData" />
        <DeploymentItem filename="TestRunConfig" outputDirectory=".\TestRunConfig" />
      </DeploymentItems>
      <Execution id="b02ae592-66d7-4e05-a329-80a99f453f07" />
      <TestMethod codeBase="C:/LoyaltyWebTest/Web/Test/UI/LoyaltyWeb/LoyaltyWebTest/LoyaltyWebTest/bin/Debug/Nordstrom.Web.Test.UI.LoyaltyWeb.DLL" adapterTypeName="Microsoft.VisualStudio.TestTools.TestTypes.Unit.UnitTestAdapter, Microsoft.VisualStudio.QualityTools.Tips.UnitTest.Adapter, Version=12.0.0.0, Culture=neutral, PublicKeyToken=b03f5f7f11d50a3a" className="Nordstrom.Web.Test.UI.LoyaltyWeb.ApplyAndBuyTests, Nordstrom.Web.Test.UI.LoyaltyWeb, Version=1.0.0.0, Culture=neutral, PublicKeyToken=null" name="ApplyAndBuy_AuthenticatedNewUserApplyForDebitCard_PlaceOrderWithInstantApprovedDebitCard" />
    </UnitTest>
    <UnitTest name="TenderNeutralAssociation_RecognizedUserEnrolledFromStoreGoToWebAssociationPage_ShouldSucceed" storage="c:\loyaltywebtest\web\test\ui\loyaltyweb\loyaltywebtest\loyaltywebtest\bin\debug\nordstrom.web.test.ui.loyaltyweb.dll" id="0e2f18c3-d10a-4d1b-1605-98e29230b088">
      <Description>Verify that when recognized user enrolled into loyalty from Store goes to Association page, he can type in his email and phone number and associate to loyalty program.</Description>
      <TestCategory>
        <TestCategoryItem TestCategory="LoyaltyTenderNeutral Regression" />
        <TestCategoryItem TestCategory="ppp" />
      </TestCategory>
      <DeploymentItems>
        <DeploymentItem filename="ExternalBinaries" outputDirectory=".\ExternalBinaries" />
        <DeploymentItem filename="TestData" outputDirectory=".\TestData" />
        <DeploymentItem filename="TestRunConfig" outputDirectory=".\TestRunConfig" />
      </DeploymentItems>
      <Execution id="7626f34f-04e9-4827-8fd7-70ec84d3310e" />
      <TestMethod codeBase="C:/LoyaltyWebTest/Web/Test/UI/LoyaltyWeb/LoyaltyWebTest/LoyaltyWebTest/bin/Debug/Nordstrom.Web.Test.UI.LoyaltyWeb.DLL" adapterTypeName="Microsoft.VisualStudio.TestTools.TestTypes.Unit.UnitTestAdapter, Microsoft.VisualStudio.QualityTools.Tips.UnitTest.Adapter, Version=12.0.0.0, Culture=neutral, PublicKeyToken=b03f5f7f11d50a3a" className="Nordstrom.Web.Test.UI.LoyaltyWeb.LoyaltyAssociationTests, Nordstrom.Web.Test.UI.LoyaltyWeb, Version=1.0.0.0, Culture=neutral, PublicKeyToken=null" name="TenderNeutralAssociation_RecognizedUserEnrolledFromStoreGoToWebAssociationPage_ShouldSucceed" />
    </UnitTest>
    <UnitTest name="ApplyandBuy_GuestUserApplyForNewDebitCard_ShoppingSuccessfulWithNewDebitCardAddedToWallet" storage="c:\loyaltywebtest\web\test\ui\loyaltyweb\loyaltywebtest\loyaltywebtest\bin\debug\nordstrom.web.test.ui.loyaltyweb.dll" id="7e069a12-faf6-ada5-7c7e-730fdd13496c">
      <Description>Apply for Nordsrom Debit Card as a guest user, register after card confirmation and successfully place an order with newly added card to wallet</Description>
      <TestCategory>
        <TestCategoryItem TestCategory="ApplyAndbuy EndToEnd" />
      </TestCategory>
      <DeploymentItems>
        <DeploymentItem filename="ExternalBinaries" outputDirectory=".\ExternalBinaries" />
        <DeploymentItem filename="TestData" outputDirectory=".\TestData" />
        <DeploymentItem filename="TestRunConfig" outputDirectory=".\TestRunConfig" />
      </DeploymentItems>
      <Execution id="9d0bf143-3ad1-41fb-9b41-0000806e8da8" />
      <TestMethod codeBase="C:/LoyaltyWebTest/Web/Test/UI/LoyaltyWeb/LoyaltyWebTest/LoyaltyWebTest/bin/Debug/Nordstrom.Web.Test.UI.LoyaltyWeb.DLL" adapterTypeName="Microsoft.VisualStudio.TestTools.TestTypes.Unit.UnitTestAdapter, Microsoft.VisualStudio.QualityTools.Tips.UnitTest.Adapter, Version=12.0.0.0, Culture=neutral, PublicKeyToken=b03f5f7f11d50a3a" className="Nordstrom.Web.Test.UI.LoyaltyWeb.ApplyAndBuyTests, Nordstrom.Web.Test.UI.LoyaltyWeb, Version=1.0.0.0, Culture=neutral, PublicKeyToken=null" name="ApplyandBuy_GuestUserApplyForNewDebitCard_ShoppingSuccessfulWithNewDebitCardAddedToWallet" />
    </UnitTest>
    <UnitTest name="TenderNeutralAssociation_ClickOnLinksAndLogosRedirectedToCorresponingPageForAuthenticatedUser" storage="c:\loyaltywebtest\web\test\ui\loyaltyweb\loyaltywebtest\loyaltywebtest\bin\debug\nordstrom.web.test.ui.loyaltyweb.dll" id="420b8e42-f39e-d346-0c12-1e07533b1984">
      <Description>Authenticated user verifies the links and logos in success association page</Description>
      <TestCategory>
        <TestCategoryItem TestCategory="LoyaltyTenderNeutral Regression" />
        <TestCategoryItem TestCategory="ppp" />
      </TestCategory>
      <DeploymentItems>
        <DeploymentItem filename="ExternalBinaries" outputDirectory=".\ExternalBinaries" />
        <DeploymentItem filename="TestData" outputDirectory=".\TestData" />
        <DeploymentItem filename="TestRunConfig" outputDirectory=".\TestRunConfig" />
      </DeploymentItems>
      <Execution id="a7c42fbc-d002-4ce8-b8b5-2bcd266aa555" />
      <TestMethod codeBase="C:/LoyaltyWebTest/Web/Test/UI/LoyaltyWeb/LoyaltyWebTest/LoyaltyWebTest/bin/Debug/Nordstrom.Web.Test.UI.LoyaltyWeb.DLL" adapterTypeName="Microsoft.VisualStudio.TestTools.TestTypes.Unit.UnitTestAdapter, Microsoft.VisualStudio.QualityTools.Tips.UnitTest.Adapter, Version=12.0.0.0, Culture=neutral, PublicKeyToken=b03f5f7f11d50a3a" className="Nordstrom.Web.Test.UI.LoyaltyWeb.LoyaltyAssociationTests, Nordstrom.Web.Test.UI.LoyaltyWeb, Version=1.0.0.0, Culture=neutral, PublicKeyToken=null" name="TenderNeutralAssociation_ClickOnLinksAndLogosRedirectedToCorresponingPageForAuthenticatedUser" />
    </UnitTest>
    <UnitTest name="LoyaltyWelcomePage_NordstromLogo_ShouldRender" storage="c:\loyaltywebtest\web\test\ui\loyaltyweb\loyaltywebtest\loyaltywebtest\bin\debug\nordstrom.web.test.ui.loyaltyweb.dll" id="6e08402d-8997-90dc-9b66-886438ad27db">
      <Description>Nordstrom logo should navigate to the right URL</Description>
      <TestCategory>
        <TestCategoryItem TestCategory="Welcome" />
      </TestCategory>
      <DeploymentItems>
        <DeploymentItem filename="ExternalBinaries" outputDirectory=".\ExternalBinaries" />
        <DeploymentItem filename="TestData" outputDirectory=".\TestData" />
        <DeploymentItem filename="TestRunConfig" outputDirectory=".\TestRunConfig" />
      </DeploymentItems>
      <Execution id="547a4885-f05d-4b29-97f9-5a296618cdb7" />
      <TestMethod codeBase="C:/LoyaltyWebTest/Web/Test/UI/LoyaltyWeb/LoyaltyWebTest/LoyaltyWebTest/bin/Debug/Nordstrom.Web.Test.UI.LoyaltyWeb.DLL" adapterTypeName="Microsoft.VisualStudio.TestTools.TestTypes.Unit.UnitTestAdapter, Microsoft.VisualStudio.QualityTools.Tips.UnitTest.Adapter, Version=12.0.0.0, Culture=neutral, PublicKeyToken=b03f5f7f11d50a3a" className="Nordstrom.Web.Test.UI.LoyaltyWeb.LoyaltyWelcomeTests, Nordstrom.Web.Test.UI.LoyaltyWeb, Version=1.0.0.0, Culture=neutral, PublicKeyToken=null" name="LoyaltyWelcomePage_NordstromLogo_ShouldRender" />
    </UnitTest>
    <UnitTest name="TenderNeutralRewardsEnroll_LoyaltyTenderNeutralUnrecognisedUserLeaveLastNameFieldBlank_ErrorMessageDisplayedSuccessfully" storage="c:\loyaltywebtest\web\test\ui\loyaltyweb\loyaltywebtest\loyaltywebtest\bin\debug\nordstrom.web.test.ui.loyaltyweb.dll" id="cf957190-74f0-1644-0567-383976a0bbbf">
      <Description>Verify that error message appear for last name field when it is left blank for unrecognised user</Description>
      <TestCategory>
        <TestCategoryItem TestCategory="LoyaltyTenderNeutral Regression" />
        <TestCategoryItem TestCategory="LoyaltyWeb" />
      </TestCategory>
      <DeploymentItems>
        <DeploymentItem filename="ExternalBinaries" outputDirectory=".\ExternalBinaries" />
        <DeploymentItem filename="TestData" outputDirectory=".\TestData" />
        <DeploymentItem filename="TestRunConfig" outputDirectory=".\TestRunConfig" />
      </DeploymentItems>
      <Execution id="37af4d7c-b8c7-48c7-8771-fdc6694d2823" />
      <TestMethod codeBase="C:/LoyaltyWebTest/Web/Test/UI/LoyaltyWeb/LoyaltyWebTest/LoyaltyWebTest/bin/Debug/Nordstrom.Web.Test.UI.LoyaltyWeb.DLL" adapterTypeName="Microsoft.VisualStudio.TestTools.TestTypes.Unit.UnitTestAdapter, Microsoft.VisualStudio.QualityTools.Tips.UnitTest.Adapter, Version=12.0.0.0, Culture=neutral, PublicKeyToken=b03f5f7f11d50a3a" className="Nordstrom.Web.Test.UI.LoyaltyWeb.LoyaltyRegisterTests, Nordstrom.Web.Test.UI.LoyaltyWeb, Version=1.0.0.0, Culture=neutral, PublicKeyToken=null" name="TenderNeutralRewardsEnroll_LoyaltyTenderNeutralUnrecognisedUserLeaveLastNameFieldBlank_ErrorMessageDisplayedSuccessfully" />
    </UnitTest>
    <UnitTest name="TenderNeutralRewardsRegister_GuestUserRegistrationWithLongerPhoneNumber_ShouldGetErrorMessageButWebAccountCreatedSuccessfully" storage="c:\loyaltywebtest\web\test\ui\loyaltyweb\loyaltywebtest\loyaltywebtest\bin\debug\nordstrom.web.test.ui.loyaltyweb.dll" id="17fba494-c246-d3ef-ffcd-fd9dfdae82dd">
      <Description>Guest user enrolling with longer phone will get error message for enroll but create web account successfully.</Description>
      <TestCategory>
        <TestCategoryItem TestCategory="LoyaltyTenderNeutral Regression" />
      </TestCategory>
      <DeploymentItems>
        <DeploymentItem filename="ExternalBinaries" outputDirectory=".\ExternalBinaries" />
        <DeploymentItem filename="TestData" outputDirectory=".\TestData" />
        <DeploymentItem filename="TestRunConfig" outputDirectory=".\TestRunConfig" />
      </DeploymentItems>
      <Execution id="b354d0bd-fac7-4312-92f5-760160816660" />
      <TestMethod codeBase="C:/LoyaltyWebTest/Web/Test/UI/LoyaltyWeb/LoyaltyWebTest/LoyaltyWebTest/bin/Debug/Nordstrom.Web.Test.UI.LoyaltyWeb.DLL" adapterTypeName="Microsoft.VisualStudio.TestTools.TestTypes.Unit.UnitTestAdapter, Microsoft.VisualStudio.QualityTools.Tips.UnitTest.Adapter, Version=12.0.0.0, Culture=neutral, PublicKeyToken=b03f5f7f11d50a3a" className="Nordstrom.Web.Test.UI.LoyaltyWeb.LoyaltyRegisterTests, Nordstrom.Web.Test.UI.LoyaltyWeb, Version=1.0.0.0, Culture=neutral, PublicKeyToken=null" name="TenderNeutralRewardsRegister_GuestUserRegistrationWithLongerPhoneNumber_ShouldGetErrorMessageButWebAccountCreatedSuccessfully" />
    </UnitTest>
    <UnitTest name="TenderNeutralEnroll_When15MinutesPassWithoutAuthenticatedUserActivity_ExpectSessionTimeoutInfoShowAndUserInfoDisappear" storage="c:\loyaltywebtest\web\test\ui\loyaltyweb\loyaltywebtest\loyaltywebtest\bin\debug\nordstrom.web.test.ui.loyaltyweb.dll" id="988daa97-185a-b36c-e2bb-1662c7eee467">
      <Description>Verify that when 15 minutes pass without authenticated user input, session time out area is shown and existing user personal info disappear.</Description>
      <TestCategory>
        <TestCategoryItem TestCategory="LoyaltyTenderNeutral SensitiveData" />
      </TestCategory>
      <DeploymentItems>
        <DeploymentItem filename="ExternalBinaries" outputDirectory=".\ExternalBinaries" />
        <DeploymentItem filename="TestData" outputDirectory=".\TestData" />
        <DeploymentItem filename="TestRunConfig" outputDirectory=".\TestRunConfig" />
      </DeploymentItems>
      <Execution id="007cf172-7c7b-4ca8-9d7c-9e9b241bebb7" />
      <TestMethod codeBase="C:/LoyaltyWebTest/Web/Test/UI/LoyaltyWeb/LoyaltyWebTest/LoyaltyWebTest/bin/Debug/Nordstrom.Web.Test.UI.LoyaltyWeb.DLL" adapterTypeName="Microsoft.VisualStudio.TestTools.TestTypes.Unit.UnitTestAdapter, Microsoft.VisualStudio.QualityTools.Tips.UnitTest.Adapter, Version=12.0.0.0, Culture=neutral, PublicKeyToken=b03f5f7f11d50a3a" className="Nordstrom.Web.Test.UI.LoyaltyWeb.UserSensitiveDataCases, Nordstrom.Web.Test.UI.LoyaltyWeb, Version=1.0.0.0, Culture=neutral, PublicKeyToken=null" name="TenderNeutralEnroll_When15MinutesPassWithoutAuthenticatedUserActivity_ExpectSessionTimeoutInfoShowAndUserInfoDisappear" />
    </UnitTest>
    <UnitTest name="TenderNeutralRewardsRegister_TheUserWhoSucceedsInEnrollWithHisWebAccountEnrollsAgainWithSameWebAccount_ShouldFailBothEnrollAndAccountCreation" storage="c:\loyaltywebtest\web\test\ui\loyaltyweb\loyaltywebtest\loyaltywebtest\bin\debug\nordstrom.web.test.ui.loyaltyweb.dll" id="98f3ba08-a10b-9949-a79e-150238875d08">
      <Description>Guest user with enrollment account enrolls with same web account (connected with enrollment previously) should not succeed.</Description>
      <TestCategory>
        <TestCategoryItem TestCategory="LoyaltyTenderNeutral Regression" />
      </TestCategory>
      <DeploymentItems>
        <DeploymentItem filename="ExternalBinaries" outputDirectory=".\ExternalBinaries" />
        <DeploymentItem filename="TestData" outputDirectory=".\TestData" />
        <DeploymentItem filename="TestRunConfig" outputDirectory=".\TestRunConfig" />
      </DeploymentItems>
      <Execution id="353fa3f4-4ef4-487d-984b-eaa60e2b2239" />
      <TestMethod codeBase="C:/LoyaltyWebTest/Web/Test/UI/LoyaltyWeb/LoyaltyWebTest/LoyaltyWebTest/bin/Debug/Nordstrom.Web.Test.UI.LoyaltyWeb.DLL" adapterTypeName="Microsoft.VisualStudio.TestTools.TestTypes.Unit.UnitTestAdapter, Microsoft.VisualStudio.QualityTools.Tips.UnitTest.Adapter, Version=12.0.0.0, Culture=neutral, PublicKeyToken=b03f5f7f11d50a3a" className="Nordstrom.Web.Test.UI.LoyaltyWeb.LoyaltyRegisterTests, Nordstrom.Web.Test.UI.LoyaltyWeb, Version=1.0.0.0, Culture=neutral, PublicKeyToken=null" name="TenderNeutralRewardsRegister_TheUserWhoSucceedsInEnrollWithHisWebAccountEnrollsAgainWithSameWebAccount_ShouldFailBothEnrollAndAccountCreation" />
    </UnitTest>
    <UnitTest name="MobileVerificationPageModalPopupsValidation_GuestUserGetANewCodeModalContentValidation_GetANewCodeModalContentValidatedSuccessfully" storage="c:\loyaltywebtest\web\test\ui\loyaltyweb\loyaltywebtest\loyaltywebtest\bin\debug\nordstrom.web.test.ui.loyaltyweb.dll" id="d618c68d-88ae-88f4-1bc5-f56301e716ed">
      <Description>'Get a new code' Modal Popup verification and content validation for a guest user</Description>
      <TestCategory>
        <TestCategoryItem TestCategory="LoyaltyTenderNeutral Regression" />
      </TestCategory>
      <DeploymentItems>
        <DeploymentItem filename="ExternalBinaries" outputDirectory=".\ExternalBinaries" />
        <DeploymentItem filename="TestData" outputDirectory=".\TestData" />
        <DeploymentItem filename="TestRunConfig" outputDirectory=".\TestRunConfig" />
      </DeploymentItems>
      <Execution id="83f876d0-7bd1-456e-84ec-d1b62f4babdb" />
      <TestMethod codeBase="C:/LoyaltyWebTest/Web/Test/UI/LoyaltyWeb/LoyaltyWebTest/LoyaltyWebTest/bin/Debug/Nordstrom.Web.Test.UI.LoyaltyWeb.DLL" adapterTypeName="Microsoft.VisualStudio.TestTools.TestTypes.Unit.UnitTestAdapter, Microsoft.VisualStudio.QualityTools.Tips.UnitTest.Adapter, Version=12.0.0.0, Culture=neutral, PublicKeyToken=b03f5f7f11d50a3a" className="Nordstrom.Web.Test.UI.LoyaltyWeb.LoyaltyTenderNeutralMobileVerificationPageTests, Nordstrom.Web.Test.UI.LoyaltyWeb, Version=1.0.0.0, Culture=neutral, PublicKeyToken=null" name="MobileVerificationPageModalPopupsValidation_GuestUserGetANewCodeModalContentValidation_GetANewCodeModalContentValidatedSuccessfully" />
    </UnitTest>
    <UnitTest name="TenderNeutralAssociation_AuthenticatedUserEnrolledinLoyaltyFromServiceCenterToToWebAssociationPage_ShouldSucceed" storage="c:\loyaltywebtest\web\test\ui\loyaltyweb\loyaltywebtest\loyaltywebtest\bin\debug\nordstrom.web.test.ui.loyaltyweb.dll" id="e1e324d5-1895-b2a5-51fc-f5669f42b364">
      <Description>Verify that when authenticated user from Service Center loyalty enrollment program goes to Association page, he can type in his email and phone number and associate to loyalty program.</Description>
      <TestCategory>
        <TestCategoryItem TestCategory="Association" />
      </TestCategory>
      <DeploymentItems>
        <DeploymentItem filename="ExternalBinaries" outputDirectory=".\ExternalBinaries" />
        <DeploymentItem filename="TestData" outputDirectory=".\TestData" />
        <DeploymentItem filename="TestRunConfig" outputDirectory=".\TestRunConfig" />
      </DeploymentItems>
      <Execution id="06027402-2550-4286-ace9-155994b7dbb4" />
      <TestMethod codeBase="C:/LoyaltyWebTest/Web/Test/UI/LoyaltyWeb/LoyaltyWebTest/LoyaltyWebTest/bin/Debug/Nordstrom.Web.Test.UI.LoyaltyWeb.DLL" adapterTypeName="Microsoft.VisualStudio.TestTools.TestTypes.Unit.UnitTestAdapter, Microsoft.VisualStudio.QualityTools.Tips.UnitTest.Adapter, Version=12.0.0.0, Culture=neutral, PublicKeyToken=b03f5f7f11d50a3a" className="Nordstrom.Web.Test.UI.LoyaltyWeb.LoyaltyAssociationTests, Nordstrom.Web.Test.UI.LoyaltyWeb, Version=1.0.0.0, Culture=neutral, PublicKeyToken=null" name="TenderNeutralAssociation_AuthenticatedUserEnrolledinLoyaltyFromServiceCenterToToWebAssociationPage_ShouldSucceed" />
    </UnitTest>
    <UnitTest name="MobileVerificationPage_WhenEnrolledUserTypeValidDigitCode_ShouldLaunchWelcomePage" storage="c:\loyaltywebtest\web\test\ui\loyaltyweb\loyaltywebtest\loyaltywebtest\bin\debug\nordstrom.web.test.ui.loyaltyweb.dll" id="0292a43c-fff5-8a73-f216-496011be59f2">
      <Description>Enrolled User should redirect to welcome page after typing valid 6 digit code</Description>
      <TestCategory>
        <TestCategoryItem TestCategory="LoyaltyTenderNeutral Regression" />
        <TestCategoryItem TestCategory="Verification Regression" />
      </TestCategory>
      <DeploymentItems>
        <DeploymentItem filename="ExternalBinaries" outputDirectory=".\ExternalBinaries" />
        <DeploymentItem filename="TestData" outputDirectory=".\TestData" />
        <DeploymentItem filename="TestRunConfig" outputDirectory=".\TestRunConfig" />
      </DeploymentItems>
      <Execution id="e9b92d39-5bfd-458f-b3f5-76a207c43ee2" />
      <TestMethod codeBase="C:/LoyaltyWebTest/Web/Test/UI/LoyaltyWeb/LoyaltyWebTest/LoyaltyWebTest/bin/Debug/Nordstrom.Web.Test.UI.LoyaltyWeb.DLL" adapterTypeName="Microsoft.VisualStudio.TestTools.TestTypes.Unit.UnitTestAdapter, Microsoft.VisualStudio.QualityTools.Tips.UnitTest.Adapter, Version=12.0.0.0, Culture=neutral, PublicKeyToken=b03f5f7f11d50a3a" className="Nordstrom.Web.Test.UI.LoyaltyWeb.LoyaltyTenderNeutralMobileVerificationPageTests, Nordstrom.Web.Test.UI.LoyaltyWeb, Version=1.0.0.0, Culture=neutral, PublicKeyToken=null" name="MobileVerificationPage_WhenEnrolledUserTypeValidDigitCode_ShouldLaunchWelcomePage" />
    </UnitTest>
    <UnitTest name="TenderNeutralRewardsRegister_GuestUserEnrollWithExistingPhoneButDifferentEmailinEnrollProgram_ShouldFailInEnroll" storage="c:\loyaltywebtest\web\test\ui\loyaltyweb\loyaltywebtest\loyaltywebtest\bin\debug\nordstrom.web.test.ui.loyaltyweb.dll" id="156ad963-ef4e-d174-5b3c-8f7b12cb6828">
      <Description>Guest user enrolling with existing enroll phone number but different email would fail</Description>
      <TestCategory>
        <TestCategoryItem TestCategory="LoyaltyTenderNeutral Regression" />
      </TestCategory>
      <DeploymentItems>
        <DeploymentItem filename="ExternalBinaries" outputDirectory=".\ExternalBinaries" />
        <DeploymentItem filename="TestData" outputDirectory=".\TestData" />
        <DeploymentItem filename="TestRunConfig" outputDirectory=".\TestRunConfig" />
      </DeploymentItems>
      <Execution id="2e83087d-f04b-48ea-a456-7340b297a733" />
      <TestMethod codeBase="C:/LoyaltyWebTest/Web/Test/UI/LoyaltyWeb/LoyaltyWebTest/LoyaltyWebTest/bin/Debug/Nordstrom.Web.Test.UI.LoyaltyWeb.DLL" adapterTypeName="Microsoft.VisualStudio.TestTools.TestTypes.Unit.UnitTestAdapter, Microsoft.VisualStudio.QualityTools.Tips.UnitTest.Adapter, Version=12.0.0.0, Culture=neutral, PublicKeyToken=b03f5f7f11d50a3a" className="Nordstrom.Web.Test.UI.LoyaltyWeb.LoyaltyRegisterTests, Nordstrom.Web.Test.UI.LoyaltyWeb, Version=1.0.0.0, Culture=neutral, PublicKeyToken=null" name="TenderNeutralRewardsRegister_GuestUserEnrollWithExistingPhoneButDifferentEmailinEnrollProgram_ShouldFailInEnroll" />
    </UnitTest>
    <UnitTest name="ApplyAndBuy_NewlyRegisteredUserShoppingWithNewRetailCard_CardSucessfullyAddedToWallet" storage="c:\loyaltywebtest\web\test\ui\loyaltyweb\loyaltywebtest\loyaltywebtest\bin\debug\nordstrom.web.test.ui.loyaltyweb.dll" id="4a867fd7-5351-1b0b-fae9-ebba76d4f45c">
      <Description>Verify newly added Retail card and verify the newly added card in user account wallet</Description>
      <TestCategory>
        <TestCategoryItem TestCategory="ApplyAndBuy Regression" />
      </TestCategory>
      <DeploymentItems>
        <DeploymentItem filename="ExternalBinaries" outputDirectory=".\ExternalBinaries" />
        <DeploymentItem filename="TestData" outputDirectory=".\TestData" />
        <DeploymentItem filename="TestRunConfig" outputDirectory=".\TestRunConfig" />
      </DeploymentItems>
      <Execution id="c5e76387-ed0d-4834-991b-dc042d4e02e3" />
      <TestMethod codeBase="C:/LoyaltyWebTest/Web/Test/UI/LoyaltyWeb/LoyaltyWebTest/LoyaltyWebTest/bin/Debug/Nordstrom.Web.Test.UI.LoyaltyWeb.DLL" adapterTypeName="Microsoft.VisualStudio.TestTools.TestTypes.Unit.UnitTestAdapter, Microsoft.VisualStudio.QualityTools.Tips.UnitTest.Adapter, Version=12.0.0.0, Culture=neutral, PublicKeyToken=b03f5f7f11d50a3a" className="Nordstrom.Web.Test.UI.LoyaltyWeb.ApplyAndBuyTests, Nordstrom.Web.Test.UI.LoyaltyWeb, Version=1.0.0.0, Culture=neutral, PublicKeyToken=null" name="ApplyAndBuy_NewlyRegisteredUserShoppingWithNewRetailCard_CardSucessfullyAddedToWallet" />
    </UnitTest>
    <UnitTest name="SuccessAssociationPageModalPopupsValidation_GuestUserGetANewCodeModalContentValidation_GetANewCodeModalContentValidatedSuccessfully" storage="c:\loyaltywebtest\web\test\ui\loyaltyweb\loyaltywebtest\loyaltywebtest\bin\debug\nordstrom.web.test.ui.loyaltyweb.dll" id="d7776958-df7b-aafc-c999-c6ac276b3cb8">
      <Description>Get a new code Modal Popup Content Validation for Association mobile verification modal</Description>
      <TestCategory>
        <TestCategoryItem TestCategory="LoyaltyTenderNeutral Regression" />
      </TestCategory>
      <DeploymentItems>
        <DeploymentItem filename="ExternalBinaries" outputDirectory=".\ExternalBinaries" />
        <DeploymentItem filename="TestData" outputDirectory=".\TestData" />
        <DeploymentItem filename="TestRunConfig" outputDirectory=".\TestRunConfig" />
      </DeploymentItems>
      <Execution id="a6ba1417-82ae-4ed4-a389-49f19146eab6" />
      <TestMethod codeBase="C:/LoyaltyWebTest/Web/Test/UI/LoyaltyWeb/LoyaltyWebTest/LoyaltyWebTest/bin/Debug/Nordstrom.Web.Test.UI.LoyaltyWeb.DLL" adapterTypeName="Microsoft.VisualStudio.TestTools.TestTypes.Unit.UnitTestAdapter, Microsoft.VisualStudio.QualityTools.Tips.UnitTest.Adapter, Version=12.0.0.0, Culture=neutral, PublicKeyToken=b03f5f7f11d50a3a" className="Nordstrom.Web.Test.UI.LoyaltyWeb.LoyaltyTenderNeutralMobileVerificationPageTests, Nordstrom.Web.Test.UI.LoyaltyWeb, Version=1.0.0.0, Culture=neutral, PublicKeyToken=null" name="SuccessAssociationPageModalPopupsValidation_GuestUserGetANewCodeModalContentValidation_GetANewCodeModalContentValidatedSuccessfully" />
    </UnitTest>
    <UnitTest name="ApplyAndBuy_GuestUserApplyForNewDebitCardAndSignInAfterConfirmationAsNewUser_CardSuccessfullyAddedToWallet" storage="c:\loyaltywebtest\web\test\ui\loyaltyweb\loyaltywebtest\loyaltywebtest\bin\debug\nordstrom.web.test.ui.loyaltyweb.dll" id="5e292389-75cf-17f7-6636-b9ebbfaf2ab9">
      <Description>Apply for a debit card as a guest user, signing in as a new user the confirmation page and verifying the account summary for the newly added instant approved card</Description>
      <TestCategory>
        <TestCategoryItem TestCategory="ApplyAndBuy Regression" />
      </TestCategory>
      <DeploymentItems>
        <DeploymentItem filename="ExternalBinaries" outputDirectory=".\ExternalBinaries" />
        <DeploymentItem filename="TestData" outputDirectory=".\TestData" />
        <DeploymentItem filename="TestRunConfig" outputDirectory=".\TestRunConfig" />
      </DeploymentItems>
      <Execution id="739686fd-bb64-4c13-a468-e3d7d8d1126c" />
      <TestMethod codeBase="C:/LoyaltyWebTest/Web/Test/UI/LoyaltyWeb/LoyaltyWebTest/LoyaltyWebTest/bin/Debug/Nordstrom.Web.Test.UI.LoyaltyWeb.DLL" adapterTypeName="Microsoft.VisualStudio.TestTools.TestTypes.Unit.UnitTestAdapter, Microsoft.VisualStudio.QualityTools.Tips.UnitTest.Adapter, Version=12.0.0.0, Culture=neutral, PublicKeyToken=b03f5f7f11d50a3a" className="Nordstrom.Web.Test.UI.LoyaltyWeb.ApplyAndBuyTests, Nordstrom.Web.Test.UI.LoyaltyWeb, Version=1.0.0.0, Culture=neutral, PublicKeyToken=null" name="ApplyAndBuy_GuestUserApplyForNewDebitCardAndSignInAfterConfirmationAsNewUser_CardSuccessfullyAddedToWallet" />
    </UnitTest>
    <UnitTest name="ApplyAndBuy_GuestUserShoppingDebit_ShouldBeAbleToDeclineTheOffer" storage="c:\loyaltywebtest\web\test\ui\loyaltyweb\loyaltywebtest\loyaltywebtest\bin\debug\nordstrom.web.test.ui.loyaltyweb.dll" id="b7c85bb0-32db-7de4-90bc-36d9f89bd678">
      <Description>Verify guest user can shop debit card successfully.</Description>
      <TestCategory>
        <TestCategoryItem TestCategory="ApplyAndBuy Regression" />
      </TestCategory>
      <DeploymentItems>
        <DeploymentItem filename="ExternalBinaries" outputDirectory=".\ExternalBinaries" />
        <DeploymentItem filename="TestData" outputDirectory=".\TestData" />
        <DeploymentItem filename="TestRunConfig" outputDirectory=".\TestRunConfig" />
      </DeploymentItems>
      <Execution id="1b4fc7d8-ab9d-4de0-936e-c23047bbb716" />
      <TestMethod codeBase="C:/LoyaltyWebTest/Web/Test/UI/LoyaltyWeb/LoyaltyWebTest/LoyaltyWebTest/bin/Debug/Nordstrom.Web.Test.UI.LoyaltyWeb.DLL" adapterTypeName="Microsoft.VisualStudio.TestTools.TestTypes.Unit.UnitTestAdapter, Microsoft.VisualStudio.QualityTools.Tips.UnitTest.Adapter, Version=12.0.0.0, Culture=neutral, PublicKeyToken=b03f5f7f11d50a3a" className="Nordstrom.Web.Test.UI.LoyaltyWeb.ApplyAndBuyTests, Nordstrom.Web.Test.UI.LoyaltyWeb, Version=1.0.0.0, Culture=neutral, PublicKeyToken=null" name="ApplyAndBuy_GuestUserShoppingDebit_ShouldBeAbleToDeclineTheOffer" />
    </UnitTest>
    <UnitTest name="TenderNeutralRewardsRegister_RecognizedUserEnrollWithWrongPassword_ShouldFailInEnroll" storage="c:\loyaltywebtest\web\test\ui\loyaltyweb\loyaltywebtest\loyaltywebtest\bin\debug\nordstrom.web.test.ui.loyaltyweb.dll" id="3436681d-5283-dca4-7aad-db3743bc4bf6">
      <Description>Recognized user enrolling with wrong password would not succeed in enrollment.</Description>
      <TestCategory>
        <TestCategoryItem TestCategory="LoyaltyTenderNeutral Regression" />
      </TestCategory>
      <DeploymentItems>
        <DeploymentItem filename="ExternalBinaries" outputDirectory=".\ExternalBinaries" />
        <DeploymentItem filename="TestData" outputDirectory=".\TestData" />
        <DeploymentItem filename="TestRunConfig" outputDirectory=".\TestRunConfig" />
      </DeploymentItems>
      <Execution id="0a1670c0-19a8-4310-8d41-35f529cec930" />
      <TestMethod codeBase="C:/LoyaltyWebTest/Web/Test/UI/LoyaltyWeb/LoyaltyWebTest/LoyaltyWebTest/bin/Debug/Nordstrom.Web.Test.UI.LoyaltyWeb.DLL" adapterTypeName="Microsoft.VisualStudio.TestTools.TestTypes.Unit.UnitTestAdapter, Microsoft.VisualStudio.QualityTools.Tips.UnitTest.Adapter, Version=12.0.0.0, Culture=neutral, PublicKeyToken=b03f5f7f11d50a3a" className="Nordstrom.Web.Test.UI.LoyaltyWeb.LoyaltyRegisterTests, Nordstrom.Web.Test.UI.LoyaltyWeb, Version=1.0.0.0, Culture=neutral, PublicKeyToken=null" name="TenderNeutralRewardsRegister_RecognizedUserEnrollWithWrongPassword_ShouldFailInEnroll" />
    </UnitTest>
    <UnitTest name="ApplyAndBuy_GuestUserApplyForNewVisaCardAndRegisterAfterCardConfirmation_CardSuccessfullyAddedToWallet" storage="c:\loyaltywebtest\web\test\ui\loyaltyweb\loyaltywebtest\loyaltywebtest\bin\debug\nordstrom.web.test.ui.loyaltyweb.dll" id="6a2c3389-c188-4773-e10b-4e29b62bf4bc">
      <Description>Apply for Nordsrom Visa Credit Card as a guest user, register after card confirmation and successfully verify that card is added to wallet</Description>
      <TestCategory>
        <TestCategoryItem TestCategory="ApplyAndBuy Regression" />
      </TestCategory>
      <DeploymentItems>
        <DeploymentItem filename="ExternalBinaries" outputDirectory=".\ExternalBinaries" />
        <DeploymentItem filename="TestData" outputDirectory=".\TestData" />
        <DeploymentItem filename="TestRunConfig" outputDirectory=".\TestRunConfig" />
      </DeploymentItems>
      <Execution id="c757b37a-f4da-480f-a8a1-da61fbbed419" />
      <TestMethod codeBase="C:/LoyaltyWebTest/Web/Test/UI/LoyaltyWeb/LoyaltyWebTest/LoyaltyWebTest/bin/Debug/Nordstrom.Web.Test.UI.LoyaltyWeb.DLL" adapterTypeName="Microsoft.VisualStudio.TestTools.TestTypes.Unit.UnitTestAdapter, Microsoft.VisualStudio.QualityTools.Tips.UnitTest.Adapter, Version=12.0.0.0, Culture=neutral, PublicKeyToken=b03f5f7f11d50a3a" className="Nordstrom.Web.Test.UI.LoyaltyWeb.ApplyAndBuyTests, Nordstrom.Web.Test.UI.LoyaltyWeb, Version=1.0.0.0, Culture=neutral, PublicKeyToken=null" name="ApplyAndBuy_GuestUserApplyForNewVisaCardAndRegisterAfterCardConfirmation_CardSuccessfullyAddedToWallet" />
    </UnitTest>
    <UnitTest name="TenderNeutralRewardsEnroll_MarketingPreferenceForAuthenticatedUser_MarketingPreferenceNotDisplayed" storage="c:\loyaltywebtest\web\test\ui\loyaltyweb\loyaltywebtest\loyaltywebtest\bin\debug\nordstrom.web.test.ui.loyaltyweb.dll" id="d4223cb2-795f-acc3-97c9-3a959ae1fbec">
      <Description>Verify that the marketing preference is not displayed on Loyalty enroll page for a N.com registered authenticated user</Description>
      <TestCategory>
        <TestCategoryItem TestCategory="LoyaltyTenderNeutralMarketingPreference" />
        <TestCategoryItem TestCategory="LoyaltyTenderNeutral Regression" />
        <TestCategoryItem TestCategory="LoyaltyWeb" />
      </TestCategory>
      <DeploymentItems>
        <DeploymentItem filename="ExternalBinaries" outputDirectory=".\ExternalBinaries" />
        <DeploymentItem filename="TestData" outputDirectory=".\TestData" />
        <DeploymentItem filename="TestRunConfig" outputDirectory=".\TestRunConfig" />
      </DeploymentItems>
      <Execution id="fea03bd5-93b9-4d45-9261-7f66453edb96" />
      <TestMethod codeBase="C:/LoyaltyWebTest/Web/Test/UI/LoyaltyWeb/LoyaltyWebTest/LoyaltyWebTest/bin/Debug/Nordstrom.Web.Test.UI.LoyaltyWeb.DLL" adapterTypeName="Microsoft.VisualStudio.TestTools.TestTypes.Unit.UnitTestAdapter, Microsoft.VisualStudio.QualityTools.Tips.UnitTest.Adapter, Version=12.0.0.0, Culture=neutral, PublicKeyToken=b03f5f7f11d50a3a" className="Nordstrom.Web.Test.UI.LoyaltyWeb.LoyaltyRegisterTests, Nordstrom.Web.Test.UI.LoyaltyWeb, Version=1.0.0.0, Culture=neutral, PublicKeyToken=null" name="TenderNeutralRewardsEnroll_MarketingPreferenceForAuthenticatedUser_MarketingPreferenceNotDisplayed" />
    </UnitTest>
    <UnitTest name="ApplyAndBuy_AuthenticatedUserShoppingForRetailCard_ShouldGetReferralMessage" storage="c:\loyaltywebtest\web\test\ui\loyaltyweb\loyaltywebtest\loyaltywebtest\bin\debug\nordstrom.web.test.ui.loyaltyweb.dll" id="e4a64364-519b-8322-a7f4-93d5e3084e40">
      <Description>Verify authenticated user would shop retail card unsuccessfully.</Description>
      <TestCategory>
        <TestCategoryItem TestCategory="ApplyAndBuy Regression" />
      </TestCategory>
      <DeploymentItems>
        <DeploymentItem filename="ExternalBinaries" outputDirectory=".\ExternalBinaries" />
        <DeploymentItem filename="TestData" outputDirectory=".\TestData" />
        <DeploymentItem filename="TestRunConfig" outputDirectory=".\TestRunConfig" />
      </DeploymentItems>
      <Execution id="70204a6c-828b-465d-b983-92df03a3b3c6" />
      <TestMethod codeBase="C:/LoyaltyWebTest/Web/Test/UI/LoyaltyWeb/LoyaltyWebTest/LoyaltyWebTest/bin/Debug/Nordstrom.Web.Test.UI.LoyaltyWeb.DLL" adapterTypeName="Microsoft.VisualStudio.TestTools.TestTypes.Unit.UnitTestAdapter, Microsoft.VisualStudio.QualityTools.Tips.UnitTest.Adapter, Version=12.0.0.0, Culture=neutral, PublicKeyToken=b03f5f7f11d50a3a" className="Nordstrom.Web.Test.UI.LoyaltyWeb.ApplyAndBuyTests, Nordstrom.Web.Test.UI.LoyaltyWeb, Version=1.0.0.0, Culture=neutral, PublicKeyToken=null" name="ApplyAndBuy_AuthenticatedUserShoppingForRetailCard_ShouldGetReferralMessage" />
    </UnitTest>
    <UnitTest name="TenderNeutralRewardsEnroll_EnrollingRecognizedUser_ShouldPassInEnroll" storage="c:\loyaltywebtest\web\test\ui\loyaltyweb\loyaltywebtest\loyaltywebtest\bin\debug\nordstrom.web.test.ui.loyaltyweb.dll" id="1162438d-489e-5b8c-425b-42278f400ae0">
      <Description>Verify the creation of a new loyalty web account for a N.com recognized user</Description>
      <TestCategory>
        <TestCategoryItem TestCategory="LoyaltyTenderNeutralUserAcceptance" />
        <TestCategoryItem TestCategory="LoyaltyWeb" />
      </TestCategory>
      <DeploymentItems>
        <DeploymentItem filename="ExternalBinaries" outputDirectory=".\ExternalBinaries" />
        <DeploymentItem filename="TestData" outputDirectory=".\TestData" />
        <DeploymentItem filename="TestRunConfig" outputDirectory=".\TestRunConfig" />
      </DeploymentItems>
      <Execution id="78780864-6b86-439f-b7c5-59c1c340a56b" />
      <TestMethod codeBase="C:/LoyaltyWebTest/Web/Test/UI/LoyaltyWeb/LoyaltyWebTest/LoyaltyWebTest/bin/Debug/Nordstrom.Web.Test.UI.LoyaltyWeb.DLL" adapterTypeName="Microsoft.VisualStudio.TestTools.TestTypes.Unit.UnitTestAdapter, Microsoft.VisualStudio.QualityTools.Tips.UnitTest.Adapter, Version=12.0.0.0, Culture=neutral, PublicKeyToken=b03f5f7f11d50a3a" className="Nordstrom.Web.Test.UI.LoyaltyWeb.LoyaltyRegisterTests, Nordstrom.Web.Test.UI.LoyaltyWeb, Version=1.0.0.0, Culture=neutral, PublicKeyToken=null" name="TenderNeutralRewardsEnroll_EnrollingRecognizedUser_ShouldPassInEnroll" />
    </UnitTest>
    <UnitTest name="ApplyAndBuy_RegisteredUserNavigationToRetailCardConfirmationAndPageHeaderAndFooterLinksVerification_HeaderAndFooterLinksVerifiedSuccessfully" storage="c:\loyaltywebtest\web\test\ui\loyaltyweb\loyaltywebtest\loyaltywebtest\bin\debug\nordstrom.web.test.ui.loyaltyweb.dll" id="968d66bd-881b-d4d7-de09-4a1507bf6626">
      <Description>Apply for Nordsrom Retail Credit Card as a registered authenticated user and  verify header and footer links on card confirmation page</Description>
      <TestCategory>
        <TestCategoryItem TestCategory="ApplyAndBuy Regression" />
      </TestCategory>
      <DeploymentItems>
        <DeploymentItem filename="ExternalBinaries" outputDirectory=".\ExternalBinaries" />
        <DeploymentItem filename="TestData" outputDirectory=".\TestData" />
        <DeploymentItem filename="TestRunConfig" outputDirectory=".\TestRunConfig" />
      </DeploymentItems>
      <Execution id="360f22ba-4488-4e4c-a189-e09ad4c79e3c" />
      <TestMethod codeBase="C:/LoyaltyWebTest/Web/Test/UI/LoyaltyWeb/LoyaltyWebTest/LoyaltyWebTest/bin/Debug/Nordstrom.Web.Test.UI.LoyaltyWeb.DLL" adapterTypeName="Microsoft.VisualStudio.TestTools.TestTypes.Unit.UnitTestAdapter, Microsoft.VisualStudio.QualityTools.Tips.UnitTest.Adapter, Version=12.0.0.0, Culture=neutral, PublicKeyToken=b03f5f7f11d50a3a" className="Nordstrom.Web.Test.UI.LoyaltyWeb.ApplyAndBuyTests, Nordstrom.Web.Test.UI.LoyaltyWeb, Version=1.0.0.0, Culture=neutral, PublicKeyToken=null" name="ApplyAndBuy_RegisteredUserNavigationToRetailCardConfirmationAndPageHeaderAndFooterLinksVerification_HeaderAndFooterLinksVerifiedSuccessfully" />
    </UnitTest>
    <UnitTest name="ApplyAndBuy_AuthenticatedNewUserDeclineBothCards_SuccessfulNavigationToHomePage" storage="c:\loyaltywebtest\web\test\ui\loyaltyweb\loyaltywebtest\loyaltywebtest\bin\debug\nordstrom.web.test.ui.loyaltyweb.dll" id="2f9c7d3e-50f0-a4e8-8d75-483f3e9925ac">
      <Description>Verify that the newly registered user is taken to the home page on clicking the decline both cards link from the credit card offer page for visa and retail cards</Description>
      <TestCategory>
        <TestCategoryItem TestCategory="ApplyAndBuy Regression" />
      </TestCategory>
      <DeploymentItems>
        <DeploymentItem filename="ExternalBinaries" outputDirectory=".\ExternalBinaries" />
        <DeploymentItem filename="TestData" outputDirectory=".\TestData" />
        <DeploymentItem filename="TestRunConfig" outputDirectory=".\TestRunConfig" />
      </DeploymentItems>
      <Execution id="f62df4cb-b3da-4437-ad6c-664b0beac72e" />
      <TestMethod codeBase="C:/LoyaltyWebTest/Web/Test/UI/LoyaltyWeb/LoyaltyWebTest/LoyaltyWebTest/bin/Debug/Nordstrom.Web.Test.UI.LoyaltyWeb.DLL" adapterTypeName="Microsoft.VisualStudio.TestTools.TestTypes.Unit.UnitTestAdapter, Microsoft.VisualStudio.QualityTools.Tips.UnitTest.Adapter, Version=12.0.0.0, Culture=neutral, PublicKeyToken=b03f5f7f11d50a3a" className="Nordstrom.Web.Test.UI.LoyaltyWeb.ApplyAndBuyTests, Nordstrom.Web.Test.UI.LoyaltyWeb, Version=1.0.0.0, Culture=neutral, PublicKeyToken=null" name="ApplyAndBuy_AuthenticatedNewUserDeclineBothCards_SuccessfulNavigationToHomePage" />
    </UnitTest>
    <UnitTest name="ApplyAndBuy_AuthenticatedNewUserApplyForVisaCard_PlaceOrderWithInstantApprovedVisaCard" storage="c:\loyaltywebtest\web\test\ui\loyaltyweb\loyaltywebtest\loyaltywebtest\bin\debug\nordstrom.web.test.ui.loyaltyweb.dll" id="aa92acb1-a65f-4dde-5291-62a954d9ed84">
      <Description>Verify that the  newly registered user is able to apply for a visa card and place an order with the instant approved visa card </Description>
      <TestCategory>
        <TestCategoryItem TestCategory="ApplyAndbuy EndToEnd" />
      </TestCategory>
      <DeploymentItems>
        <DeploymentItem filename="ExternalBinaries" outputDirectory=".\ExternalBinaries" />
        <DeploymentItem filename="TestData" outputDirectory=".\TestData" />
        <DeploymentItem filename="TestRunConfig" outputDirectory=".\TestRunConfig" />
      </DeploymentItems>
      <Execution id="c2f9312d-3371-4417-8e0d-f83933bb1c51" />
      <TestMethod codeBase="C:/LoyaltyWebTest/Web/Test/UI/LoyaltyWeb/LoyaltyWebTest/LoyaltyWebTest/bin/Debug/Nordstrom.Web.Test.UI.LoyaltyWeb.DLL" adapterTypeName="Microsoft.VisualStudio.TestTools.TestTypes.Unit.UnitTestAdapter, Microsoft.VisualStudio.QualityTools.Tips.UnitTest.Adapter, Version=12.0.0.0, Culture=neutral, PublicKeyToken=b03f5f7f11d50a3a" className="Nordstrom.Web.Test.UI.LoyaltyWeb.ApplyAndBuyTests, Nordstrom.Web.Test.UI.LoyaltyWeb, Version=1.0.0.0, Culture=neutral, PublicKeyToken=null" name="ApplyAndBuy_AuthenticatedNewUserApplyForVisaCard_PlaceOrderWithInstantApprovedVisaCard" />
    </UnitTest>
    <UnitTest name="TenderNeutralRewardsRegister_MarketingPreferenceUpdateCheckedDuringTenderNeutralEnrollment_MarketingPreferenceSuccessfulUpdateToYesForNordAccount" storage="c:\loyaltywebtest\web\test\ui\loyaltyweb\loyaltywebtest\loyaltywebtest\bin\debug\nordstrom.web.test.ui.loyaltyweb.dll" id="21295eb5-b67c-57fc-2827-af49702d43cb">
      <Description>Verify that Nordstrom email marketing preference is updated to yes while creating a nordtrom tender neutral rewards account</Description>
      <TestCategory>
        <TestCategoryItem TestCategory="LoyaltyTenderNeutralMarketingPreference" />
        <TestCategoryItem TestCategory="LoyaltyTenderNeutral Regression" />
        <TestCategoryItem TestCategory="LoyaltyWeb" />
      </TestCategory>
      <DeploymentItems>
        <DeploymentItem filename="ExternalBinaries" outputDirectory=".\ExternalBinaries" />
        <DeploymentItem filename="TestData" outputDirectory=".\TestData" />
        <DeploymentItem filename="TestRunConfig" outputDirectory=".\TestRunConfig" />
      </DeploymentItems>
      <Execution id="3e12664a-15c5-4f55-948e-3d4be9712968" />
      <TestMethod codeBase="C:/LoyaltyWebTest/Web/Test/UI/LoyaltyWeb/LoyaltyWebTest/LoyaltyWebTest/bin/Debug/Nordstrom.Web.Test.UI.LoyaltyWeb.DLL" adapterTypeName="Microsoft.VisualStudio.TestTools.TestTypes.Unit.UnitTestAdapter, Microsoft.VisualStudio.QualityTools.Tips.UnitTest.Adapter, Version=12.0.0.0, Culture=neutral, PublicKeyToken=b03f5f7f11d50a3a" className="Nordstrom.Web.Test.UI.LoyaltyWeb.LoyaltyRegisterTests, Nordstrom.Web.Test.UI.LoyaltyWeb, Version=1.0.0.0, Culture=neutral, PublicKeyToken=null" name="TenderNeutralRewardsRegister_MarketingPreferenceUpdateCheckedDuringTenderNeutralEnrollment_MarketingPreferenceSuccessfulUpdateToYesForNordAccount" />
    </UnitTest>
    <UnitTest name="ApplyAndBuy_NewlyRegisteredUserShoppingWithNewVisaCard_OrderSuccessfullyPlacedWithNewVisaCard" storage="c:\loyaltywebtest\web\test\ui\loyaltyweb\loyaltywebtest\loyaltywebtest\bin\debug\nordstrom.web.test.ui.loyaltyweb.dll" id="f893727f-a97f-c3cb-2a9a-9aa48c01d2da">
      <Description>Verify newly added VISA card and place an Order as a newly created user</Description>
      <TestCategory>
        <TestCategoryItem TestCategory="ApplyAndbuy EndToEnd" />
      </TestCategory>
      <DeploymentItems>
        <DeploymentItem filename="ExternalBinaries" outputDirectory=".\ExternalBinaries" />
        <DeploymentItem filename="TestData" outputDirectory=".\TestData" />
        <DeploymentItem filename="TestRunConfig" outputDirectory=".\TestRunConfig" />
      </DeploymentItems>
      <Execution id="ce8ce387-c8fb-40b0-9ce3-e3e5b8d53153" />
      <TestMethod codeBase="C:/LoyaltyWebTest/Web/Test/UI/LoyaltyWeb/LoyaltyWebTest/LoyaltyWebTest/bin/Debug/Nordstrom.Web.Test.UI.LoyaltyWeb.DLL" adapterTypeName="Microsoft.VisualStudio.TestTools.TestTypes.Unit.UnitTestAdapter, Microsoft.VisualStudio.QualityTools.Tips.UnitTest.Adapter, Version=12.0.0.0, Culture=neutral, PublicKeyToken=b03f5f7f11d50a3a" className="Nordstrom.Web.Test.UI.LoyaltyWeb.ApplyAndBuyTests, Nordstrom.Web.Test.UI.LoyaltyWeb, Version=1.0.0.0, Culture=neutral, PublicKeyToken=null" name="ApplyAndBuy_NewlyRegisteredUserShoppingWithNewVisaCard_OrderSuccessfullyPlacedWithNewVisaCard" />
    </UnitTest>
    <UnitTest name="LoyaltyWelcomePage_RackLogo_ShouldRender" storage="c:\loyaltywebtest\web\test\ui\loyaltyweb\loyaltywebtest\loyaltywebtest\bin\debug\nordstrom.web.test.ui.loyaltyweb.dll" id="c03a005c-b69d-99fa-b651-b26bd5d00566">
      <Description>rack Logo should navigate to the right url</Description>
      <TestCategory>
        <TestCategoryItem TestCategory="Welcome" />
      </TestCategory>
      <DeploymentItems>
        <DeploymentItem filename="ExternalBinaries" outputDirectory=".\ExternalBinaries" />
        <DeploymentItem filename="TestData" outputDirectory=".\TestData" />
        <DeploymentItem filename="TestRunConfig" outputDirectory=".\TestRunConfig" />
      </DeploymentItems>
      <Execution id="075aadda-46bc-4f70-be6a-6d3016ffd7f7" />
      <TestMethod codeBase="C:/LoyaltyWebTest/Web/Test/UI/LoyaltyWeb/LoyaltyWebTest/LoyaltyWebTest/bin/Debug/Nordstrom.Web.Test.UI.LoyaltyWeb.DLL" adapterTypeName="Microsoft.VisualStudio.TestTools.TestTypes.Unit.UnitTestAdapter, Microsoft.VisualStudio.QualityTools.Tips.UnitTest.Adapter, Version=12.0.0.0, Culture=neutral, PublicKeyToken=b03f5f7f11d50a3a" className="Nordstrom.Web.Test.UI.LoyaltyWeb.LoyaltyWelcomeTests, Nordstrom.Web.Test.UI.LoyaltyWeb, Version=1.0.0.0, Culture=neutral, PublicKeyToken=null" name="LoyaltyWelcomePage_RackLogo_ShouldRender" />
    </UnitTest>
    <UnitTest name="ApplyAndBuy_GuestUserApplyNewVisaCardAndSignInAfterConfirmation_CardSuccessfullyAddedToWallet" storage="c:\loyaltywebtest\web\test\ui\loyaltyweb\loyaltywebtest\loyaltywebtest\bin\debug\nordstrom.web.test.ui.loyaltyweb.dll" id="66d904d5-b7a6-fdbc-78da-2fd7a37dff81">
      <Description>Apply for nordstrom visa card as a guest user and sign in as an new user and verify the newly added card in user account wallet</Description>
      <TestCategory>
        <TestCategoryItem TestCategory="ApplyAndBuy Regression" />
      </TestCategory>
      <DeploymentItems>
        <DeploymentItem filename="ExternalBinaries" outputDirectory=".\ExternalBinaries" />
        <DeploymentItem filename="TestData" outputDirectory=".\TestData" />
        <DeploymentItem filename="TestRunConfig" outputDirectory=".\TestRunConfig" />
      </DeploymentItems>
      <Execution id="478c17b6-9cbf-4248-aec6-2cfea86e2d37" />
      <TestMethod codeBase="C:/LoyaltyWebTest/Web/Test/UI/LoyaltyWeb/LoyaltyWebTest/LoyaltyWebTest/bin/Debug/Nordstrom.Web.Test.UI.LoyaltyWeb.DLL" adapterTypeName="Microsoft.VisualStudio.TestTools.TestTypes.Unit.UnitTestAdapter, Microsoft.VisualStudio.QualityTools.Tips.UnitTest.Adapter, Version=12.0.0.0, Culture=neutral, PublicKeyToken=b03f5f7f11d50a3a" className="Nordstrom.Web.Test.UI.LoyaltyWeb.ApplyAndBuyTests, Nordstrom.Web.Test.UI.LoyaltyWeb, Version=1.0.0.0, Culture=neutral, PublicKeyToken=null" name="ApplyAndBuy_GuestUserApplyNewVisaCardAndSignInAfterConfirmation_CardSuccessfullyAddedToWallet" />
    </UnitTest>
    <UnitTest name="TenderNeutralAssociation_WebAssociatedEnrolledCustomerComesToAssociationPageAsRegisteredUser_ShouldGetYouAreSetMessage" storage="c:\loyaltywebtest\web\test\ui\loyaltyweb\loyaltywebtest\loyaltywebtest\bin\debug\nordstrom.web.test.ui.loyaltyweb.dll" id="460c058b-7131-2fcc-6c34-dc0936a6c442">
      <Description>When web associated customer wants to associate again in registered sign in state, he got the all set message.</Description>
      <TestCategory>
        <TestCategoryItem TestCategory="Association" />
      </TestCategory>
      <DeploymentItems>
        <DeploymentItem filename="ExternalBinaries" outputDirectory=".\ExternalBinaries" />
        <DeploymentItem filename="TestData" outputDirectory=".\TestData" />
        <DeploymentItem filename="TestRunConfig" outputDirectory=".\TestRunConfig" />
      </DeploymentItems>
      <Execution id="728c0f51-c1a8-4a06-b0ec-2fd0e2b7fb2b" />
      <TestMethod codeBase="C:/LoyaltyWebTest/Web/Test/UI/LoyaltyWeb/LoyaltyWebTest/LoyaltyWebTest/bin/Debug/Nordstrom.Web.Test.UI.LoyaltyWeb.DLL" adapterTypeName="Microsoft.VisualStudio.TestTools.TestTypes.Unit.UnitTestAdapter, Microsoft.VisualStudio.QualityTools.Tips.UnitTest.Adapter, Version=12.0.0.0, Culture=neutral, PublicKeyToken=b03f5f7f11d50a3a" className="Nordstrom.Web.Test.UI.LoyaltyWeb.LoyaltyAssociationTests, Nordstrom.Web.Test.UI.LoyaltyWeb, Version=1.0.0.0, Culture=neutral, PublicKeyToken=null" name="TenderNeutralAssociation_WebAssociatedEnrolledCustomerComesToAssociationPageAsRegisteredUser_ShouldGetYouAreSetMessage" />
    </UnitTest>
    <UnitTest name="ApplyAndBuy_NewlyRegisteredUserShoppingWithNewRetailCard_OrderSuccessfullyPlacedWithNewRetailCard" storage="c:\loyaltywebtest\web\test\ui\loyaltyweb\loyaltywebtest\loyaltywebtest\bin\debug\nordstrom.web.test.ui.loyaltyweb.dll" id="cbf9b4ca-09be-98f7-9cf0-92684d4c487c">
      <Description>Verify newly added Retail card and place an Order as a newly created user</Description>
      <TestCategory>
        <TestCategoryItem TestCategory="ApplyAndbuy EndToEnd" />
      </TestCategory>
      <DeploymentItems>
        <DeploymentItem filename="ExternalBinaries" outputDirectory=".\ExternalBinaries" />
        <DeploymentItem filename="TestData" outputDirectory=".\TestData" />
        <DeploymentItem filename="TestRunConfig" outputDirectory=".\TestRunConfig" />
      </DeploymentItems>
      <Execution id="07fa740d-a2d1-451c-88e0-bc853bbb1935" />
      <TestMethod codeBase="C:/LoyaltyWebTest/Web/Test/UI/LoyaltyWeb/LoyaltyWebTest/LoyaltyWebTest/bin/Debug/Nordstrom.Web.Test.UI.LoyaltyWeb.DLL" adapterTypeName="Microsoft.VisualStudio.TestTools.TestTypes.Unit.UnitTestAdapter, Microsoft.VisualStudio.QualityTools.Tips.UnitTest.Adapter, Version=12.0.0.0, Culture=neutral, PublicKeyToken=b03f5f7f11d50a3a" className="Nordstrom.Web.Test.UI.LoyaltyWeb.ApplyAndBuyTests, Nordstrom.Web.Test.UI.LoyaltyWeb, Version=1.0.0.0, Culture=neutral, PublicKeyToken=null" name="ApplyAndBuy_NewlyRegisteredUserShoppingWithNewRetailCard_OrderSuccessfullyPlacedWithNewRetailCard" />
    </UnitTest>
    <UnitTest name="TenderNeutralAssociation_PageContentShouldBeloadedSuccessfully" storage="c:\loyaltywebtest\web\test\ui\loyaltyweb\loyaltywebtest\loyaltywebtest\bin\debug\nordstrom.web.test.ui.loyaltyweb.dll" id="f99a3847-1f69-481e-31a1-d2fbcc2facd4">
      <Description>Verify that when user goes to Association page, container association div is fully loaded</Description>
      <TestCategory>
        <TestCategoryItem TestCategory="LoyaltyTenderNeutral Regression" />
      </TestCategory>
      <DeploymentItems>
        <DeploymentItem filename="ExternalBinaries" outputDirectory=".\ExternalBinaries" />
        <DeploymentItem filename="TestData" outputDirectory=".\TestData" />
        <DeploymentItem filename="TestRunConfig" outputDirectory=".\TestRunConfig" />
      </DeploymentItems>
      <Execution id="07c5549b-c4af-4543-83ca-370ac5715f2d" />
      <TestMethod codeBase="C:/LoyaltyWebTest/Web/Test/UI/LoyaltyWeb/LoyaltyWebTest/LoyaltyWebTest/bin/Debug/Nordstrom.Web.Test.UI.LoyaltyWeb.DLL" adapterTypeName="Microsoft.VisualStudio.TestTools.TestTypes.Unit.UnitTestAdapter, Microsoft.VisualStudio.QualityTools.Tips.UnitTest.Adapter, Version=12.0.0.0, Culture=neutral, PublicKeyToken=b03f5f7f11d50a3a" className="Nordstrom.Web.Test.UI.LoyaltyWeb.LoyaltyAssociationTests, Nordstrom.Web.Test.UI.LoyaltyWeb, Version=1.0.0.0, Culture=neutral, PublicKeyToken=null" name="TenderNeutralAssociation_PageContentShouldBeloadedSuccessfully" />
    </UnitTest>
    <UnitTest name="TenderNeutralRewardsEnroll_MultipleUserScenariosBasic_EnrollShouldBeSucceedInTheEnd" storage="c:\loyaltywebtest\web\test\ui\loyaltyweb\loyaltywebtest\loyaltywebtest\bin\debug\nordstrom.web.test.ui.loyaltyweb.dll" id="91a3c75c-7428-63da-00ff-d5a1fd9b86ed">
      <Description>A end to end user scenarios test</Description>
      <TestCategory>
        <TestCategoryItem TestCategory="LoyaltyTenderNeutralBVT" />
        <TestCategoryItem TestCategory="LoyaltyWeb" />
        <TestCategoryItem TestCategory="ManualOverall" />
      </TestCategory>
      <DeploymentItems>
        <DeploymentItem filename="ExternalBinaries" outputDirectory=".\ExternalBinaries" />
        <DeploymentItem filename="TestData" outputDirectory=".\TestData" />
        <DeploymentItem filename="TestRunConfig" outputDirectory=".\TestRunConfig" />
      </DeploymentItems>
      <Execution id="d1ecd0d6-0871-433f-afde-da9c37de900e" />
      <TestMethod codeBase="C:/LoyaltyWebTest/Web/Test/UI/LoyaltyWeb/LoyaltyWebTest/LoyaltyWebTest/bin/Debug/Nordstrom.Web.Test.UI.LoyaltyWeb.DLL" adapterTypeName="Microsoft.VisualStudio.TestTools.TestTypes.Unit.UnitTestAdapter, Microsoft.VisualStudio.QualityTools.Tips.UnitTest.Adapter, Version=12.0.0.0, Culture=neutral, PublicKeyToken=b03f5f7f11d50a3a" className="Nordstrom.Web.Test.UI.LoyaltyWeb.WebSanityTests, Nordstrom.Web.Test.UI.LoyaltyWeb, Version=1.0.0.0, Culture=neutral, PublicKeyToken=null" name="TenderNeutralRewardsEnroll_MultipleUserScenariosBasic_EnrollShouldBeSucceedInTheEnd" />
    </UnitTest>
    <UnitTest name="TenderNeutralRewardsEnroll_LoyaltyTNAuthenticatedUserLeaveFieldsBlank_ErrorMessageDisplayedSuccessfully" storage="c:\loyaltywebtest\web\test\ui\loyaltyweb\loyaltywebtest\loyaltywebtest\bin\debug\nordstrom.web.test.ui.loyaltyweb.dll" id="3328ea28-7cd9-8126-b497-abe963133f32">
      <Description>Verify that error messages appear for all required fields when Join button is clicked leaving all fields blank for an authenticated user</Description>
      <TestCategory>
        <TestCategoryItem TestCategory="LoyaltyTenderNeutral Regression" />
        <TestCategoryItem TestCategory="LoyaltyWeb" />
      </TestCategory>
      <DeploymentItems>
        <DeploymentItem filename="ExternalBinaries" outputDirectory=".\ExternalBinaries" />
        <DeploymentItem filename="TestData" outputDirectory=".\TestData" />
        <DeploymentItem filename="TestRunConfig" outputDirectory=".\TestRunConfig" />
      </DeploymentItems>
      <Execution id="3cc8e94e-649c-4ae8-85f6-4264e1737968" />
      <TestMethod codeBase="C:/LoyaltyWebTest/Web/Test/UI/LoyaltyWeb/LoyaltyWebTest/LoyaltyWebTest/bin/Debug/Nordstrom.Web.Test.UI.LoyaltyWeb.DLL" adapterTypeName="Microsoft.VisualStudio.TestTools.TestTypes.Unit.UnitTestAdapter, Microsoft.VisualStudio.QualityTools.Tips.UnitTest.Adapter, Version=12.0.0.0, Culture=neutral, PublicKeyToken=b03f5f7f11d50a3a" className="Nordstrom.Web.Test.UI.LoyaltyWeb.LoyaltyRegisterTests, Nordstrom.Web.Test.UI.LoyaltyWeb, Version=1.0.0.0, Culture=neutral, PublicKeyToken=null" name="TenderNeutralRewardsEnroll_LoyaltyTNAuthenticatedUserLeaveFieldsBlank_ErrorMessageDisplayedSuccessfully" />
    </UnitTest>
    <UnitTest name="TenderNeutralRewardsEnroll_LoyaltyTNAuthenticatedUserAlphanumericCharacterInCodeField_ThrowseError" storage="c:\loyaltywebtest\web\test\ui\loyaltyweb\loyaltywebtest\loyaltywebtest\bin\debug\nordstrom.web.test.ui.loyaltyweb.dll" id="a7a8df94-1db0-153a-c800-e2df07e46ab8">
      <Description>Verify that error message is displayed when alphanumeric characters are entered in mobile vrification code field</Description>
      <TestCategory>
        <TestCategoryItem TestCategory="LoyaltyWeb" />
        <TestCategoryItem TestCategory="LoyaltyTenderNeutralBVT" />
      </TestCategory>
      <DeploymentItems>
        <DeploymentItem filename="ExternalBinaries" outputDirectory=".\ExternalBinaries" />
        <DeploymentItem filename="TestData" outputDirectory=".\TestData" />
        <DeploymentItem filename="TestRunConfig" outputDirectory=".\TestRunConfig" />
      </DeploymentItems>
      <Execution id="4e8aa66a-5db1-4fc5-92c3-b55aa08989d8" />
      <TestMethod codeBase="C:/LoyaltyWebTest/Web/Test/UI/LoyaltyWeb/LoyaltyWebTest/LoyaltyWebTest/bin/Debug/Nordstrom.Web.Test.UI.LoyaltyWeb.DLL" adapterTypeName="Microsoft.VisualStudio.TestTools.TestTypes.Unit.UnitTestAdapter, Microsoft.VisualStudio.QualityTools.Tips.UnitTest.Adapter, Version=12.0.0.0, Culture=neutral, PublicKeyToken=b03f5f7f11d50a3a" className="Nordstrom.Web.Test.UI.LoyaltyWeb.LoyaltyTenderNeutralMobileVerificationPageTests, Nordstrom.Web.Test.UI.LoyaltyWeb, Version=1.0.0.0, Culture=neutral, PublicKeyToken=null" name="TenderNeutralRewardsEnroll_LoyaltyTNAuthenticatedUserAlphanumericCharacterInCodeField_ThrowseError" />
    </UnitTest>
    <UnitTest name="ApplyAndBuy_GuestUserNavigationToVisaCardConfirmationAndPageHeaderAndFooterLinksVerification_HeaderAndFooterLinksVerifiedSuccessfully" storage="c:\loyaltywebtest\web\test\ui\loyaltyweb\loyaltywebtest\loyaltywebtest\bin\debug\nordstrom.web.test.ui.loyaltyweb.dll" id="849e6579-ace1-c6d4-b6eb-a6e9b2bc24eb">
      <Description>Apply for Nordsrom Visa Credit Card as a guest user and  verify header and footer links on card confirmation page</Description>
      <TestCategory>
        <TestCategoryItem TestCategory="ApplyAndBuy Regression" />
      </TestCategory>
      <DeploymentItems>
        <DeploymentItem filename="ExternalBinaries" outputDirectory=".\ExternalBinaries" />
        <DeploymentItem filename="TestData" outputDirectory=".\TestData" />
        <DeploymentItem filename="TestRunConfig" outputDirectory=".\TestRunConfig" />
      </DeploymentItems>
      <Execution id="f6a63ba0-c640-4e32-90ce-2d4bbd7f9ee1" />
      <TestMethod codeBase="C:/LoyaltyWebTest/Web/Test/UI/LoyaltyWeb/LoyaltyWebTest/LoyaltyWebTest/bin/Debug/Nordstrom.Web.Test.UI.LoyaltyWeb.DLL" adapterTypeName="Microsoft.VisualStudio.TestTools.TestTypes.Unit.UnitTestAdapter, Microsoft.VisualStudio.QualityTools.Tips.UnitTest.Adapter, Version=12.0.0.0, Culture=neutral, PublicKeyToken=b03f5f7f11d50a3a" className="Nordstrom.Web.Test.UI.LoyaltyWeb.ApplyAndBuyTests, Nordstrom.Web.Test.UI.LoyaltyWeb, Version=1.0.0.0, Culture=neutral, PublicKeyToken=null" name="ApplyAndBuy_GuestUserNavigationToVisaCardConfirmationAndPageHeaderAndFooterLinksVerification_HeaderAndFooterLinksVerifiedSuccessfully" />
    </UnitTest>
    <UnitTest name="ApplyAndBuy_EmptyCreditCardApplicationSubmission_RequiredFieldErrorMessagesVerifiedSuccessfully" storage="c:\loyaltywebtest\web\test\ui\loyaltyweb\loyaltywebtest\loyaltywebtest\bin\debug\nordstrom.web.test.ui.loyaltyweb.dll" id="0e15b0d1-2a84-7f48-3ea0-18b7422618e3">
      <Description>Verify Required field error messages on credit card application page on submission of an empty application</Description>
      <TestCategory>
        <TestCategoryItem TestCategory="ApplyAndBuy Regression" />
      </TestCategory>
      <DeploymentItems>
        <DeploymentItem filename="ExternalBinaries" outputDirectory=".\ExternalBinaries" />
        <DeploymentItem filename="TestData" outputDirectory=".\TestData" />
        <DeploymentItem filename="TestRunConfig" outputDirectory=".\TestRunConfig" />
      </DeploymentItems>
      <Execution id="a98826b9-f6bc-4135-9a37-5cea5aee601a" />
      <TestMethod codeBase="C:/LoyaltyWebTest/Web/Test/UI/LoyaltyWeb/LoyaltyWebTest/LoyaltyWebTest/bin/Debug/Nordstrom.Web.Test.UI.LoyaltyWeb.DLL" adapterTypeName="Microsoft.VisualStudio.TestTools.TestTypes.Unit.UnitTestAdapter, Microsoft.VisualStudio.QualityTools.Tips.UnitTest.Adapter, Version=12.0.0.0, Culture=neutral, PublicKeyToken=b03f5f7f11d50a3a" className="Nordstrom.Web.Test.UI.LoyaltyWeb.ApplyAndBuyTests, Nordstrom.Web.Test.UI.LoyaltyWeb, Version=1.0.0.0, Culture=neutral, PublicKeyToken=null" name="ApplyAndBuy_EmptyCreditCardApplicationSubmission_RequiredFieldErrorMessagesVerifiedSuccessfully" />
    </UnitTest>
    <UnitTest name="ApplyAndBuy_NewlyRegisteredUserShoppingWithNewVisaCard_CardSucessfullyAddedToWallet" storage="c:\loyaltywebtest\web\test\ui\loyaltyweb\loyaltywebtest\loyaltywebtest\bin\debug\nordstrom.web.test.ui.loyaltyweb.dll" id="3e0ba6be-6f62-1dd4-4740-d0e4ed39c4d4">
      <Description>Verify newly added VISA card and verify the newly added card in user account wallet</Description>
      <TestCategory>
        <TestCategoryItem TestCategory="ApplyAndBuy Regression" />
      </TestCategory>
      <DeploymentItems>
        <DeploymentItem filename="ExternalBinaries" outputDirectory=".\ExternalBinaries" />
        <DeploymentItem filename="TestData" outputDirectory=".\TestData" />
        <DeploymentItem filename="TestRunConfig" outputDirectory=".\TestRunConfig" />
      </DeploymentItems>
      <Execution id="936405cd-e21e-4985-a8d0-e6a4a6a1e35c" />
      <TestMethod codeBase="C:/LoyaltyWebTest/Web/Test/UI/LoyaltyWeb/LoyaltyWebTest/LoyaltyWebTest/bin/Debug/Nordstrom.Web.Test.UI.LoyaltyWeb.DLL" adapterTypeName="Microsoft.VisualStudio.TestTools.TestTypes.Unit.UnitTestAdapter, Microsoft.VisualStudio.QualityTools.Tips.UnitTest.Adapter, Version=12.0.0.0, Culture=neutral, PublicKeyToken=b03f5f7f11d50a3a" className="Nordstrom.Web.Test.UI.LoyaltyWeb.ApplyAndBuyTests, Nordstrom.Web.Test.UI.LoyaltyWeb, Version=1.0.0.0, Culture=neutral, PublicKeyToken=null" name="ApplyAndBuy_NewlyRegisteredUserShoppingWithNewVisaCard_CardSucessfullyAddedToWallet" />
    </UnitTest>
    <UnitTest name="ApplyAndBuy_GuestUserApplyForDebitCardAndSignInConfirmationAsRegisteredUser_CardSucessfullyAddedToWallet" storage="c:\loyaltywebtest\web\test\ui\loyaltyweb\loyaltywebtest\loyaltywebtest\bin\debug\nordstrom.web.test.ui.loyaltyweb.dll" id="2cd47127-fcd1-036f-5d31-442446696e9a">
      <Description>Apply for a debit card as a guest user, signing in as a returning user the confirmation page and verifying the account summary for the newly added instant approved card</Description>
      <TestCategory>
        <TestCategoryItem TestCategory="ApplyAndBuy Regression" />
      </TestCategory>
      <DeploymentItems>
        <DeploymentItem filename="ExternalBinaries" outputDirectory=".\ExternalBinaries" />
        <DeploymentItem filename="TestData" outputDirectory=".\TestData" />
        <DeploymentItem filename="TestRunConfig" outputDirectory=".\TestRunConfig" />
      </DeploymentItems>
      <Execution id="2c3d9c1f-52e0-47b3-a82a-a8dd27aa6d60" />
      <TestMethod codeBase="C:/LoyaltyWebTest/Web/Test/UI/LoyaltyWeb/LoyaltyWebTest/LoyaltyWebTest/bin/Debug/Nordstrom.Web.Test.UI.LoyaltyWeb.DLL" adapterTypeName="Microsoft.VisualStudio.TestTools.TestTypes.Unit.UnitTestAdapter, Microsoft.VisualStudio.QualityTools.Tips.UnitTest.Adapter, Version=12.0.0.0, Culture=neutral, PublicKeyToken=b03f5f7f11d50a3a" className="Nordstrom.Web.Test.UI.LoyaltyWeb.ApplyAndBuyTests, Nordstrom.Web.Test.UI.LoyaltyWeb, Version=1.0.0.0, Culture=neutral, PublicKeyToken=null" name="ApplyAndBuy_GuestUserApplyForDebitCardAndSignInConfirmationAsRegisteredUser_CardSucessfullyAddedToWallet" />
    </UnitTest>
    <UnitTest name="TenderNeutralRewardsEnroll_GuestUserVerifyLinksOnThePage_LinksShouldNavigatetoCorrectUrls" storage="c:\loyaltywebtest\web\test\ui\loyaltyweb\loyaltywebtest\loyaltywebtest\bin\debug\nordstrom.web.test.ui.loyaltyweb.dll" id="dc336b25-76b0-1ed1-8abe-705617b468be">
      <Description>Verify that links on the enroll page works for a guest user</Description>
      <TestCategory>
        <TestCategoryItem TestCategory="LoyaltyTenderNeutralUserAcceptance" />
        <TestCategoryItem TestCategory="LoyaltyWeb" />
      </TestCategory>
      <DeploymentItems>
        <DeploymentItem filename="ExternalBinaries" outputDirectory=".\ExternalBinaries" />
        <DeploymentItem filename="TestData" outputDirectory=".\TestData" />
        <DeploymentItem filename="TestRunConfig" outputDirectory=".\TestRunConfig" />
      </DeploymentItems>
      <Execution id="013c8557-7040-4703-957c-0d8cadc38180" />
      <TestMethod codeBase="C:/LoyaltyWebTest/Web/Test/UI/LoyaltyWeb/LoyaltyWebTest/LoyaltyWebTest/bin/Debug/Nordstrom.Web.Test.UI.LoyaltyWeb.DLL" adapterTypeName="Microsoft.VisualStudio.TestTools.TestTypes.Unit.UnitTestAdapter, Microsoft.VisualStudio.QualityTools.Tips.UnitTest.Adapter, Version=12.0.0.0, Culture=neutral, PublicKeyToken=b03f5f7f11d50a3a" className="Nordstrom.Web.Test.UI.LoyaltyWeb.LoyaltyRegisterTests, Nordstrom.Web.Test.UI.LoyaltyWeb, Version=1.0.0.0, Culture=neutral, PublicKeyToken=null" name="TenderNeutralRewardsEnroll_GuestUserVerifyLinksOnThePage_LinksShouldNavigatetoCorrectUrls" />
    </UnitTest>
    <UnitTest name="TenderNeutralRewardsEnroll_LoyaltyTenderNeutralGuestUserEmailField_ErrorMessageDisplayedSuccessfully" storage="c:\loyaltywebtest\web\test\ui\loyaltyweb\loyaltywebtest\loyaltywebtest\bin\debug\nordstrom.web.test.ui.loyaltyweb.dll" id="c9d681f3-7d2a-3b30-6a06-24588c794ac5">
      <Description>Verify the error message displayed for the invalid entry of Email field</Description>
      <TestCategory>
        <TestCategoryItem TestCategory="LoyaltyTenderNeutral Regression" />
        <TestCategoryItem TestCategory="LoyaltyWeb" />
      </TestCategory>
      <DeploymentItems>
        <DeploymentItem filename="ExternalBinaries" outputDirectory=".\ExternalBinaries" />
        <DeploymentItem filename="TestData" outputDirectory=".\TestData" />
        <DeploymentItem filename="TestRunConfig" outputDirectory=".\TestRunConfig" />
      </DeploymentItems>
      <Execution id="a8f0c8ff-031e-4c65-adbc-f9b4ce50989f" />
      <TestMethod codeBase="C:/LoyaltyWebTest/Web/Test/UI/LoyaltyWeb/LoyaltyWebTest/LoyaltyWebTest/bin/Debug/Nordstrom.Web.Test.UI.LoyaltyWeb.DLL" adapterTypeName="Microsoft.VisualStudio.TestTools.TestTypes.Unit.UnitTestAdapter, Microsoft.VisualStudio.QualityTools.Tips.UnitTest.Adapter, Version=12.0.0.0, Culture=neutral, PublicKeyToken=b03f5f7f11d50a3a" className="Nordstrom.Web.Test.UI.LoyaltyWeb.LoyaltyRegisterTests, Nordstrom.Web.Test.UI.LoyaltyWeb, Version=1.0.0.0, Culture=neutral, PublicKeyToken=null" name="TenderNeutralRewardsEnroll_LoyaltyTenderNeutralGuestUserEmailField_ErrorMessageDisplayedSuccessfully" />
    </UnitTest>
    <UnitTest name="TenderNeutralAssociation_When15MinutesPassAsGuestUser_EnteredInfoDisappear" storage="c:\loyaltywebtest\web\test\ui\loyaltyweb\loyaltywebtest\loyaltywebtest\bin\debug\nordstrom.web.test.ui.loyaltyweb.dll" id="dea7da76-cc4d-9db9-653c-019847e5cc46">
      <Description>Verify that when 15 minutes pass, guest user information clears up</Description>
      <TestCategory>
        <TestCategoryItem TestCategory="LoyaltyTenderNeutral SensitiveData" />
      </TestCategory>
      <DeploymentItems>
        <DeploymentItem filename="ExternalBinaries" outputDirectory=".\ExternalBinaries" />
        <DeploymentItem filename="TestData" outputDirectory=".\TestData" />
        <DeploymentItem filename="TestRunConfig" outputDirectory=".\TestRunConfig" />
      </DeploymentItems>
      <Execution id="ef51ddaa-3942-496f-ac0f-3f1076c9a084" />
      <TestMethod codeBase="C:/LoyaltyWebTest/Web/Test/UI/LoyaltyWeb/LoyaltyWebTest/LoyaltyWebTest/bin/Debug/Nordstrom.Web.Test.UI.LoyaltyWeb.DLL" adapterTypeName="Microsoft.VisualStudio.TestTools.TestTypes.Unit.UnitTestAdapter, Microsoft.VisualStudio.QualityTools.Tips.UnitTest.Adapter, Version=12.0.0.0, Culture=neutral, PublicKeyToken=b03f5f7f11d50a3a" className="Nordstrom.Web.Test.UI.LoyaltyWeb.UserSensitiveDataCases, Nordstrom.Web.Test.UI.LoyaltyWeb, Version=1.0.0.0, Culture=neutral, PublicKeyToken=null" name="TenderNeutralAssociation_When15MinutesPassAsGuestUser_EnteredInfoDisappear" />
    </UnitTest>
    <UnitTest name="TenderNeutralRewardsEnroll_RecognizedUserVerifyLinksOnThePage_LinksShouldNavigatetoCorrectUrls" storage="c:\loyaltywebtest\web\test\ui\loyaltyweb\loyaltywebtest\loyaltywebtest\bin\debug\nordstrom.web.test.ui.loyaltyweb.dll" id="e870b60f-b9cd-9456-770e-be1a0622deb5">
      <Description>Verify that links on the enroll page works for an authenticated user</Description>
      <TestCategory>
        <TestCategoryItem TestCategory="LoyaltyTenderNeutralUserAcceptance" />
        <TestCategoryItem TestCategory="LoyaltyWeb" />
      </TestCategory>
      <DeploymentItems>
        <DeploymentItem filename="ExternalBinaries" outputDirectory=".\ExternalBinaries" />
        <DeploymentItem filename="TestData" outputDirectory=".\TestData" />
        <DeploymentItem filename="TestRunConfig" outputDirectory=".\TestRunConfig" />
      </DeploymentItems>
      <Execution id="2f12f5d0-81f6-4ce0-afdf-ee89dfb0537f" />
      <TestMethod codeBase="C:/LoyaltyWebTest/Web/Test/UI/LoyaltyWeb/LoyaltyWebTest/LoyaltyWebTest/bin/Debug/Nordstrom.Web.Test.UI.LoyaltyWeb.DLL" adapterTypeName="Microsoft.VisualStudio.TestTools.TestTypes.Unit.UnitTestAdapter, Microsoft.VisualStudio.QualityTools.Tips.UnitTest.Adapter, Version=12.0.0.0, Culture=neutral, PublicKeyToken=b03f5f7f11d50a3a" className="Nordstrom.Web.Test.UI.LoyaltyWeb.LoyaltyRegisterTests, Nordstrom.Web.Test.UI.LoyaltyWeb, Version=1.0.0.0, Culture=neutral, PublicKeyToken=null" name="TenderNeutralRewardsEnroll_RecognizedUserVerifyLinksOnThePage_LinksShouldNavigatetoCorrectUrls" />
    </UnitTest>
    <UnitTest name="FunJourney" storage="c:\loyaltywebtest\web\test\ui\loyaltyweb\loyaltywebtest\loyaltywebtest\bin\debug\nordstrom.web.test.ui.loyaltyweb.dll" id="df693012-2078-7e40-769b-35128c8352ea">
      <Description>A end to end user scenarios test 3</Description>
      <TestCategory>
        <TestCategoryItem TestCategory="ManualOverall" />
      </TestCategory>
      <DeploymentItems>
        <DeploymentItem filename="ExternalBinaries" outputDirectory=".\ExternalBinaries" />
        <DeploymentItem filename="TestData" outputDirectory=".\TestData" />
        <DeploymentItem filename="TestRunConfig" outputDirectory=".\TestRunConfig" />
      </DeploymentItems>
      <Execution id="124c2cc6-48e0-49be-96c0-d9839bc2e8ab" />
      <TestMethod codeBase="C:/LoyaltyWebTest/Web/Test/UI/LoyaltyWeb/LoyaltyWebTest/LoyaltyWebTest/bin/Debug/Nordstrom.Web.Test.UI.LoyaltyWeb.DLL" adapterTypeName="Microsoft.VisualStudio.TestTools.TestTypes.Unit.UnitTestAdapter, Microsoft.VisualStudio.QualityTools.Tips.UnitTest.Adapter, Version=12.0.0.0, Culture=neutral, PublicKeyToken=b03f5f7f11d50a3a" className="Nordstrom.Web.Test.UI.LoyaltyWeb.WebSanityTests, Nordstrom.Web.Test.UI.LoyaltyWeb, Version=1.0.0.0, Culture=neutral, PublicKeyToken=null" name="FunJourney" />
    </UnitTest>
    <UnitTest name="TenderNeutralAssociation_AssociatedEnrollMemberTryToAssociateAgain_ShouldGetRightMessage" storage="c:\loyaltywebtest\web\test\ui\loyaltyweb\loyaltywebtest\loyaltywebtest\bin\debug\nordstrom.web.test.ui.loyaltyweb.dll" id="523b92f4-898d-7cc7-e689-d5975b8374ee">
      <Description>When existing associated guest member wants to associate again and he got the error message</Description>
      <TestCategory>
        <TestCategoryItem TestCategory="Association" />
      </TestCategory>
      <DeploymentItems>
        <DeploymentItem filename="ExternalBinaries" outputDirectory=".\ExternalBinaries" />
        <DeploymentItem filename="TestData" outputDirectory=".\TestData" />
        <DeploymentItem filename="TestRunConfig" outputDirectory=".\TestRunConfig" />
      </DeploymentItems>
      <Execution id="71ff69d3-3802-443c-b127-f7e94273cc95" />
      <TestMethod codeBase="C:/LoyaltyWebTest/Web/Test/UI/LoyaltyWeb/LoyaltyWebTest/LoyaltyWebTest/bin/Debug/Nordstrom.Web.Test.UI.LoyaltyWeb.DLL" adapterTypeName="Microsoft.VisualStudio.TestTools.TestTypes.Unit.UnitTestAdapter, Microsoft.VisualStudio.QualityTools.Tips.UnitTest.Adapter, Version=12.0.0.0, Culture=neutral, PublicKeyToken=b03f5f7f11d50a3a" className="Nordstrom.Web.Test.UI.LoyaltyWeb.LoyaltyAssociationTests, Nordstrom.Web.Test.UI.LoyaltyWeb, Version=1.0.0.0, Culture=neutral, PublicKeyToken=null" name="TenderNeutralAssociation_AssociatedEnrollMemberTryToAssociateAgain_ShouldGetRightMessage" />
    </UnitTest>
    <UnitTest name="ApplyAndBuy_GuestUserDeclineRetailCard_SuccessfulNavigationToHomePage" storage="c:\loyaltywebtest\web\test\ui\loyaltyweb\loyaltywebtest\loyaltywebtest\bin\debug\nordstrom.web.test.ui.loyaltyweb.dll" id="e9944a28-5031-d30d-4a12-0653110e1998">
      <Description>Verify that the guest user is taken to the home page on clicking the decline this card link from the credit card offer page for retail card</Description>
      <TestCategory>
        <TestCategoryItem TestCategory="ApplyAndBuy Regression" />
      </TestCategory>
      <DeploymentItems>
        <DeploymentItem filename="ExternalBinaries" outputDirectory=".\ExternalBinaries" />
        <DeploymentItem filename="TestData" outputDirectory=".\TestData" />
        <DeploymentItem filename="TestRunConfig" outputDirectory=".\TestRunConfig" />
      </DeploymentItems>
      <Execution id="c3e05f42-6f66-4f42-ae28-457404fe38ae" />
      <TestMethod codeBase="C:/LoyaltyWebTest/Web/Test/UI/LoyaltyWeb/LoyaltyWebTest/LoyaltyWebTest/bin/Debug/Nordstrom.Web.Test.UI.LoyaltyWeb.DLL" adapterTypeName="Microsoft.VisualStudio.TestTools.TestTypes.Unit.UnitTestAdapter, Microsoft.VisualStudio.QualityTools.Tips.UnitTest.Adapter, Version=12.0.0.0, Culture=neutral, PublicKeyToken=b03f5f7f11d50a3a" className="Nordstrom.Web.Test.UI.LoyaltyWeb.ApplyAndBuyTests, Nordstrom.Web.Test.UI.LoyaltyWeb, Version=1.0.0.0, Culture=neutral, PublicKeyToken=null" name="ApplyAndBuy_GuestUserDeclineRetailCard_SuccessfulNavigationToHomePage" />
    </UnitTest>
    <UnitTest name="ApplyAndBuy_GuestUserShoppingRetailCard_ShouldBeAbleToDeclineTheOffer" storage="c:\loyaltywebtest\web\test\ui\loyaltyweb\loyaltywebtest\loyaltywebtest\bin\debug\nordstrom.web.test.ui.loyaltyweb.dll" id="8c3aee05-1b0e-05c2-6e40-2dbbfe101a46">
      <Description>Verify guest user can shop retail card successfully.</Description>
      <TestCategory>
        <TestCategoryItem TestCategory="ApplyAndBuy Regression" />
      </TestCategory>
      <DeploymentItems>
        <DeploymentItem filename="ExternalBinaries" outputDirectory=".\ExternalBinaries" />
        <DeploymentItem filename="TestData" outputDirectory=".\TestData" />
        <DeploymentItem filename="TestRunConfig" outputDirectory=".\TestRunConfig" />
      </DeploymentItems>
      <Execution id="32ee0436-a5b0-4146-a020-6e50bc7ca7fe" />
      <TestMethod codeBase="C:/LoyaltyWebTest/Web/Test/UI/LoyaltyWeb/LoyaltyWebTest/LoyaltyWebTest/bin/Debug/Nordstrom.Web.Test.UI.LoyaltyWeb.DLL" adapterTypeName="Microsoft.VisualStudio.TestTools.TestTypes.Unit.UnitTestAdapter, Microsoft.VisualStudio.QualityTools.Tips.UnitTest.Adapter, Version=12.0.0.0, Culture=neutral, PublicKeyToken=b03f5f7f11d50a3a" className="Nordstrom.Web.Test.UI.LoyaltyWeb.ApplyAndBuyTests, Nordstrom.Web.Test.UI.LoyaltyWeb, Version=1.0.0.0, Culture=neutral, PublicKeyToken=null" name="ApplyAndBuy_GuestUserShoppingRetailCard_ShouldBeAbleToDeclineTheOffer" />
    </UnitTest>
    <UnitTest name="ApplyAndBuy_GuestUserShoppingVisa_ShouldGetReferralMessage" storage="c:\loyaltywebtest\web\test\ui\loyaltyweb\loyaltywebtest\loyaltywebtest\bin\debug\nordstrom.web.test.ui.loyaltyweb.dll" id="13a119ab-0405-049f-795b-9bce04cc1177">
      <Description>Verify guest user would shop visa card unsuccessfully.</Description>
      <TestCategory>
        <TestCategoryItem TestCategory="ApplyAndBuy Regression" />
      </TestCategory>
      <DeploymentItems>
        <DeploymentItem filename="ExternalBinaries" outputDirectory=".\ExternalBinaries" />
        <DeploymentItem filename="TestData" outputDirectory=".\TestData" />
        <DeploymentItem filename="TestRunConfig" outputDirectory=".\TestRunConfig" />
      </DeploymentItems>
      <Execution id="f84a411b-f153-4117-84be-f964ffb4d63e" />
      <TestMethod codeBase="C:/LoyaltyWebTest/Web/Test/UI/LoyaltyWeb/LoyaltyWebTest/LoyaltyWebTest/bin/Debug/Nordstrom.Web.Test.UI.LoyaltyWeb.DLL" adapterTypeName="Microsoft.VisualStudio.TestTools.TestTypes.Unit.UnitTestAdapter, Microsoft.VisualStudio.QualityTools.Tips.UnitTest.Adapter, Version=12.0.0.0, Culture=neutral, PublicKeyToken=b03f5f7f11d50a3a" className="Nordstrom.Web.Test.UI.LoyaltyWeb.ApplyAndBuyTests, Nordstrom.Web.Test.UI.LoyaltyWeb, Version=1.0.0.0, Culture=neutral, PublicKeyToken=null" name="ApplyAndBuy_GuestUserShoppingVisa_ShouldGetReferralMessage" />
    </UnitTest>
    <UnitTest name="ApplyAndBuy_EmptyDebitCardApplicationSubmission_RequiredFieldErrorMessagesVerifiedSuccessfully" storage="c:\loyaltywebtest\web\test\ui\loyaltyweb\loyaltywebtest\loyaltywebtest\bin\debug\nordstrom.web.test.ui.loyaltyweb.dll" id="7a6ff4d5-2709-2369-a0a7-9576650b11e5">
      <Description>Verify Required field error messages on credit card application page on submission of an empty application</Description>
      <TestCategory>
        <TestCategoryItem TestCategory="ApplyAndBuy Regression" />
      </TestCategory>
      <DeploymentItems>
        <DeploymentItem filename="ExternalBinaries" outputDirectory=".\ExternalBinaries" />
        <DeploymentItem filename="TestData" outputDirectory=".\TestData" />
        <DeploymentItem filename="TestRunConfig" outputDirectory=".\TestRunConfig" />
      </DeploymentItems>
      <Execution id="8995914a-0025-4f10-8bde-aced88582580" />
      <TestMethod codeBase="C:/LoyaltyWebTest/Web/Test/UI/LoyaltyWeb/LoyaltyWebTest/LoyaltyWebTest/bin/Debug/Nordstrom.Web.Test.UI.LoyaltyWeb.DLL" adapterTypeName="Microsoft.VisualStudio.TestTools.TestTypes.Unit.UnitTestAdapter, Microsoft.VisualStudio.QualityTools.Tips.UnitTest.Adapter, Version=12.0.0.0, Culture=neutral, PublicKeyToken=b03f5f7f11d50a3a" className="Nordstrom.Web.Test.UI.LoyaltyWeb.ApplyAndBuyTests, Nordstrom.Web.Test.UI.LoyaltyWeb, Version=1.0.0.0, Culture=neutral, PublicKeyToken=null" name="ApplyAndBuy_EmptyDebitCardApplicationSubmission_RequiredFieldErrorMessagesVerifiedSuccessfully" />
    </UnitTest>
    <UnitTest name="MobileVerificationPageModalPopupsValidation_AuthenticatedUserMaximumLimitGetACodeClickValidation_ThrowsError" storage="c:\loyaltywebtest\web\test\ui\loyaltyweb\loyaltywebtest\loyaltywebtest\bin\debug\nordstrom.web.test.ui.loyaltyweb.dll" id="5c0ec21b-359a-7e0f-4182-44eb294aa758">
      <Description>Click on 'Get a new code' at maximum limit and verifying the error message displayed</Description>
      <TestCategory>
        <TestCategoryItem TestCategory="LoyaltyTenderNeutral Regression" />
      </TestCategory>
      <DeploymentItems>
        <DeploymentItem filename="ExternalBinaries" outputDirectory=".\ExternalBinaries" />
        <DeploymentItem filename="TestData" outputDirectory=".\TestData" />
        <DeploymentItem filename="TestRunConfig" outputDirectory=".\TestRunConfig" />
      </DeploymentItems>
      <Execution id="9d5778a9-00d4-4fba-9f5a-0b2f3c973d9c" />
      <TestMethod codeBase="C:/LoyaltyWebTest/Web/Test/UI/LoyaltyWeb/LoyaltyWebTest/LoyaltyWebTest/bin/Debug/Nordstrom.Web.Test.UI.LoyaltyWeb.DLL" adapterTypeName="Microsoft.VisualStudio.TestTools.TestTypes.Unit.UnitTestAdapter, Microsoft.VisualStudio.QualityTools.Tips.UnitTest.Adapter, Version=12.0.0.0, Culture=neutral, PublicKeyToken=b03f5f7f11d50a3a" className="Nordstrom.Web.Test.UI.LoyaltyWeb.LoyaltyTenderNeutralMobileVerificationPageTests, Nordstrom.Web.Test.UI.LoyaltyWeb, Version=1.0.0.0, Culture=neutral, PublicKeyToken=null" name="MobileVerificationPageModalPopupsValidation_AuthenticatedUserMaximumLimitGetACodeClickValidation_ThrowsError" />
    </UnitTest>
    <UnitTest name="TenderNeutralRewardsEnroll_LoyaltyTNAuthenticatedUserSevenDigitsInCodeField_ThrowseError" storage="c:\loyaltywebtest\web\test\ui\loyaltyweb\loyaltywebtest\loyaltywebtest\bin\debug\nordstrom.web.test.ui.loyaltyweb.dll" id="5d94c71d-df20-d6cd-d92c-a694e0aa36bf">
      <Description>Verify that error message is displayed when a seven digit number is entered in mobile vrification code field</Description>
      <TestCategory>
        <TestCategoryItem TestCategory="LoyaltyTenderNeutralBVT" />
        <TestCategoryItem TestCategory="LoyaltyWeb" />
      </TestCategory>
      <DeploymentItems>
        <DeploymentItem filename="ExternalBinaries" outputDirectory=".\ExternalBinaries" />
        <DeploymentItem filename="TestData" outputDirectory=".\TestData" />
        <DeploymentItem filename="TestRunConfig" outputDirectory=".\TestRunConfig" />
      </DeploymentItems>
      <Execution id="4070f2f2-0e3a-4b81-bf22-8c28fcf63e93" />
      <TestMethod codeBase="C:/LoyaltyWebTest/Web/Test/UI/LoyaltyWeb/LoyaltyWebTest/LoyaltyWebTest/bin/Debug/Nordstrom.Web.Test.UI.LoyaltyWeb.DLL" adapterTypeName="Microsoft.VisualStudio.TestTools.TestTypes.Unit.UnitTestAdapter, Microsoft.VisualStudio.QualityTools.Tips.UnitTest.Adapter, Version=12.0.0.0, Culture=neutral, PublicKeyToken=b03f5f7f11d50a3a" className="Nordstrom.Web.Test.UI.LoyaltyWeb.LoyaltyTenderNeutralMobileVerificationPageTests, Nordstrom.Web.Test.UI.LoyaltyWeb, Version=1.0.0.0, Culture=neutral, PublicKeyToken=null" name="TenderNeutralRewardsEnroll_LoyaltyTNAuthenticatedUserSevenDigitsInCodeField_ThrowseError" />
    </UnitTest>
    <UnitTest name="TenderNeutralEarn_AuthenticatedUserNotLinkedNordAccountAndTNNumber_ClickingOnEarnPointsLinkOpenedupTheModuleSuccessfully" storage="c:\loyaltywebtest\web\test\ui\loyaltyweb\loyaltywebtest\loyaltywebtest\bin\debug\nordstrom.web.test.ui.loyaltyweb.dll" id="0fb17184-6c18-b606-f6a7-af0c56cff16d">
      <Description>Verify that by clicking on 'earn points with your Rewards number' link, opens up the module with two radio buttons</Description>
      <TestCategory>
        <TestCategoryItem TestCategory="EarnTests" />
      </TestCategory>
      <DeploymentItems>
        <DeploymentItem filename="ExternalBinaries" outputDirectory=".\ExternalBinaries" />
        <DeploymentItem filename="TestData" outputDirectory=".\TestData" />
        <DeploymentItem filename="TestRunConfig" outputDirectory=".\TestRunConfig" />
      </DeploymentItems>
      <Execution id="2e71bc58-5f5e-46a6-87cb-6e13afb75a44" />
      <TestMethod codeBase="C:/LoyaltyWebTest/Web/Test/UI/LoyaltyWeb/LoyaltyWebTest/LoyaltyWebTest/bin/Debug/Nordstrom.Web.Test.UI.LoyaltyWeb.DLL" adapterTypeName="Microsoft.VisualStudio.TestTools.TestTypes.Unit.UnitTestAdapter, Microsoft.VisualStudio.QualityTools.Tips.UnitTest.Adapter, Version=12.0.0.0, Culture=neutral, PublicKeyToken=b03f5f7f11d50a3a" className="Nordstrom.Web.Test.UI.LoyaltyWeb.LoyaltyEarnTests, Nordstrom.Web.Test.UI.LoyaltyWeb, Version=1.0.0.0, Culture=neutral, PublicKeyToken=null" name="TenderNeutralEarn_AuthenticatedUserNotLinkedNordAccountAndTNNumber_ClickingOnEarnPointsLinkOpenedupTheModuleSuccessfully" />
    </UnitTest>
    <UnitTest name="SuccessAssociationPageModalPopupsValidation_GuestUserGetANewCodePhoneNumberValidation_PhoneNumberToAssociateValidatedSuccessfully" storage="c:\loyaltywebtest\web\test\ui\loyaltyweb\loyaltywebtest\loyaltywebtest\bin\debug\nordstrom.web.test.ui.loyaltyweb.dll" id="70b5096a-4d76-50d1-927f-d842acd0d8ad">
      <Description>Verify that the phone number used to associate is displayed in the Get a new code pop in success mobile verification page</Description>
      <TestCategory>
        <TestCategoryItem TestCategory="LoyaltyTenderNeutral Regression" />
      </TestCategory>
      <DeploymentItems>
        <DeploymentItem filename="ExternalBinaries" outputDirectory=".\ExternalBinaries" />
        <DeploymentItem filename="TestData" outputDirectory=".\TestData" />
        <DeploymentItem filename="TestRunConfig" outputDirectory=".\TestRunConfig" />
      </DeploymentItems>
      <Execution id="8170493c-37df-490d-b46f-67a02b83697c" />
      <TestMethod codeBase="C:/LoyaltyWebTest/Web/Test/UI/LoyaltyWeb/LoyaltyWebTest/LoyaltyWebTest/bin/Debug/Nordstrom.Web.Test.UI.LoyaltyWeb.DLL" adapterTypeName="Microsoft.VisualStudio.TestTools.TestTypes.Unit.UnitTestAdapter, Microsoft.VisualStudio.QualityTools.Tips.UnitTest.Adapter, Version=12.0.0.0, Culture=neutral, PublicKeyToken=b03f5f7f11d50a3a" className="Nordstrom.Web.Test.UI.LoyaltyWeb.LoyaltyTenderNeutralMobileVerificationPageTests, Nordstrom.Web.Test.UI.LoyaltyWeb, Version=1.0.0.0, Culture=neutral, PublicKeyToken=null" name="SuccessAssociationPageModalPopupsValidation_GuestUserGetANewCodePhoneNumberValidation_PhoneNumberToAssociateValidatedSuccessfully" />
    </UnitTest>
    <UnitTest name="TenderNeutralRewardsEnroll_AuthenticatedUserVerifyLinksOnThePage_LinksShouldNavigatetoCorrectUrls" storage="c:\loyaltywebtest\web\test\ui\loyaltyweb\loyaltywebtest\loyaltywebtest\bin\debug\nordstrom.web.test.ui.loyaltyweb.dll" id="9cf5e211-bf76-77a7-1a51-2660dd37747b">
      <Description>Verify that links on the enroll page works for an authenticated user</Description>
      <TestCategory>
        <TestCategoryItem TestCategory="LoyaltyTenderNeutralUserAcceptance" />
        <TestCategoryItem TestCategory="LoyaltyWeb" />
      </TestCategory>
      <DeploymentItems>
        <DeploymentItem filename="ExternalBinaries" outputDirectory=".\ExternalBinaries" />
        <DeploymentItem filename="TestData" outputDirectory=".\TestData" />
        <DeploymentItem filename="TestRunConfig" outputDirectory=".\TestRunConfig" />
      </DeploymentItems>
      <Execution id="ae4b1008-f17e-4d62-948d-916525888c9d" />
      <TestMethod codeBase="C:/LoyaltyWebTest/Web/Test/UI/LoyaltyWeb/LoyaltyWebTest/LoyaltyWebTest/bin/Debug/Nordstrom.Web.Test.UI.LoyaltyWeb.DLL" adapterTypeName="Microsoft.VisualStudio.TestTools.TestTypes.Unit.UnitTestAdapter, Microsoft.VisualStudio.QualityTools.Tips.UnitTest.Adapter, Version=12.0.0.0, Culture=neutral, PublicKeyToken=b03f5f7f11d50a3a" className="Nordstrom.Web.Test.UI.LoyaltyWeb.LoyaltyRegisterTests, Nordstrom.Web.Test.UI.LoyaltyWeb, Version=1.0.0.0, Culture=neutral, PublicKeyToken=null" name="TenderNeutralRewardsEnroll_AuthenticatedUserVerifyLinksOnThePage_LinksShouldNavigatetoCorrectUrls" />
    </UnitTest>
    <UnitTest name="TenderNeutralRewardsRegister_GuestUserRegisterWithShorterPhoneNumber_ShouldGetEnrollErrorMessageButWebAccountCreatedSuccessfully" storage="c:\loyaltywebtest\web\test\ui\loyaltyweb\loyaltywebtest\loyaltywebtest\bin\debug\nordstrom.web.test.ui.loyaltyweb.dll" id="3de12998-9393-9903-170e-284355b304ad">
      <Description>Guest user enrolling with shorter phone will get error message for enroll but create web account successfully.</Description>
      <TestCategory>
        <TestCategoryItem TestCategory="LoyaltyTenderNeutral Regression" />
      </TestCategory>
      <DeploymentItems>
        <DeploymentItem filename="ExternalBinaries" outputDirectory=".\ExternalBinaries" />
        <DeploymentItem filename="TestData" outputDirectory=".\TestData" />
        <DeploymentItem filename="TestRunConfig" outputDirectory=".\TestRunConfig" />
      </DeploymentItems>
      <Execution id="8c791a29-bf19-442f-be21-3a57e30a2400" />
      <TestMethod codeBase="C:/LoyaltyWebTest/Web/Test/UI/LoyaltyWeb/LoyaltyWebTest/LoyaltyWebTest/bin/Debug/Nordstrom.Web.Test.UI.LoyaltyWeb.DLL" adapterTypeName="Microsoft.VisualStudio.TestTools.TestTypes.Unit.UnitTestAdapter, Microsoft.VisualStudio.QualityTools.Tips.UnitTest.Adapter, Version=12.0.0.0, Culture=neutral, PublicKeyToken=b03f5f7f11d50a3a" className="Nordstrom.Web.Test.UI.LoyaltyWeb.LoyaltyRegisterTests, Nordstrom.Web.Test.UI.LoyaltyWeb, Version=1.0.0.0, Culture=neutral, PublicKeyToken=null" name="TenderNeutralRewardsRegister_GuestUserRegisterWithShorterPhoneNumber_ShouldGetEnrollErrorMessageButWebAccountCreatedSuccessfully" />
    </UnitTest>
    <UnitTest name="TenderNeutralRewardsEnroll_LoyaltyTNAuthenticatedUserFiveDigitsInCodeField_ThrowseError" storage="c:\loyaltywebtest\web\test\ui\loyaltyweb\loyaltywebtest\loyaltywebtest\bin\debug\nordstrom.web.test.ui.loyaltyweb.dll" id="f95a6f19-ee3b-53de-cf88-883fcaddfe39">
      <Description>Verify that error message is displayed when a five digit number is entered in mobile vrification code field</Description>
      <TestCategory>
        <TestCategoryItem TestCategory="LoyaltyTenderNeutralBVT" />
        <TestCategoryItem TestCategory="LoyaltyWeb" />
      </TestCategory>
      <DeploymentItems>
        <DeploymentItem filename="ExternalBinaries" outputDirectory=".\ExternalBinaries" />
        <DeploymentItem filename="TestData" outputDirectory=".\TestData" />
        <DeploymentItem filename="TestRunConfig" outputDirectory=".\TestRunConfig" />
      </DeploymentItems>
      <Execution id="ea6405a8-6eda-45dc-91f6-ef4cde89ae71" />
      <TestMethod codeBase="C:/LoyaltyWebTest/Web/Test/UI/LoyaltyWeb/LoyaltyWebTest/LoyaltyWebTest/bin/Debug/Nordstrom.Web.Test.UI.LoyaltyWeb.DLL" adapterTypeName="Microsoft.VisualStudio.TestTools.TestTypes.Unit.UnitTestAdapter, Microsoft.VisualStudio.QualityTools.Tips.UnitTest.Adapter, Version=12.0.0.0, Culture=neutral, PublicKeyToken=b03f5f7f11d50a3a" className="Nordstrom.Web.Test.UI.LoyaltyWeb.LoyaltyTenderNeutralMobileVerificationPageTests, Nordstrom.Web.Test.UI.LoyaltyWeb, Version=1.0.0.0, Culture=neutral, PublicKeyToken=null" name="TenderNeutralRewardsEnroll_LoyaltyTNAuthenticatedUserFiveDigitsInCodeField_ThrowseError" />
    </UnitTest>
    <UnitTest name="TenderNeutralAssociation_WebAssociatedEnrollMemberTryToAssociateAgain_ShouldGetRightMessage" storage="c:\loyaltywebtest\web\test\ui\loyaltyweb\loyaltywebtest\loyaltywebtest\bin\debug\nordstrom.web.test.ui.loyaltyweb.dll" id="f7d013bf-844c-5140-5447-28322266c549">
      <Description>When existing web associated guest memeber wants to associate again and he got the error message</Description>
      <TestCategory>
        <TestCategoryItem TestCategory="Association" />
      </TestCategory>
      <DeploymentItems>
        <DeploymentItem filename="ExternalBinaries" outputDirectory=".\ExternalBinaries" />
        <DeploymentItem filename="TestData" outputDirectory=".\TestData" />
        <DeploymentItem filename="TestRunConfig" outputDirectory=".\TestRunConfig" />
      </DeploymentItems>
      <Execution id="b90625a9-11ef-4f3a-b8b2-0b4503cc7ed7" />
      <TestMethod codeBase="C:/LoyaltyWebTest/Web/Test/UI/LoyaltyWeb/LoyaltyWebTest/LoyaltyWebTest/bin/Debug/Nordstrom.Web.Test.UI.LoyaltyWeb.DLL" adapterTypeName="Microsoft.VisualStudio.TestTools.TestTypes.Unit.UnitTestAdapter, Microsoft.VisualStudio.QualityTools.Tips.UnitTest.Adapter, Version=12.0.0.0, Culture=neutral, PublicKeyToken=b03f5f7f11d50a3a" className="Nordstrom.Web.Test.UI.LoyaltyWeb.LoyaltyAssociationTests, Nordstrom.Web.Test.UI.LoyaltyWeb, Version=1.0.0.0, Culture=neutral, PublicKeyToken=null" name="TenderNeutralAssociation_WebAssociatedEnrollMemberTryToAssociateAgain_ShouldGetRightMessage" />
    </UnitTest>
    <UnitTest name="TenderNeutralAssociation_RecognizedUserEnrolledinLoyaltyFromServiceCenterToToWebAssociationPage_ShouldSucceed" storage="c:\loyaltywebtest\web\test\ui\loyaltyweb\loyaltywebtest\loyaltywebtest\bin\debug\nordstrom.web.test.ui.loyaltyweb.dll" id="07c18028-e476-f9b9-b536-4f84edee61f4">
      <Description>Verify that when recognized user enrolled from  Service Center goes to Association page, he can type in his email and phone number and associate to loyalty program.</Description>
      <TestCategory>
        <TestCategoryItem TestCategory="LoyaltyTenderNeutral Regression" />
        <TestCategoryItem TestCategory="ppp" />
      </TestCategory>
      <DeploymentItems>
        <DeploymentItem filename="ExternalBinaries" outputDirectory=".\ExternalBinaries" />
        <DeploymentItem filename="TestData" outputDirectory=".\TestData" />
        <DeploymentItem filename="TestRunConfig" outputDirectory=".\TestRunConfig" />
      </DeploymentItems>
      <Execution id="069916c8-77a8-4580-9482-64154530d6ac" />
      <TestMethod codeBase="C:/LoyaltyWebTest/Web/Test/UI/LoyaltyWeb/LoyaltyWebTest/LoyaltyWebTest/bin/Debug/Nordstrom.Web.Test.UI.LoyaltyWeb.DLL" adapterTypeName="Microsoft.VisualStudio.TestTools.TestTypes.Unit.UnitTestAdapter, Microsoft.VisualStudio.QualityTools.Tips.UnitTest.Adapter, Version=12.0.0.0, Culture=neutral, PublicKeyToken=b03f5f7f11d50a3a" className="Nordstrom.Web.Test.UI.LoyaltyWeb.LoyaltyAssociationTests, Nordstrom.Web.Test.UI.LoyaltyWeb, Version=1.0.0.0, Culture=neutral, PublicKeyToken=null" name="TenderNeutralAssociation_RecognizedUserEnrolledinLoyaltyFromServiceCenterToToWebAssociationPage_ShouldSucceed" />
    </UnitTest>
    <UnitTest name="ApplyAndBuy_GuestUserDeclineVisaAndRetailCard_SuccessfulNavigationToHomePage" storage="c:\loyaltywebtest\web\test\ui\loyaltyweb\loyaltywebtest\loyaltywebtest\bin\debug\nordstrom.web.test.ui.loyaltyweb.dll" id="819b055e-d883-032e-dbe4-8a1f8c548dcd">
      <Description>Verify that the guest user is taken to the home page on clicking the decline both cards link from the credit card offer page for visa and retail card</Description>
      <TestCategory>
        <TestCategoryItem TestCategory="ApplyAndBuy Regression" />
      </TestCategory>
      <DeploymentItems>
        <DeploymentItem filename="ExternalBinaries" outputDirectory=".\ExternalBinaries" />
        <DeploymentItem filename="TestData" outputDirectory=".\TestData" />
        <DeploymentItem filename="TestRunConfig" outputDirectory=".\TestRunConfig" />
      </DeploymentItems>
      <Execution id="94772a54-0fbf-424f-975d-d66b14417959" />
      <TestMethod codeBase="C:/LoyaltyWebTest/Web/Test/UI/LoyaltyWeb/LoyaltyWebTest/LoyaltyWebTest/bin/Debug/Nordstrom.Web.Test.UI.LoyaltyWeb.DLL" adapterTypeName="Microsoft.VisualStudio.TestTools.TestTypes.Unit.UnitTestAdapter, Microsoft.VisualStudio.QualityTools.Tips.UnitTest.Adapter, Version=12.0.0.0, Culture=neutral, PublicKeyToken=b03f5f7f11d50a3a" className="Nordstrom.Web.Test.UI.LoyaltyWeb.ApplyAndBuyTests, Nordstrom.Web.Test.UI.LoyaltyWeb, Version=1.0.0.0, Culture=neutral, PublicKeyToken=null" name="ApplyAndBuy_GuestUserDeclineVisaAndRetailCard_SuccessfulNavigationToHomePage" />
    </UnitTest>
    <UnitTest name="TenderNeutralAssociation_When15MinutesPassAsAuthenticatedUser_ChangeToRecognizeUserAndInfoDisappear" storage="c:\loyaltywebtest\web\test\ui\loyaltyweb\loyaltywebtest\loyaltywebtest\bin\debug\nordstrom.web.test.ui.loyaltyweb.dll" id="e7dc9dd3-4cd3-3bf6-c7c0-12fcc1c1c5cd">
      <Description>Verify that when 15 minutes pass, authenticated user changes to recognized user and his phone info clears up</Description>
      <TestCategory>
        <TestCategoryItem TestCategory="LoyaltyTenderNeutral SensitiveData" />
      </TestCategory>
      <DeploymentItems>
        <DeploymentItem filename="ExternalBinaries" outputDirectory=".\ExternalBinaries" />
        <DeploymentItem filename="TestData" outputDirectory=".\TestData" />
        <DeploymentItem filename="TestRunConfig" outputDirectory=".\TestRunConfig" />
      </DeploymentItems>
      <Execution id="7c89815e-6335-4d2d-bf0c-a646aa017d12" />
      <TestMethod codeBase="C:/LoyaltyWebTest/Web/Test/UI/LoyaltyWeb/LoyaltyWebTest/LoyaltyWebTest/bin/Debug/Nordstrom.Web.Test.UI.LoyaltyWeb.DLL" adapterTypeName="Microsoft.VisualStudio.TestTools.TestTypes.Unit.UnitTestAdapter, Microsoft.VisualStudio.QualityTools.Tips.UnitTest.Adapter, Version=12.0.0.0, Culture=neutral, PublicKeyToken=b03f5f7f11d50a3a" className="Nordstrom.Web.Test.UI.LoyaltyWeb.UserSensitiveDataCases, Nordstrom.Web.Test.UI.LoyaltyWeb, Version=1.0.0.0, Culture=neutral, PublicKeyToken=null" name="TenderNeutralAssociation_When15MinutesPassAsAuthenticatedUser_ChangeToRecognizeUserAndInfoDisappear" />
    </UnitTest>
    <UnitTest name="LoyaltyLearnPage_ClickSignInLink_NavigatesToSignInPageSuccessfully" storage="c:\loyaltywebtest\web\test\ui\loyaltyweb\loyaltywebtest\loyaltywebtest\bin\debug\nordstrom.web.test.ui.loyaltyweb.dll" id="e8313b37-cad0-8bea-af01-abb87214c79f">
      <Description>To verify SignIn link on Learn Page is navigated to the relevant page successfully</Description>
      <TestCategory>
        <TestCategoryItem TestCategory="Learn" />
      </TestCategory>
      <DeploymentItems>
        <DeploymentItem filename="ExternalBinaries" outputDirectory=".\ExternalBinaries" />
        <DeploymentItem filename="TestData" outputDirectory=".\TestData" />
        <DeploymentItem filename="TestRunConfig" outputDirectory=".\TestRunConfig" />
      </DeploymentItems>
      <Execution id="edd0879c-91ae-4695-82df-2eaf4c2271c9" />
      <TestMethod codeBase="C:/LoyaltyWebTest/Web/Test/UI/LoyaltyWeb/LoyaltyWebTest/LoyaltyWebTest/bin/Debug/Nordstrom.Web.Test.UI.LoyaltyWeb.DLL" adapterTypeName="Microsoft.VisualStudio.TestTools.TestTypes.Unit.UnitTestAdapter, Microsoft.VisualStudio.QualityTools.Tips.UnitTest.Adapter, Version=12.0.0.0, Culture=neutral, PublicKeyToken=b03f5f7f11d50a3a" className="Nordstrom.Web.Test.UI.LoyaltyWeb.LoyaltyLearnTests, Nordstrom.Web.Test.UI.LoyaltyWeb, Version=1.0.0.0, Culture=neutral, PublicKeyToken=null" name="LoyaltyLearnPage_ClickSignInLink_NavigatesToSignInPageSuccessfully" />
    </UnitTest>
    <UnitTest name="TenderNeutralRewardsRegister_GuestUserEnrollWithExistingEmailButDifferentPhoneNumberInTheLoyaltyProgram_ShouldFailInEnroll" storage="c:\loyaltywebtest\web\test\ui\loyaltyweb\loyaltywebtest\loyaltywebtest\bin\debug\nordstrom.web.test.ui.loyaltyweb.dll" id="a6eb5918-3ab1-9078-7b27-8e40be1748bf">
      <Description>Guest user enrolling with existing enroll email but different phone number would fail</Description>
      <TestCategory>
        <TestCategoryItem TestCategory="LoyaltyTenderNeutral Regression" />
      </TestCategory>
      <DeploymentItems>
        <DeploymentItem filename="ExternalBinaries" outputDirectory=".\ExternalBinaries" />
        <DeploymentItem filename="TestData" outputDirectory=".\TestData" />
        <DeploymentItem filename="TestRunConfig" outputDirectory=".\TestRunConfig" />
      </DeploymentItems>
      <Execution id="92df26bb-e51f-4b2b-867f-0b283b6e153a" />
      <TestMethod codeBase="C:/LoyaltyWebTest/Web/Test/UI/LoyaltyWeb/LoyaltyWebTest/LoyaltyWebTest/bin/Debug/Nordstrom.Web.Test.UI.LoyaltyWeb.DLL" adapterTypeName="Microsoft.VisualStudio.TestTools.TestTypes.Unit.UnitTestAdapter, Microsoft.VisualStudio.QualityTools.Tips.UnitTest.Adapter, Version=12.0.0.0, Culture=neutral, PublicKeyToken=b03f5f7f11d50a3a" className="Nordstrom.Web.Test.UI.LoyaltyWeb.LoyaltyRegisterTests, Nordstrom.Web.Test.UI.LoyaltyWeb, Version=1.0.0.0, Culture=neutral, PublicKeyToken=null" name="TenderNeutralRewardsRegister_GuestUserEnrollWithExistingEmailButDifferentPhoneNumberInTheLoyaltyProgram_ShouldFailInEnroll" />
    </UnitTest>
    <UnitTest name="TenderNeutralEarn_GuestUserCannotSeeRewardsSectionInOrderSubmitPage_Successfully" storage="c:\loyaltywebtest\web\test\ui\loyaltyweb\loyaltywebtest\loyaltywebtest\bin\debug\nordstrom.web.test.ui.loyaltyweb.dll" id="ab97186a-ec5a-c908-5c1d-428ddbe44d2b">
      <Description>Verify that the guest user cannot see Rewards section in Ordersubmit page.</Description>
      <TestCategory>
        <TestCategoryItem TestCategory="EarnTests" />
      </TestCategory>
      <DeploymentItems>
        <DeploymentItem filename="ExternalBinaries" outputDirectory=".\ExternalBinaries" />
        <DeploymentItem filename="TestData" outputDirectory=".\TestData" />
        <DeploymentItem filename="TestRunConfig" outputDirectory=".\TestRunConfig" />
      </DeploymentItems>
      <Execution id="dfbea5b8-8af1-4596-9440-3d467fbb16c3" />
      <TestMethod codeBase="C:/LoyaltyWebTest/Web/Test/UI/LoyaltyWeb/LoyaltyWebTest/LoyaltyWebTest/bin/Debug/Nordstrom.Web.Test.UI.LoyaltyWeb.DLL" adapterTypeName="Microsoft.VisualStudio.TestTools.TestTypes.Unit.UnitTestAdapter, Microsoft.VisualStudio.QualityTools.Tips.UnitTest.Adapter, Version=12.0.0.0, Culture=neutral, PublicKeyToken=b03f5f7f11d50a3a" className="Nordstrom.Web.Test.UI.LoyaltyWeb.LoyaltyEarnTests, Nordstrom.Web.Test.UI.LoyaltyWeb, Version=1.0.0.0, Culture=neutral, PublicKeyToken=null" name="TenderNeutralEarn_GuestUserCannotSeeRewardsSectionInOrderSubmitPage_Successfully" />
    </UnitTest>
    <UnitTest name="SuccessAssociationPageModalPopupsValidation_OkButtonGetANewCodeModalValidation_OkButtonInGetANewCodeModalClosedModalSuccessfully" storage="c:\loyaltywebtest\web\test\ui\loyaltyweb\loyaltywebtest\loyaltywebtest\bin\debug\nordstrom.web.test.ui.loyaltyweb.dll" id="47b1dee1-d457-b144-965d-3ecfde9a5fd1">
      <Description>'Get a new code' Modal Popup OK Button Functionality verification</Description>
      <TestCategory>
        <TestCategoryItem TestCategory="LoyaltyTenderNeutral Regression" />
      </TestCategory>
      <DeploymentItems>
        <DeploymentItem filename="ExternalBinaries" outputDirectory=".\ExternalBinaries" />
        <DeploymentItem filename="TestData" outputDirectory=".\TestData" />
        <DeploymentItem filename="TestRunConfig" outputDirectory=".\TestRunConfig" />
      </DeploymentItems>
      <Execution id="5903a802-64d8-4ce2-9a6c-4327b517d4bb" />
      <TestMethod codeBase="C:/LoyaltyWebTest/Web/Test/UI/LoyaltyWeb/LoyaltyWebTest/LoyaltyWebTest/bin/Debug/Nordstrom.Web.Test.UI.LoyaltyWeb.DLL" adapterTypeName="Microsoft.VisualStudio.TestTools.TestTypes.Unit.UnitTestAdapter, Microsoft.VisualStudio.QualityTools.Tips.UnitTest.Adapter, Version=12.0.0.0, Culture=neutral, PublicKeyToken=b03f5f7f11d50a3a" className="Nordstrom.Web.Test.UI.LoyaltyWeb.LoyaltyTenderNeutralMobileVerificationPageTests, Nordstrom.Web.Test.UI.LoyaltyWeb, Version=1.0.0.0, Culture=neutral, PublicKeyToken=null" name="SuccessAssociationPageModalPopupsValidation_OkButtonGetANewCodeModalValidation_OkButtonInGetANewCodeModalClosedModalSuccessfully" />
    </UnitTest>
    <UnitTest name="SuccessAssociationPageModalPopupsValidation_GuestUserDidntGetACodeModalContentValidation_DidntGetACodeModalContentValidatedSuccessfully" storage="c:\loyaltywebtest\web\test\ui\loyaltyweb\loyaltywebtest\loyaltywebtest\bin\debug\nordstrom.web.test.ui.loyaltyweb.dll" id="837239c5-67a3-15ad-e8a9-edc4254dd4db">
      <Description>Didn't Get A Code Modal Popup Content Validation for Association mobile verification modal</Description>
      <TestCategory>
        <TestCategoryItem TestCategory="LoyaltyTenderNeutral Regression" />
      </TestCategory>
      <DeploymentItems>
        <DeploymentItem filename="ExternalBinaries" outputDirectory=".\ExternalBinaries" />
        <DeploymentItem filename="TestData" outputDirectory=".\TestData" />
        <DeploymentItem filename="TestRunConfig" outputDirectory=".\TestRunConfig" />
      </DeploymentItems>
      <Execution id="efdcf948-fb2e-401b-a2e1-5b88d675d97b" />
      <TestMethod codeBase="C:/LoyaltyWebTest/Web/Test/UI/LoyaltyWeb/LoyaltyWebTest/LoyaltyWebTest/bin/Debug/Nordstrom.Web.Test.UI.LoyaltyWeb.DLL" adapterTypeName="Microsoft.VisualStudio.TestTools.TestTypes.Unit.UnitTestAdapter, Microsoft.VisualStudio.QualityTools.Tips.UnitTest.Adapter, Version=12.0.0.0, Culture=neutral, PublicKeyToken=b03f5f7f11d50a3a" className="Nordstrom.Web.Test.UI.LoyaltyWeb.LoyaltyTenderNeutralMobileVerificationPageTests, Nordstrom.Web.Test.UI.LoyaltyWeb, Version=1.0.0.0, Culture=neutral, PublicKeyToken=null" name="SuccessAssociationPageModalPopupsValidation_GuestUserDidntGetACodeModalContentValidation_DidntGetACodeModalContentValidatedSuccessfully" />
    </UnitTest>
    <UnitTest name="LoyaltyWelcomePage_BonusPointEventsLink_ShouldHaveValidURL" storage="c:\loyaltywebtest\web\test\ui\loyaltyweb\loyaltywebtest\loyaltywebtest\bin\debug\nordstrom.web.test.ui.loyaltyweb.dll" id="f2fbd149-e2af-5637-9417-20622b33fae0">
      <Description>Bonus Point Events link navigates to the right URL</Description>
      <TestCategory>
        <TestCategoryItem TestCategory="Welcome" />
      </TestCategory>
      <DeploymentItems>
        <DeploymentItem filename="ExternalBinaries" outputDirectory=".\ExternalBinaries" />
        <DeploymentItem filename="TestData" outputDirectory=".\TestData" />
        <DeploymentItem filename="TestRunConfig" outputDirectory=".\TestRunConfig" />
      </DeploymentItems>
      <Execution id="593f802b-50ec-4a5e-b080-2bf8ae9abbf2" />
      <TestMethod codeBase="C:/LoyaltyWebTest/Web/Test/UI/LoyaltyWeb/LoyaltyWebTest/LoyaltyWebTest/bin/Debug/Nordstrom.Web.Test.UI.LoyaltyWeb.DLL" adapterTypeName="Microsoft.VisualStudio.TestTools.TestTypes.Unit.UnitTestAdapter, Microsoft.VisualStudio.QualityTools.Tips.UnitTest.Adapter, Version=12.0.0.0, Culture=neutral, PublicKeyToken=b03f5f7f11d50a3a" className="Nordstrom.Web.Test.UI.LoyaltyWeb.LoyaltyWelcomeTests, Nordstrom.Web.Test.UI.LoyaltyWeb, Version=1.0.0.0, Culture=neutral, PublicKeyToken=null" name="LoyaltyWelcomePage_BonusPointEventsLink_ShouldHaveValidURL" />
    </UnitTest>
    <UnitTest name="TenderNeutralEarn_AuthenticatedUserNotLinkedNordAccountAndTNNumber_ClickingOnPayNordCardLinkNavigatesToPaymentSectionSuccessfully" storage="c:\loyaltywebtest\web\test\ui\loyaltyweb\loyaltywebtest\loyaltywebtest\bin\debug\nordstrom.web.test.ui.loyaltyweb.dll" id="57d2f222-dabf-1931-f74a-107500e05da4">
      <Description>Verify that by clicking on 'Pay with your Nordstrom card' link, it navigates to Payment information with the fields open and editable.</Description>
      <TestCategory>
        <TestCategoryItem TestCategory="EarnTests" />
      </TestCategory>
      <DeploymentItems>
        <DeploymentItem filename="ExternalBinaries" outputDirectory=".\ExternalBinaries" />
        <DeploymentItem filename="TestData" outputDirectory=".\TestData" />
        <DeploymentItem filename="TestRunConfig" outputDirectory=".\TestRunConfig" />
      </DeploymentItems>
      <Execution id="289f1278-e915-4822-a5a1-d9cf542efcea" />
      <TestMethod codeBase="C:/LoyaltyWebTest/Web/Test/UI/LoyaltyWeb/LoyaltyWebTest/LoyaltyWebTest/bin/Debug/Nordstrom.Web.Test.UI.LoyaltyWeb.DLL" adapterTypeName="Microsoft.VisualStudio.TestTools.TestTypes.Unit.UnitTestAdapter, Microsoft.VisualStudio.QualityTools.Tips.UnitTest.Adapter, Version=12.0.0.0, Culture=neutral, PublicKeyToken=b03f5f7f11d50a3a" className="Nordstrom.Web.Test.UI.LoyaltyWeb.LoyaltyEarnTests, Nordstrom.Web.Test.UI.LoyaltyWeb, Version=1.0.0.0, Culture=neutral, PublicKeyToken=null" name="TenderNeutralEarn_AuthenticatedUserNotLinkedNordAccountAndTNNumber_ClickingOnPayNordCardLinkNavigatesToPaymentSectionSuccessfully" />
    </UnitTest>
    <UnitTest name="ApplyAndBuy_RegisteredUserApplyForVisaCard_CardSucessfullyAddedToWallet" storage="c:\loyaltywebtest\web\test\ui\loyaltyweb\loyaltywebtest\loyaltywebtest\bin\debug\nordstrom.web.test.ui.loyaltyweb.dll" id="9b828aac-d9ed-23f8-d63b-2b5dbf76c464">
      <Description>Registered user apply for a visa card and verifying the account summary for the newly added instant approved card</Description>
      <TestCategory>
        <TestCategoryItem TestCategory="ApplyAndBuy Regression" />
      </TestCategory>
      <DeploymentItems>
        <DeploymentItem filename="ExternalBinaries" outputDirectory=".\ExternalBinaries" />
        <DeploymentItem filename="TestData" outputDirectory=".\TestData" />
        <DeploymentItem filename="TestRunConfig" outputDirectory=".\TestRunConfig" />
      </DeploymentItems>
      <Execution id="67c3b212-ae13-42b1-9fbe-927333dac23c" />
      <TestMethod codeBase="C:/LoyaltyWebTest/Web/Test/UI/LoyaltyWeb/LoyaltyWebTest/LoyaltyWebTest/bin/Debug/Nordstrom.Web.Test.UI.LoyaltyWeb.DLL" adapterTypeName="Microsoft.VisualStudio.TestTools.TestTypes.Unit.UnitTestAdapter, Microsoft.VisualStudio.QualityTools.Tips.UnitTest.Adapter, Version=12.0.0.0, Culture=neutral, PublicKeyToken=b03f5f7f11d50a3a" className="Nordstrom.Web.Test.UI.LoyaltyWeb.ApplyAndBuyTests, Nordstrom.Web.Test.UI.LoyaltyWeb, Version=1.0.0.0, Culture=neutral, PublicKeyToken=null" name="ApplyAndBuy_RegisteredUserApplyForVisaCard_CardSucessfullyAddedToWallet" />
    </UnitTest>
    <UnitTest name="ApplyAndBuy_RegisteredUserApplyForRetailCard_CardSucessfullyAddedToWallet" storage="c:\loyaltywebtest\web\test\ui\loyaltyweb\loyaltywebtest\loyaltywebtest\bin\debug\nordstrom.web.test.ui.loyaltyweb.dll" id="2b62e82b-c9b1-2d2b-8ab6-337c9e608c0f">
      <Description>Registered user apply for a retail card and verifying the account summary for the newly added instant approved card</Description>
      <TestCategory>
        <TestCategoryItem TestCategory="ApplyAndBuy Regression" />
      </TestCategory>
      <DeploymentItems>
        <DeploymentItem filename="ExternalBinaries" outputDirectory=".\ExternalBinaries" />
        <DeploymentItem filename="TestData" outputDirectory=".\TestData" />
        <DeploymentItem filename="TestRunConfig" outputDirectory=".\TestRunConfig" />
      </DeploymentItems>
      <Execution id="c836289d-07b3-4d09-8458-b5cbf0fc1e04" />
      <TestMethod codeBase="C:/LoyaltyWebTest/Web/Test/UI/LoyaltyWeb/LoyaltyWebTest/LoyaltyWebTest/bin/Debug/Nordstrom.Web.Test.UI.LoyaltyWeb.DLL" adapterTypeName="Microsoft.VisualStudio.TestTools.TestTypes.Unit.UnitTestAdapter, Microsoft.VisualStudio.QualityTools.Tips.UnitTest.Adapter, Version=12.0.0.0, Culture=neutral, PublicKeyToken=b03f5f7f11d50a3a" className="Nordstrom.Web.Test.UI.LoyaltyWeb.ApplyAndBuyTests, Nordstrom.Web.Test.UI.LoyaltyWeb, Version=1.0.0.0, Culture=neutral, PublicKeyToken=null" name="ApplyAndBuy_RegisteredUserApplyForRetailCard_CardSucessfullyAddedToWallet" />
    </UnitTest>
    <UnitTest name="TenderNeutralRewardsEnroll_EnrollingWebGuestUserWithSpecialCharacterInLastName_ThrowsError" storage="c:\loyaltywebtest\web\test\ui\loyaltyweb\loyaltywebtest\loyaltywebtest\bin\debug\nordstrom.web.test.ui.loyaltyweb.dll" id="d8d2522c-d687-f307-5915-98cd323cb3f9">
      <Description>Verify that Invalid Special Character in Last Name throws error</Description>
      <TestCategory>
        <TestCategoryItem TestCategory="LoyaltyTenderNeutralUserAcceptance" />
        <TestCategoryItem TestCategory="LoyaltyWeb" />
      </TestCategory>
      <DeploymentItems>
        <DeploymentItem filename="ExternalBinaries" outputDirectory=".\ExternalBinaries" />
        <DeploymentItem filename="TestData" outputDirectory=".\TestData" />
        <DeploymentItem filename="TestRunConfig" outputDirectory=".\TestRunConfig" />
      </DeploymentItems>
      <Execution id="946c15c7-463f-401a-92aa-255ec0190bd9" />
      <TestMethod codeBase="C:/LoyaltyWebTest/Web/Test/UI/LoyaltyWeb/LoyaltyWebTest/LoyaltyWebTest/bin/Debug/Nordstrom.Web.Test.UI.LoyaltyWeb.DLL" adapterTypeName="Microsoft.VisualStudio.TestTools.TestTypes.Unit.UnitTestAdapter, Microsoft.VisualStudio.QualityTools.Tips.UnitTest.Adapter, Version=12.0.0.0, Culture=neutral, PublicKeyToken=b03f5f7f11d50a3a" className="Nordstrom.Web.Test.UI.LoyaltyWeb.LoyaltyRegisterTests, Nordstrom.Web.Test.UI.LoyaltyWeb, Version=1.0.0.0, Culture=neutral, PublicKeyToken=null" name="TenderNeutralRewardsEnroll_EnrollingWebGuestUserWithSpecialCharacterInLastName_ThrowsError" />
    </UnitTest>
    <UnitTest name="SuccessAssociationPageModalPopupsValidation_AuthenticatedUserGetANewCodeModalContentValidation_GetANewCodeModalContentValidatedSuccessfully" storage="c:\loyaltywebtest\web\test\ui\loyaltyweb\loyaltywebtest\loyaltywebtest\bin\debug\nordstrom.web.test.ui.loyaltyweb.dll" id="aa85e4af-cb36-19c8-0057-a6b24c106f4d">
      <Description>Get a new code Modal Popup Content Validation for Association mobile verification modal</Description>
      <TestCategory>
        <TestCategoryItem TestCategory="LoyaltyTenderNeutral Regression" />
      </TestCategory>
      <DeploymentItems>
        <DeploymentItem filename="ExternalBinaries" outputDirectory=".\ExternalBinaries" />
        <DeploymentItem filename="TestData" outputDirectory=".\TestData" />
        <DeploymentItem filename="TestRunConfig" outputDirectory=".\TestRunConfig" />
      </DeploymentItems>
      <Execution id="0d2e4b96-4111-4690-96a8-c292c13f7160" />
      <TestMethod codeBase="C:/LoyaltyWebTest/Web/Test/UI/LoyaltyWeb/LoyaltyWebTest/LoyaltyWebTest/bin/Debug/Nordstrom.Web.Test.UI.LoyaltyWeb.DLL" adapterTypeName="Microsoft.VisualStudio.TestTools.TestTypes.Unit.UnitTestAdapter, Microsoft.VisualStudio.QualityTools.Tips.UnitTest.Adapter, Version=12.0.0.0, Culture=neutral, PublicKeyToken=b03f5f7f11d50a3a" className="Nordstrom.Web.Test.UI.LoyaltyWeb.LoyaltyTenderNeutralMobileVerificationPageTests, Nordstrom.Web.Test.UI.LoyaltyWeb, Version=1.0.0.0, Culture=neutral, PublicKeyToken=null" name="SuccessAssociationPageModalPopupsValidation_AuthenticatedUserGetANewCodeModalContentValidation_GetANewCodeModalContentValidatedSuccessfully" />
    </UnitTest>
    <UnitTest name="MobileVerificationPageModalPopupsValidation_AuthenticatedUserGetANewCodeModalContentValidation_GetANewCodeModalContentValidatedSuccessfully" storage="c:\loyaltywebtest\web\test\ui\loyaltyweb\loyaltywebtest\loyaltywebtest\bin\debug\nordstrom.web.test.ui.loyaltyweb.dll" id="4a24944e-583e-e01a-529b-88059ce4229f">
      <Description>'Get a new code' Modal Popup verification and content validation for a authenticated user</Description>
      <TestCategory>
        <TestCategoryItem TestCategory="LoyaltyTenderNeutral Regression" />
      </TestCategory>
      <DeploymentItems>
        <DeploymentItem filename="ExternalBinaries" outputDirectory=".\ExternalBinaries" />
        <DeploymentItem filename="TestData" outputDirectory=".\TestData" />
        <DeploymentItem filename="TestRunConfig" outputDirectory=".\TestRunConfig" />
      </DeploymentItems>
      <Execution id="f9b9cf0c-c46e-4ae9-b542-07769f600ca1" />
      <TestMethod codeBase="C:/LoyaltyWebTest/Web/Test/UI/LoyaltyWeb/LoyaltyWebTest/LoyaltyWebTest/bin/Debug/Nordstrom.Web.Test.UI.LoyaltyWeb.DLL" adapterTypeName="Microsoft.VisualStudio.TestTools.TestTypes.Unit.UnitTestAdapter, Microsoft.VisualStudio.QualityTools.Tips.UnitTest.Adapter, Version=12.0.0.0, Culture=neutral, PublicKeyToken=b03f5f7f11d50a3a" className="Nordstrom.Web.Test.UI.LoyaltyWeb.LoyaltyTenderNeutralMobileVerificationPageTests, Nordstrom.Web.Test.UI.LoyaltyWeb, Version=1.0.0.0, Culture=neutral, PublicKeyToken=null" name="MobileVerificationPageModalPopupsValidation_AuthenticatedUserGetANewCodeModalContentValidation_GetANewCodeModalContentValidatedSuccessfully" />
    </UnitTest>
    <UnitTest name="SuccessAssociationPageModalPopupsValidation_AuthenticatedUserSpecialCharacterinCodeField_ThrowsError" storage="c:\loyaltywebtest\web\test\ui\loyaltyweb\loyaltywebtest\loyaltywebtest\bin\debug\nordstrom.web.test.ui.loyaltyweb.dll" id="f908d2f2-d10f-a35a-dcc7-beef8d7bcb26">
      <Description>Verify that error message is displayed when special characters are entered in association mobile verification code pop up</Description>
      <TestCategory>
        <TestCategoryItem TestCategory="LoyaltyTenderNeutralBVT" />
        <TestCategoryItem TestCategory="LoyaltyWeb" />
      </TestCategory>
      <DeploymentItems>
        <DeploymentItem filename="ExternalBinaries" outputDirectory=".\ExternalBinaries" />
        <DeploymentItem filename="TestData" outputDirectory=".\TestData" />
        <DeploymentItem filename="TestRunConfig" outputDirectory=".\TestRunConfig" />
      </DeploymentItems>
      <Execution id="91abb412-ff12-448a-88c6-49860cc09de0" />
      <TestMethod codeBase="C:/LoyaltyWebTest/Web/Test/UI/LoyaltyWeb/LoyaltyWebTest/LoyaltyWebTest/bin/Debug/Nordstrom.Web.Test.UI.LoyaltyWeb.DLL" adapterTypeName="Microsoft.VisualStudio.TestTools.TestTypes.Unit.UnitTestAdapter, Microsoft.VisualStudio.QualityTools.Tips.UnitTest.Adapter, Version=12.0.0.0, Culture=neutral, PublicKeyToken=b03f5f7f11d50a3a" className="Nordstrom.Web.Test.UI.LoyaltyWeb.LoyaltyTenderNeutralMobileVerificationPageTests, Nordstrom.Web.Test.UI.LoyaltyWeb, Version=1.0.0.0, Culture=neutral, PublicKeyToken=null" name="SuccessAssociationPageModalPopupsValidation_AuthenticatedUserSpecialCharacterinCodeField_ThrowsError" />
    </UnitTest>
    <UnitTest name="TenderNeutralAssociation_AuthenticatedUser_ConfirmationForNordAccountAndRewardsMembershipSuccessfullyLinked" storage="c:\loyaltywebtest\web\test\ui\loyaltyweb\loyaltywebtest\loyaltywebtest\bin\debug\nordstrom.web.test.ui.loyaltyweb.dll" id="56bc2a30-7431-366f-3cd8-0390dd04c1b6">
      <Description>Authenticated user gets confirmation after successful web association</Description>
      <TestCategory>
        <TestCategoryItem TestCategory="LoyaltyTenderNeutral Regression" />
        <TestCategoryItem TestCategory="ppp" />
      </TestCategory>
      <DeploymentItems>
        <DeploymentItem filename="ExternalBinaries" outputDirectory=".\ExternalBinaries" />
        <DeploymentItem filename="TestData" outputDirectory=".\TestData" />
        <DeploymentItem filename="TestRunConfig" outputDirectory=".\TestRunConfig" />
      </DeploymentItems>
      <Execution id="54b419e8-f0d5-46d0-acd9-129a8f689cfc" />
      <TestMethod codeBase="C:/LoyaltyWebTest/Web/Test/UI/LoyaltyWeb/LoyaltyWebTest/LoyaltyWebTest/bin/Debug/Nordstrom.Web.Test.UI.LoyaltyWeb.DLL" adapterTypeName="Microsoft.VisualStudio.TestTools.TestTypes.Unit.UnitTestAdapter, Microsoft.VisualStudio.QualityTools.Tips.UnitTest.Adapter, Version=12.0.0.0, Culture=neutral, PublicKeyToken=b03f5f7f11d50a3a" className="Nordstrom.Web.Test.UI.LoyaltyWeb.LoyaltyAssociationTests, Nordstrom.Web.Test.UI.LoyaltyWeb, Version=1.0.0.0, Culture=neutral, PublicKeyToken=null" name="TenderNeutralAssociation_AuthenticatedUser_ConfirmationForNordAccountAndRewardsMembershipSuccessfullyLinked" />
    </UnitTest>
    <UnitTest name="TenderNeutralAssociation_ExistingLoyaltyCustomerComesToAssociationPageUsingDifferentWebAccount_ShouldGetErrorMessage" storage="c:\loyaltywebtest\web\test\ui\loyaltyweb\loyaltywebtest\loyaltywebtest\bin\debug\nordstrom.web.test.ui.loyaltyweb.dll" id="bf20d9b1-26e6-819b-2980-c3bcb8cd5366">
      <Description>Customer enrolled in store. As guest customer types wrong email, he got error message right message.</Description>
      <TestCategory>
        <TestCategoryItem TestCategory="Association" />
      </TestCategory>
      <DeploymentItems>
        <DeploymentItem filename="ExternalBinaries" outputDirectory=".\ExternalBinaries" />
        <DeploymentItem filename="TestData" outputDirectory=".\TestData" />
        <DeploymentItem filename="TestRunConfig" outputDirectory=".\TestRunConfig" />
      </DeploymentItems>
      <Execution id="247086ef-79e1-4340-b086-c722078162be" />
      <TestMethod codeBase="C:/LoyaltyWebTest/Web/Test/UI/LoyaltyWeb/LoyaltyWebTest/LoyaltyWebTest/bin/Debug/Nordstrom.Web.Test.UI.LoyaltyWeb.DLL" adapterTypeName="Microsoft.VisualStudio.TestTools.TestTypes.Unit.UnitTestAdapter, Microsoft.VisualStudio.QualityTools.Tips.UnitTest.Adapter, Version=12.0.0.0, Culture=neutral, PublicKeyToken=b03f5f7f11d50a3a" className="Nordstrom.Web.Test.UI.LoyaltyWeb.LoyaltyAssociationTests, Nordstrom.Web.Test.UI.LoyaltyWeb, Version=1.0.0.0, Culture=neutral, PublicKeyToken=null" name="TenderNeutralAssociation_ExistingLoyaltyCustomerComesToAssociationPageUsingDifferentWebAccount_ShouldGetErrorMessage" />
    </UnitTest>
    <UnitTest name="LoyaltyWelcomePage_WhenTypeRightURL_ShouldRenderWelcomePage" storage="c:\loyaltywebtest\web\test\ui\loyaltyweb\loyaltywebtest\loyaltywebtest\bin\debug\nordstrom.web.test.ui.loyaltyweb.dll" id="e3a562d7-b300-5f52-06c2-7be31e66bd96">
      <Description>Authenticated User should remain authenticated when goes to Welcome page</Description>
      <TestCategory>
        <TestCategoryItem TestCategory="Welcome" />
      </TestCategory>
      <DeploymentItems>
        <DeploymentItem filename="ExternalBinaries" outputDirectory=".\ExternalBinaries" />
        <DeploymentItem filename="TestData" outputDirectory=".\TestData" />
        <DeploymentItem filename="TestRunConfig" outputDirectory=".\TestRunConfig" />
      </DeploymentItems>
      <Execution id="89b51345-7172-4321-a2fb-91ba3c733a67" />
      <TestMethod codeBase="C:/LoyaltyWebTest/Web/Test/UI/LoyaltyWeb/LoyaltyWebTest/LoyaltyWebTest/bin/Debug/Nordstrom.Web.Test.UI.LoyaltyWeb.DLL" adapterTypeName="Microsoft.VisualStudio.TestTools.TestTypes.Unit.UnitTestAdapter, Microsoft.VisualStudio.QualityTools.Tips.UnitTest.Adapter, Version=12.0.0.0, Culture=neutral, PublicKeyToken=b03f5f7f11d50a3a" className="Nordstrom.Web.Test.UI.LoyaltyWeb.LoyaltyWelcomeTests, Nordstrom.Web.Test.UI.LoyaltyWeb, Version=1.0.0.0, Culture=neutral, PublicKeyToken=null" name="LoyaltyWelcomePage_WhenTypeRightURL_ShouldRenderWelcomePage" />
    </UnitTest>
    <UnitTest name="LoyaltyLearnPage_ClickGiveUsFeedbackLink_NavigatesToRelevantPageSuccessfully" storage="c:\loyaltywebtest\web\test\ui\loyaltyweb\loyaltywebtest\loyaltywebtest\bin\debug\nordstrom.web.test.ui.loyaltyweb.dll" id="79b567e2-f99e-8fc8-39fc-28d1643a0d21">
      <Description>To verify Give us feedback link on Learn Page is navigated to the relevant page successfully</Description>
      <TestCategory>
        <TestCategoryItem TestCategory="Learn" />
      </TestCategory>
      <DeploymentItems>
        <DeploymentItem filename="ExternalBinaries" outputDirectory=".\ExternalBinaries" />
        <DeploymentItem filename="TestData" outputDirectory=".\TestData" />
        <DeploymentItem filename="TestRunConfig" outputDirectory=".\TestRunConfig" />
      </DeploymentItems>
      <Execution id="8f921f0b-1e0e-4da1-b13a-a1ea85d56eea" />
      <TestMethod codeBase="C:/LoyaltyWebTest/Web/Test/UI/LoyaltyWeb/LoyaltyWebTest/LoyaltyWebTest/bin/Debug/Nordstrom.Web.Test.UI.LoyaltyWeb.DLL" adapterTypeName="Microsoft.VisualStudio.TestTools.TestTypes.Unit.UnitTestAdapter, Microsoft.VisualStudio.QualityTools.Tips.UnitTest.Adapter, Version=12.0.0.0, Culture=neutral, PublicKeyToken=b03f5f7f11d50a3a" className="Nordstrom.Web.Test.UI.LoyaltyWeb.LoyaltyLearnTests, Nordstrom.Web.Test.UI.LoyaltyWeb, Version=1.0.0.0, Culture=neutral, PublicKeyToken=null" name="LoyaltyLearnPage_ClickGiveUsFeedbackLink_NavigatesToRelevantPageSuccessfully" />
    </UnitTest>
    <UnitTest name="ApplyAndBuy_GuestUserApplyForNewVisaCardAndSignInAsExistingUserAfterCardConfirmation_OrderSuccessfullyPlacedWithNewVisaCard" storage="c:\loyaltywebtest\web\test\ui\loyaltyweb\loyaltywebtest\loyaltywebtest\bin\debug\nordstrom.web.test.ui.loyaltyweb.dll" id="189abbc0-b0a5-ecf8-6664-bfda98bdb3a6">
      <Description>Verify that a guest user can apply for a visa card, sign in as an existing user from the confirmation pageand place order with the instant approved visa card</Description>
      <TestCategory>
        <TestCategoryItem TestCategory="ApplyAndbuy EndToEnd" />
      </TestCategory>
      <DeploymentItems>
        <DeploymentItem filename="ExternalBinaries" outputDirectory=".\ExternalBinaries" />
        <DeploymentItem filename="TestData" outputDirectory=".\TestData" />
        <DeploymentItem filename="TestRunConfig" outputDirectory=".\TestRunConfig" />
      </DeploymentItems>
      <Execution id="53f889ae-4443-40c3-8cca-1982d073bbf2" />
      <TestMethod codeBase="C:/LoyaltyWebTest/Web/Test/UI/LoyaltyWeb/LoyaltyWebTest/LoyaltyWebTest/bin/Debug/Nordstrom.Web.Test.UI.LoyaltyWeb.DLL" adapterTypeName="Microsoft.VisualStudio.TestTools.TestTypes.Unit.UnitTestAdapter, Microsoft.VisualStudio.QualityTools.Tips.UnitTest.Adapter, Version=12.0.0.0, Culture=neutral, PublicKeyToken=b03f5f7f11d50a3a" className="Nordstrom.Web.Test.UI.LoyaltyWeb.ApplyAndBuyTests, Nordstrom.Web.Test.UI.LoyaltyWeb, Version=1.0.0.0, Culture=neutral, PublicKeyToken=null" name="ApplyAndBuy_GuestUserApplyForNewVisaCardAndSignInAsExistingUserAfterCardConfirmation_OrderSuccessfullyPlacedWithNewVisaCard" />
    </UnitTest>
    <UnitTest name="ApplyandBuy_GuestUserApplyForNewRetailCard_ShoppingSuccessfulWithNewRetailCardAddedToWallet" storage="c:\loyaltywebtest\web\test\ui\loyaltyweb\loyaltywebtest\loyaltywebtest\bin\debug\nordstrom.web.test.ui.loyaltyweb.dll" id="19d3f5b7-1a42-16cf-9148-75f4af1915d8">
      <Description>Apply for Retail Card as a guest user, register after card confirmation and successfully place an order with newly added card to wallet</Description>
      <TestCategory>
        <TestCategoryItem TestCategory="ApplyAndbuy EndToEnd" />
      </TestCategory>
      <DeploymentItems>
        <DeploymentItem filename="ExternalBinaries" outputDirectory=".\ExternalBinaries" />
        <DeploymentItem filename="TestData" outputDirectory=".\TestData" />
        <DeploymentItem filename="TestRunConfig" outputDirectory=".\TestRunConfig" />
      </DeploymentItems>
      <Execution id="0fca6632-c94a-48b8-b6e6-7154d8667bd8" />
      <TestMethod codeBase="C:/LoyaltyWebTest/Web/Test/UI/LoyaltyWeb/LoyaltyWebTest/LoyaltyWebTest/bin/Debug/Nordstrom.Web.Test.UI.LoyaltyWeb.DLL" adapterTypeName="Microsoft.VisualStudio.TestTools.TestTypes.Unit.UnitTestAdapter, Microsoft.VisualStudio.QualityTools.Tips.UnitTest.Adapter, Version=12.0.0.0, Culture=neutral, PublicKeyToken=b03f5f7f11d50a3a" className="Nordstrom.Web.Test.UI.LoyaltyWeb.ApplyAndBuyTests, Nordstrom.Web.Test.UI.LoyaltyWeb, Version=1.0.0.0, Culture=neutral, PublicKeyToken=null" name="ApplyandBuy_GuestUserApplyForNewRetailCard_ShoppingSuccessfulWithNewRetailCardAddedToWallet" />
    </UnitTest>
    <UnitTest name="TenderNeutralRewardsEnroll_LoyaltyTNAuthenticatedUserLessThanSixDigitsInCodeField_ThrowseError" storage="c:\loyaltywebtest\web\test\ui\loyaltyweb\loyaltywebtest\loyaltywebtest\bin\debug\nordstrom.web.test.ui.loyaltyweb.dll" id="3757ab62-2418-b96f-a6e8-6a2ddff7f5be">
      <Description>Verify that error message is displayed when a number less than 6 digits are entered in mobile vrification code field</Description>
      <TestCategory>
        <TestCategoryItem TestCategory="LoyaltyTenderNeutralBVT" />
        <TestCategoryItem TestCategory="LoyaltyWeb" />
      </TestCategory>
      <DeploymentItems>
        <DeploymentItem filename="ExternalBinaries" outputDirectory=".\ExternalBinaries" />
        <DeploymentItem filename="TestData" outputDirectory=".\TestData" />
        <DeploymentItem filename="TestRunConfig" outputDirectory=".\TestRunConfig" />
      </DeploymentItems>
      <Execution id="b7501043-00fc-4e5a-b325-d75668feb76e" />
      <TestMethod codeBase="C:/LoyaltyWebTest/Web/Test/UI/LoyaltyWeb/LoyaltyWebTest/LoyaltyWebTest/bin/Debug/Nordstrom.Web.Test.UI.LoyaltyWeb.DLL" adapterTypeName="Microsoft.VisualStudio.TestTools.TestTypes.Unit.UnitTestAdapter, Microsoft.VisualStudio.QualityTools.Tips.UnitTest.Adapter, Version=12.0.0.0, Culture=neutral, PublicKeyToken=b03f5f7f11d50a3a" className="Nordstrom.Web.Test.UI.LoyaltyWeb.LoyaltyTenderNeutralMobileVerificationPageTests, Nordstrom.Web.Test.UI.LoyaltyWeb, Version=1.0.0.0, Culture=neutral, PublicKeyToken=null" name="TenderNeutralRewardsEnroll_LoyaltyTNAuthenticatedUserLessThanSixDigitsInCodeField_ThrowseError" />
    </UnitTest>
    <UnitTest name="TenderNeutralAssociation_AlreadyAssociatedEnrolledCustomerComesToAssociationPageAsRecognizedUser_ShouldGetYouAreSetMessage" storage="c:\loyaltywebtest\web\test\ui\loyaltyweb\loyaltywebtest\loyaltywebtest\bin\debug\nordstrom.web.test.ui.loyaltyweb.dll" id="4510ccf7-36db-8e02-5028-6ef595ef9238">
      <Description>When associated customer wants to associate again in recognized state, he got the all set message.</Description>
      <TestCategory>
        <TestCategoryItem TestCategory="Association" />
      </TestCategory>
      <DeploymentItems>
        <DeploymentItem filename="ExternalBinaries" outputDirectory=".\ExternalBinaries" />
        <DeploymentItem filename="TestData" outputDirectory=".\TestData" />
        <DeploymentItem filename="TestRunConfig" outputDirectory=".\TestRunConfig" />
      </DeploymentItems>
      <Execution id="d968b4e6-3382-46b4-acc5-7cb47ff4381d" />
      <TestMethod codeBase="C:/LoyaltyWebTest/Web/Test/UI/LoyaltyWeb/LoyaltyWebTest/LoyaltyWebTest/bin/Debug/Nordstrom.Web.Test.UI.LoyaltyWeb.DLL" adapterTypeName="Microsoft.VisualStudio.TestTools.TestTypes.Unit.UnitTestAdapter, Microsoft.VisualStudio.QualityTools.Tips.UnitTest.Adapter, Version=12.0.0.0, Culture=neutral, PublicKeyToken=b03f5f7f11d50a3a" className="Nordstrom.Web.Test.UI.LoyaltyWeb.LoyaltyAssociationTests, Nordstrom.Web.Test.UI.LoyaltyWeb, Version=1.0.0.0, Culture=neutral, PublicKeyToken=null" name="TenderNeutralAssociation_AlreadyAssociatedEnrolledCustomerComesToAssociationPageAsRecognizedUser_ShouldGetYouAreSetMessage" />
    </UnitTest>
    <UnitTest name="TenderNeutralRewardsEnroll_LoyaltyTenderNeutralGuestUserConfirmPasswordField_MismatchErrorMessageDisplayedSuccessfully" storage="c:\loyaltywebtest\web\test\ui\loyaltyweb\loyaltywebtest\loyaltywebtest\bin\debug\nordstrom.web.test.ui.loyaltyweb.dll" id="d3ba0755-91e1-30c5-315a-f25399e3023a">
      <Description>Verify the mismatch error message displayed for the invalid entry of confirm Password field</Description>
      <TestCategory>
        <TestCategoryItem TestCategory="LoyaltyTenderNeutral Regression" />
        <TestCategoryItem TestCategory="LoyaltyWeb" />
      </TestCategory>
      <DeploymentItems>
        <DeploymentItem filename="ExternalBinaries" outputDirectory=".\ExternalBinaries" />
        <DeploymentItem filename="TestData" outputDirectory=".\TestData" />
        <DeploymentItem filename="TestRunConfig" outputDirectory=".\TestRunConfig" />
      </DeploymentItems>
      <Execution id="cdeb0ceb-50f2-4dfc-b531-cc38d71ee28d" />
      <TestMethod codeBase="C:/LoyaltyWebTest/Web/Test/UI/LoyaltyWeb/LoyaltyWebTest/LoyaltyWebTest/bin/Debug/Nordstrom.Web.Test.UI.LoyaltyWeb.DLL" adapterTypeName="Microsoft.VisualStudio.TestTools.TestTypes.Unit.UnitTestAdapter, Microsoft.VisualStudio.QualityTools.Tips.UnitTest.Adapter, Version=12.0.0.0, Culture=neutral, PublicKeyToken=b03f5f7f11d50a3a" className="Nordstrom.Web.Test.UI.LoyaltyWeb.LoyaltyRegisterTests, Nordstrom.Web.Test.UI.LoyaltyWeb, Version=1.0.0.0, Culture=neutral, PublicKeyToken=null" name="TenderNeutralRewardsEnroll_LoyaltyTenderNeutralGuestUserConfirmPasswordField_MismatchErrorMessageDisplayedSuccessfully" />
    </UnitTest>
    <UnitTest name="TenderNeutralRewardsEnroll_LoyaltyTenderNeutralUnrecognisedUserLeavePhoneNumberFieldBlank_ErrorMessageDisplayedSuccessfully" storage="c:\loyaltywebtest\web\test\ui\loyaltyweb\loyaltywebtest\loyaltywebtest\bin\debug\nordstrom.web.test.ui.loyaltyweb.dll" id="2c5acb84-e512-ccac-4b8b-8ea6b0d3920c">
      <Description>Verify that error message appear for phone number field when it is left blank for unrecognised user</Description>
      <TestCategory>
        <TestCategoryItem TestCategory="LoyaltyTenderNeutral Regression" />
        <TestCategoryItem TestCategory="LoyaltyWeb" />
      </TestCategory>
      <DeploymentItems>
        <DeploymentItem filename="ExternalBinaries" outputDirectory=".\ExternalBinaries" />
        <DeploymentItem filename="TestData" outputDirectory=".\TestData" />
        <DeploymentItem filename="TestRunConfig" outputDirectory=".\TestRunConfig" />
      </DeploymentItems>
      <Execution id="8443758e-09d3-4576-9824-b998a1536c52" />
      <TestMethod codeBase="C:/LoyaltyWebTest/Web/Test/UI/LoyaltyWeb/LoyaltyWebTest/LoyaltyWebTest/bin/Debug/Nordstrom.Web.Test.UI.LoyaltyWeb.DLL" adapterTypeName="Microsoft.VisualStudio.TestTools.TestTypes.Unit.UnitTestAdapter, Microsoft.VisualStudio.QualityTools.Tips.UnitTest.Adapter, Version=12.0.0.0, Culture=neutral, PublicKeyToken=b03f5f7f11d50a3a" className="Nordstrom.Web.Test.UI.LoyaltyWeb.LoyaltyRegisterTests, Nordstrom.Web.Test.UI.LoyaltyWeb, Version=1.0.0.0, Culture=neutral, PublicKeyToken=null" name="TenderNeutralRewardsEnroll_LoyaltyTenderNeutralUnrecognisedUserLeavePhoneNumberFieldBlank_ErrorMessageDisplayedSuccessfully" />
    </UnitTest>
    <UnitTest name="TenderNeutralRewardsRegister_GuestUserEnrollAsExistingAccountWhenHaveNoExistingWebAccount_ShouldFailInEnroll" storage="c:\loyaltywebtest\web\test\ui\loyaltyweb\loyaltywebtest\loyaltywebtest\bin\debug\nordstrom.web.test.ui.loyaltyweb.dll" id="b9382f39-7336-6f35-11b0-2a8908162fac">
      <Description>Guest user enrolls as existing user but supplied all none existing info.</Description>
      <TestCategory>
        <TestCategoryItem TestCategory="LoyaltyTenderNeutral Regression" />
      </TestCategory>
      <DeploymentItems>
        <DeploymentItem filename="ExternalBinaries" outputDirectory=".\ExternalBinaries" />
        <DeploymentItem filename="TestData" outputDirectory=".\TestData" />
        <DeploymentItem filename="TestRunConfig" outputDirectory=".\TestRunConfig" />
      </DeploymentItems>
      <Execution id="de509c6c-b51d-4e09-8f7b-e7c1f1c36481" />
      <TestMethod codeBase="C:/LoyaltyWebTest/Web/Test/UI/LoyaltyWeb/LoyaltyWebTest/LoyaltyWebTest/bin/Debug/Nordstrom.Web.Test.UI.LoyaltyWeb.DLL" adapterTypeName="Microsoft.VisualStudio.TestTools.TestTypes.Unit.UnitTestAdapter, Microsoft.VisualStudio.QualityTools.Tips.UnitTest.Adapter, Version=12.0.0.0, Culture=neutral, PublicKeyToken=b03f5f7f11d50a3a" className="Nordstrom.Web.Test.UI.LoyaltyWeb.LoyaltyRegisterTests, Nordstrom.Web.Test.UI.LoyaltyWeb, Version=1.0.0.0, Culture=neutral, PublicKeyToken=null" name="TenderNeutralRewardsRegister_GuestUserEnrollAsExistingAccountWhenHaveNoExistingWebAccount_ShouldFailInEnroll" />
    </UnitTest>
    <UnitTest name="LoyaltyLearnPage_ClickAlterationsLinkOnLearnPage_NavigatesToBenifitsPageSucessfully" storage="c:\loyaltywebtest\web\test\ui\loyaltyweb\loyaltywebtest\loyaltywebtest\bin\debug\nordstrom.web.test.ui.loyaltyweb.dll" id="396e64f4-4b9f-1a79-1cda-28380d13b0bc">
      <Description>To verify Alterations link on Learn Page is navigated to the relevant page successfully</Description>
      <TestCategory>
        <TestCategoryItem TestCategory="Learn" />
      </TestCategory>
      <DeploymentItems>
        <DeploymentItem filename="ExternalBinaries" outputDirectory=".\ExternalBinaries" />
        <DeploymentItem filename="TestData" outputDirectory=".\TestData" />
        <DeploymentItem filename="TestRunConfig" outputDirectory=".\TestRunConfig" />
      </DeploymentItems>
      <Execution id="b5f22b38-bc75-4b66-86cc-18e860ef7a3a" />
      <TestMethod codeBase="C:/LoyaltyWebTest/Web/Test/UI/LoyaltyWeb/LoyaltyWebTest/LoyaltyWebTest/bin/Debug/Nordstrom.Web.Test.UI.LoyaltyWeb.DLL" adapterTypeName="Microsoft.VisualStudio.TestTools.TestTypes.Unit.UnitTestAdapter, Microsoft.VisualStudio.QualityTools.Tips.UnitTest.Adapter, Version=12.0.0.0, Culture=neutral, PublicKeyToken=b03f5f7f11d50a3a" className="Nordstrom.Web.Test.UI.LoyaltyWeb.LoyaltyLearnTests, Nordstrom.Web.Test.UI.LoyaltyWeb, Version=1.0.0.0, Culture=neutral, PublicKeyToken=null" name="LoyaltyLearnPage_ClickAlterationsLinkOnLearnPage_NavigatesToBenifitsPageSucessfully" />
    </UnitTest>
    <UnitTest name="ApplyAndBuy_AuthenticatedUserShoppingDebitCard_ShouldBeAbleToDeclineTheOffer" storage="c:\loyaltywebtest\web\test\ui\loyaltyweb\loyaltywebtest\loyaltywebtest\bin\debug\nordstrom.web.test.ui.loyaltyweb.dll" id="aea58734-aba1-082a-fd65-fd222a1377f1">
      <Description>Verify authenticated user can shop debit card successfully.</Description>
      <TestCategory>
        <TestCategoryItem TestCategory="ApplyAndBuy Regression" />
      </TestCategory>
      <DeploymentItems>
        <DeploymentItem filename="ExternalBinaries" outputDirectory=".\ExternalBinaries" />
        <DeploymentItem filename="TestData" outputDirectory=".\TestData" />
        <DeploymentItem filename="TestRunConfig" outputDirectory=".\TestRunConfig" />
      </DeploymentItems>
      <Execution id="2c380533-4744-488d-892c-b22e645fc699" />
      <TestMethod codeBase="C:/LoyaltyWebTest/Web/Test/UI/LoyaltyWeb/LoyaltyWebTest/LoyaltyWebTest/bin/Debug/Nordstrom.Web.Test.UI.LoyaltyWeb.DLL" adapterTypeName="Microsoft.VisualStudio.TestTools.TestTypes.Unit.UnitTestAdapter, Microsoft.VisualStudio.QualityTools.Tips.UnitTest.Adapter, Version=12.0.0.0, Culture=neutral, PublicKeyToken=b03f5f7f11d50a3a" className="Nordstrom.Web.Test.UI.LoyaltyWeb.ApplyAndBuyTests, Nordstrom.Web.Test.UI.LoyaltyWeb, Version=1.0.0.0, Culture=neutral, PublicKeyToken=null" name="ApplyAndBuy_AuthenticatedUserShoppingDebitCard_ShouldBeAbleToDeclineTheOffer" />
    </UnitTest>
    <UnitTest name="ApplyAndBuy_AuthenticatedNewUserDeclineRetailCard_SuccessfulNavigationToHomePage" storage="c:\loyaltywebtest\web\test\ui\loyaltyweb\loyaltywebtest\loyaltywebtest\bin\debug\nordstrom.web.test.ui.loyaltyweb.dll" id="e3b537b9-fd8d-2a1e-98b0-ca3572f81d48">
      <Description>Verify that the newly registered user is taken to the home page on clicking the decline this cards link from the credit card offer page for retail card</Description>
      <TestCategory>
        <TestCategoryItem TestCategory="ApplyAndBuy Regression" />
      </TestCategory>
      <DeploymentItems>
        <DeploymentItem filename="ExternalBinaries" outputDirectory=".\ExternalBinaries" />
        <DeploymentItem filename="TestData" outputDirectory=".\TestData" />
        <DeploymentItem filename="TestRunConfig" outputDirectory=".\TestRunConfig" />
      </DeploymentItems>
      <Execution id="b23b69ad-a7ee-4676-9821-b3327ac56bf8" />
      <TestMethod codeBase="C:/LoyaltyWebTest/Web/Test/UI/LoyaltyWeb/LoyaltyWebTest/LoyaltyWebTest/bin/Debug/Nordstrom.Web.Test.UI.LoyaltyWeb.DLL" adapterTypeName="Microsoft.VisualStudio.TestTools.TestTypes.Unit.UnitTestAdapter, Microsoft.VisualStudio.QualityTools.Tips.UnitTest.Adapter, Version=12.0.0.0, Culture=neutral, PublicKeyToken=b03f5f7f11d50a3a" className="Nordstrom.Web.Test.UI.LoyaltyWeb.ApplyAndBuyTests, Nordstrom.Web.Test.UI.LoyaltyWeb, Version=1.0.0.0, Culture=neutral, PublicKeyToken=null" name="ApplyAndBuy_AuthenticatedNewUserDeclineRetailCard_SuccessfulNavigationToHomePage" />
    </UnitTest>
    <UnitTest name="TenderNeutralEarn_RegisteredSigningInAsGuestCanSeeRewardsSectionInOrderSubmitPage_Successfully" storage="c:\loyaltywebtest\web\test\ui\loyaltyweb\loyaltywebtest\loyaltywebtest\bin\debug\nordstrom.web.test.ui.loyaltyweb.dll" id="4fc82fd8-184f-1840-0105-855fe51690c6">
      <Description>Verify that a registered user signing in from checkout page is able to see Rewards section in Ordersubmit page.</Description>
      <TestCategory>
        <TestCategoryItem TestCategory="EarnTests" />
      </TestCategory>
      <DeploymentItems>
        <DeploymentItem filename="ExternalBinaries" outputDirectory=".\ExternalBinaries" />
        <DeploymentItem filename="TestData" outputDirectory=".\TestData" />
        <DeploymentItem filename="TestRunConfig" outputDirectory=".\TestRunConfig" />
      </DeploymentItems>
      <Execution id="d806b15a-99b2-4a23-8a89-0b57b9d2c562" />
      <TestMethod codeBase="C:/LoyaltyWebTest/Web/Test/UI/LoyaltyWeb/LoyaltyWebTest/LoyaltyWebTest/bin/Debug/Nordstrom.Web.Test.UI.LoyaltyWeb.DLL" adapterTypeName="Microsoft.VisualStudio.TestTools.TestTypes.Unit.UnitTestAdapter, Microsoft.VisualStudio.QualityTools.Tips.UnitTest.Adapter, Version=12.0.0.0, Culture=neutral, PublicKeyToken=b03f5f7f11d50a3a" className="Nordstrom.Web.Test.UI.LoyaltyWeb.LoyaltyEarnTests, Nordstrom.Web.Test.UI.LoyaltyWeb, Version=1.0.0.0, Culture=neutral, PublicKeyToken=null" name="TenderNeutralEarn_RegisteredSigningInAsGuestCanSeeRewardsSectionInOrderSubmitPage_Successfully" />
    </UnitTest>
    <UnitTest name="TenderNeutralAssociation_EnrolledCustomerComesToAssociationPageUsingDifferentPhoneNumber_ShouldGetErrorMessage" storage="c:\loyaltywebtest\web\test\ui\loyaltyweb\loyaltywebtest\loyaltywebtest\bin\debug\nordstrom.web.test.ui.loyaltyweb.dll" id="ddc0ef36-7f91-531c-b15e-3ce594d4effc">
      <Description>Customer enrolled in store. As he types wrong phone, he got right error message.</Description>
      <TestCategory>
        <TestCategoryItem TestCategory="Association" />
      </TestCategory>
      <DeploymentItems>
        <DeploymentItem filename="ExternalBinaries" outputDirectory=".\ExternalBinaries" />
        <DeploymentItem filename="TestData" outputDirectory=".\TestData" />
        <DeploymentItem filename="TestRunConfig" outputDirectory=".\TestRunConfig" />
      </DeploymentItems>
      <Execution id="0c3881ee-b3ba-4a0d-af86-d83ad45e95e0" />
      <TestMethod codeBase="C:/LoyaltyWebTest/Web/Test/UI/LoyaltyWeb/LoyaltyWebTest/LoyaltyWebTest/bin/Debug/Nordstrom.Web.Test.UI.LoyaltyWeb.DLL" adapterTypeName="Microsoft.VisualStudio.TestTools.TestTypes.Unit.UnitTestAdapter, Microsoft.VisualStudio.QualityTools.Tips.UnitTest.Adapter, Version=12.0.0.0, Culture=neutral, PublicKeyToken=b03f5f7f11d50a3a" className="Nordstrom.Web.Test.UI.LoyaltyWeb.LoyaltyAssociationTests, Nordstrom.Web.Test.UI.LoyaltyWeb, Version=1.0.0.0, Culture=neutral, PublicKeyToken=null" name="TenderNeutralAssociation_EnrolledCustomerComesToAssociationPageUsingDifferentPhoneNumber_ShouldGetErrorMessage" />
    </UnitTest>
    <UnitTest name="LoyaltyLearnPage_ClickExclusiveBenefitsOnLearnPage_NavigatesToBenifitsPage" storage="c:\loyaltywebtest\web\test\ui\loyaltyweb\loyaltywebtest\loyaltywebtest\bin\debug\nordstrom.web.test.ui.loyaltyweb.dll" id="85cd42cc-a7e8-0a2a-4d93-d04e6a850a49">
      <Description>To verify Exclusive Benefits link on Learn Page is navigated to the relevant page successfully</Description>
      <TestCategory>
        <TestCategoryItem TestCategory="Learn" />
      </TestCategory>
      <DeploymentItems>
        <DeploymentItem filename="ExternalBinaries" outputDirectory=".\ExternalBinaries" />
        <DeploymentItem filename="TestData" outputDirectory=".\TestData" />
        <DeploymentItem filename="TestRunConfig" outputDirectory=".\TestRunConfig" />
      </DeploymentItems>
      <Execution id="69cafabc-6899-4fed-8494-320b45e327df" />
      <TestMethod codeBase="C:/LoyaltyWebTest/Web/Test/UI/LoyaltyWeb/LoyaltyWebTest/LoyaltyWebTest/bin/Debug/Nordstrom.Web.Test.UI.LoyaltyWeb.DLL" adapterTypeName="Microsoft.VisualStudio.TestTools.TestTypes.Unit.UnitTestAdapter, Microsoft.VisualStudio.QualityTools.Tips.UnitTest.Adapter, Version=12.0.0.0, Culture=neutral, PublicKeyToken=b03f5f7f11d50a3a" className="Nordstrom.Web.Test.UI.LoyaltyWeb.LoyaltyLearnTests, Nordstrom.Web.Test.UI.LoyaltyWeb, Version=1.0.0.0, Culture=neutral, PublicKeyToken=null" name="LoyaltyLearnPage_ClickExclusiveBenefitsOnLearnPage_NavigatesToBenifitsPage" />
    </UnitTest>
    <UnitTest name="SuccessAssociationPageModalPopupsValidation_AuthenticatedUserDidntGetACodeModalContentValidation_DidntGetACodeModalContentValidatedSuccessfully" storage="c:\loyaltywebtest\web\test\ui\loyaltyweb\loyaltywebtest\loyaltywebtest\bin\debug\nordstrom.web.test.ui.loyaltyweb.dll" id="d0950b0b-ed3c-7fe5-5ab1-a2a80aa43ac2">
      <Description>Didn't Get A Code Modal Popup Content Validation for Association mobile verification modal</Description>
      <TestCategory>
        <TestCategoryItem TestCategory="LoyaltyTenderNeutral Regression" />
      </TestCategory>
      <DeploymentItems>
        <DeploymentItem filename="ExternalBinaries" outputDirectory=".\ExternalBinaries" />
        <DeploymentItem filename="TestData" outputDirectory=".\TestData" />
        <DeploymentItem filename="TestRunConfig" outputDirectory=".\TestRunConfig" />
      </DeploymentItems>
      <Execution id="a8addeb4-c987-474a-9a33-bf923d322b94" />
      <TestMethod codeBase="C:/LoyaltyWebTest/Web/Test/UI/LoyaltyWeb/LoyaltyWebTest/LoyaltyWebTest/bin/Debug/Nordstrom.Web.Test.UI.LoyaltyWeb.DLL" adapterTypeName="Microsoft.VisualStudio.TestTools.TestTypes.Unit.UnitTestAdapter, Microsoft.VisualStudio.QualityTools.Tips.UnitTest.Adapter, Version=12.0.0.0, Culture=neutral, PublicKeyToken=b03f5f7f11d50a3a" className="Nordstrom.Web.Test.UI.LoyaltyWeb.LoyaltyTenderNeutralMobileVerificationPageTests, Nordstrom.Web.Test.UI.LoyaltyWeb, Version=1.0.0.0, Culture=neutral, PublicKeyToken=null" name="SuccessAssociationPageModalPopupsValidation_AuthenticatedUserDidntGetACodeModalContentValidation_DidntGetACodeModalContentValidatedSuccessfully" />
    </UnitTest>
    <UnitTest name="TenderNeutralRewardsEnroll_LoyaltyTenderNeutralGuestUserInvalidPhoneNumberFieldEntry_ErrorMessageDisplayedSuccessfully" storage="c:\loyaltywebtest\web\test\ui\loyaltyweb\loyaltywebtest\loyaltywebtest\bin\debug\nordstrom.web.test.ui.loyaltyweb.dll" id="b6897335-ba4e-a142-6fbc-5f99f55eddfb">
      <Description>Verify the error message displayed for the invalid entry of phone number field</Description>
      <TestCategory>
        <TestCategoryItem TestCategory="LoyaltyTenderNeutral Regression" />
        <TestCategoryItem TestCategory="LoyaltyWeb" />
      </TestCategory>
      <DeploymentItems>
        <DeploymentItem filename="ExternalBinaries" outputDirectory=".\ExternalBinaries" />
        <DeploymentItem filename="TestData" outputDirectory=".\TestData" />
        <DeploymentItem filename="TestRunConfig" outputDirectory=".\TestRunConfig" />
      </DeploymentItems>
      <Execution id="b365edfd-1c46-4505-a141-8b16710cb65e" />
      <TestMethod codeBase="C:/LoyaltyWebTest/Web/Test/UI/LoyaltyWeb/LoyaltyWebTest/LoyaltyWebTest/bin/Debug/Nordstrom.Web.Test.UI.LoyaltyWeb.DLL" adapterTypeName="Microsoft.VisualStudio.TestTools.TestTypes.Unit.UnitTestAdapter, Microsoft.VisualStudio.QualityTools.Tips.UnitTest.Adapter, Version=12.0.0.0, Culture=neutral, PublicKeyToken=b03f5f7f11d50a3a" className="Nordstrom.Web.Test.UI.LoyaltyWeb.LoyaltyRegisterTests, Nordstrom.Web.Test.UI.LoyaltyWeb, Version=1.0.0.0, Culture=neutral, PublicKeyToken=null" name="TenderNeutralRewardsEnroll_LoyaltyTenderNeutralGuestUserInvalidPhoneNumberFieldEntry_ErrorMessageDisplayedSuccessfully" />
    </UnitTest>
    <UnitTest name="TenderNeutralRewardsEnroll_LoyaltyTNAuthenticatedUserSpecialCharacterinCodeField_ThrowseError" storage="c:\loyaltywebtest\web\test\ui\loyaltyweb\loyaltywebtest\loyaltywebtest\bin\debug\nordstrom.web.test.ui.loyaltyweb.dll" id="7003bcc1-5465-4329-b7ef-878c9e819482">
      <Description>Verify that error message is displayed when special characters are entered in mobile verification code field</Description>
      <TestCategory>
        <TestCategoryItem TestCategory="LoyaltyWeb" />
        <TestCategoryItem TestCategory="LoyaltyTenderNeutralBVT" />
      </TestCategory>
      <DeploymentItems>
        <DeploymentItem filename="ExternalBinaries" outputDirectory=".\ExternalBinaries" />
        <DeploymentItem filename="TestData" outputDirectory=".\TestData" />
        <DeploymentItem filename="TestRunConfig" outputDirectory=".\TestRunConfig" />
      </DeploymentItems>
      <Execution id="c640fe2f-f8bb-40f6-8369-36c3161d8182" />
      <TestMethod codeBase="C:/LoyaltyWebTest/Web/Test/UI/LoyaltyWeb/LoyaltyWebTest/LoyaltyWebTest/bin/Debug/Nordstrom.Web.Test.UI.LoyaltyWeb.DLL" adapterTypeName="Microsoft.VisualStudio.TestTools.TestTypes.Unit.UnitTestAdapter, Microsoft.VisualStudio.QualityTools.Tips.UnitTest.Adapter, Version=12.0.0.0, Culture=neutral, PublicKeyToken=b03f5f7f11d50a3a" className="Nordstrom.Web.Test.UI.LoyaltyWeb.LoyaltyTenderNeutralMobileVerificationPageTests, Nordstrom.Web.Test.UI.LoyaltyWeb, Version=1.0.0.0, Culture=neutral, PublicKeyToken=null" name="TenderNeutralRewardsEnroll_LoyaltyTNAuthenticatedUserSpecialCharacterinCodeField_ThrowseError" />
    </UnitTest>
    <UnitTest name="SuccessAssociationPageModalPopupsValidation_OkButtonInDidntGetACodeModalValidation_OkButtonInDidntGetACodeModalClosedModalSuccessfully" storage="c:\loyaltywebtest\web\test\ui\loyaltyweb\loyaltywebtest\loyaltywebtest\bin\debug\nordstrom.web.test.ui.loyaltyweb.dll" id="bc8bcbad-6dab-8a10-872a-1cd128e497ce">
      <Description>Didn't Get A Code Modal Popup OK Button Functionality verification</Description>
      <TestCategory>
        <TestCategoryItem TestCategory="LoyaltyTenderNeutral Regression" />
      </TestCategory>
      <DeploymentItems>
        <DeploymentItem filename="ExternalBinaries" outputDirectory=".\ExternalBinaries" />
        <DeploymentItem filename="TestData" outputDirectory=".\TestData" />
        <DeploymentItem filename="TestRunConfig" outputDirectory=".\TestRunConfig" />
      </DeploymentItems>
      <Execution id="814796aa-42db-48db-a6cd-79bab5b33778" />
      <TestMethod codeBase="C:/LoyaltyWebTest/Web/Test/UI/LoyaltyWeb/LoyaltyWebTest/LoyaltyWebTest/bin/Debug/Nordstrom.Web.Test.UI.LoyaltyWeb.DLL" adapterTypeName="Microsoft.VisualStudio.TestTools.TestTypes.Unit.UnitTestAdapter, Microsoft.VisualStudio.QualityTools.Tips.UnitTest.Adapter, Version=12.0.0.0, Culture=neutral, PublicKeyToken=b03f5f7f11d50a3a" className="Nordstrom.Web.Test.UI.LoyaltyWeb.LoyaltyTenderNeutralMobileVerificationPageTests, Nordstrom.Web.Test.UI.LoyaltyWeb, Version=1.0.0.0, Culture=neutral, PublicKeyToken=null" name="SuccessAssociationPageModalPopupsValidation_OkButtonInDidntGetACodeModalValidation_OkButtonInDidntGetACodeModalClosedModalSuccessfully" />
    </UnitTest>
    <UnitTest name="TenderNeutralRewardsEnroll_LoyaltyTenderNeutralGuestUserPhoneNumberFieldSpecialCharactersEntry_ErrorMessageDisplayedSuccessfully" storage="c:\loyaltywebtest\web\test\ui\loyaltyweb\loyaltywebtest\loyaltywebtest\bin\debug\nordstrom.web.test.ui.loyaltyweb.dll" id="c0b34bd0-4b58-a51d-1f25-53756c16dc68">
      <Description>Verify the error message displayed for the invalid entry of special characters in phone number field</Description>
      <TestCategory>
        <TestCategoryItem TestCategory="LoyaltyTenderNeutral Regression" />
        <TestCategoryItem TestCategory="LoyaltyWeb" />
      </TestCategory>
      <DeploymentItems>
        <DeploymentItem filename="ExternalBinaries" outputDirectory=".\ExternalBinaries" />
        <DeploymentItem filename="TestData" outputDirectory=".\TestData" />
        <DeploymentItem filename="TestRunConfig" outputDirectory=".\TestRunConfig" />
      </DeploymentItems>
      <Execution id="cf19e1ea-00f9-4020-a6c9-fd926f70b7cc" />
      <TestMethod codeBase="C:/LoyaltyWebTest/Web/Test/UI/LoyaltyWeb/LoyaltyWebTest/LoyaltyWebTest/bin/Debug/Nordstrom.Web.Test.UI.LoyaltyWeb.DLL" adapterTypeName="Microsoft.VisualStudio.TestTools.TestTypes.Unit.UnitTestAdapter, Microsoft.VisualStudio.QualityTools.Tips.UnitTest.Adapter, Version=12.0.0.0, Culture=neutral, PublicKeyToken=b03f5f7f11d50a3a" className="Nordstrom.Web.Test.UI.LoyaltyWeb.LoyaltyRegisterTests, Nordstrom.Web.Test.UI.LoyaltyWeb, Version=1.0.0.0, Culture=neutral, PublicKeyToken=null" name="TenderNeutralRewardsEnroll_LoyaltyTenderNeutralGuestUserPhoneNumberFieldSpecialCharactersEntry_ErrorMessageDisplayedSuccessfully" />
    </UnitTest>
    <UnitTest name="TenderNeutralRewardsEnroll_EnrollingWebGuestUserWithMoreThan16CharactersInLastName_ThrowsError" storage="c:\loyaltywebtest\web\test\ui\loyaltyweb\loyaltywebtest\loyaltywebtest\bin\debug\nordstrom.web.test.ui.loyaltyweb.dll" id="ed78253e-5e7b-e7fd-c865-316f069a0d67">
      <Description>Verify that Last Name field cannot take more than 16 characters</Description>
      <TestCategory>
        <TestCategoryItem TestCategory="LoyaltyTenderNeutralUserAcceptance" />
        <TestCategoryItem TestCategory="LoyaltyWeb" />
      </TestCategory>
      <DeploymentItems>
        <DeploymentItem filename="ExternalBinaries" outputDirectory=".\ExternalBinaries" />
        <DeploymentItem filename="TestData" outputDirectory=".\TestData" />
        <DeploymentItem filename="TestRunConfig" outputDirectory=".\TestRunConfig" />
      </DeploymentItems>
      <Execution id="ceaeb3dc-1daa-418f-bafb-fae44cc419a2" />
      <TestMethod codeBase="C:/LoyaltyWebTest/Web/Test/UI/LoyaltyWeb/LoyaltyWebTest/LoyaltyWebTest/bin/Debug/Nordstrom.Web.Test.UI.LoyaltyWeb.DLL" adapterTypeName="Microsoft.VisualStudio.TestTools.TestTypes.Unit.UnitTestAdapter, Microsoft.VisualStudio.QualityTools.Tips.UnitTest.Adapter, Version=12.0.0.0, Culture=neutral, PublicKeyToken=b03f5f7f11d50a3a" className="Nordstrom.Web.Test.UI.LoyaltyWeb.LoyaltyRegisterTests, Nordstrom.Web.Test.UI.LoyaltyWeb, Version=1.0.0.0, Culture=neutral, PublicKeyToken=null" name="TenderNeutralRewardsEnroll_EnrollingWebGuestUserWithMoreThan16CharactersInLastName_ThrowsError" />
    </UnitTest>
    <UnitTest name="TenderNeutralRewardsEnroll_MultipleUserScenariosBasic_EnrollShouldBeSucceedInTheEnd" storage="c:\loyaltywebtest\web\test\ui\loyaltyweb\loyaltywebtest\loyaltywebtest\bin\debug\nordstrom.web.test.ui.loyaltyweb.dll" id="62c23b49-01d5-ec14-64fa-60b14f5b3266">
      <Description>A end to end user scenarios test</Description>
      <TestCategory>
        <TestCategoryItem TestCategory="LoyaltyTenderNeutralBVT" />
        <TestCategoryItem TestCategory="LoyaltyWeb" />
        <TestCategoryItem TestCategory="ManualOverall" />
      </TestCategory>
      <DeploymentItems>
        <DeploymentItem filename="ExternalBinaries" outputDirectory=".\ExternalBinaries" />
        <DeploymentItem filename="TestData" outputDirectory=".\TestData" />
        <DeploymentItem filename="TestRunConfig" outputDirectory=".\TestRunConfig" />
      </DeploymentItems>
      <Execution id="e2ca47b4-d256-4fcc-b329-bd59862cb065" />
      <TestMethod codeBase="C:/LoyaltyWebTest/Web/Test/UI/LoyaltyWeb/LoyaltyWebTest/LoyaltyWebTest/bin/Debug/Nordstrom.Web.Test.UI.LoyaltyWeb.DLL" adapterTypeName="Microsoft.VisualStudio.TestTools.TestTypes.Unit.UnitTestAdapter, Microsoft.VisualStudio.QualityTools.Tips.UnitTest.Adapter, Version=12.0.0.0, Culture=neutral, PublicKeyToken=b03f5f7f11d50a3a" className="Nordstrom.Web.Test.UI.LoyaltyWeb.LoyaltyRegisterTests, Nordstrom.Web.Test.UI.LoyaltyWeb, Version=1.0.0.0, Culture=neutral, PublicKeyToken=null" name="TenderNeutralRewardsEnroll_MultipleUserScenariosBasic_EnrollShouldBeSucceedInTheEnd" />
    </UnitTest>
    <UnitTest name="ApplyAndBuy_ExistingRegisteredUserShoppingWithNewRetailCard_OrderSuccessfullyPlacedWithNewRetailCard" storage="c:\loyaltywebtest\web\test\ui\loyaltyweb\loyaltywebtest\loyaltywebtest\bin\debug\nordstrom.web.test.ui.loyaltyweb.dll" id="8d3ad949-7353-0de2-34c9-eee78eec371f">
      <Description>Log in as an Authenticated user and apply for a retail card and verify successful order placement</Description>
      <TestCategory>
        <TestCategoryItem TestCategory="ApplyAndbuy EndToEnd" />
      </TestCategory>
      <DeploymentItems>
        <DeploymentItem filename="ExternalBinaries" outputDirectory=".\ExternalBinaries" />
        <DeploymentItem filename="TestData" outputDirectory=".\TestData" />
        <DeploymentItem filename="TestRunConfig" outputDirectory=".\TestRunConfig" />
      </DeploymentItems>
      <Execution id="665c8472-6849-45c9-8bb6-7ebf2baf6c5b" />
      <TestMethod codeBase="C:/LoyaltyWebTest/Web/Test/UI/LoyaltyWeb/LoyaltyWebTest/LoyaltyWebTest/bin/Debug/Nordstrom.Web.Test.UI.LoyaltyWeb.DLL" adapterTypeName="Microsoft.VisualStudio.TestTools.TestTypes.Unit.UnitTestAdapter, Microsoft.VisualStudio.QualityTools.Tips.UnitTest.Adapter, Version=12.0.0.0, Culture=neutral, PublicKeyToken=b03f5f7f11d50a3a" className="Nordstrom.Web.Test.UI.LoyaltyWeb.ApplyAndBuyTests, Nordstrom.Web.Test.UI.LoyaltyWeb, Version=1.0.0.0, Culture=neutral, PublicKeyToken=null" name="ApplyAndBuy_ExistingRegisteredUserShoppingWithNewRetailCard_OrderSuccessfullyPlacedWithNewRetailCard" />
    </UnitTest>
    <UnitTest name="TenderNeutralAssociation_GuestUserEnrolledInLoyatyProgramFromServiceCenterGotoAssociationPage_ShouldSucceed" storage="c:\loyaltywebtest\web\test\ui\loyaltyweb\loyaltywebtest\loyaltywebtest\bin\debug\nordstrom.web.test.ui.loyaltyweb.dll" id="191d4ad9-bdce-2138-a783-33aefedbfec7">
      <Description>Verify that when enrolled user from Service center goes to Association page, he can type in his email and phone number and associate to loyalty program.</Description>
      <TestCategory>
        <TestCategoryItem TestCategory="Association" />
      </TestCategory>
      <DeploymentItems>
        <DeploymentItem filename="ExternalBinaries" outputDirectory=".\ExternalBinaries" />
        <DeploymentItem filename="TestData" outputDirectory=".\TestData" />
        <DeploymentItem filename="TestRunConfig" outputDirectory=".\TestRunConfig" />
      </DeploymentItems>
      <Execution id="41b26f12-b69e-459d-b8c1-46569630da4f" />
      <TestMethod codeBase="C:/LoyaltyWebTest/Web/Test/UI/LoyaltyWeb/LoyaltyWebTest/LoyaltyWebTest/bin/Debug/Nordstrom.Web.Test.UI.LoyaltyWeb.DLL" adapterTypeName="Microsoft.VisualStudio.TestTools.TestTypes.Unit.UnitTestAdapter, Microsoft.VisualStudio.QualityTools.Tips.UnitTest.Adapter, Version=12.0.0.0, Culture=neutral, PublicKeyToken=b03f5f7f11d50a3a" className="Nordstrom.Web.Test.UI.LoyaltyWeb.LoyaltyAssociationTests, Nordstrom.Web.Test.UI.LoyaltyWeb, Version=1.0.0.0, Culture=neutral, PublicKeyToken=null" name="TenderNeutralAssociation_GuestUserEnrolledInLoyatyProgramFromServiceCenterGotoAssociationPage_ShouldSucceed" />
    </UnitTest>
    <UnitTest name="TenderNeutralRewardsRegister_GuestUserEnrollsWithExistingWebAccount_ShouldFailInEnroll" storage="c:\loyaltywebtest\web\test\ui\loyaltyweb\loyaltywebtest\loyaltywebtest\bin\debug\nordstrom.web.test.ui.loyaltyweb.dll" id="0d9db47e-d139-26d1-245c-06168dee7980">
      <Description>Guest user enrolls with existing web account would fail in enrollment</Description>
      <TestCategory>
        <TestCategoryItem TestCategory="LoyaltyTenderNeutral Regression" />
      </TestCategory>
      <DeploymentItems>
        <DeploymentItem filename="ExternalBinaries" outputDirectory=".\ExternalBinaries" />
        <DeploymentItem filename="TestData" outputDirectory=".\TestData" />
        <DeploymentItem filename="TestRunConfig" outputDirectory=".\TestRunConfig" />
      </DeploymentItems>
      <Execution id="cd79072e-e105-4430-8c79-71c2bdddc6e4" />
      <TestMethod codeBase="C:/LoyaltyWebTest/Web/Test/UI/LoyaltyWeb/LoyaltyWebTest/LoyaltyWebTest/bin/Debug/Nordstrom.Web.Test.UI.LoyaltyWeb.DLL" adapterTypeName="Microsoft.VisualStudio.TestTools.TestTypes.Unit.UnitTestAdapter, Microsoft.VisualStudio.QualityTools.Tips.UnitTest.Adapter, Version=12.0.0.0, Culture=neutral, PublicKeyToken=b03f5f7f11d50a3a" className="Nordstrom.Web.Test.UI.LoyaltyWeb.LoyaltyRegisterTests, Nordstrom.Web.Test.UI.LoyaltyWeb, Version=1.0.0.0, Culture=neutral, PublicKeyToken=null" name="TenderNeutralRewardsRegister_GuestUserEnrollsWithExistingWebAccount_ShouldFailInEnroll" />
    </UnitTest>
    <UnitTest name="TenderNeutralEarn_EnrolledGuestUser_RewardsSectionNotDispayedInOrderSubmitPage" storage="c:\loyaltywebtest\web\test\ui\loyaltyweb\loyaltywebtest\loyaltywebtest\bin\debug\nordstrom.web.test.ui.loyaltyweb.dll" id="08bfd4d5-ccd5-3644-2ed4-aa87ee903c9f">
      <Description>Verify that a user after enrolling as a guest user is able to see Rewards section in Ordersubmit page.</Description>
      <TestCategory>
        <TestCategoryItem TestCategory="EarnTests" />
      </TestCategory>
      <DeploymentItems>
        <DeploymentItem filename="ExternalBinaries" outputDirectory=".\ExternalBinaries" />
        <DeploymentItem filename="TestData" outputDirectory=".\TestData" />
        <DeploymentItem filename="TestRunConfig" outputDirectory=".\TestRunConfig" />
      </DeploymentItems>
      <Execution id="c35b6c6d-0dd3-45c3-931f-2f65ecb3c31d" />
      <TestMethod codeBase="C:/LoyaltyWebTest/Web/Test/UI/LoyaltyWeb/LoyaltyWebTest/LoyaltyWebTest/bin/Debug/Nordstrom.Web.Test.UI.LoyaltyWeb.DLL" adapterTypeName="Microsoft.VisualStudio.TestTools.TestTypes.Unit.UnitTestAdapter, Microsoft.VisualStudio.QualityTools.Tips.UnitTest.Adapter, Version=12.0.0.0, Culture=neutral, PublicKeyToken=b03f5f7f11d50a3a" className="Nordstrom.Web.Test.UI.LoyaltyWeb.LoyaltyEarnTests, Nordstrom.Web.Test.UI.LoyaltyWeb, Version=1.0.0.0, Culture=neutral, PublicKeyToken=null" name="TenderNeutralEarn_EnrolledGuestUser_RewardsSectionNotDispayedInOrderSubmitPage" />
    </UnitTest>
    <UnitTest name="ApplyAndBuy_AuthenticatedUserShoppingVisaCard_ShouldBeAbleToDeclineTheOffer" storage="c:\loyaltywebtest\web\test\ui\loyaltyweb\loyaltywebtest\loyaltywebtest\bin\debug\nordstrom.web.test.ui.loyaltyweb.dll" id="25bf40a7-77be-fcf6-4fb2-46d0282f4de1">
      <Description>Verify authenticated user can shop visa card successfully.</Description>
      <TestCategory>
        <TestCategoryItem TestCategory="ApplyAndBuy Regression" />
      </TestCategory>
      <DeploymentItems>
        <DeploymentItem filename="ExternalBinaries" outputDirectory=".\ExternalBinaries" />
        <DeploymentItem filename="TestData" outputDirectory=".\TestData" />
        <DeploymentItem filename="TestRunConfig" outputDirectory=".\TestRunConfig" />
      </DeploymentItems>
      <Execution id="a161be73-e6f6-4490-af9d-3c72a092231b" />
      <TestMethod codeBase="C:/LoyaltyWebTest/Web/Test/UI/LoyaltyWeb/LoyaltyWebTest/LoyaltyWebTest/bin/Debug/Nordstrom.Web.Test.UI.LoyaltyWeb.DLL" adapterTypeName="Microsoft.VisualStudio.TestTools.TestTypes.Unit.UnitTestAdapter, Microsoft.VisualStudio.QualityTools.Tips.UnitTest.Adapter, Version=12.0.0.0, Culture=neutral, PublicKeyToken=b03f5f7f11d50a3a" className="Nordstrom.Web.Test.UI.LoyaltyWeb.ApplyAndBuyTests, Nordstrom.Web.Test.UI.LoyaltyWeb, Version=1.0.0.0, Culture=neutral, PublicKeyToken=null" name="ApplyAndBuy_AuthenticatedUserShoppingVisaCard_ShouldBeAbleToDeclineTheOffer" />
    </UnitTest>
    <UnitTest name="TenderNeutralRewards_FromEnroll_ToSuccessAssociatedEnd" storage="c:\loyaltywebtest\web\test\ui\loyaltyweb\loyaltywebtest\loyaltywebtest\bin\debug\nordstrom.web.test.ui.loyaltyweb.dll" id="88fee92b-29a5-8efc-d2c6-587beeb283fa">
      <Description>A end to end user scenarios test 2</Description>
      <TestCategory>
        <TestCategoryItem TestCategory="ManualOverall" />
      </TestCategory>
      <DeploymentItems>
        <DeploymentItem filename="ExternalBinaries" outputDirectory=".\ExternalBinaries" />
        <DeploymentItem filename="TestData" outputDirectory=".\TestData" />
        <DeploymentItem filename="TestRunConfig" outputDirectory=".\TestRunConfig" />
      </DeploymentItems>
      <Execution id="19eaf382-e51a-4365-a9ee-cb6ea8d0fb27" />
      <TestMethod codeBase="C:/LoyaltyWebTest/Web/Test/UI/LoyaltyWeb/LoyaltyWebTest/LoyaltyWebTest/bin/Debug/Nordstrom.Web.Test.UI.LoyaltyWeb.DLL" adapterTypeName="Microsoft.VisualStudio.TestTools.TestTypes.Unit.UnitTestAdapter, Microsoft.VisualStudio.QualityTools.Tips.UnitTest.Adapter, Version=12.0.0.0, Culture=neutral, PublicKeyToken=b03f5f7f11d50a3a" className="Nordstrom.Web.Test.UI.LoyaltyWeb.WebSanityTests, Nordstrom.Web.Test.UI.LoyaltyWeb, Version=1.0.0.0, Culture=neutral, PublicKeyToken=null" name="TenderNeutralRewards_FromEnroll_ToSuccessAssociatedEnd" />
    </UnitTest>
    <UnitTest name="LoyaltyLearnPage_ClickPersonalTriplePointsDayLinkOnLearnPage_NavigatesToBenifitsPage" storage="c:\loyaltywebtest\web\test\ui\loyaltyweb\loyaltywebtest\loyaltywebtest\bin\debug\nordstrom.web.test.ui.loyaltyweb.dll" id="ef8e8c46-de6b-76b6-9c0f-cdce9dce6662">
      <Description>To verify Personal Triple Points Days link on Learn Page is navigated to the relevant page successfully</Description>
      <TestCategory>
        <TestCategoryItem TestCategory="Learn" />
      </TestCategory>
      <DeploymentItems>
        <DeploymentItem filename="ExternalBinaries" outputDirectory=".\ExternalBinaries" />
        <DeploymentItem filename="TestData" outputDirectory=".\TestData" />
        <DeploymentItem filename="TestRunConfig" outputDirectory=".\TestRunConfig" />
      </DeploymentItems>
      <Execution id="9623ef90-8025-4365-be1d-4909615d0ed5" />
      <TestMethod codeBase="C:/LoyaltyWebTest/Web/Test/UI/LoyaltyWeb/LoyaltyWebTest/LoyaltyWebTest/bin/Debug/Nordstrom.Web.Test.UI.LoyaltyWeb.DLL" adapterTypeName="Microsoft.VisualStudio.TestTools.TestTypes.Unit.UnitTestAdapter, Microsoft.VisualStudio.QualityTools.Tips.UnitTest.Adapter, Version=12.0.0.0, Culture=neutral, PublicKeyToken=b03f5f7f11d50a3a" className="Nordstrom.Web.Test.UI.LoyaltyWeb.LoyaltyLearnTests, Nordstrom.Web.Test.UI.LoyaltyWeb, Version=1.0.0.0, Culture=neutral, PublicKeyToken=null" name="LoyaltyLearnPage_ClickPersonalTriplePointsDayLinkOnLearnPage_NavigatesToBenifitsPage" />
    </UnitTest>
    <UnitTest name="TenderNeutralRewardsRegister_GuestUserSignIntoYourNordstromComAccountSelected_MarketingPreferenceNotDisplayed" storage="c:\loyaltywebtest\web\test\ui\loyaltyweb\loyaltywebtest\loyaltywebtest\bin\debug\nordstrom.web.test.ui.loyaltyweb.dll" id="f6bf3045-329d-5362-b062-36ec5089da9b">
      <Description>Verify that the marketing preference is not displayed on enroll page as a guest user, when 'Sign In' option is selected</Description>
      <TestCategory>
        <TestCategoryItem TestCategory="LoyaltyTenderNeutralMarketingPreference" />
        <TestCategoryItem TestCategory="LoyaltyTenderNeutral Regression" />
        <TestCategoryItem TestCategory="LoyaltyWeb" />
      </TestCategory>
      <DeploymentItems>
        <DeploymentItem filename="ExternalBinaries" outputDirectory=".\ExternalBinaries" />
        <DeploymentItem filename="TestData" outputDirectory=".\TestData" />
        <DeploymentItem filename="TestRunConfig" outputDirectory=".\TestRunConfig" />
      </DeploymentItems>
      <Execution id="d6c8ff9c-7abe-456d-9456-a53dceb0c517" />
      <TestMethod codeBase="C:/LoyaltyWebTest/Web/Test/UI/LoyaltyWeb/LoyaltyWebTest/LoyaltyWebTest/bin/Debug/Nordstrom.Web.Test.UI.LoyaltyWeb.DLL" adapterTypeName="Microsoft.VisualStudio.TestTools.TestTypes.Unit.UnitTestAdapter, Microsoft.VisualStudio.QualityTools.Tips.UnitTest.Adapter, Version=12.0.0.0, Culture=neutral, PublicKeyToken=b03f5f7f11d50a3a" className="Nordstrom.Web.Test.UI.LoyaltyWeb.LoyaltyRegisterTests, Nordstrom.Web.Test.UI.LoyaltyWeb, Version=1.0.0.0, Culture=neutral, PublicKeyToken=null" name="TenderNeutralRewardsRegister_GuestUserSignIntoYourNordstromComAccountSelected_MarketingPreferenceNotDisplayed" />
    </UnitTest>
    <UnitTest name="TenderNeutralRewardsRegister_GuestUserRegistrationForTenderNeutral_LoyaltyAndNordAccountSuccessfulCreation" storage="c:\loyaltywebtest\web\test\ui\loyaltyweb\loyaltywebtest\loyaltywebtest\bin\debug\nordstrom.web.test.ui.loyaltyweb.dll" id="da679504-2dbb-78ee-d7fc-01f27c75e0cc">
      <Description>Verify creation of a new loyalty and N.com account for a new user</Description>
      <TestCategory>
        <TestCategoryItem TestCategory="LoyaltyTenderNeutralUserAcceptance" />
        <TestCategoryItem TestCategory="LoyaltyWeb" />
      </TestCategory>
      <DeploymentItems>
        <DeploymentItem filename="ExternalBinaries" outputDirectory=".\ExternalBinaries" />
        <DeploymentItem filename="TestData" outputDirectory=".\TestData" />
        <DeploymentItem filename="TestRunConfig" outputDirectory=".\TestRunConfig" />
      </DeploymentItems>
      <Execution id="2884eee5-95fd-4117-9742-f183acd3597f" />
      <TestMethod codeBase="C:/LoyaltyWebTest/Web/Test/UI/LoyaltyWeb/LoyaltyWebTest/LoyaltyWebTest/bin/Debug/Nordstrom.Web.Test.UI.LoyaltyWeb.DLL" adapterTypeName="Microsoft.VisualStudio.TestTools.TestTypes.Unit.UnitTestAdapter, Microsoft.VisualStudio.QualityTools.Tips.UnitTest.Adapter, Version=12.0.0.0, Culture=neutral, PublicKeyToken=b03f5f7f11d50a3a" className="Nordstrom.Web.Test.UI.LoyaltyWeb.LoyaltyRegisterTests, Nordstrom.Web.Test.UI.LoyaltyWeb, Version=1.0.0.0, Culture=neutral, PublicKeyToken=null" name="TenderNeutralRewardsRegister_GuestUserRegistrationForTenderNeutral_LoyaltyAndNordAccountSuccessfulCreation" />
    </UnitTest>
    <UnitTest name="ApplyAndBuy_GuestUserApplyNewRetailCardAndSignInConfirmation_CardSuccessfullyAddedToWallet" storage="c:\loyaltywebtest\web\test\ui\loyaltyweb\loyaltywebtest\loyaltywebtest\bin\debug\nordstrom.web.test.ui.loyaltyweb.dll" id="39f8cbb0-ec35-e92c-5fa3-224713efa2f4">
      <Description>Apply for nordstrom retail card as a guest user and sign in as an new user and verify the newly added card in user account wallet</Description>
      <TestCategory>
        <TestCategoryItem TestCategory="ApplyAndBuy Regression" />
      </TestCategory>
      <DeploymentItems>
        <DeploymentItem filename="ExternalBinaries" outputDirectory=".\ExternalBinaries" />
        <DeploymentItem filename="TestData" outputDirectory=".\TestData" />
        <DeploymentItem filename="TestRunConfig" outputDirectory=".\TestRunConfig" />
      </DeploymentItems>
      <Execution id="c23019fb-0a24-4fa6-a106-3fbcd07b4c88" />
      <TestMethod codeBase="C:/LoyaltyWebTest/Web/Test/UI/LoyaltyWeb/LoyaltyWebTest/LoyaltyWebTest/bin/Debug/Nordstrom.Web.Test.UI.LoyaltyWeb.DLL" adapterTypeName="Microsoft.VisualStudio.TestTools.TestTypes.Unit.UnitTestAdapter, Microsoft.VisualStudio.QualityTools.Tips.UnitTest.Adapter, Version=12.0.0.0, Culture=neutral, PublicKeyToken=b03f5f7f11d50a3a" className="Nordstrom.Web.Test.UI.LoyaltyWeb.ApplyAndBuyTests, Nordstrom.Web.Test.UI.LoyaltyWeb, Version=1.0.0.0, Culture=neutral, PublicKeyToken=null" name="ApplyAndBuy_GuestUserApplyNewRetailCardAndSignInConfirmation_CardSuccessfullyAddedToWallet" />
    </UnitTest>
    <UnitTest name="NavigationToLoyaltyWebPage_TenderNeutralEnrollAssociationFeatureFlagOn_UserLandOnLoyaltyWebPageSuccessful" storage="c:\loyaltywebtest\web\test\ui\loyaltyweb\loyaltywebtest\loyaltywebtest\bin\debug\nordstrom.web.test.ui.loyaltyweb.dll" id="2820d625-609e-8df1-be2e-54f45f94116b">
      <Description>Verify that user is redirected to Loyalty Association page , given feature TenderNeutralEnroll flag is on</Description>
      <TestCategory>
        <TestCategoryItem TestCategory="LoyaltyTenderNeutralBVT" />
        <TestCategoryItem TestCategory="LoyaltyAssociation" />
      </TestCategory>
      <DeploymentItems>
        <DeploymentItem filename="ExternalBinaries" outputDirectory=".\ExternalBinaries" />
        <DeploymentItem filename="TestData" outputDirectory=".\TestData" />
        <DeploymentItem filename="TestRunConfig" outputDirectory=".\TestRunConfig" />
      </DeploymentItems>
      <Execution id="9e426675-3e1c-4869-a249-19a0d5852f11" />
      <TestMethod codeBase="C:/LoyaltyWebTest/Web/Test/UI/LoyaltyWeb/LoyaltyWebTest/LoyaltyWebTest/bin/Debug/Nordstrom.Web.Test.UI.LoyaltyWeb.DLL" adapterTypeName="Microsoft.VisualStudio.TestTools.TestTypes.Unit.UnitTestAdapter, Microsoft.VisualStudio.QualityTools.Tips.UnitTest.Adapter, Version=12.0.0.0, Culture=neutral, PublicKeyToken=b03f5f7f11d50a3a" className="Nordstrom.Web.Test.UI.LoyaltyWeb.LoyaltyAssociationTests, Nordstrom.Web.Test.UI.LoyaltyWeb, Version=1.0.0.0, Culture=neutral, PublicKeyToken=null" name="NavigationToLoyaltyWebPage_TenderNeutralEnrollAssociationFeatureFlagOn_UserLandOnLoyaltyWebPageSuccessful" />
    </UnitTest>
    <UnitTest name="TenderNeutralRewardsRegister_GuestUserRegistrationForTenderNeutral_MandatoryFieldsDisplaySuccessful" storage="c:\loyaltywebtest\web\test\ui\loyaltyweb\loyaltywebtest\loyaltywebtest\bin\debug\nordstrom.web.test.ui.loyaltyweb.dll" id="86c93201-f1f8-1299-bf26-243f1336a5e7">
      <Description>Verify presence of mandatory fields on Loyalty Tender Neutral Register page for a guest user</Description>
      <TestCategory>
        <TestCategoryItem TestCategory="LoyaltyWeb" />
        <TestCategoryItem TestCategory="LoyaltyTenderNeutralBVT" />
      </TestCategory>
      <DeploymentItems>
        <DeploymentItem filename="ExternalBinaries" outputDirectory=".\ExternalBinaries" />
        <DeploymentItem filename="TestData" outputDirectory=".\TestData" />
        <DeploymentItem filename="TestRunConfig" outputDirectory=".\TestRunConfig" />
      </DeploymentItems>
      <Execution id="c616fc1d-ab91-4545-977c-e37863a1016a" />
      <TestMethod codeBase="C:/LoyaltyWebTest/Web/Test/UI/LoyaltyWeb/LoyaltyWebTest/LoyaltyWebTest/bin/Debug/Nordstrom.Web.Test.UI.LoyaltyWeb.DLL" adapterTypeName="Microsoft.VisualStudio.TestTools.TestTypes.Unit.UnitTestAdapter, Microsoft.VisualStudio.QualityTools.Tips.UnitTest.Adapter, Version=12.0.0.0, Culture=neutral, PublicKeyToken=b03f5f7f11d50a3a" className="Nordstrom.Web.Test.UI.LoyaltyWeb.LoyaltyRegisterTests, Nordstrom.Web.Test.UI.LoyaltyWeb, Version=1.0.0.0, Culture=neutral, PublicKeyToken=null" name="TenderNeutralRewardsRegister_GuestUserRegistrationForTenderNeutral_MandatoryFieldsDisplaySuccessful" />
    </UnitTest>
    <UnitTest name="SuccessAssociationPageModalPopupsValidation_GuestUserMaximumLimitGetANewCodeClickValidation_ValidMessageDisplayedSuccessfully" storage="c:\loyaltywebtest\web\test\ui\loyaltyweb\loyaltywebtest\loyaltywebtest\bin\debug\nordstrom.web.test.ui.loyaltyweb.dll" id="17ddc304-caf1-92fb-26b0-9e5ce0e35f12">
      <Description>Click on 'Get a new code' at maximum limit and verifying the valid message displayed successfully</Description>
      <TestCategory>
        <TestCategoryItem TestCategory="LoyaltyTenderNeutral Regression" />
      </TestCategory>
      <DeploymentItems>
        <DeploymentItem filename="ExternalBinaries" outputDirectory=".\ExternalBinaries" />
        <DeploymentItem filename="TestData" outputDirectory=".\TestData" />
        <DeploymentItem filename="TestRunConfig" outputDirectory=".\TestRunConfig" />
      </DeploymentItems>
      <Execution id="b51f268a-a1b7-4690-b439-6fdc746a7e28" />
      <TestMethod codeBase="C:/LoyaltyWebTest/Web/Test/UI/LoyaltyWeb/LoyaltyWebTest/LoyaltyWebTest/bin/Debug/Nordstrom.Web.Test.UI.LoyaltyWeb.DLL" adapterTypeName="Microsoft.VisualStudio.TestTools.TestTypes.Unit.UnitTestAdapter, Microsoft.VisualStudio.QualityTools.Tips.UnitTest.Adapter, Version=12.0.0.0, Culture=neutral, PublicKeyToken=b03f5f7f11d50a3a" className="Nordstrom.Web.Test.UI.LoyaltyWeb.LoyaltyTenderNeutralMobileVerificationPageTests, Nordstrom.Web.Test.UI.LoyaltyWeb, Version=1.0.0.0, Culture=neutral, PublicKeyToken=null" name="SuccessAssociationPageModalPopupsValidation_GuestUserMaximumLimitGetANewCodeClickValidation_ValidMessageDisplayedSuccessfully" />
    </UnitTest>
    <UnitTest name="ApplyAndBuy_AuthenticatedNewUserApplyForRetailCard_PlaceOrderWithInstantApprovedRetailCard" storage="c:\loyaltywebtest\web\test\ui\loyaltyweb\loyaltywebtest\loyaltywebtest\bin\debug\nordstrom.web.test.ui.loyaltyweb.dll" id="f5ba392b-8397-c58f-ac46-703a2f8ad87f">
      <Description>Verify that the  newly registered user is able to apply for a retail card and place an order with the instant approved retail card </Description>
      <TestCategory>
        <TestCategoryItem TestCategory="ApplyAndbuy EndToEnd" />
      </TestCategory>
      <DeploymentItems>
        <DeploymentItem filename="ExternalBinaries" outputDirectory=".\ExternalBinaries" />
        <DeploymentItem filename="TestData" outputDirectory=".\TestData" />
        <DeploymentItem filename="TestRunConfig" outputDirectory=".\TestRunConfig" />
      </DeploymentItems>
      <Execution id="19532885-1523-4e0a-a5bb-963a31f9a0d3" />
      <TestMethod codeBase="C:/LoyaltyWebTest/Web/Test/UI/LoyaltyWeb/LoyaltyWebTest/LoyaltyWebTest/bin/Debug/Nordstrom.Web.Test.UI.LoyaltyWeb.DLL" adapterTypeName="Microsoft.VisualStudio.TestTools.TestTypes.Unit.UnitTestAdapter, Microsoft.VisualStudio.QualityTools.Tips.UnitTest.Adapter, Version=12.0.0.0, Culture=neutral, PublicKeyToken=b03f5f7f11d50a3a" className="Nordstrom.Web.Test.UI.LoyaltyWeb.ApplyAndBuyTests, Nordstrom.Web.Test.UI.LoyaltyWeb, Version=1.0.0.0, Culture=neutral, PublicKeyToken=null" name="ApplyAndBuy_AuthenticatedNewUserApplyForRetailCard_PlaceOrderWithInstantApprovedRetailCard" />
    </UnitTest>
    <UnitTest name="TenderNeutralRewardsEnroll_LoyaltyTNRecognisedUserLeaveFieldsBlank_ErrorMessageDisplayedSuccessfully" storage="c:\loyaltywebtest\web\test\ui\loyaltyweb\loyaltywebtest\loyaltywebtest\bin\debug\nordstrom.web.test.ui.loyaltyweb.dll" id="62822ede-d7ae-a303-deb5-5de2d01d3518">
      <Description>Verify that error messages appear for all required fields when Join button is clicked leaving all fields blank for an recognised user</Description>
      <TestCategory>
        <TestCategoryItem TestCategory="LoyaltyTenderNeutral Regression" />
        <TestCategoryItem TestCategory="LoyaltyWeb" />
      </TestCategory>
      <DeploymentItems>
        <DeploymentItem filename="ExternalBinaries" outputDirectory=".\ExternalBinaries" />
        <DeploymentItem filename="TestData" outputDirectory=".\TestData" />
        <DeploymentItem filename="TestRunConfig" outputDirectory=".\TestRunConfig" />
      </DeploymentItems>
      <Execution id="ce499b66-0d6c-4d92-9d4c-20adfa57b5c0" />
      <TestMethod codeBase="C:/LoyaltyWebTest/Web/Test/UI/LoyaltyWeb/LoyaltyWebTest/LoyaltyWebTest/bin/Debug/Nordstrom.Web.Test.UI.LoyaltyWeb.DLL" adapterTypeName="Microsoft.VisualStudio.TestTools.TestTypes.Unit.UnitTestAdapter, Microsoft.VisualStudio.QualityTools.Tips.UnitTest.Adapter, Version=12.0.0.0, Culture=neutral, PublicKeyToken=b03f5f7f11d50a3a" className="Nordstrom.Web.Test.UI.LoyaltyWeb.LoyaltyRegisterTests, Nordstrom.Web.Test.UI.LoyaltyWeb, Version=1.0.0.0, Culture=neutral, PublicKeyToken=null" name="TenderNeutralRewardsEnroll_LoyaltyTNRecognisedUserLeaveFieldsBlank_ErrorMessageDisplayedSuccessfully" />
    </UnitTest>
    <UnitTest name="SuccessAssociationPageModalPopupsValidation_CloseButtonInDidntGetACodeModalValidation_CloseButtonInDidntGetACodeModalClosedModalSuccessfully" storage="c:\loyaltywebtest\web\test\ui\loyaltyweb\loyaltywebtest\loyaltywebtest\bin\debug\nordstrom.web.test.ui.loyaltyweb.dll" id="8814ad4a-610b-1476-179c-7964a75f96e9">
      <Description>Didn't Get A Code Modal Popup Close Button Functionality verification</Description>
      <TestCategory>
        <TestCategoryItem TestCategory="LoyaltyTenderNeutral Regression" />
      </TestCategory>
      <DeploymentItems>
        <DeploymentItem filename="ExternalBinaries" outputDirectory=".\ExternalBinaries" />
        <DeploymentItem filename="TestData" outputDirectory=".\TestData" />
        <DeploymentItem filename="TestRunConfig" outputDirectory=".\TestRunConfig" />
      </DeploymentItems>
      <Execution id="67def3de-c4af-4a90-8cb7-e4d95600d35e" />
      <TestMethod codeBase="C:/LoyaltyWebTest/Web/Test/UI/LoyaltyWeb/LoyaltyWebTest/LoyaltyWebTest/bin/Debug/Nordstrom.Web.Test.UI.LoyaltyWeb.DLL" adapterTypeName="Microsoft.VisualStudio.TestTools.TestTypes.Unit.UnitTestAdapter, Microsoft.VisualStudio.QualityTools.Tips.UnitTest.Adapter, Version=12.0.0.0, Culture=neutral, PublicKeyToken=b03f5f7f11d50a3a" className="Nordstrom.Web.Test.UI.LoyaltyWeb.LoyaltyTenderNeutralMobileVerificationPageTests, Nordstrom.Web.Test.UI.LoyaltyWeb, Version=1.0.0.0, Culture=neutral, PublicKeyToken=null" name="SuccessAssociationPageModalPopupsValidation_CloseButtonInDidntGetACodeModalValidation_CloseButtonInDidntGetACodeModalClosedModalSuccessfully" />
    </UnitTest>
    <UnitTest name="TenderNeutralRewardsRegister_GuestUserEnrollWhenEmailPreferenceCheckboxUnchecked_ShouldFailEnroll" storage="c:\loyaltywebtest\web\test\ui\loyaltyweb\loyaltywebtest\loyaltywebtest\bin\debug\nordstrom.web.test.ui.loyaltyweb.dll" id="8f46b4dc-24ba-0a98-6e75-5962fc8b7e13">
      <Description>Guest user enrolls when email preference is not checked</Description>
      <TestCategory>
        <TestCategoryItem TestCategory="LoyaltyTenderNeutral Regression" />
      </TestCategory>
      <DeploymentItems>
        <DeploymentItem filename="ExternalBinaries" outputDirectory=".\ExternalBinaries" />
        <DeploymentItem filename="TestData" outputDirectory=".\TestData" />
        <DeploymentItem filename="TestRunConfig" outputDirectory=".\TestRunConfig" />
      </DeploymentItems>
      <Execution id="e1305a2f-44ff-47f6-ab6f-2ff6bef30c76" />
      <TestMethod codeBase="C:/LoyaltyWebTest/Web/Test/UI/LoyaltyWeb/LoyaltyWebTest/LoyaltyWebTest/bin/Debug/Nordstrom.Web.Test.UI.LoyaltyWeb.DLL" adapterTypeName="Microsoft.VisualStudio.TestTools.TestTypes.Unit.UnitTestAdapter, Microsoft.VisualStudio.QualityTools.Tips.UnitTest.Adapter, Version=12.0.0.0, Culture=neutral, PublicKeyToken=b03f5f7f11d50a3a" className="Nordstrom.Web.Test.UI.LoyaltyWeb.LoyaltyRegisterTests, Nordstrom.Web.Test.UI.LoyaltyWeb, Version=1.0.0.0, Culture=neutral, PublicKeyToken=null" name="TenderNeutralRewardsRegister_GuestUserEnrollWhenEmailPreferenceCheckboxUnchecked_ShouldFailEnroll" />
    </UnitTest>
    <UnitTest name="MobileVerificationPageModalPopupsValidation_OkButtonInGetANewCodeModalValidation_OkButtonInGetANewCodeModalClosesModalSuccessfully" storage="c:\loyaltywebtest\web\test\ui\loyaltyweb\loyaltywebtest\loyaltywebtest\bin\debug\nordstrom.web.test.ui.loyaltyweb.dll" id="a69eddad-1d10-e519-4d70-67bf86829651">
      <Description>'Get a new code' Modal Popup OK Button Modal dismissal behavior validation</Description>
      <TestCategory>
        <TestCategoryItem TestCategory="LoyaltyTenderNeutral Regression" />
      </TestCategory>
      <DeploymentItems>
        <DeploymentItem filename="ExternalBinaries" outputDirectory=".\ExternalBinaries" />
        <DeploymentItem filename="TestData" outputDirectory=".\TestData" />
        <DeploymentItem filename="TestRunConfig" outputDirectory=".\TestRunConfig" />
      </DeploymentItems>
      <Execution id="fbcacce9-9588-49df-bf07-0a7e6669f962" />
      <TestMethod codeBase="C:/LoyaltyWebTest/Web/Test/UI/LoyaltyWeb/LoyaltyWebTest/LoyaltyWebTest/bin/Debug/Nordstrom.Web.Test.UI.LoyaltyWeb.DLL" adapterTypeName="Microsoft.VisualStudio.TestTools.TestTypes.Unit.UnitTestAdapter, Microsoft.VisualStudio.QualityTools.Tips.UnitTest.Adapter, Version=12.0.0.0, Culture=neutral, PublicKeyToken=b03f5f7f11d50a3a" className="Nordstrom.Web.Test.UI.LoyaltyWeb.LoyaltyTenderNeutralMobileVerificationPageTests, Nordstrom.Web.Test.UI.LoyaltyWeb, Version=1.0.0.0, Culture=neutral, PublicKeyToken=null" name="MobileVerificationPageModalPopupsValidation_OkButtonInGetANewCodeModalValidation_OkButtonInGetANewCodeModalClosesModalSuccessfully" />
    </UnitTest>
    <UnitTest name="ApplyAndBuy_AuthenicatedUserShoppingVisa_ShouldGetReferralMessage" storage="c:\loyaltywebtest\web\test\ui\loyaltyweb\loyaltywebtest\loyaltywebtest\bin\debug\nordstrom.web.test.ui.loyaltyweb.dll" id="4664e0a6-2072-9199-590f-6521601f9324">
      <Description>Verify authenticated user would shop visa card unsuccessfully.</Description>
      <TestCategory>
        <TestCategoryItem TestCategory="ApplyAndBuy Regression" />
      </TestCategory>
      <DeploymentItems>
        <DeploymentItem filename="ExternalBinaries" outputDirectory=".\ExternalBinaries" />
        <DeploymentItem filename="TestData" outputDirectory=".\TestData" />
        <DeploymentItem filename="TestRunConfig" outputDirectory=".\TestRunConfig" />
      </DeploymentItems>
      <Execution id="d488f707-43bc-43e0-b000-3f62bdbcd025" />
      <TestMethod codeBase="C:/LoyaltyWebTest/Web/Test/UI/LoyaltyWeb/LoyaltyWebTest/LoyaltyWebTest/bin/Debug/Nordstrom.Web.Test.UI.LoyaltyWeb.DLL" adapterTypeName="Microsoft.VisualStudio.TestTools.TestTypes.Unit.UnitTestAdapter, Microsoft.VisualStudio.QualityTools.Tips.UnitTest.Adapter, Version=12.0.0.0, Culture=neutral, PublicKeyToken=b03f5f7f11d50a3a" className="Nordstrom.Web.Test.UI.LoyaltyWeb.ApplyAndBuyTests, Nordstrom.Web.Test.UI.LoyaltyWeb, Version=1.0.0.0, Culture=neutral, PublicKeyToken=null" name="ApplyAndBuy_AuthenicatedUserShoppingVisa_ShouldGetReferralMessage" />
    </UnitTest>
    <UnitTest name="ApplyAndBuy_GuestUserApplyForNewVisaCardAndSignInAfterCardConfirmation_CardSuccessfullyAddedToWallet" storage="c:\loyaltywebtest\web\test\ui\loyaltyweb\loyaltywebtest\loyaltywebtest\bin\debug\nordstrom.web.test.ui.loyaltyweb.dll" id="caa293c4-490c-e422-2d38-ef52d14434a9">
      <Description>Apply for Nordsrom Visa Credit Card as a guest user, sign in as a returning customer after card confirmation and successfully verify that card is added to wallet</Description>
      <TestCategory>
        <TestCategoryItem TestCategory="ApplyAndBuy Regression" />
      </TestCategory>
      <DeploymentItems>
        <DeploymentItem filename="ExternalBinaries" outputDirectory=".\ExternalBinaries" />
        <DeploymentItem filename="TestData" outputDirectory=".\TestData" />
        <DeploymentItem filename="TestRunConfig" outputDirectory=".\TestRunConfig" />
      </DeploymentItems>
      <Execution id="e82550ec-d246-4326-b56a-c43ec6ba7c02" />
      <TestMethod codeBase="C:/LoyaltyWebTest/Web/Test/UI/LoyaltyWeb/LoyaltyWebTest/LoyaltyWebTest/bin/Debug/Nordstrom.Web.Test.UI.LoyaltyWeb.DLL" adapterTypeName="Microsoft.VisualStudio.TestTools.TestTypes.Unit.UnitTestAdapter, Microsoft.VisualStudio.QualityTools.Tips.UnitTest.Adapter, Version=12.0.0.0, Culture=neutral, PublicKeyToken=b03f5f7f11d50a3a" className="Nordstrom.Web.Test.UI.LoyaltyWeb.ApplyAndBuyTests, Nordstrom.Web.Test.UI.LoyaltyWeb, Version=1.0.0.0, Culture=neutral, PublicKeyToken=null" name="ApplyAndBuy_GuestUserApplyForNewVisaCardAndSignInAfterCardConfirmation_CardSuccessfullyAddedToWallet" />
    </UnitTest>
    <UnitTest name="ApplyAndBuy_AuthenticatedUserShoppingwithNewVisaCard_DeclinetheOffer" storage="c:\loyaltywebtest\web\test\ui\loyaltyweb\loyaltywebtest\loyaltywebtest\bin\debug\nordstrom.web.test.ui.loyaltyweb.dll" id="84e2f4e9-6bea-c593-d143-62a75b1a8203">
      <Description>Verify newly added VISA card decline an offer as a existing user</Description>
      <TestCategory>
        <TestCategoryItem TestCategory="ApplyAndBuy Regression" />
      </TestCategory>
      <DeploymentItems>
        <DeploymentItem filename="ExternalBinaries" outputDirectory=".\ExternalBinaries" />
        <DeploymentItem filename="TestData" outputDirectory=".\TestData" />
        <DeploymentItem filename="TestRunConfig" outputDirectory=".\TestRunConfig" />
      </DeploymentItems>
      <Execution id="e0607fc2-a8da-4dbb-be2b-80628056a4f6" />
      <TestMethod codeBase="C:/LoyaltyWebTest/Web/Test/UI/LoyaltyWeb/LoyaltyWebTest/LoyaltyWebTest/bin/Debug/Nordstrom.Web.Test.UI.LoyaltyWeb.DLL" adapterTypeName="Microsoft.VisualStudio.TestTools.TestTypes.Unit.UnitTestAdapter, Microsoft.VisualStudio.QualityTools.Tips.UnitTest.Adapter, Version=12.0.0.0, Culture=neutral, PublicKeyToken=b03f5f7f11d50a3a" className="Nordstrom.Web.Test.UI.LoyaltyWeb.ApplyAndBuyTests, Nordstrom.Web.Test.UI.LoyaltyWeb, Version=1.0.0.0, Culture=neutral, PublicKeyToken=null" name="ApplyAndBuy_AuthenticatedUserShoppingwithNewVisaCard_DeclinetheOffer" />
    </UnitTest>
    <UnitTest name="LoyaltyWelcomePage_HauteLookLogo_ShouldRender" storage="c:\loyaltywebtest\web\test\ui\loyaltyweb\loyaltywebtest\loyaltywebtest\bin\debug\nordstrom.web.test.ui.loyaltyweb.dll" id="a4820a9f-81f2-f74a-e78b-327ea50d8b48">
      <Description>HauteLook logo should link to the right url </Description>
      <TestCategory>
        <TestCategoryItem TestCategory="Welcome" />
      </TestCategory>
      <DeploymentItems>
        <DeploymentItem filename="ExternalBinaries" outputDirectory=".\ExternalBinaries" />
        <DeploymentItem filename="TestData" outputDirectory=".\TestData" />
        <DeploymentItem filename="TestRunConfig" outputDirectory=".\TestRunConfig" />
      </DeploymentItems>
      <Execution id="9431a3e4-51f9-4a85-a659-e74aec1eb1b9" />
      <TestMethod codeBase="C:/LoyaltyWebTest/Web/Test/UI/LoyaltyWeb/LoyaltyWebTest/LoyaltyWebTest/bin/Debug/Nordstrom.Web.Test.UI.LoyaltyWeb.DLL" adapterTypeName="Microsoft.VisualStudio.TestTools.TestTypes.Unit.UnitTestAdapter, Microsoft.VisualStudio.QualityTools.Tips.UnitTest.Adapter, Version=12.0.0.0, Culture=neutral, PublicKeyToken=b03f5f7f11d50a3a" className="Nordstrom.Web.Test.UI.LoyaltyWeb.LoyaltyWelcomeTests, Nordstrom.Web.Test.UI.LoyaltyWeb, Version=1.0.0.0, Culture=neutral, PublicKeyToken=null" name="LoyaltyWelcomePage_HauteLookLogo_ShouldRender" />
    </UnitTest>
    <UnitTest name="ApplyAndBuy_GuestUserShoppingVisa_ShouldBeAbleToDeclineTheOffer" storage="c:\loyaltywebtest\web\test\ui\loyaltyweb\loyaltywebtest\loyaltywebtest\bin\debug\nordstrom.web.test.ui.loyaltyweb.dll" id="9af1ceb2-c057-28a6-e9eb-e98292d37e61">
      <Description>Verify guest user can shop visa card successfully.</Description>
      <TestCategory>
        <TestCategoryItem TestCategory="ApplyAndBuy Regression" />
      </TestCategory>
      <DeploymentItems>
        <DeploymentItem filename="ExternalBinaries" outputDirectory=".\ExternalBinaries" />
        <DeploymentItem filename="TestData" outputDirectory=".\TestData" />
        <DeploymentItem filename="TestRunConfig" outputDirectory=".\TestRunConfig" />
      </DeploymentItems>
      <Execution id="4319e66c-26a1-45da-a22c-6dc6f1af67bd" />
      <TestMethod codeBase="C:/LoyaltyWebTest/Web/Test/UI/LoyaltyWeb/LoyaltyWebTest/LoyaltyWebTest/bin/Debug/Nordstrom.Web.Test.UI.LoyaltyWeb.DLL" adapterTypeName="Microsoft.VisualStudio.TestTools.TestTypes.Unit.UnitTestAdapter, Microsoft.VisualStudio.QualityTools.Tips.UnitTest.Adapter, Version=12.0.0.0, Culture=neutral, PublicKeyToken=b03f5f7f11d50a3a" className="Nordstrom.Web.Test.UI.LoyaltyWeb.ApplyAndBuyTests, Nordstrom.Web.Test.UI.LoyaltyWeb, Version=1.0.0.0, Culture=neutral, PublicKeyToken=null" name="ApplyAndBuy_GuestUserShoppingVisa_ShouldBeAbleToDeclineTheOffer" />
    </UnitTest>
    <UnitTest name="TenderNeutralRewardsRegister_MarketingPreferenceUpdateUncheckedDuringTenderNeutralEnrollment_MarketingPreferenceSuccessfulUpdateToNoForNordAccount" storage="c:\loyaltywebtest\web\test\ui\loyaltyweb\loyaltywebtest\loyaltywebtest\bin\debug\nordstrom.web.test.ui.loyaltyweb.dll" id="31d09e3d-7f4d-771c-fcf2-17618432c75c">
      <Description>Verify that Nordstrom email marketing preference is updated to yes while creating a nordtrom tender neutral rewards account</Description>
      <TestCategory>
        <TestCategoryItem TestCategory="LoyaltyTenderNeutralMarketingPreference" />
        <TestCategoryItem TestCategory="LoyaltyTenderNeutral Regression" />
        <TestCategoryItem TestCategory="LoyaltyWeb" />
      </TestCategory>
      <DeploymentItems>
        <DeploymentItem filename="ExternalBinaries" outputDirectory=".\ExternalBinaries" />
        <DeploymentItem filename="TestData" outputDirectory=".\TestData" />
        <DeploymentItem filename="TestRunConfig" outputDirectory=".\TestRunConfig" />
      </DeploymentItems>
      <Execution id="8310ae84-4d2a-4c09-947c-9c8045094065" />
      <TestMethod codeBase="C:/LoyaltyWebTest/Web/Test/UI/LoyaltyWeb/LoyaltyWebTest/LoyaltyWebTest/bin/Debug/Nordstrom.Web.Test.UI.LoyaltyWeb.DLL" adapterTypeName="Microsoft.VisualStudio.TestTools.TestTypes.Unit.UnitTestAdapter, Microsoft.VisualStudio.QualityTools.Tips.UnitTest.Adapter, Version=12.0.0.0, Culture=neutral, PublicKeyToken=b03f5f7f11d50a3a" className="Nordstrom.Web.Test.UI.LoyaltyWeb.LoyaltyRegisterTests, Nordstrom.Web.Test.UI.LoyaltyWeb, Version=1.0.0.0, Culture=neutral, PublicKeyToken=null" name="TenderNeutralRewardsRegister_MarketingPreferenceUpdateUncheckedDuringTenderNeutralEnrollment_MarketingPreferenceSuccessfulUpdateToNoForNordAccount" />
    </UnitTest>
    <UnitTest name="ApplyAndBuy_GuestUserApplyForNewRetailCardAndSignInAsReturningUserAfterCardConfirmation_OrderSuccessfullyPlacedWithNewRetailCard" storage="c:\loyaltywebtest\web\test\ui\loyaltyweb\loyaltywebtest\loyaltywebtest\bin\debug\nordstrom.web.test.ui.loyaltyweb.dll" id="09913320-6a43-f344-ad72-24ef5b9d5b08">
      <Description>Apply for New Retail Card as a guest user, log in after card confirmationand successfully place an order with newly added card to wallet</Description>
      <TestCategory>
        <TestCategoryItem TestCategory="ApplyAndBuy Regression" />
      </TestCategory>
      <DeploymentItems>
        <DeploymentItem filename="ExternalBinaries" outputDirectory=".\ExternalBinaries" />
        <DeploymentItem filename="TestData" outputDirectory=".\TestData" />
        <DeploymentItem filename="TestRunConfig" outputDirectory=".\TestRunConfig" />
      </DeploymentItems>
      <Execution id="1aa65052-0b3e-4d0d-9812-bab8c07a024a" />
      <TestMethod codeBase="C:/LoyaltyWebTest/Web/Test/UI/LoyaltyWeb/LoyaltyWebTest/LoyaltyWebTest/bin/Debug/Nordstrom.Web.Test.UI.LoyaltyWeb.DLL" adapterTypeName="Microsoft.VisualStudio.TestTools.TestTypes.Unit.UnitTestAdapter, Microsoft.VisualStudio.QualityTools.Tips.UnitTest.Adapter, Version=12.0.0.0, Culture=neutral, PublicKeyToken=b03f5f7f11d50a3a" className="Nordstrom.Web.Test.UI.LoyaltyWeb.ApplyAndBuyTests, Nordstrom.Web.Test.UI.LoyaltyWeb, Version=1.0.0.0, Culture=neutral, PublicKeyToken=null" name="ApplyAndBuy_GuestUserApplyForNewRetailCardAndSignInAsReturningUserAfterCardConfirmation_OrderSuccessfullyPlacedWithNewRetailCard" />
    </UnitTest>
    <UnitTest name="LoyaltyLearnPage_ClickOnBecomeAMemberLink_NavigatesToRelevantPageSuccessfully" storage="c:\loyaltywebtest\web\test\ui\loyaltyweb\loyaltywebtest\loyaltywebtest\bin\debug\nordstrom.web.test.ui.loyaltyweb.dll" id="b7e89f3b-eb65-20d1-c839-79102d768b48">
      <Description>To verify Become a Member link on Learn Page is navigated to the relevant page successfully</Description>
      <TestCategory>
        <TestCategoryItem TestCategory="Learn" />
      </TestCategory>
      <DeploymentItems>
        <DeploymentItem filename="ExternalBinaries" outputDirectory=".\ExternalBinaries" />
        <DeploymentItem filename="TestData" outputDirectory=".\TestData" />
        <DeploymentItem filename="TestRunConfig" outputDirectory=".\TestRunConfig" />
      </DeploymentItems>
      <Execution id="4b37b2fd-34a1-487c-b6fe-dd2971603fab" />
      <TestMethod codeBase="C:/LoyaltyWebTest/Web/Test/UI/LoyaltyWeb/LoyaltyWebTest/LoyaltyWebTest/bin/Debug/Nordstrom.Web.Test.UI.LoyaltyWeb.DLL" adapterTypeName="Microsoft.VisualStudio.TestTools.TestTypes.Unit.UnitTestAdapter, Microsoft.VisualStudio.QualityTools.Tips.UnitTest.Adapter, Version=12.0.0.0, Culture=neutral, PublicKeyToken=b03f5f7f11d50a3a" className="Nordstrom.Web.Test.UI.LoyaltyWeb.LoyaltyLearnTests, Nordstrom.Web.Test.UI.LoyaltyWeb, Version=1.0.0.0, Culture=neutral, PublicKeyToken=null" name="LoyaltyLearnPage_ClickOnBecomeAMemberLink_NavigatesToRelevantPageSuccessfully" />
    </UnitTest>
    <UnitTest name="TenderNeutralRewardsEnroll_LoyaltyTenderNeutralUnrecognisedUserLeaveFieldsBlank_ErrorMessageDisplayedSuccessfully" storage="c:\loyaltywebtest\web\test\ui\loyaltyweb\loyaltywebtest\loyaltywebtest\bin\debug\nordstrom.web.test.ui.loyaltyweb.dll" id="12446332-be04-0a8f-d8db-23e5eb680c27">
      <Description>Verify that error messages appear for all required fields when Join button is clicked leaving all fields blank for an unrecognised user</Description>
      <TestCategory>
        <TestCategoryItem TestCategory="LoyaltyTenderNeutral Regression" />
        <TestCategoryItem TestCategory="LoyaltyWeb" />
      </TestCategory>
      <DeploymentItems>
        <DeploymentItem filename="ExternalBinaries" outputDirectory=".\ExternalBinaries" />
        <DeploymentItem filename="TestData" outputDirectory=".\TestData" />
        <DeploymentItem filename="TestRunConfig" outputDirectory=".\TestRunConfig" />
      </DeploymentItems>
      <Execution id="3774210f-c235-4b79-880c-210509d3a407" />
      <TestMethod codeBase="C:/LoyaltyWebTest/Web/Test/UI/LoyaltyWeb/LoyaltyWebTest/LoyaltyWebTest/bin/Debug/Nordstrom.Web.Test.UI.LoyaltyWeb.DLL" adapterTypeName="Microsoft.VisualStudio.TestTools.TestTypes.Unit.UnitTestAdapter, Microsoft.VisualStudio.QualityTools.Tips.UnitTest.Adapter, Version=12.0.0.0, Culture=neutral, PublicKeyToken=b03f5f7f11d50a3a" className="Nordstrom.Web.Test.UI.LoyaltyWeb.LoyaltyRegisterTests, Nordstrom.Web.Test.UI.LoyaltyWeb, Version=1.0.0.0, Culture=neutral, PublicKeyToken=null" name="TenderNeutralRewardsEnroll_LoyaltyTenderNeutralUnrecognisedUserLeaveFieldsBlank_ErrorMessageDisplayedSuccessfully" />
    </UnitTest>
    <UnitTest name="TenderNeutralRewardsEnroll_LoyaltyTenderNeutralRegisteredAuthenticatedUser_MandatoryFieldsDisplaySuccessful" storage="c:\loyaltywebtest\web\test\ui\loyaltyweb\loyaltywebtest\loyaltywebtest\bin\debug\nordstrom.web.test.ui.loyaltyweb.dll" id="5c6e6cca-5cd4-1632-9ca1-9c14b9dbd1c4">
      <Description>Verify presence of mandatory fields on loyalty enroll page for N.com Registered user</Description>
      <TestCategory>
        <TestCategoryItem TestCategory="LoyaltyTenderNeutralBVT" />
        <TestCategoryItem TestCategory="LoyaltyWeb" />
      </TestCategory>
      <DeploymentItems>
        <DeploymentItem filename="ExternalBinaries" outputDirectory=".\ExternalBinaries" />
        <DeploymentItem filename="TestData" outputDirectory=".\TestData" />
        <DeploymentItem filename="TestRunConfig" outputDirectory=".\TestRunConfig" />
      </DeploymentItems>
      <Execution id="ccd97695-2bf0-45f6-b326-a40f7a787188" />
      <TestMethod codeBase="C:/LoyaltyWebTest/Web/Test/UI/LoyaltyWeb/LoyaltyWebTest/LoyaltyWebTest/bin/Debug/Nordstrom.Web.Test.UI.LoyaltyWeb.DLL" adapterTypeName="Microsoft.VisualStudio.TestTools.TestTypes.Unit.UnitTestAdapter, Microsoft.VisualStudio.QualityTools.Tips.UnitTest.Adapter, Version=12.0.0.0, Culture=neutral, PublicKeyToken=b03f5f7f11d50a3a" className="Nordstrom.Web.Test.UI.LoyaltyWeb.LoyaltyRegisterTests, Nordstrom.Web.Test.UI.LoyaltyWeb, Version=1.0.0.0, Culture=neutral, PublicKeyToken=null" name="TenderNeutralRewardsEnroll_LoyaltyTenderNeutralRegisteredAuthenticatedUser_MandatoryFieldsDisplaySuccessful" />
    </UnitTest>
    <UnitTest name="ApplyAndBuy_RegisteredUserNavigationToRetailCardOfferPageAndLinkVerification_SeeMoreBenefitsLinkVerifiedSuccessfully" storage="c:\loyaltywebtest\web\test\ui\loyaltyweb\loyaltywebtest\loyaltywebtest\bin\debug\nordstrom.web.test.ui.loyaltyweb.dll" id="626e255c-bb2f-0974-17c4-02b1ec8a9b1c">
      <Description>Apply for Nordsrom Retail Credit Card as a registered authenticated user and  verify See More Benefits link on card offer page for retail card</Description>
      <TestCategory>
        <TestCategoryItem TestCategory="ApplyAndBuy Regression" />
      </TestCategory>
      <DeploymentItems>
        <DeploymentItem filename="ExternalBinaries" outputDirectory=".\ExternalBinaries" />
        <DeploymentItem filename="TestData" outputDirectory=".\TestData" />
        <DeploymentItem filename="TestRunConfig" outputDirectory=".\TestRunConfig" />
      </DeploymentItems>
      <Execution id="e0ce45ce-5bd5-4714-a92e-a6dc6db10420" />
      <TestMethod codeBase="C:/LoyaltyWebTest/Web/Test/UI/LoyaltyWeb/LoyaltyWebTest/LoyaltyWebTest/bin/Debug/Nordstrom.Web.Test.UI.LoyaltyWeb.DLL" adapterTypeName="Microsoft.VisualStudio.TestTools.TestTypes.Unit.UnitTestAdapter, Microsoft.VisualStudio.QualityTools.Tips.UnitTest.Adapter, Version=12.0.0.0, Culture=neutral, PublicKeyToken=b03f5f7f11d50a3a" className="Nordstrom.Web.Test.UI.LoyaltyWeb.ApplyAndBuyTests, Nordstrom.Web.Test.UI.LoyaltyWeb, Version=1.0.0.0, Culture=neutral, PublicKeyToken=null" name="ApplyAndBuy_RegisteredUserNavigationToRetailCardOfferPageAndLinkVerification_SeeMoreBenefitsLinkVerifiedSuccessfully" />
    </UnitTest>
    <UnitTest name="TenderNeutralRewardsEnroll_LoyaltyTNGuestUser_ErrorMessageVanishesOnValidEntry" storage="c:\loyaltywebtest\web\test\ui\loyaltyweb\loyaltywebtest\loyaltywebtest\bin\debug\nordstrom.web.test.ui.loyaltyweb.dll" id="f10986fe-03bc-a93b-c860-23e4c247fc73">
      <Description>Verify that error messages vanish after we enter valid data in all the fields</Description>
      <TestCategory>
        <TestCategoryItem TestCategory="LoyaltyTenderNeutral Regression" />
        <TestCategoryItem TestCategory="LoyaltyWeb" />
      </TestCategory>
      <DeploymentItems>
        <DeploymentItem filename="ExternalBinaries" outputDirectory=".\ExternalBinaries" />
        <DeploymentItem filename="TestData" outputDirectory=".\TestData" />
        <DeploymentItem filename="TestRunConfig" outputDirectory=".\TestRunConfig" />
      </DeploymentItems>
      <Execution id="2850e2c4-8749-4383-adb5-603d53af97e6" />
      <TestMethod codeBase="C:/LoyaltyWebTest/Web/Test/UI/LoyaltyWeb/LoyaltyWebTest/LoyaltyWebTest/bin/Debug/Nordstrom.Web.Test.UI.LoyaltyWeb.DLL" adapterTypeName="Microsoft.VisualStudio.TestTools.TestTypes.Unit.UnitTestAdapter, Microsoft.VisualStudio.QualityTools.Tips.UnitTest.Adapter, Version=12.0.0.0, Culture=neutral, PublicKeyToken=b03f5f7f11d50a3a" className="Nordstrom.Web.Test.UI.LoyaltyWeb.LoyaltyRegisterTests, Nordstrom.Web.Test.UI.LoyaltyWeb, Version=1.0.0.0, Culture=neutral, PublicKeyToken=null" name="TenderNeutralRewardsEnroll_LoyaltyTNGuestUser_ErrorMessageVanishesOnValidEntry" />
    </UnitTest>
    <UnitTest name="ApplyAndBuy_ExistingRegisteredUserShoppingWithVisaCard_OrderSuccessfullyPlacedWithNewVisaCard" storage="c:\loyaltywebtest\web\test\ui\loyaltyweb\loyaltywebtest\loyaltywebtest\bin\debug\nordstrom.web.test.ui.loyaltyweb.dll" id="89dfb266-1185-0c11-5767-27fb25f81a49">
      <Description>Verify that an existing registered user is able to apply for a visa card and place an order with the instant approved visa card </Description>
      <TestCategory>
        <TestCategoryItem TestCategory="ApplyAndbuy EndToEnd" />
      </TestCategory>
      <DeploymentItems>
        <DeploymentItem filename="ExternalBinaries" outputDirectory=".\ExternalBinaries" />
        <DeploymentItem filename="TestData" outputDirectory=".\TestData" />
        <DeploymentItem filename="TestRunConfig" outputDirectory=".\TestRunConfig" />
      </DeploymentItems>
      <Execution id="e84dd60c-f363-4561-8cc3-1dd1aed4ca6b" />
      <TestMethod codeBase="C:/LoyaltyWebTest/Web/Test/UI/LoyaltyWeb/LoyaltyWebTest/LoyaltyWebTest/bin/Debug/Nordstrom.Web.Test.UI.LoyaltyWeb.DLL" adapterTypeName="Microsoft.VisualStudio.TestTools.TestTypes.Unit.UnitTestAdapter, Microsoft.VisualStudio.QualityTools.Tips.UnitTest.Adapter, Version=12.0.0.0, Culture=neutral, PublicKeyToken=b03f5f7f11d50a3a" className="Nordstrom.Web.Test.UI.LoyaltyWeb.ApplyAndBuyTests, Nordstrom.Web.Test.UI.LoyaltyWeb, Version=1.0.0.0, Culture=neutral, PublicKeyToken=null" name="ApplyAndBuy_ExistingRegisteredUserShoppingWithVisaCard_OrderSuccessfullyPlacedWithNewVisaCard" />
    </UnitTest>
    <UnitTest name="TenderNeutralRewardsEnroll_EnrollingWebGuestUserWithSpecialCharacterInFirstName_ThrowsError" storage="c:\loyaltywebtest\web\test\ui\loyaltyweb\loyaltywebtest\loyaltywebtest\bin\debug\nordstrom.web.test.ui.loyaltyweb.dll" id="4d638e32-5855-1388-3e9e-cde5f0a77c27">
      <Description>Verify that Invalid Special Character in First Name throws error</Description>
      <TestCategory>
        <TestCategoryItem TestCategory="LoyaltyTenderNeutralUserAcceptance" />
        <TestCategoryItem TestCategory="LoyaltyWeb" />
      </TestCategory>
      <DeploymentItems>
        <DeploymentItem filename="ExternalBinaries" outputDirectory=".\ExternalBinaries" />
        <DeploymentItem filename="TestData" outputDirectory=".\TestData" />
        <DeploymentItem filename="TestRunConfig" outputDirectory=".\TestRunConfig" />
      </DeploymentItems>
      <Execution id="71077ac5-0a6c-4339-8a45-3c6756b83795" />
      <TestMethod codeBase="C:/LoyaltyWebTest/Web/Test/UI/LoyaltyWeb/LoyaltyWebTest/LoyaltyWebTest/bin/Debug/Nordstrom.Web.Test.UI.LoyaltyWeb.DLL" adapterTypeName="Microsoft.VisualStudio.TestTools.TestTypes.Unit.UnitTestAdapter, Microsoft.VisualStudio.QualityTools.Tips.UnitTest.Adapter, Version=12.0.0.0, Culture=neutral, PublicKeyToken=b03f5f7f11d50a3a" className="Nordstrom.Web.Test.UI.LoyaltyWeb.LoyaltyRegisterTests, Nordstrom.Web.Test.UI.LoyaltyWeb, Version=1.0.0.0, Culture=neutral, PublicKeyToken=null" name="TenderNeutralRewardsEnroll_EnrollingWebGuestUserWithSpecialCharacterInFirstName_ThrowsError" />
    </UnitTest>
    <UnitTest name="TenderNeutralEnroll_When15MinutesPassWithoutUserActivityAndTestSecureShopperSessionFeatureFlagOff_ExpectSessionTimeoutInfoShowAndUserInfoDisappear" storage="c:\loyaltywebtest\web\test\ui\loyaltyweb\loyaltywebtest\loyaltywebtest\bin\debug\nordstrom.web.test.ui.loyaltyweb.dll" id="dbe39e81-54e6-8534-594e-60312842c80d">
      <Description>Verify that when 15 minutes pass without authenticated user input, session time out area is shown and existing user personal info disappear.</Description>
      <TestCategory>
        <TestCategoryItem TestCategory="LoyaltyTenderNeutral SensitiveData" />
      </TestCategory>
      <DeploymentItems>
        <DeploymentItem filename="ExternalBinaries" outputDirectory=".\ExternalBinaries" />
        <DeploymentItem filename="TestData" outputDirectory=".\TestData" />
        <DeploymentItem filename="TestRunConfig" outputDirectory=".\TestRunConfig" />
      </DeploymentItems>
      <Execution id="4eee5285-5de5-441e-bc01-977d13f53662" />
      <TestMethod codeBase="C:/LoyaltyWebTest/Web/Test/UI/LoyaltyWeb/LoyaltyWebTest/LoyaltyWebTest/bin/Debug/Nordstrom.Web.Test.UI.LoyaltyWeb.DLL" adapterTypeName="Microsoft.VisualStudio.TestTools.TestTypes.Unit.UnitTestAdapter, Microsoft.VisualStudio.QualityTools.Tips.UnitTest.Adapter, Version=12.0.0.0, Culture=neutral, PublicKeyToken=b03f5f7f11d50a3a" className="Nordstrom.Web.Test.UI.LoyaltyWeb.UserSensitiveDataCases, Nordstrom.Web.Test.UI.LoyaltyWeb, Version=1.0.0.0, Culture=neutral, PublicKeyToken=null" name="TenderNeutralEnroll_When15MinutesPassWithoutUserActivityAndTestSecureShopperSessionFeatureFlagOff_ExpectSessionTimeoutInfoShowAndUserInfoDisappear" />
    </UnitTest>
    <UnitTest name="LoyaltyLearnPage_ClickRewardsTermsAndConditionsLink_NavigatesToRelevantPageSuccessfully" storage="c:\loyaltywebtest\web\test\ui\loyaltyweb\loyaltywebtest\loyaltywebtest\bin\debug\nordstrom.web.test.ui.loyaltyweb.dll" id="5b4f0f6b-7500-9d3a-dc13-e34405e8b22f">
      <Description>To verify Nordstrion Rewards Terms and Conditions link on Learn Page is navigated to the relevant page successfully</Description>
      <TestCategory>
        <TestCategoryItem TestCategory="Learn" />
      </TestCategory>
      <DeploymentItems>
        <DeploymentItem filename="ExternalBinaries" outputDirectory=".\ExternalBinaries" />
        <DeploymentItem filename="TestData" outputDirectory=".\TestData" />
        <DeploymentItem filename="TestRunConfig" outputDirectory=".\TestRunConfig" />
      </DeploymentItems>
      <Execution id="61ff9574-7c80-4233-bb08-db974e667a51" />
      <TestMethod codeBase="C:/LoyaltyWebTest/Web/Test/UI/LoyaltyWeb/LoyaltyWebTest/LoyaltyWebTest/bin/Debug/Nordstrom.Web.Test.UI.LoyaltyWeb.DLL" adapterTypeName="Microsoft.VisualStudio.TestTools.TestTypes.Unit.UnitTestAdapter, Microsoft.VisualStudio.QualityTools.Tips.UnitTest.Adapter, Version=12.0.0.0, Culture=neutral, PublicKeyToken=b03f5f7f11d50a3a" className="Nordstrom.Web.Test.UI.LoyaltyWeb.LoyaltyLearnTests, Nordstrom.Web.Test.UI.LoyaltyWeb, Version=1.0.0.0, Culture=neutral, PublicKeyToken=null" name="LoyaltyLearnPage_ClickRewardsTermsAndConditionsLink_NavigatesToRelevantPageSuccessfully" />
    </UnitTest>
    <UnitTest name="MobileVerificationPageModalPopupsValidation_DidntGetACodeModalContentValidation_DidntGetACodeModalContentValidatedSuccessfully" storage="c:\loyaltywebtest\web\test\ui\loyaltyweb\loyaltywebtest\loyaltywebtest\bin\debug\nordstrom.web.test.ui.loyaltyweb.dll" id="b8760095-196b-9486-9ec7-d0fcb8b1c53c">
      <Description>Didn't Get A Code Modal Popup Content Validation</Description>
      <TestCategory>
        <TestCategoryItem TestCategory="LoyaltyTenderNeutral Regression" />
      </TestCategory>
      <DeploymentItems>
        <DeploymentItem filename="ExternalBinaries" outputDirectory=".\ExternalBinaries" />
        <DeploymentItem filename="TestData" outputDirectory=".\TestData" />
        <DeploymentItem filename="TestRunConfig" outputDirectory=".\TestRunConfig" />
      </DeploymentItems>
      <Execution id="053e3153-e160-429c-ac44-658c39a82b18" />
      <TestMethod codeBase="C:/LoyaltyWebTest/Web/Test/UI/LoyaltyWeb/LoyaltyWebTest/LoyaltyWebTest/bin/Debug/Nordstrom.Web.Test.UI.LoyaltyWeb.DLL" adapterTypeName="Microsoft.VisualStudio.TestTools.TestTypes.Unit.UnitTestAdapter, Microsoft.VisualStudio.QualityTools.Tips.UnitTest.Adapter, Version=12.0.0.0, Culture=neutral, PublicKeyToken=b03f5f7f11d50a3a" className="Nordstrom.Web.Test.UI.LoyaltyWeb.LoyaltyTenderNeutralMobileVerificationPageTests, Nordstrom.Web.Test.UI.LoyaltyWeb, Version=1.0.0.0, Culture=neutral, PublicKeyToken=null" name="MobileVerificationPageModalPopupsValidation_DidntGetACodeModalContentValidation_DidntGetACodeModalContentValidatedSuccessfully" />
    </UnitTest>
    <UnitTest name="ApplyAndBuy_AuthenicatedUserShoppingRetailCard_ShouldBeAbleToDeclineTheOffer" storage="c:\loyaltywebtest\web\test\ui\loyaltyweb\loyaltywebtest\loyaltywebtest\bin\debug\nordstrom.web.test.ui.loyaltyweb.dll" id="be41ddfc-25fa-b2a0-7284-601f53ddb8d4">
      <Description>Verify authenticated user can shop retail card successfully.</Description>
      <TestCategory>
        <TestCategoryItem TestCategory="ApplyAndBuy Regression" />
      </TestCategory>
      <DeploymentItems>
        <DeploymentItem filename="ExternalBinaries" outputDirectory=".\ExternalBinaries" />
        <DeploymentItem filename="TestData" outputDirectory=".\TestData" />
        <DeploymentItem filename="TestRunConfig" outputDirectory=".\TestRunConfig" />
      </DeploymentItems>
      <Execution id="b3a32c2f-099f-424a-9c4c-35f67bd46962" />
      <TestMethod codeBase="C:/LoyaltyWebTest/Web/Test/UI/LoyaltyWeb/LoyaltyWebTest/LoyaltyWebTest/bin/Debug/Nordstrom.Web.Test.UI.LoyaltyWeb.DLL" adapterTypeName="Microsoft.VisualStudio.TestTools.TestTypes.Unit.UnitTestAdapter, Microsoft.VisualStudio.QualityTools.Tips.UnitTest.Adapter, Version=12.0.0.0, Culture=neutral, PublicKeyToken=b03f5f7f11d50a3a" className="Nordstrom.Web.Test.UI.LoyaltyWeb.ApplyAndBuyTests, Nordstrom.Web.Test.UI.LoyaltyWeb, Version=1.0.0.0, Culture=neutral, PublicKeyToken=null" name="ApplyAndBuy_AuthenicatedUserShoppingRetailCard_ShouldBeAbleToDeclineTheOffer" />
    </UnitTest>
    <UnitTest name="NavigationToLoyaltyWebPage_TenderNeutralEnrollFeatureFlagOff_UserRedirectedToHomePage" storage="c:\loyaltywebtest\web\test\ui\loyaltyweb\loyaltywebtest\loyaltywebtest\bin\debug\nordstrom.web.test.ui.loyaltyweb.dll" id="2d317ff8-6ca3-bc10-25ad-dac6170b3fb0">
      <Description>Verify that user is redirected to Home page of the env while navigating to Loyalty web page , given feature flag : TenderNeutralEnroll is off</Description>
      <TestCategory>
        <TestCategoryItem TestCategory="LoyaltyTenderNeutralBVT" />
        <TestCategoryItem TestCategory="LoyaltyWeb" />
      </TestCategory>
      <DeploymentItems>
        <DeploymentItem filename="ExternalBinaries" outputDirectory=".\ExternalBinaries" />
        <DeploymentItem filename="TestData" outputDirectory=".\TestData" />
        <DeploymentItem filename="TestRunConfig" outputDirectory=".\TestRunConfig" />
      </DeploymentItems>
      <Execution id="7cc48c47-f3ca-491f-98c4-ac62b8fe2e32" />
      <TestMethod codeBase="C:/LoyaltyWebTest/Web/Test/UI/LoyaltyWeb/LoyaltyWebTest/LoyaltyWebTest/bin/Debug/Nordstrom.Web.Test.UI.LoyaltyWeb.DLL" adapterTypeName="Microsoft.VisualStudio.TestTools.TestTypes.Unit.UnitTestAdapter, Microsoft.VisualStudio.QualityTools.Tips.UnitTest.Adapter, Version=12.0.0.0, Culture=neutral, PublicKeyToken=b03f5f7f11d50a3a" className="Nordstrom.Web.Test.UI.LoyaltyWeb.LoyaltyRegisterTests, Nordstrom.Web.Test.UI.LoyaltyWeb, Version=1.0.0.0, Culture=neutral, PublicKeyToken=null" name="NavigationToLoyaltyWebPage_TenderNeutralEnrollFeatureFlagOff_UserRedirectedToHomePage" />
    </UnitTest>
    <UnitTest name="TenderNeutralRewardsEnroll_LoyaltyTNAuthenticatedUserFBlankCodeField_ThrowseError" storage="c:\loyaltywebtest\web\test\ui\loyaltyweb\loyaltywebtest\loyaltywebtest\bin\debug\nordstrom.web.test.ui.loyaltyweb.dll" id="884a4ca8-cd4f-64c9-09ad-1d353ec31c8c">
      <Description>Verify that error message is displayed when the mobile verification code field is left blank</Description>
      <TestCategory>
        <TestCategoryItem TestCategory="LoyaltyTenderNeutralBVT" />
        <TestCategoryItem TestCategory="LoyaltyWeb" />
      </TestCategory>
      <DeploymentItems>
        <DeploymentItem filename="ExternalBinaries" outputDirectory=".\ExternalBinaries" />
        <DeploymentItem filename="TestData" outputDirectory=".\TestData" />
        <DeploymentItem filename="TestRunConfig" outputDirectory=".\TestRunConfig" />
      </DeploymentItems>
      <Execution id="6d773470-5b2e-4359-a681-219531491859" />
      <TestMethod codeBase="C:/LoyaltyWebTest/Web/Test/UI/LoyaltyWeb/LoyaltyWebTest/LoyaltyWebTest/bin/Debug/Nordstrom.Web.Test.UI.LoyaltyWeb.DLL" adapterTypeName="Microsoft.VisualStudio.TestTools.TestTypes.Unit.UnitTestAdapter, Microsoft.VisualStudio.QualityTools.Tips.UnitTest.Adapter, Version=12.0.0.0, Culture=neutral, PublicKeyToken=b03f5f7f11d50a3a" className="Nordstrom.Web.Test.UI.LoyaltyWeb.LoyaltyTenderNeutralMobileVerificationPageTests, Nordstrom.Web.Test.UI.LoyaltyWeb, Version=1.0.0.0, Culture=neutral, PublicKeyToken=null" name="TenderNeutralRewardsEnroll_LoyaltyTNAuthenticatedUserFBlankCodeField_ThrowseError" />
    </UnitTest>
    <UnitTest name="ApplyAndBuy_RegisteredUserNavigationToVisaCardOfferPageAndLinkVerification_SeeMoreBenefitsLinkVerifiedSuccessfully" storage="c:\loyaltywebtest\web\test\ui\loyaltyweb\loyaltywebtest\loyaltywebtest\bin\debug\nordstrom.web.test.ui.loyaltyweb.dll" id="ea181725-304e-4cc4-8bcb-5182bd646448">
      <Description>Apply for Nordsrom Visa Credit Card as a registered authenticated user and  verify See More Benefits link on card offer page for visa card</Description>
      <TestCategory>
        <TestCategoryItem TestCategory="ApplyAndBuy Regression" />
      </TestCategory>
      <DeploymentItems>
        <DeploymentItem filename="ExternalBinaries" outputDirectory=".\ExternalBinaries" />
        <DeploymentItem filename="TestData" outputDirectory=".\TestData" />
        <DeploymentItem filename="TestRunConfig" outputDirectory=".\TestRunConfig" />
      </DeploymentItems>
      <Execution id="a6b9bb56-d2f3-4629-b2bf-613a888e96e5" />
      <TestMethod codeBase="C:/LoyaltyWebTest/Web/Test/UI/LoyaltyWeb/LoyaltyWebTest/LoyaltyWebTest/bin/Debug/Nordstrom.Web.Test.UI.LoyaltyWeb.DLL" adapterTypeName="Microsoft.VisualStudio.TestTools.TestTypes.Unit.UnitTestAdapter, Microsoft.VisualStudio.QualityTools.Tips.UnitTest.Adapter, Version=12.0.0.0, Culture=neutral, PublicKeyToken=b03f5f7f11d50a3a" className="Nordstrom.Web.Test.UI.LoyaltyWeb.ApplyAndBuyTests, Nordstrom.Web.Test.UI.LoyaltyWeb, Version=1.0.0.0, Culture=neutral, PublicKeyToken=null" name="ApplyAndBuy_RegisteredUserNavigationToVisaCardOfferPageAndLinkVerification_SeeMoreBenefitsLinkVerifiedSuccessfully" />
    </UnitTest>
    <UnitTest name="SuccessAssociationPageModalPopupsValidation_CloseButtonGetANewCodeModalValidation_CloseButtonInGetANewCodeModalClosedModalSuccessfully" storage="c:\loyaltywebtest\web\test\ui\loyaltyweb\loyaltywebtest\loyaltywebtest\bin\debug\nordstrom.web.test.ui.loyaltyweb.dll" id="8d07d365-e6b3-65ac-7ac7-e1c25fe2e0cb">
      <Description>'Get a new code' Modal Popup Close Button Functionality verification</Description>
      <TestCategory>
        <TestCategoryItem TestCategory="LoyaltyTenderNeutral Regression" />
      </TestCategory>
      <DeploymentItems>
        <DeploymentItem filename="ExternalBinaries" outputDirectory=".\ExternalBinaries" />
        <DeploymentItem filename="TestData" outputDirectory=".\TestData" />
        <DeploymentItem filename="TestRunConfig" outputDirectory=".\TestRunConfig" />
      </DeploymentItems>
      <Execution id="5c34e58a-e931-40e2-8288-afdc6d362441" />
      <TestMethod codeBase="C:/LoyaltyWebTest/Web/Test/UI/LoyaltyWeb/LoyaltyWebTest/LoyaltyWebTest/bin/Debug/Nordstrom.Web.Test.UI.LoyaltyWeb.DLL" adapterTypeName="Microsoft.VisualStudio.TestTools.TestTypes.Unit.UnitTestAdapter, Microsoft.VisualStudio.QualityTools.Tips.UnitTest.Adapter, Version=12.0.0.0, Culture=neutral, PublicKeyToken=b03f5f7f11d50a3a" className="Nordstrom.Web.Test.UI.LoyaltyWeb.LoyaltyTenderNeutralMobileVerificationPageTests, Nordstrom.Web.Test.UI.LoyaltyWeb, Version=1.0.0.0, Culture=neutral, PublicKeyToken=null" name="SuccessAssociationPageModalPopupsValidation_CloseButtonGetANewCodeModalValidation_CloseButtonInGetANewCodeModalClosedModalSuccessfully" />
    </UnitTest>
    <UnitTest name="ApplyAndBuy_RegisteredUserNavigationToVisaCardConfirmationAndPageHeaderAndFooterLinksVerification_HeaderAndFooterLinksVerifiedSuccessfully" storage="c:\loyaltywebtest\web\test\ui\loyaltyweb\loyaltywebtest\loyaltywebtest\bin\debug\nordstrom.web.test.ui.loyaltyweb.dll" id="5bea4530-c796-d98c-b37e-0bf9834bb016">
      <Description>Apply for Nordsrom Visa Credit Card as a registered authenticated user and  verify header and footer links on card confirmation page</Description>
      <TestCategory>
        <TestCategoryItem TestCategory="ApplyAndBuy Regression" />
      </TestCategory>
      <DeploymentItems>
        <DeploymentItem filename="ExternalBinaries" outputDirectory=".\ExternalBinaries" />
        <DeploymentItem filename="TestData" outputDirectory=".\TestData" />
        <DeploymentItem filename="TestRunConfig" outputDirectory=".\TestRunConfig" />
      </DeploymentItems>
      <Execution id="00963bd9-9eb0-4a1b-9740-ea0d46e5c05c" />
      <TestMethod codeBase="C:/LoyaltyWebTest/Web/Test/UI/LoyaltyWeb/LoyaltyWebTest/LoyaltyWebTest/bin/Debug/Nordstrom.Web.Test.UI.LoyaltyWeb.DLL" adapterTypeName="Microsoft.VisualStudio.TestTools.TestTypes.Unit.UnitTestAdapter, Microsoft.VisualStudio.QualityTools.Tips.UnitTest.Adapter, Version=12.0.0.0, Culture=neutral, PublicKeyToken=b03f5f7f11d50a3a" className="Nordstrom.Web.Test.UI.LoyaltyWeb.ApplyAndBuyTests, Nordstrom.Web.Test.UI.LoyaltyWeb, Version=1.0.0.0, Culture=neutral, PublicKeyToken=null" name="ApplyAndBuy_RegisteredUserNavigationToVisaCardConfirmationAndPageHeaderAndFooterLinksVerification_HeaderAndFooterLinksVerifiedSuccessfully" />
    </UnitTest>
    <UnitTest name="ApplyAndBuy_AuthenicatedUserShoppingDebitAndGetReferralMessage" storage="c:\loyaltywebtest\web\test\ui\loyaltyweb\loyaltywebtest\loyaltywebtest\bin\debug\nordstrom.web.test.ui.loyaltyweb.dll" id="91def432-fbea-17eb-b53c-7901190b4267">
      <Description>Verify authenticated user would shop debit card unsuccessfully.</Description>
      <TestCategory>
        <TestCategoryItem TestCategory="ApplyAndBuy Regression" />
      </TestCategory>
      <DeploymentItems>
        <DeploymentItem filename="ExternalBinaries" outputDirectory=".\ExternalBinaries" />
        <DeploymentItem filename="TestData" outputDirectory=".\TestData" />
        <DeploymentItem filename="TestRunConfig" outputDirectory=".\TestRunConfig" />
      </DeploymentItems>
      <Execution id="cc4383a0-cb8e-4508-a721-422c1a9dfd3f" />
      <TestMethod codeBase="C:/LoyaltyWebTest/Web/Test/UI/LoyaltyWeb/LoyaltyWebTest/LoyaltyWebTest/bin/Debug/Nordstrom.Web.Test.UI.LoyaltyWeb.DLL" adapterTypeName="Microsoft.VisualStudio.TestTools.TestTypes.Unit.UnitTestAdapter, Microsoft.VisualStudio.QualityTools.Tips.UnitTest.Adapter, Version=12.0.0.0, Culture=neutral, PublicKeyToken=b03f5f7f11d50a3a" className="Nordstrom.Web.Test.UI.LoyaltyWeb.ApplyAndBuyTests, Nordstrom.Web.Test.UI.LoyaltyWeb, Version=1.0.0.0, Culture=neutral, PublicKeyToken=null" name="ApplyAndBuy_AuthenicatedUserShoppingDebitAndGetReferralMessage" />
    </UnitTest>
    <UnitTest name="LoyaltyLearnPage_ClickPrivacyPolicy_NavigatesToRelevantPageSuccessfully" storage="c:\loyaltywebtest\web\test\ui\loyaltyweb\loyaltywebtest\loyaltywebtest\bin\debug\nordstrom.web.test.ui.loyaltyweb.dll" id="ac89fe1d-27a2-5a25-ac33-e635cfdb3c90">
      <Description>To verify Privacy Policy link on Learn Page is navigated to the relevant page successfully</Description>
      <TestCategory>
        <TestCategoryItem TestCategory="Learn" />
      </TestCategory>
      <DeploymentItems>
        <DeploymentItem filename="ExternalBinaries" outputDirectory=".\ExternalBinaries" />
        <DeploymentItem filename="TestData" outputDirectory=".\TestData" />
        <DeploymentItem filename="TestRunConfig" outputDirectory=".\TestRunConfig" />
      </DeploymentItems>
      <Execution id="fc99ca26-fc6b-4004-936f-e2249bfb0c36" />
      <TestMethod codeBase="C:/LoyaltyWebTest/Web/Test/UI/LoyaltyWeb/LoyaltyWebTest/LoyaltyWebTest/bin/Debug/Nordstrom.Web.Test.UI.LoyaltyWeb.DLL" adapterTypeName="Microsoft.VisualStudio.TestTools.TestTypes.Unit.UnitTestAdapter, Microsoft.VisualStudio.QualityTools.Tips.UnitTest.Adapter, Version=12.0.0.0, Culture=neutral, PublicKeyToken=b03f5f7f11d50a3a" className="Nordstrom.Web.Test.UI.LoyaltyWeb.LoyaltyLearnTests, Nordstrom.Web.Test.UI.LoyaltyWeb, Version=1.0.0.0, Culture=neutral, PublicKeyToken=null" name="LoyaltyLearnPage_ClickPrivacyPolicy_NavigatesToRelevantPageSuccessfully" />
    </UnitTest>
    <UnitTest name="LoyaltyLearnPage_ClickAnniversarySaleEarlyAccessLink_RedirectToRelevantPageSuccessfully" storage="c:\loyaltywebtest\web\test\ui\loyaltyweb\loyaltywebtest\loyaltywebtest\bin\debug\nordstrom.web.test.ui.loyaltyweb.dll" id="cca0fcc7-ae32-cae3-80e1-d419dbf11c2f">
      <Description>To verify Anniversary Sale Early Access link on Learn Page is navigated to the relevant page successfully</Description>
      <TestCategory>
        <TestCategoryItem TestCategory="Learn" />
      </TestCategory>
      <DeploymentItems>
        <DeploymentItem filename="ExternalBinaries" outputDirectory=".\ExternalBinaries" />
        <DeploymentItem filename="TestData" outputDirectory=".\TestData" />
        <DeploymentItem filename="TestRunConfig" outputDirectory=".\TestRunConfig" />
      </DeploymentItems>
      <Execution id="63a801be-f997-4192-859a-92be2451767b" />
      <TestMethod codeBase="C:/LoyaltyWebTest/Web/Test/UI/LoyaltyWeb/LoyaltyWebTest/LoyaltyWebTest/bin/Debug/Nordstrom.Web.Test.UI.LoyaltyWeb.DLL" adapterTypeName="Microsoft.VisualStudio.TestTools.TestTypes.Unit.UnitTestAdapter, Microsoft.VisualStudio.QualityTools.Tips.UnitTest.Adapter, Version=12.0.0.0, Culture=neutral, PublicKeyToken=b03f5f7f11d50a3a" className="Nordstrom.Web.Test.UI.LoyaltyWeb.LoyaltyLearnTests, Nordstrom.Web.Test.UI.LoyaltyWeb, Version=1.0.0.0, Culture=neutral, PublicKeyToken=null" name="LoyaltyLearnPage_ClickAnniversarySaleEarlyAccessLink_RedirectToRelevantPageSuccessfully" />
    </UnitTest>
    <UnitTest name="TenderNeutralEarn_AuthenticatedUserSeesRewardsSectionInOrderSubmitPage_Successfully" storage="c:\loyaltywebtest\web\test\ui\loyaltyweb\loyaltywebtest\loyaltywebtest\bin\debug\nordstrom.web.test.ui.loyaltyweb.dll" id="127aa9dd-cc04-d0e2-0746-e44f2e070db9">
      <Description>Verify that an authenticated user is able to see Rewards section in Ordersubmit page.</Description>
      <TestCategory>
        <TestCategoryItem TestCategory="EarnTests" />
      </TestCategory>
      <DeploymentItems>
        <DeploymentItem filename="ExternalBinaries" outputDirectory=".\ExternalBinaries" />
        <DeploymentItem filename="TestData" outputDirectory=".\TestData" />
        <DeploymentItem filename="TestRunConfig" outputDirectory=".\TestRunConfig" />
      </DeploymentItems>
      <Execution id="e7175134-8ce9-453f-b1de-a9d222f8ee7d" />
      <TestMethod codeBase="C:/LoyaltyWebTest/Web/Test/UI/LoyaltyWeb/LoyaltyWebTest/LoyaltyWebTest/bin/Debug/Nordstrom.Web.Test.UI.LoyaltyWeb.DLL" adapterTypeName="Microsoft.VisualStudio.TestTools.TestTypes.Unit.UnitTestAdapter, Microsoft.VisualStudio.QualityTools.Tips.UnitTest.Adapter, Version=12.0.0.0, Culture=neutral, PublicKeyToken=b03f5f7f11d50a3a" className="Nordstrom.Web.Test.UI.LoyaltyWeb.LoyaltyEarnTests, Nordstrom.Web.Test.UI.LoyaltyWeb, Version=1.0.0.0, Culture=neutral, PublicKeyToken=null" name="TenderNeutralEarn_AuthenticatedUserSeesRewardsSectionInOrderSubmitPage_Successfully" />
    </UnitTest>
  </TestDefinitions>
  <TestLists>
    <TestList name="Results Not in a List" id="8c84fa94-04c1-424b-9868-57a2d4851a1d" />
    <TestList name="All Loaded Results" id="19431567-8539-422a-85d7-44ee4e166bda" />
  </TestLists>
  <TestEntries>
    <TestEntry testId="91def432-fbea-17eb-b53c-7901190b4267" executionId="cc4383a0-cb8e-4508-a721-422c1a9dfd3f" testListId="8c84fa94-04c1-424b-9868-57a2d4851a1d" />
    <TestEntry testId="be41ddfc-25fa-b2a0-7284-601f53ddb8d4" executionId="b3a32c2f-099f-424a-9c4c-35f67bd46962" testListId="8c84fa94-04c1-424b-9868-57a2d4851a1d" />
    <TestEntry testId="4664e0a6-2072-9199-590f-6521601f9324" executionId="d488f707-43bc-43e0-b000-3f62bdbcd025" testListId="8c84fa94-04c1-424b-9868-57a2d4851a1d" />
    <TestEntry testId="f6a49cf4-cec6-b39d-0a74-ea69e0256c99" executionId="b02ae592-66d7-4e05-a329-80a99f453f07" testListId="8c84fa94-04c1-424b-9868-57a2d4851a1d" />
    <TestEntry testId="f5ba392b-8397-c58f-ac46-703a2f8ad87f" executionId="19532885-1523-4e0a-a5bb-963a31f9a0d3" testListId="8c84fa94-04c1-424b-9868-57a2d4851a1d" />
    <TestEntry testId="aa92acb1-a65f-4dde-5291-62a954d9ed84" executionId="c2f9312d-3371-4417-8e0d-f83933bb1c51" testListId="8c84fa94-04c1-424b-9868-57a2d4851a1d" />
    <TestEntry testId="2f9c7d3e-50f0-a4e8-8d75-483f3e9925ac" executionId="f62df4cb-b3da-4437-ad6c-664b0beac72e" testListId="8c84fa94-04c1-424b-9868-57a2d4851a1d" />
    <TestEntry testId="e3b537b9-fd8d-2a1e-98b0-ca3572f81d48" executionId="b23b69ad-a7ee-4676-9821-b3327ac56bf8" testListId="8c84fa94-04c1-424b-9868-57a2d4851a1d" />
    <TestEntry testId="aea58734-aba1-082a-fd65-fd222a1377f1" executionId="2c380533-4744-488d-892c-b22e645fc699" testListId="8c84fa94-04c1-424b-9868-57a2d4851a1d" />
    <TestEntry testId="e4a64364-519b-8322-a7f4-93d5e3084e40" executionId="70204a6c-828b-465d-b983-92df03a3b3c6" testListId="8c84fa94-04c1-424b-9868-57a2d4851a1d" />
    <TestEntry testId="25bf40a7-77be-fcf6-4fb2-46d0282f4de1" executionId="a161be73-e6f6-4490-af9d-3c72a092231b" testListId="8c84fa94-04c1-424b-9868-57a2d4851a1d" />
    <TestEntry testId="84e2f4e9-6bea-c593-d143-62a75b1a8203" executionId="e0607fc2-a8da-4dbb-be2b-80628056a4f6" testListId="8c84fa94-04c1-424b-9868-57a2d4851a1d" />
    <TestEntry testId="0e15b0d1-2a84-7f48-3ea0-18b7422618e3" executionId="a98826b9-f6bc-4135-9a37-5cea5aee601a" testListId="8c84fa94-04c1-424b-9868-57a2d4851a1d" />
    <TestEntry testId="7a6ff4d5-2709-2369-a0a7-9576650b11e5" executionId="8995914a-0025-4f10-8bde-aced88582580" testListId="8c84fa94-04c1-424b-9868-57a2d4851a1d" />
    <TestEntry testId="f9a9e1f4-5a08-8418-6a8e-2e0be49bdb45" executionId="d4b45f2b-4a5f-4281-ab67-1f1641af5b69" testListId="8c84fa94-04c1-424b-9868-57a2d4851a1d" />
    <TestEntry testId="3c220397-a949-a414-da8d-2d93343ec752" executionId="9507108f-3a90-424b-a8ef-a9d1dc5ce590" testListId="8c84fa94-04c1-424b-9868-57a2d4851a1d" />
    <TestEntry testId="8d3ad949-7353-0de2-34c9-eee78eec371f" executionId="665c8472-6849-45c9-8bb6-7ebf2baf6c5b" testListId="8c84fa94-04c1-424b-9868-57a2d4851a1d" />
    <TestEntry testId="89dfb266-1185-0c11-5767-27fb25f81a49" executionId="e84dd60c-f363-4561-8cc3-1dd1aed4ca6b" testListId="8c84fa94-04c1-424b-9868-57a2d4851a1d" />
    <TestEntry testId="2cd47127-fcd1-036f-5d31-442446696e9a" executionId="2c3d9c1f-52e0-47b3-a82a-a8dd27aa6d60" testListId="8c84fa94-04c1-424b-9868-57a2d4851a1d" />
    <TestEntry testId="7e069a12-faf6-ada5-7c7e-730fdd13496c" executionId="9d0bf143-3ad1-41fb-9b41-0000806e8da8" testListId="8c84fa94-04c1-424b-9868-57a2d4851a1d" />
    <TestEntry testId="5e292389-75cf-17f7-6636-b9ebbfaf2ab9" executionId="739686fd-bb64-4c13-a468-e3d7d8d1126c" testListId="8c84fa94-04c1-424b-9868-57a2d4851a1d" />
    <TestEntry testId="19d3f5b7-1a42-16cf-9148-75f4af1915d8" executionId="0fca6632-c94a-48b8-b6e6-7154d8667bd8" testListId="8c84fa94-04c1-424b-9868-57a2d4851a1d" />
    <TestEntry testId="09913320-6a43-f344-ad72-24ef5b9d5b08" executionId="1aa65052-0b3e-4d0d-9812-bab8c07a024a" testListId="8c84fa94-04c1-424b-9868-57a2d4851a1d" />
    <TestEntry testId="6a2c3389-c188-4773-e10b-4e29b62bf4bc" executionId="c757b37a-f4da-480f-a8a1-da61fbbed419" testListId="8c84fa94-04c1-424b-9868-57a2d4851a1d" />
    <TestEntry testId="29859a34-d2ec-6bf5-66bf-30f6009dcdd5" executionId="c4dbf5e3-60b1-4373-a1d8-a429c79a2674" testListId="8c84fa94-04c1-424b-9868-57a2d4851a1d" />
    <TestEntry testId="caa293c4-490c-e422-2d38-ef52d14434a9" executionId="e82550ec-d246-4326-b56a-c43ec6ba7c02" testListId="8c84fa94-04c1-424b-9868-57a2d4851a1d" />
    <TestEntry testId="189abbc0-b0a5-ecf8-6664-bfda98bdb3a6" executionId="53f889ae-4443-40c3-8cca-1982d073bbf2" testListId="8c84fa94-04c1-424b-9868-57a2d4851a1d" />
    <TestEntry testId="39f8cbb0-ec35-e92c-5fa3-224713efa2f4" executionId="c23019fb-0a24-4fa6-a106-3fbcd07b4c88" testListId="8c84fa94-04c1-424b-9868-57a2d4851a1d" />
    <TestEntry testId="66d904d5-b7a6-fdbc-78da-2fd7a37dff81" executionId="478c17b6-9cbf-4248-aec6-2cfea86e2d37" testListId="8c84fa94-04c1-424b-9868-57a2d4851a1d" />
    <TestEntry testId="e9944a28-5031-d30d-4a12-0653110e1998" executionId="c3e05f42-6f66-4f42-ae28-457404fe38ae" testListId="8c84fa94-04c1-424b-9868-57a2d4851a1d" />
    <TestEntry testId="819b055e-d883-032e-dbe4-8a1f8c548dcd" executionId="94772a54-0fbf-424f-975d-d66b14417959" testListId="8c84fa94-04c1-424b-9868-57a2d4851a1d" />
    <TestEntry testId="849e6579-ace1-c6d4-b6eb-a6e9b2bc24eb" executionId="f6a63ba0-c640-4e32-90ce-2d4bbd7f9ee1" testListId="8c84fa94-04c1-424b-9868-57a2d4851a1d" />
    <TestEntry testId="b7c85bb0-32db-7de4-90bc-36d9f89bd678" executionId="1b4fc7d8-ab9d-4de0-936e-c23047bbb716" testListId="8c84fa94-04c1-424b-9868-57a2d4851a1d" />
    <TestEntry testId="8c3aee05-1b0e-05c2-6e40-2dbbfe101a46" executionId="32ee0436-a5b0-4146-a020-6e50bc7ca7fe" testListId="8c84fa94-04c1-424b-9868-57a2d4851a1d" />
    <TestEntry testId="9af1ceb2-c057-28a6-e9eb-e98292d37e61" executionId="4319e66c-26a1-45da-a22c-6dc6f1af67bd" testListId="8c84fa94-04c1-424b-9868-57a2d4851a1d" />
    <TestEntry testId="13a119ab-0405-049f-795b-9bce04cc1177" executionId="f84a411b-f153-4117-84be-f964ffb4d63e" testListId="8c84fa94-04c1-424b-9868-57a2d4851a1d" />
    <TestEntry testId="8692b55a-e6f7-c447-3076-92b555d04832" executionId="89751afb-cef9-4dd7-8bb5-3122d4e67be6" testListId="8c84fa94-04c1-424b-9868-57a2d4851a1d" />
    <TestEntry testId="4a867fd7-5351-1b0b-fae9-ebba76d4f45c" executionId="c5e76387-ed0d-4834-991b-dc042d4e02e3" testListId="8c84fa94-04c1-424b-9868-57a2d4851a1d" />
    <TestEntry testId="cbf9b4ca-09be-98f7-9cf0-92684d4c487c" executionId="07fa740d-a2d1-451c-88e0-bc853bbb1935" testListId="8c84fa94-04c1-424b-9868-57a2d4851a1d" />
    <TestEntry testId="3e0ba6be-6f62-1dd4-4740-d0e4ed39c4d4" executionId="936405cd-e21e-4985-a8d0-e6a4a6a1e35c" testListId="8c84fa94-04c1-424b-9868-57a2d4851a1d" />
    <TestEntry testId="f893727f-a97f-c3cb-2a9a-9aa48c01d2da" executionId="ce8ce387-c8fb-40b0-9ce3-e3e5b8d53153" testListId="8c84fa94-04c1-424b-9868-57a2d4851a1d" />
    <TestEntry testId="2b62e82b-c9b1-2d2b-8ab6-337c9e608c0f" executionId="c836289d-07b3-4d09-8458-b5cbf0fc1e04" testListId="8c84fa94-04c1-424b-9868-57a2d4851a1d" />
    <TestEntry testId="9b828aac-d9ed-23f8-d63b-2b5dbf76c464" executionId="67c3b212-ae13-42b1-9fbe-927333dac23c" testListId="8c84fa94-04c1-424b-9868-57a2d4851a1d" />
    <TestEntry testId="968d66bd-881b-d4d7-de09-4a1507bf6626" executionId="360f22ba-4488-4e4c-a189-e09ad4c79e3c" testListId="8c84fa94-04c1-424b-9868-57a2d4851a1d" />
    <TestEntry testId="626e255c-bb2f-0974-17c4-02b1ec8a9b1c" executionId="e0ce45ce-5bd5-4714-a92e-a6dc6db10420" testListId="8c84fa94-04c1-424b-9868-57a2d4851a1d" />
    <TestEntry testId="5699d43b-bfa7-481f-0474-9a9301ddbef0" executionId="cb9fc373-e973-4529-88c7-3e162da61afd" testListId="8c84fa94-04c1-424b-9868-57a2d4851a1d" />
    <TestEntry testId="5bea4530-c796-d98c-b37e-0bf9834bb016" executionId="00963bd9-9eb0-4a1b-9740-ea0d46e5c05c" testListId="8c84fa94-04c1-424b-9868-57a2d4851a1d" />
    <TestEntry testId="ea181725-304e-4cc4-8bcb-5182bd646448" executionId="a6b9bb56-d2f3-4629-b2bf-613a888e96e5" testListId="8c84fa94-04c1-424b-9868-57a2d4851a1d" />
    <TestEntry testId="2820d625-609e-8df1-be2e-54f45f94116b" executionId="9e426675-3e1c-4869-a249-19a0d5852f11" testListId="8c84fa94-04c1-424b-9868-57a2d4851a1d" />
    <TestEntry testId="4510ccf7-36db-8e02-5028-6ef595ef9238" executionId="d968b4e6-3382-46b4-acc5-7cb47ff4381d" testListId="8c84fa94-04c1-424b-9868-57a2d4851a1d" />
    <TestEntry testId="523b92f4-898d-7cc7-e689-d5975b8374ee" executionId="71ff69d3-3802-443c-b127-f7e94273cc95" testListId="8c84fa94-04c1-424b-9868-57a2d4851a1d" />
    <TestEntry testId="ff928513-162d-e085-f145-dee35035d811" executionId="f4bf887f-76ca-44a1-a13a-9bbeea54c33b" testListId="8c84fa94-04c1-424b-9868-57a2d4851a1d" />
    <TestEntry testId="56bc2a30-7431-366f-3cd8-0390dd04c1b6" executionId="54b419e8-f0d5-46d0-acd9-129a8f689cfc" testListId="8c84fa94-04c1-424b-9868-57a2d4851a1d" />
    <TestEntry testId="e1e324d5-1895-b2a5-51fc-f5669f42b364" executionId="06027402-2550-4286-ace9-155994b7dbb4" testListId="8c84fa94-04c1-424b-9868-57a2d4851a1d" />
    <TestEntry testId="420b8e42-f39e-d346-0c12-1e07533b1984" executionId="a7c42fbc-d002-4ce8-b8b5-2bcd266aa555" testListId="8c84fa94-04c1-424b-9868-57a2d4851a1d" />
    <TestEntry testId="ddc0ef36-7f91-531c-b15e-3ce594d4effc" executionId="0c3881ee-b3ba-4a0d-af86-d83ad45e95e0" testListId="8c84fa94-04c1-424b-9868-57a2d4851a1d" />
    <TestEntry testId="bf20d9b1-26e6-819b-2980-c3bcb8cd5366" executionId="247086ef-79e1-4340-b086-c722078162be" testListId="8c84fa94-04c1-424b-9868-57a2d4851a1d" />
    <TestEntry testId="191d4ad9-bdce-2138-a783-33aefedbfec7" executionId="41b26f12-b69e-459d-b8c1-46569630da4f" testListId="8c84fa94-04c1-424b-9868-57a2d4851a1d" />
    <TestEntry testId="f99a3847-1f69-481e-31a1-d2fbcc2facd4" executionId="07c5549b-c4af-4543-83ca-370ac5715f2d" testListId="8c84fa94-04c1-424b-9868-57a2d4851a1d" />
    <TestEntry testId="0e2f18c3-d10a-4d1b-1605-98e29230b088" executionId="7626f34f-04e9-4827-8fd7-70ec84d3310e" testListId="8c84fa94-04c1-424b-9868-57a2d4851a1d" />
    <TestEntry testId="07c18028-e476-f9b9-b536-4f84edee61f4" executionId="069916c8-77a8-4580-9482-64154530d6ac" testListId="8c84fa94-04c1-424b-9868-57a2d4851a1d" />
    <TestEntry testId="0f205b7b-b7e4-d1b8-1e8c-26d1b4231555" executionId="76010de6-da67-4fb1-957f-4abb599df753" testListId="8c84fa94-04c1-424b-9868-57a2d4851a1d" />
    <TestEntry testId="460c058b-7131-2fcc-6c34-dc0936a6c442" executionId="728c0f51-c1a8-4a06-b0ec-2fd0e2b7fb2b" testListId="8c84fa94-04c1-424b-9868-57a2d4851a1d" />
    <TestEntry testId="f7d013bf-844c-5140-5447-28322266c549" executionId="b90625a9-11ef-4f3a-b8b2-0b4503cc7ed7" testListId="8c84fa94-04c1-424b-9868-57a2d4851a1d" />
    <TestEntry testId="58e6c602-14c2-9d55-77c9-65e620bc43e6" executionId="65d16161-79f3-43d6-84c5-eed7e9396274" testListId="8c84fa94-04c1-424b-9868-57a2d4851a1d" />
    <TestEntry testId="0fb17184-6c18-b606-f6a7-af0c56cff16d" executionId="2e71bc58-5f5e-46a6-87cb-6e13afb75a44" testListId="8c84fa94-04c1-424b-9868-57a2d4851a1d" />
    <TestEntry testId="57d2f222-dabf-1931-f74a-107500e05da4" executionId="289f1278-e915-4822-a5a1-d9cf542efcea" testListId="8c84fa94-04c1-424b-9868-57a2d4851a1d" />
    <TestEntry testId="5c6698e8-7f51-b362-71a2-8ce939c3580d" executionId="7ca1e337-3a1f-45f8-96fa-c9f4263596b5" testListId="8c84fa94-04c1-424b-9868-57a2d4851a1d" />
    <TestEntry testId="127aa9dd-cc04-d0e2-0746-e44f2e070db9" executionId="e7175134-8ce9-453f-b1de-a9d222f8ee7d" testListId="8c84fa94-04c1-424b-9868-57a2d4851a1d" />
    <TestEntry testId="08bfd4d5-ccd5-3644-2ed4-aa87ee903c9f" executionId="c35b6c6d-0dd3-45c3-931f-2f65ecb3c31d" testListId="8c84fa94-04c1-424b-9868-57a2d4851a1d" />
    <TestEntry testId="ab97186a-ec5a-c908-5c1d-428ddbe44d2b" executionId="dfbea5b8-8af1-4596-9440-3d467fbb16c3" testListId="8c84fa94-04c1-424b-9868-57a2d4851a1d" />
    <TestEntry testId="1b9e4056-ae08-6178-83f0-22316d897d12" executionId="e13e5b68-d18b-44c6-b0d6-4100702f1892" testListId="8c84fa94-04c1-424b-9868-57a2d4851a1d" />
    <TestEntry testId="4fc82fd8-184f-1840-0105-855fe51690c6" executionId="d806b15a-99b2-4a23-8a89-0b57b9d2c562" testListId="8c84fa94-04c1-424b-9868-57a2d4851a1d" />
    <TestEntry testId="396e64f4-4b9f-1a79-1cda-28380d13b0bc" executionId="b5f22b38-bc75-4b66-86cc-18e860ef7a3a" testListId="8c84fa94-04c1-424b-9868-57a2d4851a1d" />
    <TestEntry testId="cca0fcc7-ae32-cae3-80e1-d419dbf11c2f" executionId="63a801be-f997-4192-859a-92be2451767b" testListId="8c84fa94-04c1-424b-9868-57a2d4851a1d" />
    <TestEntry testId="85cd42cc-a7e8-0a2a-4d93-d04e6a850a49" executionId="69cafabc-6899-4fed-8494-320b45e327df" testListId="8c84fa94-04c1-424b-9868-57a2d4851a1d" />
    <TestEntry testId="79b567e2-f99e-8fc8-39fc-28d1643a0d21" executionId="8f921f0b-1e0e-4da1-b13a-a1ea85d56eea" testListId="8c84fa94-04c1-424b-9868-57a2d4851a1d" />
    <TestEntry testId="b7e89f3b-eb65-20d1-c839-79102d768b48" executionId="4b37b2fd-34a1-487c-b6fe-dd2971603fab" testListId="8c84fa94-04c1-424b-9868-57a2d4851a1d" />
    <TestEntry testId="ef8e8c46-de6b-76b6-9c0f-cdce9dce6662" executionId="9623ef90-8025-4365-be1d-4909615d0ed5" testListId="8c84fa94-04c1-424b-9868-57a2d4851a1d" />
    <TestEntry testId="ac89fe1d-27a2-5a25-ac33-e635cfdb3c90" executionId="fc99ca26-fc6b-4004-936f-e2249bfb0c36" testListId="8c84fa94-04c1-424b-9868-57a2d4851a1d" />
    <TestEntry testId="5b4f0f6b-7500-9d3a-dc13-e34405e8b22f" executionId="61ff9574-7c80-4233-bb08-db974e667a51" testListId="8c84fa94-04c1-424b-9868-57a2d4851a1d" />
    <TestEntry testId="e8313b37-cad0-8bea-af01-abb87214c79f" executionId="edd0879c-91ae-4695-82df-2eaf4c2271c9" testListId="8c84fa94-04c1-424b-9868-57a2d4851a1d" />
    <TestEntry testId="2379f2a4-5f07-a34f-3a1d-5e919cd412d7" executionId="15aadaab-c02e-4234-b3cf-ce55d4ce8176" testListId="8c84fa94-04c1-424b-9868-57a2d4851a1d" />
    <TestEntry testId="5e694850-8294-57c8-4195-a3f1001f6ca7" executionId="6b8a2c57-bb8e-43d3-82b4-8549945bfcd2" testListId="8c84fa94-04c1-424b-9868-57a2d4851a1d" />
    <TestEntry testId="2d317ff8-6ca3-bc10-25ad-dac6170b3fb0" executionId="7cc48c47-f3ca-491f-98c4-ac62b8fe2e32" testListId="8c84fa94-04c1-424b-9868-57a2d4851a1d" />
    <TestEntry testId="1898efd5-196a-37ac-00c2-cf7bfac58602" executionId="0ff6038d-695a-4394-a2f6-fdc8e6dd9a4c" testListId="8c84fa94-04c1-424b-9868-57a2d4851a1d" />
    <TestEntry testId="9cf5e211-bf76-77a7-1a51-2660dd37747b" executionId="ae4b1008-f17e-4d62-948d-916525888c9d" testListId="8c84fa94-04c1-424b-9868-57a2d4851a1d" />
    <TestEntry testId="1162438d-489e-5b8c-425b-42278f400ae0" executionId="78780864-6b86-439f-b7c5-59c1c340a56b" testListId="8c84fa94-04c1-424b-9868-57a2d4851a1d" />
    <TestEntry testId="d4e6916d-b5c3-4e34-a42a-88ee7c6ccaa9" executionId="5b13e4dd-0575-44de-86fd-ebe56d824851" testListId="8c84fa94-04c1-424b-9868-57a2d4851a1d" />
    <TestEntry testId="d2a5ca71-63b3-74b7-abd6-f4ce50c7e642" executionId="d0a4bf45-b4de-4a84-97d6-4b1f41e38734" testListId="8c84fa94-04c1-424b-9868-57a2d4851a1d" />
    <TestEntry testId="ed78253e-5e7b-e7fd-c865-316f069a0d67" executionId="ceaeb3dc-1daa-418f-bafb-fae44cc419a2" testListId="8c84fa94-04c1-424b-9868-57a2d4851a1d" />
    <TestEntry testId="4d638e32-5855-1388-3e9e-cde5f0a77c27" executionId="71077ac5-0a6c-4339-8a45-3c6756b83795" testListId="8c84fa94-04c1-424b-9868-57a2d4851a1d" />
    <TestEntry testId="d8d2522c-d687-f307-5915-98cd323cb3f9" executionId="946c15c7-463f-401a-92aa-255ec0190bd9" testListId="8c84fa94-04c1-424b-9868-57a2d4851a1d" />
    <TestEntry testId="dc336b25-76b0-1ed1-8abe-705617b468be" executionId="013c8557-7040-4703-957c-0d8cadc38180" testListId="8c84fa94-04c1-424b-9868-57a2d4851a1d" />
    <TestEntry testId="d3ba0755-91e1-30c5-315a-f25399e3023a" executionId="cdeb0ceb-50f2-4dfc-b531-cc38d71ee28d" testListId="8c84fa94-04c1-424b-9868-57a2d4851a1d" />
    <TestEntry testId="c9d681f3-7d2a-3b30-6a06-24588c794ac5" executionId="a8f0c8ff-031e-4c65-adbc-f9b4ce50989f" testListId="8c84fa94-04c1-424b-9868-57a2d4851a1d" />
    <TestEntry testId="b6897335-ba4e-a142-6fbc-5f99f55eddfb" executionId="b365edfd-1c46-4505-a141-8b16710cb65e" testListId="8c84fa94-04c1-424b-9868-57a2d4851a1d" />
    <TestEntry testId="98f3b8cc-a409-a327-2cce-f0ebee095d09" executionId="13bfec25-c8bb-4c19-85df-a37658807b5b" testListId="8c84fa94-04c1-424b-9868-57a2d4851a1d" />
    <TestEntry testId="c0b34bd0-4b58-a51d-1f25-53756c16dc68" executionId="cf19e1ea-00f9-4020-a6c9-fd926f70b7cc" testListId="8c84fa94-04c1-424b-9868-57a2d4851a1d" />
    <TestEntry testId="f70e1f82-15d8-1be1-b2b4-b9f0d083e660" executionId="7dfa00ca-9316-4745-8d87-a2144a3e6b35" testListId="8c84fa94-04c1-424b-9868-57a2d4851a1d" />
    <TestEntry testId="5c6e6cca-5cd4-1632-9ca1-9c14b9dbd1c4" executionId="ccd97695-2bf0-45f6-b326-a40f7a787188" testListId="8c84fa94-04c1-424b-9868-57a2d4851a1d" />
    <TestEntry testId="12446332-be04-0a8f-d8db-23e5eb680c27" executionId="3774210f-c235-4b79-880c-210509d3a407" testListId="8c84fa94-04c1-424b-9868-57a2d4851a1d" />
    <TestEntry testId="eaf85329-ca0a-c954-261a-a3bcb16c9517" executionId="bcface63-d524-4624-8765-bb0d7756b6cd" testListId="8c84fa94-04c1-424b-9868-57a2d4851a1d" />
    <TestEntry testId="32087f87-3ab9-f41c-43c0-e6fe3bc56d49" executionId="f4557e19-f237-405d-9594-257b1f4a86f7" testListId="8c84fa94-04c1-424b-9868-57a2d4851a1d" />
    <TestEntry testId="cf957190-74f0-1644-0567-383976a0bbbf" executionId="37af4d7c-b8c7-48c7-8771-fdc6694d2823" testListId="8c84fa94-04c1-424b-9868-57a2d4851a1d" />
    <TestEntry testId="f8f31b6e-9a57-18ef-ecb2-7d1dc23e1ba3" executionId="c85667b9-62ec-46b0-8ece-07c903d46425" testListId="8c84fa94-04c1-424b-9868-57a2d4851a1d" />
    <TestEntry testId="2c5acb84-e512-ccac-4b8b-8ea6b0d3920c" executionId="8443758e-09d3-4576-9824-b998a1536c52" testListId="8c84fa94-04c1-424b-9868-57a2d4851a1d" />
    <TestEntry testId="3328ea28-7cd9-8126-b497-abe963133f32" executionId="3cc8e94e-649c-4ae8-85f6-4264e1737968" testListId="8c84fa94-04c1-424b-9868-57a2d4851a1d" />
    <TestEntry testId="f10986fe-03bc-a93b-c860-23e4c247fc73" executionId="2850e2c4-8749-4383-adb5-603d53af97e6" testListId="8c84fa94-04c1-424b-9868-57a2d4851a1d" />
    <TestEntry testId="62822ede-d7ae-a303-deb5-5de2d01d3518" executionId="ce499b66-0d6c-4d92-9d4c-20adfa57b5c0" testListId="8c84fa94-04c1-424b-9868-57a2d4851a1d" />
    <TestEntry testId="d4223cb2-795f-acc3-97c9-3a959ae1fbec" executionId="fea03bd5-93b9-4d45-9261-7f66453edb96" testListId="8c84fa94-04c1-424b-9868-57a2d4851a1d" />
    <TestEntry testId="01347002-569a-eb94-de92-c8249c2837bc" executionId="1f19ee06-f028-42ee-a7e2-8f26847a5b20" testListId="8c84fa94-04c1-424b-9868-57a2d4851a1d" />
    <TestEntry testId="62c23b49-01d5-ec14-64fa-60b14f5b3266" executionId="e2ca47b4-d256-4fcc-b329-bd59862cb065" testListId="8c84fa94-04c1-424b-9868-57a2d4851a1d" />
    <TestEntry testId="e870b60f-b9cd-9456-770e-be1a0622deb5" executionId="2f12f5d0-81f6-4ce0-afdf-ee89dfb0537f" testListId="8c84fa94-04c1-424b-9868-57a2d4851a1d" />
    <TestEntry testId="b9382f39-7336-6f35-11b0-2a8908162fac" executionId="de509c6c-b51d-4e09-8f7b-e7c1f1c36481" testListId="8c84fa94-04c1-424b-9868-57a2d4851a1d" />
    <TestEntry testId="0d9db47e-d139-26d1-245c-06168dee7980" executionId="cd79072e-e105-4430-8c79-71c2bdddc6e4" testListId="8c84fa94-04c1-424b-9868-57a2d4851a1d" />
    <TestEntry testId="8f46b4dc-24ba-0a98-6e75-5962fc8b7e13" executionId="e1305a2f-44ff-47f6-ab6f-2ff6bef30c76" testListId="8c84fa94-04c1-424b-9868-57a2d4851a1d" />
    <TestEntry testId="a6eb5918-3ab1-9078-7b27-8e40be1748bf" executionId="92df26bb-e51f-4b2b-867f-0b283b6e153a" testListId="8c84fa94-04c1-424b-9868-57a2d4851a1d" />
    <TestEntry testId="16b9e740-57f9-b3e8-d3d8-86b65bd85034" executionId="9a12ab28-2e46-4580-9d01-58156b1d22f2" testListId="8c84fa94-04c1-424b-9868-57a2d4851a1d" />
    <TestEntry testId="156ad963-ef4e-d174-5b3c-8f7b12cb6828" executionId="2e83087d-f04b-48ea-a456-7340b297a733" testListId="8c84fa94-04c1-424b-9868-57a2d4851a1d" />
    <TestEntry testId="3de12998-9393-9903-170e-284355b304ad" executionId="8c791a29-bf19-442f-be21-3a57e30a2400" testListId="8c84fa94-04c1-424b-9868-57a2d4851a1d" />
    <TestEntry testId="da679504-2dbb-78ee-d7fc-01f27c75e0cc" executionId="2884eee5-95fd-4117-9742-f183acd3597f" testListId="8c84fa94-04c1-424b-9868-57a2d4851a1d" />
    <TestEntry testId="86c93201-f1f8-1299-bf26-243f1336a5e7" executionId="c616fc1d-ab91-4545-977c-e37863a1016a" testListId="8c84fa94-04c1-424b-9868-57a2d4851a1d" />
    <TestEntry testId="17fba494-c246-d3ef-ffcd-fd9dfdae82dd" executionId="b354d0bd-fac7-4312-92f5-760160816660" testListId="8c84fa94-04c1-424b-9868-57a2d4851a1d" />
    <TestEntry testId="f6bf3045-329d-5362-b062-36ec5089da9b" executionId="d6c8ff9c-7abe-456d-9456-a53dceb0c517" testListId="8c84fa94-04c1-424b-9868-57a2d4851a1d" />
    <TestEntry testId="21295eb5-b67c-57fc-2827-af49702d43cb" executionId="3e12664a-15c5-4f55-948e-3d4be9712968" testListId="8c84fa94-04c1-424b-9868-57a2d4851a1d" />
    <TestEntry testId="31d09e3d-7f4d-771c-fcf2-17618432c75c" executionId="8310ae84-4d2a-4c09-947c-9c8045094065" testListId="8c84fa94-04c1-424b-9868-57a2d4851a1d" />
    <TestEntry testId="3436681d-5283-dca4-7aad-db3743bc4bf6" executionId="0a1670c0-19a8-4310-8d41-35f529cec930" testListId="8c84fa94-04c1-424b-9868-57a2d4851a1d" />
    <TestEntry testId="98f3ba08-a10b-9949-a79e-150238875d08" executionId="353fa3f4-4ef4-487d-984b-eaa60e2b2239" testListId="8c84fa94-04c1-424b-9868-57a2d4851a1d" />
    <TestEntry testId="49a974b3-ec64-d3af-0151-561a64779c12" executionId="5887432c-c8fe-4f6c-8981-e08f51dcb598" testListId="8c84fa94-04c1-424b-9868-57a2d4851a1d" />
    <TestEntry testId="0292a43c-fff5-8a73-f216-496011be59f2" executionId="e9b92d39-5bfd-458f-b3f5-76a207c43ee2" testListId="8c84fa94-04c1-424b-9868-57a2d4851a1d" />
    <TestEntry testId="d0f4ec86-2b86-2cd8-ac68-409545882993" executionId="960563a1-1778-4d67-a7f1-0ea65c23bcd8" testListId="8c84fa94-04c1-424b-9868-57a2d4851a1d" />
    <TestEntry testId="4a24944e-583e-e01a-529b-88059ce4229f" executionId="f9b9cf0c-c46e-4ae9-b542-07769f600ca1" testListId="8c84fa94-04c1-424b-9868-57a2d4851a1d" />
    <TestEntry testId="5c0ec21b-359a-7e0f-4182-44eb294aa758" executionId="9d5778a9-00d4-4fba-9f5a-0b2f3c973d9c" testListId="8c84fa94-04c1-424b-9868-57a2d4851a1d" />
    <TestEntry testId="23010815-be15-7fb0-5f11-ae62528f19b0" executionId="aac56d02-d043-46c2-bb0e-34921bd3e11f" testListId="8c84fa94-04c1-424b-9868-57a2d4851a1d" />
    <TestEntry testId="2dc10e4d-0215-3f23-67b5-47a4fe1b7ab1" executionId="93a14a9c-51ed-42ba-99ab-b0931e715863" testListId="8c84fa94-04c1-424b-9868-57a2d4851a1d" />
    <TestEntry testId="b8760095-196b-9486-9ec7-d0fcb8b1c53c" executionId="053e3153-e160-429c-ac44-658c39a82b18" testListId="8c84fa94-04c1-424b-9868-57a2d4851a1d" />
    <TestEntry testId="d618c68d-88ae-88f4-1bc5-f56301e716ed" executionId="83f876d0-7bd1-456e-84ec-d1b62f4babdb" testListId="8c84fa94-04c1-424b-9868-57a2d4851a1d" />
    <TestEntry testId="899e75ac-735e-e41d-941c-31a4337e1cb7" executionId="e3f64ae4-fec4-4bef-bf40-d5efd823a65d" testListId="8c84fa94-04c1-424b-9868-57a2d4851a1d" />
    <TestEntry testId="a69eddad-1d10-e519-4d70-67bf86829651" executionId="fbcacce9-9588-49df-bf07-0a7e6669f962" testListId="8c84fa94-04c1-424b-9868-57a2d4851a1d" />
    <TestEntry testId="d0950b0b-ed3c-7fe5-5ab1-a2a80aa43ac2" executionId="a8addeb4-c987-474a-9a33-bf923d322b94" testListId="8c84fa94-04c1-424b-9868-57a2d4851a1d" />
    <TestEntry testId="aa85e4af-cb36-19c8-0057-a6b24c106f4d" executionId="0d2e4b96-4111-4690-96a8-c292c13f7160" testListId="8c84fa94-04c1-424b-9868-57a2d4851a1d" />
    <TestEntry testId="f908d2f2-d10f-a35a-dcc7-beef8d7bcb26" executionId="91abb412-ff12-448a-88c6-49860cc09de0" testListId="8c84fa94-04c1-424b-9868-57a2d4851a1d" />
    <TestEntry testId="8d07d365-e6b3-65ac-7ac7-e1c25fe2e0cb" executionId="5c34e58a-e931-40e2-8288-afdc6d362441" testListId="8c84fa94-04c1-424b-9868-57a2d4851a1d" />
    <TestEntry testId="8814ad4a-610b-1476-179c-7964a75f96e9" executionId="67def3de-c4af-4a90-8cb7-e4d95600d35e" testListId="8c84fa94-04c1-424b-9868-57a2d4851a1d" />
    <TestEntry testId="837239c5-67a3-15ad-e8a9-edc4254dd4db" executionId="efdcf948-fb2e-401b-a2e1-5b88d675d97b" testListId="8c84fa94-04c1-424b-9868-57a2d4851a1d" />
    <TestEntry testId="d7776958-df7b-aafc-c999-c6ac276b3cb8" executionId="a6ba1417-82ae-4ed4-a389-49f19146eab6" testListId="8c84fa94-04c1-424b-9868-57a2d4851a1d" />
    <TestEntry testId="70b5096a-4d76-50d1-927f-d842acd0d8ad" executionId="8170493c-37df-490d-b46f-67a02b83697c" testListId="8c84fa94-04c1-424b-9868-57a2d4851a1d" />
    <TestEntry testId="17ddc304-caf1-92fb-26b0-9e5ce0e35f12" executionId="b51f268a-a1b7-4690-b439-6fdc746a7e28" testListId="8c84fa94-04c1-424b-9868-57a2d4851a1d" />
    <TestEntry testId="47b1dee1-d457-b144-965d-3ecfde9a5fd1" executionId="5903a802-64d8-4ce2-9a6c-4327b517d4bb" testListId="8c84fa94-04c1-424b-9868-57a2d4851a1d" />
    <TestEntry testId="bc8bcbad-6dab-8a10-872a-1cd128e497ce" executionId="814796aa-42db-48db-a6cd-79bab5b33778" testListId="8c84fa94-04c1-424b-9868-57a2d4851a1d" />
    <TestEntry testId="882fb25a-af60-c1a9-9ac5-8c717310c276" executionId="7e8bf6b4-6fc6-4661-9f9c-adee25a3a888" testListId="8c84fa94-04c1-424b-9868-57a2d4851a1d" />
    <TestEntry testId="a7a8df94-1db0-153a-c800-e2df07e46ab8" executionId="4e8aa66a-5db1-4fc5-92c3-b55aa08989d8" testListId="8c84fa94-04c1-424b-9868-57a2d4851a1d" />
    <TestEntry testId="884a4ca8-cd4f-64c9-09ad-1d353ec31c8c" executionId="6d773470-5b2e-4359-a681-219531491859" testListId="8c84fa94-04c1-424b-9868-57a2d4851a1d" />
    <TestEntry testId="f95a6f19-ee3b-53de-cf88-883fcaddfe39" executionId="ea6405a8-6eda-45dc-91f6-ef4cde89ae71" testListId="8c84fa94-04c1-424b-9868-57a2d4851a1d" />
    <TestEntry testId="3757ab62-2418-b96f-a6e8-6a2ddff7f5be" executionId="b7501043-00fc-4e5a-b325-d75668feb76e" testListId="8c84fa94-04c1-424b-9868-57a2d4851a1d" />
    <TestEntry testId="ee8371a4-6a8c-8220-7b9b-c4b425e74e47" executionId="a9ff3531-4c7b-48ac-aae5-e3b1e2e79f52" testListId="8c84fa94-04c1-424b-9868-57a2d4851a1d" />
    <TestEntry testId="5d94c71d-df20-d6cd-d92c-a694e0aa36bf" executionId="4070f2f2-0e3a-4b81-bf22-8c28fcf63e93" testListId="8c84fa94-04c1-424b-9868-57a2d4851a1d" />
    <TestEntry testId="7003bcc1-5465-4329-b7ef-878c9e819482" executionId="c640fe2f-f8bb-40f6-8369-36c3161d8182" testListId="8c84fa94-04c1-424b-9868-57a2d4851a1d" />
    <TestEntry testId="f2fbd149-e2af-5637-9417-20622b33fae0" executionId="593f802b-50ec-4a5e-b080-2bf8ae9abbf2" testListId="8c84fa94-04c1-424b-9868-57a2d4851a1d" />
    <TestEntry testId="a4820a9f-81f2-f74a-e78b-327ea50d8b48" executionId="9431a3e4-51f9-4a85-a659-e74aec1eb1b9" testListId="8c84fa94-04c1-424b-9868-57a2d4851a1d" />
    <TestEntry testId="6e08402d-8997-90dc-9b66-886438ad27db" executionId="547a4885-f05d-4b29-97f9-5a296618cdb7" testListId="8c84fa94-04c1-424b-9868-57a2d4851a1d" />
    <TestEntry testId="c03a005c-b69d-99fa-b651-b26bd5d00566" executionId="075aadda-46bc-4f70-be6a-6d3016ffd7f7" testListId="8c84fa94-04c1-424b-9868-57a2d4851a1d" />
    <TestEntry testId="e3a562d7-b300-5f52-06c2-7be31e66bd96" executionId="89b51345-7172-4321-a2fb-91ba3c733a67" testListId="8c84fa94-04c1-424b-9868-57a2d4851a1d" />
    <TestEntry testId="e7dc9dd3-4cd3-3bf6-c7c0-12fcc1c1c5cd" executionId="7c89815e-6335-4d2d-bf0c-a646aa017d12" testListId="8c84fa94-04c1-424b-9868-57a2d4851a1d" />
    <TestEntry testId="dea7da76-cc4d-9db9-653c-019847e5cc46" executionId="ef51ddaa-3942-496f-ac0f-3f1076c9a084" testListId="8c84fa94-04c1-424b-9868-57a2d4851a1d" />
    <TestEntry testId="988daa97-185a-b36c-e2bb-1662c7eee467" executionId="007cf172-7c7b-4ca8-9d7c-9e9b241bebb7" testListId="8c84fa94-04c1-424b-9868-57a2d4851a1d" />
    <TestEntry testId="dbe39e81-54e6-8534-594e-60312842c80d" executionId="4eee5285-5de5-441e-bc01-977d13f53662" testListId="8c84fa94-04c1-424b-9868-57a2d4851a1d" />
    <TestEntry testId="df693012-2078-7e40-769b-35128c8352ea" executionId="124c2cc6-48e0-49be-96c0-d9839bc2e8ab" testListId="8c84fa94-04c1-424b-9868-57a2d4851a1d" />
    <TestEntry testId="88fee92b-29a5-8efc-d2c6-587beeb283fa" executionId="19eaf382-e51a-4365-a9ee-cb6ea8d0fb27" testListId="8c84fa94-04c1-424b-9868-57a2d4851a1d" />
    <TestEntry testId="91a3c75c-7428-63da-00ff-d5a1fd9b86ed" executionId="d1ecd0d6-0871-433f-afde-da9c37de900e" testListId="8c84fa94-04c1-424b-9868-57a2d4851a1d" />
  </TestEntries>
  <Results>
    <UnitTestResult executionId="cc4383a0-cb8e-4508-a721-422c1a9dfd3f" testId="91def432-fbea-17eb-b53c-7901190b4267" testName="ApplyAndBuy_AuthenicatedUserShoppingDebitAndGetReferralMessage" computerName="MW00977477" duration="00:00:07.7749173" startTime="2015-12-26T16:17:58.8165166-08:00" endTime="2015-12-26T16:18:06.9105166-08:00" testType="13cdc9d9-ddb5-4fa4-a97d-d965ccfc6d4b" outcome="Passed" testListId="8c84fa94-04c1-424b-9868-57a2d4851a1d" relativeResultsDirectory="cc4383a0-cb8e-4508-a721-422c1a9dfd3f">
    </UnitTestResult>
    <UnitTestResult executionId="b3a32c2f-099f-424a-9c4c-35f67bd46962" testId="be41ddfc-25fa-b2a0-7284-601f53ddb8d4" testName="ApplyAndBuy_AuthenicatedUserShoppingRetailCard_ShouldBeAbleToDeclineTheOffer" computerName="MW00977477" duration="00:00:57.0970000" startTime="2015-12-26T16:18:06.9135166-08:00" endTime="2015-12-26T16:19:04.0105166-08:00" testType="13cdc9d9-ddb5-4fa4-a97d-d965ccfc6d4b" outcome="Aborted" testListId="8c84fa94-04c1-424b-9868-57a2d4851a1d" relativeResultsDirectory="b3a32c2f-099f-424a-9c4c-35f67bd46962">
      <Output>
        <DebugTrace>Page loaded succesfully with URL = https://tsecure.dev.nordstrom.com/signIn.aspx
Page loaded succesfully with URL = https://tsecure.dev.nordstrom.com/signIn.aspx
Page loaded succesfully with URL = https://tsecure.dev.nordstrom.com/signIn.aspx
Page loaded succesfully with URL = https://tsecure.dev.nordstrom.com/signIn.aspx
Element is not Valid: Exception =Could not find element by: By.Id: ctl00_mainContentPlaceHolder_emailPreferences_checkboxSendMeUpdates
Element Not found with the given locator (By.Id: ctl00_mainContentPlaceHolder_emailPreferences_checkboxSendMeUpdates)
Element not found with given locator By.Id: ctl00_mainContentPlaceHolder_emailPreferences_checkboxSendMeUpdates
Timed out waiting for element Not to be visible with locator: By.CssSelector: #ctl00_backgroundOverlay
WaitForElementToDisappear: Given locator not going away after 30 seconds - locator id: By.CssSelector: #ctl00_backgroundOverlay
Timed out waiting for element to be visible with locator: By.LinkText: Sign Out
Element is not Valid: Exception =Unexpected error. System.Net.WebException: Unable to connect to the remote server ---&gt; System.Net.Sockets.SocketException: No connection could be made because the target machine actively refused it 127.0.0.1:36242
   at System.Net.Sockets.Socket.DoConnect(EndPoint endPointSnapshot, SocketAddress socketAddress)
   at System.Net.ServicePoint.ConnectSocketInternal(Boolean connectFailure, Socket s4, Socket s6, Socket&amp; socket, IPAddress&amp; address, ConnectSocketState state, IAsyncResult asyncResult, Exception&amp; exception)
   --- End of inner exception stack trace ---
   at System.Net.HttpWebRequest.GetRequestStream(TransportContext&amp; context)
   at System.Net.HttpWebRequest.GetRequestStream()
   at OpenQA.Selenium.Remote.HttpCommandExecutor.Execute(Command commandToExecute)
   at OpenQA.Selenium.Remote.DriverServiceCommandExecutor.Execute(Command commandToExecute)
   at OpenQA.Selenium.Remote.RemoteWebDriver.Execute(String driverCommandToExecute, Dictionary`2 parameters)
</DebugTrace>
        <ErrorInfo>
          <Message>User aborted test run.</Message>
        </ErrorInfo>
      </Output>
    </UnitTestResult>
    <UnitTestResult executionId="d488f707-43bc-43e0-b000-3f62bdbcd025" testId="4664e0a6-2072-9199-590f-6521601f9324" testName="ApplyAndBuy_AuthenicatedUserShoppingVisa_ShouldGetReferralMessage" computerName="MW00977477" testType="13cdc9d9-ddb5-4fa4-a97d-d965ccfc6d4b" outcome="NotExecuted" testListId="8c84fa94-04c1-424b-9868-57a2d4851a1d" relativeResultsDirectory="d488f707-43bc-43e0-b000-3f62bdbcd025">
    </UnitTestResult>
    <UnitTestResult executionId="b02ae592-66d7-4e05-a329-80a99f453f07" testId="f6a49cf4-cec6-b39d-0a74-ea69e0256c99" testName="ApplyAndBuy_AuthenticatedNewUserApplyForDebitCard_PlaceOrderWithInstantApprovedDebitCard" computerName="MW00977477" testType="13cdc9d9-ddb5-4fa4-a97d-d965ccfc6d4b" outcome="NotExecuted" testListId="8c84fa94-04c1-424b-9868-57a2d4851a1d" relativeResultsDirectory="b02ae592-66d7-4e05-a329-80a99f453f07">
    </UnitTestResult>
    <UnitTestResult executionId="19532885-1523-4e0a-a5bb-963a31f9a0d3" testId="f5ba392b-8397-c58f-ac46-703a2f8ad87f" testName="ApplyAndBuy_AuthenticatedNewUserApplyForRetailCard_PlaceOrderWithInstantApprovedRetailCard" computerName="MW00977477" testType="13cdc9d9-ddb5-4fa4-a97d-d965ccfc6d4b" outcome="NotExecuted" testListId="8c84fa94-04c1-424b-9868-57a2d4851a1d" relativeResultsDirectory="19532885-1523-4e0a-a5bb-963a31f9a0d3">
    </UnitTestResult>
    <UnitTestResult executionId="c2f9312d-3371-4417-8e0d-f83933bb1c51" testId="aa92acb1-a65f-4dde-5291-62a954d9ed84" testName="ApplyAndBuy_AuthenticatedNewUserApplyForVisaCard_PlaceOrderWithInstantApprovedVisaCard" computerName="MW00977477" testType="13cdc9d9-ddb5-4fa4-a97d-d965ccfc6d4b" outcome="NotExecuted" testListId="8c84fa94-04c1-424b-9868-57a2d4851a1d" relativeResultsDirectory="c2f9312d-3371-4417-8e0d-f83933bb1c51">
    </UnitTestResult>
    <UnitTestResult executionId="f62df4cb-b3da-4437-ad6c-664b0beac72e" testId="2f9c7d3e-50f0-a4e8-8d75-483f3e9925ac" testName="ApplyAndBuy_AuthenticatedNewUserDeclineBothCards_SuccessfulNavigationToHomePage" computerName="MW00977477" testType="13cdc9d9-ddb5-4fa4-a97d-d965ccfc6d4b" outcome="NotExecuted" testListId="8c84fa94-04c1-424b-9868-57a2d4851a1d" relativeResultsDirectory="f62df4cb-b3da-4437-ad6c-664b0beac72e">
    </UnitTestResult>
    <UnitTestResult executionId="b23b69ad-a7ee-4676-9821-b3327ac56bf8" testId="e3b537b9-fd8d-2a1e-98b0-ca3572f81d48" testName="ApplyAndBuy_AuthenticatedNewUserDeclineRetailCard_SuccessfulNavigationToHomePage" computerName="MW00977477" testType="13cdc9d9-ddb5-4fa4-a97d-d965ccfc6d4b" outcome="NotExecuted" testListId="8c84fa94-04c1-424b-9868-57a2d4851a1d" relativeResultsDirectory="b23b69ad-a7ee-4676-9821-b3327ac56bf8">
    </UnitTestResult>
    <UnitTestResult executionId="2c380533-4744-488d-892c-b22e645fc699" testId="aea58734-aba1-082a-fd65-fd222a1377f1" testName="ApplyAndBuy_AuthenticatedUserShoppingDebitCard_ShouldBeAbleToDeclineTheOffer" computerName="MW00977477" testType="13cdc9d9-ddb5-4fa4-a97d-d965ccfc6d4b" outcome="NotExecuted" testListId="8c84fa94-04c1-424b-9868-57a2d4851a1d" relativeResultsDirectory="2c380533-4744-488d-892c-b22e645fc699">
    </UnitTestResult>
    <UnitTestResult executionId="70204a6c-828b-465d-b983-92df03a3b3c6" testId="e4a64364-519b-8322-a7f4-93d5e3084e40" testName="ApplyAndBuy_AuthenticatedUserShoppingForRetailCard_ShouldGetReferralMessage" computerName="MW00977477" testType="13cdc9d9-ddb5-4fa4-a97d-d965ccfc6d4b" outcome="NotExecuted" testListId="8c84fa94-04c1-424b-9868-57a2d4851a1d" relativeResultsDirectory="70204a6c-828b-465d-b983-92df03a3b3c6">
    </UnitTestResult>
    <UnitTestResult executionId="a161be73-e6f6-4490-af9d-3c72a092231b" testId="25bf40a7-77be-fcf6-4fb2-46d0282f4de1" testName="ApplyAndBuy_AuthenticatedUserShoppingVisaCard_ShouldBeAbleToDeclineTheOffer" computerName="MW00977477" testType="13cdc9d9-ddb5-4fa4-a97d-d965ccfc6d4b" outcome="NotExecuted" testListId="8c84fa94-04c1-424b-9868-57a2d4851a1d" relativeResultsDirectory="a161be73-e6f6-4490-af9d-3c72a092231b">
    </UnitTestResult>
    <UnitTestResult executionId="e0607fc2-a8da-4dbb-be2b-80628056a4f6" testId="84e2f4e9-6bea-c593-d143-62a75b1a8203" testName="ApplyAndBuy_AuthenticatedUserShoppingwithNewVisaCard_DeclinetheOffer" computerName="MW00977477" testType="13cdc9d9-ddb5-4fa4-a97d-d965ccfc6d4b" outcome="NotExecuted" testListId="8c84fa94-04c1-424b-9868-57a2d4851a1d" relativeResultsDirectory="e0607fc2-a8da-4dbb-be2b-80628056a4f6">
    </UnitTestResult>
    <UnitTestResult executionId="a98826b9-f6bc-4135-9a37-5cea5aee601a" testId="0e15b0d1-2a84-7f48-3ea0-18b7422618e3" testName="ApplyAndBuy_EmptyCreditCardApplicationSubmission_RequiredFieldErrorMessagesVerifiedSuccessfully" computerName="MW00977477" testType="13cdc9d9-ddb5-4fa4-a97d-d965ccfc6d4b" outcome="NotExecuted" testListId="8c84fa94-04c1-424b-9868-57a2d4851a1d" relativeResultsDirectory="a98826b9-f6bc-4135-9a37-5cea5aee601a">
    </UnitTestResult>
    <UnitTestResult executionId="8995914a-0025-4f10-8bde-aced88582580" testId="7a6ff4d5-2709-2369-a0a7-9576650b11e5" testName="ApplyAndBuy_EmptyDebitCardApplicationSubmission_RequiredFieldErrorMessagesVerifiedSuccessfully" computerName="MW00977477" testType="13cdc9d9-ddb5-4fa4-a97d-d965ccfc6d4b" outcome="NotExecuted" testListId="8c84fa94-04c1-424b-9868-57a2d4851a1d" relativeResultsDirectory="8995914a-0025-4f10-8bde-aced88582580">
    </UnitTestResult>
    <UnitTestResult executionId="d4b45f2b-4a5f-4281-ab67-1f1641af5b69" testId="f9a9e1f4-5a08-8418-6a8e-2e0be49bdb45" testName="ApplyAndBuy_ExistingRegisteredUserShoppingWithDebitCard_DebitCardSucessfullyAddedToWallet" computerName="MW00977477" testType="13cdc9d9-ddb5-4fa4-a97d-d965ccfc6d4b" outcome="NotExecuted" testListId="8c84fa94-04c1-424b-9868-57a2d4851a1d" relativeResultsDirectory="d4b45f2b-4a5f-4281-ab67-1f1641af5b69">
    </UnitTestResult>
    <UnitTestResult executionId="9507108f-3a90-424b-a8ef-a9d1dc5ce590" testId="3c220397-a949-a414-da8d-2d93343ec752" testName="ApplyAndBuy_ExistingRegisteredUserShoppingWithDebitCard_OrderSuccessfullyPlacedWithNewDebitCard" computerName="MW00977477" testType="13cdc9d9-ddb5-4fa4-a97d-d965ccfc6d4b" outcome="NotExecuted" testListId="8c84fa94-04c1-424b-9868-57a2d4851a1d" relativeResultsDirectory="9507108f-3a90-424b-a8ef-a9d1dc5ce590">
    </UnitTestResult>
    <UnitTestResult executionId="665c8472-6849-45c9-8bb6-7ebf2baf6c5b" testId="8d3ad949-7353-0de2-34c9-eee78eec371f" testName="ApplyAndBuy_ExistingRegisteredUserShoppingWithNewRetailCard_OrderSuccessfullyPlacedWithNewRetailCard" computerName="MW00977477" testType="13cdc9d9-ddb5-4fa4-a97d-d965ccfc6d4b" outcome="NotExecuted" testListId="8c84fa94-04c1-424b-9868-57a2d4851a1d" relativeResultsDirectory="665c8472-6849-45c9-8bb6-7ebf2baf6c5b">
    </UnitTestResult>
    <UnitTestResult executionId="e84dd60c-f363-4561-8cc3-1dd1aed4ca6b" testId="89dfb266-1185-0c11-5767-27fb25f81a49" testName="ApplyAndBuy_ExistingRegisteredUserShoppingWithVisaCard_OrderSuccessfullyPlacedWithNewVisaCard" computerName="MW00977477" testType="13cdc9d9-ddb5-4fa4-a97d-d965ccfc6d4b" outcome="NotExecuted" testListId="8c84fa94-04c1-424b-9868-57a2d4851a1d" relativeResultsDirectory="e84dd60c-f363-4561-8cc3-1dd1aed4ca6b">
    </UnitTestResult>
    <UnitTestResult executionId="2c3d9c1f-52e0-47b3-a82a-a8dd27aa6d60" testId="2cd47127-fcd1-036f-5d31-442446696e9a" testName="ApplyAndBuy_GuestUserApplyForDebitCardAndSignInConfirmationAsRegisteredUser_CardSucessfullyAddedToWallet" computerName="MW00977477" testType="13cdc9d9-ddb5-4fa4-a97d-d965ccfc6d4b" outcome="NotExecuted" testListId="8c84fa94-04c1-424b-9868-57a2d4851a1d" relativeResultsDirectory="2c3d9c1f-52e0-47b3-a82a-a8dd27aa6d60">
    </UnitTestResult>
    <UnitTestResult executionId="9d0bf143-3ad1-41fb-9b41-0000806e8da8" testId="7e069a12-faf6-ada5-7c7e-730fdd13496c" testName="ApplyandBuy_GuestUserApplyForNewDebitCard_ShoppingSuccessfulWithNewDebitCardAddedToWallet" computerName="MW00977477" testType="13cdc9d9-ddb5-4fa4-a97d-d965ccfc6d4b" outcome="NotExecuted" testListId="8c84fa94-04c1-424b-9868-57a2d4851a1d" relativeResultsDirectory="9d0bf143-3ad1-41fb-9b41-0000806e8da8">
    </UnitTestResult>
    <UnitTestResult executionId="739686fd-bb64-4c13-a468-e3d7d8d1126c" testId="5e292389-75cf-17f7-6636-b9ebbfaf2ab9" testName="ApplyAndBuy_GuestUserApplyForNewDebitCardAndSignInAfterConfirmationAsNewUser_CardSuccessfullyAddedToWallet" computerName="MW00977477" testType="13cdc9d9-ddb5-4fa4-a97d-d965ccfc6d4b" outcome="NotExecuted" testListId="8c84fa94-04c1-424b-9868-57a2d4851a1d" relativeResultsDirectory="739686fd-bb64-4c13-a468-e3d7d8d1126c">
    </UnitTestResult>
    <UnitTestResult executionId="0fca6632-c94a-48b8-b6e6-7154d8667bd8" testId="19d3f5b7-1a42-16cf-9148-75f4af1915d8" testName="ApplyandBuy_GuestUserApplyForNewRetailCard_ShoppingSuccessfulWithNewRetailCardAddedToWallet" computerName="MW00977477" testType="13cdc9d9-ddb5-4fa4-a97d-d965ccfc6d4b" outcome="NotExecuted" testListId="8c84fa94-04c1-424b-9868-57a2d4851a1d" relativeResultsDirectory="0fca6632-c94a-48b8-b6e6-7154d8667bd8">
    </UnitTestResult>
    <UnitTestResult executionId="1aa65052-0b3e-4d0d-9812-bab8c07a024a" testId="09913320-6a43-f344-ad72-24ef5b9d5b08" testName="ApplyAndBuy_GuestUserApplyForNewRetailCardAndSignInAsReturningUserAfterCardConfirmation_OrderSuccessfullyPlacedWithNewRetailCard" computerName="MW00977477" testType="13cdc9d9-ddb5-4fa4-a97d-d965ccfc6d4b" outcome="NotExecuted" testListId="8c84fa94-04c1-424b-9868-57a2d4851a1d" relativeResultsDirectory="1aa65052-0b3e-4d0d-9812-bab8c07a024a">
    </UnitTestResult>
    <UnitTestResult executionId="c757b37a-f4da-480f-a8a1-da61fbbed419" testId="6a2c3389-c188-4773-e10b-4e29b62bf4bc" testName="ApplyAndBuy_GuestUserApplyForNewVisaCardAndRegisterAfterCardConfirmation_CardSuccessfullyAddedToWallet" computerName="MW00977477" testType="13cdc9d9-ddb5-4fa4-a97d-d965ccfc6d4b" outcome="NotExecuted" testListId="8c84fa94-04c1-424b-9868-57a2d4851a1d" relativeResultsDirectory="c757b37a-f4da-480f-a8a1-da61fbbed419">
    </UnitTestResult>
    <UnitTestResult executionId="c4dbf5e3-60b1-4373-a1d8-a429c79a2674" testId="29859a34-d2ec-6bf5-66bf-30f6009dcdd5" testName="ApplyAndBuy_GuestUserApplyForNewVisaCardAndRegisterAsANewUserAfterCardConfirmation_OrderSuccessfullyPlacedWithNewVisaCard" computerName="MW00977477" testType="13cdc9d9-ddb5-4fa4-a97d-d965ccfc6d4b" outcome="NotExecuted" testListId="8c84fa94-04c1-424b-9868-57a2d4851a1d" relativeResultsDirectory="c4dbf5e3-60b1-4373-a1d8-a429c79a2674">
    </UnitTestResult>
    <UnitTestResult executionId="e82550ec-d246-4326-b56a-c43ec6ba7c02" testId="caa293c4-490c-e422-2d38-ef52d14434a9" testName="ApplyAndBuy_GuestUserApplyForNewVisaCardAndSignInAfterCardConfirmation_CardSuccessfullyAddedToWallet" computerName="MW00977477" testType="13cdc9d9-ddb5-4fa4-a97d-d965ccfc6d4b" outcome="NotExecuted" testListId="8c84fa94-04c1-424b-9868-57a2d4851a1d" relativeResultsDirectory="e82550ec-d246-4326-b56a-c43ec6ba7c02">
    </UnitTestResult>
    <UnitTestResult executionId="53f889ae-4443-40c3-8cca-1982d073bbf2" testId="189abbc0-b0a5-ecf8-6664-bfda98bdb3a6" testName="ApplyAndBuy_GuestUserApplyForNewVisaCardAndSignInAsExistingUserAfterCardConfirmation_OrderSuccessfullyPlacedWithNewVisaCard" computerName="MW00977477" testType="13cdc9d9-ddb5-4fa4-a97d-d965ccfc6d4b" outcome="NotExecuted" testListId="8c84fa94-04c1-424b-9868-57a2d4851a1d" relativeResultsDirectory="53f889ae-4443-40c3-8cca-1982d073bbf2">
    </UnitTestResult>
    <UnitTestResult executionId="c23019fb-0a24-4fa6-a106-3fbcd07b4c88" testId="39f8cbb0-ec35-e92c-5fa3-224713efa2f4" testName="ApplyAndBuy_GuestUserApplyNewRetailCardAndSignInConfirmation_CardSuccessfullyAddedToWallet" computerName="MW00977477" testType="13cdc9d9-ddb5-4fa4-a97d-d965ccfc6d4b" outcome="NotExecuted" testListId="8c84fa94-04c1-424b-9868-57a2d4851a1d" relativeResultsDirectory="c23019fb-0a24-4fa6-a106-3fbcd07b4c88">
    </UnitTestResult>
    <UnitTestResult executionId="478c17b6-9cbf-4248-aec6-2cfea86e2d37" testId="66d904d5-b7a6-fdbc-78da-2fd7a37dff81" testName="ApplyAndBuy_GuestUserApplyNewVisaCardAndSignInAfterConfirmation_CardSuccessfullyAddedToWallet" computerName="MW00977477" testType="13cdc9d9-ddb5-4fa4-a97d-d965ccfc6d4b" outcome="NotExecuted" testListId="8c84fa94-04c1-424b-9868-57a2d4851a1d" relativeResultsDirectory="478c17b6-9cbf-4248-aec6-2cfea86e2d37">
    </UnitTestResult>
    <UnitTestResult executionId="c3e05f42-6f66-4f42-ae28-457404fe38ae" testId="e9944a28-5031-d30d-4a12-0653110e1998" testName="ApplyAndBuy_GuestUserDeclineRetailCard_SuccessfulNavigationToHomePage" computerName="MW00977477" testType="13cdc9d9-ddb5-4fa4-a97d-d965ccfc6d4b" outcome="NotExecuted" testListId="8c84fa94-04c1-424b-9868-57a2d4851a1d" relativeResultsDirectory="c3e05f42-6f66-4f42-ae28-457404fe38ae">
    </UnitTestResult>
    <UnitTestResult executionId="94772a54-0fbf-424f-975d-d66b14417959" testId="819b055e-d883-032e-dbe4-8a1f8c548dcd" testName="ApplyAndBuy_GuestUserDeclineVisaAndRetailCard_SuccessfulNavigationToHomePage" computerName="MW00977477" testType="13cdc9d9-ddb5-4fa4-a97d-d965ccfc6d4b" outcome="NotExecuted" testListId="8c84fa94-04c1-424b-9868-57a2d4851a1d" relativeResultsDirectory="94772a54-0fbf-424f-975d-d66b14417959">
    </UnitTestResult>
    <UnitTestResult executionId="f6a63ba0-c640-4e32-90ce-2d4bbd7f9ee1" testId="849e6579-ace1-c6d4-b6eb-a6e9b2bc24eb" testName="ApplyAndBuy_GuestUserNavigationToVisaCardConfirmationAndPageHeaderAndFooterLinksVerification_HeaderAndFooterLinksVerifiedSuccessfully" computerName="MW00977477" testType="13cdc9d9-ddb5-4fa4-a97d-d965ccfc6d4b" outcome="NotExecuted" testListId="8c84fa94-04c1-424b-9868-57a2d4851a1d" relativeResultsDirectory="f6a63ba0-c640-4e32-90ce-2d4bbd7f9ee1">
    </UnitTestResult>
    <UnitTestResult executionId="1b4fc7d8-ab9d-4de0-936e-c23047bbb716" testId="b7c85bb0-32db-7de4-90bc-36d9f89bd678" testName="ApplyAndBuy_GuestUserShoppingDebit_ShouldBeAbleToDeclineTheOffer" computerName="MW00977477" testType="13cdc9d9-ddb5-4fa4-a97d-d965ccfc6d4b" outcome="NotExecuted" testListId="8c84fa94-04c1-424b-9868-57a2d4851a1d" relativeResultsDirectory="1b4fc7d8-ab9d-4de0-936e-c23047bbb716">
    </UnitTestResult>
    <UnitTestResult executionId="32ee0436-a5b0-4146-a020-6e50bc7ca7fe" testId="8c3aee05-1b0e-05c2-6e40-2dbbfe101a46" testName="ApplyAndBuy_GuestUserShoppingRetailCard_ShouldBeAbleToDeclineTheOffer" computerName="MW00977477" testType="13cdc9d9-ddb5-4fa4-a97d-d965ccfc6d4b" outcome="NotExecuted" testListId="8c84fa94-04c1-424b-9868-57a2d4851a1d" relativeResultsDirectory="32ee0436-a5b0-4146-a020-6e50bc7ca7fe">
    </UnitTestResult>
    <UnitTestResult executionId="4319e66c-26a1-45da-a22c-6dc6f1af67bd" testId="9af1ceb2-c057-28a6-e9eb-e98292d37e61" testName="ApplyAndBuy_GuestUserShoppingVisa_ShouldBeAbleToDeclineTheOffer" computerName="MW00977477" testType="13cdc9d9-ddb5-4fa4-a97d-d965ccfc6d4b" outcome="NotExecuted" testListId="8c84fa94-04c1-424b-9868-57a2d4851a1d" relativeResultsDirectory="4319e66c-26a1-45da-a22c-6dc6f1af67bd">
    </UnitTestResult>
    <UnitTestResult executionId="f84a411b-f153-4117-84be-f964ffb4d63e" testId="13a119ab-0405-049f-795b-9bce04cc1177" testName="ApplyAndBuy_GuestUserShoppingVisa_ShouldGetReferralMessage" computerName="MW00977477" testType="13cdc9d9-ddb5-4fa4-a97d-d965ccfc6d4b" outcome="NotExecuted" testListId="8c84fa94-04c1-424b-9868-57a2d4851a1d" relativeResultsDirectory="f84a411b-f153-4117-84be-f964ffb4d63e">
    </UnitTestResult>
    <UnitTestResult executionId="89751afb-cef9-4dd7-8bb5-3122d4e67be6" testId="8692b55a-e6f7-c447-3076-92b555d04832" testName="ApplyAndBuy_NewlyRegisteredUserShoppingWithNewDebitCard_DebitCardSucessfullyAddedToWallet" computerName="MW00977477" testType="13cdc9d9-ddb5-4fa4-a97d-d965ccfc6d4b" outcome="NotExecuted" testListId="8c84fa94-04c1-424b-9868-57a2d4851a1d" relativeResultsDirectory="89751afb-cef9-4dd7-8bb5-3122d4e67be6">
    </UnitTestResult>
    <UnitTestResult executionId="c5e76387-ed0d-4834-991b-dc042d4e02e3" testId="4a867fd7-5351-1b0b-fae9-ebba76d4f45c" testName="ApplyAndBuy_NewlyRegisteredUserShoppingWithNewRetailCard_CardSucessfullyAddedToWallet" computerName="MW00977477" testType="13cdc9d9-ddb5-4fa4-a97d-d965ccfc6d4b" outcome="NotExecuted" testListId="8c84fa94-04c1-424b-9868-57a2d4851a1d" relativeResultsDirectory="c5e76387-ed0d-4834-991b-dc042d4e02e3">
    </UnitTestResult>
    <UnitTestResult executionId="07fa740d-a2d1-451c-88e0-bc853bbb1935" testId="cbf9b4ca-09be-98f7-9cf0-92684d4c487c" testName="ApplyAndBuy_NewlyRegisteredUserShoppingWithNewRetailCard_OrderSuccessfullyPlacedWithNewRetailCard" computerName="MW00977477" testType="13cdc9d9-ddb5-4fa4-a97d-d965ccfc6d4b" outcome="NotExecuted" testListId="8c84fa94-04c1-424b-9868-57a2d4851a1d" relativeResultsDirectory="07fa740d-a2d1-451c-88e0-bc853bbb1935">
    </UnitTestResult>
    <UnitTestResult executionId="936405cd-e21e-4985-a8d0-e6a4a6a1e35c" testId="3e0ba6be-6f62-1dd4-4740-d0e4ed39c4d4" testName="ApplyAndBuy_NewlyRegisteredUserShoppingWithNewVisaCard_CardSucessfullyAddedToWallet" computerName="MW00977477" testType="13cdc9d9-ddb5-4fa4-a97d-d965ccfc6d4b" outcome="NotExecuted" testListId="8c84fa94-04c1-424b-9868-57a2d4851a1d" relativeResultsDirectory="936405cd-e21e-4985-a8d0-e6a4a6a1e35c">
    </UnitTestResult>
    <UnitTestResult executionId="ce8ce387-c8fb-40b0-9ce3-e3e5b8d53153" testId="f893727f-a97f-c3cb-2a9a-9aa48c01d2da" testName="ApplyAndBuy_NewlyRegisteredUserShoppingWithNewVisaCard_OrderSuccessfullyPlacedWithNewVisaCard" computerName="MW00977477" testType="13cdc9d9-ddb5-4fa4-a97d-d965ccfc6d4b" outcome="NotExecuted" testListId="8c84fa94-04c1-424b-9868-57a2d4851a1d" relativeResultsDirectory="ce8ce387-c8fb-40b0-9ce3-e3e5b8d53153">
    </UnitTestResult>
    <UnitTestResult executionId="c836289d-07b3-4d09-8458-b5cbf0fc1e04" testId="2b62e82b-c9b1-2d2b-8ab6-337c9e608c0f" testName="ApplyAndBuy_RegisteredUserApplyForRetailCard_CardSucessfullyAddedToWallet" computerName="MW00977477" testType="13cdc9d9-ddb5-4fa4-a97d-d965ccfc6d4b" outcome="NotExecuted" testListId="8c84fa94-04c1-424b-9868-57a2d4851a1d" relativeResultsDirectory="c836289d-07b3-4d09-8458-b5cbf0fc1e04">
    </UnitTestResult>
    <UnitTestResult executionId="67c3b212-ae13-42b1-9fbe-927333dac23c" testId="9b828aac-d9ed-23f8-d63b-2b5dbf76c464" testName="ApplyAndBuy_RegisteredUserApplyForVisaCard_CardSucessfullyAddedToWallet" computerName="MW00977477" testType="13cdc9d9-ddb5-4fa4-a97d-d965ccfc6d4b" outcome="NotExecuted" testListId="8c84fa94-04c1-424b-9868-57a2d4851a1d" relativeResultsDirectory="67c3b212-ae13-42b1-9fbe-927333dac23c">
    </UnitTestResult>
    <UnitTestResult executionId="360f22ba-4488-4e4c-a189-e09ad4c79e3c" testId="968d66bd-881b-d4d7-de09-4a1507bf6626" testName="ApplyAndBuy_RegisteredUserNavigationToRetailCardConfirmationAndPageHeaderAndFooterLinksVerification_HeaderAndFooterLinksVerifiedSuccessfully" computerName="MW00977477" testType="13cdc9d9-ddb5-4fa4-a97d-d965ccfc6d4b" outcome="NotExecuted" testListId="8c84fa94-04c1-424b-9868-57a2d4851a1d" relativeResultsDirectory="360f22ba-4488-4e4c-a189-e09ad4c79e3c">
    </UnitTestResult>
    <UnitTestResult executionId="e0ce45ce-5bd5-4714-a92e-a6dc6db10420" testId="626e255c-bb2f-0974-17c4-02b1ec8a9b1c" testName="ApplyAndBuy_RegisteredUserNavigationToRetailCardOfferPageAndLinkVerification_SeeMoreBenefitsLinkVerifiedSuccessfully" computerName="MW00977477" testType="13cdc9d9-ddb5-4fa4-a97d-d965ccfc6d4b" outcome="NotExecuted" testListId="8c84fa94-04c1-424b-9868-57a2d4851a1d" relativeResultsDirectory="e0ce45ce-5bd5-4714-a92e-a6dc6db10420">
    </UnitTestResult>
    <UnitTestResult executionId="cb9fc373-e973-4529-88c7-3e162da61afd" testId="5699d43b-bfa7-481f-0474-9a9301ddbef0" testName="ApplyAndBuy_RegisteredUserNavigationToVisaCardConfirmationAndLinksVerification_LinksVerifiedSuccessfully" computerName="MW00977477" testType="13cdc9d9-ddb5-4fa4-a97d-d965ccfc6d4b" outcome="NotExecuted" testListId="8c84fa94-04c1-424b-9868-57a2d4851a1d" relativeResultsDirectory="cb9fc373-e973-4529-88c7-3e162da61afd">
    </UnitTestResult>
    <UnitTestResult executionId="00963bd9-9eb0-4a1b-9740-ea0d46e5c05c" testId="5bea4530-c796-d98c-b37e-0bf9834bb016" testName="ApplyAndBuy_RegisteredUserNavigationToVisaCardConfirmationAndPageHeaderAndFooterLinksVerification_HeaderAndFooterLinksVerifiedSuccessfully" computerName="MW00977477" testType="13cdc9d9-ddb5-4fa4-a97d-d965ccfc6d4b" outcome="NotExecuted" testListId="8c84fa94-04c1-424b-9868-57a2d4851a1d" relativeResultsDirectory="00963bd9-9eb0-4a1b-9740-ea0d46e5c05c">
    </UnitTestResult>
    <UnitTestResult executionId="a6b9bb56-d2f3-4629-b2bf-613a888e96e5" testId="ea181725-304e-4cc4-8bcb-5182bd646448" testName="ApplyAndBuy_RegisteredUserNavigationToVisaCardOfferPageAndLinkVerification_SeeMoreBenefitsLinkVerifiedSuccessfully" computerName="MW00977477" testType="13cdc9d9-ddb5-4fa4-a97d-d965ccfc6d4b" outcome="NotExecuted" testListId="8c84fa94-04c1-424b-9868-57a2d4851a1d" relativeResultsDirectory="a6b9bb56-d2f3-4629-b2bf-613a888e96e5">
    </UnitTestResult>
    <UnitTestResult executionId="9e426675-3e1c-4869-a249-19a0d5852f11" testId="2820d625-609e-8df1-be2e-54f45f94116b" testName="NavigationToLoyaltyWebPage_TenderNeutralEnrollAssociationFeatureFlagOn_UserLandOnLoyaltyWebPageSuccessful" computerName="MW00977477" testType="13cdc9d9-ddb5-4fa4-a97d-d965ccfc6d4b" outcome="NotExecuted" testListId="8c84fa94-04c1-424b-9868-57a2d4851a1d" relativeResultsDirectory="9e426675-3e1c-4869-a249-19a0d5852f11">
    </UnitTestResult>
    <UnitTestResult executionId="d968b4e6-3382-46b4-acc5-7cb47ff4381d" testId="4510ccf7-36db-8e02-5028-6ef595ef9238" testName="TenderNeutralAssociation_AlreadyAssociatedEnrolledCustomerComesToAssociationPageAsRecognizedUser_ShouldGetYouAreSetMessage" computerName="MW00977477" testType="13cdc9d9-ddb5-4fa4-a97d-d965ccfc6d4b" outcome="NotExecuted" testListId="8c84fa94-04c1-424b-9868-57a2d4851a1d" relativeResultsDirectory="d968b4e6-3382-46b4-acc5-7cb47ff4381d">
    </UnitTestResult>
    <UnitTestResult executionId="71ff69d3-3802-443c-b127-f7e94273cc95" testId="523b92f4-898d-7cc7-e689-d5975b8374ee" testName="TenderNeutralAssociation_AssociatedEnrollMemberTryToAssociateAgain_ShouldGetRightMessage" computerName="MW00977477" testType="13cdc9d9-ddb5-4fa4-a97d-d965ccfc6d4b" outcome="NotExecuted" testListId="8c84fa94-04c1-424b-9868-57a2d4851a1d" relativeResultsDirectory="71ff69d3-3802-443c-b127-f7e94273cc95">
    </UnitTestResult>
    <UnitTestResult executionId="f4bf887f-76ca-44a1-a13a-9bbeea54c33b" testId="ff928513-162d-e085-f145-dee35035d811" testName="TenderNeutralAssociation_AuthenticateddUserEnrolledFromStoreGoToWebAssociationPage_ShouldSucceed" computerName="MW00977477" testType="13cdc9d9-ddb5-4fa4-a97d-d965ccfc6d4b" outcome="NotExecuted" testListId="8c84fa94-04c1-424b-9868-57a2d4851a1d" relativeResultsDirectory="f4bf887f-76ca-44a1-a13a-9bbeea54c33b">
    </UnitTestResult>
    <UnitTestResult executionId="54b419e8-f0d5-46d0-acd9-129a8f689cfc" testId="56bc2a30-7431-366f-3cd8-0390dd04c1b6" testName="TenderNeutralAssociation_AuthenticatedUser_ConfirmationForNordAccountAndRewardsMembershipSuccessfullyLinked" computerName="MW00977477" testType="13cdc9d9-ddb5-4fa4-a97d-d965ccfc6d4b" outcome="NotExecuted" testListId="8c84fa94-04c1-424b-9868-57a2d4851a1d" relativeResultsDirectory="54b419e8-f0d5-46d0-acd9-129a8f689cfc">
    </UnitTestResult>
    <UnitTestResult executionId="06027402-2550-4286-ace9-155994b7dbb4" testId="e1e324d5-1895-b2a5-51fc-f5669f42b364" testName="TenderNeutralAssociation_AuthenticatedUserEnrolledinLoyaltyFromServiceCenterToToWebAssociationPage_ShouldSucceed" computerName="MW00977477" testType="13cdc9d9-ddb5-4fa4-a97d-d965ccfc6d4b" outcome="NotExecuted" testListId="8c84fa94-04c1-424b-9868-57a2d4851a1d" relativeResultsDirectory="06027402-2550-4286-ace9-155994b7dbb4">
    </UnitTestResult>
    <UnitTestResult executionId="a7c42fbc-d002-4ce8-b8b5-2bcd266aa555" testId="420b8e42-f39e-d346-0c12-1e07533b1984" testName="TenderNeutralAssociation_ClickOnLinksAndLogosRedirectedToCorresponingPageForAuthenticatedUser" computerName="MW00977477" testType="13cdc9d9-ddb5-4fa4-a97d-d965ccfc6d4b" outcome="NotExecuted" testListId="8c84fa94-04c1-424b-9868-57a2d4851a1d" relativeResultsDirectory="a7c42fbc-d002-4ce8-b8b5-2bcd266aa555">
    </UnitTestResult>
    <UnitTestResult executionId="0c3881ee-b3ba-4a0d-af86-d83ad45e95e0" testId="ddc0ef36-7f91-531c-b15e-3ce594d4effc" testName="TenderNeutralAssociation_EnrolledCustomerComesToAssociationPageUsingDifferentPhoneNumber_ShouldGetErrorMessage" computerName="MW00977477" testType="13cdc9d9-ddb5-4fa4-a97d-d965ccfc6d4b" outcome="NotExecuted" testListId="8c84fa94-04c1-424b-9868-57a2d4851a1d" relativeResultsDirectory="0c3881ee-b3ba-4a0d-af86-d83ad45e95e0">
    </UnitTestResult>
    <UnitTestResult executionId="247086ef-79e1-4340-b086-c722078162be" testId="bf20d9b1-26e6-819b-2980-c3bcb8cd5366" testName="TenderNeutralAssociation_ExistingLoyaltyCustomerComesToAssociationPageUsingDifferentWebAccount_ShouldGetErrorMessage" computerName="MW00977477" testType="13cdc9d9-ddb5-4fa4-a97d-d965ccfc6d4b" outcome="NotExecuted" testListId="8c84fa94-04c1-424b-9868-57a2d4851a1d" relativeResultsDirectory="247086ef-79e1-4340-b086-c722078162be">
    </UnitTestResult>
    <UnitTestResult executionId="41b26f12-b69e-459d-b8c1-46569630da4f" testId="191d4ad9-bdce-2138-a783-33aefedbfec7" testName="TenderNeutralAssociation_GuestUserEnrolledInLoyatyProgramFromServiceCenterGotoAssociationPage_ShouldSucceed" computerName="MW00977477" testType="13cdc9d9-ddb5-4fa4-a97d-d965ccfc6d4b" outcome="NotExecuted" testListId="8c84fa94-04c1-424b-9868-57a2d4851a1d" relativeResultsDirectory="41b26f12-b69e-459d-b8c1-46569630da4f">
    </UnitTestResult>
    <UnitTestResult executionId="07c5549b-c4af-4543-83ca-370ac5715f2d" testId="f99a3847-1f69-481e-31a1-d2fbcc2facd4" testName="TenderNeutralAssociation_PageContentShouldBeloadedSuccessfully" computerName="MW00977477" testType="13cdc9d9-ddb5-4fa4-a97d-d965ccfc6d4b" outcome="NotExecuted" testListId="8c84fa94-04c1-424b-9868-57a2d4851a1d" relativeResultsDirectory="07c5549b-c4af-4543-83ca-370ac5715f2d">
    </UnitTestResult>
    <UnitTestResult executionId="7626f34f-04e9-4827-8fd7-70ec84d3310e" testId="0e2f18c3-d10a-4d1b-1605-98e29230b088" testName="TenderNeutralAssociation_RecognizedUserEnrolledFromStoreGoToWebAssociationPage_ShouldSucceed" computerName="MW00977477" testType="13cdc9d9-ddb5-4fa4-a97d-d965ccfc6d4b" outcome="NotExecuted" testListId="8c84fa94-04c1-424b-9868-57a2d4851a1d" relativeResultsDirectory="7626f34f-04e9-4827-8fd7-70ec84d3310e">
    </UnitTestResult>
    <UnitTestResult executionId="069916c8-77a8-4580-9482-64154530d6ac" testId="07c18028-e476-f9b9-b536-4f84edee61f4" testName="TenderNeutralAssociation_RecognizedUserEnrolledinLoyaltyFromServiceCenterToToWebAssociationPage_ShouldSucceed" computerName="MW00977477" testType="13cdc9d9-ddb5-4fa4-a97d-d965ccfc6d4b" outcome="NotExecuted" testListId="8c84fa94-04c1-424b-9868-57a2d4851a1d" relativeResultsDirectory="069916c8-77a8-4580-9482-64154530d6ac">
    </UnitTestResult>
    <UnitTestResult executionId="76010de6-da67-4fb1-957f-4abb599df753" testId="0f205b7b-b7e4-d1b8-1e8c-26d1b4231555" testName="TenderNeutralAssociation_WebAccountAssociationFromStoreCustomer_ShouldSucceed" computerName="MW00977477" testType="13cdc9d9-ddb5-4fa4-a97d-d965ccfc6d4b" outcome="NotExecuted" testListId="8c84fa94-04c1-424b-9868-57a2d4851a1d" relativeResultsDirectory="76010de6-da67-4fb1-957f-4abb599df753">
    </UnitTestResult>
    <UnitTestResult executionId="728c0f51-c1a8-4a06-b0ec-2fd0e2b7fb2b" testId="460c058b-7131-2fcc-6c34-dc0936a6c442" testName="TenderNeutralAssociation_WebAssociatedEnrolledCustomerComesToAssociationPageAsRegisteredUser_ShouldGetYouAreSetMessage" computerName="MW00977477" testType="13cdc9d9-ddb5-4fa4-a97d-d965ccfc6d4b" outcome="NotExecuted" testListId="8c84fa94-04c1-424b-9868-57a2d4851a1d" relativeResultsDirectory="728c0f51-c1a8-4a06-b0ec-2fd0e2b7fb2b">
    </UnitTestResult>
    <UnitTestResult executionId="b90625a9-11ef-4f3a-b8b2-0b4503cc7ed7" testId="f7d013bf-844c-5140-5447-28322266c549" testName="TenderNeutralAssociation_WebAssociatedEnrollMemberTryToAssociateAgain_ShouldGetRightMessage" computerName="MW00977477" testType="13cdc9d9-ddb5-4fa4-a97d-d965ccfc6d4b" outcome="NotExecuted" testListId="8c84fa94-04c1-424b-9868-57a2d4851a1d" relativeResultsDirectory="b90625a9-11ef-4f3a-b8b2-0b4503cc7ed7">
    </UnitTestResult>
    <UnitTestResult executionId="65d16161-79f3-43d6-84c5-eed7e9396274" testId="58e6c602-14c2-9d55-77c9-65e620bc43e6" testName="TenderNeutralAssociationPage_TenderNeutralAssociationFeatureFlagOff_UserRedirectedToHomePage" computerName="MW00977477" testType="13cdc9d9-ddb5-4fa4-a97d-d965ccfc6d4b" outcome="NotExecuted" testListId="8c84fa94-04c1-424b-9868-57a2d4851a1d" relativeResultsDirectory="65d16161-79f3-43d6-84c5-eed7e9396274">
    </UnitTestResult>
    <UnitTestResult executionId="2e71bc58-5f5e-46a6-87cb-6e13afb75a44" testId="0fb17184-6c18-b606-f6a7-af0c56cff16d" testName="TenderNeutralEarn_AuthenticatedUserNotLinkedNordAccountAndTNNumber_ClickingOnEarnPointsLinkOpenedupTheModuleSuccessfully" computerName="MW00977477" testType="13cdc9d9-ddb5-4fa4-a97d-d965ccfc6d4b" outcome="NotExecuted" testListId="8c84fa94-04c1-424b-9868-57a2d4851a1d" relativeResultsDirectory="2e71bc58-5f5e-46a6-87cb-6e13afb75a44">
    </UnitTestResult>
    <UnitTestResult executionId="289f1278-e915-4822-a5a1-d9cf542efcea" testId="57d2f222-dabf-1931-f74a-107500e05da4" testName="TenderNeutralEarn_AuthenticatedUserNotLinkedNordAccountAndTNNumber_ClickingOnPayNordCardLinkNavigatesToPaymentSectionSuccessfully" computerName="MW00977477" testType="13cdc9d9-ddb5-4fa4-a97d-d965ccfc6d4b" outcome="NotExecuted" testListId="8c84fa94-04c1-424b-9868-57a2d4851a1d" relativeResultsDirectory="289f1278-e915-4822-a5a1-d9cf542efcea">
    </UnitTestResult>
    <UnitTestResult executionId="7ca1e337-3a1f-45f8-96fa-c9f4263596b5" testId="5c6698e8-7f51-b362-71a2-8ce939c3580d" testName="TenderNeutralEarn_AuthenticatedUserNotLinkedNordAccountAndTNNumber_RewardsSectionDispayedInOrderSubmitPage" computerName="MW00977477" testType="13cdc9d9-ddb5-4fa4-a97d-d965ccfc6d4b" outcome="NotExecuted" testListId="8c84fa94-04c1-424b-9868-57a2d4851a1d" relativeResultsDirectory="7ca1e337-3a1f-45f8-96fa-c9f4263596b5">
    </UnitTestResult>
    <UnitTestResult executionId="e7175134-8ce9-453f-b1de-a9d222f8ee7d" testId="127aa9dd-cc04-d0e2-0746-e44f2e070db9" testName="TenderNeutralEarn_AuthenticatedUserSeesRewardsSectionInOrderSubmitPage_Successfully" computerName="MW00977477" testType="13cdc9d9-ddb5-4fa4-a97d-d965ccfc6d4b" outcome="NotExecuted" testListId="8c84fa94-04c1-424b-9868-57a2d4851a1d" relativeResultsDirectory="e7175134-8ce9-453f-b1de-a9d222f8ee7d">
    </UnitTestResult>
    <UnitTestResult executionId="c35b6c6d-0dd3-45c3-931f-2f65ecb3c31d" testId="08bfd4d5-ccd5-3644-2ed4-aa87ee903c9f" testName="TenderNeutralEarn_EnrolledGuestUser_RewardsSectionNotDispayedInOrderSubmitPage" computerName="MW00977477" testType="13cdc9d9-ddb5-4fa4-a97d-d965ccfc6d4b" outcome="NotExecuted" testListId="8c84fa94-04c1-424b-9868-57a2d4851a1d" relativeResultsDirectory="c35b6c6d-0dd3-45c3-931f-2f65ecb3c31d">
    </UnitTestResult>
    <UnitTestResult executionId="dfbea5b8-8af1-4596-9440-3d467fbb16c3" testId="ab97186a-ec5a-c908-5c1d-428ddbe44d2b" testName="TenderNeutralEarn_GuestUserCannotSeeRewardsSectionInOrderSubmitPage_Successfully" computerName="MW00977477" testType="13cdc9d9-ddb5-4fa4-a97d-d965ccfc6d4b" outcome="NotExecuted" testListId="8c84fa94-04c1-424b-9868-57a2d4851a1d" relativeResultsDirectory="dfbea5b8-8af1-4596-9440-3d467fbb16c3">
    </UnitTestResult>
    <UnitTestResult executionId="e13e5b68-d18b-44c6-b0d6-4100702f1892" testId="1b9e4056-ae08-6178-83f0-22316d897d12" testName="TenderNeutralEarn_RecognisedUserCanSeeRewardsSectionInOrderSubmitPageAfterSignInFromCheckout_Successfully" computerName="MW00977477" testType="13cdc9d9-ddb5-4fa4-a97d-d965ccfc6d4b" outcome="NotExecuted" testListId="8c84fa94-04c1-424b-9868-57a2d4851a1d" relativeResultsDirectory="e13e5b68-d18b-44c6-b0d6-4100702f1892">
    </UnitTestResult>
    <UnitTestResult executionId="d806b15a-99b2-4a23-8a89-0b57b9d2c562" testId="4fc82fd8-184f-1840-0105-855fe51690c6" testName="TenderNeutralEarn_RegisteredSigningInAsGuestCanSeeRewardsSectionInOrderSubmitPage_Successfully" computerName="MW00977477" testType="13cdc9d9-ddb5-4fa4-a97d-d965ccfc6d4b" outcome="NotExecuted" testListId="8c84fa94-04c1-424b-9868-57a2d4851a1d" relativeResultsDirectory="d806b15a-99b2-4a23-8a89-0b57b9d2c562">
    </UnitTestResult>
    <UnitTestResult executionId="b5f22b38-bc75-4b66-86cc-18e860ef7a3a" testId="396e64f4-4b9f-1a79-1cda-28380d13b0bc" testName="LoyaltyLearnPage_ClickAlterationsLinkOnLearnPage_NavigatesToBenifitsPageSucessfully" computerName="MW00977477" testType="13cdc9d9-ddb5-4fa4-a97d-d965ccfc6d4b" outcome="NotExecuted" testListId="8c84fa94-04c1-424b-9868-57a2d4851a1d" relativeResultsDirectory="b5f22b38-bc75-4b66-86cc-18e860ef7a3a">
    </UnitTestResult>
    <UnitTestResult executionId="63a801be-f997-4192-859a-92be2451767b" testId="cca0fcc7-ae32-cae3-80e1-d419dbf11c2f" testName="LoyaltyLearnPage_ClickAnniversarySaleEarlyAccessLink_RedirectToRelevantPageSuccessfully" computerName="MW00977477" testType="13cdc9d9-ddb5-4fa4-a97d-d965ccfc6d4b" outcome="NotExecuted" testListId="8c84fa94-04c1-424b-9868-57a2d4851a1d" relativeResultsDirectory="63a801be-f997-4192-859a-92be2451767b">
    </UnitTestResult>
    <UnitTestResult executionId="69cafabc-6899-4fed-8494-320b45e327df" testId="85cd42cc-a7e8-0a2a-4d93-d04e6a850a49" testName="LoyaltyLearnPage_ClickExclusiveBenefitsOnLearnPage_NavigatesToBenifitsPage" computerName="MW00977477" testType="13cdc9d9-ddb5-4fa4-a97d-d965ccfc6d4b" outcome="NotExecuted" testListId="8c84fa94-04c1-424b-9868-57a2d4851a1d" relativeResultsDirectory="69cafabc-6899-4fed-8494-320b45e327df">
    </UnitTestResult>
    <UnitTestResult executionId="8f921f0b-1e0e-4da1-b13a-a1ea85d56eea" testId="79b567e2-f99e-8fc8-39fc-28d1643a0d21" testName="LoyaltyLearnPage_ClickGiveUsFeedbackLink_NavigatesToRelevantPageSuccessfully" computerName="MW00977477" testType="13cdc9d9-ddb5-4fa4-a97d-d965ccfc6d4b" outcome="NotExecuted" testListId="8c84fa94-04c1-424b-9868-57a2d4851a1d" relativeResultsDirectory="8f921f0b-1e0e-4da1-b13a-a1ea85d56eea">
    </UnitTestResult>
    <UnitTestResult executionId="4b37b2fd-34a1-487c-b6fe-dd2971603fab" testId="b7e89f3b-eb65-20d1-c839-79102d768b48" testName="LoyaltyLearnPage_ClickOnBecomeAMemberLink_NavigatesToRelevantPageSuccessfully" computerName="MW00977477" testType="13cdc9d9-ddb5-4fa4-a97d-d965ccfc6d4b" outcome="NotExecuted" testListId="8c84fa94-04c1-424b-9868-57a2d4851a1d" relativeResultsDirectory="4b37b2fd-34a1-487c-b6fe-dd2971603fab">
    </UnitTestResult>
    <UnitTestResult executionId="9623ef90-8025-4365-be1d-4909615d0ed5" testId="ef8e8c46-de6b-76b6-9c0f-cdce9dce6662" testName="LoyaltyLearnPage_ClickPersonalTriplePointsDayLinkOnLearnPage_NavigatesToBenifitsPage" computerName="MW00977477" testType="13cdc9d9-ddb5-4fa4-a97d-d965ccfc6d4b" outcome="NotExecuted" testListId="8c84fa94-04c1-424b-9868-57a2d4851a1d" relativeResultsDirectory="9623ef90-8025-4365-be1d-4909615d0ed5">
    </UnitTestResult>
    <UnitTestResult executionId="fc99ca26-fc6b-4004-936f-e2249bfb0c36" testId="ac89fe1d-27a2-5a25-ac33-e635cfdb3c90" testName="LoyaltyLearnPage_ClickPrivacyPolicy_NavigatesToRelevantPageSuccessfully" computerName="MW00977477" testType="13cdc9d9-ddb5-4fa4-a97d-d965ccfc6d4b" outcome="NotExecuted" testListId="8c84fa94-04c1-424b-9868-57a2d4851a1d" relativeResultsDirectory="fc99ca26-fc6b-4004-936f-e2249bfb0c36">
    </UnitTestResult>
    <UnitTestResult executionId="61ff9574-7c80-4233-bb08-db974e667a51" testId="5b4f0f6b-7500-9d3a-dc13-e34405e8b22f" testName="LoyaltyLearnPage_ClickRewardsTermsAndConditionsLink_NavigatesToRelevantPageSuccessfully" computerName="MW00977477" testType="13cdc9d9-ddb5-4fa4-a97d-d965ccfc6d4b" outcome="NotExecuted" testListId="8c84fa94-04c1-424b-9868-57a2d4851a1d" relativeResultsDirectory="61ff9574-7c80-4233-bb08-db974e667a51">
    </UnitTestResult>
    <UnitTestResult executionId="edd0879c-91ae-4695-82df-2eaf4c2271c9" testId="e8313b37-cad0-8bea-af01-abb87214c79f" testName="LoyaltyLearnPage_ClickSignInLink_NavigatesToSignInPageSuccessfully" computerName="MW00977477" testType="13cdc9d9-ddb5-4fa4-a97d-d965ccfc6d4b" outcome="NotExecuted" testListId="8c84fa94-04c1-424b-9868-57a2d4851a1d" relativeResultsDirectory="edd0879c-91ae-4695-82df-2eaf4c2271c9">
    </UnitTestResult>
    <UnitTestResult executionId="15aadaab-c02e-4234-b3cf-ce55d4ce8176" testId="2379f2a4-5f07-a34f-3a1d-5e919cd412d7" testName="LoyaltyLearnPage_ClickVIPAccessToInstoreEventsLink_NavigateToRelevantPageSuccessfully" computerName="MW00977477" testType="13cdc9d9-ddb5-4fa4-a97d-d965ccfc6d4b" outcome="NotExecuted" testListId="8c84fa94-04c1-424b-9868-57a2d4851a1d" relativeResultsDirectory="15aadaab-c02e-4234-b3cf-ce55d4ce8176">
    </UnitTestResult>
    <UnitTestResult executionId="6b8a2c57-bb8e-43d3-82b4-8549945bfcd2" testId="5e694850-8294-57c8-4195-a3f1001f6ca7" testName="LoyaltyLearnPage_WhenTypeRightURL_ShouldRenderLearnPage" computerName="MW00977477" testType="13cdc9d9-ddb5-4fa4-a97d-d965ccfc6d4b" outcome="NotExecuted" testListId="8c84fa94-04c1-424b-9868-57a2d4851a1d" relativeResultsDirectory="6b8a2c57-bb8e-43d3-82b4-8549945bfcd2">
    </UnitTestResult>
    <UnitTestResult executionId="7cc48c47-f3ca-491f-98c4-ac62b8fe2e32" testId="2d317ff8-6ca3-bc10-25ad-dac6170b3fb0" testName="NavigationToLoyaltyWebPage_TenderNeutralEnrollFeatureFlagOff_UserRedirectedToHomePage" computerName="MW00977477" testType="13cdc9d9-ddb5-4fa4-a97d-d965ccfc6d4b" outcome="NotExecuted" testListId="8c84fa94-04c1-424b-9868-57a2d4851a1d" relativeResultsDirectory="7cc48c47-f3ca-491f-98c4-ac62b8fe2e32">
    </UnitTestResult>
    <UnitTestResult executionId="0ff6038d-695a-4394-a2f6-fdc8e6dd9a4c" testId="1898efd5-196a-37ac-00c2-cf7bfac58602" testName="NavigationToLoyaltyWebPage_TenderNeutralEnrollFeatureFlagOn_UserLandOnLoyaltyWebPageSuccessful" computerName="MW00977477" testType="13cdc9d9-ddb5-4fa4-a97d-d965ccfc6d4b" outcome="NotExecuted" testListId="8c84fa94-04c1-424b-9868-57a2d4851a1d" relativeResultsDirectory="0ff6038d-695a-4394-a2f6-fdc8e6dd9a4c">
    </UnitTestResult>
    <UnitTestResult executionId="ae4b1008-f17e-4d62-948d-916525888c9d" testId="9cf5e211-bf76-77a7-1a51-2660dd37747b" testName="TenderNeutralRewardsEnroll_AuthenticatedUserVerifyLinksOnThePage_LinksShouldNavigatetoCorrectUrls" computerName="MW00977477" testType="13cdc9d9-ddb5-4fa4-a97d-d965ccfc6d4b" outcome="NotExecuted" testListId="8c84fa94-04c1-424b-9868-57a2d4851a1d" relativeResultsDirectory="ae4b1008-f17e-4d62-948d-916525888c9d">
    </UnitTestResult>
    <UnitTestResult executionId="78780864-6b86-439f-b7c5-59c1c340a56b" testId="1162438d-489e-5b8c-425b-42278f400ae0" testName="TenderNeutralRewardsEnroll_EnrollingRecognizedUser_ShouldPassInEnroll" computerName="MW00977477" testType="13cdc9d9-ddb5-4fa4-a97d-d965ccfc6d4b" outcome="NotExecuted" testListId="8c84fa94-04c1-424b-9868-57a2d4851a1d" relativeResultsDirectory="78780864-6b86-439f-b7c5-59c1c340a56b">
    </UnitTestResult>
    <UnitTestResult executionId="5b13e4dd-0575-44de-86fd-ebe56d824851" testId="d4e6916d-b5c3-4e34-a42a-88ee7c6ccaa9" testName="TenderNeutralRewardsEnroll_EnrollingWebAuthenticatedUser_LoyaltyWebAccountCreatedSuccessfully" computerName="MW00977477" testType="13cdc9d9-ddb5-4fa4-a97d-d965ccfc6d4b" outcome="NotExecuted" testListId="8c84fa94-04c1-424b-9868-57a2d4851a1d" relativeResultsDirectory="5b13e4dd-0575-44de-86fd-ebe56d824851">
    </UnitTestResult>
    <UnitTestResult executionId="d0a4bf45-b4de-4a84-97d6-4b1f41e38734" testId="d2a5ca71-63b3-74b7-abd6-f4ce50c7e642" testName="TenderNeutralRewardsEnroll_EnrollingWebGuestUserWithMoreThan16CharactersInFirstName_ThrowsError" computerName="MW00977477" testType="13cdc9d9-ddb5-4fa4-a97d-d965ccfc6d4b" outcome="NotExecuted" testListId="8c84fa94-04c1-424b-9868-57a2d4851a1d" relativeResultsDirectory="d0a4bf45-b4de-4a84-97d6-4b1f41e38734">
    </UnitTestResult>
    <UnitTestResult executionId="ceaeb3dc-1daa-418f-bafb-fae44cc419a2" testId="ed78253e-5e7b-e7fd-c865-316f069a0d67" testName="TenderNeutralRewardsEnroll_EnrollingWebGuestUserWithMoreThan16CharactersInLastName_ThrowsError" computerName="MW00977477" testType="13cdc9d9-ddb5-4fa4-a97d-d965ccfc6d4b" outcome="NotExecuted" testListId="8c84fa94-04c1-424b-9868-57a2d4851a1d" relativeResultsDirectory="ceaeb3dc-1daa-418f-bafb-fae44cc419a2">
    </UnitTestResult>
    <UnitTestResult executionId="71077ac5-0a6c-4339-8a45-3c6756b83795" testId="4d638e32-5855-1388-3e9e-cde5f0a77c27" testName="TenderNeutralRewardsEnroll_EnrollingWebGuestUserWithSpecialCharacterInFirstName_ThrowsError" computerName="MW00977477" testType="13cdc9d9-ddb5-4fa4-a97d-d965ccfc6d4b" outcome="NotExecuted" testListId="8c84fa94-04c1-424b-9868-57a2d4851a1d" relativeResultsDirectory="71077ac5-0a6c-4339-8a45-3c6756b83795">
    </UnitTestResult>
    <UnitTestResult executionId="946c15c7-463f-401a-92aa-255ec0190bd9" testId="d8d2522c-d687-f307-5915-98cd323cb3f9" testName="TenderNeutralRewardsEnroll_EnrollingWebGuestUserWithSpecialCharacterInLastName_ThrowsError" computerName="MW00977477" testType="13cdc9d9-ddb5-4fa4-a97d-d965ccfc6d4b" outcome="NotExecuted" testListId="8c84fa94-04c1-424b-9868-57a2d4851a1d" relativeResultsDirectory="946c15c7-463f-401a-92aa-255ec0190bd9">
    </UnitTestResult>
    <UnitTestResult executionId="013c8557-7040-4703-957c-0d8cadc38180" testId="dc336b25-76b0-1ed1-8abe-705617b468be" testName="TenderNeutralRewardsEnroll_GuestUserVerifyLinksOnThePage_LinksShouldNavigatetoCorrectUrls" computerName="MW00977477" testType="13cdc9d9-ddb5-4fa4-a97d-d965ccfc6d4b" outcome="NotExecuted" testListId="8c84fa94-04c1-424b-9868-57a2d4851a1d" relativeResultsDirectory="013c8557-7040-4703-957c-0d8cadc38180">
    </UnitTestResult>
    <UnitTestResult executionId="cdeb0ceb-50f2-4dfc-b531-cc38d71ee28d" testId="d3ba0755-91e1-30c5-315a-f25399e3023a" testName="TenderNeutralRewardsEnroll_LoyaltyTenderNeutralGuestUserConfirmPasswordField_MismatchErrorMessageDisplayedSuccessfully" computerName="MW00977477" testType="13cdc9d9-ddb5-4fa4-a97d-d965ccfc6d4b" outcome="NotExecuted" testListId="8c84fa94-04c1-424b-9868-57a2d4851a1d" relativeResultsDirectory="cdeb0ceb-50f2-4dfc-b531-cc38d71ee28d">
    </UnitTestResult>
    <UnitTestResult executionId="a8f0c8ff-031e-4c65-adbc-f9b4ce50989f" testId="c9d681f3-7d2a-3b30-6a06-24588c794ac5" testName="TenderNeutralRewardsEnroll_LoyaltyTenderNeutralGuestUserEmailField_ErrorMessageDisplayedSuccessfully" computerName="MW00977477" testType="13cdc9d9-ddb5-4fa4-a97d-d965ccfc6d4b" outcome="NotExecuted" testListId="8c84fa94-04c1-424b-9868-57a2d4851a1d" relativeResultsDirectory="a8f0c8ff-031e-4c65-adbc-f9b4ce50989f">
    </UnitTestResult>
    <UnitTestResult executionId="b365edfd-1c46-4505-a141-8b16710cb65e" testId="b6897335-ba4e-a142-6fbc-5f99f55eddfb" testName="TenderNeutralRewardsEnroll_LoyaltyTenderNeutralGuestUserInvalidPhoneNumberFieldEntry_ErrorMessageDisplayedSuccessfully" computerName="MW00977477" testType="13cdc9d9-ddb5-4fa4-a97d-d965ccfc6d4b" outcome="NotExecuted" testListId="8c84fa94-04c1-424b-9868-57a2d4851a1d" relativeResultsDirectory="b365edfd-1c46-4505-a141-8b16710cb65e">
    </UnitTestResult>
    <UnitTestResult executionId="13bfec25-c8bb-4c19-85df-a37658807b5b" testId="98f3b8cc-a409-a327-2cce-f0ebee095d09" testName="TenderNeutralRewardsEnroll_LoyaltyTenderNeutralGuestUserPasswordFieldSpecialCharactersEntry_ErrorMessageDisplayedSuccessfully" computerName="MW00977477" testType="13cdc9d9-ddb5-4fa4-a97d-d965ccfc6d4b" outcome="NotExecuted" testListId="8c84fa94-04c1-424b-9868-57a2d4851a1d" relativeResultsDirectory="13bfec25-c8bb-4c19-85df-a37658807b5b">
    </UnitTestResult>
    <UnitTestResult executionId="cf19e1ea-00f9-4020-a6c9-fd926f70b7cc" testId="c0b34bd0-4b58-a51d-1f25-53756c16dc68" testName="TenderNeutralRewardsEnroll_LoyaltyTenderNeutralGuestUserPhoneNumberFieldSpecialCharactersEntry_ErrorMessageDisplayedSuccessfully" computerName="MW00977477" testType="13cdc9d9-ddb5-4fa4-a97d-d965ccfc6d4b" outcome="NotExecuted" testListId="8c84fa94-04c1-424b-9868-57a2d4851a1d" relativeResultsDirectory="cf19e1ea-00f9-4020-a6c9-fd926f70b7cc">
    </UnitTestResult>
    <UnitTestResult executionId="7dfa00ca-9316-4745-8d87-a2144a3e6b35" testId="f70e1f82-15d8-1be1-b2b4-b9f0d083e660" testName="TenderNeutralRewardsEnroll_LoyaltyTenderNeutralRegisteredAuthenticatedUser_EmailPrePopulationVerificationSuccessful" computerName="MW00977477" testType="13cdc9d9-ddb5-4fa4-a97d-d965ccfc6d4b" outcome="NotExecuted" testListId="8c84fa94-04c1-424b-9868-57a2d4851a1d" relativeResultsDirectory="7dfa00ca-9316-4745-8d87-a2144a3e6b35">
    </UnitTestResult>
    <UnitTestResult executionId="ccd97695-2bf0-45f6-b326-a40f7a787188" testId="5c6e6cca-5cd4-1632-9ca1-9c14b9dbd1c4" testName="TenderNeutralRewardsEnroll_LoyaltyTenderNeutralRegisteredAuthenticatedUser_MandatoryFieldsDisplaySuccessful" computerName="MW00977477" testType="13cdc9d9-ddb5-4fa4-a97d-d965ccfc6d4b" outcome="NotExecuted" testListId="8c84fa94-04c1-424b-9868-57a2d4851a1d" relativeResultsDirectory="ccd97695-2bf0-45f6-b326-a40f7a787188">
    </UnitTestResult>
    <UnitTestResult executionId="3774210f-c235-4b79-880c-210509d3a407" testId="12446332-be04-0a8f-d8db-23e5eb680c27" testName="TenderNeutralRewardsEnroll_LoyaltyTenderNeutralUnrecognisedUserLeaveFieldsBlank_ErrorMessageDisplayedSuccessfully" computerName="MW00977477" testType="13cdc9d9-ddb5-4fa4-a97d-d965ccfc6d4b" outcome="NotExecuted" testListId="8c84fa94-04c1-424b-9868-57a2d4851a1d" relativeResultsDirectory="3774210f-c235-4b79-880c-210509d3a407">
    </UnitTestResult>
    <UnitTestResult executionId="bcface63-d524-4624-8765-bb0d7756b6cd" testId="eaf85329-ca0a-c954-261a-a3bcb16c9517" testName="TenderNeutralRewardsEnroll_LoyaltyTenderNeutralUnrecognisedUserLeaveFirstNameFieldBlank_ErrorMessageDisplayedSuccessfully" computerName="MW00977477" testType="13cdc9d9-ddb5-4fa4-a97d-d965ccfc6d4b" outcome="NotExecuted" testListId="8c84fa94-04c1-424b-9868-57a2d4851a1d" relativeResultsDirectory="bcface63-d524-4624-8765-bb0d7756b6cd">
    </UnitTestResult>
    <UnitTestResult executionId="f4557e19-f237-405d-9594-257b1f4a86f7" testId="32087f87-3ab9-f41c-43c0-e6fe3bc56d49" testName="TenderNeutralRewardsEnroll_LoyaltyTenderNeutralUnrecognisedUserLeaveFirstNameFieldBlankTabOut_ErrorMessageDisplayedSuccessfully" computerName="MW00977477" testType="13cdc9d9-ddb5-4fa4-a97d-d965ccfc6d4b" outcome="NotExecuted" testListId="8c84fa94-04c1-424b-9868-57a2d4851a1d" relativeResultsDirectory="f4557e19-f237-405d-9594-257b1f4a86f7">
    </UnitTestResult>
    <UnitTestResult executionId="37af4d7c-b8c7-48c7-8771-fdc6694d2823" testId="cf957190-74f0-1644-0567-383976a0bbbf" testName="TenderNeutralRewardsEnroll_LoyaltyTenderNeutralUnrecognisedUserLeaveLastNameFieldBlank_ErrorMessageDisplayedSuccessfully" computerName="MW00977477" testType="13cdc9d9-ddb5-4fa4-a97d-d965ccfc6d4b" outcome="NotExecuted" testListId="8c84fa94-04c1-424b-9868-57a2d4851a1d" relativeResultsDirectory="37af4d7c-b8c7-48c7-8771-fdc6694d2823">
    </UnitTestResult>
    <UnitTestResult executionId="c85667b9-62ec-46b0-8ece-07c903d46425" testId="f8f31b6e-9a57-18ef-ecb2-7d1dc23e1ba3" testName="TenderNeutralRewardsEnroll_LoyaltyTenderNeutralUnrecognisedUserLeavePasswordFieldBlank_ErrorMessageDisplayedSuccessfully" computerName="MW00977477" testType="13cdc9d9-ddb5-4fa4-a97d-d965ccfc6d4b" outcome="NotExecuted" testListId="8c84fa94-04c1-424b-9868-57a2d4851a1d" relativeResultsDirectory="c85667b9-62ec-46b0-8ece-07c903d46425">
    </UnitTestResult>
    <UnitTestResult executionId="8443758e-09d3-4576-9824-b998a1536c52" testId="2c5acb84-e512-ccac-4b8b-8ea6b0d3920c" testName="TenderNeutralRewardsEnroll_LoyaltyTenderNeutralUnrecognisedUserLeavePhoneNumberFieldBlank_ErrorMessageDisplayedSuccessfully" computerName="MW00977477" testType="13cdc9d9-ddb5-4fa4-a97d-d965ccfc6d4b" outcome="NotExecuted" testListId="8c84fa94-04c1-424b-9868-57a2d4851a1d" relativeResultsDirectory="8443758e-09d3-4576-9824-b998a1536c52">
    </UnitTestResult>
    <UnitTestResult executionId="3cc8e94e-649c-4ae8-85f6-4264e1737968" testId="3328ea28-7cd9-8126-b497-abe963133f32" testName="TenderNeutralRewardsEnroll_LoyaltyTNAuthenticatedUserLeaveFieldsBlank_ErrorMessageDisplayedSuccessfully" computerName="MW00977477" testType="13cdc9d9-ddb5-4fa4-a97d-d965ccfc6d4b" outcome="NotExecuted" testListId="8c84fa94-04c1-424b-9868-57a2d4851a1d" relativeResultsDirectory="3cc8e94e-649c-4ae8-85f6-4264e1737968">
    </UnitTestResult>
    <UnitTestResult executionId="2850e2c4-8749-4383-adb5-603d53af97e6" testId="f10986fe-03bc-a93b-c860-23e4c247fc73" testName="TenderNeutralRewardsEnroll_LoyaltyTNGuestUser_ErrorMessageVanishesOnValidEntry" computerName="MW00977477" testType="13cdc9d9-ddb5-4fa4-a97d-d965ccfc6d4b" outcome="NotExecuted" testListId="8c84fa94-04c1-424b-9868-57a2d4851a1d" relativeResultsDirectory="2850e2c4-8749-4383-adb5-603d53af97e6">
    </UnitTestResult>
    <UnitTestResult executionId="ce499b66-0d6c-4d92-9d4c-20adfa57b5c0" testId="62822ede-d7ae-a303-deb5-5de2d01d3518" testName="TenderNeutralRewardsEnroll_LoyaltyTNRecognisedUserLeaveFieldsBlank_ErrorMessageDisplayedSuccessfully" computerName="MW00977477" testType="13cdc9d9-ddb5-4fa4-a97d-d965ccfc6d4b" outcome="NotExecuted" testListId="8c84fa94-04c1-424b-9868-57a2d4851a1d" relativeResultsDirectory="ce499b66-0d6c-4d92-9d4c-20adfa57b5c0">
    </UnitTestResult>
    <UnitTestResult executionId="fea03bd5-93b9-4d45-9261-7f66453edb96" testId="d4223cb2-795f-acc3-97c9-3a959ae1fbec" testName="TenderNeutralRewardsEnroll_MarketingPreferenceForAuthenticatedUser_MarketingPreferenceNotDisplayed" computerName="MW00977477" testType="13cdc9d9-ddb5-4fa4-a97d-d965ccfc6d4b" outcome="NotExecuted" testListId="8c84fa94-04c1-424b-9868-57a2d4851a1d" relativeResultsDirectory="fea03bd5-93b9-4d45-9261-7f66453edb96">
    </UnitTestResult>
    <UnitTestResult executionId="1f19ee06-f028-42ee-a7e2-8f26847a5b20" testId="01347002-569a-eb94-de92-c8249c2837bc" testName="TenderNeutralRewardsEnroll_MarketingPreferenceForRecognizedUser_MarketingPreferenceNotDisplayed" computerName="MW00977477" testType="13cdc9d9-ddb5-4fa4-a97d-d965ccfc6d4b" outcome="NotExecuted" testListId="8c84fa94-04c1-424b-9868-57a2d4851a1d" relativeResultsDirectory="1f19ee06-f028-42ee-a7e2-8f26847a5b20">
    </UnitTestResult>
    <UnitTestResult executionId="e2ca47b4-d256-4fcc-b329-bd59862cb065" testId="62c23b49-01d5-ec14-64fa-60b14f5b3266" testName="TenderNeutralRewardsEnroll_MultipleUserScenariosBasic_EnrollShouldBeSucceedInTheEnd" computerName="MW00977477" testType="13cdc9d9-ddb5-4fa4-a97d-d965ccfc6d4b" outcome="NotExecuted" testListId="8c84fa94-04c1-424b-9868-57a2d4851a1d" relativeResultsDirectory="e2ca47b4-d256-4fcc-b329-bd59862cb065">
    </UnitTestResult>
    <UnitTestResult executionId="2f12f5d0-81f6-4ce0-afdf-ee89dfb0537f" testId="e870b60f-b9cd-9456-770e-be1a0622deb5" testName="TenderNeutralRewardsEnroll_RecognizedUserVerifyLinksOnThePage_LinksShouldNavigatetoCorrectUrls" computerName="MW00977477" testType="13cdc9d9-ddb5-4fa4-a97d-d965ccfc6d4b" outcome="NotExecuted" testListId="8c84fa94-04c1-424b-9868-57a2d4851a1d" relativeResultsDirectory="2f12f5d0-81f6-4ce0-afdf-ee89dfb0537f">
    </UnitTestResult>
    <UnitTestResult executionId="de509c6c-b51d-4e09-8f7b-e7c1f1c36481" testId="b9382f39-7336-6f35-11b0-2a8908162fac" testName="TenderNeutralRewardsRegister_GuestUserEnrollAsExistingAccountWhenHaveNoExistingWebAccount_ShouldFailInEnroll" computerName="MW00977477" testType="13cdc9d9-ddb5-4fa4-a97d-d965ccfc6d4b" outcome="NotExecuted" testListId="8c84fa94-04c1-424b-9868-57a2d4851a1d" relativeResultsDirectory="de509c6c-b51d-4e09-8f7b-e7c1f1c36481">
    </UnitTestResult>
    <UnitTestResult executionId="cd79072e-e105-4430-8c79-71c2bdddc6e4" testId="0d9db47e-d139-26d1-245c-06168dee7980" testName="TenderNeutralRewardsRegister_GuestUserEnrollsWithExistingWebAccount_ShouldFailInEnroll" computerName="MW00977477" testType="13cdc9d9-ddb5-4fa4-a97d-d965ccfc6d4b" outcome="NotExecuted" testListId="8c84fa94-04c1-424b-9868-57a2d4851a1d" relativeResultsDirectory="cd79072e-e105-4430-8c79-71c2bdddc6e4">
    </UnitTestResult>
    <UnitTestResult executionId="e1305a2f-44ff-47f6-ab6f-2ff6bef30c76" testId="8f46b4dc-24ba-0a98-6e75-5962fc8b7e13" testName="TenderNeutralRewardsRegister_GuestUserEnrollWhenEmailPreferenceCheckboxUnchecked_ShouldFailEnroll" computerName="MW00977477" testType="13cdc9d9-ddb5-4fa4-a97d-d965ccfc6d4b" outcome="NotExecuted" testListId="8c84fa94-04c1-424b-9868-57a2d4851a1d" relativeResultsDirectory="e1305a2f-44ff-47f6-ab6f-2ff6bef30c76">
    </UnitTestResult>
    <UnitTestResult executionId="92df26bb-e51f-4b2b-867f-0b283b6e153a" testId="a6eb5918-3ab1-9078-7b27-8e40be1748bf" testName="TenderNeutralRewardsRegister_GuestUserEnrollWithExistingEmailButDifferentPhoneNumberInTheLoyaltyProgram_ShouldFailInEnroll" computerName="MW00977477" testType="13cdc9d9-ddb5-4fa4-a97d-d965ccfc6d4b" outcome="NotExecuted" testListId="8c84fa94-04c1-424b-9868-57a2d4851a1d" relativeResultsDirectory="92df26bb-e51f-4b2b-867f-0b283b6e153a">
    </UnitTestResult>
    <UnitTestResult executionId="9a12ab28-2e46-4580-9d01-58156b1d22f2" testId="16b9e740-57f9-b3e8-d3d8-86b65bd85034" testName="TenderNeutralRewardsRegister_GuestUserEnrollWithExistingPhoneAndEmailinEnrollProgram_ShouldFailInEnroll" computerName="MW00977477" testType="13cdc9d9-ddb5-4fa4-a97d-d965ccfc6d4b" outcome="NotExecuted" testListId="8c84fa94-04c1-424b-9868-57a2d4851a1d" relativeResultsDirectory="9a12ab28-2e46-4580-9d01-58156b1d22f2">
    </UnitTestResult>
    <UnitTestResult executionId="2e83087d-f04b-48ea-a456-7340b297a733" testId="156ad963-ef4e-d174-5b3c-8f7b12cb6828" testName="TenderNeutralRewardsRegister_GuestUserEnrollWithExistingPhoneButDifferentEmailinEnrollProgram_ShouldFailInEnroll" computerName="MW00977477" testType="13cdc9d9-ddb5-4fa4-a97d-d965ccfc6d4b" outcome="NotExecuted" testListId="8c84fa94-04c1-424b-9868-57a2d4851a1d" relativeResultsDirectory="2e83087d-f04b-48ea-a456-7340b297a733">
    </UnitTestResult>
    <UnitTestResult executionId="8c791a29-bf19-442f-be21-3a57e30a2400" testId="3de12998-9393-9903-170e-284355b304ad" testName="TenderNeutralRewardsRegister_GuestUserRegisterWithShorterPhoneNumber_ShouldGetEnrollErrorMessageButWebAccountCreatedSuccessfully" computerName="MW00977477" testType="13cdc9d9-ddb5-4fa4-a97d-d965ccfc6d4b" outcome="NotExecuted" testListId="8c84fa94-04c1-424b-9868-57a2d4851a1d" relativeResultsDirectory="8c791a29-bf19-442f-be21-3a57e30a2400">
    </UnitTestResult>
    <UnitTestResult executionId="2884eee5-95fd-4117-9742-f183acd3597f" testId="da679504-2dbb-78ee-d7fc-01f27c75e0cc" testName="TenderNeutralRewardsRegister_GuestUserRegistrationForTenderNeutral_LoyaltyAndNordAccountSuccessfulCreation" computerName="MW00977477" testType="13cdc9d9-ddb5-4fa4-a97d-d965ccfc6d4b" outcome="NotExecuted" testListId="8c84fa94-04c1-424b-9868-57a2d4851a1d" relativeResultsDirectory="2884eee5-95fd-4117-9742-f183acd3597f">
    </UnitTestResult>
    <UnitTestResult executionId="c616fc1d-ab91-4545-977c-e37863a1016a" testId="86c93201-f1f8-1299-bf26-243f1336a5e7" testName="TenderNeutralRewardsRegister_GuestUserRegistrationForTenderNeutral_MandatoryFieldsDisplaySuccessful" computerName="MW00977477" testType="13cdc9d9-ddb5-4fa4-a97d-d965ccfc6d4b" outcome="NotExecuted" testListId="8c84fa94-04c1-424b-9868-57a2d4851a1d" relativeResultsDirectory="c616fc1d-ab91-4545-977c-e37863a1016a">
    </UnitTestResult>
    <UnitTestResult executionId="b354d0bd-fac7-4312-92f5-760160816660" testId="17fba494-c246-d3ef-ffcd-fd9dfdae82dd" testName="TenderNeutralRewardsRegister_GuestUserRegistrationWithLongerPhoneNumber_ShouldGetErrorMessageButWebAccountCreatedSuccessfully" computerName="MW00977477" testType="13cdc9d9-ddb5-4fa4-a97d-d965ccfc6d4b" outcome="NotExecuted" testListId="8c84fa94-04c1-424b-9868-57a2d4851a1d" relativeResultsDirectory="b354d0bd-fac7-4312-92f5-760160816660">
    </UnitTestResult>
    <UnitTestResult executionId="d6c8ff9c-7abe-456d-9456-a53dceb0c517" testId="f6bf3045-329d-5362-b062-36ec5089da9b" testName="TenderNeutralRewardsRegister_GuestUserSignIntoYourNordstromComAccountSelected_MarketingPreferenceNotDisplayed" computerName="MW00977477" testType="13cdc9d9-ddb5-4fa4-a97d-d965ccfc6d4b" outcome="NotExecuted" testListId="8c84fa94-04c1-424b-9868-57a2d4851a1d" relativeResultsDirectory="d6c8ff9c-7abe-456d-9456-a53dceb0c517">
    </UnitTestResult>
    <UnitTestResult executionId="3e12664a-15c5-4f55-948e-3d4be9712968" testId="21295eb5-b67c-57fc-2827-af49702d43cb" testName="TenderNeutralRewardsRegister_MarketingPreferenceUpdateCheckedDuringTenderNeutralEnrollment_MarketingPreferenceSuccessfulUpdateToYesForNordAccount" computerName="MW00977477" testType="13cdc9d9-ddb5-4fa4-a97d-d965ccfc6d4b" outcome="NotExecuted" testListId="8c84fa94-04c1-424b-9868-57a2d4851a1d" relativeResultsDirectory="3e12664a-15c5-4f55-948e-3d4be9712968">
    </UnitTestResult>
    <UnitTestResult executionId="8310ae84-4d2a-4c09-947c-9c8045094065" testId="31d09e3d-7f4d-771c-fcf2-17618432c75c" testName="TenderNeutralRewardsRegister_MarketingPreferenceUpdateUncheckedDuringTenderNeutralEnrollment_MarketingPreferenceSuccessfulUpdateToNoForNordAccount" computerName="MW00977477" testType="13cdc9d9-ddb5-4fa4-a97d-d965ccfc6d4b" outcome="NotExecuted" testListId="8c84fa94-04c1-424b-9868-57a2d4851a1d" relativeResultsDirectory="8310ae84-4d2a-4c09-947c-9c8045094065">
    </UnitTestResult>
    <UnitTestResult executionId="0a1670c0-19a8-4310-8d41-35f529cec930" testId="3436681d-5283-dca4-7aad-db3743bc4bf6" testName="TenderNeutralRewardsRegister_RecognizedUserEnrollWithWrongPassword_ShouldFailInEnroll" computerName="MW00977477" testType="13cdc9d9-ddb5-4fa4-a97d-d965ccfc6d4b" outcome="NotExecuted" testListId="8c84fa94-04c1-424b-9868-57a2d4851a1d" relativeResultsDirectory="0a1670c0-19a8-4310-8d41-35f529cec930">
    </UnitTestResult>
    <UnitTestResult executionId="353fa3f4-4ef4-487d-984b-eaa60e2b2239" testId="98f3ba08-a10b-9949-a79e-150238875d08" testName="TenderNeutralRewardsRegister_TheUserWhoSucceedsInEnrollWithHisWebAccountEnrollsAgainWithSameWebAccount_ShouldFailBothEnrollAndAccountCreation" computerName="MW00977477" testType="13cdc9d9-ddb5-4fa4-a97d-d965ccfc6d4b" outcome="NotExecuted" testListId="8c84fa94-04c1-424b-9868-57a2d4851a1d" relativeResultsDirectory="353fa3f4-4ef4-487d-984b-eaa60e2b2239">
    </UnitTestResult>
    <UnitTestResult executionId="5887432c-c8fe-4f6c-8981-e08f51dcb598" testId="49a974b3-ec64-d3af-0151-561a64779c12" testName="MobileVerificationPage_WhenEnrolledUserTypeExpiredCode_ShouldGetExpiredErrorMessage" computerName="MW00977477" testType="13cdc9d9-ddb5-4fa4-a97d-d965ccfc6d4b" outcome="NotExecuted" testListId="8c84fa94-04c1-424b-9868-57a2d4851a1d" relativeResultsDirectory="5887432c-c8fe-4f6c-8981-e08f51dcb598">
    </UnitTestResult>
    <UnitTestResult executionId="e9b92d39-5bfd-458f-b3f5-76a207c43ee2" testId="0292a43c-fff5-8a73-f216-496011be59f2" testName="MobileVerificationPage_WhenEnrolledUserTypeValidDigitCode_ShouldLaunchWelcomePage" computerName="MW00977477" testType="13cdc9d9-ddb5-4fa4-a97d-d965ccfc6d4b" outcome="NotExecuted" testListId="8c84fa94-04c1-424b-9868-57a2d4851a1d" relativeResultsDirectory="e9b92d39-5bfd-458f-b3f5-76a207c43ee2">
    </UnitTestResult>
    <UnitTestResult executionId="960563a1-1778-4d67-a7f1-0ea65c23bcd8" testId="d0f4ec86-2b86-2cd8-ac68-409545882993" testName="MobileVerificationPage_WhenEnrolledUserTypeWrongDigitCode_ShouldGetWrongCodeMessage" computerName="MW00977477" testType="13cdc9d9-ddb5-4fa4-a97d-d965ccfc6d4b" outcome="NotExecuted" testListId="8c84fa94-04c1-424b-9868-57a2d4851a1d" relativeResultsDirectory="960563a1-1778-4d67-a7f1-0ea65c23bcd8">
    </UnitTestResult>
    <UnitTestResult executionId="f9b9cf0c-c46e-4ae9-b542-07769f600ca1" testId="4a24944e-583e-e01a-529b-88059ce4229f" testName="MobileVerificationPageModalPopupsValidation_AuthenticatedUserGetANewCodeModalContentValidation_GetANewCodeModalContentValidatedSuccessfully" computerName="MW00977477" testType="13cdc9d9-ddb5-4fa4-a97d-d965ccfc6d4b" outcome="NotExecuted" testListId="8c84fa94-04c1-424b-9868-57a2d4851a1d" relativeResultsDirectory="f9b9cf0c-c46e-4ae9-b542-07769f600ca1">
    </UnitTestResult>
    <UnitTestResult executionId="9d5778a9-00d4-4fba-9f5a-0b2f3c973d9c" testId="5c0ec21b-359a-7e0f-4182-44eb294aa758" testName="MobileVerificationPageModalPopupsValidation_AuthenticatedUserMaximumLimitGetACodeClickValidation_ThrowsError" computerName="MW00977477" testType="13cdc9d9-ddb5-4fa4-a97d-d965ccfc6d4b" outcome="NotExecuted" testListId="8c84fa94-04c1-424b-9868-57a2d4851a1d" relativeResultsDirectory="9d5778a9-00d4-4fba-9f5a-0b2f3c973d9c">
    </UnitTestResult>
    <UnitTestResult executionId="aac56d02-d043-46c2-bb0e-34921bd3e11f" testId="23010815-be15-7fb0-5f11-ae62528f19b0" testName="MobileVerificationPageModalPopupsValidation_CloseButtonInDidntGetACodeModalValidation_CloseButtonInDidntGetACodeModalClosedModalSuccessfully" computerName="MW00977477" testType="13cdc9d9-ddb5-4fa4-a97d-d965ccfc6d4b" outcome="NotExecuted" testListId="8c84fa94-04c1-424b-9868-57a2d4851a1d" relativeResultsDirectory="aac56d02-d043-46c2-bb0e-34921bd3e11f">
    </UnitTestResult>
    <UnitTestResult executionId="93a14a9c-51ed-42ba-99ab-b0931e715863" testId="2dc10e4d-0215-3f23-67b5-47a4fe1b7ab1" testName="MobileVerificationPageModalPopupsValidation_CloseButtonInGetANewCodeModalValidation_CloseButtonInGetANewCodeModalClosesModalSuccessfully" computerName="MW00977477" testType="13cdc9d9-ddb5-4fa4-a97d-d965ccfc6d4b" outcome="NotExecuted" testListId="8c84fa94-04c1-424b-9868-57a2d4851a1d" relativeResultsDirectory="93a14a9c-51ed-42ba-99ab-b0931e715863">
    </UnitTestResult>
    <UnitTestResult executionId="053e3153-e160-429c-ac44-658c39a82b18" testId="b8760095-196b-9486-9ec7-d0fcb8b1c53c" testName="MobileVerificationPageModalPopupsValidation_DidntGetACodeModalContentValidation_DidntGetACodeModalContentValidatedSuccessfully" computerName="MW00977477" testType="13cdc9d9-ddb5-4fa4-a97d-d965ccfc6d4b" outcome="NotExecuted" testListId="8c84fa94-04c1-424b-9868-57a2d4851a1d" relativeResultsDirectory="053e3153-e160-429c-ac44-658c39a82b18">
    </UnitTestResult>
    <UnitTestResult executionId="83f876d0-7bd1-456e-84ec-d1b62f4babdb" testId="d618c68d-88ae-88f4-1bc5-f56301e716ed" testName="MobileVerificationPageModalPopupsValidation_GuestUserGetANewCodeModalContentValidation_GetANewCodeModalContentValidatedSuccessfully" computerName="MW00977477" testType="13cdc9d9-ddb5-4fa4-a97d-d965ccfc6d4b" outcome="NotExecuted" testListId="8c84fa94-04c1-424b-9868-57a2d4851a1d" relativeResultsDirectory="83f876d0-7bd1-456e-84ec-d1b62f4babdb">
    </UnitTestResult>
    <UnitTestResult executionId="e3f64ae4-fec4-4bef-bf40-d5efd823a65d" testId="899e75ac-735e-e41d-941c-31a4337e1cb7" testName="MobileVerificationPageModalPopupsValidation_OkButtonInDidntGetACodeModalValidation_OkButtonInDidntGetACodeModalClosedModalSuccessfully" computerName="MW00977477" testType="13cdc9d9-ddb5-4fa4-a97d-d965ccfc6d4b" outcome="NotExecuted" testListId="8c84fa94-04c1-424b-9868-57a2d4851a1d" relativeResultsDirectory="e3f64ae4-fec4-4bef-bf40-d5efd823a65d">
    </UnitTestResult>
    <UnitTestResult executionId="fbcacce9-9588-49df-bf07-0a7e6669f962" testId="a69eddad-1d10-e519-4d70-67bf86829651" testName="MobileVerificationPageModalPopupsValidation_OkButtonInGetANewCodeModalValidation_OkButtonInGetANewCodeModalClosesModalSuccessfully" computerName="MW00977477" testType="13cdc9d9-ddb5-4fa4-a97d-d965ccfc6d4b" outcome="NotExecuted" testListId="8c84fa94-04c1-424b-9868-57a2d4851a1d" relativeResultsDirectory="fbcacce9-9588-49df-bf07-0a7e6669f962">
    </UnitTestResult>
    <UnitTestResult executionId="a8addeb4-c987-474a-9a33-bf923d322b94" testId="d0950b0b-ed3c-7fe5-5ab1-a2a80aa43ac2" testName="SuccessAssociationPageModalPopupsValidation_AuthenticatedUserDidntGetACodeModalContentValidation_DidntGetACodeModalContentValidatedSuccessfully" computerName="MW00977477" testType="13cdc9d9-ddb5-4fa4-a97d-d965ccfc6d4b" outcome="NotExecuted" testListId="8c84fa94-04c1-424b-9868-57a2d4851a1d" relativeResultsDirectory="a8addeb4-c987-474a-9a33-bf923d322b94">
    </UnitTestResult>
    <UnitTestResult executionId="0d2e4b96-4111-4690-96a8-c292c13f7160" testId="aa85e4af-cb36-19c8-0057-a6b24c106f4d" testName="SuccessAssociationPageModalPopupsValidation_AuthenticatedUserGetANewCodeModalContentValidation_GetANewCodeModalContentValidatedSuccessfully" computerName="MW00977477" testType="13cdc9d9-ddb5-4fa4-a97d-d965ccfc6d4b" outcome="NotExecuted" testListId="8c84fa94-04c1-424b-9868-57a2d4851a1d" relativeResultsDirectory="0d2e4b96-4111-4690-96a8-c292c13f7160">
    </UnitTestResult>
    <UnitTestResult executionId="91abb412-ff12-448a-88c6-49860cc09de0" testId="f908d2f2-d10f-a35a-dcc7-beef8d7bcb26" testName="SuccessAssociationPageModalPopupsValidation_AuthenticatedUserSpecialCharacterinCodeField_ThrowsError" computerName="MW00977477" testType="13cdc9d9-ddb5-4fa4-a97d-d965ccfc6d4b" outcome="NotExecuted" testListId="8c84fa94-04c1-424b-9868-57a2d4851a1d" relativeResultsDirectory="91abb412-ff12-448a-88c6-49860cc09de0">
    </UnitTestResult>
    <UnitTestResult executionId="5c34e58a-e931-40e2-8288-afdc6d362441" testId="8d07d365-e6b3-65ac-7ac7-e1c25fe2e0cb" testName="SuccessAssociationPageModalPopupsValidation_CloseButtonGetANewCodeModalValidation_CloseButtonInGetANewCodeModalClosedModalSuccessfully" computerName="MW00977477" testType="13cdc9d9-ddb5-4fa4-a97d-d965ccfc6d4b" outcome="NotExecuted" testListId="8c84fa94-04c1-424b-9868-57a2d4851a1d" relativeResultsDirectory="5c34e58a-e931-40e2-8288-afdc6d362441">
    </UnitTestResult>
    <UnitTestResult executionId="67def3de-c4af-4a90-8cb7-e4d95600d35e" testId="8814ad4a-610b-1476-179c-7964a75f96e9" testName="SuccessAssociationPageModalPopupsValidation_CloseButtonInDidntGetACodeModalValidation_CloseButtonInDidntGetACodeModalClosedModalSuccessfully" computerName="MW00977477" testType="13cdc9d9-ddb5-4fa4-a97d-d965ccfc6d4b" outcome="NotExecuted" testListId="8c84fa94-04c1-424b-9868-57a2d4851a1d" relativeResultsDirectory="67def3de-c4af-4a90-8cb7-e4d95600d35e">
    </UnitTestResult>
    <UnitTestResult executionId="efdcf948-fb2e-401b-a2e1-5b88d675d97b" testId="837239c5-67a3-15ad-e8a9-edc4254dd4db" testName="SuccessAssociationPageModalPopupsValidation_GuestUserDidntGetACodeModalContentValidation_DidntGetACodeModalContentValidatedSuccessfully" computerName="MW00977477" testType="13cdc9d9-ddb5-4fa4-a97d-d965ccfc6d4b" outcome="NotExecuted" testListId="8c84fa94-04c1-424b-9868-57a2d4851a1d" relativeResultsDirectory="efdcf948-fb2e-401b-a2e1-5b88d675d97b">
    </UnitTestResult>
    <UnitTestResult executionId="a6ba1417-82ae-4ed4-a389-49f19146eab6" testId="d7776958-df7b-aafc-c999-c6ac276b3cb8" testName="SuccessAssociationPageModalPopupsValidation_GuestUserGetANewCodeModalContentValidation_GetANewCodeModalContentValidatedSuccessfully" computerName="MW00977477" testType="13cdc9d9-ddb5-4fa4-a97d-d965ccfc6d4b" outcome="NotExecuted" testListId="8c84fa94-04c1-424b-9868-57a2d4851a1d" relativeResultsDirectory="a6ba1417-82ae-4ed4-a389-49f19146eab6">
    </UnitTestResult>
    <UnitTestResult executionId="8170493c-37df-490d-b46f-67a02b83697c" testId="70b5096a-4d76-50d1-927f-d842acd0d8ad" testName="SuccessAssociationPageModalPopupsValidation_GuestUserGetANewCodePhoneNumberValidation_PhoneNumberToAssociateValidatedSuccessfully" computerName="MW00977477" testType="13cdc9d9-ddb5-4fa4-a97d-d965ccfc6d4b" outcome="NotExecuted" testListId="8c84fa94-04c1-424b-9868-57a2d4851a1d" relativeResultsDirectory="8170493c-37df-490d-b46f-67a02b83697c">
    </UnitTestResult>
    <UnitTestResult executionId="b51f268a-a1b7-4690-b439-6fdc746a7e28" testId="17ddc304-caf1-92fb-26b0-9e5ce0e35f12" testName="SuccessAssociationPageModalPopupsValidation_GuestUserMaximumLimitGetANewCodeClickValidation_ValidMessageDisplayedSuccessfully" computerName="MW00977477" testType="13cdc9d9-ddb5-4fa4-a97d-d965ccfc6d4b" outcome="NotExecuted" testListId="8c84fa94-04c1-424b-9868-57a2d4851a1d" relativeResultsDirectory="b51f268a-a1b7-4690-b439-6fdc746a7e28">
    </UnitTestResult>
    <UnitTestResult executionId="5903a802-64d8-4ce2-9a6c-4327b517d4bb" testId="47b1dee1-d457-b144-965d-3ecfde9a5fd1" testName="SuccessAssociationPageModalPopupsValidation_OkButtonGetANewCodeModalValidation_OkButtonInGetANewCodeModalClosedModalSuccessfully" computerName="MW00977477" testType="13cdc9d9-ddb5-4fa4-a97d-d965ccfc6d4b" outcome="NotExecuted" testListId="8c84fa94-04c1-424b-9868-57a2d4851a1d" relativeResultsDirectory="5903a802-64d8-4ce2-9a6c-4327b517d4bb">
    </UnitTestResult>
    <UnitTestResult executionId="814796aa-42db-48db-a6cd-79bab5b33778" testId="bc8bcbad-6dab-8a10-872a-1cd128e497ce" testName="SuccessAssociationPageModalPopupsValidation_OkButtonInDidntGetACodeModalValidation_OkButtonInDidntGetACodeModalClosedModalSuccessfully" computerName="MW00977477" testType="13cdc9d9-ddb5-4fa4-a97d-d965ccfc6d4b" outcome="NotExecuted" testListId="8c84fa94-04c1-424b-9868-57a2d4851a1d" relativeResultsDirectory="814796aa-42db-48db-a6cd-79bab5b33778">
    </UnitTestResult>
    <UnitTestResult executionId="7e8bf6b4-6fc6-4661-9f9c-adee25a3a888" testId="882fb25a-af60-c1a9-9ac5-8c717310c276" testName="TenderNeutralRewardsEnroll_LoyaltyTenderNeutralRegisteredAuthenticatedUser_EmailPrePopulationVerificationSuccessful" computerName="MW00977477" testType="13cdc9d9-ddb5-4fa4-a97d-d965ccfc6d4b" outcome="NotExecuted" testListId="8c84fa94-04c1-424b-9868-57a2d4851a1d" relativeResultsDirectory="7e8bf6b4-6fc6-4661-9f9c-adee25a3a888">
    </UnitTestResult>
    <UnitTestResult executionId="4e8aa66a-5db1-4fc5-92c3-b55aa08989d8" testId="a7a8df94-1db0-153a-c800-e2df07e46ab8" testName="TenderNeutralRewardsEnroll_LoyaltyTNAuthenticatedUserAlphanumericCharacterInCodeField_ThrowseError" computerName="MW00977477" testType="13cdc9d9-ddb5-4fa4-a97d-d965ccfc6d4b" outcome="NotExecuted" testListId="8c84fa94-04c1-424b-9868-57a2d4851a1d" relativeResultsDirectory="4e8aa66a-5db1-4fc5-92c3-b55aa08989d8">
    </UnitTestResult>
    <UnitTestResult executionId="6d773470-5b2e-4359-a681-219531491859" testId="884a4ca8-cd4f-64c9-09ad-1d353ec31c8c" testName="TenderNeutralRewardsEnroll_LoyaltyTNAuthenticatedUserFBlankCodeField_ThrowseError" computerName="MW00977477" testType="13cdc9d9-ddb5-4fa4-a97d-d965ccfc6d4b" outcome="NotExecuted" testListId="8c84fa94-04c1-424b-9868-57a2d4851a1d" relativeResultsDirectory="6d773470-5b2e-4359-a681-219531491859">
    </UnitTestResult>
    <UnitTestResult executionId="ea6405a8-6eda-45dc-91f6-ef4cde89ae71" testId="f95a6f19-ee3b-53de-cf88-883fcaddfe39" testName="TenderNeutralRewardsEnroll_LoyaltyTNAuthenticatedUserFiveDigitsInCodeField_ThrowseError" computerName="MW00977477" testType="13cdc9d9-ddb5-4fa4-a97d-d965ccfc6d4b" outcome="NotExecuted" testListId="8c84fa94-04c1-424b-9868-57a2d4851a1d" relativeResultsDirectory="ea6405a8-6eda-45dc-91f6-ef4cde89ae71">
    </UnitTestResult>
    <UnitTestResult executionId="b7501043-00fc-4e5a-b325-d75668feb76e" testId="3757ab62-2418-b96f-a6e8-6a2ddff7f5be" testName="TenderNeutralRewardsEnroll_LoyaltyTNAuthenticatedUserLessThanSixDigitsInCodeField_ThrowseError" computerName="MW00977477" testType="13cdc9d9-ddb5-4fa4-a97d-d965ccfc6d4b" outcome="NotExecuted" testListId="8c84fa94-04c1-424b-9868-57a2d4851a1d" relativeResultsDirectory="b7501043-00fc-4e5a-b325-d75668feb76e">
    </UnitTestResult>
    <UnitTestResult executionId="a9ff3531-4c7b-48ac-aae5-e3b1e2e79f52" testId="ee8371a4-6a8c-8220-7b9b-c4b425e74e47" testName="TenderNeutralRewardsEnroll_LoyaltyTNAuthenticatedUserMaximumInvlaidEntryinCodeField_ThrowsError" computerName="MW00977477" testType="13cdc9d9-ddb5-4fa4-a97d-d965ccfc6d4b" outcome="NotExecuted" testListId="8c84fa94-04c1-424b-9868-57a2d4851a1d" relativeResultsDirectory="a9ff3531-4c7b-48ac-aae5-e3b1e2e79f52">
    </UnitTestResult>
    <UnitTestResult executionId="4070f2f2-0e3a-4b81-bf22-8c28fcf63e93" testId="5d94c71d-df20-d6cd-d92c-a694e0aa36bf" testName="TenderNeutralRewardsEnroll_LoyaltyTNAuthenticatedUserSevenDigitsInCodeField_ThrowseError" computerName="MW00977477" testType="13cdc9d9-ddb5-4fa4-a97d-d965ccfc6d4b" outcome="NotExecuted" testListId="8c84fa94-04c1-424b-9868-57a2d4851a1d" relativeResultsDirectory="4070f2f2-0e3a-4b81-bf22-8c28fcf63e93">
    </UnitTestResult>
    <UnitTestResult executionId="c640fe2f-f8bb-40f6-8369-36c3161d8182" testId="7003bcc1-5465-4329-b7ef-878c9e819482" testName="TenderNeutralRewardsEnroll_LoyaltyTNAuthenticatedUserSpecialCharacterinCodeField_ThrowseError" computerName="MW00977477" testType="13cdc9d9-ddb5-4fa4-a97d-d965ccfc6d4b" outcome="NotExecuted" testListId="8c84fa94-04c1-424b-9868-57a2d4851a1d" relativeResultsDirectory="c640fe2f-f8bb-40f6-8369-36c3161d8182">
    </UnitTestResult>
    <UnitTestResult executionId="593f802b-50ec-4a5e-b080-2bf8ae9abbf2" testId="f2fbd149-e2af-5637-9417-20622b33fae0" testName="LoyaltyWelcomePage_BonusPointEventsLink_ShouldHaveValidURL" computerName="MW00977477" testType="13cdc9d9-ddb5-4fa4-a97d-d965ccfc6d4b" outcome="NotExecuted" testListId="8c84fa94-04c1-424b-9868-57a2d4851a1d" relativeResultsDirectory="593f802b-50ec-4a5e-b080-2bf8ae9abbf2">
    </UnitTestResult>
    <UnitTestResult executionId="9431a3e4-51f9-4a85-a659-e74aec1eb1b9" testId="a4820a9f-81f2-f74a-e78b-327ea50d8b48" testName="LoyaltyWelcomePage_HauteLookLogo_ShouldRender" computerName="MW00977477" testType="13cdc9d9-ddb5-4fa4-a97d-d965ccfc6d4b" outcome="NotExecuted" testListId="8c84fa94-04c1-424b-9868-57a2d4851a1d" relativeResultsDirectory="9431a3e4-51f9-4a85-a659-e74aec1eb1b9">
    </UnitTestResult>
    <UnitTestResult executionId="547a4885-f05d-4b29-97f9-5a296618cdb7" testId="6e08402d-8997-90dc-9b66-886438ad27db" testName="LoyaltyWelcomePage_NordstromLogo_ShouldRender" computerName="MW00977477" testType="13cdc9d9-ddb5-4fa4-a97d-d965ccfc6d4b" outcome="NotExecuted" testListId="8c84fa94-04c1-424b-9868-57a2d4851a1d" relativeResultsDirectory="547a4885-f05d-4b29-97f9-5a296618cdb7">
    </UnitTestResult>
    <UnitTestResult executionId="075aadda-46bc-4f70-be6a-6d3016ffd7f7" testId="c03a005c-b69d-99fa-b651-b26bd5d00566" testName="LoyaltyWelcomePage_RackLogo_ShouldRender" computerName="MW00977477" testType="13cdc9d9-ddb5-4fa4-a97d-d965ccfc6d4b" outcome="NotExecuted" testListId="8c84fa94-04c1-424b-9868-57a2d4851a1d" relativeResultsDirectory="075aadda-46bc-4f70-be6a-6d3016ffd7f7">
    </UnitTestResult>
    <UnitTestResult executionId="89b51345-7172-4321-a2fb-91ba3c733a67" testId="e3a562d7-b300-5f52-06c2-7be31e66bd96" testName="LoyaltyWelcomePage_WhenTypeRightURL_ShouldRenderWelcomePage" computerName="MW00977477" testType="13cdc9d9-ddb5-4fa4-a97d-d965ccfc6d4b" outcome="NotExecuted" testListId="8c84fa94-04c1-424b-9868-57a2d4851a1d" relativeResultsDirectory="89b51345-7172-4321-a2fb-91ba3c733a67">
    </UnitTestResult>
    <UnitTestResult executionId="7c89815e-6335-4d2d-bf0c-a646aa017d12" testId="e7dc9dd3-4cd3-3bf6-c7c0-12fcc1c1c5cd" testName="TenderNeutralAssociation_When15MinutesPassAsAuthenticatedUser_ChangeToRecognizeUserAndInfoDisappear" computerName="MW00977477" testType="13cdc9d9-ddb5-4fa4-a97d-d965ccfc6d4b" outcome="NotExecuted" testListId="8c84fa94-04c1-424b-9868-57a2d4851a1d" relativeResultsDirectory="7c89815e-6335-4d2d-bf0c-a646aa017d12">
    </UnitTestResult>
    <UnitTestResult executionId="ef51ddaa-3942-496f-ac0f-3f1076c9a084" testId="dea7da76-cc4d-9db9-653c-019847e5cc46" testName="TenderNeutralAssociation_When15MinutesPassAsGuestUser_EnteredInfoDisappear" computerName="MW00977477" testType="13cdc9d9-ddb5-4fa4-a97d-d965ccfc6d4b" outcome="NotExecuted" testListId="8c84fa94-04c1-424b-9868-57a2d4851a1d" relativeResultsDirectory="ef51ddaa-3942-496f-ac0f-3f1076c9a084">
    </UnitTestResult>
    <UnitTestResult executionId="007cf172-7c7b-4ca8-9d7c-9e9b241bebb7" testId="988daa97-185a-b36c-e2bb-1662c7eee467" testName="TenderNeutralEnroll_When15MinutesPassWithoutAuthenticatedUserActivity_ExpectSessionTimeoutInfoShowAndUserInfoDisappear" computerName="MW00977477" testType="13cdc9d9-ddb5-4fa4-a97d-d965ccfc6d4b" outcome="NotExecuted" testListId="8c84fa94-04c1-424b-9868-57a2d4851a1d" relativeResultsDirectory="007cf172-7c7b-4ca8-9d7c-9e9b241bebb7">
    </UnitTestResult>
    <UnitTestResult executionId="4eee5285-5de5-441e-bc01-977d13f53662" testId="dbe39e81-54e6-8534-594e-60312842c80d" testName="TenderNeutralEnroll_When15MinutesPassWithoutUserActivityAndTestSecureShopperSessionFeatureFlagOff_ExpectSessionTimeoutInfoShowAndUserInfoDisappear" computerName="MW00977477" testType="13cdc9d9-ddb5-4fa4-a97d-d965ccfc6d4b" outcome="NotExecuted" testListId="8c84fa94-04c1-424b-9868-57a2d4851a1d" relativeResultsDirectory="4eee5285-5de5-441e-bc01-977d13f53662">
    </UnitTestResult>
    <UnitTestResult executionId="124c2cc6-48e0-49be-96c0-d9839bc2e8ab" testId="df693012-2078-7e40-769b-35128c8352ea" testName="FunJourney" computerName="MW00977477" testType="13cdc9d9-ddb5-4fa4-a97d-d965ccfc6d4b" outcome="NotExecuted" testListId="8c84fa94-04c1-424b-9868-57a2d4851a1d" relativeResultsDirectory="124c2cc6-48e0-49be-96c0-d9839bc2e8ab">
    </UnitTestResult>
    <UnitTestResult executionId="19eaf382-e51a-4365-a9ee-cb6ea8d0fb27" testId="88fee92b-29a5-8efc-d2c6-587beeb283fa" testName="TenderNeutralRewards_FromEnroll_ToSuccessAssociatedEnd" computerName="MW00977477" testType="13cdc9d9-ddb5-4fa4-a97d-d965ccfc6d4b" outcome="NotExecuted" testListId="8c84fa94-04c1-424b-9868-57a2d4851a1d" relativeResultsDirectory="19eaf382-e51a-4365-a9ee-cb6ea8d0fb27">
    </UnitTestResult>
    <UnitTestResult executionId="d1ecd0d6-0871-433f-afde-da9c37de900e" testId="91a3c75c-7428-63da-00ff-d5a1fd9b86ed" testName="TenderNeutralRewardsEnroll_MultipleUserScenariosBasic_EnrollShouldBeSucceedInTheEnd" computerName="MW00977477" testType="13cdc9d9-ddb5-4fa4-a97d-d965ccfc6d4b" outcome="NotExecuted" testListId="8c84fa94-04c1-424b-9868-57a2d4851a1d" relativeResultsDirectory="d1ecd0d6-0871-433f-afde-da9c37de900e">
    </UnitTestResult>
  </Results>
</TestRun>