<?xml version="1.0" encoding="UTF-8"?>
<TestRun id="b9b6cca9-bda8-46c1-aa78-d7c00c61510d" name="X3G9@MW00977477 2015-12-27 15:24:18" runUser="NORD\X3G9" xmlns="http://microsoft.com/schemas/VisualStudio/TeamTest/2010">
  <TestSettings name="Default Test Settings" id="3521b4ff-9490-465e-b70a-22dec2e50ece">
    <Execution>
      <TestTypeSpecific />
      <AgentRule name="Execution Agents">
      </AgentRule>
    </Execution>
    <Deployment runDeploymentRoot="X3G9_MW00977477 2015-12-27 15_24_18" />
    <Properties />
  </TestSettings>
  <Times creation="2015-12-27T15:24:18.0547924-08:00" queuing="2015-12-27T15:24:19.0787924-08:00" start="2015-12-27T15:24:19.1617924-08:00" finish="2015-12-27T17:21:17.7023631-08:00" />
  <ResultSummary outcome="Failed">
    <Counters total="120" executed="120" passed="47" error="0" failed="67" timeout="0" aborted="0" inconclusive="6" passedButRunAborted="0" notRunnable="0" notExecuted="0" disconnected="0" warning="0" completed="0" inProgress="0" pending="0" />
    <RunInfos>
      <RunInfo computerName="MW00977477" outcome="Warning" timestamp="2015-12-27T15:24:18.3127924-08:00">
        <Text>Warning: Test Run deployment issue: The assembly or module 'RestSharp' directly or indirectly referenced by the test container 'c:\loyaltywebtest\web\test\ui\loyaltyweb\loyaltywebtest\loyaltywebtest\bin\debug\nordstrom.web.test.ui.loyaltyweb.dll' was not found.</Text>
      </RunInfo>
    </RunInfos>
  </ResultSummary>
  <TestDefinitions>
    <UnitTest name="TenderNeutralEarn_GuestUserCannotSeeRewardsSectionInOrderSubmitPage_Successfully" storage="c:\loyaltywebtest\web\test\ui\loyaltyweb\loyaltywebtest\loyaltywebtest\bin\debug\nordstrom.web.test.ui.loyaltyweb.dll" id="ab97186a-ec5a-c908-5c1d-428ddbe44d2b">
      <Description>Verify that the guest user cannot see Rewards section in Ordersubmit page.</Description>
      <TestCategory>
        <TestCategoryItem TestCategory="LoyaltyTenderNeutral" />
        <TestCategoryItem TestCategory="Earn" />
      </TestCategory>
      <DeploymentItems>
        <DeploymentItem filename="ExternalBinaries" outputDirectory=".\ExternalBinaries" />
        <DeploymentItem filename="TestData" outputDirectory=".\TestData" />
        <DeploymentItem filename="TestRunConfig" outputDirectory=".\TestRunConfig" />
      </DeploymentItems>
      <Execution id="7868a734-ccd2-4b7d-8d14-0417fd65edbd" />
      <TestMethod codeBase="C:/LoyaltyWebTest/Web/Test/UI/LoyaltyWeb/LoyaltyWebTest/LoyaltyWebTest/bin/Debug/Nordstrom.Web.Test.UI.LoyaltyWeb.DLL" adapterTypeName="Microsoft.VisualStudio.TestTools.TestTypes.Unit.UnitTestAdapter, Microsoft.VisualStudio.QualityTools.Tips.UnitTest.Adapter, Version=12.0.0.0, Culture=neutral, PublicKeyToken=b03f5f7f11d50a3a" className="Nordstrom.Web.Test.UI.LoyaltyWeb.LoyaltyEarnTests, Nordstrom.Web.Test.UI.LoyaltyWeb, Version=1.0.0.0, Culture=neutral, PublicKeyToken=null" name="TenderNeutralEarn_GuestUserCannotSeeRewardsSectionInOrderSubmitPage_Successfully" />
    </UnitTest>
    <UnitTest name="TenderNeutralRewardsRegister_GuestUserEnrollWithExistingEmailButDifferentPhoneNumberInTheLoyaltyProgram_ShouldFailInEnroll" storage="c:\loyaltywebtest\web\test\ui\loyaltyweb\loyaltywebtest\loyaltywebtest\bin\debug\nordstrom.web.test.ui.loyaltyweb.dll" id="a6eb5918-3ab1-9078-7b27-8e40be1748bf">
      <Description>Guest user enrolling with existing enroll email but different phone number would fail</Description>
      <TestCategory>
        <TestCategoryItem TestCategory="LoyaltyTenderNeutral" />
        <TestCategoryItem TestCategory="Enroll" />
      </TestCategory>
      <DeploymentItems>
        <DeploymentItem filename="ExternalBinaries" outputDirectory=".\ExternalBinaries" />
        <DeploymentItem filename="TestData" outputDirectory=".\TestData" />
        <DeploymentItem filename="TestRunConfig" outputDirectory=".\TestRunConfig" />
      </DeploymentItems>
      <Execution id="8d686be8-0ae6-4111-9927-bbb16728e54a" />
      <TestMethod codeBase="C:/LoyaltyWebTest/Web/Test/UI/LoyaltyWeb/LoyaltyWebTest/LoyaltyWebTest/bin/Debug/Nordstrom.Web.Test.UI.LoyaltyWeb.DLL" adapterTypeName="Microsoft.VisualStudio.TestTools.TestTypes.Unit.UnitTestAdapter, Microsoft.VisualStudio.QualityTools.Tips.UnitTest.Adapter, Version=12.0.0.0, Culture=neutral, PublicKeyToken=b03f5f7f11d50a3a" className="Nordstrom.Web.Test.UI.LoyaltyWeb.LoyaltyRegisterTests, Nordstrom.Web.Test.UI.LoyaltyWeb, Version=1.0.0.0, Culture=neutral, PublicKeyToken=null" name="TenderNeutralRewardsRegister_GuestUserEnrollWithExistingEmailButDifferentPhoneNumberInTheLoyaltyProgram_ShouldFailInEnroll" />
    </UnitTest>
    <UnitTest name="SuccessAssociationPageModalPopupsValidation_GuestUserGetANewCodeModalContentValidation_GetANewCodeModalContentValidatedSuccessfully" storage="c:\loyaltywebtest\web\test\ui\loyaltyweb\loyaltywebtest\loyaltywebtest\bin\debug\nordstrom.web.test.ui.loyaltyweb.dll" id="d7776958-df7b-aafc-c999-c6ac276b3cb8">
      <Description>Get a new code Modal Popup Content Validation for Association mobile verification modal</Description>
      <TestCategory>
        <TestCategoryItem TestCategory="LoyaltyTenderNeutral" />
        <TestCategoryItem TestCategory="MobileVerification" />
      </TestCategory>
      <DeploymentItems>
        <DeploymentItem filename="ExternalBinaries" outputDirectory=".\ExternalBinaries" />
        <DeploymentItem filename="TestData" outputDirectory=".\TestData" />
        <DeploymentItem filename="TestRunConfig" outputDirectory=".\TestRunConfig" />
      </DeploymentItems>
      <Execution id="69c8586a-b2ab-47d6-9be9-c8d3a8196ada" />
      <TestMethod codeBase="C:/LoyaltyWebTest/Web/Test/UI/LoyaltyWeb/LoyaltyWebTest/LoyaltyWebTest/bin/Debug/Nordstrom.Web.Test.UI.LoyaltyWeb.DLL" adapterTypeName="Microsoft.VisualStudio.TestTools.TestTypes.Unit.UnitTestAdapter, Microsoft.VisualStudio.QualityTools.Tips.UnitTest.Adapter, Version=12.0.0.0, Culture=neutral, PublicKeyToken=b03f5f7f11d50a3a" className="Nordstrom.Web.Test.UI.LoyaltyWeb.LoyaltyTenderNeutralMobileVerificationPageTests, Nordstrom.Web.Test.UI.LoyaltyWeb, Version=1.0.0.0, Culture=neutral, PublicKeyToken=null" name="SuccessAssociationPageModalPopupsValidation_GuestUserGetANewCodeModalContentValidation_GetANewCodeModalContentValidatedSuccessfully" />
    </UnitTest>
    <UnitTest name="TenderNeutralRewardsEnroll_LoyaltyTenderNeutralRegisteredAuthenticatedUser_EmailPrePopulationVerificationSuccessful" storage="c:\loyaltywebtest\web\test\ui\loyaltyweb\loyaltywebtest\loyaltywebtest\bin\debug\nordstrom.web.test.ui.loyaltyweb.dll" id="882fb25a-af60-c1a9-9ac5-8c717310c276">
      <Description>Verify pre-population of mobile number on loyalty mobile verification page for a TN enrolled user</Description>
      <TestCategory>
        <TestCategoryItem TestCategory="LoyaltyTenderNeutral" />
        <TestCategoryItem TestCategory="MobileVerification" />
      </TestCategory>
      <DeploymentItems>
        <DeploymentItem filename="ExternalBinaries" outputDirectory=".\ExternalBinaries" />
        <DeploymentItem filename="TestData" outputDirectory=".\TestData" />
        <DeploymentItem filename="TestRunConfig" outputDirectory=".\TestRunConfig" />
      </DeploymentItems>
      <Execution id="76c04807-88e2-4f2b-8031-ebd342ca0e07" />
      <TestMethod codeBase="C:/LoyaltyWebTest/Web/Test/UI/LoyaltyWeb/LoyaltyWebTest/LoyaltyWebTest/bin/Debug/Nordstrom.Web.Test.UI.LoyaltyWeb.DLL" adapterTypeName="Microsoft.VisualStudio.TestTools.TestTypes.Unit.UnitTestAdapter, Microsoft.VisualStudio.QualityTools.Tips.UnitTest.Adapter, Version=12.0.0.0, Culture=neutral, PublicKeyToken=b03f5f7f11d50a3a" className="Nordstrom.Web.Test.UI.LoyaltyWeb.LoyaltyTenderNeutralMobileVerificationPageTests, Nordstrom.Web.Test.UI.LoyaltyWeb, Version=1.0.0.0, Culture=neutral, PublicKeyToken=null" name="TenderNeutralRewardsEnroll_LoyaltyTenderNeutralRegisteredAuthenticatedUser_EmailPrePopulationVerificationSuccessful" />
    </UnitTest>
    <UnitTest name="TenderNeutralRewardsEnroll_EnrollingWebGuestUserWithSpecialCharacterInLastName_ThrowsError" storage="c:\loyaltywebtest\web\test\ui\loyaltyweb\loyaltywebtest\loyaltywebtest\bin\debug\nordstrom.web.test.ui.loyaltyweb.dll" id="d8d2522c-d687-f307-5915-98cd323cb3f9">
      <Description>Verify that Invalid Special Character in Last Name throws error</Description>
      <TestCategory>
        <TestCategoryItem TestCategory="LoyaltyTenderNeutral" />
        <TestCategoryItem TestCategory="Enroll" />
      </TestCategory>
      <DeploymentItems>
        <DeploymentItem filename="ExternalBinaries" outputDirectory=".\ExternalBinaries" />
        <DeploymentItem filename="TestData" outputDirectory=".\TestData" />
        <DeploymentItem filename="TestRunConfig" outputDirectory=".\TestRunConfig" />
      </DeploymentItems>
      <Execution id="70237f4d-2315-4d93-87f6-9b203952c552" />
      <TestMethod codeBase="C:/LoyaltyWebTest/Web/Test/UI/LoyaltyWeb/LoyaltyWebTest/LoyaltyWebTest/bin/Debug/Nordstrom.Web.Test.UI.LoyaltyWeb.DLL" adapterTypeName="Microsoft.VisualStudio.TestTools.TestTypes.Unit.UnitTestAdapter, Microsoft.VisualStudio.QualityTools.Tips.UnitTest.Adapter, Version=12.0.0.0, Culture=neutral, PublicKeyToken=b03f5f7f11d50a3a" className="Nordstrom.Web.Test.UI.LoyaltyWeb.LoyaltyRegisterTests, Nordstrom.Web.Test.UI.LoyaltyWeb, Version=1.0.0.0, Culture=neutral, PublicKeyToken=null" name="TenderNeutralRewardsEnroll_EnrollingWebGuestUserWithSpecialCharacterInLastName_ThrowsError" />
    </UnitTest>
    <UnitTest name="TenderNeutralRewardsRegister_GuestUserEnrollWhenEmailPreferenceCheckboxUnchecked_ShouldFailEnroll" storage="c:\loyaltywebtest\web\test\ui\loyaltyweb\loyaltywebtest\loyaltywebtest\bin\debug\nordstrom.web.test.ui.loyaltyweb.dll" id="8f46b4dc-24ba-0a98-6e75-5962fc8b7e13">
      <Description>Guest user enrolls when email preference is not checked</Description>
      <TestCategory>
        <TestCategoryItem TestCategory="LoyaltyTenderNeutral" />
        <TestCategoryItem TestCategory="Enroll" />
      </TestCategory>
      <DeploymentItems>
        <DeploymentItem filename="ExternalBinaries" outputDirectory=".\ExternalBinaries" />
        <DeploymentItem filename="TestData" outputDirectory=".\TestData" />
        <DeploymentItem filename="TestRunConfig" outputDirectory=".\TestRunConfig" />
      </DeploymentItems>
      <Execution id="d1bf8b8b-40e1-4a42-be18-9e1b74a5034b" />
      <TestMethod codeBase="C:/LoyaltyWebTest/Web/Test/UI/LoyaltyWeb/LoyaltyWebTest/LoyaltyWebTest/bin/Debug/Nordstrom.Web.Test.UI.LoyaltyWeb.DLL" adapterTypeName="Microsoft.VisualStudio.TestTools.TestTypes.Unit.UnitTestAdapter, Microsoft.VisualStudio.QualityTools.Tips.UnitTest.Adapter, Version=12.0.0.0, Culture=neutral, PublicKeyToken=b03f5f7f11d50a3a" className="Nordstrom.Web.Test.UI.LoyaltyWeb.LoyaltyRegisterTests, Nordstrom.Web.Test.UI.LoyaltyWeb, Version=1.0.0.0, Culture=neutral, PublicKeyToken=null" name="TenderNeutralRewardsRegister_GuestUserEnrollWhenEmailPreferenceCheckboxUnchecked_ShouldFailEnroll" />
    </UnitTest>
    <UnitTest name="TenderNeutralEarn_RecognisedUserCanSeeRewardsSectionInOrderSubmitPageAfterSignInFromCheckout_Successfully" storage="c:\loyaltywebtest\web\test\ui\loyaltyweb\loyaltywebtest\loyaltywebtest\bin\debug\nordstrom.web.test.ui.loyaltyweb.dll" id="1b9e4056-ae08-6178-83f0-22316d897d12">
      <Description>Verify that a registered user signing in from checkout page is able to see Rewards section in Ordersubmit page.</Description>
      <TestCategory>
        <TestCategoryItem TestCategory="LoyaltyTenderNeutral" />
        <TestCategoryItem TestCategory="Earn" />
      </TestCategory>
      <DeploymentItems>
        <DeploymentItem filename="ExternalBinaries" outputDirectory=".\ExternalBinaries" />
        <DeploymentItem filename="TestData" outputDirectory=".\TestData" />
        <DeploymentItem filename="TestRunConfig" outputDirectory=".\TestRunConfig" />
      </DeploymentItems>
      <Execution id="7ad9de22-2806-4e56-a8d8-e61df3f2e71c" />
      <TestMethod codeBase="C:/LoyaltyWebTest/Web/Test/UI/LoyaltyWeb/LoyaltyWebTest/LoyaltyWebTest/bin/Debug/Nordstrom.Web.Test.UI.LoyaltyWeb.DLL" adapterTypeName="Microsoft.VisualStudio.TestTools.TestTypes.Unit.UnitTestAdapter, Microsoft.VisualStudio.QualityTools.Tips.UnitTest.Adapter, Version=12.0.0.0, Culture=neutral, PublicKeyToken=b03f5f7f11d50a3a" className="Nordstrom.Web.Test.UI.LoyaltyWeb.LoyaltyEarnTests, Nordstrom.Web.Test.UI.LoyaltyWeb, Version=1.0.0.0, Culture=neutral, PublicKeyToken=null" name="TenderNeutralEarn_RecognisedUserCanSeeRewardsSectionInOrderSubmitPageAfterSignInFromCheckout_Successfully" />
    </UnitTest>
    <UnitTest name="TenderNeutralRewardsRegister_TheUserWhoSucceedsInEnrollWithHisWebAccountEnrollsAgainWithSameWebAccount_ShouldFailBothEnrollAndAccountCreation" storage="c:\loyaltywebtest\web\test\ui\loyaltyweb\loyaltywebtest\loyaltywebtest\bin\debug\nordstrom.web.test.ui.loyaltyweb.dll" id="98f3ba08-a10b-9949-a79e-150238875d08">
      <Description>Guest user with enrollment account enrolls with same web account (connected with enrollment previously) should not succeed.</Description>
      <TestCategory>
        <TestCategoryItem TestCategory="LoyaltyTenderNeutral" />
        <TestCategoryItem TestCategory="Enroll" />
      </TestCategory>
      <DeploymentItems>
        <DeploymentItem filename="ExternalBinaries" outputDirectory=".\ExternalBinaries" />
        <DeploymentItem filename="TestData" outputDirectory=".\TestData" />
        <DeploymentItem filename="TestRunConfig" outputDirectory=".\TestRunConfig" />
      </DeploymentItems>
      <Execution id="4d6d65bc-022c-4aee-ba02-dec17ab17074" />
      <TestMethod codeBase="C:/LoyaltyWebTest/Web/Test/UI/LoyaltyWeb/LoyaltyWebTest/LoyaltyWebTest/bin/Debug/Nordstrom.Web.Test.UI.LoyaltyWeb.DLL" adapterTypeName="Microsoft.VisualStudio.TestTools.TestTypes.Unit.UnitTestAdapter, Microsoft.VisualStudio.QualityTools.Tips.UnitTest.Adapter, Version=12.0.0.0, Culture=neutral, PublicKeyToken=b03f5f7f11d50a3a" className="Nordstrom.Web.Test.UI.LoyaltyWeb.LoyaltyRegisterTests, Nordstrom.Web.Test.UI.LoyaltyWeb, Version=1.0.0.0, Culture=neutral, PublicKeyToken=null" name="TenderNeutralRewardsRegister_TheUserWhoSucceedsInEnrollWithHisWebAccountEnrollsAgainWithSameWebAccount_ShouldFailBothEnrollAndAccountCreation" />
    </UnitTest>
    <UnitTest name="TenderNeutralRewardsEnroll_MarketingPreferenceForAuthenticatedUser_MarketingPreferenceNotDisplayed" storage="c:\loyaltywebtest\web\test\ui\loyaltyweb\loyaltywebtest\loyaltywebtest\bin\debug\nordstrom.web.test.ui.loyaltyweb.dll" id="d4223cb2-795f-acc3-97c9-3a959ae1fbec">
      <Description>Verify that the marketing preference is not displayed on Loyalty enroll page for a N.com registered authenticated user</Description>
      <TestCategory>
        <TestCategoryItem TestCategory="LoyaltyTenderNeutral" />
        <TestCategoryItem TestCategory="Enroll" />
      </TestCategory>
      <DeploymentItems>
        <DeploymentItem filename="ExternalBinaries" outputDirectory=".\ExternalBinaries" />
        <DeploymentItem filename="TestData" outputDirectory=".\TestData" />
        <DeploymentItem filename="TestRunConfig" outputDirectory=".\TestRunConfig" />
      </DeploymentItems>
      <Execution id="8fa9fa8b-d6fd-46f6-a580-5d176742d604" />
      <TestMethod codeBase="C:/LoyaltyWebTest/Web/Test/UI/LoyaltyWeb/LoyaltyWebTest/LoyaltyWebTest/bin/Debug/Nordstrom.Web.Test.UI.LoyaltyWeb.DLL" adapterTypeName="Microsoft.VisualStudio.TestTools.TestTypes.Unit.UnitTestAdapter, Microsoft.VisualStudio.QualityTools.Tips.UnitTest.Adapter, Version=12.0.0.0, Culture=neutral, PublicKeyToken=b03f5f7f11d50a3a" className="Nordstrom.Web.Test.UI.LoyaltyWeb.LoyaltyRegisterTests, Nordstrom.Web.Test.UI.LoyaltyWeb, Version=1.0.0.0, Culture=neutral, PublicKeyToken=null" name="TenderNeutralRewardsEnroll_MarketingPreferenceForAuthenticatedUser_MarketingPreferenceNotDisplayed" />
    </UnitTest>
    <UnitTest name="SuccessAssociationPageModalPopupsValidation_OkButtonGetANewCodeModalValidation_OkButtonInGetANewCodeModalClosedModalSuccessfully" storage="c:\loyaltywebtest\web\test\ui\loyaltyweb\loyaltywebtest\loyaltywebtest\bin\debug\nordstrom.web.test.ui.loyaltyweb.dll" id="47b1dee1-d457-b144-965d-3ecfde9a5fd1">
      <Description>'Get a new code' Modal Popup OK Button Functionality verification</Description>
      <TestCategory>
        <TestCategoryItem TestCategory="LoyaltyTenderNeutral" />
        <TestCategoryItem TestCategory="MobileVerification" />
      </TestCategory>
      <DeploymentItems>
        <DeploymentItem filename="ExternalBinaries" outputDirectory=".\ExternalBinaries" />
        <DeploymentItem filename="TestData" outputDirectory=".\TestData" />
        <DeploymentItem filename="TestRunConfig" outputDirectory=".\TestRunConfig" />
      </DeploymentItems>
      <Execution id="2084b5f6-9cb0-4f8c-b4bf-9bb9dd843009" />
      <TestMethod codeBase="C:/LoyaltyWebTest/Web/Test/UI/LoyaltyWeb/LoyaltyWebTest/LoyaltyWebTest/bin/Debug/Nordstrom.Web.Test.UI.LoyaltyWeb.DLL" adapterTypeName="Microsoft.VisualStudio.TestTools.TestTypes.Unit.UnitTestAdapter, Microsoft.VisualStudio.QualityTools.Tips.UnitTest.Adapter, Version=12.0.0.0, Culture=neutral, PublicKeyToken=b03f5f7f11d50a3a" className="Nordstrom.Web.Test.UI.LoyaltyWeb.LoyaltyTenderNeutralMobileVerificationPageTests, Nordstrom.Web.Test.UI.LoyaltyWeb, Version=1.0.0.0, Culture=neutral, PublicKeyToken=null" name="SuccessAssociationPageModalPopupsValidation_OkButtonGetANewCodeModalValidation_OkButtonInGetANewCodeModalClosedModalSuccessfully" />
    </UnitTest>
    <UnitTest name="TenderNeutralRewardsEnroll_LoyaltyTenderNeutralUnrecognisedUserLeaveFirstNameFieldBlankTabOut_ErrorMessageDisplayedSuccessfully" storage="c:\loyaltywebtest\web\test\ui\loyaltyweb\loyaltywebtest\loyaltywebtest\bin\debug\nordstrom.web.test.ui.loyaltyweb.dll" id="32087f87-3ab9-f41c-43c0-e6fe3bc56d49">
      <Description>Verify that error message appear for first name field when it is left blank and we tab out for unrecognised user</Description>
      <TestCategory>
        <TestCategoryItem TestCategory="LoyaltyTenderNeutral" />
        <TestCategoryItem TestCategory="Enroll" />
      </TestCategory>
      <DeploymentItems>
        <DeploymentItem filename="ExternalBinaries" outputDirectory=".\ExternalBinaries" />
        <DeploymentItem filename="TestData" outputDirectory=".\TestData" />
        <DeploymentItem filename="TestRunConfig" outputDirectory=".\TestRunConfig" />
      </DeploymentItems>
      <Execution id="038861e4-2073-47e9-a979-15a8f3aa848e" />
      <TestMethod codeBase="C:/LoyaltyWebTest/Web/Test/UI/LoyaltyWeb/LoyaltyWebTest/LoyaltyWebTest/bin/Debug/Nordstrom.Web.Test.UI.LoyaltyWeb.DLL" adapterTypeName="Microsoft.VisualStudio.TestTools.TestTypes.Unit.UnitTestAdapter, Microsoft.VisualStudio.QualityTools.Tips.UnitTest.Adapter, Version=12.0.0.0, Culture=neutral, PublicKeyToken=b03f5f7f11d50a3a" className="Nordstrom.Web.Test.UI.LoyaltyWeb.LoyaltyRegisterTests, Nordstrom.Web.Test.UI.LoyaltyWeb, Version=1.0.0.0, Culture=neutral, PublicKeyToken=null" name="TenderNeutralRewardsEnroll_LoyaltyTenderNeutralUnrecognisedUserLeaveFirstNameFieldBlankTabOut_ErrorMessageDisplayedSuccessfully" />
    </UnitTest>
    <UnitTest name="TenderNeutralRewardsEnroll_LoyaltyTNAuthenticatedUserSpecialCharacterinCodeField_ThrowseError" storage="c:\loyaltywebtest\web\test\ui\loyaltyweb\loyaltywebtest\loyaltywebtest\bin\debug\nordstrom.web.test.ui.loyaltyweb.dll" id="7003bcc1-5465-4329-b7ef-878c9e819482">
      <Description>Verify that error message is displayed when special characters are entered in mobile verification code field</Description>
      <TestCategory>
        <TestCategoryItem TestCategory="LoyaltyTenderNeutral" />
        <TestCategoryItem TestCategory="MobileVerification" />
      </TestCategory>
      <DeploymentItems>
        <DeploymentItem filename="ExternalBinaries" outputDirectory=".\ExternalBinaries" />
        <DeploymentItem filename="TestData" outputDirectory=".\TestData" />
        <DeploymentItem filename="TestRunConfig" outputDirectory=".\TestRunConfig" />
      </DeploymentItems>
      <Execution id="2c61fd86-8cf4-4f9d-991f-dfe88aece37f" />
      <TestMethod codeBase="C:/LoyaltyWebTest/Web/Test/UI/LoyaltyWeb/LoyaltyWebTest/LoyaltyWebTest/bin/Debug/Nordstrom.Web.Test.UI.LoyaltyWeb.DLL" adapterTypeName="Microsoft.VisualStudio.TestTools.TestTypes.Unit.UnitTestAdapter, Microsoft.VisualStudio.QualityTools.Tips.UnitTest.Adapter, Version=12.0.0.0, Culture=neutral, PublicKeyToken=b03f5f7f11d50a3a" className="Nordstrom.Web.Test.UI.LoyaltyWeb.LoyaltyTenderNeutralMobileVerificationPageTests, Nordstrom.Web.Test.UI.LoyaltyWeb, Version=1.0.0.0, Culture=neutral, PublicKeyToken=null" name="TenderNeutralRewardsEnroll_LoyaltyTNAuthenticatedUserSpecialCharacterinCodeField_ThrowseError" />
    </UnitTest>
    <UnitTest name="TenderNeutralRewardsEnroll_EnrollingWebGuestUserWithSpecialCharacterInFirstName_ThrowsError" storage="c:\loyaltywebtest\web\test\ui\loyaltyweb\loyaltywebtest\loyaltywebtest\bin\debug\nordstrom.web.test.ui.loyaltyweb.dll" id="4d638e32-5855-1388-3e9e-cde5f0a77c27">
      <Description>Verify that Invalid Special Character in First Name throws error</Description>
      <TestCategory>
        <TestCategoryItem TestCategory="LoyaltyTenderNeutral" />
        <TestCategoryItem TestCategory="Enroll" />
      </TestCategory>
      <DeploymentItems>
        <DeploymentItem filename="ExternalBinaries" outputDirectory=".\ExternalBinaries" />
        <DeploymentItem filename="TestData" outputDirectory=".\TestData" />
        <DeploymentItem filename="TestRunConfig" outputDirectory=".\TestRunConfig" />
      </DeploymentItems>
      <Execution id="2a967d40-52a3-4d13-b439-9990c6b4ba88" />
      <TestMethod codeBase="C:/LoyaltyWebTest/Web/Test/UI/LoyaltyWeb/LoyaltyWebTest/LoyaltyWebTest/bin/Debug/Nordstrom.Web.Test.UI.LoyaltyWeb.DLL" adapterTypeName="Microsoft.VisualStudio.TestTools.TestTypes.Unit.UnitTestAdapter, Microsoft.VisualStudio.QualityTools.Tips.UnitTest.Adapter, Version=12.0.0.0, Culture=neutral, PublicKeyToken=b03f5f7f11d50a3a" className="Nordstrom.Web.Test.UI.LoyaltyWeb.LoyaltyRegisterTests, Nordstrom.Web.Test.UI.LoyaltyWeb, Version=1.0.0.0, Culture=neutral, PublicKeyToken=null" name="TenderNeutralRewardsEnroll_EnrollingWebGuestUserWithSpecialCharacterInFirstName_ThrowsError" />
    </UnitTest>
    <UnitTest name="TenderNeutralRewardsEnroll_LoyaltyTenderNeutralGuestUserConfirmPasswordField_MismatchErrorMessageDisplayedSuccessfully" storage="c:\loyaltywebtest\web\test\ui\loyaltyweb\loyaltywebtest\loyaltywebtest\bin\debug\nordstrom.web.test.ui.loyaltyweb.dll" id="d3ba0755-91e1-30c5-315a-f25399e3023a">
      <Description>Verify the mismatch error message displayed for the invalid entry of confirm Password field</Description>
      <TestCategory>
        <TestCategoryItem TestCategory="LoyaltyTenderNeutral" />
        <TestCategoryItem TestCategory="Enroll" />
      </TestCategory>
      <DeploymentItems>
        <DeploymentItem filename="ExternalBinaries" outputDirectory=".\ExternalBinaries" />
        <DeploymentItem filename="TestData" outputDirectory=".\TestData" />
        <DeploymentItem filename="TestRunConfig" outputDirectory=".\TestRunConfig" />
      </DeploymentItems>
      <Execution id="beb39863-393f-473e-8efb-a14e5dd8a14e" />
      <TestMethod codeBase="C:/LoyaltyWebTest/Web/Test/UI/LoyaltyWeb/LoyaltyWebTest/LoyaltyWebTest/bin/Debug/Nordstrom.Web.Test.UI.LoyaltyWeb.DLL" adapterTypeName="Microsoft.VisualStudio.TestTools.TestTypes.Unit.UnitTestAdapter, Microsoft.VisualStudio.QualityTools.Tips.UnitTest.Adapter, Version=12.0.0.0, Culture=neutral, PublicKeyToken=b03f5f7f11d50a3a" className="Nordstrom.Web.Test.UI.LoyaltyWeb.LoyaltyRegisterTests, Nordstrom.Web.Test.UI.LoyaltyWeb, Version=1.0.0.0, Culture=neutral, PublicKeyToken=null" name="TenderNeutralRewardsEnroll_LoyaltyTenderNeutralGuestUserConfirmPasswordField_MismatchErrorMessageDisplayedSuccessfully" />
    </UnitTest>
    <UnitTest name="TenderNeutralEnroll_When15MinutesPassWithoutAuthenticatedUserActivity_ExpectSessionTimeoutInfoShowAndUserInfoDisappear" storage="c:\loyaltywebtest\web\test\ui\loyaltyweb\loyaltywebtest\loyaltywebtest\bin\debug\nordstrom.web.test.ui.loyaltyweb.dll" id="988daa97-185a-b36c-e2bb-1662c7eee467">
      <Description>Verify that when 15 minutes pass without authenticated user input, session time out area is shown and existing user personal info disappear.</Description>
      <TestCategory>
        <TestCategoryItem TestCategory="SensitiveData" />
        <TestCategoryItem TestCategory="LoyaltyTenderNeutral" />
      </TestCategory>
      <DeploymentItems>
        <DeploymentItem filename="ExternalBinaries" outputDirectory=".\ExternalBinaries" />
        <DeploymentItem filename="TestData" outputDirectory=".\TestData" />
        <DeploymentItem filename="TestRunConfig" outputDirectory=".\TestRunConfig" />
      </DeploymentItems>
      <Execution id="0f0d7cc7-66e5-4be5-89a1-dd2f88ff52a2" />
      <TestMethod codeBase="C:/LoyaltyWebTest/Web/Test/UI/LoyaltyWeb/LoyaltyWebTest/LoyaltyWebTest/bin/Debug/Nordstrom.Web.Test.UI.LoyaltyWeb.DLL" adapterTypeName="Microsoft.VisualStudio.TestTools.TestTypes.Unit.UnitTestAdapter, Microsoft.VisualStudio.QualityTools.Tips.UnitTest.Adapter, Version=12.0.0.0, Culture=neutral, PublicKeyToken=b03f5f7f11d50a3a" className="Nordstrom.Web.Test.UI.LoyaltyWeb.UserSensitiveDataCases, Nordstrom.Web.Test.UI.LoyaltyWeb, Version=1.0.0.0, Culture=neutral, PublicKeyToken=null" name="TenderNeutralEnroll_When15MinutesPassWithoutAuthenticatedUserActivity_ExpectSessionTimeoutInfoShowAndUserInfoDisappear" />
    </UnitTest>
    <UnitTest name="TenderNeutralAssociation_GuestUserEnrolledInLoyatyProgramFromServiceCenterGotoAssociationPage_ShouldSucceed" storage="c:\loyaltywebtest\web\test\ui\loyaltyweb\loyaltywebtest\loyaltywebtest\bin\debug\nordstrom.web.test.ui.loyaltyweb.dll" id="191d4ad9-bdce-2138-a783-33aefedbfec7">
      <Description>Verify that when enrolled user from Service center goes to Association page, he can type in his email and phone number and associate to loyalty program.</Description>
      <TestCategory>
        <TestCategoryItem TestCategory="LoyaltyTenderNeutral" />
        <TestCategoryItem TestCategory="Association" />
      </TestCategory>
      <DeploymentItems>
        <DeploymentItem filename="ExternalBinaries" outputDirectory=".\ExternalBinaries" />
        <DeploymentItem filename="TestData" outputDirectory=".\TestData" />
        <DeploymentItem filename="TestRunConfig" outputDirectory=".\TestRunConfig" />
      </DeploymentItems>
      <Execution id="ec79bec5-7a53-4166-8f46-b4f8df8c4395" />
      <TestMethod codeBase="C:/LoyaltyWebTest/Web/Test/UI/LoyaltyWeb/LoyaltyWebTest/LoyaltyWebTest/bin/Debug/Nordstrom.Web.Test.UI.LoyaltyWeb.DLL" adapterTypeName="Microsoft.VisualStudio.TestTools.TestTypes.Unit.UnitTestAdapter, Microsoft.VisualStudio.QualityTools.Tips.UnitTest.Adapter, Version=12.0.0.0, Culture=neutral, PublicKeyToken=b03f5f7f11d50a3a" className="Nordstrom.Web.Test.UI.LoyaltyWeb.LoyaltyAssociationTests, Nordstrom.Web.Test.UI.LoyaltyWeb, Version=1.0.0.0, Culture=neutral, PublicKeyToken=null" name="TenderNeutralAssociation_GuestUserEnrolledInLoyatyProgramFromServiceCenterGotoAssociationPage_ShouldSucceed" />
    </UnitTest>
    <UnitTest name="LoyaltyWelcomePage_HauteLookLogo_ShouldRender" storage="c:\loyaltywebtest\web\test\ui\loyaltyweb\loyaltywebtest\loyaltywebtest\bin\debug\nordstrom.web.test.ui.loyaltyweb.dll" id="a4820a9f-81f2-f74a-e78b-327ea50d8b48">
      <Description>HauteLook logo should link to the right url </Description>
      <TestCategory>
        <TestCategoryItem TestCategory="LoyaltyTenderNeutral" />
        <TestCategoryItem TestCategory="Welcome" />
      </TestCategory>
      <DeploymentItems>
        <DeploymentItem filename="ExternalBinaries" outputDirectory=".\ExternalBinaries" />
        <DeploymentItem filename="TestData" outputDirectory=".\TestData" />
        <DeploymentItem filename="TestRunConfig" outputDirectory=".\TestRunConfig" />
      </DeploymentItems>
      <Execution id="8ef106d3-9ace-4627-96e6-56bae25112aa" />
      <TestMethod codeBase="C:/LoyaltyWebTest/Web/Test/UI/LoyaltyWeb/LoyaltyWebTest/LoyaltyWebTest/bin/Debug/Nordstrom.Web.Test.UI.LoyaltyWeb.DLL" adapterTypeName="Microsoft.VisualStudio.TestTools.TestTypes.Unit.UnitTestAdapter, Microsoft.VisualStudio.QualityTools.Tips.UnitTest.Adapter, Version=12.0.0.0, Culture=neutral, PublicKeyToken=b03f5f7f11d50a3a" className="Nordstrom.Web.Test.UI.LoyaltyWeb.LoyaltyWelcomeTests, Nordstrom.Web.Test.UI.LoyaltyWeb, Version=1.0.0.0, Culture=neutral, PublicKeyToken=null" name="LoyaltyWelcomePage_HauteLookLogo_ShouldRender" />
    </UnitTest>
    <UnitTest name="MobileVerificationPageModalPopupsValidation_AuthenticatedUserMaximumLimitGetACodeClickValidation_ThrowsError" storage="c:\loyaltywebtest\web\test\ui\loyaltyweb\loyaltywebtest\loyaltywebtest\bin\debug\nordstrom.web.test.ui.loyaltyweb.dll" id="5c0ec21b-359a-7e0f-4182-44eb294aa758">
      <Description>Click on 'Get a new code' at maximum limit and verifying the error message displayed</Description>
      <TestCategory>
        <TestCategoryItem TestCategory="LoyaltyTenderNeutral" />
        <TestCategoryItem TestCategory="MobileVerification" />
      </TestCategory>
      <DeploymentItems>
        <DeploymentItem filename="ExternalBinaries" outputDirectory=".\ExternalBinaries" />
        <DeploymentItem filename="TestData" outputDirectory=".\TestData" />
        <DeploymentItem filename="TestRunConfig" outputDirectory=".\TestRunConfig" />
      </DeploymentItems>
      <Execution id="0b2e233a-5b06-4ce9-9900-491a3cee62c2" />
      <TestMethod codeBase="C:/LoyaltyWebTest/Web/Test/UI/LoyaltyWeb/LoyaltyWebTest/LoyaltyWebTest/bin/Debug/Nordstrom.Web.Test.UI.LoyaltyWeb.DLL" adapterTypeName="Microsoft.VisualStudio.TestTools.TestTypes.Unit.UnitTestAdapter, Microsoft.VisualStudio.QualityTools.Tips.UnitTest.Adapter, Version=12.0.0.0, Culture=neutral, PublicKeyToken=b03f5f7f11d50a3a" className="Nordstrom.Web.Test.UI.LoyaltyWeb.LoyaltyTenderNeutralMobileVerificationPageTests, Nordstrom.Web.Test.UI.LoyaltyWeb, Version=1.0.0.0, Culture=neutral, PublicKeyToken=null" name="MobileVerificationPageModalPopupsValidation_AuthenticatedUserMaximumLimitGetACodeClickValidation_ThrowsError" />
    </UnitTest>
    <UnitTest name="LoyaltyLearnPage_ClickAnniversarySaleEarlyAccessLink_RedirectToRelevantPageSuccessfully" storage="c:\loyaltywebtest\web\test\ui\loyaltyweb\loyaltywebtest\loyaltywebtest\bin\debug\nordstrom.web.test.ui.loyaltyweb.dll" id="cca0fcc7-ae32-cae3-80e1-d419dbf11c2f">
      <Description>To verify Anniversary Sale Early Access link on Learn Page is navigated to the relevant page successfully</Description>
      <TestCategory>
        <TestCategoryItem TestCategory="LoyaltyTenderNeutral" />
        <TestCategoryItem TestCategory="Learn" />
      </TestCategory>
      <DeploymentItems>
        <DeploymentItem filename="ExternalBinaries" outputDirectory=".\ExternalBinaries" />
        <DeploymentItem filename="TestData" outputDirectory=".\TestData" />
        <DeploymentItem filename="TestRunConfig" outputDirectory=".\TestRunConfig" />
      </DeploymentItems>
      <Execution id="9f4bd044-0da6-4978-ae0d-456b6d2b421b" />
      <TestMethod codeBase="C:/LoyaltyWebTest/Web/Test/UI/LoyaltyWeb/LoyaltyWebTest/LoyaltyWebTest/bin/Debug/Nordstrom.Web.Test.UI.LoyaltyWeb.DLL" adapterTypeName="Microsoft.VisualStudio.TestTools.TestTypes.Unit.UnitTestAdapter, Microsoft.VisualStudio.QualityTools.Tips.UnitTest.Adapter, Version=12.0.0.0, Culture=neutral, PublicKeyToken=b03f5f7f11d50a3a" className="Nordstrom.Web.Test.UI.LoyaltyWeb.LoyaltyLearnTests, Nordstrom.Web.Test.UI.LoyaltyWeb, Version=1.0.0.0, Culture=neutral, PublicKeyToken=null" name="LoyaltyLearnPage_ClickAnniversarySaleEarlyAccessLink_RedirectToRelevantPageSuccessfully" />
    </UnitTest>
    <UnitTest name="TenderNeutralAssociation_RecognizedUserEnrolledinLoyaltyFromServiceCenterToToWebAssociationPage_ShouldSucceed" storage="c:\loyaltywebtest\web\test\ui\loyaltyweb\loyaltywebtest\loyaltywebtest\bin\debug\nordstrom.web.test.ui.loyaltyweb.dll" id="07c18028-e476-f9b9-b536-4f84edee61f4">
      <Description>Verify that when recognized user enrolled from  Service Center goes to Association page, he can type in his email and phone number and associate to loyalty program.</Description>
      <TestCategory>
        <TestCategoryItem TestCategory="LoyaltyTenderNeutral" />
        <TestCategoryItem TestCategory="Association" />
      </TestCategory>
      <DeploymentItems>
        <DeploymentItem filename="ExternalBinaries" outputDirectory=".\ExternalBinaries" />
        <DeploymentItem filename="TestData" outputDirectory=".\TestData" />
        <DeploymentItem filename="TestRunConfig" outputDirectory=".\TestRunConfig" />
      </DeploymentItems>
      <Execution id="8e1e2c48-a417-4997-878f-f48fd9c3b452" />
      <TestMethod codeBase="C:/LoyaltyWebTest/Web/Test/UI/LoyaltyWeb/LoyaltyWebTest/LoyaltyWebTest/bin/Debug/Nordstrom.Web.Test.UI.LoyaltyWeb.DLL" adapterTypeName="Microsoft.VisualStudio.TestTools.TestTypes.Unit.UnitTestAdapter, Microsoft.VisualStudio.QualityTools.Tips.UnitTest.Adapter, Version=12.0.0.0, Culture=neutral, PublicKeyToken=b03f5f7f11d50a3a" className="Nordstrom.Web.Test.UI.LoyaltyWeb.LoyaltyAssociationTests, Nordstrom.Web.Test.UI.LoyaltyWeb, Version=1.0.0.0, Culture=neutral, PublicKeyToken=null" name="TenderNeutralAssociation_RecognizedUserEnrolledinLoyaltyFromServiceCenterToToWebAssociationPage_ShouldSucceed" />
    </UnitTest>
    <UnitTest name="LoyaltyLearnPage_WhenTypeRightURL_ShouldRenderLearnPage" storage="c:\loyaltywebtest\web\test\ui\loyaltyweb\loyaltywebtest\loyaltywebtest\bin\debug\nordstrom.web.test.ui.loyaltyweb.dll" id="5e694850-8294-57c8-4195-a3f1001f6ca7">
      <Description>Learn Page can be rendered correctly</Description>
      <TestCategory>
        <TestCategoryItem TestCategory="Learn" />
        <TestCategoryItem TestCategory="LoyaltyTenderNeutral" />
      </TestCategory>
      <DeploymentItems>
        <DeploymentItem filename="ExternalBinaries" outputDirectory=".\ExternalBinaries" />
        <DeploymentItem filename="TestData" outputDirectory=".\TestData" />
        <DeploymentItem filename="TestRunConfig" outputDirectory=".\TestRunConfig" />
      </DeploymentItems>
      <Execution id="2cb7face-1906-4cd0-9c94-5b70ffe372af" />
      <TestMethod codeBase="C:/LoyaltyWebTest/Web/Test/UI/LoyaltyWeb/LoyaltyWebTest/LoyaltyWebTest/bin/Debug/Nordstrom.Web.Test.UI.LoyaltyWeb.DLL" adapterTypeName="Microsoft.VisualStudio.TestTools.TestTypes.Unit.UnitTestAdapter, Microsoft.VisualStudio.QualityTools.Tips.UnitTest.Adapter, Version=12.0.0.0, Culture=neutral, PublicKeyToken=b03f5f7f11d50a3a" className="Nordstrom.Web.Test.UI.LoyaltyWeb.LoyaltyLearnTests, Nordstrom.Web.Test.UI.LoyaltyWeb, Version=1.0.0.0, Culture=neutral, PublicKeyToken=null" name="LoyaltyLearnPage_WhenTypeRightURL_ShouldRenderLearnPage" />
    </UnitTest>
    <UnitTest name="TenderNeutralAssociation_AssociatedEnrollMemberTryToAssociateAgain_ShouldGetRightMessage" storage="c:\loyaltywebtest\web\test\ui\loyaltyweb\loyaltywebtest\loyaltywebtest\bin\debug\nordstrom.web.test.ui.loyaltyweb.dll" id="523b92f4-898d-7cc7-e689-d5975b8374ee">
      <Description>When existing associated guest member wants to associate again and he got the error message</Description>
      <TestCategory>
        <TestCategoryItem TestCategory="LoyaltyTenderNeutral" />
        <TestCategoryItem TestCategory="Association" />
      </TestCategory>
      <DeploymentItems>
        <DeploymentItem filename="ExternalBinaries" outputDirectory=".\ExternalBinaries" />
        <DeploymentItem filename="TestData" outputDirectory=".\TestData" />
        <DeploymentItem filename="TestRunConfig" outputDirectory=".\TestRunConfig" />
      </DeploymentItems>
      <Execution id="cd6d2195-defa-4496-9f8e-648cac22957e" />
      <TestMethod codeBase="C:/LoyaltyWebTest/Web/Test/UI/LoyaltyWeb/LoyaltyWebTest/LoyaltyWebTest/bin/Debug/Nordstrom.Web.Test.UI.LoyaltyWeb.DLL" adapterTypeName="Microsoft.VisualStudio.TestTools.TestTypes.Unit.UnitTestAdapter, Microsoft.VisualStudio.QualityTools.Tips.UnitTest.Adapter, Version=12.0.0.0, Culture=neutral, PublicKeyToken=b03f5f7f11d50a3a" className="Nordstrom.Web.Test.UI.LoyaltyWeb.LoyaltyAssociationTests, Nordstrom.Web.Test.UI.LoyaltyWeb, Version=1.0.0.0, Culture=neutral, PublicKeyToken=null" name="TenderNeutralAssociation_AssociatedEnrollMemberTryToAssociateAgain_ShouldGetRightMessage" />
    </UnitTest>
    <UnitTest name="TenderNeutralEarn_AuthenticatedUserNotLinkedNordAccountAndTNNumber_ClickingOnPayNordCardLinkNavigatesToPaymentSectionSuccessfully" storage="c:\loyaltywebtest\web\test\ui\loyaltyweb\loyaltywebtest\loyaltywebtest\bin\debug\nordstrom.web.test.ui.loyaltyweb.dll" id="57d2f222-dabf-1931-f74a-107500e05da4">
      <Description>Verify that by clicking on 'Pay with your Nordstrom card' link, it navigates to Payment information with the fields open and editable.</Description>
      <TestCategory>
        <TestCategoryItem TestCategory="LoyaltyTenderNeutral" />
        <TestCategoryItem TestCategory="Earn" />
      </TestCategory>
      <DeploymentItems>
        <DeploymentItem filename="ExternalBinaries" outputDirectory=".\ExternalBinaries" />
        <DeploymentItem filename="TestData" outputDirectory=".\TestData" />
        <DeploymentItem filename="TestRunConfig" outputDirectory=".\TestRunConfig" />
      </DeploymentItems>
      <Execution id="d8501365-c4c3-4503-83a1-a0650e8787a4" />
      <TestMethod codeBase="C:/LoyaltyWebTest/Web/Test/UI/LoyaltyWeb/LoyaltyWebTest/LoyaltyWebTest/bin/Debug/Nordstrom.Web.Test.UI.LoyaltyWeb.DLL" adapterTypeName="Microsoft.VisualStudio.TestTools.TestTypes.Unit.UnitTestAdapter, Microsoft.VisualStudio.QualityTools.Tips.UnitTest.Adapter, Version=12.0.0.0, Culture=neutral, PublicKeyToken=b03f5f7f11d50a3a" className="Nordstrom.Web.Test.UI.LoyaltyWeb.LoyaltyEarnTests, Nordstrom.Web.Test.UI.LoyaltyWeb, Version=1.0.0.0, Culture=neutral, PublicKeyToken=null" name="TenderNeutralEarn_AuthenticatedUserNotLinkedNordAccountAndTNNumber_ClickingOnPayNordCardLinkNavigatesToPaymentSectionSuccessfully" />
    </UnitTest>
    <UnitTest name="TenderNeutralAssociation_PageContentShouldBeloadedSuccessfully" storage="c:\loyaltywebtest\web\test\ui\loyaltyweb\loyaltywebtest\loyaltywebtest\bin\debug\nordstrom.web.test.ui.loyaltyweb.dll" id="f99a3847-1f69-481e-31a1-d2fbcc2facd4">
      <Description>Verify that when user goes to Association page, container association div is fully loaded</Description>
      <TestCategory>
        <TestCategoryItem TestCategory="LoyaltyTenderNeutral" />
        <TestCategoryItem TestCategory="Association" />
      </TestCategory>
      <DeploymentItems>
        <DeploymentItem filename="ExternalBinaries" outputDirectory=".\ExternalBinaries" />
        <DeploymentItem filename="TestData" outputDirectory=".\TestData" />
        <DeploymentItem filename="TestRunConfig" outputDirectory=".\TestRunConfig" />
      </DeploymentItems>
      <Execution id="33ae1338-aead-407c-a210-da905e571b37" />
      <TestMethod codeBase="C:/LoyaltyWebTest/Web/Test/UI/LoyaltyWeb/LoyaltyWebTest/LoyaltyWebTest/bin/Debug/Nordstrom.Web.Test.UI.LoyaltyWeb.DLL" adapterTypeName="Microsoft.VisualStudio.TestTools.TestTypes.Unit.UnitTestAdapter, Microsoft.VisualStudio.QualityTools.Tips.UnitTest.Adapter, Version=12.0.0.0, Culture=neutral, PublicKeyToken=b03f5f7f11d50a3a" className="Nordstrom.Web.Test.UI.LoyaltyWeb.LoyaltyAssociationTests, Nordstrom.Web.Test.UI.LoyaltyWeb, Version=1.0.0.0, Culture=neutral, PublicKeyToken=null" name="TenderNeutralAssociation_PageContentShouldBeloadedSuccessfully" />
    </UnitTest>
    <UnitTest name="SuccessAssociationPageModalPopupsValidation_CloseButtonInDidntGetACodeModalValidation_CloseButtonInDidntGetACodeModalClosedModalSuccessfully" storage="c:\loyaltywebtest\web\test\ui\loyaltyweb\loyaltywebtest\loyaltywebtest\bin\debug\nordstrom.web.test.ui.loyaltyweb.dll" id="8814ad4a-610b-1476-179c-7964a75f96e9">
      <Description>Didn't Get A Code Modal Popup Close Button Functionality verification</Description>
      <TestCategory>
        <TestCategoryItem TestCategory="LoyaltyTenderNeutral" />
        <TestCategoryItem TestCategory="MobileVerification" />
      </TestCategory>
      <DeploymentItems>
        <DeploymentItem filename="ExternalBinaries" outputDirectory=".\ExternalBinaries" />
        <DeploymentItem filename="TestData" outputDirectory=".\TestData" />
        <DeploymentItem filename="TestRunConfig" outputDirectory=".\TestRunConfig" />
      </DeploymentItems>
      <Execution id="d1b7ea8f-672b-4394-9af2-6b9b3a6b9968" />
      <TestMethod codeBase="C:/LoyaltyWebTest/Web/Test/UI/LoyaltyWeb/LoyaltyWebTest/LoyaltyWebTest/bin/Debug/Nordstrom.Web.Test.UI.LoyaltyWeb.DLL" adapterTypeName="Microsoft.VisualStudio.TestTools.TestTypes.Unit.UnitTestAdapter, Microsoft.VisualStudio.QualityTools.Tips.UnitTest.Adapter, Version=12.0.0.0, Culture=neutral, PublicKeyToken=b03f5f7f11d50a3a" className="Nordstrom.Web.Test.UI.LoyaltyWeb.LoyaltyTenderNeutralMobileVerificationPageTests, Nordstrom.Web.Test.UI.LoyaltyWeb, Version=1.0.0.0, Culture=neutral, PublicKeyToken=null" name="SuccessAssociationPageModalPopupsValidation_CloseButtonInDidntGetACodeModalValidation_CloseButtonInDidntGetACodeModalClosedModalSuccessfully" />
    </UnitTest>
    <UnitTest name="TenderNeutralRewardsEnroll_AuthenticatedUserVerifyLinksOnThePage_LinksShouldNavigatetoCorrectUrls" storage="c:\loyaltywebtest\web\test\ui\loyaltyweb\loyaltywebtest\loyaltywebtest\bin\debug\nordstrom.web.test.ui.loyaltyweb.dll" id="9cf5e211-bf76-77a7-1a51-2660dd37747b">
      <Description>Verify that links on the enroll page works for an authenticated user</Description>
      <TestCategory>
        <TestCategoryItem TestCategory="LoyaltyTenderNeutral" />
        <TestCategoryItem TestCategory="Enroll" />
      </TestCategory>
      <DeploymentItems>
        <DeploymentItem filename="ExternalBinaries" outputDirectory=".\ExternalBinaries" />
        <DeploymentItem filename="TestData" outputDirectory=".\TestData" />
        <DeploymentItem filename="TestRunConfig" outputDirectory=".\TestRunConfig" />
      </DeploymentItems>
      <Execution id="e93c9f1b-5f2a-4ae1-9dc9-03c70df9ac93" />
      <TestMethod codeBase="C:/LoyaltyWebTest/Web/Test/UI/LoyaltyWeb/LoyaltyWebTest/LoyaltyWebTest/bin/Debug/Nordstrom.Web.Test.UI.LoyaltyWeb.DLL" adapterTypeName="Microsoft.VisualStudio.TestTools.TestTypes.Unit.UnitTestAdapter, Microsoft.VisualStudio.QualityTools.Tips.UnitTest.Adapter, Version=12.0.0.0, Culture=neutral, PublicKeyToken=b03f5f7f11d50a3a" className="Nordstrom.Web.Test.UI.LoyaltyWeb.LoyaltyRegisterTests, Nordstrom.Web.Test.UI.LoyaltyWeb, Version=1.0.0.0, Culture=neutral, PublicKeyToken=null" name="TenderNeutralRewardsEnroll_AuthenticatedUserVerifyLinksOnThePage_LinksShouldNavigatetoCorrectUrls" />
    </UnitTest>
    <UnitTest name="TenderNeutralRewardsEnroll_LoyaltyTNAuthenticatedUserFiveDigitsInCodeField_ThrowseError" storage="c:\loyaltywebtest\web\test\ui\loyaltyweb\loyaltywebtest\loyaltywebtest\bin\debug\nordstrom.web.test.ui.loyaltyweb.dll" id="f95a6f19-ee3b-53de-cf88-883fcaddfe39">
      <Description>Verify that error message is displayed when a five digit number is entered in mobile vrification code field</Description>
      <TestCategory>
        <TestCategoryItem TestCategory="LoyaltyTenderNeutral" />
        <TestCategoryItem TestCategory="MobileVerification" />
      </TestCategory>
      <DeploymentItems>
        <DeploymentItem filename="ExternalBinaries" outputDirectory=".\ExternalBinaries" />
        <DeploymentItem filename="TestData" outputDirectory=".\TestData" />
        <DeploymentItem filename="TestRunConfig" outputDirectory=".\TestRunConfig" />
      </DeploymentItems>
      <Execution id="cfc96512-8a27-4ae8-b78f-eebbe6247e23" />
      <TestMethod codeBase="C:/LoyaltyWebTest/Web/Test/UI/LoyaltyWeb/LoyaltyWebTest/LoyaltyWebTest/bin/Debug/Nordstrom.Web.Test.UI.LoyaltyWeb.DLL" adapterTypeName="Microsoft.VisualStudio.TestTools.TestTypes.Unit.UnitTestAdapter, Microsoft.VisualStudio.QualityTools.Tips.UnitTest.Adapter, Version=12.0.0.0, Culture=neutral, PublicKeyToken=b03f5f7f11d50a3a" className="Nordstrom.Web.Test.UI.LoyaltyWeb.LoyaltyTenderNeutralMobileVerificationPageTests, Nordstrom.Web.Test.UI.LoyaltyWeb, Version=1.0.0.0, Culture=neutral, PublicKeyToken=null" name="TenderNeutralRewardsEnroll_LoyaltyTNAuthenticatedUserFiveDigitsInCodeField_ThrowseError" />
    </UnitTest>
    <UnitTest name="SuccessAssociationPageModalPopupsValidation_AuthenticatedUserGetANewCodeModalContentValidation_GetANewCodeModalContentValidatedSuccessfully" storage="c:\loyaltywebtest\web\test\ui\loyaltyweb\loyaltywebtest\loyaltywebtest\bin\debug\nordstrom.web.test.ui.loyaltyweb.dll" id="aa85e4af-cb36-19c8-0057-a6b24c106f4d">
      <Description>Get a new code Modal Popup Content Validation for Association mobile verification modal</Description>
      <TestCategory>
        <TestCategoryItem TestCategory="LoyaltyTenderNeutral" />
        <TestCategoryItem TestCategory="MobileVerification" />
      </TestCategory>
      <DeploymentItems>
        <DeploymentItem filename="ExternalBinaries" outputDirectory=".\ExternalBinaries" />
        <DeploymentItem filename="TestData" outputDirectory=".\TestData" />
        <DeploymentItem filename="TestRunConfig" outputDirectory=".\TestRunConfig" />
      </DeploymentItems>
      <Execution id="941de644-6446-4d63-90c9-0a00d054b2e4" />
      <TestMethod codeBase="C:/LoyaltyWebTest/Web/Test/UI/LoyaltyWeb/LoyaltyWebTest/LoyaltyWebTest/bin/Debug/Nordstrom.Web.Test.UI.LoyaltyWeb.DLL" adapterTypeName="Microsoft.VisualStudio.TestTools.TestTypes.Unit.UnitTestAdapter, Microsoft.VisualStudio.QualityTools.Tips.UnitTest.Adapter, Version=12.0.0.0, Culture=neutral, PublicKeyToken=b03f5f7f11d50a3a" className="Nordstrom.Web.Test.UI.LoyaltyWeb.LoyaltyTenderNeutralMobileVerificationPageTests, Nordstrom.Web.Test.UI.LoyaltyWeb, Version=1.0.0.0, Culture=neutral, PublicKeyToken=null" name="SuccessAssociationPageModalPopupsValidation_AuthenticatedUserGetANewCodeModalContentValidation_GetANewCodeModalContentValidatedSuccessfully" />
    </UnitTest>
    <UnitTest name="TenderNeutralRewardsEnroll_EnrollingWebAuthenticatedUser_LoyaltyWebAccountCreatedSuccessfully" storage="c:\loyaltywebtest\web\test\ui\loyaltyweb\loyaltywebtest\loyaltywebtest\bin\debug\nordstrom.web.test.ui.loyaltyweb.dll" id="d4e6916d-b5c3-4e34-a42a-88ee7c6ccaa9">
      <Description>Verify the creation of a new loyalty web account for a N.com registered authenticated user</Description>
      <TestCategory>
        <TestCategoryItem TestCategory="LoyaltyTenderNeutral" />
        <TestCategoryItem TestCategory="Enroll" />
      </TestCategory>
      <DeploymentItems>
        <DeploymentItem filename="ExternalBinaries" outputDirectory=".\ExternalBinaries" />
        <DeploymentItem filename="TestData" outputDirectory=".\TestData" />
        <DeploymentItem filename="TestRunConfig" outputDirectory=".\TestRunConfig" />
      </DeploymentItems>
      <Execution id="7e7efd7d-7523-4202-b804-a4144c00c002" />
      <TestMethod codeBase="C:/LoyaltyWebTest/Web/Test/UI/LoyaltyWeb/LoyaltyWebTest/LoyaltyWebTest/bin/Debug/Nordstrom.Web.Test.UI.LoyaltyWeb.DLL" adapterTypeName="Microsoft.VisualStudio.TestTools.TestTypes.Unit.UnitTestAdapter, Microsoft.VisualStudio.QualityTools.Tips.UnitTest.Adapter, Version=12.0.0.0, Culture=neutral, PublicKeyToken=b03f5f7f11d50a3a" className="Nordstrom.Web.Test.UI.LoyaltyWeb.LoyaltyRegisterTests, Nordstrom.Web.Test.UI.LoyaltyWeb, Version=1.0.0.0, Culture=neutral, PublicKeyToken=null" name="TenderNeutralRewardsEnroll_EnrollingWebAuthenticatedUser_LoyaltyWebAccountCreatedSuccessfully" />
    </UnitTest>
    <UnitTest name="TenderNeutralRewardsEnroll_LoyaltyTNAuthenticatedUserSevenDigitsInCodeField_ThrowseError" storage="c:\loyaltywebtest\web\test\ui\loyaltyweb\loyaltywebtest\loyaltywebtest\bin\debug\nordstrom.web.test.ui.loyaltyweb.dll" id="5d94c71d-df20-d6cd-d92c-a694e0aa36bf">
      <Description>Verify that error message is displayed when a seven digit number is entered in mobile vrification code field</Description>
      <TestCategory>
        <TestCategoryItem TestCategory="LoyaltyTenderNeutral" />
        <TestCategoryItem TestCategory="MobileVerification" />
      </TestCategory>
      <DeploymentItems>
        <DeploymentItem filename="ExternalBinaries" outputDirectory=".\ExternalBinaries" />
        <DeploymentItem filename="TestData" outputDirectory=".\TestData" />
        <DeploymentItem filename="TestRunConfig" outputDirectory=".\TestRunConfig" />
      </DeploymentItems>
      <Execution id="f4ca0771-5461-472b-9b5b-8e098fbf7ea3" />
      <TestMethod codeBase="C:/LoyaltyWebTest/Web/Test/UI/LoyaltyWeb/LoyaltyWebTest/LoyaltyWebTest/bin/Debug/Nordstrom.Web.Test.UI.LoyaltyWeb.DLL" adapterTypeName="Microsoft.VisualStudio.TestTools.TestTypes.Unit.UnitTestAdapter, Microsoft.VisualStudio.QualityTools.Tips.UnitTest.Adapter, Version=12.0.0.0, Culture=neutral, PublicKeyToken=b03f5f7f11d50a3a" className="Nordstrom.Web.Test.UI.LoyaltyWeb.LoyaltyTenderNeutralMobileVerificationPageTests, Nordstrom.Web.Test.UI.LoyaltyWeb, Version=1.0.0.0, Culture=neutral, PublicKeyToken=null" name="TenderNeutralRewardsEnroll_LoyaltyTNAuthenticatedUserSevenDigitsInCodeField_ThrowseError" />
    </UnitTest>
    <UnitTest name="TenderNeutralRewardsEnroll_MarketingPreferenceForRecognizedUser_MarketingPreferenceNotDisplayed" storage="c:\loyaltywebtest\web\test\ui\loyaltyweb\loyaltywebtest\loyaltywebtest\bin\debug\nordstrom.web.test.ui.loyaltyweb.dll" id="01347002-569a-eb94-de92-c8249c2837bc">
      <Description>Verify that the marketing preference is not displayed on Loyalty register page for a recognized user</Description>
      <TestCategory>
        <TestCategoryItem TestCategory="LoyaltyTenderNeutral" />
        <TestCategoryItem TestCategory="Enroll" />
      </TestCategory>
      <DeploymentItems>
        <DeploymentItem filename="ExternalBinaries" outputDirectory=".\ExternalBinaries" />
        <DeploymentItem filename="TestData" outputDirectory=".\TestData" />
        <DeploymentItem filename="TestRunConfig" outputDirectory=".\TestRunConfig" />
      </DeploymentItems>
      <Execution id="224e1e76-2a64-40ee-91fa-27e5eb8e47d5" />
      <TestMethod codeBase="C:/LoyaltyWebTest/Web/Test/UI/LoyaltyWeb/LoyaltyWebTest/LoyaltyWebTest/bin/Debug/Nordstrom.Web.Test.UI.LoyaltyWeb.DLL" adapterTypeName="Microsoft.VisualStudio.TestTools.TestTypes.Unit.UnitTestAdapter, Microsoft.VisualStudio.QualityTools.Tips.UnitTest.Adapter, Version=12.0.0.0, Culture=neutral, PublicKeyToken=b03f5f7f11d50a3a" className="Nordstrom.Web.Test.UI.LoyaltyWeb.LoyaltyRegisterTests, Nordstrom.Web.Test.UI.LoyaltyWeb, Version=1.0.0.0, Culture=neutral, PublicKeyToken=null" name="TenderNeutralRewardsEnroll_MarketingPreferenceForRecognizedUser_MarketingPreferenceNotDisplayed" />
    </UnitTest>
    <UnitTest name="MobileVerificationPage_WhenEnrolledUserTypeExpiredCode_ShouldGetExpiredErrorMessage" storage="c:\loyaltywebtest\web\test\ui\loyaltyweb\loyaltywebtest\loyaltywebtest\bin\debug\nordstrom.web.test.ui.loyaltyweb.dll" id="49a974b3-ec64-d3af-0151-561a64779c12">
      <Description>One minute after valid code is passed, the user enters the code and get expired messages</Description>
      <TestCategory>
        <TestCategoryItem TestCategory="LoyaltyTenderNeutral" />
        <TestCategoryItem TestCategory="MobileVerification" />
      </TestCategory>
      <DeploymentItems>
        <DeploymentItem filename="ExternalBinaries" outputDirectory=".\ExternalBinaries" />
        <DeploymentItem filename="TestData" outputDirectory=".\TestData" />
        <DeploymentItem filename="TestRunConfig" outputDirectory=".\TestRunConfig" />
      </DeploymentItems>
      <Execution id="f7484d27-4be8-41d1-b076-54380f2fdeb2" />
      <TestMethod codeBase="C:/LoyaltyWebTest/Web/Test/UI/LoyaltyWeb/LoyaltyWebTest/LoyaltyWebTest/bin/Debug/Nordstrom.Web.Test.UI.LoyaltyWeb.DLL" adapterTypeName="Microsoft.VisualStudio.TestTools.TestTypes.Unit.UnitTestAdapter, Microsoft.VisualStudio.QualityTools.Tips.UnitTest.Adapter, Version=12.0.0.0, Culture=neutral, PublicKeyToken=b03f5f7f11d50a3a" className="Nordstrom.Web.Test.UI.LoyaltyWeb.LoyaltyTenderNeutralMobileVerificationPageTests, Nordstrom.Web.Test.UI.LoyaltyWeb, Version=1.0.0.0, Culture=neutral, PublicKeyToken=null" name="MobileVerificationPage_WhenEnrolledUserTypeExpiredCode_ShouldGetExpiredErrorMessage" />
    </UnitTest>
    <UnitTest name="TenderNeutralAssociation_WebAccountAssociationFromStoreCustomer_ShouldSucceed" storage="c:\loyaltywebtest\web\test\ui\loyaltyweb\loyaltywebtest\loyaltywebtest\bin\debug\nordstrom.web.test.ui.loyaltyweb.dll" id="0f205b7b-b7e4-d1b8-1e8c-26d1b4231555">
      <Description>Verify that when store enrolled user goes to Association page, he can type in his email and phone number and associate to web account.</Description>
      <TestCategory>
        <TestCategoryItem TestCategory="LoyaltyTenderNeutral" />
        <TestCategoryItem TestCategory="Association" />
      </TestCategory>
      <DeploymentItems>
        <DeploymentItem filename="ExternalBinaries" outputDirectory=".\ExternalBinaries" />
        <DeploymentItem filename="TestData" outputDirectory=".\TestData" />
        <DeploymentItem filename="TestRunConfig" outputDirectory=".\TestRunConfig" />
      </DeploymentItems>
      <Execution id="aa7c69ba-247f-49cd-a689-6a1dd4245df2" />
      <TestMethod codeBase="C:/LoyaltyWebTest/Web/Test/UI/LoyaltyWeb/LoyaltyWebTest/LoyaltyWebTest/bin/Debug/Nordstrom.Web.Test.UI.LoyaltyWeb.DLL" adapterTypeName="Microsoft.VisualStudio.TestTools.TestTypes.Unit.UnitTestAdapter, Microsoft.VisualStudio.QualityTools.Tips.UnitTest.Adapter, Version=12.0.0.0, Culture=neutral, PublicKeyToken=b03f5f7f11d50a3a" className="Nordstrom.Web.Test.UI.LoyaltyWeb.LoyaltyAssociationTests, Nordstrom.Web.Test.UI.LoyaltyWeb, Version=1.0.0.0, Culture=neutral, PublicKeyToken=null" name="TenderNeutralAssociation_WebAccountAssociationFromStoreCustomer_ShouldSucceed" />
    </UnitTest>
    <UnitTest name="SuccessAssociationPageModalPopupsValidation_AuthenticatedUserDidntGetACodeModalContentValidation_DidntGetACodeModalContentValidatedSuccessfully" storage="c:\loyaltywebtest\web\test\ui\loyaltyweb\loyaltywebtest\loyaltywebtest\bin\debug\nordstrom.web.test.ui.loyaltyweb.dll" id="d0950b0b-ed3c-7fe5-5ab1-a2a80aa43ac2">
      <Description>Didn't Get A Code Modal Popup Content Validation for Association mobile verification modal</Description>
      <TestCategory>
        <TestCategoryItem TestCategory="LoyaltyTenderNeutral" />
        <TestCategoryItem TestCategory="MobileVerification" />
      </TestCategory>
      <DeploymentItems>
        <DeploymentItem filename="ExternalBinaries" outputDirectory=".\ExternalBinaries" />
        <DeploymentItem filename="TestData" outputDirectory=".\TestData" />
        <DeploymentItem filename="TestRunConfig" outputDirectory=".\TestRunConfig" />
      </DeploymentItems>
      <Execution id="60938ad6-1ee5-4726-b1bc-220f02dc7413" />
      <TestMethod codeBase="C:/LoyaltyWebTest/Web/Test/UI/LoyaltyWeb/LoyaltyWebTest/LoyaltyWebTest/bin/Debug/Nordstrom.Web.Test.UI.LoyaltyWeb.DLL" adapterTypeName="Microsoft.VisualStudio.TestTools.TestTypes.Unit.UnitTestAdapter, Microsoft.VisualStudio.QualityTools.Tips.UnitTest.Adapter, Version=12.0.0.0, Culture=neutral, PublicKeyToken=b03f5f7f11d50a3a" className="Nordstrom.Web.Test.UI.LoyaltyWeb.LoyaltyTenderNeutralMobileVerificationPageTests, Nordstrom.Web.Test.UI.LoyaltyWeb, Version=1.0.0.0, Culture=neutral, PublicKeyToken=null" name="SuccessAssociationPageModalPopupsValidation_AuthenticatedUserDidntGetACodeModalContentValidation_DidntGetACodeModalContentValidatedSuccessfully" />
    </UnitTest>
    <UnitTest name="TenderNeutralAssociation_WebAssociatedEnrollMemberTryToAssociateAgain_ShouldGetRightMessage" storage="c:\loyaltywebtest\web\test\ui\loyaltyweb\loyaltywebtest\loyaltywebtest\bin\debug\nordstrom.web.test.ui.loyaltyweb.dll" id="f7d013bf-844c-5140-5447-28322266c549">
      <Description>When existing web associated guest memeber wants to associate again and he got the error message</Description>
      <TestCategory>
        <TestCategoryItem TestCategory="LoyaltyTenderNeutral" />
        <TestCategoryItem TestCategory="Association" />
      </TestCategory>
      <DeploymentItems>
        <DeploymentItem filename="ExternalBinaries" outputDirectory=".\ExternalBinaries" />
        <DeploymentItem filename="TestData" outputDirectory=".\TestData" />
        <DeploymentItem filename="TestRunConfig" outputDirectory=".\TestRunConfig" />
      </DeploymentItems>
      <Execution id="83cdd17d-117b-430d-83d4-52be0b38d9a0" />
      <TestMethod codeBase="C:/LoyaltyWebTest/Web/Test/UI/LoyaltyWeb/LoyaltyWebTest/LoyaltyWebTest/bin/Debug/Nordstrom.Web.Test.UI.LoyaltyWeb.DLL" adapterTypeName="Microsoft.VisualStudio.TestTools.TestTypes.Unit.UnitTestAdapter, Microsoft.VisualStudio.QualityTools.Tips.UnitTest.Adapter, Version=12.0.0.0, Culture=neutral, PublicKeyToken=b03f5f7f11d50a3a" className="Nordstrom.Web.Test.UI.LoyaltyWeb.LoyaltyAssociationTests, Nordstrom.Web.Test.UI.LoyaltyWeb, Version=1.0.0.0, Culture=neutral, PublicKeyToken=null" name="TenderNeutralAssociation_WebAssociatedEnrollMemberTryToAssociateAgain_ShouldGetRightMessage" />
    </UnitTest>
    <UnitTest name="TenderNeutralRewardsEnroll_MultipleUserScenariosBasic_EnrollShouldBeSucceedInTheEnd" storage="c:\loyaltywebtest\web\test\ui\loyaltyweb\loyaltywebtest\loyaltywebtest\bin\debug\nordstrom.web.test.ui.loyaltyweb.dll" id="62c23b49-01d5-ec14-64fa-60b14f5b3266">
      <Description>A end to end user scenarios test</Description>
      <TestCategory>
        <TestCategoryItem TestCategory="Enroll" />
        <TestCategoryItem TestCategory="LoyaltyTenderNeutral" />
      </TestCategory>
      <DeploymentItems>
        <DeploymentItem filename="ExternalBinaries" outputDirectory=".\ExternalBinaries" />
        <DeploymentItem filename="TestData" outputDirectory=".\TestData" />
        <DeploymentItem filename="TestRunConfig" outputDirectory=".\TestRunConfig" />
      </DeploymentItems>
      <Execution id="958aee2f-6caa-4e54-8777-b77d80e6f6e8" />
      <TestMethod codeBase="C:/LoyaltyWebTest/Web/Test/UI/LoyaltyWeb/LoyaltyWebTest/LoyaltyWebTest/bin/Debug/Nordstrom.Web.Test.UI.LoyaltyWeb.DLL" adapterTypeName="Microsoft.VisualStudio.TestTools.TestTypes.Unit.UnitTestAdapter, Microsoft.VisualStudio.QualityTools.Tips.UnitTest.Adapter, Version=12.0.0.0, Culture=neutral, PublicKeyToken=b03f5f7f11d50a3a" className="Nordstrom.Web.Test.UI.LoyaltyWeb.LoyaltyRegisterTests, Nordstrom.Web.Test.UI.LoyaltyWeb, Version=1.0.0.0, Culture=neutral, PublicKeyToken=null" name="TenderNeutralRewardsEnroll_MultipleUserScenariosBasic_EnrollShouldBeSucceedInTheEnd" />
    </UnitTest>
    <UnitTest name="LoyaltyWelcomePage_WhenTypeRightURL_ShouldRenderWelcomePage" storage="c:\loyaltywebtest\web\test\ui\loyaltyweb\loyaltywebtest\loyaltywebtest\bin\debug\nordstrom.web.test.ui.loyaltyweb.dll" id="e3a562d7-b300-5f52-06c2-7be31e66bd96">
      <Description>Authenticated User should remain authenticated when goes to Welcome page</Description>
      <TestCategory>
        <TestCategoryItem TestCategory="Welcome" />
        <TestCategoryItem TestCategory="LoyaltyTenderNeutral" />
      </TestCategory>
      <DeploymentItems>
        <DeploymentItem filename="ExternalBinaries" outputDirectory=".\ExternalBinaries" />
        <DeploymentItem filename="TestData" outputDirectory=".\TestData" />
        <DeploymentItem filename="TestRunConfig" outputDirectory=".\TestRunConfig" />
      </DeploymentItems>
      <Execution id="855f8ae7-f03b-4d52-bcd1-9bbfc419ccb3" />
      <TestMethod codeBase="C:/LoyaltyWebTest/Web/Test/UI/LoyaltyWeb/LoyaltyWebTest/LoyaltyWebTest/bin/Debug/Nordstrom.Web.Test.UI.LoyaltyWeb.DLL" adapterTypeName="Microsoft.VisualStudio.TestTools.TestTypes.Unit.UnitTestAdapter, Microsoft.VisualStudio.QualityTools.Tips.UnitTest.Adapter, Version=12.0.0.0, Culture=neutral, PublicKeyToken=b03f5f7f11d50a3a" className="Nordstrom.Web.Test.UI.LoyaltyWeb.LoyaltyWelcomeTests, Nordstrom.Web.Test.UI.LoyaltyWeb, Version=1.0.0.0, Culture=neutral, PublicKeyToken=null" name="LoyaltyWelcomePage_WhenTypeRightURL_ShouldRenderWelcomePage" />
    </UnitTest>
    <UnitTest name="TenderNeutralRewardsRegister_GuestUserEnrollWithExistingPhoneAndEmailinEnrollProgram_ShouldFailInEnroll" storage="c:\loyaltywebtest\web\test\ui\loyaltyweb\loyaltywebtest\loyaltywebtest\bin\debug\nordstrom.web.test.ui.loyaltyweb.dll" id="16b9e740-57f9-b3e8-d3d8-86b65bd85034">
      <Description>Guest user enrolling with existing enroll email and phone would fail</Description>
      <TestCategory>
        <TestCategoryItem TestCategory="LoyaltyTenderNeutral" />
        <TestCategoryItem TestCategory="Enroll" />
      </TestCategory>
      <DeploymentItems>
        <DeploymentItem filename="ExternalBinaries" outputDirectory=".\ExternalBinaries" />
        <DeploymentItem filename="TestData" outputDirectory=".\TestData" />
        <DeploymentItem filename="TestRunConfig" outputDirectory=".\TestRunConfig" />
      </DeploymentItems>
      <Execution id="4e011f68-ef6a-495d-8650-a524fffeb826" />
      <TestMethod codeBase="C:/LoyaltyWebTest/Web/Test/UI/LoyaltyWeb/LoyaltyWebTest/LoyaltyWebTest/bin/Debug/Nordstrom.Web.Test.UI.LoyaltyWeb.DLL" adapterTypeName="Microsoft.VisualStudio.TestTools.TestTypes.Unit.UnitTestAdapter, Microsoft.VisualStudio.QualityTools.Tips.UnitTest.Adapter, Version=12.0.0.0, Culture=neutral, PublicKeyToken=b03f5f7f11d50a3a" className="Nordstrom.Web.Test.UI.LoyaltyWeb.LoyaltyRegisterTests, Nordstrom.Web.Test.UI.LoyaltyWeb, Version=1.0.0.0, Culture=neutral, PublicKeyToken=null" name="TenderNeutralRewardsRegister_GuestUserEnrollWithExistingPhoneAndEmailinEnrollProgram_ShouldFailInEnroll" />
    </UnitTest>
    <UnitTest name="LoyaltyLearnPage_ClickGiveUsFeedbackLink_NavigatesToRelevantPageSuccessfully" storage="c:\loyaltywebtest\web\test\ui\loyaltyweb\loyaltywebtest\loyaltywebtest\bin\debug\nordstrom.web.test.ui.loyaltyweb.dll" id="79b567e2-f99e-8fc8-39fc-28d1643a0d21">
      <Description>To verify Give us feedback link on Learn Page is navigated to the relevant page successfully</Description>
      <TestCategory>
        <TestCategoryItem TestCategory="LoyaltyTenderNeutral" />
        <TestCategoryItem TestCategory="Learn" />
      </TestCategory>
      <DeploymentItems>
        <DeploymentItem filename="ExternalBinaries" outputDirectory=".\ExternalBinaries" />
        <DeploymentItem filename="TestData" outputDirectory=".\TestData" />
        <DeploymentItem filename="TestRunConfig" outputDirectory=".\TestRunConfig" />
      </DeploymentItems>
      <Execution id="4fcc1084-23be-4305-bc6f-b76c7effb802" />
      <TestMethod codeBase="C:/LoyaltyWebTest/Web/Test/UI/LoyaltyWeb/LoyaltyWebTest/LoyaltyWebTest/bin/Debug/Nordstrom.Web.Test.UI.LoyaltyWeb.DLL" adapterTypeName="Microsoft.VisualStudio.TestTools.TestTypes.Unit.UnitTestAdapter, Microsoft.VisualStudio.QualityTools.Tips.UnitTest.Adapter, Version=12.0.0.0, Culture=neutral, PublicKeyToken=b03f5f7f11d50a3a" className="Nordstrom.Web.Test.UI.LoyaltyWeb.LoyaltyLearnTests, Nordstrom.Web.Test.UI.LoyaltyWeb, Version=1.0.0.0, Culture=neutral, PublicKeyToken=null" name="LoyaltyLearnPage_ClickGiveUsFeedbackLink_NavigatesToRelevantPageSuccessfully" />
    </UnitTest>
    <UnitTest name="TenderNeutralRewardsEnroll_LoyaltyTenderNeutralUnrecognisedUserLeaveLastNameFieldBlank_ErrorMessageDisplayedSuccessfully" storage="c:\loyaltywebtest\web\test\ui\loyaltyweb\loyaltywebtest\loyaltywebtest\bin\debug\nordstrom.web.test.ui.loyaltyweb.dll" id="cf957190-74f0-1644-0567-383976a0bbbf">
      <Description>Verify that error message appear for last name field when it is left blank for unrecognised user</Description>
      <TestCategory>
        <TestCategoryItem TestCategory="Enroll" />
        <TestCategoryItem TestCategory="LoyaltyTenderNeutral" />
      </TestCategory>
      <DeploymentItems>
        <DeploymentItem filename="ExternalBinaries" outputDirectory=".\ExternalBinaries" />
        <DeploymentItem filename="TestData" outputDirectory=".\TestData" />
        <DeploymentItem filename="TestRunConfig" outputDirectory=".\TestRunConfig" />
      </DeploymentItems>
      <Execution id="dbe4218e-7025-4710-9cbd-7553ca0a8775" />
      <TestMethod codeBase="C:/LoyaltyWebTest/Web/Test/UI/LoyaltyWeb/LoyaltyWebTest/LoyaltyWebTest/bin/Debug/Nordstrom.Web.Test.UI.LoyaltyWeb.DLL" adapterTypeName="Microsoft.VisualStudio.TestTools.TestTypes.Unit.UnitTestAdapter, Microsoft.VisualStudio.QualityTools.Tips.UnitTest.Adapter, Version=12.0.0.0, Culture=neutral, PublicKeyToken=b03f5f7f11d50a3a" className="Nordstrom.Web.Test.UI.LoyaltyWeb.LoyaltyRegisterTests, Nordstrom.Web.Test.UI.LoyaltyWeb, Version=1.0.0.0, Culture=neutral, PublicKeyToken=null" name="TenderNeutralRewardsEnroll_LoyaltyTenderNeutralUnrecognisedUserLeaveLastNameFieldBlank_ErrorMessageDisplayedSuccessfully" />
    </UnitTest>
    <UnitTest name="TenderNeutralAssociation_EnrolledCustomerComesToAssociationPageUsingDifferentPhoneNumber_ShouldGetErrorMessage" storage="c:\loyaltywebtest\web\test\ui\loyaltyweb\loyaltywebtest\loyaltywebtest\bin\debug\nordstrom.web.test.ui.loyaltyweb.dll" id="ddc0ef36-7f91-531c-b15e-3ce594d4effc">
      <Description>Customer enrolled in store. As he types wrong phone, he got right error message.</Description>
      <TestCategory>
        <TestCategoryItem TestCategory="LoyaltyTenderNeutral" />
        <TestCategoryItem TestCategory="Association" />
      </TestCategory>
      <DeploymentItems>
        <DeploymentItem filename="ExternalBinaries" outputDirectory=".\ExternalBinaries" />
        <DeploymentItem filename="TestData" outputDirectory=".\TestData" />
        <DeploymentItem filename="TestRunConfig" outputDirectory=".\TestRunConfig" />
      </DeploymentItems>
      <Execution id="43d340aa-51d4-4cdd-9c4e-8025f2344912" />
      <TestMethod codeBase="C:/LoyaltyWebTest/Web/Test/UI/LoyaltyWeb/LoyaltyWebTest/LoyaltyWebTest/bin/Debug/Nordstrom.Web.Test.UI.LoyaltyWeb.DLL" adapterTypeName="Microsoft.VisualStudio.TestTools.TestTypes.Unit.UnitTestAdapter, Microsoft.VisualStudio.QualityTools.Tips.UnitTest.Adapter, Version=12.0.0.0, Culture=neutral, PublicKeyToken=b03f5f7f11d50a3a" className="Nordstrom.Web.Test.UI.LoyaltyWeb.LoyaltyAssociationTests, Nordstrom.Web.Test.UI.LoyaltyWeb, Version=1.0.0.0, Culture=neutral, PublicKeyToken=null" name="TenderNeutralAssociation_EnrolledCustomerComesToAssociationPageUsingDifferentPhoneNumber_ShouldGetErrorMessage" />
    </UnitTest>
    <UnitTest name="TenderNeutralRewardsRegister_RecognizedUserEnrollWithWrongPassword_ShouldFailInEnroll" storage="c:\loyaltywebtest\web\test\ui\loyaltyweb\loyaltywebtest\loyaltywebtest\bin\debug\nordstrom.web.test.ui.loyaltyweb.dll" id="3436681d-5283-dca4-7aad-db3743bc4bf6">
      <Description>Recognized user enrolling with wrong password would not succeed in enrollment.</Description>
      <TestCategory>
        <TestCategoryItem TestCategory="LoyaltyTenderNeutral" />
        <TestCategoryItem TestCategory="Enroll" />
      </TestCategory>
      <DeploymentItems>
        <DeploymentItem filename="ExternalBinaries" outputDirectory=".\ExternalBinaries" />
        <DeploymentItem filename="TestData" outputDirectory=".\TestData" />
        <DeploymentItem filename="TestRunConfig" outputDirectory=".\TestRunConfig" />
      </DeploymentItems>
      <Execution id="115f149b-ab98-4983-9631-2c88182cd632" />
      <TestMethod codeBase="C:/LoyaltyWebTest/Web/Test/UI/LoyaltyWeb/LoyaltyWebTest/LoyaltyWebTest/bin/Debug/Nordstrom.Web.Test.UI.LoyaltyWeb.DLL" adapterTypeName="Microsoft.VisualStudio.TestTools.TestTypes.Unit.UnitTestAdapter, Microsoft.VisualStudio.QualityTools.Tips.UnitTest.Adapter, Version=12.0.0.0, Culture=neutral, PublicKeyToken=b03f5f7f11d50a3a" className="Nordstrom.Web.Test.UI.LoyaltyWeb.LoyaltyRegisterTests, Nordstrom.Web.Test.UI.LoyaltyWeb, Version=1.0.0.0, Culture=neutral, PublicKeyToken=null" name="TenderNeutralRewardsRegister_RecognizedUserEnrollWithWrongPassword_ShouldFailInEnroll" />
    </UnitTest>
    <UnitTest name="SuccessAssociationPageModalPopupsValidation_GuestUserGetANewCodePhoneNumberValidation_PhoneNumberToAssociateValidatedSuccessfully" storage="c:\loyaltywebtest\web\test\ui\loyaltyweb\loyaltywebtest\loyaltywebtest\bin\debug\nordstrom.web.test.ui.loyaltyweb.dll" id="70b5096a-4d76-50d1-927f-d842acd0d8ad">
      <Description>Verify that the phone number used to associate is displayed in the Get a new code pop in success mobile verification page</Description>
      <TestCategory>
        <TestCategoryItem TestCategory="LoyaltyTenderNeutral" />
        <TestCategoryItem TestCategory="MobileVerification" />
      </TestCategory>
      <DeploymentItems>
        <DeploymentItem filename="ExternalBinaries" outputDirectory=".\ExternalBinaries" />
        <DeploymentItem filename="TestData" outputDirectory=".\TestData" />
        <DeploymentItem filename="TestRunConfig" outputDirectory=".\TestRunConfig" />
      </DeploymentItems>
      <Execution id="4d408536-1646-4eb6-8ecd-391c3c9b7913" />
      <TestMethod codeBase="C:/LoyaltyWebTest/Web/Test/UI/LoyaltyWeb/LoyaltyWebTest/LoyaltyWebTest/bin/Debug/Nordstrom.Web.Test.UI.LoyaltyWeb.DLL" adapterTypeName="Microsoft.VisualStudio.TestTools.TestTypes.Unit.UnitTestAdapter, Microsoft.VisualStudio.QualityTools.Tips.UnitTest.Adapter, Version=12.0.0.0, Culture=neutral, PublicKeyToken=b03f5f7f11d50a3a" className="Nordstrom.Web.Test.UI.LoyaltyWeb.LoyaltyTenderNeutralMobileVerificationPageTests, Nordstrom.Web.Test.UI.LoyaltyWeb, Version=1.0.0.0, Culture=neutral, PublicKeyToken=null" name="SuccessAssociationPageModalPopupsValidation_GuestUserGetANewCodePhoneNumberValidation_PhoneNumberToAssociateValidatedSuccessfully" />
    </UnitTest>
    <UnitTest name="TenderNeutralAssociation_AuthenticatedUser_ConfirmationForNordAccountAndRewardsMembershipSuccessfullyLinked" storage="c:\loyaltywebtest\web\test\ui\loyaltyweb\loyaltywebtest\loyaltywebtest\bin\debug\nordstrom.web.test.ui.loyaltyweb.dll" id="56bc2a30-7431-366f-3cd8-0390dd04c1b6">
      <Description>Authenticated user gets confirmation after successful web association</Description>
      <TestCategory>
        <TestCategoryItem TestCategory="LoyaltyTenderNeutral" />
        <TestCategoryItem TestCategory="Association" />
      </TestCategory>
      <DeploymentItems>
        <DeploymentItem filename="ExternalBinaries" outputDirectory=".\ExternalBinaries" />
        <DeploymentItem filename="TestData" outputDirectory=".\TestData" />
        <DeploymentItem filename="TestRunConfig" outputDirectory=".\TestRunConfig" />
      </DeploymentItems>
      <Execution id="e4e79de4-991d-464e-b613-b373b83b0f9a" />
      <TestMethod codeBase="C:/LoyaltyWebTest/Web/Test/UI/LoyaltyWeb/LoyaltyWebTest/LoyaltyWebTest/bin/Debug/Nordstrom.Web.Test.UI.LoyaltyWeb.DLL" adapterTypeName="Microsoft.VisualStudio.TestTools.TestTypes.Unit.UnitTestAdapter, Microsoft.VisualStudio.QualityTools.Tips.UnitTest.Adapter, Version=12.0.0.0, Culture=neutral, PublicKeyToken=b03f5f7f11d50a3a" className="Nordstrom.Web.Test.UI.LoyaltyWeb.LoyaltyAssociationTests, Nordstrom.Web.Test.UI.LoyaltyWeb, Version=1.0.0.0, Culture=neutral, PublicKeyToken=null" name="TenderNeutralAssociation_AuthenticatedUser_ConfirmationForNordAccountAndRewardsMembershipSuccessfullyLinked" />
    </UnitTest>
    <UnitTest name="LoyaltyLearnPage_ClickSignInLink_NavigatesToSignInPageSuccessfully" storage="c:\loyaltywebtest\web\test\ui\loyaltyweb\loyaltywebtest\loyaltywebtest\bin\debug\nordstrom.web.test.ui.loyaltyweb.dll" id="e8313b37-cad0-8bea-af01-abb87214c79f">
      <Description>To verify SignIn link on Learn Page is navigated to the relevant page successfully</Description>
      <TestCategory>
        <TestCategoryItem TestCategory="LoyaltyTenderNeutral" />
        <TestCategoryItem TestCategory="Learn" />
      </TestCategory>
      <DeploymentItems>
        <DeploymentItem filename="ExternalBinaries" outputDirectory=".\ExternalBinaries" />
        <DeploymentItem filename="TestData" outputDirectory=".\TestData" />
        <DeploymentItem filename="TestRunConfig" outputDirectory=".\TestRunConfig" />
      </DeploymentItems>
      <Execution id="47613db8-a664-4508-a427-eb6fe088cbb1" />
      <TestMethod codeBase="C:/LoyaltyWebTest/Web/Test/UI/LoyaltyWeb/LoyaltyWebTest/LoyaltyWebTest/bin/Debug/Nordstrom.Web.Test.UI.LoyaltyWeb.DLL" adapterTypeName="Microsoft.VisualStudio.TestTools.TestTypes.Unit.UnitTestAdapter, Microsoft.VisualStudio.QualityTools.Tips.UnitTest.Adapter, Version=12.0.0.0, Culture=neutral, PublicKeyToken=b03f5f7f11d50a3a" className="Nordstrom.Web.Test.UI.LoyaltyWeb.LoyaltyLearnTests, Nordstrom.Web.Test.UI.LoyaltyWeb, Version=1.0.0.0, Culture=neutral, PublicKeyToken=null" name="LoyaltyLearnPage_ClickSignInLink_NavigatesToSignInPageSuccessfully" />
    </UnitTest>
    <UnitTest name="TenderNeutralRewardsEnroll_LoyaltyTNAuthenticatedUserAlphanumericCharacterInCodeField_ThrowseError" storage="c:\loyaltywebtest\web\test\ui\loyaltyweb\loyaltywebtest\loyaltywebtest\bin\debug\nordstrom.web.test.ui.loyaltyweb.dll" id="a7a8df94-1db0-153a-c800-e2df07e46ab8">
      <Description>Verify that error message is displayed when alphanumeric characters are entered in mobile vrification code field</Description>
      <TestCategory>
        <TestCategoryItem TestCategory="LoyaltyTenderNeutral" />
        <TestCategoryItem TestCategory="MobileVerification" />
      </TestCategory>
      <DeploymentItems>
        <DeploymentItem filename="ExternalBinaries" outputDirectory=".\ExternalBinaries" />
        <DeploymentItem filename="TestData" outputDirectory=".\TestData" />
        <DeploymentItem filename="TestRunConfig" outputDirectory=".\TestRunConfig" />
      </DeploymentItems>
      <Execution id="f763446a-9751-40cc-8fc5-0055e40fa8cd" />
      <TestMethod codeBase="C:/LoyaltyWebTest/Web/Test/UI/LoyaltyWeb/LoyaltyWebTest/LoyaltyWebTest/bin/Debug/Nordstrom.Web.Test.UI.LoyaltyWeb.DLL" adapterTypeName="Microsoft.VisualStudio.TestTools.TestTypes.Unit.UnitTestAdapter, Microsoft.VisualStudio.QualityTools.Tips.UnitTest.Adapter, Version=12.0.0.0, Culture=neutral, PublicKeyToken=b03f5f7f11d50a3a" className="Nordstrom.Web.Test.UI.LoyaltyWeb.LoyaltyTenderNeutralMobileVerificationPageTests, Nordstrom.Web.Test.UI.LoyaltyWeb, Version=1.0.0.0, Culture=neutral, PublicKeyToken=null" name="TenderNeutralRewardsEnroll_LoyaltyTNAuthenticatedUserAlphanumericCharacterInCodeField_ThrowseError" />
    </UnitTest>
    <UnitTest name="TenderNeutralRewardsEnroll_EnrollingRecognizedUser_ShouldPassInEnroll" storage="c:\loyaltywebtest\web\test\ui\loyaltyweb\loyaltywebtest\loyaltywebtest\bin\debug\nordstrom.web.test.ui.loyaltyweb.dll" id="1162438d-489e-5b8c-425b-42278f400ae0">
      <Description>Verify the creation of a new loyalty web account for a N.com recognized user</Description>
      <TestCategory>
        <TestCategoryItem TestCategory="Enroll" />
        <TestCategoryItem TestCategory="LoyaltyTenderNeutral" />
      </TestCategory>
      <DeploymentItems>
        <DeploymentItem filename="ExternalBinaries" outputDirectory=".\ExternalBinaries" />
        <DeploymentItem filename="TestData" outputDirectory=".\TestData" />
        <DeploymentItem filename="TestRunConfig" outputDirectory=".\TestRunConfig" />
      </DeploymentItems>
      <Execution id="8b7c11d4-87e7-470f-9795-4566c1a68bd2" />
      <TestMethod codeBase="C:/LoyaltyWebTest/Web/Test/UI/LoyaltyWeb/LoyaltyWebTest/LoyaltyWebTest/bin/Debug/Nordstrom.Web.Test.UI.LoyaltyWeb.DLL" adapterTypeName="Microsoft.VisualStudio.TestTools.TestTypes.Unit.UnitTestAdapter, Microsoft.VisualStudio.QualityTools.Tips.UnitTest.Adapter, Version=12.0.0.0, Culture=neutral, PublicKeyToken=b03f5f7f11d50a3a" className="Nordstrom.Web.Test.UI.LoyaltyWeb.LoyaltyRegisterTests, Nordstrom.Web.Test.UI.LoyaltyWeb, Version=1.0.0.0, Culture=neutral, PublicKeyToken=null" name="TenderNeutralRewardsEnroll_EnrollingRecognizedUser_ShouldPassInEnroll" />
    </UnitTest>
    <UnitTest name="TenderNeutralRewardsEnroll_LoyaltyTenderNeutralUnrecognisedUserLeaveFieldsBlank_ErrorMessageDisplayedSuccessfully" storage="c:\loyaltywebtest\web\test\ui\loyaltyweb\loyaltywebtest\loyaltywebtest\bin\debug\nordstrom.web.test.ui.loyaltyweb.dll" id="12446332-be04-0a8f-d8db-23e5eb680c27">
      <Description>Verify that error messages appear for all required fields when Join button is clicked leaving all fields blank for an unrecognised user</Description>
      <TestCategory>
        <TestCategoryItem TestCategory="LoyaltyTenderNeutral" />
        <TestCategoryItem TestCategory="Enroll" />
      </TestCategory>
      <DeploymentItems>
        <DeploymentItem filename="ExternalBinaries" outputDirectory=".\ExternalBinaries" />
        <DeploymentItem filename="TestData" outputDirectory=".\TestData" />
        <DeploymentItem filename="TestRunConfig" outputDirectory=".\TestRunConfig" />
      </DeploymentItems>
      <Execution id="e093c8aa-a7bf-4b06-b0a9-7ace0acf4a4d" />
      <TestMethod codeBase="C:/LoyaltyWebTest/Web/Test/UI/LoyaltyWeb/LoyaltyWebTest/LoyaltyWebTest/bin/Debug/Nordstrom.Web.Test.UI.LoyaltyWeb.DLL" adapterTypeName="Microsoft.VisualStudio.TestTools.TestTypes.Unit.UnitTestAdapter, Microsoft.VisualStudio.QualityTools.Tips.UnitTest.Adapter, Version=12.0.0.0, Culture=neutral, PublicKeyToken=b03f5f7f11d50a3a" className="Nordstrom.Web.Test.UI.LoyaltyWeb.LoyaltyRegisterTests, Nordstrom.Web.Test.UI.LoyaltyWeb, Version=1.0.0.0, Culture=neutral, PublicKeyToken=null" name="TenderNeutralRewardsEnroll_LoyaltyTenderNeutralUnrecognisedUserLeaveFieldsBlank_ErrorMessageDisplayedSuccessfully" />
    </UnitTest>
    <UnitTest name="TenderNeutralEarn_AuthenticatedUserNotLinkedNordAccountAndTNNumber_ClickingOnEarnPointsLinkOpenedupTheModuleSuccessfully" storage="c:\loyaltywebtest\web\test\ui\loyaltyweb\loyaltywebtest\loyaltywebtest\bin\debug\nordstrom.web.test.ui.loyaltyweb.dll" id="0fb17184-6c18-b606-f6a7-af0c56cff16d">
      <Description>Verify that by clicking on 'earn points with your Rewards number' link, opens up the module with two radio buttons</Description>
      <TestCategory>
        <TestCategoryItem TestCategory="LoyaltyTenderNeutral" />
        <TestCategoryItem TestCategory="Earn" />
      </TestCategory>
      <DeploymentItems>
        <DeploymentItem filename="ExternalBinaries" outputDirectory=".\ExternalBinaries" />
        <DeploymentItem filename="TestData" outputDirectory=".\TestData" />
        <DeploymentItem filename="TestRunConfig" outputDirectory=".\TestRunConfig" />
      </DeploymentItems>
      <Execution id="67f268be-8d0c-465d-a775-b1163e7b307d" />
      <TestMethod codeBase="C:/LoyaltyWebTest/Web/Test/UI/LoyaltyWeb/LoyaltyWebTest/LoyaltyWebTest/bin/Debug/Nordstrom.Web.Test.UI.LoyaltyWeb.DLL" adapterTypeName="Microsoft.VisualStudio.TestTools.TestTypes.Unit.UnitTestAdapter, Microsoft.VisualStudio.QualityTools.Tips.UnitTest.Adapter, Version=12.0.0.0, Culture=neutral, PublicKeyToken=b03f5f7f11d50a3a" className="Nordstrom.Web.Test.UI.LoyaltyWeb.LoyaltyEarnTests, Nordstrom.Web.Test.UI.LoyaltyWeb, Version=1.0.0.0, Culture=neutral, PublicKeyToken=null" name="TenderNeutralEarn_AuthenticatedUserNotLinkedNordAccountAndTNNumber_ClickingOnEarnPointsLinkOpenedupTheModuleSuccessfully" />
    </UnitTest>
    <UnitTest name="MobileVerificationPage_WhenEnrolledUserTypeValidDigitCode_ShouldLaunchWelcomePage" storage="c:\loyaltywebtest\web\test\ui\loyaltyweb\loyaltywebtest\loyaltywebtest\bin\debug\nordstrom.web.test.ui.loyaltyweb.dll" id="0292a43c-fff5-8a73-f216-496011be59f2">
      <Description>Enrolled User should redirect to welcome page after typing valid 6 digit code</Description>
      <TestCategory>
        <TestCategoryItem TestCategory="LoyaltyTenderNeutral" />
        <TestCategoryItem TestCategory="MobileVerification" />
      </TestCategory>
      <DeploymentItems>
        <DeploymentItem filename="ExternalBinaries" outputDirectory=".\ExternalBinaries" />
        <DeploymentItem filename="TestData" outputDirectory=".\TestData" />
        <DeploymentItem filename="TestRunConfig" outputDirectory=".\TestRunConfig" />
      </DeploymentItems>
      <Execution id="53e01ab3-821f-4fe7-b8b5-2683bfc03fe7" />
      <TestMethod codeBase="C:/LoyaltyWebTest/Web/Test/UI/LoyaltyWeb/LoyaltyWebTest/LoyaltyWebTest/bin/Debug/Nordstrom.Web.Test.UI.LoyaltyWeb.DLL" adapterTypeName="Microsoft.VisualStudio.TestTools.TestTypes.Unit.UnitTestAdapter, Microsoft.VisualStudio.QualityTools.Tips.UnitTest.Adapter, Version=12.0.0.0, Culture=neutral, PublicKeyToken=b03f5f7f11d50a3a" className="Nordstrom.Web.Test.UI.LoyaltyWeb.LoyaltyTenderNeutralMobileVerificationPageTests, Nordstrom.Web.Test.UI.LoyaltyWeb, Version=1.0.0.0, Culture=neutral, PublicKeyToken=null" name="MobileVerificationPage_WhenEnrolledUserTypeValidDigitCode_ShouldLaunchWelcomePage" />
    </UnitTest>
    <UnitTest name="MobileVerificationPageModalPopupsValidation_AuthenticatedUserGetANewCodeModalContentValidation_GetANewCodeModalContentValidatedSuccessfully" storage="c:\loyaltywebtest\web\test\ui\loyaltyweb\loyaltywebtest\loyaltywebtest\bin\debug\nordstrom.web.test.ui.loyaltyweb.dll" id="4a24944e-583e-e01a-529b-88059ce4229f">
      <Description>'Get a new code' Modal Popup verification and content validation for a authenticated user</Description>
      <TestCategory>
        <TestCategoryItem TestCategory="LoyaltyTenderNeutral" />
        <TestCategoryItem TestCategory="MobileVerification" />
      </TestCategory>
      <DeploymentItems>
        <DeploymentItem filename="ExternalBinaries" outputDirectory=".\ExternalBinaries" />
        <DeploymentItem filename="TestData" outputDirectory=".\TestData" />
        <DeploymentItem filename="TestRunConfig" outputDirectory=".\TestRunConfig" />
      </DeploymentItems>
      <Execution id="47a2a63e-9282-400b-ac3d-ebc517c57f8b" />
      <TestMethod codeBase="C:/LoyaltyWebTest/Web/Test/UI/LoyaltyWeb/LoyaltyWebTest/LoyaltyWebTest/bin/Debug/Nordstrom.Web.Test.UI.LoyaltyWeb.DLL" adapterTypeName="Microsoft.VisualStudio.TestTools.TestTypes.Unit.UnitTestAdapter, Microsoft.VisualStudio.QualityTools.Tips.UnitTest.Adapter, Version=12.0.0.0, Culture=neutral, PublicKeyToken=b03f5f7f11d50a3a" className="Nordstrom.Web.Test.UI.LoyaltyWeb.LoyaltyTenderNeutralMobileVerificationPageTests, Nordstrom.Web.Test.UI.LoyaltyWeb, Version=1.0.0.0, Culture=neutral, PublicKeyToken=null" name="MobileVerificationPageModalPopupsValidation_AuthenticatedUserGetANewCodeModalContentValidation_GetANewCodeModalContentValidatedSuccessfully" />
    </UnitTest>
    <UnitTest name="SuccessAssociationPageModalPopupsValidation_OkButtonInDidntGetACodeModalValidation_OkButtonInDidntGetACodeModalClosedModalSuccessfully" storage="c:\loyaltywebtest\web\test\ui\loyaltyweb\loyaltywebtest\loyaltywebtest\bin\debug\nordstrom.web.test.ui.loyaltyweb.dll" id="bc8bcbad-6dab-8a10-872a-1cd128e497ce">
      <Description>Didn't Get A Code Modal Popup OK Button Functionality verification</Description>
      <TestCategory>
        <TestCategoryItem TestCategory="LoyaltyTenderNeutral" />
        <TestCategoryItem TestCategory="MobileVerification" />
      </TestCategory>
      <DeploymentItems>
        <DeploymentItem filename="ExternalBinaries" outputDirectory=".\ExternalBinaries" />
        <DeploymentItem filename="TestData" outputDirectory=".\TestData" />
        <DeploymentItem filename="TestRunConfig" outputDirectory=".\TestRunConfig" />
      </DeploymentItems>
      <Execution id="865fee49-9645-47b0-9b04-4876152f9208" />
      <TestMethod codeBase="C:/LoyaltyWebTest/Web/Test/UI/LoyaltyWeb/LoyaltyWebTest/LoyaltyWebTest/bin/Debug/Nordstrom.Web.Test.UI.LoyaltyWeb.DLL" adapterTypeName="Microsoft.VisualStudio.TestTools.TestTypes.Unit.UnitTestAdapter, Microsoft.VisualStudio.QualityTools.Tips.UnitTest.Adapter, Version=12.0.0.0, Culture=neutral, PublicKeyToken=b03f5f7f11d50a3a" className="Nordstrom.Web.Test.UI.LoyaltyWeb.LoyaltyTenderNeutralMobileVerificationPageTests, Nordstrom.Web.Test.UI.LoyaltyWeb, Version=1.0.0.0, Culture=neutral, PublicKeyToken=null" name="SuccessAssociationPageModalPopupsValidation_OkButtonInDidntGetACodeModalValidation_OkButtonInDidntGetACodeModalClosedModalSuccessfully" />
    </UnitTest>
    <UnitTest name="TenderNeutralRewardsRegister_GuestUserEnrollAsExistingAccountWhenHaveNoExistingWebAccount_ShouldFailInEnroll" storage="c:\loyaltywebtest\web\test\ui\loyaltyweb\loyaltywebtest\loyaltywebtest\bin\debug\nordstrom.web.test.ui.loyaltyweb.dll" id="b9382f39-7336-6f35-11b0-2a8908162fac">
      <Description>Guest user enrolls as existing user but supplied all none existing info.</Description>
      <TestCategory>
        <TestCategoryItem TestCategory="LoyaltyTenderNeutral" />
        <TestCategoryItem TestCategory="Enroll" />
      </TestCategory>
      <DeploymentItems>
        <DeploymentItem filename="ExternalBinaries" outputDirectory=".\ExternalBinaries" />
        <DeploymentItem filename="TestData" outputDirectory=".\TestData" />
        <DeploymentItem filename="TestRunConfig" outputDirectory=".\TestRunConfig" />
      </DeploymentItems>
      <Execution id="1d320d4f-8a16-42a7-9e5d-cdbdf17cb627" />
      <TestMethod codeBase="C:/LoyaltyWebTest/Web/Test/UI/LoyaltyWeb/LoyaltyWebTest/LoyaltyWebTest/bin/Debug/Nordstrom.Web.Test.UI.LoyaltyWeb.DLL" adapterTypeName="Microsoft.VisualStudio.TestTools.TestTypes.Unit.UnitTestAdapter, Microsoft.VisualStudio.QualityTools.Tips.UnitTest.Adapter, Version=12.0.0.0, Culture=neutral, PublicKeyToken=b03f5f7f11d50a3a" className="Nordstrom.Web.Test.UI.LoyaltyWeb.LoyaltyRegisterTests, Nordstrom.Web.Test.UI.LoyaltyWeb, Version=1.0.0.0, Culture=neutral, PublicKeyToken=null" name="TenderNeutralRewardsRegister_GuestUserEnrollAsExistingAccountWhenHaveNoExistingWebAccount_ShouldFailInEnroll" />
    </UnitTest>
    <UnitTest name="SuccessAssociationPageModalPopupsValidation_AuthenticatedUserSpecialCharacterinCodeField_ThrowsError" storage="c:\loyaltywebtest\web\test\ui\loyaltyweb\loyaltywebtest\loyaltywebtest\bin\debug\nordstrom.web.test.ui.loyaltyweb.dll" id="f908d2f2-d10f-a35a-dcc7-beef8d7bcb26">
      <Description>Verify that error message is displayed when special characters are entered in association mobile verification code pop up</Description>
      <TestCategory>
        <TestCategoryItem TestCategory="LoyaltyTenderNeutral" />
        <TestCategoryItem TestCategory="MobileVerification" />
      </TestCategory>
      <DeploymentItems>
        <DeploymentItem filename="ExternalBinaries" outputDirectory=".\ExternalBinaries" />
        <DeploymentItem filename="TestData" outputDirectory=".\TestData" />
        <DeploymentItem filename="TestRunConfig" outputDirectory=".\TestRunConfig" />
      </DeploymentItems>
      <Execution id="db7780ff-14ae-497b-a155-66104715bcca" />
      <TestMethod codeBase="C:/LoyaltyWebTest/Web/Test/UI/LoyaltyWeb/LoyaltyWebTest/LoyaltyWebTest/bin/Debug/Nordstrom.Web.Test.UI.LoyaltyWeb.DLL" adapterTypeName="Microsoft.VisualStudio.TestTools.TestTypes.Unit.UnitTestAdapter, Microsoft.VisualStudio.QualityTools.Tips.UnitTest.Adapter, Version=12.0.0.0, Culture=neutral, PublicKeyToken=b03f5f7f11d50a3a" className="Nordstrom.Web.Test.UI.LoyaltyWeb.LoyaltyTenderNeutralMobileVerificationPageTests, Nordstrom.Web.Test.UI.LoyaltyWeb, Version=1.0.0.0, Culture=neutral, PublicKeyToken=null" name="SuccessAssociationPageModalPopupsValidation_AuthenticatedUserSpecialCharacterinCodeField_ThrowsError" />
    </UnitTest>
    <UnitTest name="TenderNeutralAssociation_WebAssociatedEnrolledCustomerComesToAssociationPageAsRegisteredUser_ShouldGetYouAreSetMessage" storage="c:\loyaltywebtest\web\test\ui\loyaltyweb\loyaltywebtest\loyaltywebtest\bin\debug\nordstrom.web.test.ui.loyaltyweb.dll" id="460c058b-7131-2fcc-6c34-dc0936a6c442">
      <Description>When web associated customer wants to associate again in registered sign in state, he got the all set message.</Description>
      <TestCategory>
        <TestCategoryItem TestCategory="LoyaltyTenderNeutral" />
        <TestCategoryItem TestCategory="Association" />
      </TestCategory>
      <DeploymentItems>
        <DeploymentItem filename="ExternalBinaries" outputDirectory=".\ExternalBinaries" />
        <DeploymentItem filename="TestData" outputDirectory=".\TestData" />
        <DeploymentItem filename="TestRunConfig" outputDirectory=".\TestRunConfig" />
      </DeploymentItems>
      <Execution id="7ce11f8c-a8d3-4fbf-a93f-a6885c5d5ebf" />
      <TestMethod codeBase="C:/LoyaltyWebTest/Web/Test/UI/LoyaltyWeb/LoyaltyWebTest/LoyaltyWebTest/bin/Debug/Nordstrom.Web.Test.UI.LoyaltyWeb.DLL" adapterTypeName="Microsoft.VisualStudio.TestTools.TestTypes.Unit.UnitTestAdapter, Microsoft.VisualStudio.QualityTools.Tips.UnitTest.Adapter, Version=12.0.0.0, Culture=neutral, PublicKeyToken=b03f5f7f11d50a3a" className="Nordstrom.Web.Test.UI.LoyaltyWeb.LoyaltyAssociationTests, Nordstrom.Web.Test.UI.LoyaltyWeb, Version=1.0.0.0, Culture=neutral, PublicKeyToken=null" name="TenderNeutralAssociation_WebAssociatedEnrolledCustomerComesToAssociationPageAsRegisteredUser_ShouldGetYouAreSetMessage" />
    </UnitTest>
    <UnitTest name="TenderNeutralAssociation_RecognizedUserEnrolledFromStoreGoToWebAssociationPage_ShouldSucceed" storage="c:\loyaltywebtest\web\test\ui\loyaltyweb\loyaltywebtest\loyaltywebtest\bin\debug\nordstrom.web.test.ui.loyaltyweb.dll" id="0e2f18c3-d10a-4d1b-1605-98e29230b088">
      <Description>Verify that when recognized user enrolled into loyalty from Store goes to Association page, he can type in his email and phone number and associate to loyalty program.</Description>
      <TestCategory>
        <TestCategoryItem TestCategory="LoyaltyTenderNeutral" />
        <TestCategoryItem TestCategory="Association" />
      </TestCategory>
      <DeploymentItems>
        <DeploymentItem filename="ExternalBinaries" outputDirectory=".\ExternalBinaries" />
        <DeploymentItem filename="TestData" outputDirectory=".\TestData" />
        <DeploymentItem filename="TestRunConfig" outputDirectory=".\TestRunConfig" />
      </DeploymentItems>
      <Execution id="8028f44c-6014-40cc-be0c-646fc6c4848b" />
      <TestMethod codeBase="C:/LoyaltyWebTest/Web/Test/UI/LoyaltyWeb/LoyaltyWebTest/LoyaltyWebTest/bin/Debug/Nordstrom.Web.Test.UI.LoyaltyWeb.DLL" adapterTypeName="Microsoft.VisualStudio.TestTools.TestTypes.Unit.UnitTestAdapter, Microsoft.VisualStudio.QualityTools.Tips.UnitTest.Adapter, Version=12.0.0.0, Culture=neutral, PublicKeyToken=b03f5f7f11d50a3a" className="Nordstrom.Web.Test.UI.LoyaltyWeb.LoyaltyAssociationTests, Nordstrom.Web.Test.UI.LoyaltyWeb, Version=1.0.0.0, Culture=neutral, PublicKeyToken=null" name="TenderNeutralAssociation_RecognizedUserEnrolledFromStoreGoToWebAssociationPage_ShouldSucceed" />
    </UnitTest>
    <UnitTest name="LoyaltyLearnPage_ClickPrivacyPolicy_NavigatesToRelevantPageSuccessfully" storage="c:\loyaltywebtest\web\test\ui\loyaltyweb\loyaltywebtest\loyaltywebtest\bin\debug\nordstrom.web.test.ui.loyaltyweb.dll" id="ac89fe1d-27a2-5a25-ac33-e635cfdb3c90">
      <Description>To verify Privacy Policy link on Learn Page is navigated to the relevant page successfully</Description>
      <TestCategory>
        <TestCategoryItem TestCategory="LoyaltyTenderNeutral" />
        <TestCategoryItem TestCategory="Learn" />
      </TestCategory>
      <DeploymentItems>
        <DeploymentItem filename="ExternalBinaries" outputDirectory=".\ExternalBinaries" />
        <DeploymentItem filename="TestData" outputDirectory=".\TestData" />
        <DeploymentItem filename="TestRunConfig" outputDirectory=".\TestRunConfig" />
      </DeploymentItems>
      <Execution id="4025e49b-472b-414c-8514-c30236621a5f" />
      <TestMethod codeBase="C:/LoyaltyWebTest/Web/Test/UI/LoyaltyWeb/LoyaltyWebTest/LoyaltyWebTest/bin/Debug/Nordstrom.Web.Test.UI.LoyaltyWeb.DLL" adapterTypeName="Microsoft.VisualStudio.TestTools.TestTypes.Unit.UnitTestAdapter, Microsoft.VisualStudio.QualityTools.Tips.UnitTest.Adapter, Version=12.0.0.0, Culture=neutral, PublicKeyToken=b03f5f7f11d50a3a" className="Nordstrom.Web.Test.UI.LoyaltyWeb.LoyaltyLearnTests, Nordstrom.Web.Test.UI.LoyaltyWeb, Version=1.0.0.0, Culture=neutral, PublicKeyToken=null" name="LoyaltyLearnPage_ClickPrivacyPolicy_NavigatesToRelevantPageSuccessfully" />
    </UnitTest>
    <UnitTest name="TenderNeutralAssociation_AuthenticatedUserEnrolledinLoyaltyFromServiceCenterToToWebAssociationPage_ShouldSucceed" storage="c:\loyaltywebtest\web\test\ui\loyaltyweb\loyaltywebtest\loyaltywebtest\bin\debug\nordstrom.web.test.ui.loyaltyweb.dll" id="e1e324d5-1895-b2a5-51fc-f5669f42b364">
      <Description>Verify that when authenticated user from Service Center loyalty enrollment program goes to Association page, he can type in his email and phone number and associate to loyalty program.</Description>
      <TestCategory>
        <TestCategoryItem TestCategory="LoyaltyTenderNeutral" />
        <TestCategoryItem TestCategory="Association" />
      </TestCategory>
      <DeploymentItems>
        <DeploymentItem filename="ExternalBinaries" outputDirectory=".\ExternalBinaries" />
        <DeploymentItem filename="TestData" outputDirectory=".\TestData" />
        <DeploymentItem filename="TestRunConfig" outputDirectory=".\TestRunConfig" />
      </DeploymentItems>
      <Execution id="a7abb5c0-c63c-44a8-b258-ad874a49c661" />
      <TestMethod codeBase="C:/LoyaltyWebTest/Web/Test/UI/LoyaltyWeb/LoyaltyWebTest/LoyaltyWebTest/bin/Debug/Nordstrom.Web.Test.UI.LoyaltyWeb.DLL" adapterTypeName="Microsoft.VisualStudio.TestTools.TestTypes.Unit.UnitTestAdapter, Microsoft.VisualStudio.QualityTools.Tips.UnitTest.Adapter, Version=12.0.0.0, Culture=neutral, PublicKeyToken=b03f5f7f11d50a3a" className="Nordstrom.Web.Test.UI.LoyaltyWeb.LoyaltyAssociationTests, Nordstrom.Web.Test.UI.LoyaltyWeb, Version=1.0.0.0, Culture=neutral, PublicKeyToken=null" name="TenderNeutralAssociation_AuthenticatedUserEnrolledinLoyaltyFromServiceCenterToToWebAssociationPage_ShouldSucceed" />
    </UnitTest>
    <UnitTest name="TenderNeutralRewardsEnroll_LoyaltyTenderNeutralUnrecognisedUserLeavePasswordFieldBlank_ErrorMessageDisplayedSuccessfully" storage="c:\loyaltywebtest\web\test\ui\loyaltyweb\loyaltywebtest\loyaltywebtest\bin\debug\nordstrom.web.test.ui.loyaltyweb.dll" id="f8f31b6e-9a57-18ef-ecb2-7d1dc23e1ba3">
      <Description>Verify that error message appear for phone number field when it is left blank for unrecognised user</Description>
      <TestCategory>
        <TestCategoryItem TestCategory="LoyaltyTenderNeutral" />
        <TestCategoryItem TestCategory="Enroll" />
      </TestCategory>
      <DeploymentItems>
        <DeploymentItem filename="ExternalBinaries" outputDirectory=".\ExternalBinaries" />
        <DeploymentItem filename="TestData" outputDirectory=".\TestData" />
        <DeploymentItem filename="TestRunConfig" outputDirectory=".\TestRunConfig" />
      </DeploymentItems>
      <Execution id="ebe941db-5db9-43c4-8e49-2eca72896113" />
      <TestMethod codeBase="C:/LoyaltyWebTest/Web/Test/UI/LoyaltyWeb/LoyaltyWebTest/LoyaltyWebTest/bin/Debug/Nordstrom.Web.Test.UI.LoyaltyWeb.DLL" adapterTypeName="Microsoft.VisualStudio.TestTools.TestTypes.Unit.UnitTestAdapter, Microsoft.VisualStudio.QualityTools.Tips.UnitTest.Adapter, Version=12.0.0.0, Culture=neutral, PublicKeyToken=b03f5f7f11d50a3a" className="Nordstrom.Web.Test.UI.LoyaltyWeb.LoyaltyRegisterTests, Nordstrom.Web.Test.UI.LoyaltyWeb, Version=1.0.0.0, Culture=neutral, PublicKeyToken=null" name="TenderNeutralRewardsEnroll_LoyaltyTenderNeutralUnrecognisedUserLeavePasswordFieldBlank_ErrorMessageDisplayedSuccessfully" />
    </UnitTest>
    <UnitTest name="TenderNeutralRewardsRegister_GuestUserRegistrationForTenderNeutral_LoyaltyAndNordAccountSuccessfulCreation" storage="c:\loyaltywebtest\web\test\ui\loyaltyweb\loyaltywebtest\loyaltywebtest\bin\debug\nordstrom.web.test.ui.loyaltyweb.dll" id="da679504-2dbb-78ee-d7fc-01f27c75e0cc">
      <Description>Verify creation of a new loyalty and N.com account for a new user</Description>
      <TestCategory>
        <TestCategoryItem TestCategory="LoyaltyTenderNeutral" />
        <TestCategoryItem TestCategory="Enroll" />
      </TestCategory>
      <DeploymentItems>
        <DeploymentItem filename="ExternalBinaries" outputDirectory=".\ExternalBinaries" />
        <DeploymentItem filename="TestData" outputDirectory=".\TestData" />
        <DeploymentItem filename="TestRunConfig" outputDirectory=".\TestRunConfig" />
      </DeploymentItems>
      <Execution id="16542239-7628-46c0-85c8-ea8b0c9a30c1" />
      <TestMethod codeBase="C:/LoyaltyWebTest/Web/Test/UI/LoyaltyWeb/LoyaltyWebTest/LoyaltyWebTest/bin/Debug/Nordstrom.Web.Test.UI.LoyaltyWeb.DLL" adapterTypeName="Microsoft.VisualStudio.TestTools.TestTypes.Unit.UnitTestAdapter, Microsoft.VisualStudio.QualityTools.Tips.UnitTest.Adapter, Version=12.0.0.0, Culture=neutral, PublicKeyToken=b03f5f7f11d50a3a" className="Nordstrom.Web.Test.UI.LoyaltyWeb.LoyaltyRegisterTests, Nordstrom.Web.Test.UI.LoyaltyWeb, Version=1.0.0.0, Culture=neutral, PublicKeyToken=null" name="TenderNeutralRewardsRegister_GuestUserRegistrationForTenderNeutral_LoyaltyAndNordAccountSuccessfulCreation" />
    </UnitTest>
    <UnitTest name="TenderNeutralEarn_AuthenticatedUserNotLinkedNordAccountAndTNNumber_RewardsSectionDispayedInOrderSubmitPage" storage="c:\loyaltywebtest\web\test\ui\loyaltyweb\loyaltywebtest\loyaltywebtest\bin\debug\nordstrom.web.test.ui.loyaltyweb.dll" id="5c6698e8-7f51-b362-71a2-8ce939c3580d">
      <Description>Verify that an authenticated user who has not linked N.com and TN number is able to see Rewards section in Ordersubmit page.</Description>
      <TestCategory>
        <TestCategoryItem TestCategory="LoyaltyTenderNeutral" />
        <TestCategoryItem TestCategory="Earn" />
      </TestCategory>
      <DeploymentItems>
        <DeploymentItem filename="ExternalBinaries" outputDirectory=".\ExternalBinaries" />
        <DeploymentItem filename="TestData" outputDirectory=".\TestData" />
        <DeploymentItem filename="TestRunConfig" outputDirectory=".\TestRunConfig" />
      </DeploymentItems>
      <Execution id="7dda5db8-4188-4ca8-9f21-398c20937879" />
      <TestMethod codeBase="C:/LoyaltyWebTest/Web/Test/UI/LoyaltyWeb/LoyaltyWebTest/LoyaltyWebTest/bin/Debug/Nordstrom.Web.Test.UI.LoyaltyWeb.DLL" adapterTypeName="Microsoft.VisualStudio.TestTools.TestTypes.Unit.UnitTestAdapter, Microsoft.VisualStudio.QualityTools.Tips.UnitTest.Adapter, Version=12.0.0.0, Culture=neutral, PublicKeyToken=b03f5f7f11d50a3a" className="Nordstrom.Web.Test.UI.LoyaltyWeb.LoyaltyEarnTests, Nordstrom.Web.Test.UI.LoyaltyWeb, Version=1.0.0.0, Culture=neutral, PublicKeyToken=null" name="TenderNeutralEarn_AuthenticatedUserNotLinkedNordAccountAndTNNumber_RewardsSectionDispayedInOrderSubmitPage" />
    </UnitTest>
    <UnitTest name="NavigationToLoyaltyWebPage_TenderNeutralEnrollAssociationFeatureFlagOn_UserLandOnLoyaltyWebPageSuccessful" storage="c:\loyaltywebtest\web\test\ui\loyaltyweb\loyaltywebtest\loyaltywebtest\bin\debug\nordstrom.web.test.ui.loyaltyweb.dll" id="2820d625-609e-8df1-be2e-54f45f94116b">
      <Description>Verify that user is redirected to Loyalty Association page , given feature TenderNeutralEnroll flag is on</Description>
      <TestCategory>
        <TestCategoryItem TestCategory="LoyaltyTenderNeutral" />
        <TestCategoryItem TestCategory="Association" />
      </TestCategory>
      <DeploymentItems>
        <DeploymentItem filename="ExternalBinaries" outputDirectory=".\ExternalBinaries" />
        <DeploymentItem filename="TestData" outputDirectory=".\TestData" />
        <DeploymentItem filename="TestRunConfig" outputDirectory=".\TestRunConfig" />
      </DeploymentItems>
      <Execution id="0dda66a7-d806-4946-9aa5-a05d890c38b0" />
      <TestMethod codeBase="C:/LoyaltyWebTest/Web/Test/UI/LoyaltyWeb/LoyaltyWebTest/LoyaltyWebTest/bin/Debug/Nordstrom.Web.Test.UI.LoyaltyWeb.DLL" adapterTypeName="Microsoft.VisualStudio.TestTools.TestTypes.Unit.UnitTestAdapter, Microsoft.VisualStudio.QualityTools.Tips.UnitTest.Adapter, Version=12.0.0.0, Culture=neutral, PublicKeyToken=b03f5f7f11d50a3a" className="Nordstrom.Web.Test.UI.LoyaltyWeb.LoyaltyAssociationTests, Nordstrom.Web.Test.UI.LoyaltyWeb, Version=1.0.0.0, Culture=neutral, PublicKeyToken=null" name="NavigationToLoyaltyWebPage_TenderNeutralEnrollAssociationFeatureFlagOn_UserLandOnLoyaltyWebPageSuccessful" />
    </UnitTest>
    <UnitTest name="TenderNeutralRewardsEnroll_LoyaltyTNGuestUser_ErrorMessageVanishesOnValidEntry" storage="c:\loyaltywebtest\web\test\ui\loyaltyweb\loyaltywebtest\loyaltywebtest\bin\debug\nordstrom.web.test.ui.loyaltyweb.dll" id="f10986fe-03bc-a93b-c860-23e4c247fc73">
      <Description>Verify that error messages vanish after we enter valid data in all the fields</Description>
      <TestCategory>
        <TestCategoryItem TestCategory="LoyaltyTenderNeutral" />
        <TestCategoryItem TestCategory="Enroll" />
      </TestCategory>
      <DeploymentItems>
        <DeploymentItem filename="ExternalBinaries" outputDirectory=".\ExternalBinaries" />
        <DeploymentItem filename="TestData" outputDirectory=".\TestData" />
        <DeploymentItem filename="TestRunConfig" outputDirectory=".\TestRunConfig" />
      </DeploymentItems>
      <Execution id="1f5764ce-99e3-4b71-9808-64d40d72913c" />
      <TestMethod codeBase="C:/LoyaltyWebTest/Web/Test/UI/LoyaltyWeb/LoyaltyWebTest/LoyaltyWebTest/bin/Debug/Nordstrom.Web.Test.UI.LoyaltyWeb.DLL" adapterTypeName="Microsoft.VisualStudio.TestTools.TestTypes.Unit.UnitTestAdapter, Microsoft.VisualStudio.QualityTools.Tips.UnitTest.Adapter, Version=12.0.0.0, Culture=neutral, PublicKeyToken=b03f5f7f11d50a3a" className="Nordstrom.Web.Test.UI.LoyaltyWeb.LoyaltyRegisterTests, Nordstrom.Web.Test.UI.LoyaltyWeb, Version=1.0.0.0, Culture=neutral, PublicKeyToken=null" name="TenderNeutralRewardsEnroll_LoyaltyTNGuestUser_ErrorMessageVanishesOnValidEntry" />
    </UnitTest>
    <UnitTest name="TenderNeutralRewardsRegister_GuestUserRegistrationWithLongerPhoneNumber_ShouldGetErrorMessageButWebAccountCreatedSuccessfully" storage="c:\loyaltywebtest\web\test\ui\loyaltyweb\loyaltywebtest\loyaltywebtest\bin\debug\nordstrom.web.test.ui.loyaltyweb.dll" id="17fba494-c246-d3ef-ffcd-fd9dfdae82dd">
      <Description>Guest user enrolling with longer phone will get error message for enroll but create web account successfully.</Description>
      <TestCategory>
        <TestCategoryItem TestCategory="LoyaltyTenderNeutral" />
        <TestCategoryItem TestCategory="Enroll" />
      </TestCategory>
      <DeploymentItems>
        <DeploymentItem filename="ExternalBinaries" outputDirectory=".\ExternalBinaries" />
        <DeploymentItem filename="TestData" outputDirectory=".\TestData" />
        <DeploymentItem filename="TestRunConfig" outputDirectory=".\TestRunConfig" />
      </DeploymentItems>
      <Execution id="c1fdf8b2-dd4a-4dbb-88aa-6d2903649dab" />
      <TestMethod codeBase="C:/LoyaltyWebTest/Web/Test/UI/LoyaltyWeb/LoyaltyWebTest/LoyaltyWebTest/bin/Debug/Nordstrom.Web.Test.UI.LoyaltyWeb.DLL" adapterTypeName="Microsoft.VisualStudio.TestTools.TestTypes.Unit.UnitTestAdapter, Microsoft.VisualStudio.QualityTools.Tips.UnitTest.Adapter, Version=12.0.0.0, Culture=neutral, PublicKeyToken=b03f5f7f11d50a3a" className="Nordstrom.Web.Test.UI.LoyaltyWeb.LoyaltyRegisterTests, Nordstrom.Web.Test.UI.LoyaltyWeb, Version=1.0.0.0, Culture=neutral, PublicKeyToken=null" name="TenderNeutralRewardsRegister_GuestUserRegistrationWithLongerPhoneNumber_ShouldGetErrorMessageButWebAccountCreatedSuccessfully" />
    </UnitTest>
    <UnitTest name="LoyaltyLearnPage_ClickAlterationsLinkOnLearnPage_NavigatesToBenifitsPageSucessfully" storage="c:\loyaltywebtest\web\test\ui\loyaltyweb\loyaltywebtest\loyaltywebtest\bin\debug\nordstrom.web.test.ui.loyaltyweb.dll" id="396e64f4-4b9f-1a79-1cda-28380d13b0bc">
      <Description>To verify Alterations link on Learn Page is navigated to the relevant page successfully</Description>
      <TestCategory>
        <TestCategoryItem TestCategory="LoyaltyTenderNeutral" />
        <TestCategoryItem TestCategory="Learn" />
      </TestCategory>
      <DeploymentItems>
        <DeploymentItem filename="ExternalBinaries" outputDirectory=".\ExternalBinaries" />
        <DeploymentItem filename="TestData" outputDirectory=".\TestData" />
        <DeploymentItem filename="TestRunConfig" outputDirectory=".\TestRunConfig" />
      </DeploymentItems>
      <Execution id="1dcf20ad-c4d1-46d9-8835-16aeecf56e46" />
      <TestMethod codeBase="C:/LoyaltyWebTest/Web/Test/UI/LoyaltyWeb/LoyaltyWebTest/LoyaltyWebTest/bin/Debug/Nordstrom.Web.Test.UI.LoyaltyWeb.DLL" adapterTypeName="Microsoft.VisualStudio.TestTools.TestTypes.Unit.UnitTestAdapter, Microsoft.VisualStudio.QualityTools.Tips.UnitTest.Adapter, Version=12.0.0.0, Culture=neutral, PublicKeyToken=b03f5f7f11d50a3a" className="Nordstrom.Web.Test.UI.LoyaltyWeb.LoyaltyLearnTests, Nordstrom.Web.Test.UI.LoyaltyWeb, Version=1.0.0.0, Culture=neutral, PublicKeyToken=null" name="LoyaltyLearnPage_ClickAlterationsLinkOnLearnPage_NavigatesToBenifitsPageSucessfully" />
    </UnitTest>
    <UnitTest name="TenderNeutralRewardsRegister_GuestUserRegisterWithShorterPhoneNumber_ShouldGetEnrollErrorMessageButWebAccountCreatedSuccessfully" storage="c:\loyaltywebtest\web\test\ui\loyaltyweb\loyaltywebtest\loyaltywebtest\bin\debug\nordstrom.web.test.ui.loyaltyweb.dll" id="3de12998-9393-9903-170e-284355b304ad">
      <Description>Guest user enrolling with shorter phone will get error message for enroll but create web account successfully.</Description>
      <TestCategory>
        <TestCategoryItem TestCategory="LoyaltyTenderNeutral" />
        <TestCategoryItem TestCategory="Enroll" />
      </TestCategory>
      <DeploymentItems>
        <DeploymentItem filename="ExternalBinaries" outputDirectory=".\ExternalBinaries" />
        <DeploymentItem filename="TestData" outputDirectory=".\TestData" />
        <DeploymentItem filename="TestRunConfig" outputDirectory=".\TestRunConfig" />
      </DeploymentItems>
      <Execution id="f98a5bdd-111a-4eea-9d4e-b43265b43775" />
      <TestMethod codeBase="C:/LoyaltyWebTest/Web/Test/UI/LoyaltyWeb/LoyaltyWebTest/LoyaltyWebTest/bin/Debug/Nordstrom.Web.Test.UI.LoyaltyWeb.DLL" adapterTypeName="Microsoft.VisualStudio.TestTools.TestTypes.Unit.UnitTestAdapter, Microsoft.VisualStudio.QualityTools.Tips.UnitTest.Adapter, Version=12.0.0.0, Culture=neutral, PublicKeyToken=b03f5f7f11d50a3a" className="Nordstrom.Web.Test.UI.LoyaltyWeb.LoyaltyRegisterTests, Nordstrom.Web.Test.UI.LoyaltyWeb, Version=1.0.0.0, Culture=neutral, PublicKeyToken=null" name="TenderNeutralRewardsRegister_GuestUserRegisterWithShorterPhoneNumber_ShouldGetEnrollErrorMessageButWebAccountCreatedSuccessfully" />
    </UnitTest>
    <UnitTest name="LoyaltyWelcomePage_BonusPointEventsLink_ShouldHaveValidURL" storage="c:\loyaltywebtest\web\test\ui\loyaltyweb\loyaltywebtest\loyaltywebtest\bin\debug\nordstrom.web.test.ui.loyaltyweb.dll" id="f2fbd149-e2af-5637-9417-20622b33fae0">
      <Description>Bonus Point Events link navigates to the right URL</Description>
      <TestCategory>
        <TestCategoryItem TestCategory="LoyaltyTenderNeutral" />
        <TestCategoryItem TestCategory="Welcome" />
      </TestCategory>
      <DeploymentItems>
        <DeploymentItem filename="ExternalBinaries" outputDirectory=".\ExternalBinaries" />
        <DeploymentItem filename="TestData" outputDirectory=".\TestData" />
        <DeploymentItem filename="TestRunConfig" outputDirectory=".\TestRunConfig" />
      </DeploymentItems>
      <Execution id="6d789d71-edc4-4d9a-8c39-03d8b3ecf669" />
      <TestMethod codeBase="C:/LoyaltyWebTest/Web/Test/UI/LoyaltyWeb/LoyaltyWebTest/LoyaltyWebTest/bin/Debug/Nordstrom.Web.Test.UI.LoyaltyWeb.DLL" adapterTypeName="Microsoft.VisualStudio.TestTools.TestTypes.Unit.UnitTestAdapter, Microsoft.VisualStudio.QualityTools.Tips.UnitTest.Adapter, Version=12.0.0.0, Culture=neutral, PublicKeyToken=b03f5f7f11d50a3a" className="Nordstrom.Web.Test.UI.LoyaltyWeb.LoyaltyWelcomeTests, Nordstrom.Web.Test.UI.LoyaltyWeb, Version=1.0.0.0, Culture=neutral, PublicKeyToken=null" name="LoyaltyWelcomePage_BonusPointEventsLink_ShouldHaveValidURL" />
    </UnitTest>
    <UnitTest name="TenderNeutralEarn_EnrolledGuestUser_RewardsSectionNotDispayedInOrderSubmitPage" storage="c:\loyaltywebtest\web\test\ui\loyaltyweb\loyaltywebtest\loyaltywebtest\bin\debug\nordstrom.web.test.ui.loyaltyweb.dll" id="08bfd4d5-ccd5-3644-2ed4-aa87ee903c9f">
      <Description>Verify that a user after enrolling as a guest user is able to see Rewards section in Ordersubmit page.</Description>
      <TestCategory>
        <TestCategoryItem TestCategory="LoyaltyTenderNeutral" />
        <TestCategoryItem TestCategory="Earn" />
      </TestCategory>
      <DeploymentItems>
        <DeploymentItem filename="ExternalBinaries" outputDirectory=".\ExternalBinaries" />
        <DeploymentItem filename="TestData" outputDirectory=".\TestData" />
        <DeploymentItem filename="TestRunConfig" outputDirectory=".\TestRunConfig" />
      </DeploymentItems>
      <Execution id="74f10605-78be-480c-9a51-c0cd74f13c9b" />
      <TestMethod codeBase="C:/LoyaltyWebTest/Web/Test/UI/LoyaltyWeb/LoyaltyWebTest/LoyaltyWebTest/bin/Debug/Nordstrom.Web.Test.UI.LoyaltyWeb.DLL" adapterTypeName="Microsoft.VisualStudio.TestTools.TestTypes.Unit.UnitTestAdapter, Microsoft.VisualStudio.QualityTools.Tips.UnitTest.Adapter, Version=12.0.0.0, Culture=neutral, PublicKeyToken=b03f5f7f11d50a3a" className="Nordstrom.Web.Test.UI.LoyaltyWeb.LoyaltyEarnTests, Nordstrom.Web.Test.UI.LoyaltyWeb, Version=1.0.0.0, Culture=neutral, PublicKeyToken=null" name="TenderNeutralEarn_EnrolledGuestUser_RewardsSectionNotDispayedInOrderSubmitPage" />
    </UnitTest>
    <UnitTest name="MobileVerificationPageModalPopupsValidation_DidntGetACodeModalContentValidation_DidntGetACodeModalContentValidatedSuccessfully" storage="c:\loyaltywebtest\web\test\ui\loyaltyweb\loyaltywebtest\loyaltywebtest\bin\debug\nordstrom.web.test.ui.loyaltyweb.dll" id="b8760095-196b-9486-9ec7-d0fcb8b1c53c">
      <Description>Didn't Get A Code Modal Popup Content Validation</Description>
      <TestCategory>
        <TestCategoryItem TestCategory="LoyaltyTenderNeutral" />
        <TestCategoryItem TestCategory="MobileVerification" />
      </TestCategory>
      <DeploymentItems>
        <DeploymentItem filename="ExternalBinaries" outputDirectory=".\ExternalBinaries" />
        <DeploymentItem filename="TestData" outputDirectory=".\TestData" />
        <DeploymentItem filename="TestRunConfig" outputDirectory=".\TestRunConfig" />
      </DeploymentItems>
      <Execution id="afa05651-1aac-4740-a295-0aec809e760c" />
      <TestMethod codeBase="C:/LoyaltyWebTest/Web/Test/UI/LoyaltyWeb/LoyaltyWebTest/LoyaltyWebTest/bin/Debug/Nordstrom.Web.Test.UI.LoyaltyWeb.DLL" adapterTypeName="Microsoft.VisualStudio.TestTools.TestTypes.Unit.UnitTestAdapter, Microsoft.VisualStudio.QualityTools.Tips.UnitTest.Adapter, Version=12.0.0.0, Culture=neutral, PublicKeyToken=b03f5f7f11d50a3a" className="Nordstrom.Web.Test.UI.LoyaltyWeb.LoyaltyTenderNeutralMobileVerificationPageTests, Nordstrom.Web.Test.UI.LoyaltyWeb, Version=1.0.0.0, Culture=neutral, PublicKeyToken=null" name="MobileVerificationPageModalPopupsValidation_DidntGetACodeModalContentValidation_DidntGetACodeModalContentValidatedSuccessfully" />
    </UnitTest>
    <UnitTest name="TenderNeutralRewardsEnroll_LoyaltyTenderNeutralRegisteredAuthenticatedUser_MandatoryFieldsDisplaySuccessful" storage="c:\loyaltywebtest\web\test\ui\loyaltyweb\loyaltywebtest\loyaltywebtest\bin\debug\nordstrom.web.test.ui.loyaltyweb.dll" id="5c6e6cca-5cd4-1632-9ca1-9c14b9dbd1c4">
      <Description>Verify presence of mandatory fields on loyalty enroll page for N.com Registered user</Description>
      <TestCategory>
        <TestCategoryItem TestCategory="LoyaltyTenderNeutral" />
        <TestCategoryItem TestCategory="Enroll" />
      </TestCategory>
      <DeploymentItems>
        <DeploymentItem filename="ExternalBinaries" outputDirectory=".\ExternalBinaries" />
        <DeploymentItem filename="TestData" outputDirectory=".\TestData" />
        <DeploymentItem filename="TestRunConfig" outputDirectory=".\TestRunConfig" />
      </DeploymentItems>
      <Execution id="ccd3b6a2-ba69-4188-9266-4ee85bfbcfaa" />
      <TestMethod codeBase="C:/LoyaltyWebTest/Web/Test/UI/LoyaltyWeb/LoyaltyWebTest/LoyaltyWebTest/bin/Debug/Nordstrom.Web.Test.UI.LoyaltyWeb.DLL" adapterTypeName="Microsoft.VisualStudio.TestTools.TestTypes.Unit.UnitTestAdapter, Microsoft.VisualStudio.QualityTools.Tips.UnitTest.Adapter, Version=12.0.0.0, Culture=neutral, PublicKeyToken=b03f5f7f11d50a3a" className="Nordstrom.Web.Test.UI.LoyaltyWeb.LoyaltyRegisterTests, Nordstrom.Web.Test.UI.LoyaltyWeb, Version=1.0.0.0, Culture=neutral, PublicKeyToken=null" name="TenderNeutralRewardsEnroll_LoyaltyTenderNeutralRegisteredAuthenticatedUser_MandatoryFieldsDisplaySuccessful" />
    </UnitTest>
    <UnitTest name="TenderNeutralAssociation_ClickOnLinksAndLogosRedirectedToCorresponingPageForAuthenticatedUser" storage="c:\loyaltywebtest\web\test\ui\loyaltyweb\loyaltywebtest\loyaltywebtest\bin\debug\nordstrom.web.test.ui.loyaltyweb.dll" id="420b8e42-f39e-d346-0c12-1e07533b1984">
      <Description>Authenticated user verifies the links and logos in success association page</Description>
      <TestCategory>
        <TestCategoryItem TestCategory="LoyaltyTenderNeutral" />
        <TestCategoryItem TestCategory="Association" />
      </TestCategory>
      <DeploymentItems>
        <DeploymentItem filename="ExternalBinaries" outputDirectory=".\ExternalBinaries" />
        <DeploymentItem filename="TestData" outputDirectory=".\TestData" />
        <DeploymentItem filename="TestRunConfig" outputDirectory=".\TestRunConfig" />
      </DeploymentItems>
      <Execution id="e7dc53f0-afcf-4857-a2b3-076893f1e47a" />
      <TestMethod codeBase="C:/LoyaltyWebTest/Web/Test/UI/LoyaltyWeb/LoyaltyWebTest/LoyaltyWebTest/bin/Debug/Nordstrom.Web.Test.UI.LoyaltyWeb.DLL" adapterTypeName="Microsoft.VisualStudio.TestTools.TestTypes.Unit.UnitTestAdapter, Microsoft.VisualStudio.QualityTools.Tips.UnitTest.Adapter, Version=12.0.0.0, Culture=neutral, PublicKeyToken=b03f5f7f11d50a3a" className="Nordstrom.Web.Test.UI.LoyaltyWeb.LoyaltyAssociationTests, Nordstrom.Web.Test.UI.LoyaltyWeb, Version=1.0.0.0, Culture=neutral, PublicKeyToken=null" name="TenderNeutralAssociation_ClickOnLinksAndLogosRedirectedToCorresponingPageForAuthenticatedUser" />
    </UnitTest>
    <UnitTest name="SuccessAssociationPageModalPopupsValidation_GuestUserDidntGetACodeModalContentValidation_DidntGetACodeModalContentValidatedSuccessfully" storage="c:\loyaltywebtest\web\test\ui\loyaltyweb\loyaltywebtest\loyaltywebtest\bin\debug\nordstrom.web.test.ui.loyaltyweb.dll" id="837239c5-67a3-15ad-e8a9-edc4254dd4db">
      <Description>Didn't Get A Code Modal Popup Content Validation for Association mobile verification modal</Description>
      <TestCategory>
        <TestCategoryItem TestCategory="LoyaltyTenderNeutral" />
        <TestCategoryItem TestCategory="MobileVerification" />
      </TestCategory>
      <DeploymentItems>
        <DeploymentItem filename="ExternalBinaries" outputDirectory=".\ExternalBinaries" />
        <DeploymentItem filename="TestData" outputDirectory=".\TestData" />
        <DeploymentItem filename="TestRunConfig" outputDirectory=".\TestRunConfig" />
      </DeploymentItems>
      <Execution id="11f8592e-ae43-41f7-a555-521a87cfce2d" />
      <TestMethod codeBase="C:/LoyaltyWebTest/Web/Test/UI/LoyaltyWeb/LoyaltyWebTest/LoyaltyWebTest/bin/Debug/Nordstrom.Web.Test.UI.LoyaltyWeb.DLL" adapterTypeName="Microsoft.VisualStudio.TestTools.TestTypes.Unit.UnitTestAdapter, Microsoft.VisualStudio.QualityTools.Tips.UnitTest.Adapter, Version=12.0.0.0, Culture=neutral, PublicKeyToken=b03f5f7f11d50a3a" className="Nordstrom.Web.Test.UI.LoyaltyWeb.LoyaltyTenderNeutralMobileVerificationPageTests, Nordstrom.Web.Test.UI.LoyaltyWeb, Version=1.0.0.0, Culture=neutral, PublicKeyToken=null" name="SuccessAssociationPageModalPopupsValidation_GuestUserDidntGetACodeModalContentValidation_DidntGetACodeModalContentValidatedSuccessfully" />
    </UnitTest>
    <UnitTest name="TenderNeutralAssociation_ExistingLoyaltyCustomerComesToAssociationPageUsingDifferentWebAccount_ShouldGetErrorMessage" storage="c:\loyaltywebtest\web\test\ui\loyaltyweb\loyaltywebtest\loyaltywebtest\bin\debug\nordstrom.web.test.ui.loyaltyweb.dll" id="bf20d9b1-26e6-819b-2980-c3bcb8cd5366">
      <Description>Customer enrolled in store. As guest customer types wrong email, he got error message right message.</Description>
      <TestCategory>
        <TestCategoryItem TestCategory="LoyaltyTenderNeutral" />
        <TestCategoryItem TestCategory="Association" />
      </TestCategory>
      <DeploymentItems>
        <DeploymentItem filename="ExternalBinaries" outputDirectory=".\ExternalBinaries" />
        <DeploymentItem filename="TestData" outputDirectory=".\TestData" />
        <DeploymentItem filename="TestRunConfig" outputDirectory=".\TestRunConfig" />
      </DeploymentItems>
      <Execution id="c843096b-2d6a-491e-82b6-0beb2dbf6c1e" />
      <TestMethod codeBase="C:/LoyaltyWebTest/Web/Test/UI/LoyaltyWeb/LoyaltyWebTest/LoyaltyWebTest/bin/Debug/Nordstrom.Web.Test.UI.LoyaltyWeb.DLL" adapterTypeName="Microsoft.VisualStudio.TestTools.TestTypes.Unit.UnitTestAdapter, Microsoft.VisualStudio.QualityTools.Tips.UnitTest.Adapter, Version=12.0.0.0, Culture=neutral, PublicKeyToken=b03f5f7f11d50a3a" className="Nordstrom.Web.Test.UI.LoyaltyWeb.LoyaltyAssociationTests, Nordstrom.Web.Test.UI.LoyaltyWeb, Version=1.0.0.0, Culture=neutral, PublicKeyToken=null" name="TenderNeutralAssociation_ExistingLoyaltyCustomerComesToAssociationPageUsingDifferentWebAccount_ShouldGetErrorMessage" />
    </UnitTest>
    <UnitTest name="MobileVerificationPage_WhenEnrolledUserTypeWrongDigitCode_ShouldGetWrongCodeMessage" storage="c:\loyaltywebtest\web\test\ui\loyaltyweb\loyaltywebtest\loyaltywebtest\bin\debug\nordstrom.web.test.ui.loyaltyweb.dll" id="d0f4ec86-2b86-2cd8-ac68-409545882993">
      <Description>Enrolled User should see wrong digit code message when typing wrong 6 digit code in verificaiton page.</Description>
      <TestCategory>
        <TestCategoryItem TestCategory="LoyaltyTenderNeutral" />
        <TestCategoryItem TestCategory="MobileVerification" />
      </TestCategory>
      <DeploymentItems>
        <DeploymentItem filename="ExternalBinaries" outputDirectory=".\ExternalBinaries" />
        <DeploymentItem filename="TestData" outputDirectory=".\TestData" />
        <DeploymentItem filename="TestRunConfig" outputDirectory=".\TestRunConfig" />
      </DeploymentItems>
      <Execution id="b2e595c1-16c5-43f9-a44e-16de2ad549f5" />
      <TestMethod codeBase="C:/LoyaltyWebTest/Web/Test/UI/LoyaltyWeb/LoyaltyWebTest/LoyaltyWebTest/bin/Debug/Nordstrom.Web.Test.UI.LoyaltyWeb.DLL" adapterTypeName="Microsoft.VisualStudio.TestTools.TestTypes.Unit.UnitTestAdapter, Microsoft.VisualStudio.QualityTools.Tips.UnitTest.Adapter, Version=12.0.0.0, Culture=neutral, PublicKeyToken=b03f5f7f11d50a3a" className="Nordstrom.Web.Test.UI.LoyaltyWeb.LoyaltyTenderNeutralMobileVerificationPageTests, Nordstrom.Web.Test.UI.LoyaltyWeb, Version=1.0.0.0, Culture=neutral, PublicKeyToken=null" name="MobileVerificationPage_WhenEnrolledUserTypeWrongDigitCode_ShouldGetWrongCodeMessage" />
    </UnitTest>
    <UnitTest name="TenderNeutralRewardsEnroll_LoyaltyTenderNeutralUnrecognisedUserLeavePhoneNumberFieldBlank_ErrorMessageDisplayedSuccessfully" storage="c:\loyaltywebtest\web\test\ui\loyaltyweb\loyaltywebtest\loyaltywebtest\bin\debug\nordstrom.web.test.ui.loyaltyweb.dll" id="2c5acb84-e512-ccac-4b8b-8ea6b0d3920c">
      <Description>Verify that error message appear for phone number field when it is left blank for unrecognised user</Description>
      <TestCategory>
        <TestCategoryItem TestCategory="LoyaltyTenderNeutral" />
        <TestCategoryItem TestCategory="Enroll" />
      </TestCategory>
      <DeploymentItems>
        <DeploymentItem filename="ExternalBinaries" outputDirectory=".\ExternalBinaries" />
        <DeploymentItem filename="TestData" outputDirectory=".\TestData" />
        <DeploymentItem filename="TestRunConfig" outputDirectory=".\TestRunConfig" />
      </DeploymentItems>
      <Execution id="d7cf5be6-6ae3-41e4-a5f3-17d0d1934aed" />
      <TestMethod codeBase="C:/LoyaltyWebTest/Web/Test/UI/LoyaltyWeb/LoyaltyWebTest/LoyaltyWebTest/bin/Debug/Nordstrom.Web.Test.UI.LoyaltyWeb.DLL" adapterTypeName="Microsoft.VisualStudio.TestTools.TestTypes.Unit.UnitTestAdapter, Microsoft.VisualStudio.QualityTools.Tips.UnitTest.Adapter, Version=12.0.0.0, Culture=neutral, PublicKeyToken=b03f5f7f11d50a3a" className="Nordstrom.Web.Test.UI.LoyaltyWeb.LoyaltyRegisterTests, Nordstrom.Web.Test.UI.LoyaltyWeb, Version=1.0.0.0, Culture=neutral, PublicKeyToken=null" name="TenderNeutralRewardsEnroll_LoyaltyTenderNeutralUnrecognisedUserLeavePhoneNumberFieldBlank_ErrorMessageDisplayedSuccessfully" />
    </UnitTest>
    <UnitTest name="TenderNeutralEnroll_When15MinutesPassWithoutUserActivityAndTestSecureShopperSessionFeatureFlagOff_ExpectSessionTimeoutInfoShowAndUserInfoDisappear" storage="c:\loyaltywebtest\web\test\ui\loyaltyweb\loyaltywebtest\loyaltywebtest\bin\debug\nordstrom.web.test.ui.loyaltyweb.dll" id="dbe39e81-54e6-8534-594e-60312842c80d">
      <Description>Verify that when 15 minutes pass without authenticated user input, session time out area is shown and existing user personal info disappear.</Description>
      <TestCategory>
        <TestCategoryItem TestCategory="SensitiveData" />
        <TestCategoryItem TestCategory="LoyaltyTenderNeutral" />
      </TestCategory>
      <DeploymentItems>
        <DeploymentItem filename="ExternalBinaries" outputDirectory=".\ExternalBinaries" />
        <DeploymentItem filename="TestData" outputDirectory=".\TestData" />
        <DeploymentItem filename="TestRunConfig" outputDirectory=".\TestRunConfig" />
      </DeploymentItems>
      <Execution id="45a4c67f-7a99-4c84-9833-b6a3767c4552" />
      <TestMethod codeBase="C:/LoyaltyWebTest/Web/Test/UI/LoyaltyWeb/LoyaltyWebTest/LoyaltyWebTest/bin/Debug/Nordstrom.Web.Test.UI.LoyaltyWeb.DLL" adapterTypeName="Microsoft.VisualStudio.TestTools.TestTypes.Unit.UnitTestAdapter, Microsoft.VisualStudio.QualityTools.Tips.UnitTest.Adapter, Version=12.0.0.0, Culture=neutral, PublicKeyToken=b03f5f7f11d50a3a" className="Nordstrom.Web.Test.UI.LoyaltyWeb.UserSensitiveDataCases, Nordstrom.Web.Test.UI.LoyaltyWeb, Version=1.0.0.0, Culture=neutral, PublicKeyToken=null" name="TenderNeutralEnroll_When15MinutesPassWithoutUserActivityAndTestSecureShopperSessionFeatureFlagOff_ExpectSessionTimeoutInfoShowAndUserInfoDisappear" />
    </UnitTest>
    <UnitTest name="LoyaltyLearnPage_ClickRewardsTermsAndConditionsLink_NavigatesToRelevantPageSuccessfully" storage="c:\loyaltywebtest\web\test\ui\loyaltyweb\loyaltywebtest\loyaltywebtest\bin\debug\nordstrom.web.test.ui.loyaltyweb.dll" id="5b4f0f6b-7500-9d3a-dc13-e34405e8b22f">
      <Description>To verify Nordstrion Rewards Terms and Conditions link on Learn Page is navigated to the relevant page successfully</Description>
      <TestCategory>
        <TestCategoryItem TestCategory="LoyaltyTenderNeutral" />
        <TestCategoryItem TestCategory="Learn" />
      </TestCategory>
      <DeploymentItems>
        <DeploymentItem filename="ExternalBinaries" outputDirectory=".\ExternalBinaries" />
        <DeploymentItem filename="TestData" outputDirectory=".\TestData" />
        <DeploymentItem filename="TestRunConfig" outputDirectory=".\TestRunConfig" />
      </DeploymentItems>
      <Execution id="691e14c4-ff05-42d0-b567-0de6f2514277" />
      <TestMethod codeBase="C:/LoyaltyWebTest/Web/Test/UI/LoyaltyWeb/LoyaltyWebTest/LoyaltyWebTest/bin/Debug/Nordstrom.Web.Test.UI.LoyaltyWeb.DLL" adapterTypeName="Microsoft.VisualStudio.TestTools.TestTypes.Unit.UnitTestAdapter, Microsoft.VisualStudio.QualityTools.Tips.UnitTest.Adapter, Version=12.0.0.0, Culture=neutral, PublicKeyToken=b03f5f7f11d50a3a" className="Nordstrom.Web.Test.UI.LoyaltyWeb.LoyaltyLearnTests, Nordstrom.Web.Test.UI.LoyaltyWeb, Version=1.0.0.0, Culture=neutral, PublicKeyToken=null" name="LoyaltyLearnPage_ClickRewardsTermsAndConditionsLink_NavigatesToRelevantPageSuccessfully" />
    </UnitTest>
    <UnitTest name="SuccessAssociationPageModalPopupsValidation_CloseButtonGetANewCodeModalValidation_CloseButtonInGetANewCodeModalClosedModalSuccessfully" storage="c:\loyaltywebtest\web\test\ui\loyaltyweb\loyaltywebtest\loyaltywebtest\bin\debug\nordstrom.web.test.ui.loyaltyweb.dll" id="8d07d365-e6b3-65ac-7ac7-e1c25fe2e0cb">
      <Description>'Get a new code' Modal Popup Close Button Functionality verification</Description>
      <TestCategory>
        <TestCategoryItem TestCategory="LoyaltyTenderNeutral" />
        <TestCategoryItem TestCategory="MobileVerification" />
      </TestCategory>
      <DeploymentItems>
        <DeploymentItem filename="ExternalBinaries" outputDirectory=".\ExternalBinaries" />
        <DeploymentItem filename="TestData" outputDirectory=".\TestData" />
        <DeploymentItem filename="TestRunConfig" outputDirectory=".\TestRunConfig" />
      </DeploymentItems>
      <Execution id="33c98791-fa31-485a-9566-16b8b735dff0" />
      <TestMethod codeBase="C:/LoyaltyWebTest/Web/Test/UI/LoyaltyWeb/LoyaltyWebTest/LoyaltyWebTest/bin/Debug/Nordstrom.Web.Test.UI.LoyaltyWeb.DLL" adapterTypeName="Microsoft.VisualStudio.TestTools.TestTypes.Unit.UnitTestAdapter, Microsoft.VisualStudio.QualityTools.Tips.UnitTest.Adapter, Version=12.0.0.0, Culture=neutral, PublicKeyToken=b03f5f7f11d50a3a" className="Nordstrom.Web.Test.UI.LoyaltyWeb.LoyaltyTenderNeutralMobileVerificationPageTests, Nordstrom.Web.Test.UI.LoyaltyWeb, Version=1.0.0.0, Culture=neutral, PublicKeyToken=null" name="SuccessAssociationPageModalPopupsValidation_CloseButtonGetANewCodeModalValidation_CloseButtonInGetANewCodeModalClosedModalSuccessfully" />
    </UnitTest>
    <UnitTest name="MobileVerificationPageModalPopupsValidation_CloseButtonInDidntGetACodeModalValidation_CloseButtonInDidntGetACodeModalClosedModalSuccessfully" storage="c:\loyaltywebtest\web\test\ui\loyaltyweb\loyaltywebtest\loyaltywebtest\bin\debug\nordstrom.web.test.ui.loyaltyweb.dll" id="23010815-be15-7fb0-5f11-ae62528f19b0">
      <Description>Didn't Get A Code Modal Popup Close Button Functionality verification</Description>
      <TestCategory>
        <TestCategoryItem TestCategory="LoyaltyTenderNeutral" />
        <TestCategoryItem TestCategory="MobileVerification" />
      </TestCategory>
      <DeploymentItems>
        <DeploymentItem filename="ExternalBinaries" outputDirectory=".\ExternalBinaries" />
        <DeploymentItem filename="TestData" outputDirectory=".\TestData" />
        <DeploymentItem filename="TestRunConfig" outputDirectory=".\TestRunConfig" />
      </DeploymentItems>
      <Execution id="8b91f7df-f67b-442e-a156-95afe06ef008" />
      <TestMethod codeBase="C:/LoyaltyWebTest/Web/Test/UI/LoyaltyWeb/LoyaltyWebTest/LoyaltyWebTest/bin/Debug/Nordstrom.Web.Test.UI.LoyaltyWeb.DLL" adapterTypeName="Microsoft.VisualStudio.TestTools.TestTypes.Unit.UnitTestAdapter, Microsoft.VisualStudio.QualityTools.Tips.UnitTest.Adapter, Version=12.0.0.0, Culture=neutral, PublicKeyToken=b03f5f7f11d50a3a" className="Nordstrom.Web.Test.UI.LoyaltyWeb.LoyaltyTenderNeutralMobileVerificationPageTests, Nordstrom.Web.Test.UI.LoyaltyWeb, Version=1.0.0.0, Culture=neutral, PublicKeyToken=null" name="MobileVerificationPageModalPopupsValidation_CloseButtonInDidntGetACodeModalValidation_CloseButtonInDidntGetACodeModalClosedModalSuccessfully" />
    </UnitTest>
    <UnitTest name="TenderNeutralAssociation_When15MinutesPassAsAuthenticatedUser_ChangeToRecognizeUserAndInfoDisappear" storage="c:\loyaltywebtest\web\test\ui\loyaltyweb\loyaltywebtest\loyaltywebtest\bin\debug\nordstrom.web.test.ui.loyaltyweb.dll" id="e7dc9dd3-4cd3-3bf6-c7c0-12fcc1c1c5cd">
      <Description>Verify that when 15 minutes pass, authenticated user changes to recognized user and his phone info clears up</Description>
      <TestCategory>
        <TestCategoryItem TestCategory="SensitiveData" />
        <TestCategoryItem TestCategory="LoyaltyTenderNeutral" />
      </TestCategory>
      <DeploymentItems>
        <DeploymentItem filename="ExternalBinaries" outputDirectory=".\ExternalBinaries" />
        <DeploymentItem filename="TestData" outputDirectory=".\TestData" />
        <DeploymentItem filename="TestRunConfig" outputDirectory=".\TestRunConfig" />
      </DeploymentItems>
      <Execution id="8bea873f-042e-44ce-bac7-abd9a34398e4" />
      <TestMethod codeBase="C:/LoyaltyWebTest/Web/Test/UI/LoyaltyWeb/LoyaltyWebTest/LoyaltyWebTest/bin/Debug/Nordstrom.Web.Test.UI.LoyaltyWeb.DLL" adapterTypeName="Microsoft.VisualStudio.TestTools.TestTypes.Unit.UnitTestAdapter, Microsoft.VisualStudio.QualityTools.Tips.UnitTest.Adapter, Version=12.0.0.0, Culture=neutral, PublicKeyToken=b03f5f7f11d50a3a" className="Nordstrom.Web.Test.UI.LoyaltyWeb.UserSensitiveDataCases, Nordstrom.Web.Test.UI.LoyaltyWeb, Version=1.0.0.0, Culture=neutral, PublicKeyToken=null" name="TenderNeutralAssociation_When15MinutesPassAsAuthenticatedUser_ChangeToRecognizeUserAndInfoDisappear" />
    </UnitTest>
    <UnitTest name="TenderNeutralRewardsEnroll_LoyaltyTNAuthenticatedUserFBlankCodeField_ThrowseError" storage="c:\loyaltywebtest\web\test\ui\loyaltyweb\loyaltywebtest\loyaltywebtest\bin\debug\nordstrom.web.test.ui.loyaltyweb.dll" id="884a4ca8-cd4f-64c9-09ad-1d353ec31c8c">
      <Description>Verify that error message is displayed when the mobile verification code field is left blank</Description>
      <TestCategory>
        <TestCategoryItem TestCategory="LoyaltyTenderNeutral" />
        <TestCategoryItem TestCategory="MobileVerification" />
      </TestCategory>
      <DeploymentItems>
        <DeploymentItem filename="ExternalBinaries" outputDirectory=".\ExternalBinaries" />
        <DeploymentItem filename="TestData" outputDirectory=".\TestData" />
        <DeploymentItem filename="TestRunConfig" outputDirectory=".\TestRunConfig" />
      </DeploymentItems>
      <Execution id="b4378023-9cff-434a-9124-6535a6a36d31" />
      <TestMethod codeBase="C:/LoyaltyWebTest/Web/Test/UI/LoyaltyWeb/LoyaltyWebTest/LoyaltyWebTest/bin/Debug/Nordstrom.Web.Test.UI.LoyaltyWeb.DLL" adapterTypeName="Microsoft.VisualStudio.TestTools.TestTypes.Unit.UnitTestAdapter, Microsoft.VisualStudio.QualityTools.Tips.UnitTest.Adapter, Version=12.0.0.0, Culture=neutral, PublicKeyToken=b03f5f7f11d50a3a" className="Nordstrom.Web.Test.UI.LoyaltyWeb.LoyaltyTenderNeutralMobileVerificationPageTests, Nordstrom.Web.Test.UI.LoyaltyWeb, Version=1.0.0.0, Culture=neutral, PublicKeyToken=null" name="TenderNeutralRewardsEnroll_LoyaltyTNAuthenticatedUserFBlankCodeField_ThrowseError" />
    </UnitTest>
    <UnitTest name="TenderNeutralRewardsEnroll_LoyaltyTNAuthenticatedUserMaximumInvlaidEntryinCodeField_ThrowsError" storage="c:\loyaltywebtest\web\test\ui\loyaltyweb\loyaltywebtest\loyaltywebtest\bin\debug\nordstrom.web.test.ui.loyaltyweb.dll" id="ee8371a4-6a8c-8220-7b9b-c4b425e74e47">
      <Description>Verify that error message is displayed when special characters are entered in mobile verification code field</Description>
      <TestCategory>
        <TestCategoryItem TestCategory="LoyaltyTenderNeutral" />
        <TestCategoryItem TestCategory="MobileVerification" />
      </TestCategory>
      <DeploymentItems>
        <DeploymentItem filename="ExternalBinaries" outputDirectory=".\ExternalBinaries" />
        <DeploymentItem filename="TestData" outputDirectory=".\TestData" />
        <DeploymentItem filename="TestRunConfig" outputDirectory=".\TestRunConfig" />
      </DeploymentItems>
      <Execution id="87d9aa6b-d06e-4499-bbdf-7721a99d94d6" />
      <TestMethod codeBase="C:/LoyaltyWebTest/Web/Test/UI/LoyaltyWeb/LoyaltyWebTest/LoyaltyWebTest/bin/Debug/Nordstrom.Web.Test.UI.LoyaltyWeb.DLL" adapterTypeName="Microsoft.VisualStudio.TestTools.TestTypes.Unit.UnitTestAdapter, Microsoft.VisualStudio.QualityTools.Tips.UnitTest.Adapter, Version=12.0.0.0, Culture=neutral, PublicKeyToken=b03f5f7f11d50a3a" className="Nordstrom.Web.Test.UI.LoyaltyWeb.LoyaltyTenderNeutralMobileVerificationPageTests, Nordstrom.Web.Test.UI.LoyaltyWeb, Version=1.0.0.0, Culture=neutral, PublicKeyToken=null" name="TenderNeutralRewardsEnroll_LoyaltyTNAuthenticatedUserMaximumInvlaidEntryinCodeField_ThrowsError" />
    </UnitTest>
    <UnitTest name="TenderNeutralRewardsRegister_GuestUserRegistrationForTenderNeutral_MandatoryFieldsDisplaySuccessful" storage="c:\loyaltywebtest\web\test\ui\loyaltyweb\loyaltywebtest\loyaltywebtest\bin\debug\nordstrom.web.test.ui.loyaltyweb.dll" id="86c93201-f1f8-1299-bf26-243f1336a5e7">
      <Description>Verify presence of mandatory fields on Loyalty Tender Neutral Register page for a guest user</Description>
      <TestCategory>
        <TestCategoryItem TestCategory="LoyaltyTenderNeutral" />
        <TestCategoryItem TestCategory="Enroll" />
      </TestCategory>
      <DeploymentItems>
        <DeploymentItem filename="ExternalBinaries" outputDirectory=".\ExternalBinaries" />
        <DeploymentItem filename="TestData" outputDirectory=".\TestData" />
        <DeploymentItem filename="TestRunConfig" outputDirectory=".\TestRunConfig" />
      </DeploymentItems>
      <Execution id="82b3054f-68d3-4a0d-83e9-6fded89eeb2f" />
      <TestMethod codeBase="C:/LoyaltyWebTest/Web/Test/UI/LoyaltyWeb/LoyaltyWebTest/LoyaltyWebTest/bin/Debug/Nordstrom.Web.Test.UI.LoyaltyWeb.DLL" adapterTypeName="Microsoft.VisualStudio.TestTools.TestTypes.Unit.UnitTestAdapter, Microsoft.VisualStudio.QualityTools.Tips.UnitTest.Adapter, Version=12.0.0.0, Culture=neutral, PublicKeyToken=b03f5f7f11d50a3a" className="Nordstrom.Web.Test.UI.LoyaltyWeb.LoyaltyRegisterTests, Nordstrom.Web.Test.UI.LoyaltyWeb, Version=1.0.0.0, Culture=neutral, PublicKeyToken=null" name="TenderNeutralRewardsRegister_GuestUserRegistrationForTenderNeutral_MandatoryFieldsDisplaySuccessful" />
    </UnitTest>
    <UnitTest name="MobileVerificationPageModalPopupsValidation_CloseButtonInGetANewCodeModalValidation_CloseButtonInGetANewCodeModalClosesModalSuccessfully" storage="c:\loyaltywebtest\web\test\ui\loyaltyweb\loyaltywebtest\loyaltywebtest\bin\debug\nordstrom.web.test.ui.loyaltyweb.dll" id="2dc10e4d-0215-3f23-67b5-47a4fe1b7ab1">
      <Description>'Get a new code' Modal Popup Close Button Modal dismissal behavior validation</Description>
      <TestCategory>
        <TestCategoryItem TestCategory="LoyaltyTenderNeutral" />
        <TestCategoryItem TestCategory="MobileVerification" />
      </TestCategory>
      <DeploymentItems>
        <DeploymentItem filename="ExternalBinaries" outputDirectory=".\ExternalBinaries" />
        <DeploymentItem filename="TestData" outputDirectory=".\TestData" />
        <DeploymentItem filename="TestRunConfig" outputDirectory=".\TestRunConfig" />
      </DeploymentItems>
      <Execution id="f8172876-6a6b-44c2-a1d4-f758138c4d3e" />
      <TestMethod codeBase="C:/LoyaltyWebTest/Web/Test/UI/LoyaltyWeb/LoyaltyWebTest/LoyaltyWebTest/bin/Debug/Nordstrom.Web.Test.UI.LoyaltyWeb.DLL" adapterTypeName="Microsoft.VisualStudio.TestTools.TestTypes.Unit.UnitTestAdapter, Microsoft.VisualStudio.QualityTools.Tips.UnitTest.Adapter, Version=12.0.0.0, Culture=neutral, PublicKeyToken=b03f5f7f11d50a3a" className="Nordstrom.Web.Test.UI.LoyaltyWeb.LoyaltyTenderNeutralMobileVerificationPageTests, Nordstrom.Web.Test.UI.LoyaltyWeb, Version=1.0.0.0, Culture=neutral, PublicKeyToken=null" name="MobileVerificationPageModalPopupsValidation_CloseButtonInGetANewCodeModalValidation_CloseButtonInGetANewCodeModalClosesModalSuccessfully" />
    </UnitTest>
    <UnitTest name="TenderNeutralAssociation_AlreadyAssociatedEnrolledCustomerComesToAssociationPageAsRecognizedUser_ShouldGetYouAreSetMessage" storage="c:\loyaltywebtest\web\test\ui\loyaltyweb\loyaltywebtest\loyaltywebtest\bin\debug\nordstrom.web.test.ui.loyaltyweb.dll" id="4510ccf7-36db-8e02-5028-6ef595ef9238">
      <Description>When associated customer wants to associate again in recognized state, he got the all set message.</Description>
      <TestCategory>
        <TestCategoryItem TestCategory="LoyaltyTenderNeutral" />
        <TestCategoryItem TestCategory="Association" />
      </TestCategory>
      <DeploymentItems>
        <DeploymentItem filename="ExternalBinaries" outputDirectory=".\ExternalBinaries" />
        <DeploymentItem filename="TestData" outputDirectory=".\TestData" />
        <DeploymentItem filename="TestRunConfig" outputDirectory=".\TestRunConfig" />
      </DeploymentItems>
      <Execution id="98f95d09-a134-4248-9c7f-87d85826ece2" />
      <TestMethod codeBase="C:/LoyaltyWebTest/Web/Test/UI/LoyaltyWeb/LoyaltyWebTest/LoyaltyWebTest/bin/Debug/Nordstrom.Web.Test.UI.LoyaltyWeb.DLL" adapterTypeName="Microsoft.VisualStudio.TestTools.TestTypes.Unit.UnitTestAdapter, Microsoft.VisualStudio.QualityTools.Tips.UnitTest.Adapter, Version=12.0.0.0, Culture=neutral, PublicKeyToken=b03f5f7f11d50a3a" className="Nordstrom.Web.Test.UI.LoyaltyWeb.LoyaltyAssociationTests, Nordstrom.Web.Test.UI.LoyaltyWeb, Version=1.0.0.0, Culture=neutral, PublicKeyToken=null" name="TenderNeutralAssociation_AlreadyAssociatedEnrolledCustomerComesToAssociationPageAsRecognizedUser_ShouldGetYouAreSetMessage" />
    </UnitTest>
    <UnitTest name="TenderNeutralRewardsEnroll_LoyaltyTNAuthenticatedUserLessThanSixDigitsInCodeField_ThrowseError" storage="c:\loyaltywebtest\web\test\ui\loyaltyweb\loyaltywebtest\loyaltywebtest\bin\debug\nordstrom.web.test.ui.loyaltyweb.dll" id="3757ab62-2418-b96f-a6e8-6a2ddff7f5be">
      <Description>Verify that error message is displayed when a number less than 6 digits are entered in mobile vrification code field</Description>
      <TestCategory>
        <TestCategoryItem TestCategory="LoyaltyTenderNeutral" />
        <TestCategoryItem TestCategory="MobileVerification" />
      </TestCategory>
      <DeploymentItems>
        <DeploymentItem filename="ExternalBinaries" outputDirectory=".\ExternalBinaries" />
        <DeploymentItem filename="TestData" outputDirectory=".\TestData" />
        <DeploymentItem filename="TestRunConfig" outputDirectory=".\TestRunConfig" />
      </DeploymentItems>
      <Execution id="c11cb302-bb2d-491e-a2dd-6a0680efbc5f" />
      <TestMethod codeBase="C:/LoyaltyWebTest/Web/Test/UI/LoyaltyWeb/LoyaltyWebTest/LoyaltyWebTest/bin/Debug/Nordstrom.Web.Test.UI.LoyaltyWeb.DLL" adapterTypeName="Microsoft.VisualStudio.TestTools.TestTypes.Unit.UnitTestAdapter, Microsoft.VisualStudio.QualityTools.Tips.UnitTest.Adapter, Version=12.0.0.0, Culture=neutral, PublicKeyToken=b03f5f7f11d50a3a" className="Nordstrom.Web.Test.UI.LoyaltyWeb.LoyaltyTenderNeutralMobileVerificationPageTests, Nordstrom.Web.Test.UI.LoyaltyWeb, Version=1.0.0.0, Culture=neutral, PublicKeyToken=null" name="TenderNeutralRewardsEnroll_LoyaltyTNAuthenticatedUserLessThanSixDigitsInCodeField_ThrowseError" />
    </UnitTest>
    <UnitTest name="TenderNeutralEarn_AuthenticatedUserSeesRewardsSectionInOrderSubmitPage_Successfully" storage="c:\loyaltywebtest\web\test\ui\loyaltyweb\loyaltywebtest\loyaltywebtest\bin\debug\nordstrom.web.test.ui.loyaltyweb.dll" id="127aa9dd-cc04-d0e2-0746-e44f2e070db9">
      <Description>Verify that an authenticated user is able to see Rewards section in Ordersubmit page.</Description>
      <TestCategory>
        <TestCategoryItem TestCategory="LoyaltyTenderNeutral" />
        <TestCategoryItem TestCategory="Earn" />
      </TestCategory>
      <DeploymentItems>
        <DeploymentItem filename="ExternalBinaries" outputDirectory=".\ExternalBinaries" />
        <DeploymentItem filename="TestData" outputDirectory=".\TestData" />
        <DeploymentItem filename="TestRunConfig" outputDirectory=".\TestRunConfig" />
      </DeploymentItems>
      <Execution id="9649306d-d309-4eaf-adfd-261f1858e334" />
      <TestMethod codeBase="C:/LoyaltyWebTest/Web/Test/UI/LoyaltyWeb/LoyaltyWebTest/LoyaltyWebTest/bin/Debug/Nordstrom.Web.Test.UI.LoyaltyWeb.DLL" adapterTypeName="Microsoft.VisualStudio.TestTools.TestTypes.Unit.UnitTestAdapter, Microsoft.VisualStudio.QualityTools.Tips.UnitTest.Adapter, Version=12.0.0.0, Culture=neutral, PublicKeyToken=b03f5f7f11d50a3a" className="Nordstrom.Web.Test.UI.LoyaltyWeb.LoyaltyEarnTests, Nordstrom.Web.Test.UI.LoyaltyWeb, Version=1.0.0.0, Culture=neutral, PublicKeyToken=null" name="TenderNeutralEarn_AuthenticatedUserSeesRewardsSectionInOrderSubmitPage_Successfully" />
    </UnitTest>
    <UnitTest name="TenderNeutralRewardsEnroll_LoyaltyTenderNeutralGuestUserPasswordFieldSpecialCharactersEntry_ErrorMessageDisplayedSuccessfully" storage="c:\loyaltywebtest\web\test\ui\loyaltyweb\loyaltywebtest\loyaltywebtest\bin\debug\nordstrom.web.test.ui.loyaltyweb.dll" id="98f3b8cc-a409-a327-2cce-f0ebee095d09">
      <Description>Verify the error message displayed for the invalid entry of special characters in Password field</Description>
      <TestCategory>
        <TestCategoryItem TestCategory="LoyaltyTenderNeutral" />
        <TestCategoryItem TestCategory="Enroll" />
      </TestCategory>
      <DeploymentItems>
        <DeploymentItem filename="ExternalBinaries" outputDirectory=".\ExternalBinaries" />
        <DeploymentItem filename="TestData" outputDirectory=".\TestData" />
        <DeploymentItem filename="TestRunConfig" outputDirectory=".\TestRunConfig" />
      </DeploymentItems>
      <Execution id="75cbb8cc-f027-42cc-9e8b-dcad648828b7" />
      <TestMethod codeBase="C:/LoyaltyWebTest/Web/Test/UI/LoyaltyWeb/LoyaltyWebTest/LoyaltyWebTest/bin/Debug/Nordstrom.Web.Test.UI.LoyaltyWeb.DLL" adapterTypeName="Microsoft.VisualStudio.TestTools.TestTypes.Unit.UnitTestAdapter, Microsoft.VisualStudio.QualityTools.Tips.UnitTest.Adapter, Version=12.0.0.0, Culture=neutral, PublicKeyToken=b03f5f7f11d50a3a" className="Nordstrom.Web.Test.UI.LoyaltyWeb.LoyaltyRegisterTests, Nordstrom.Web.Test.UI.LoyaltyWeb, Version=1.0.0.0, Culture=neutral, PublicKeyToken=null" name="TenderNeutralRewardsEnroll_LoyaltyTenderNeutralGuestUserPasswordFieldSpecialCharactersEntry_ErrorMessageDisplayedSuccessfully" />
    </UnitTest>
    <UnitTest name="TenderNeutralAssociation_AuthenticateddUserEnrolledFromStoreGoToWebAssociationPage_ShouldSucceed" storage="c:\loyaltywebtest\web\test\ui\loyaltyweb\loyaltywebtest\loyaltywebtest\bin\debug\nordstrom.web.test.ui.loyaltyweb.dll" id="ff928513-162d-e085-f145-dee35035d811">
      <Description>Verify that when authenticated user enrolled into loyalty from Store  goes to Association page, he can type in his email and phone number and associate to loyalty program.</Description>
      <TestCategory>
        <TestCategoryItem TestCategory="LoyaltyTenderNeutral" />
        <TestCategoryItem TestCategory="Association" />
      </TestCategory>
      <DeploymentItems>
        <DeploymentItem filename="ExternalBinaries" outputDirectory=".\ExternalBinaries" />
        <DeploymentItem filename="TestData" outputDirectory=".\TestData" />
        <DeploymentItem filename="TestRunConfig" outputDirectory=".\TestRunConfig" />
      </DeploymentItems>
      <Execution id="30195ce1-d22d-45a5-873a-20b15df0b777" />
      <TestMethod codeBase="C:/LoyaltyWebTest/Web/Test/UI/LoyaltyWeb/LoyaltyWebTest/LoyaltyWebTest/bin/Debug/Nordstrom.Web.Test.UI.LoyaltyWeb.DLL" adapterTypeName="Microsoft.VisualStudio.TestTools.TestTypes.Unit.UnitTestAdapter, Microsoft.VisualStudio.QualityTools.Tips.UnitTest.Adapter, Version=12.0.0.0, Culture=neutral, PublicKeyToken=b03f5f7f11d50a3a" className="Nordstrom.Web.Test.UI.LoyaltyWeb.LoyaltyAssociationTests, Nordstrom.Web.Test.UI.LoyaltyWeb, Version=1.0.0.0, Culture=neutral, PublicKeyToken=null" name="TenderNeutralAssociation_AuthenticateddUserEnrolledFromStoreGoToWebAssociationPage_ShouldSucceed" />
    </UnitTest>
    <UnitTest name="LoyaltyLearnPage_ClickOnBecomeAMemberLink_NavigatesToRelevantPageSuccessfully" storage="c:\loyaltywebtest\web\test\ui\loyaltyweb\loyaltywebtest\loyaltywebtest\bin\debug\nordstrom.web.test.ui.loyaltyweb.dll" id="b7e89f3b-eb65-20d1-c839-79102d768b48">
      <Description>To verify Become a Member link on Learn Page is navigated to the relevant page successfully</Description>
      <TestCategory>
        <TestCategoryItem TestCategory="Learn" />
        <TestCategoryItem TestCategory="LoyaltyTenderNeutral" />
      </TestCategory>
      <DeploymentItems>
        <DeploymentItem filename="ExternalBinaries" outputDirectory=".\ExternalBinaries" />
        <DeploymentItem filename="TestData" outputDirectory=".\TestData" />
        <DeploymentItem filename="TestRunConfig" outputDirectory=".\TestRunConfig" />
      </DeploymentItems>
      <Execution id="04244cfa-8911-46f3-bfba-e33729d5095e" />
      <TestMethod codeBase="C:/LoyaltyWebTest/Web/Test/UI/LoyaltyWeb/LoyaltyWebTest/LoyaltyWebTest/bin/Debug/Nordstrom.Web.Test.UI.LoyaltyWeb.DLL" adapterTypeName="Microsoft.VisualStudio.TestTools.TestTypes.Unit.UnitTestAdapter, Microsoft.VisualStudio.QualityTools.Tips.UnitTest.Adapter, Version=12.0.0.0, Culture=neutral, PublicKeyToken=b03f5f7f11d50a3a" className="Nordstrom.Web.Test.UI.LoyaltyWeb.LoyaltyLearnTests, Nordstrom.Web.Test.UI.LoyaltyWeb, Version=1.0.0.0, Culture=neutral, PublicKeyToken=null" name="LoyaltyLearnPage_ClickOnBecomeAMemberLink_NavigatesToRelevantPageSuccessfully" />
    </UnitTest>
    <UnitTest name="LoyaltyWelcomePage_NordstromLogo_ShouldRender" storage="c:\loyaltywebtest\web\test\ui\loyaltyweb\loyaltywebtest\loyaltywebtest\bin\debug\nordstrom.web.test.ui.loyaltyweb.dll" id="6e08402d-8997-90dc-9b66-886438ad27db">
      <Description>Nordstrom logo should navigate to the right URL</Description>
      <TestCategory>
        <TestCategoryItem TestCategory="LoyaltyTenderNeutral" />
        <TestCategoryItem TestCategory="Welcome" />
      </TestCategory>
      <DeploymentItems>
        <DeploymentItem filename="ExternalBinaries" outputDirectory=".\ExternalBinaries" />
        <DeploymentItem filename="TestData" outputDirectory=".\TestData" />
        <DeploymentItem filename="TestRunConfig" outputDirectory=".\TestRunConfig" />
      </DeploymentItems>
      <Execution id="55476b1a-0d54-4cf4-9d52-e7f1bcfef873" />
      <TestMethod codeBase="C:/LoyaltyWebTest/Web/Test/UI/LoyaltyWeb/LoyaltyWebTest/LoyaltyWebTest/bin/Debug/Nordstrom.Web.Test.UI.LoyaltyWeb.DLL" adapterTypeName="Microsoft.VisualStudio.TestTools.TestTypes.Unit.UnitTestAdapter, Microsoft.VisualStudio.QualityTools.Tips.UnitTest.Adapter, Version=12.0.0.0, Culture=neutral, PublicKeyToken=b03f5f7f11d50a3a" className="Nordstrom.Web.Test.UI.LoyaltyWeb.LoyaltyWelcomeTests, Nordstrom.Web.Test.UI.LoyaltyWeb, Version=1.0.0.0, Culture=neutral, PublicKeyToken=null" name="LoyaltyWelcomePage_NordstromLogo_ShouldRender" />
    </UnitTest>
    <UnitTest name="TenderNeutralRewardsRegister_GuestUserEnrollWithExistingPhoneButDifferentEmailinEnrollProgram_ShouldFailInEnroll" storage="c:\loyaltywebtest\web\test\ui\loyaltyweb\loyaltywebtest\loyaltywebtest\bin\debug\nordstrom.web.test.ui.loyaltyweb.dll" id="156ad963-ef4e-d174-5b3c-8f7b12cb6828">
      <Description>Guest user enrolling with existing enroll phone number but different email would fail</Description>
      <TestCategory>
        <TestCategoryItem TestCategory="LoyaltyTenderNeutral" />
        <TestCategoryItem TestCategory="Enroll" />
      </TestCategory>
      <DeploymentItems>
        <DeploymentItem filename="ExternalBinaries" outputDirectory=".\ExternalBinaries" />
        <DeploymentItem filename="TestData" outputDirectory=".\TestData" />
        <DeploymentItem filename="TestRunConfig" outputDirectory=".\TestRunConfig" />
      </DeploymentItems>
      <Execution id="eaecfd0e-2b21-4dc3-8539-f218e8d4a956" />
      <TestMethod codeBase="C:/LoyaltyWebTest/Web/Test/UI/LoyaltyWeb/LoyaltyWebTest/LoyaltyWebTest/bin/Debug/Nordstrom.Web.Test.UI.LoyaltyWeb.DLL" adapterTypeName="Microsoft.VisualStudio.TestTools.TestTypes.Unit.UnitTestAdapter, Microsoft.VisualStudio.QualityTools.Tips.UnitTest.Adapter, Version=12.0.0.0, Culture=neutral, PublicKeyToken=b03f5f7f11d50a3a" className="Nordstrom.Web.Test.UI.LoyaltyWeb.LoyaltyRegisterTests, Nordstrom.Web.Test.UI.LoyaltyWeb, Version=1.0.0.0, Culture=neutral, PublicKeyToken=null" name="TenderNeutralRewardsRegister_GuestUserEnrollWithExistingPhoneButDifferentEmailinEnrollProgram_ShouldFailInEnroll" />
    </UnitTest>
    <UnitTest name="SuccessAssociationPageModalPopupsValidation_GuestUserMaximumLimitGetANewCodeClickValidation_ValidMessageDisplayedSuccessfully" storage="c:\loyaltywebtest\web\test\ui\loyaltyweb\loyaltywebtest\loyaltywebtest\bin\debug\nordstrom.web.test.ui.loyaltyweb.dll" id="17ddc304-caf1-92fb-26b0-9e5ce0e35f12">
      <Description>Click on 'Get a new code' at maximum limit and verifying the valid message displayed successfully</Description>
      <TestCategory>
        <TestCategoryItem TestCategory="LoyaltyTenderNeutral" />
        <TestCategoryItem TestCategory="MobileVerification" />
      </TestCategory>
      <DeploymentItems>
        <DeploymentItem filename="ExternalBinaries" outputDirectory=".\ExternalBinaries" />
        <DeploymentItem filename="TestData" outputDirectory=".\TestData" />
        <DeploymentItem filename="TestRunConfig" outputDirectory=".\TestRunConfig" />
      </DeploymentItems>
      <Execution id="3c29576b-6aa9-4ee3-af0b-b769cd518e25" />
      <TestMethod codeBase="C:/LoyaltyWebTest/Web/Test/UI/LoyaltyWeb/LoyaltyWebTest/LoyaltyWebTest/bin/Debug/Nordstrom.Web.Test.UI.LoyaltyWeb.DLL" adapterTypeName="Microsoft.VisualStudio.TestTools.TestTypes.Unit.UnitTestAdapter, Microsoft.VisualStudio.QualityTools.Tips.UnitTest.Adapter, Version=12.0.0.0, Culture=neutral, PublicKeyToken=b03f5f7f11d50a3a" className="Nordstrom.Web.Test.UI.LoyaltyWeb.LoyaltyTenderNeutralMobileVerificationPageTests, Nordstrom.Web.Test.UI.LoyaltyWeb, Version=1.0.0.0, Culture=neutral, PublicKeyToken=null" name="SuccessAssociationPageModalPopupsValidation_GuestUserMaximumLimitGetANewCodeClickValidation_ValidMessageDisplayedSuccessfully" />
    </UnitTest>
    <UnitTest name="TenderNeutralRewardsEnroll_LoyaltyTenderNeutralGuestUserInvalidPhoneNumberFieldEntry_ErrorMessageDisplayedSuccessfully" storage="c:\loyaltywebtest\web\test\ui\loyaltyweb\loyaltywebtest\loyaltywebtest\bin\debug\nordstrom.web.test.ui.loyaltyweb.dll" id="b6897335-ba4e-a142-6fbc-5f99f55eddfb">
      <Description>Verify the error message displayed for the invalid entry of phone number field</Description>
      <TestCategory>
        <TestCategoryItem TestCategory="LoyaltyTenderNeutral" />
        <TestCategoryItem TestCategory="Enroll" />
      </TestCategory>
      <DeploymentItems>
        <DeploymentItem filename="ExternalBinaries" outputDirectory=".\ExternalBinaries" />
        <DeploymentItem filename="TestData" outputDirectory=".\TestData" />
        <DeploymentItem filename="TestRunConfig" outputDirectory=".\TestRunConfig" />
      </DeploymentItems>
      <Execution id="5af19e41-514d-450f-9cd3-24b9d215d45c" />
      <TestMethod codeBase="C:/LoyaltyWebTest/Web/Test/UI/LoyaltyWeb/LoyaltyWebTest/LoyaltyWebTest/bin/Debug/Nordstrom.Web.Test.UI.LoyaltyWeb.DLL" adapterTypeName="Microsoft.VisualStudio.TestTools.TestTypes.Unit.UnitTestAdapter, Microsoft.VisualStudio.QualityTools.Tips.UnitTest.Adapter, Version=12.0.0.0, Culture=neutral, PublicKeyToken=b03f5f7f11d50a3a" className="Nordstrom.Web.Test.UI.LoyaltyWeb.LoyaltyRegisterTests, Nordstrom.Web.Test.UI.LoyaltyWeb, Version=1.0.0.0, Culture=neutral, PublicKeyToken=null" name="TenderNeutralRewardsEnroll_LoyaltyTenderNeutralGuestUserInvalidPhoneNumberFieldEntry_ErrorMessageDisplayedSuccessfully" />
    </UnitTest>
    <UnitTest name="MobileVerificationPageModalPopupsValidation_OkButtonInGetANewCodeModalValidation_OkButtonInGetANewCodeModalClosesModalSuccessfully" storage="c:\loyaltywebtest\web\test\ui\loyaltyweb\loyaltywebtest\loyaltywebtest\bin\debug\nordstrom.web.test.ui.loyaltyweb.dll" id="a69eddad-1d10-e519-4d70-67bf86829651">
      <Description>'Get a new code' Modal Popup OK Button Modal dismissal behavior validation</Description>
      <TestCategory>
        <TestCategoryItem TestCategory="LoyaltyTenderNeutral" />
        <TestCategoryItem TestCategory="MobileVerification" />
      </TestCategory>
      <DeploymentItems>
        <DeploymentItem filename="ExternalBinaries" outputDirectory=".\ExternalBinaries" />
        <DeploymentItem filename="TestData" outputDirectory=".\TestData" />
        <DeploymentItem filename="TestRunConfig" outputDirectory=".\TestRunConfig" />
      </DeploymentItems>
      <Execution id="4519229a-84e0-4c13-b934-5f0f8accfd0b" />
      <TestMethod codeBase="C:/LoyaltyWebTest/Web/Test/UI/LoyaltyWeb/LoyaltyWebTest/LoyaltyWebTest/bin/Debug/Nordstrom.Web.Test.UI.LoyaltyWeb.DLL" adapterTypeName="Microsoft.VisualStudio.TestTools.TestTypes.Unit.UnitTestAdapter, Microsoft.VisualStudio.QualityTools.Tips.UnitTest.Adapter, Version=12.0.0.0, Culture=neutral, PublicKeyToken=b03f5f7f11d50a3a" className="Nordstrom.Web.Test.UI.LoyaltyWeb.LoyaltyTenderNeutralMobileVerificationPageTests, Nordstrom.Web.Test.UI.LoyaltyWeb, Version=1.0.0.0, Culture=neutral, PublicKeyToken=null" name="MobileVerificationPageModalPopupsValidation_OkButtonInGetANewCodeModalValidation_OkButtonInGetANewCodeModalClosesModalSuccessfully" />
    </UnitTest>
    <UnitTest name="TenderNeutralRewardsRegister_GuestUserSignIntoYourNordstromComAccountSelected_MarketingPreferenceNotDisplayed" storage="c:\loyaltywebtest\web\test\ui\loyaltyweb\loyaltywebtest\loyaltywebtest\bin\debug\nordstrom.web.test.ui.loyaltyweb.dll" id="f6bf3045-329d-5362-b062-36ec5089da9b">
      <Description>Verify that the marketing preference is not displayed on enroll page as a guest user, when 'Sign In' option is selected</Description>
      <TestCategory>
        <TestCategoryItem TestCategory="LoyaltyTenderNeutral" />
        <TestCategoryItem TestCategory="Enroll" />
      </TestCategory>
      <DeploymentItems>
        <DeploymentItem filename="ExternalBinaries" outputDirectory=".\ExternalBinaries" />
        <DeploymentItem filename="TestData" outputDirectory=".\TestData" />
        <DeploymentItem filename="TestRunConfig" outputDirectory=".\TestRunConfig" />
      </DeploymentItems>
      <Execution id="ef092b2f-a453-4f35-8e10-e70cb3f19ebf" />
      <TestMethod codeBase="C:/LoyaltyWebTest/Web/Test/UI/LoyaltyWeb/LoyaltyWebTest/LoyaltyWebTest/bin/Debug/Nordstrom.Web.Test.UI.LoyaltyWeb.DLL" adapterTypeName="Microsoft.VisualStudio.TestTools.TestTypes.Unit.UnitTestAdapter, Microsoft.VisualStudio.QualityTools.Tips.UnitTest.Adapter, Version=12.0.0.0, Culture=neutral, PublicKeyToken=b03f5f7f11d50a3a" className="Nordstrom.Web.Test.UI.LoyaltyWeb.LoyaltyRegisterTests, Nordstrom.Web.Test.UI.LoyaltyWeb, Version=1.0.0.0, Culture=neutral, PublicKeyToken=null" name="TenderNeutralRewardsRegister_GuestUserSignIntoYourNordstromComAccountSelected_MarketingPreferenceNotDisplayed" />
    </UnitTest>
    <UnitTest name="TenderNeutralRewardsRegister_GuestUserEnrollsWithExistingWebAccount_ShouldFailInEnroll" storage="c:\loyaltywebtest\web\test\ui\loyaltyweb\loyaltywebtest\loyaltywebtest\bin\debug\nordstrom.web.test.ui.loyaltyweb.dll" id="0d9db47e-d139-26d1-245c-06168dee7980">
      <Description>Guest user enrolls with existing web account would fail in enrollment</Description>
      <TestCategory>
        <TestCategoryItem TestCategory="LoyaltyTenderNeutral" />
        <TestCategoryItem TestCategory="Enroll" />
      </TestCategory>
      <DeploymentItems>
        <DeploymentItem filename="ExternalBinaries" outputDirectory=".\ExternalBinaries" />
        <DeploymentItem filename="TestData" outputDirectory=".\TestData" />
        <DeploymentItem filename="TestRunConfig" outputDirectory=".\TestRunConfig" />
      </DeploymentItems>
      <Execution id="cd6caa3b-6bf8-4449-94d0-b2ce30863352" />
      <TestMethod codeBase="C:/LoyaltyWebTest/Web/Test/UI/LoyaltyWeb/LoyaltyWebTest/LoyaltyWebTest/bin/Debug/Nordstrom.Web.Test.UI.LoyaltyWeb.DLL" adapterTypeName="Microsoft.VisualStudio.TestTools.TestTypes.Unit.UnitTestAdapter, Microsoft.VisualStudio.QualityTools.Tips.UnitTest.Adapter, Version=12.0.0.0, Culture=neutral, PublicKeyToken=b03f5f7f11d50a3a" className="Nordstrom.Web.Test.UI.LoyaltyWeb.LoyaltyRegisterTests, Nordstrom.Web.Test.UI.LoyaltyWeb, Version=1.0.0.0, Culture=neutral, PublicKeyToken=null" name="TenderNeutralRewardsRegister_GuestUserEnrollsWithExistingWebAccount_ShouldFailInEnroll" />
    </UnitTest>
    <UnitTest name="TenderNeutralRewardsEnroll_GuestUserVerifyLinksOnThePage_LinksShouldNavigatetoCorrectUrls" storage="c:\loyaltywebtest\web\test\ui\loyaltyweb\loyaltywebtest\loyaltywebtest\bin\debug\nordstrom.web.test.ui.loyaltyweb.dll" id="dc336b25-76b0-1ed1-8abe-705617b468be">
      <Description>Verify that links on the enroll page works for a guest user</Description>
      <TestCategory>
        <TestCategoryItem TestCategory="LoyaltyTenderNeutral" />
        <TestCategoryItem TestCategory="Enroll" />
      </TestCategory>
      <DeploymentItems>
        <DeploymentItem filename="ExternalBinaries" outputDirectory=".\ExternalBinaries" />
        <DeploymentItem filename="TestData" outputDirectory=".\TestData" />
        <DeploymentItem filename="TestRunConfig" outputDirectory=".\TestRunConfig" />
      </DeploymentItems>
      <Execution id="11dd3aa3-7b52-4ffb-9175-64faf864a1b5" />
      <TestMethod codeBase="C:/LoyaltyWebTest/Web/Test/UI/LoyaltyWeb/LoyaltyWebTest/LoyaltyWebTest/bin/Debug/Nordstrom.Web.Test.UI.LoyaltyWeb.DLL" adapterTypeName="Microsoft.VisualStudio.TestTools.TestTypes.Unit.UnitTestAdapter, Microsoft.VisualStudio.QualityTools.Tips.UnitTest.Adapter, Version=12.0.0.0, Culture=neutral, PublicKeyToken=b03f5f7f11d50a3a" className="Nordstrom.Web.Test.UI.LoyaltyWeb.LoyaltyRegisterTests, Nordstrom.Web.Test.UI.LoyaltyWeb, Version=1.0.0.0, Culture=neutral, PublicKeyToken=null" name="TenderNeutralRewardsEnroll_GuestUserVerifyLinksOnThePage_LinksShouldNavigatetoCorrectUrls" />
    </UnitTest>
    <UnitTest name="TenderNeutralRewardsRegister_MarketingPreferenceUpdateCheckedDuringTenderNeutralEnrollment_MarketingPreferenceSuccessfulUpdateToYesForNordAccount" storage="c:\loyaltywebtest\web\test\ui\loyaltyweb\loyaltywebtest\loyaltywebtest\bin\debug\nordstrom.web.test.ui.loyaltyweb.dll" id="21295eb5-b67c-57fc-2827-af49702d43cb">
      <Description>Verify that Nordstrom email marketing preference is updated to yes while creating a nordtrom tender neutral rewards account</Description>
      <TestCategory>
        <TestCategoryItem TestCategory="LoyaltyTenderNeutral" />
        <TestCategoryItem TestCategory="Enroll" />
      </TestCategory>
      <DeploymentItems>
        <DeploymentItem filename="ExternalBinaries" outputDirectory=".\ExternalBinaries" />
        <DeploymentItem filename="TestData" outputDirectory=".\TestData" />
        <DeploymentItem filename="TestRunConfig" outputDirectory=".\TestRunConfig" />
      </DeploymentItems>
      <Execution id="a8c9fd84-a826-4d06-9bef-6c6b165ea4b0" />
      <TestMethod codeBase="C:/LoyaltyWebTest/Web/Test/UI/LoyaltyWeb/LoyaltyWebTest/LoyaltyWebTest/bin/Debug/Nordstrom.Web.Test.UI.LoyaltyWeb.DLL" adapterTypeName="Microsoft.VisualStudio.TestTools.TestTypes.Unit.UnitTestAdapter, Microsoft.VisualStudio.QualityTools.Tips.UnitTest.Adapter, Version=12.0.0.0, Culture=neutral, PublicKeyToken=b03f5f7f11d50a3a" className="Nordstrom.Web.Test.UI.LoyaltyWeb.LoyaltyRegisterTests, Nordstrom.Web.Test.UI.LoyaltyWeb, Version=1.0.0.0, Culture=neutral, PublicKeyToken=null" name="TenderNeutralRewardsRegister_MarketingPreferenceUpdateCheckedDuringTenderNeutralEnrollment_MarketingPreferenceSuccessfulUpdateToYesForNordAccount" />
    </UnitTest>
    <UnitTest name="LoyaltyLearnPage_ClickPersonalTriplePointsDayLinkOnLearnPage_NavigatesToBenifitsPage" storage="c:\loyaltywebtest\web\test\ui\loyaltyweb\loyaltywebtest\loyaltywebtest\bin\debug\nordstrom.web.test.ui.loyaltyweb.dll" id="ef8e8c46-de6b-76b6-9c0f-cdce9dce6662">
      <Description>To verify Personal Triple Points Days link on Learn Page is navigated to the relevant page successfully</Description>
      <TestCategory>
        <TestCategoryItem TestCategory="Learn" />
        <TestCategoryItem TestCategory="LoyaltyTenderNeutral" />
      </TestCategory>
      <DeploymentItems>
        <DeploymentItem filename="ExternalBinaries" outputDirectory=".\ExternalBinaries" />
        <DeploymentItem filename="TestData" outputDirectory=".\TestData" />
        <DeploymentItem filename="TestRunConfig" outputDirectory=".\TestRunConfig" />
      </DeploymentItems>
      <Execution id="9ef74a58-98ee-45de-8571-ab9742583b1c" />
      <TestMethod codeBase="C:/LoyaltyWebTest/Web/Test/UI/LoyaltyWeb/LoyaltyWebTest/LoyaltyWebTest/bin/Debug/Nordstrom.Web.Test.UI.LoyaltyWeb.DLL" adapterTypeName="Microsoft.VisualStudio.TestTools.TestTypes.Unit.UnitTestAdapter, Microsoft.VisualStudio.QualityTools.Tips.UnitTest.Adapter, Version=12.0.0.0, Culture=neutral, PublicKeyToken=b03f5f7f11d50a3a" className="Nordstrom.Web.Test.UI.LoyaltyWeb.LoyaltyLearnTests, Nordstrom.Web.Test.UI.LoyaltyWeb, Version=1.0.0.0, Culture=neutral, PublicKeyToken=null" name="LoyaltyLearnPage_ClickPersonalTriplePointsDayLinkOnLearnPage_NavigatesToBenifitsPage" />
    </UnitTest>
    <UnitTest name="TenderNeutralRewardsEnroll_LoyaltyTNRecognisedUserLeaveFieldsBlank_ErrorMessageDisplayedSuccessfully" storage="c:\loyaltywebtest\web\test\ui\loyaltyweb\loyaltywebtest\loyaltywebtest\bin\debug\nordstrom.web.test.ui.loyaltyweb.dll" id="62822ede-d7ae-a303-deb5-5de2d01d3518">
      <Description>Verify that error messages appear for all required fields when Join button is clicked leaving all fields blank for an recognised user</Description>
      <TestCategory>
        <TestCategoryItem TestCategory="Enroll" />
        <TestCategoryItem TestCategory="LoyaltyTenderNeutral" />
      </TestCategory>
      <DeploymentItems>
        <DeploymentItem filename="ExternalBinaries" outputDirectory=".\ExternalBinaries" />
        <DeploymentItem filename="TestData" outputDirectory=".\TestData" />
        <DeploymentItem filename="TestRunConfig" outputDirectory=".\TestRunConfig" />
      </DeploymentItems>
      <Execution id="6be50b9d-daf5-432f-880d-77ef4b483b55" />
      <TestMethod codeBase="C:/LoyaltyWebTest/Web/Test/UI/LoyaltyWeb/LoyaltyWebTest/LoyaltyWebTest/bin/Debug/Nordstrom.Web.Test.UI.LoyaltyWeb.DLL" adapterTypeName="Microsoft.VisualStudio.TestTools.TestTypes.Unit.UnitTestAdapter, Microsoft.VisualStudio.QualityTools.Tips.UnitTest.Adapter, Version=12.0.0.0, Culture=neutral, PublicKeyToken=b03f5f7f11d50a3a" className="Nordstrom.Web.Test.UI.LoyaltyWeb.LoyaltyRegisterTests, Nordstrom.Web.Test.UI.LoyaltyWeb, Version=1.0.0.0, Culture=neutral, PublicKeyToken=null" name="TenderNeutralRewardsEnroll_LoyaltyTNRecognisedUserLeaveFieldsBlank_ErrorMessageDisplayedSuccessfully" />
    </UnitTest>
    <UnitTest name="TenderNeutralRewardsEnroll_LoyaltyTNAuthenticatedUserLeaveFieldsBlank_ErrorMessageDisplayedSuccessfully" storage="c:\loyaltywebtest\web\test\ui\loyaltyweb\loyaltywebtest\loyaltywebtest\bin\debug\nordstrom.web.test.ui.loyaltyweb.dll" id="3328ea28-7cd9-8126-b497-abe963133f32">
      <Description>Verify that error messages appear for all required fields when Join button is clicked leaving all fields blank for an authenticated user</Description>
      <TestCategory>
        <TestCategoryItem TestCategory="LoyaltyTenderNeutral" />
        <TestCategoryItem TestCategory="Enroll" />
      </TestCategory>
      <DeploymentItems>
        <DeploymentItem filename="ExternalBinaries" outputDirectory=".\ExternalBinaries" />
        <DeploymentItem filename="TestData" outputDirectory=".\TestData" />
        <DeploymentItem filename="TestRunConfig" outputDirectory=".\TestRunConfig" />
      </DeploymentItems>
      <Execution id="7884b607-aa89-4a31-bf45-995c7d59b22c" />
      <TestMethod codeBase="C:/LoyaltyWebTest/Web/Test/UI/LoyaltyWeb/LoyaltyWebTest/LoyaltyWebTest/bin/Debug/Nordstrom.Web.Test.UI.LoyaltyWeb.DLL" adapterTypeName="Microsoft.VisualStudio.TestTools.TestTypes.Unit.UnitTestAdapter, Microsoft.VisualStudio.QualityTools.Tips.UnitTest.Adapter, Version=12.0.0.0, Culture=neutral, PublicKeyToken=b03f5f7f11d50a3a" className="Nordstrom.Web.Test.UI.LoyaltyWeb.LoyaltyRegisterTests, Nordstrom.Web.Test.UI.LoyaltyWeb, Version=1.0.0.0, Culture=neutral, PublicKeyToken=null" name="TenderNeutralRewardsEnroll_LoyaltyTNAuthenticatedUserLeaveFieldsBlank_ErrorMessageDisplayedSuccessfully" />
    </UnitTest>
    <UnitTest name="TenderNeutralAssociationPage_TenderNeutralAssociationFeatureFlagOff_UserRedirectedToHomePage" storage="c:\loyaltywebtest\web\test\ui\loyaltyweb\loyaltywebtest\loyaltywebtest\bin\debug\nordstrom.web.test.ui.loyaltyweb.dll" id="58e6c602-14c2-9d55-77c9-65e620bc43e6">
      <Description>Verify that user is redirected to Home page when TenderNeutralAssociation featureflag is off</Description>
      <TestCategory>
        <TestCategoryItem TestCategory="LoyaltyTenderNeutral" />
        <TestCategoryItem TestCategory="Association" />
      </TestCategory>
      <DeploymentItems>
        <DeploymentItem filename="ExternalBinaries" outputDirectory=".\ExternalBinaries" />
        <DeploymentItem filename="TestData" outputDirectory=".\TestData" />
        <DeploymentItem filename="TestRunConfig" outputDirectory=".\TestRunConfig" />
      </DeploymentItems>
      <Execution id="608bbc13-aa6d-4061-9984-6a72470535ad" />
      <TestMethod codeBase="C:/LoyaltyWebTest/Web/Test/UI/LoyaltyWeb/LoyaltyWebTest/LoyaltyWebTest/bin/Debug/Nordstrom.Web.Test.UI.LoyaltyWeb.DLL" adapterTypeName="Microsoft.VisualStudio.TestTools.TestTypes.Unit.UnitTestAdapter, Microsoft.VisualStudio.QualityTools.Tips.UnitTest.Adapter, Version=12.0.0.0, Culture=neutral, PublicKeyToken=b03f5f7f11d50a3a" className="Nordstrom.Web.Test.UI.LoyaltyWeb.LoyaltyAssociationTests, Nordstrom.Web.Test.UI.LoyaltyWeb, Version=1.0.0.0, Culture=neutral, PublicKeyToken=null" name="TenderNeutralAssociationPage_TenderNeutralAssociationFeatureFlagOff_UserRedirectedToHomePage" />
    </UnitTest>
    <UnitTest name="TenderNeutralRewardsEnroll_LoyaltyTenderNeutralGuestUserPhoneNumberFieldSpecialCharactersEntry_ErrorMessageDisplayedSuccessfully" storage="c:\loyaltywebtest\web\test\ui\loyaltyweb\loyaltywebtest\loyaltywebtest\bin\debug\nordstrom.web.test.ui.loyaltyweb.dll" id="c0b34bd0-4b58-a51d-1f25-53756c16dc68">
      <Description>Verify the error message displayed for the invalid entry of special characters in phone number field</Description>
      <TestCategory>
        <TestCategoryItem TestCategory="LoyaltyTenderNeutral" />
        <TestCategoryItem TestCategory="Enroll" />
      </TestCategory>
      <DeploymentItems>
        <DeploymentItem filename="ExternalBinaries" outputDirectory=".\ExternalBinaries" />
        <DeploymentItem filename="TestData" outputDirectory=".\TestData" />
        <DeploymentItem filename="TestRunConfig" outputDirectory=".\TestRunConfig" />
      </DeploymentItems>
      <Execution id="92e9a677-8c83-4d13-a1f3-594246f679d9" />
      <TestMethod codeBase="C:/LoyaltyWebTest/Web/Test/UI/LoyaltyWeb/LoyaltyWebTest/LoyaltyWebTest/bin/Debug/Nordstrom.Web.Test.UI.LoyaltyWeb.DLL" adapterTypeName="Microsoft.VisualStudio.TestTools.TestTypes.Unit.UnitTestAdapter, Microsoft.VisualStudio.QualityTools.Tips.UnitTest.Adapter, Version=12.0.0.0, Culture=neutral, PublicKeyToken=b03f5f7f11d50a3a" className="Nordstrom.Web.Test.UI.LoyaltyWeb.LoyaltyRegisterTests, Nordstrom.Web.Test.UI.LoyaltyWeb, Version=1.0.0.0, Culture=neutral, PublicKeyToken=null" name="TenderNeutralRewardsEnroll_LoyaltyTenderNeutralGuestUserPhoneNumberFieldSpecialCharactersEntry_ErrorMessageDisplayedSuccessfully" />
    </UnitTest>
    <UnitTest name="TenderNeutralRewardsEnroll_LoyaltyTenderNeutralGuestUserEmailField_ErrorMessageDisplayedSuccessfully" storage="c:\loyaltywebtest\web\test\ui\loyaltyweb\loyaltywebtest\loyaltywebtest\bin\debug\nordstrom.web.test.ui.loyaltyweb.dll" id="c9d681f3-7d2a-3b30-6a06-24588c794ac5">
      <Description>Verify the error message displayed for the invalid entry of Email field</Description>
      <TestCategory>
        <TestCategoryItem TestCategory="LoyaltyTenderNeutral" />
        <TestCategoryItem TestCategory="Enroll" />
      </TestCategory>
      <DeploymentItems>
        <DeploymentItem filename="ExternalBinaries" outputDirectory=".\ExternalBinaries" />
        <DeploymentItem filename="TestData" outputDirectory=".\TestData" />
        <DeploymentItem filename="TestRunConfig" outputDirectory=".\TestRunConfig" />
      </DeploymentItems>
      <Execution id="a341094c-11f9-475e-81fc-eeed00bd56ba" />
      <TestMethod codeBase="C:/LoyaltyWebTest/Web/Test/UI/LoyaltyWeb/LoyaltyWebTest/LoyaltyWebTest/bin/Debug/Nordstrom.Web.Test.UI.LoyaltyWeb.DLL" adapterTypeName="Microsoft.VisualStudio.TestTools.TestTypes.Unit.UnitTestAdapter, Microsoft.VisualStudio.QualityTools.Tips.UnitTest.Adapter, Version=12.0.0.0, Culture=neutral, PublicKeyToken=b03f5f7f11d50a3a" className="Nordstrom.Web.Test.UI.LoyaltyWeb.LoyaltyRegisterTests, Nordstrom.Web.Test.UI.LoyaltyWeb, Version=1.0.0.0, Culture=neutral, PublicKeyToken=null" name="TenderNeutralRewardsEnroll_LoyaltyTenderNeutralGuestUserEmailField_ErrorMessageDisplayedSuccessfully" />
    </UnitTest>
    <UnitTest name="TenderNeutralEarn_RegisteredSigningInAsGuestCanSeeRewardsSectionInOrderSubmitPage_Successfully" storage="c:\loyaltywebtest\web\test\ui\loyaltyweb\loyaltywebtest\loyaltywebtest\bin\debug\nordstrom.web.test.ui.loyaltyweb.dll" id="4fc82fd8-184f-1840-0105-855fe51690c6">
      <Description>Verify that a registered user signing in from checkout page is able to see Rewards section in Ordersubmit page.</Description>
      <TestCategory>
        <TestCategoryItem TestCategory="LoyaltyTenderNeutral" />
        <TestCategoryItem TestCategory="Earn" />
      </TestCategory>
      <DeploymentItems>
        <DeploymentItem filename="ExternalBinaries" outputDirectory=".\ExternalBinaries" />
        <DeploymentItem filename="TestData" outputDirectory=".\TestData" />
        <DeploymentItem filename="TestRunConfig" outputDirectory=".\TestRunConfig" />
      </DeploymentItems>
      <Execution id="63dcf8a0-8832-4de0-8a61-9b6fa0aa6565" />
      <TestMethod codeBase="C:/LoyaltyWebTest/Web/Test/UI/LoyaltyWeb/LoyaltyWebTest/LoyaltyWebTest/bin/Debug/Nordstrom.Web.Test.UI.LoyaltyWeb.DLL" adapterTypeName="Microsoft.VisualStudio.TestTools.TestTypes.Unit.UnitTestAdapter, Microsoft.VisualStudio.QualityTools.Tips.UnitTest.Adapter, Version=12.0.0.0, Culture=neutral, PublicKeyToken=b03f5f7f11d50a3a" className="Nordstrom.Web.Test.UI.LoyaltyWeb.LoyaltyEarnTests, Nordstrom.Web.Test.UI.LoyaltyWeb, Version=1.0.0.0, Culture=neutral, PublicKeyToken=null" name="TenderNeutralEarn_RegisteredSigningInAsGuestCanSeeRewardsSectionInOrderSubmitPage_Successfully" />
    </UnitTest>
    <UnitTest name="TenderNeutralRewardsEnroll_LoyaltyTenderNeutralRegisteredAuthenticatedUser_EmailPrePopulationVerificationSuccessful" storage="c:\loyaltywebtest\web\test\ui\loyaltyweb\loyaltywebtest\loyaltywebtest\bin\debug\nordstrom.web.test.ui.loyaltyweb.dll" id="f70e1f82-15d8-1be1-b2b4-b9f0d083e660">
      <Description>Verify pre-population of email field on loyalty enroll page for a N.com Registered user</Description>
      <TestCategory>
        <TestCategoryItem TestCategory="LoyaltyTenderNeutral" />
        <TestCategoryItem TestCategory="Enroll" />
      </TestCategory>
      <DeploymentItems>
        <DeploymentItem filename="ExternalBinaries" outputDirectory=".\ExternalBinaries" />
        <DeploymentItem filename="TestData" outputDirectory=".\TestData" />
        <DeploymentItem filename="TestRunConfig" outputDirectory=".\TestRunConfig" />
      </DeploymentItems>
      <Execution id="200df344-6cfa-4fd2-a9a6-efbf555e68fe" />
      <TestMethod codeBase="C:/LoyaltyWebTest/Web/Test/UI/LoyaltyWeb/LoyaltyWebTest/LoyaltyWebTest/bin/Debug/Nordstrom.Web.Test.UI.LoyaltyWeb.DLL" adapterTypeName="Microsoft.VisualStudio.TestTools.TestTypes.Unit.UnitTestAdapter, Microsoft.VisualStudio.QualityTools.Tips.UnitTest.Adapter, Version=12.0.0.0, Culture=neutral, PublicKeyToken=b03f5f7f11d50a3a" className="Nordstrom.Web.Test.UI.LoyaltyWeb.LoyaltyRegisterTests, Nordstrom.Web.Test.UI.LoyaltyWeb, Version=1.0.0.0, Culture=neutral, PublicKeyToken=null" name="TenderNeutralRewardsEnroll_LoyaltyTenderNeutralRegisteredAuthenticatedUser_EmailPrePopulationVerificationSuccessful" />
    </UnitTest>
    <UnitTest name="TenderNeutralRewardsEnroll_RecognizedUserVerifyLinksOnThePage_LinksShouldNavigatetoCorrectUrls" storage="c:\loyaltywebtest\web\test\ui\loyaltyweb\loyaltywebtest\loyaltywebtest\bin\debug\nordstrom.web.test.ui.loyaltyweb.dll" id="e870b60f-b9cd-9456-770e-be1a0622deb5">
      <Description>Verify that links on the enroll page works for an authenticated user</Description>
      <TestCategory>
        <TestCategoryItem TestCategory="LoyaltyTenderNeutral" />
        <TestCategoryItem TestCategory="Enroll" />
      </TestCategory>
      <DeploymentItems>
        <DeploymentItem filename="ExternalBinaries" outputDirectory=".\ExternalBinaries" />
        <DeploymentItem filename="TestData" outputDirectory=".\TestData" />
        <DeploymentItem filename="TestRunConfig" outputDirectory=".\TestRunConfig" />
      </DeploymentItems>
      <Execution id="a5b31c37-a3b2-4d0b-959c-3df0353c3d11" />
      <TestMethod codeBase="C:/LoyaltyWebTest/Web/Test/UI/LoyaltyWeb/LoyaltyWebTest/LoyaltyWebTest/bin/Debug/Nordstrom.Web.Test.UI.LoyaltyWeb.DLL" adapterTypeName="Microsoft.VisualStudio.TestTools.TestTypes.Unit.UnitTestAdapter, Microsoft.VisualStudio.QualityTools.Tips.UnitTest.Adapter, Version=12.0.0.0, Culture=neutral, PublicKeyToken=b03f5f7f11d50a3a" className="Nordstrom.Web.Test.UI.LoyaltyWeb.LoyaltyRegisterTests, Nordstrom.Web.Test.UI.LoyaltyWeb, Version=1.0.0.0, Culture=neutral, PublicKeyToken=null" name="TenderNeutralRewardsEnroll_RecognizedUserVerifyLinksOnThePage_LinksShouldNavigatetoCorrectUrls" />
    </UnitTest>
    <UnitTest name="LoyaltyLearnPage_ClickVIPAccessToInstoreEventsLink_NavigateToRelevantPageSuccessfully" storage="c:\loyaltywebtest\web\test\ui\loyaltyweb\loyaltywebtest\loyaltywebtest\bin\debug\nordstrom.web.test.ui.loyaltyweb.dll" id="2379f2a4-5f07-a34f-3a1d-5e919cd412d7">
      <Description>To verify VIP access to Instore Events link on Learn Page is navigated to the relevant page successfully</Description>
      <TestCategory>
        <TestCategoryItem TestCategory="LoyaltyTenderNeutral" />
        <TestCategoryItem TestCategory="Learn" />
      </TestCategory>
      <DeploymentItems>
        <DeploymentItem filename="ExternalBinaries" outputDirectory=".\ExternalBinaries" />
        <DeploymentItem filename="TestData" outputDirectory=".\TestData" />
        <DeploymentItem filename="TestRunConfig" outputDirectory=".\TestRunConfig" />
      </DeploymentItems>
      <Execution id="6c6d1eef-2627-4c86-8509-77850ddfd186" />
      <TestMethod codeBase="C:/LoyaltyWebTest/Web/Test/UI/LoyaltyWeb/LoyaltyWebTest/LoyaltyWebTest/bin/Debug/Nordstrom.Web.Test.UI.LoyaltyWeb.DLL" adapterTypeName="Microsoft.VisualStudio.TestTools.TestTypes.Unit.UnitTestAdapter, Microsoft.VisualStudio.QualityTools.Tips.UnitTest.Adapter, Version=12.0.0.0, Culture=neutral, PublicKeyToken=b03f5f7f11d50a3a" className="Nordstrom.Web.Test.UI.LoyaltyWeb.LoyaltyLearnTests, Nordstrom.Web.Test.UI.LoyaltyWeb, Version=1.0.0.0, Culture=neutral, PublicKeyToken=null" name="LoyaltyLearnPage_ClickVIPAccessToInstoreEventsLink_NavigateToRelevantPageSuccessfully" />
    </UnitTest>
    <UnitTest name="TenderNeutralRewardsEnroll_EnrollingWebGuestUserWithMoreThan16CharactersInFirstName_ThrowsError" storage="c:\loyaltywebtest\web\test\ui\loyaltyweb\loyaltywebtest\loyaltywebtest\bin\debug\nordstrom.web.test.ui.loyaltyweb.dll" id="d2a5ca71-63b3-74b7-abd6-f4ce50c7e642">
      <Description>Verify that First Name field cannot take more than 16 characters</Description>
      <TestCategory>
        <TestCategoryItem TestCategory="LoyaltyTenderNeutral" />
        <TestCategoryItem TestCategory="Enroll" />
      </TestCategory>
      <DeploymentItems>
        <DeploymentItem filename="ExternalBinaries" outputDirectory=".\ExternalBinaries" />
        <DeploymentItem filename="TestData" outputDirectory=".\TestData" />
        <DeploymentItem filename="TestRunConfig" outputDirectory=".\TestRunConfig" />
      </DeploymentItems>
      <Execution id="6179702d-0d07-4515-8b7e-2a928040dbdc" />
      <TestMethod codeBase="C:/LoyaltyWebTest/Web/Test/UI/LoyaltyWeb/LoyaltyWebTest/LoyaltyWebTest/bin/Debug/Nordstrom.Web.Test.UI.LoyaltyWeb.DLL" adapterTypeName="Microsoft.VisualStudio.TestTools.TestTypes.Unit.UnitTestAdapter, Microsoft.VisualStudio.QualityTools.Tips.UnitTest.Adapter, Version=12.0.0.0, Culture=neutral, PublicKeyToken=b03f5f7f11d50a3a" className="Nordstrom.Web.Test.UI.LoyaltyWeb.LoyaltyRegisterTests, Nordstrom.Web.Test.UI.LoyaltyWeb, Version=1.0.0.0, Culture=neutral, PublicKeyToken=null" name="TenderNeutralRewardsEnroll_EnrollingWebGuestUserWithMoreThan16CharactersInFirstName_ThrowsError" />
    </UnitTest>
    <UnitTest name="MobileVerificationPageModalPopupsValidation_GuestUserGetANewCodeModalContentValidation_GetANewCodeModalContentValidatedSuccessfully" storage="c:\loyaltywebtest\web\test\ui\loyaltyweb\loyaltywebtest\loyaltywebtest\bin\debug\nordstrom.web.test.ui.loyaltyweb.dll" id="d618c68d-88ae-88f4-1bc5-f56301e716ed">
      <Description>'Get a new code' Modal Popup verification and content validation for a guest user</Description>
      <TestCategory>
        <TestCategoryItem TestCategory="LoyaltyTenderNeutral" />
        <TestCategoryItem TestCategory="MobileVerification" />
      </TestCategory>
      <DeploymentItems>
        <DeploymentItem filename="ExternalBinaries" outputDirectory=".\ExternalBinaries" />
        <DeploymentItem filename="TestData" outputDirectory=".\TestData" />
        <DeploymentItem filename="TestRunConfig" outputDirectory=".\TestRunConfig" />
      </DeploymentItems>
      <Execution id="58a4f28a-6d1d-4e1c-9417-c612fe33e83b" />
      <TestMethod codeBase="C:/LoyaltyWebTest/Web/Test/UI/LoyaltyWeb/LoyaltyWebTest/LoyaltyWebTest/bin/Debug/Nordstrom.Web.Test.UI.LoyaltyWeb.DLL" adapterTypeName="Microsoft.VisualStudio.TestTools.TestTypes.Unit.UnitTestAdapter, Microsoft.VisualStudio.QualityTools.Tips.UnitTest.Adapter, Version=12.0.0.0, Culture=neutral, PublicKeyToken=b03f5f7f11d50a3a" className="Nordstrom.Web.Test.UI.LoyaltyWeb.LoyaltyTenderNeutralMobileVerificationPageTests, Nordstrom.Web.Test.UI.LoyaltyWeb, Version=1.0.0.0, Culture=neutral, PublicKeyToken=null" name="MobileVerificationPageModalPopupsValidation_GuestUserGetANewCodeModalContentValidation_GetANewCodeModalContentValidatedSuccessfully" />
    </UnitTest>
    <UnitTest name="MobileVerificationPageModalPopupsValidation_OkButtonInDidntGetACodeModalValidation_OkButtonInDidntGetACodeModalClosedModalSuccessfully" storage="c:\loyaltywebtest\web\test\ui\loyaltyweb\loyaltywebtest\loyaltywebtest\bin\debug\nordstrom.web.test.ui.loyaltyweb.dll" id="899e75ac-735e-e41d-941c-31a4337e1cb7">
      <Description>Didn't Get A Code Modal Popup OK Button Functionality verification</Description>
      <TestCategory>
        <TestCategoryItem TestCategory="LoyaltyTenderNeutral" />
        <TestCategoryItem TestCategory="MobileVerification" />
      </TestCategory>
      <DeploymentItems>
        <DeploymentItem filename="ExternalBinaries" outputDirectory=".\ExternalBinaries" />
        <DeploymentItem filename="TestData" outputDirectory=".\TestData" />
        <DeploymentItem filename="TestRunConfig" outputDirectory=".\TestRunConfig" />
      </DeploymentItems>
      <Execution id="7b29ee08-0345-43bf-a269-1523562a07a1" />
      <TestMethod codeBase="C:/LoyaltyWebTest/Web/Test/UI/LoyaltyWeb/LoyaltyWebTest/LoyaltyWebTest/bin/Debug/Nordstrom.Web.Test.UI.LoyaltyWeb.DLL" adapterTypeName="Microsoft.VisualStudio.TestTools.TestTypes.Unit.UnitTestAdapter, Microsoft.VisualStudio.QualityTools.Tips.UnitTest.Adapter, Version=12.0.0.0, Culture=neutral, PublicKeyToken=b03f5f7f11d50a3a" className="Nordstrom.Web.Test.UI.LoyaltyWeb.LoyaltyTenderNeutralMobileVerificationPageTests, Nordstrom.Web.Test.UI.LoyaltyWeb, Version=1.0.0.0, Culture=neutral, PublicKeyToken=null" name="MobileVerificationPageModalPopupsValidation_OkButtonInDidntGetACodeModalValidation_OkButtonInDidntGetACodeModalClosedModalSuccessfully" />
    </UnitTest>
    <UnitTest name="TenderNeutralRewardsEnroll_LoyaltyTenderNeutralUnrecognisedUserLeaveFirstNameFieldBlank_ErrorMessageDisplayedSuccessfully" storage="c:\loyaltywebtest\web\test\ui\loyaltyweb\loyaltywebtest\loyaltywebtest\bin\debug\nordstrom.web.test.ui.loyaltyweb.dll" id="eaf85329-ca0a-c954-261a-a3bcb16c9517">
      <Description>Verify that error message appear for first name field when it is left blank for unrecognised user</Description>
      <TestCategory>
        <TestCategoryItem TestCategory="LoyaltyTenderNeutral" />
        <TestCategoryItem TestCategory="Enroll" />
      </TestCategory>
      <DeploymentItems>
        <DeploymentItem filename="ExternalBinaries" outputDirectory=".\ExternalBinaries" />
        <DeploymentItem filename="TestData" outputDirectory=".\TestData" />
        <DeploymentItem filename="TestRunConfig" outputDirectory=".\TestRunConfig" />
      </DeploymentItems>
      <Execution id="c01bb800-ab75-4951-a668-33db226d1de8" />
      <TestMethod codeBase="C:/LoyaltyWebTest/Web/Test/UI/LoyaltyWeb/LoyaltyWebTest/LoyaltyWebTest/bin/Debug/Nordstrom.Web.Test.UI.LoyaltyWeb.DLL" adapterTypeName="Microsoft.VisualStudio.TestTools.TestTypes.Unit.UnitTestAdapter, Microsoft.VisualStudio.QualityTools.Tips.UnitTest.Adapter, Version=12.0.0.0, Culture=neutral, PublicKeyToken=b03f5f7f11d50a3a" className="Nordstrom.Web.Test.UI.LoyaltyWeb.LoyaltyRegisterTests, Nordstrom.Web.Test.UI.LoyaltyWeb, Version=1.0.0.0, Culture=neutral, PublicKeyToken=null" name="TenderNeutralRewardsEnroll_LoyaltyTenderNeutralUnrecognisedUserLeaveFirstNameFieldBlank_ErrorMessageDisplayedSuccessfully" />
    </UnitTest>
    <UnitTest name="NavigationToLoyaltyWebPage_TenderNeutralEnrollFeatureFlagOff_UserRedirectedToHomePage" storage="c:\loyaltywebtest\web\test\ui\loyaltyweb\loyaltywebtest\loyaltywebtest\bin\debug\nordstrom.web.test.ui.loyaltyweb.dll" id="2d317ff8-6ca3-bc10-25ad-dac6170b3fb0">
      <Description>Verify that user is redirected to Home page of the env while navigating to Loyalty web page , given feature flag : TenderNeutralEnroll is off</Description>
      <TestCategory>
        <TestCategoryItem TestCategory="LoyaltyTenderNeutral" />
        <TestCategoryItem TestCategory="Enroll" />
      </TestCategory>
      <DeploymentItems>
        <DeploymentItem filename="ExternalBinaries" outputDirectory=".\ExternalBinaries" />
        <DeploymentItem filename="TestData" outputDirectory=".\TestData" />
        <DeploymentItem filename="TestRunConfig" outputDirectory=".\TestRunConfig" />
      </DeploymentItems>
      <Execution id="54b8e6b4-7e5f-4bee-aae3-131142566c34" />
      <TestMethod codeBase="C:/LoyaltyWebTest/Web/Test/UI/LoyaltyWeb/LoyaltyWebTest/LoyaltyWebTest/bin/Debug/Nordstrom.Web.Test.UI.LoyaltyWeb.DLL" adapterTypeName="Microsoft.VisualStudio.TestTools.TestTypes.Unit.UnitTestAdapter, Microsoft.VisualStudio.QualityTools.Tips.UnitTest.Adapter, Version=12.0.0.0, Culture=neutral, PublicKeyToken=b03f5f7f11d50a3a" className="Nordstrom.Web.Test.UI.LoyaltyWeb.LoyaltyRegisterTests, Nordstrom.Web.Test.UI.LoyaltyWeb, Version=1.0.0.0, Culture=neutral, PublicKeyToken=null" name="NavigationToLoyaltyWebPage_TenderNeutralEnrollFeatureFlagOff_UserRedirectedToHomePage" />
    </UnitTest>
    <UnitTest name="TenderNeutralAssociation_When15MinutesPassAsGuestUser_EnteredInfoDisappear" storage="c:\loyaltywebtest\web\test\ui\loyaltyweb\loyaltywebtest\loyaltywebtest\bin\debug\nordstrom.web.test.ui.loyaltyweb.dll" id="dea7da76-cc4d-9db9-653c-019847e5cc46">
      <Description>Verify that when 15 minutes pass, guest user information clears up</Description>
      <TestCategory>
        <TestCategoryItem TestCategory="SensitiveData" />
        <TestCategoryItem TestCategory="LoyaltyTenderNeutral" />
      </TestCategory>
      <DeploymentItems>
        <DeploymentItem filename="ExternalBinaries" outputDirectory=".\ExternalBinaries" />
        <DeploymentItem filename="TestData" outputDirectory=".\TestData" />
        <DeploymentItem filename="TestRunConfig" outputDirectory=".\TestRunConfig" />
      </DeploymentItems>
      <Execution id="17e48470-dbe3-43f9-ba49-307604e23cd8" />
      <TestMethod codeBase="C:/LoyaltyWebTest/Web/Test/UI/LoyaltyWeb/LoyaltyWebTest/LoyaltyWebTest/bin/Debug/Nordstrom.Web.Test.UI.LoyaltyWeb.DLL" adapterTypeName="Microsoft.VisualStudio.TestTools.TestTypes.Unit.UnitTestAdapter, Microsoft.VisualStudio.QualityTools.Tips.UnitTest.Adapter, Version=12.0.0.0, Culture=neutral, PublicKeyToken=b03f5f7f11d50a3a" className="Nordstrom.Web.Test.UI.LoyaltyWeb.UserSensitiveDataCases, Nordstrom.Web.Test.UI.LoyaltyWeb, Version=1.0.0.0, Culture=neutral, PublicKeyToken=null" name="TenderNeutralAssociation_When15MinutesPassAsGuestUser_EnteredInfoDisappear" />
    </UnitTest>
    <UnitTest name="TenderNeutralRewardsRegister_MarketingPreferenceUpdateUncheckedDuringTenderNeutralEnrollment_MarketingPreferenceSuccessfulUpdateToNoForNordAccount" storage="c:\loyaltywebtest\web\test\ui\loyaltyweb\loyaltywebtest\loyaltywebtest\bin\debug\nordstrom.web.test.ui.loyaltyweb.dll" id="31d09e3d-7f4d-771c-fcf2-17618432c75c">
      <Description>Verify that Nordstrom email marketing preference is updated to yes while creating a nordtrom tender neutral rewards account</Description>
      <TestCategory>
        <TestCategoryItem TestCategory="LoyaltyTenderNeutral" />
        <TestCategoryItem TestCategory="Enroll" />
      </TestCategory>
      <DeploymentItems>
        <DeploymentItem filename="ExternalBinaries" outputDirectory=".\ExternalBinaries" />
        <DeploymentItem filename="TestData" outputDirectory=".\TestData" />
        <DeploymentItem filename="TestRunConfig" outputDirectory=".\TestRunConfig" />
      </DeploymentItems>
      <Execution id="10f059ea-24d9-48bd-a1cb-6d15728fef76" />
      <TestMethod codeBase="C:/LoyaltyWebTest/Web/Test/UI/LoyaltyWeb/LoyaltyWebTest/LoyaltyWebTest/bin/Debug/Nordstrom.Web.Test.UI.LoyaltyWeb.DLL" adapterTypeName="Microsoft.VisualStudio.TestTools.TestTypes.Unit.UnitTestAdapter, Microsoft.VisualStudio.QualityTools.Tips.UnitTest.Adapter, Version=12.0.0.0, Culture=neutral, PublicKeyToken=b03f5f7f11d50a3a" className="Nordstrom.Web.Test.UI.LoyaltyWeb.LoyaltyRegisterTests, Nordstrom.Web.Test.UI.LoyaltyWeb, Version=1.0.0.0, Culture=neutral, PublicKeyToken=null" name="TenderNeutralRewardsRegister_MarketingPreferenceUpdateUncheckedDuringTenderNeutralEnrollment_MarketingPreferenceSuccessfulUpdateToNoForNordAccount" />
    </UnitTest>
    <UnitTest name="NavigationToLoyaltyWebPage_TenderNeutralEnrollFeatureFlagOn_UserLandOnLoyaltyWebPageSuccessful" storage="c:\loyaltywebtest\web\test\ui\loyaltyweb\loyaltywebtest\loyaltywebtest\bin\debug\nordstrom.web.test.ui.loyaltyweb.dll" id="1898efd5-196a-37ac-00c2-cf7bfac58602">
      <Description>Verify that user is redirected to Loyalty web page , given feature flag : TenderNeutralEnroll is on</Description>
      <TestCategory>
        <TestCategoryItem TestCategory="Enroll" />
        <TestCategoryItem TestCategory="LoyaltyTenderNeutral" />
      </TestCategory>
      <DeploymentItems>
        <DeploymentItem filename="ExternalBinaries" outputDirectory=".\ExternalBinaries" />
        <DeploymentItem filename="TestData" outputDirectory=".\TestData" />
        <DeploymentItem filename="TestRunConfig" outputDirectory=".\TestRunConfig" />
      </DeploymentItems>
      <Execution id="d8343807-40a7-4be9-b3ef-da991cb3b3ff" />
      <TestMethod codeBase="C:/LoyaltyWebTest/Web/Test/UI/LoyaltyWeb/LoyaltyWebTest/LoyaltyWebTest/bin/Debug/Nordstrom.Web.Test.UI.LoyaltyWeb.DLL" adapterTypeName="Microsoft.VisualStudio.TestTools.TestTypes.Unit.UnitTestAdapter, Microsoft.VisualStudio.QualityTools.Tips.UnitTest.Adapter, Version=12.0.0.0, Culture=neutral, PublicKeyToken=b03f5f7f11d50a3a" className="Nordstrom.Web.Test.UI.LoyaltyWeb.LoyaltyRegisterTests, Nordstrom.Web.Test.UI.LoyaltyWeb, Version=1.0.0.0, Culture=neutral, PublicKeyToken=null" name="NavigationToLoyaltyWebPage_TenderNeutralEnrollFeatureFlagOn_UserLandOnLoyaltyWebPageSuccessful" />
    </UnitTest>
    <UnitTest name="LoyaltyWelcomePage_RackLogo_ShouldRender" storage="c:\loyaltywebtest\web\test\ui\loyaltyweb\loyaltywebtest\loyaltywebtest\bin\debug\nordstrom.web.test.ui.loyaltyweb.dll" id="c03a005c-b69d-99fa-b651-b26bd5d00566">
      <Description>rack Logo should navigate to the right url</Description>
      <TestCategory>
        <TestCategoryItem TestCategory="LoyaltyTenderNeutral" />
        <TestCategoryItem TestCategory="Welcome" />
      </TestCategory>
      <DeploymentItems>
        <DeploymentItem filename="ExternalBinaries" outputDirectory=".\ExternalBinaries" />
        <DeploymentItem filename="TestData" outputDirectory=".\TestData" />
        <DeploymentItem filename="TestRunConfig" outputDirectory=".\TestRunConfig" />
      </DeploymentItems>
      <Execution id="96116f64-7b24-47aa-86b0-e28c9744143e" />
      <TestMethod codeBase="C:/LoyaltyWebTest/Web/Test/UI/LoyaltyWeb/LoyaltyWebTest/LoyaltyWebTest/bin/Debug/Nordstrom.Web.Test.UI.LoyaltyWeb.DLL" adapterTypeName="Microsoft.VisualStudio.TestTools.TestTypes.Unit.UnitTestAdapter, Microsoft.VisualStudio.QualityTools.Tips.UnitTest.Adapter, Version=12.0.0.0, Culture=neutral, PublicKeyToken=b03f5f7f11d50a3a" className="Nordstrom.Web.Test.UI.LoyaltyWeb.LoyaltyWelcomeTests, Nordstrom.Web.Test.UI.LoyaltyWeb, Version=1.0.0.0, Culture=neutral, PublicKeyToken=null" name="LoyaltyWelcomePage_RackLogo_ShouldRender" />
    </UnitTest>
    <UnitTest name="TenderNeutralRewardsEnroll_EnrollingWebGuestUserWithMoreThan16CharactersInLastName_ThrowsError" storage="c:\loyaltywebtest\web\test\ui\loyaltyweb\loyaltywebtest\loyaltywebtest\bin\debug\nordstrom.web.test.ui.loyaltyweb.dll" id="ed78253e-5e7b-e7fd-c865-316f069a0d67">
      <Description>Verify that Last Name field cannot take more than 16 characters</Description>
      <TestCategory>
        <TestCategoryItem TestCategory="LoyaltyTenderNeutral" />
        <TestCategoryItem TestCategory="Enroll" />
      </TestCategory>
      <DeploymentItems>
        <DeploymentItem filename="ExternalBinaries" outputDirectory=".\ExternalBinaries" />
        <DeploymentItem filename="TestData" outputDirectory=".\TestData" />
        <DeploymentItem filename="TestRunConfig" outputDirectory=".\TestRunConfig" />
      </DeploymentItems>
      <Execution id="e004f6df-3937-4c35-984d-bbb16f479019" />
      <TestMethod codeBase="C:/LoyaltyWebTest/Web/Test/UI/LoyaltyWeb/LoyaltyWebTest/LoyaltyWebTest/bin/Debug/Nordstrom.Web.Test.UI.LoyaltyWeb.DLL" adapterTypeName="Microsoft.VisualStudio.TestTools.TestTypes.Unit.UnitTestAdapter, Microsoft.VisualStudio.QualityTools.Tips.UnitTest.Adapter, Version=12.0.0.0, Culture=neutral, PublicKeyToken=b03f5f7f11d50a3a" className="Nordstrom.Web.Test.UI.LoyaltyWeb.LoyaltyRegisterTests, Nordstrom.Web.Test.UI.LoyaltyWeb, Version=1.0.0.0, Culture=neutral, PublicKeyToken=null" name="TenderNeutralRewardsEnroll_EnrollingWebGuestUserWithMoreThan16CharactersInLastName_ThrowsError" />
    </UnitTest>
    <UnitTest name="LoyaltyLearnPage_ClickExclusiveBenefitsOnLearnPage_NavigatesToBenifitsPage" storage="c:\loyaltywebtest\web\test\ui\loyaltyweb\loyaltywebtest\loyaltywebtest\bin\debug\nordstrom.web.test.ui.loyaltyweb.dll" id="85cd42cc-a7e8-0a2a-4d93-d04e6a850a49">
      <Description>To verify Exclusive Benefits link on Learn Page is navigated to the relevant page successfully</Description>
      <TestCategory>
        <TestCategoryItem TestCategory="LoyaltyTenderNeutral" />
        <TestCategoryItem TestCategory="Learn" />
      </TestCategory>
      <DeploymentItems>
        <DeploymentItem filename="ExternalBinaries" outputDirectory=".\ExternalBinaries" />
        <DeploymentItem filename="TestData" outputDirectory=".\TestData" />
        <DeploymentItem filename="TestRunConfig" outputDirectory=".\TestRunConfig" />
      </DeploymentItems>
      <Execution id="30bebdff-9a06-4e30-af7a-d75508a4242d" />
      <TestMethod codeBase="C:/LoyaltyWebTest/Web/Test/UI/LoyaltyWeb/LoyaltyWebTest/LoyaltyWebTest/bin/Debug/Nordstrom.Web.Test.UI.LoyaltyWeb.DLL" adapterTypeName="Microsoft.VisualStudio.TestTools.TestTypes.Unit.UnitTestAdapter, Microsoft.VisualStudio.QualityTools.Tips.UnitTest.Adapter, Version=12.0.0.0, Culture=neutral, PublicKeyToken=b03f5f7f11d50a3a" className="Nordstrom.Web.Test.UI.LoyaltyWeb.LoyaltyLearnTests, Nordstrom.Web.Test.UI.LoyaltyWeb, Version=1.0.0.0, Culture=neutral, PublicKeyToken=null" name="LoyaltyLearnPage_ClickExclusiveBenefitsOnLearnPage_NavigatesToBenifitsPage" />
    </UnitTest>
  </TestDefinitions>
  <TestLists>
    <TestList name="Results Not in a List" id="8c84fa94-04c1-424b-9868-57a2d4851a1d" />
    <TestList name="All Loaded Results" id="19431567-8539-422a-85d7-44ee4e166bda" />
  </TestLists>
  <TestEntries>
    <TestEntry testId="2820d625-609e-8df1-be2e-54f45f94116b" executionId="0dda66a7-d806-4946-9aa5-a05d890c38b0" testListId="8c84fa94-04c1-424b-9868-57a2d4851a1d" />
    <TestEntry testId="4510ccf7-36db-8e02-5028-6ef595ef9238" executionId="98f95d09-a134-4248-9c7f-87d85826ece2" testListId="8c84fa94-04c1-424b-9868-57a2d4851a1d" />
    <TestEntry testId="523b92f4-898d-7cc7-e689-d5975b8374ee" executionId="cd6d2195-defa-4496-9f8e-648cac22957e" testListId="8c84fa94-04c1-424b-9868-57a2d4851a1d" />
    <TestEntry testId="ff928513-162d-e085-f145-dee35035d811" executionId="30195ce1-d22d-45a5-873a-20b15df0b777" testListId="8c84fa94-04c1-424b-9868-57a2d4851a1d" />
    <TestEntry testId="56bc2a30-7431-366f-3cd8-0390dd04c1b6" executionId="e4e79de4-991d-464e-b613-b373b83b0f9a" testListId="8c84fa94-04c1-424b-9868-57a2d4851a1d" />
    <TestEntry testId="e1e324d5-1895-b2a5-51fc-f5669f42b364" executionId="a7abb5c0-c63c-44a8-b258-ad874a49c661" testListId="8c84fa94-04c1-424b-9868-57a2d4851a1d" />
    <TestEntry testId="420b8e42-f39e-d346-0c12-1e07533b1984" executionId="e7dc53f0-afcf-4857-a2b3-076893f1e47a" testListId="8c84fa94-04c1-424b-9868-57a2d4851a1d" />
    <TestEntry testId="ddc0ef36-7f91-531c-b15e-3ce594d4effc" executionId="43d340aa-51d4-4cdd-9c4e-8025f2344912" testListId="8c84fa94-04c1-424b-9868-57a2d4851a1d" />
    <TestEntry testId="bf20d9b1-26e6-819b-2980-c3bcb8cd5366" executionId="c843096b-2d6a-491e-82b6-0beb2dbf6c1e" testListId="8c84fa94-04c1-424b-9868-57a2d4851a1d" />
    <TestEntry testId="191d4ad9-bdce-2138-a783-33aefedbfec7" executionId="ec79bec5-7a53-4166-8f46-b4f8df8c4395" testListId="8c84fa94-04c1-424b-9868-57a2d4851a1d" />
    <TestEntry testId="f99a3847-1f69-481e-31a1-d2fbcc2facd4" executionId="33ae1338-aead-407c-a210-da905e571b37" testListId="8c84fa94-04c1-424b-9868-57a2d4851a1d" />
    <TestEntry testId="0e2f18c3-d10a-4d1b-1605-98e29230b088" executionId="8028f44c-6014-40cc-be0c-646fc6c4848b" testListId="8c84fa94-04c1-424b-9868-57a2d4851a1d" />
    <TestEntry testId="07c18028-e476-f9b9-b536-4f84edee61f4" executionId="8e1e2c48-a417-4997-878f-f48fd9c3b452" testListId="8c84fa94-04c1-424b-9868-57a2d4851a1d" />
    <TestEntry testId="0f205b7b-b7e4-d1b8-1e8c-26d1b4231555" executionId="aa7c69ba-247f-49cd-a689-6a1dd4245df2" testListId="8c84fa94-04c1-424b-9868-57a2d4851a1d" />
    <TestEntry testId="460c058b-7131-2fcc-6c34-dc0936a6c442" executionId="7ce11f8c-a8d3-4fbf-a93f-a6885c5d5ebf" testListId="8c84fa94-04c1-424b-9868-57a2d4851a1d" />
    <TestEntry testId="f7d013bf-844c-5140-5447-28322266c549" executionId="83cdd17d-117b-430d-83d4-52be0b38d9a0" testListId="8c84fa94-04c1-424b-9868-57a2d4851a1d" />
    <TestEntry testId="58e6c602-14c2-9d55-77c9-65e620bc43e6" executionId="608bbc13-aa6d-4061-9984-6a72470535ad" testListId="8c84fa94-04c1-424b-9868-57a2d4851a1d" />
    <TestEntry testId="0fb17184-6c18-b606-f6a7-af0c56cff16d" executionId="67f268be-8d0c-465d-a775-b1163e7b307d" testListId="8c84fa94-04c1-424b-9868-57a2d4851a1d" />
    <TestEntry testId="57d2f222-dabf-1931-f74a-107500e05da4" executionId="d8501365-c4c3-4503-83a1-a0650e8787a4" testListId="8c84fa94-04c1-424b-9868-57a2d4851a1d" />
    <TestEntry testId="5c6698e8-7f51-b362-71a2-8ce939c3580d" executionId="7dda5db8-4188-4ca8-9f21-398c20937879" testListId="8c84fa94-04c1-424b-9868-57a2d4851a1d" />
    <TestEntry testId="127aa9dd-cc04-d0e2-0746-e44f2e070db9" executionId="9649306d-d309-4eaf-adfd-261f1858e334" testListId="8c84fa94-04c1-424b-9868-57a2d4851a1d" />
    <TestEntry testId="08bfd4d5-ccd5-3644-2ed4-aa87ee903c9f" executionId="74f10605-78be-480c-9a51-c0cd74f13c9b" testListId="8c84fa94-04c1-424b-9868-57a2d4851a1d" />
    <TestEntry testId="ab97186a-ec5a-c908-5c1d-428ddbe44d2b" executionId="7868a734-ccd2-4b7d-8d14-0417fd65edbd" testListId="8c84fa94-04c1-424b-9868-57a2d4851a1d" />
    <TestEntry testId="1b9e4056-ae08-6178-83f0-22316d897d12" executionId="7ad9de22-2806-4e56-a8d8-e61df3f2e71c" testListId="8c84fa94-04c1-424b-9868-57a2d4851a1d" />
    <TestEntry testId="4fc82fd8-184f-1840-0105-855fe51690c6" executionId="63dcf8a0-8832-4de0-8a61-9b6fa0aa6565" testListId="8c84fa94-04c1-424b-9868-57a2d4851a1d" />
    <TestEntry testId="396e64f4-4b9f-1a79-1cda-28380d13b0bc" executionId="1dcf20ad-c4d1-46d9-8835-16aeecf56e46" testListId="8c84fa94-04c1-424b-9868-57a2d4851a1d" />
    <TestEntry testId="cca0fcc7-ae32-cae3-80e1-d419dbf11c2f" executionId="9f4bd044-0da6-4978-ae0d-456b6d2b421b" testListId="8c84fa94-04c1-424b-9868-57a2d4851a1d" />
    <TestEntry testId="85cd42cc-a7e8-0a2a-4d93-d04e6a850a49" executionId="30bebdff-9a06-4e30-af7a-d75508a4242d" testListId="8c84fa94-04c1-424b-9868-57a2d4851a1d" />
    <TestEntry testId="79b567e2-f99e-8fc8-39fc-28d1643a0d21" executionId="4fcc1084-23be-4305-bc6f-b76c7effb802" testListId="8c84fa94-04c1-424b-9868-57a2d4851a1d" />
    <TestEntry testId="b7e89f3b-eb65-20d1-c839-79102d768b48" executionId="04244cfa-8911-46f3-bfba-e33729d5095e" testListId="8c84fa94-04c1-424b-9868-57a2d4851a1d" />
    <TestEntry testId="ef8e8c46-de6b-76b6-9c0f-cdce9dce6662" executionId="9ef74a58-98ee-45de-8571-ab9742583b1c" testListId="8c84fa94-04c1-424b-9868-57a2d4851a1d" />
    <TestEntry testId="ac89fe1d-27a2-5a25-ac33-e635cfdb3c90" executionId="4025e49b-472b-414c-8514-c30236621a5f" testListId="8c84fa94-04c1-424b-9868-57a2d4851a1d" />
    <TestEntry testId="5b4f0f6b-7500-9d3a-dc13-e34405e8b22f" executionId="691e14c4-ff05-42d0-b567-0de6f2514277" testListId="8c84fa94-04c1-424b-9868-57a2d4851a1d" />
    <TestEntry testId="e8313b37-cad0-8bea-af01-abb87214c79f" executionId="47613db8-a664-4508-a427-eb6fe088cbb1" testListId="8c84fa94-04c1-424b-9868-57a2d4851a1d" />
    <TestEntry testId="2379f2a4-5f07-a34f-3a1d-5e919cd412d7" executionId="6c6d1eef-2627-4c86-8509-77850ddfd186" testListId="8c84fa94-04c1-424b-9868-57a2d4851a1d" />
    <TestEntry testId="5e694850-8294-57c8-4195-a3f1001f6ca7" executionId="2cb7face-1906-4cd0-9c94-5b70ffe372af" testListId="8c84fa94-04c1-424b-9868-57a2d4851a1d" />
    <TestEntry testId="2d317ff8-6ca3-bc10-25ad-dac6170b3fb0" executionId="54b8e6b4-7e5f-4bee-aae3-131142566c34" testListId="8c84fa94-04c1-424b-9868-57a2d4851a1d" />
    <TestEntry testId="1898efd5-196a-37ac-00c2-cf7bfac58602" executionId="d8343807-40a7-4be9-b3ef-da991cb3b3ff" testListId="8c84fa94-04c1-424b-9868-57a2d4851a1d" />
    <TestEntry testId="9cf5e211-bf76-77a7-1a51-2660dd37747b" executionId="e93c9f1b-5f2a-4ae1-9dc9-03c70df9ac93" testListId="8c84fa94-04c1-424b-9868-57a2d4851a1d" />
    <TestEntry testId="1162438d-489e-5b8c-425b-42278f400ae0" executionId="8b7c11d4-87e7-470f-9795-4566c1a68bd2" testListId="8c84fa94-04c1-424b-9868-57a2d4851a1d" />
    <TestEntry testId="d4e6916d-b5c3-4e34-a42a-88ee7c6ccaa9" executionId="7e7efd7d-7523-4202-b804-a4144c00c002" testListId="8c84fa94-04c1-424b-9868-57a2d4851a1d" />
    <TestEntry testId="d2a5ca71-63b3-74b7-abd6-f4ce50c7e642" executionId="6179702d-0d07-4515-8b7e-2a928040dbdc" testListId="8c84fa94-04c1-424b-9868-57a2d4851a1d" />
    <TestEntry testId="ed78253e-5e7b-e7fd-c865-316f069a0d67" executionId="e004f6df-3937-4c35-984d-bbb16f479019" testListId="8c84fa94-04c1-424b-9868-57a2d4851a1d" />
    <TestEntry testId="4d638e32-5855-1388-3e9e-cde5f0a77c27" executionId="2a967d40-52a3-4d13-b439-9990c6b4ba88" testListId="8c84fa94-04c1-424b-9868-57a2d4851a1d" />
    <TestEntry testId="d8d2522c-d687-f307-5915-98cd323cb3f9" executionId="70237f4d-2315-4d93-87f6-9b203952c552" testListId="8c84fa94-04c1-424b-9868-57a2d4851a1d" />
    <TestEntry testId="dc336b25-76b0-1ed1-8abe-705617b468be" executionId="11dd3aa3-7b52-4ffb-9175-64faf864a1b5" testListId="8c84fa94-04c1-424b-9868-57a2d4851a1d" />
    <TestEntry testId="d3ba0755-91e1-30c5-315a-f25399e3023a" executionId="beb39863-393f-473e-8efb-a14e5dd8a14e" testListId="8c84fa94-04c1-424b-9868-57a2d4851a1d" />
    <TestEntry testId="c9d681f3-7d2a-3b30-6a06-24588c794ac5" executionId="a341094c-11f9-475e-81fc-eeed00bd56ba" testListId="8c84fa94-04c1-424b-9868-57a2d4851a1d" />
    <TestEntry testId="b6897335-ba4e-a142-6fbc-5f99f55eddfb" executionId="5af19e41-514d-450f-9cd3-24b9d215d45c" testListId="8c84fa94-04c1-424b-9868-57a2d4851a1d" />
    <TestEntry testId="98f3b8cc-a409-a327-2cce-f0ebee095d09" executionId="75cbb8cc-f027-42cc-9e8b-dcad648828b7" testListId="8c84fa94-04c1-424b-9868-57a2d4851a1d" />
    <TestEntry testId="c0b34bd0-4b58-a51d-1f25-53756c16dc68" executionId="92e9a677-8c83-4d13-a1f3-594246f679d9" testListId="8c84fa94-04c1-424b-9868-57a2d4851a1d" />
    <TestEntry testId="f70e1f82-15d8-1be1-b2b4-b9f0d083e660" executionId="200df344-6cfa-4fd2-a9a6-efbf555e68fe" testListId="8c84fa94-04c1-424b-9868-57a2d4851a1d" />
    <TestEntry testId="5c6e6cca-5cd4-1632-9ca1-9c14b9dbd1c4" executionId="ccd3b6a2-ba69-4188-9266-4ee85bfbcfaa" testListId="8c84fa94-04c1-424b-9868-57a2d4851a1d" />
    <TestEntry testId="12446332-be04-0a8f-d8db-23e5eb680c27" executionId="e093c8aa-a7bf-4b06-b0a9-7ace0acf4a4d" testListId="8c84fa94-04c1-424b-9868-57a2d4851a1d" />
    <TestEntry testId="eaf85329-ca0a-c954-261a-a3bcb16c9517" executionId="c01bb800-ab75-4951-a668-33db226d1de8" testListId="8c84fa94-04c1-424b-9868-57a2d4851a1d" />
    <TestEntry testId="32087f87-3ab9-f41c-43c0-e6fe3bc56d49" executionId="038861e4-2073-47e9-a979-15a8f3aa848e" testListId="8c84fa94-04c1-424b-9868-57a2d4851a1d" />
    <TestEntry testId="cf957190-74f0-1644-0567-383976a0bbbf" executionId="dbe4218e-7025-4710-9cbd-7553ca0a8775" testListId="8c84fa94-04c1-424b-9868-57a2d4851a1d" />
    <TestEntry testId="f8f31b6e-9a57-18ef-ecb2-7d1dc23e1ba3" executionId="ebe941db-5db9-43c4-8e49-2eca72896113" testListId="8c84fa94-04c1-424b-9868-57a2d4851a1d" />
    <TestEntry testId="2c5acb84-e512-ccac-4b8b-8ea6b0d3920c" executionId="d7cf5be6-6ae3-41e4-a5f3-17d0d1934aed" testListId="8c84fa94-04c1-424b-9868-57a2d4851a1d" />
    <TestEntry testId="3328ea28-7cd9-8126-b497-abe963133f32" executionId="7884b607-aa89-4a31-bf45-995c7d59b22c" testListId="8c84fa94-04c1-424b-9868-57a2d4851a1d" />
    <TestEntry testId="f10986fe-03bc-a93b-c860-23e4c247fc73" executionId="1f5764ce-99e3-4b71-9808-64d40d72913c" testListId="8c84fa94-04c1-424b-9868-57a2d4851a1d" />
    <TestEntry testId="62822ede-d7ae-a303-deb5-5de2d01d3518" executionId="6be50b9d-daf5-432f-880d-77ef4b483b55" testListId="8c84fa94-04c1-424b-9868-57a2d4851a1d" />
    <TestEntry testId="d4223cb2-795f-acc3-97c9-3a959ae1fbec" executionId="8fa9fa8b-d6fd-46f6-a580-5d176742d604" testListId="8c84fa94-04c1-424b-9868-57a2d4851a1d" />
    <TestEntry testId="01347002-569a-eb94-de92-c8249c2837bc" executionId="224e1e76-2a64-40ee-91fa-27e5eb8e47d5" testListId="8c84fa94-04c1-424b-9868-57a2d4851a1d" />
    <TestEntry testId="62c23b49-01d5-ec14-64fa-60b14f5b3266" executionId="958aee2f-6caa-4e54-8777-b77d80e6f6e8" testListId="8c84fa94-04c1-424b-9868-57a2d4851a1d" />
    <TestEntry testId="e870b60f-b9cd-9456-770e-be1a0622deb5" executionId="a5b31c37-a3b2-4d0b-959c-3df0353c3d11" testListId="8c84fa94-04c1-424b-9868-57a2d4851a1d" />
    <TestEntry testId="b9382f39-7336-6f35-11b0-2a8908162fac" executionId="1d320d4f-8a16-42a7-9e5d-cdbdf17cb627" testListId="8c84fa94-04c1-424b-9868-57a2d4851a1d" />
    <TestEntry testId="0d9db47e-d139-26d1-245c-06168dee7980" executionId="cd6caa3b-6bf8-4449-94d0-b2ce30863352" testListId="8c84fa94-04c1-424b-9868-57a2d4851a1d" />
    <TestEntry testId="8f46b4dc-24ba-0a98-6e75-5962fc8b7e13" executionId="d1bf8b8b-40e1-4a42-be18-9e1b74a5034b" testListId="8c84fa94-04c1-424b-9868-57a2d4851a1d" />
    <TestEntry testId="a6eb5918-3ab1-9078-7b27-8e40be1748bf" executionId="8d686be8-0ae6-4111-9927-bbb16728e54a" testListId="8c84fa94-04c1-424b-9868-57a2d4851a1d" />
    <TestEntry testId="16b9e740-57f9-b3e8-d3d8-86b65bd85034" executionId="4e011f68-ef6a-495d-8650-a524fffeb826" testListId="8c84fa94-04c1-424b-9868-57a2d4851a1d" />
    <TestEntry testId="156ad963-ef4e-d174-5b3c-8f7b12cb6828" executionId="eaecfd0e-2b21-4dc3-8539-f218e8d4a956" testListId="8c84fa94-04c1-424b-9868-57a2d4851a1d" />
    <TestEntry testId="3de12998-9393-9903-170e-284355b304ad" executionId="f98a5bdd-111a-4eea-9d4e-b43265b43775" testListId="8c84fa94-04c1-424b-9868-57a2d4851a1d" />
    <TestEntry testId="da679504-2dbb-78ee-d7fc-01f27c75e0cc" executionId="16542239-7628-46c0-85c8-ea8b0c9a30c1" testListId="8c84fa94-04c1-424b-9868-57a2d4851a1d" />
    <TestEntry testId="86c93201-f1f8-1299-bf26-243f1336a5e7" executionId="82b3054f-68d3-4a0d-83e9-6fded89eeb2f" testListId="8c84fa94-04c1-424b-9868-57a2d4851a1d" />
    <TestEntry testId="17fba494-c246-d3ef-ffcd-fd9dfdae82dd" executionId="c1fdf8b2-dd4a-4dbb-88aa-6d2903649dab" testListId="8c84fa94-04c1-424b-9868-57a2d4851a1d" />
    <TestEntry testId="f6bf3045-329d-5362-b062-36ec5089da9b" executionId="ef092b2f-a453-4f35-8e10-e70cb3f19ebf" testListId="8c84fa94-04c1-424b-9868-57a2d4851a1d" />
    <TestEntry testId="21295eb5-b67c-57fc-2827-af49702d43cb" executionId="a8c9fd84-a826-4d06-9bef-6c6b165ea4b0" testListId="8c84fa94-04c1-424b-9868-57a2d4851a1d" />
    <TestEntry testId="31d09e3d-7f4d-771c-fcf2-17618432c75c" executionId="10f059ea-24d9-48bd-a1cb-6d15728fef76" testListId="8c84fa94-04c1-424b-9868-57a2d4851a1d" />
    <TestEntry testId="3436681d-5283-dca4-7aad-db3743bc4bf6" executionId="115f149b-ab98-4983-9631-2c88182cd632" testListId="8c84fa94-04c1-424b-9868-57a2d4851a1d" />
    <TestEntry testId="98f3ba08-a10b-9949-a79e-150238875d08" executionId="4d6d65bc-022c-4aee-ba02-dec17ab17074" testListId="8c84fa94-04c1-424b-9868-57a2d4851a1d" />
    <TestEntry testId="49a974b3-ec64-d3af-0151-561a64779c12" executionId="f7484d27-4be8-41d1-b076-54380f2fdeb2" testListId="8c84fa94-04c1-424b-9868-57a2d4851a1d" />
    <TestEntry testId="0292a43c-fff5-8a73-f216-496011be59f2" executionId="53e01ab3-821f-4fe7-b8b5-2683bfc03fe7" testListId="8c84fa94-04c1-424b-9868-57a2d4851a1d" />
    <TestEntry testId="d0f4ec86-2b86-2cd8-ac68-409545882993" executionId="b2e595c1-16c5-43f9-a44e-16de2ad549f5" testListId="8c84fa94-04c1-424b-9868-57a2d4851a1d" />
    <TestEntry testId="4a24944e-583e-e01a-529b-88059ce4229f" executionId="47a2a63e-9282-400b-ac3d-ebc517c57f8b" testListId="8c84fa94-04c1-424b-9868-57a2d4851a1d" />
    <TestEntry testId="5c0ec21b-359a-7e0f-4182-44eb294aa758" executionId="0b2e233a-5b06-4ce9-9900-491a3cee62c2" testListId="8c84fa94-04c1-424b-9868-57a2d4851a1d" />
    <TestEntry testId="23010815-be15-7fb0-5f11-ae62528f19b0" executionId="8b91f7df-f67b-442e-a156-95afe06ef008" testListId="8c84fa94-04c1-424b-9868-57a2d4851a1d" />
    <TestEntry testId="2dc10e4d-0215-3f23-67b5-47a4fe1b7ab1" executionId="f8172876-6a6b-44c2-a1d4-f758138c4d3e" testListId="8c84fa94-04c1-424b-9868-57a2d4851a1d" />
    <TestEntry testId="b8760095-196b-9486-9ec7-d0fcb8b1c53c" executionId="afa05651-1aac-4740-a295-0aec809e760c" testListId="8c84fa94-04c1-424b-9868-57a2d4851a1d" />
    <TestEntry testId="d618c68d-88ae-88f4-1bc5-f56301e716ed" executionId="58a4f28a-6d1d-4e1c-9417-c612fe33e83b" testListId="8c84fa94-04c1-424b-9868-57a2d4851a1d" />
    <TestEntry testId="899e75ac-735e-e41d-941c-31a4337e1cb7" executionId="7b29ee08-0345-43bf-a269-1523562a07a1" testListId="8c84fa94-04c1-424b-9868-57a2d4851a1d" />
    <TestEntry testId="a69eddad-1d10-e519-4d70-67bf86829651" executionId="4519229a-84e0-4c13-b934-5f0f8accfd0b" testListId="8c84fa94-04c1-424b-9868-57a2d4851a1d" />
    <TestEntry testId="d0950b0b-ed3c-7fe5-5ab1-a2a80aa43ac2" executionId="60938ad6-1ee5-4726-b1bc-220f02dc7413" testListId="8c84fa94-04c1-424b-9868-57a2d4851a1d" />
    <TestEntry testId="aa85e4af-cb36-19c8-0057-a6b24c106f4d" executionId="941de644-6446-4d63-90c9-0a00d054b2e4" testListId="8c84fa94-04c1-424b-9868-57a2d4851a1d" />
    <TestEntry testId="f908d2f2-d10f-a35a-dcc7-beef8d7bcb26" executionId="db7780ff-14ae-497b-a155-66104715bcca" testListId="8c84fa94-04c1-424b-9868-57a2d4851a1d" />
    <TestEntry testId="8d07d365-e6b3-65ac-7ac7-e1c25fe2e0cb" executionId="33c98791-fa31-485a-9566-16b8b735dff0" testListId="8c84fa94-04c1-424b-9868-57a2d4851a1d" />
    <TestEntry testId="8814ad4a-610b-1476-179c-7964a75f96e9" executionId="d1b7ea8f-672b-4394-9af2-6b9b3a6b9968" testListId="8c84fa94-04c1-424b-9868-57a2d4851a1d" />
    <TestEntry testId="837239c5-67a3-15ad-e8a9-edc4254dd4db" executionId="11f8592e-ae43-41f7-a555-521a87cfce2d" testListId="8c84fa94-04c1-424b-9868-57a2d4851a1d" />
    <TestEntry testId="d7776958-df7b-aafc-c999-c6ac276b3cb8" executionId="69c8586a-b2ab-47d6-9be9-c8d3a8196ada" testListId="8c84fa94-04c1-424b-9868-57a2d4851a1d" />
    <TestEntry testId="70b5096a-4d76-50d1-927f-d842acd0d8ad" executionId="4d408536-1646-4eb6-8ecd-391c3c9b7913" testListId="8c84fa94-04c1-424b-9868-57a2d4851a1d" />
    <TestEntry testId="17ddc304-caf1-92fb-26b0-9e5ce0e35f12" executionId="3c29576b-6aa9-4ee3-af0b-b769cd518e25" testListId="8c84fa94-04c1-424b-9868-57a2d4851a1d" />
    <TestEntry testId="47b1dee1-d457-b144-965d-3ecfde9a5fd1" executionId="2084b5f6-9cb0-4f8c-b4bf-9bb9dd843009" testListId="8c84fa94-04c1-424b-9868-57a2d4851a1d" />
    <TestEntry testId="bc8bcbad-6dab-8a10-872a-1cd128e497ce" executionId="865fee49-9645-47b0-9b04-4876152f9208" testListId="8c84fa94-04c1-424b-9868-57a2d4851a1d" />
    <TestEntry testId="882fb25a-af60-c1a9-9ac5-8c717310c276" executionId="76c04807-88e2-4f2b-8031-ebd342ca0e07" testListId="8c84fa94-04c1-424b-9868-57a2d4851a1d" />
    <TestEntry testId="a7a8df94-1db0-153a-c800-e2df07e46ab8" executionId="f763446a-9751-40cc-8fc5-0055e40fa8cd" testListId="8c84fa94-04c1-424b-9868-57a2d4851a1d" />
    <TestEntry testId="884a4ca8-cd4f-64c9-09ad-1d353ec31c8c" executionId="b4378023-9cff-434a-9124-6535a6a36d31" testListId="8c84fa94-04c1-424b-9868-57a2d4851a1d" />
    <TestEntry testId="f95a6f19-ee3b-53de-cf88-883fcaddfe39" executionId="cfc96512-8a27-4ae8-b78f-eebbe6247e23" testListId="8c84fa94-04c1-424b-9868-57a2d4851a1d" />
    <TestEntry testId="3757ab62-2418-b96f-a6e8-6a2ddff7f5be" executionId="c11cb302-bb2d-491e-a2dd-6a0680efbc5f" testListId="8c84fa94-04c1-424b-9868-57a2d4851a1d" />
    <TestEntry testId="ee8371a4-6a8c-8220-7b9b-c4b425e74e47" executionId="87d9aa6b-d06e-4499-bbdf-7721a99d94d6" testListId="8c84fa94-04c1-424b-9868-57a2d4851a1d" />
    <TestEntry testId="5d94c71d-df20-d6cd-d92c-a694e0aa36bf" executionId="f4ca0771-5461-472b-9b5b-8e098fbf7ea3" testListId="8c84fa94-04c1-424b-9868-57a2d4851a1d" />
    <TestEntry testId="7003bcc1-5465-4329-b7ef-878c9e819482" executionId="2c61fd86-8cf4-4f9d-991f-dfe88aece37f" testListId="8c84fa94-04c1-424b-9868-57a2d4851a1d" />
    <TestEntry testId="f2fbd149-e2af-5637-9417-20622b33fae0" executionId="6d789d71-edc4-4d9a-8c39-03d8b3ecf669" testListId="8c84fa94-04c1-424b-9868-57a2d4851a1d" />
    <TestEntry testId="a4820a9f-81f2-f74a-e78b-327ea50d8b48" executionId="8ef106d3-9ace-4627-96e6-56bae25112aa" testListId="8c84fa94-04c1-424b-9868-57a2d4851a1d" />
    <TestEntry testId="6e08402d-8997-90dc-9b66-886438ad27db" executionId="55476b1a-0d54-4cf4-9d52-e7f1bcfef873" testListId="8c84fa94-04c1-424b-9868-57a2d4851a1d" />
    <TestEntry testId="c03a005c-b69d-99fa-b651-b26bd5d00566" executionId="96116f64-7b24-47aa-86b0-e28c9744143e" testListId="8c84fa94-04c1-424b-9868-57a2d4851a1d" />
    <TestEntry testId="e3a562d7-b300-5f52-06c2-7be31e66bd96" executionId="855f8ae7-f03b-4d52-bcd1-9bbfc419ccb3" testListId="8c84fa94-04c1-424b-9868-57a2d4851a1d" />
    <TestEntry testId="e7dc9dd3-4cd3-3bf6-c7c0-12fcc1c1c5cd" executionId="8bea873f-042e-44ce-bac7-abd9a34398e4" testListId="8c84fa94-04c1-424b-9868-57a2d4851a1d" />
    <TestEntry testId="dea7da76-cc4d-9db9-653c-019847e5cc46" executionId="17e48470-dbe3-43f9-ba49-307604e23cd8" testListId="8c84fa94-04c1-424b-9868-57a2d4851a1d" />
    <TestEntry testId="988daa97-185a-b36c-e2bb-1662c7eee467" executionId="0f0d7cc7-66e5-4be5-89a1-dd2f88ff52a2" testListId="8c84fa94-04c1-424b-9868-57a2d4851a1d" />
    <TestEntry testId="dbe39e81-54e6-8534-594e-60312842c80d" executionId="45a4c67f-7a99-4c84-9833-b6a3767c4552" testListId="8c84fa94-04c1-424b-9868-57a2d4851a1d" />
  </TestEntries>
  <Results>
    <UnitTestResult executionId="0dda66a7-d806-4946-9aa5-a05d890c38b0" testId="2820d625-609e-8df1-be2e-54f45f94116b" testName="NavigationToLoyaltyWebPage_TenderNeutralEnrollAssociationFeatureFlagOn_UserLandOnLoyaltyWebPageSuccessful" computerName="MW00977477" duration="00:00:27.9374856" startTime="2015-12-27T15:24:19.1827924-08:00" endTime="2015-12-27T15:24:47.4127924-08:00" testType="13cdc9d9-ddb5-4fa4-a97d-d965ccfc6d4b" outcome="Passed" testListId="8c84fa94-04c1-424b-9868-57a2d4851a1d" relativeResultsDirectory="0dda66a7-d806-4946-9aa5-a05d890c38b0">
      <Output>
        <DebugTrace>Page loaded succesfully with URL = https://tsecure.dev.nordstrom.com/Rewards/association.aspx
Page loaded succesfully with URL = https://tsecure.dev.nordstrom.com/Rewards/association.aspx
</DebugTrace>
      </Output>
    </UnitTestResult>
    <UnitTestResult executionId="98f95d09-a134-4248-9c7f-87d85826ece2" testId="4510ccf7-36db-8e02-5028-6ef595ef9238" testName="TenderNeutralAssociation_AlreadyAssociatedEnrolledCustomerComesToAssociationPageAsRecognizedUser_ShouldGetYouAreSetMessage" computerName="MW00977477" duration="00:00:38.7360718" startTime="2015-12-27T15:24:47.4137924-08:00" endTime="2015-12-27T15:25:26.1507924-08:00" testType="13cdc9d9-ddb5-4fa4-a97d-d965ccfc6d4b" outcome="Failed" testListId="8c84fa94-04c1-424b-9868-57a2d4851a1d" relativeResultsDirectory="98f95d09-a134-4248-9c7f-87d85826ece2">
      <Output>
        <DebugTrace>Store customer is successfully created.Page loaded succesfully with URL = https://tsecure.dev.nordstrom.com/Rewards/association.aspx
Page loaded succesfully with URL = https://tsecure.dev.nordstrom.com/Rewards/association.aspx
Page loaded succesfully with URL = https://tsecure.dev.nordstrom.com/Rewards/association.aspx
Page loaded succesfully with URL = https://tsecure.dev.nordstrom.com/Rewards/association.aspx
Page loaded succesfully with URL = https://tsecure.dev.nordstrom.com/Rewards/association.aspx
Page loaded succesfully with URL = https://tsecure.dev.nordstrom.com/Rewards/association.aspx
Failed to set focus for the control with locator 'By.Id: txtUserPassword'
element not visible
  (Session info: chrome=47.0.2526.106)
  (Driver info: chromedriver=2.20.353145 (343b531d31eeb933ec778dbcf7081628a1396067),platform=Windows NT 6.1 SP1 x86_64)
</DebugTrace>
        <ErrorInfo>
          <Message>Test method Nordstrom.Web.Test.UI.LoyaltyWeb.LoyaltyAssociationTests.TenderNeutralAssociation_AlreadyAssociatedEnrolledCustomerComesToAssociationPageAsRecognizedUser_ShouldGetYouAreSetMessage threw exception: 
OpenQA.Selenium.InvalidElementStateException: invalid element state: Element is not currently interactable and may not be manipulated
  (Session info: chrome=47.0.2526.106)
  (Driver info: chromedriver=2.20.353145 (343b531d31eeb933ec778dbcf7081628a1396067),platform=Windows NT 6.1 SP1 x86_64)</Message>
          <StackTrace>    at OpenQA.Selenium.Remote.RemoteWebDriver.UnpackAndThrowOnError(Response errorResponse)
   at OpenQA.Selenium.Remote.RemoteWebDriver.Execute(String driverCommandToExecute, Dictionary`2 parameters)
   at OpenQA.Selenium.Remote.RemoteWebElement.Clear()
   at Nordstrom.ECommerce.Test.SeleniumHelper.SeleniumActionHelper.SendKeys(String text, By locator, IWebElement element, Boolean clearField)
   at Nordstrom.Web.Test.UI.Common.PageObjects.LoyaltyAssociationPage.FillTheForm(UsersUser enrolledUser, UserType type, String confirmPasswordString) in c:\LoyaltyWebTest\Web\Test\UI\Common\PageObjects\LoyaltyAssociationPage.cs:line 253
   at Nordstrom.Web.Test.UI.LoyaltyWeb.LoyaltyAssociationTests.TenderNeutralAssociation_AlreadyAssociatedEnrolledCustomerComesToAssociationPageAsRecognizedUser_ShouldGetYouAreSetMessage() in c:\LoyaltyWebTest\Web\Test\UI\LoyaltyWeb\LoyaltyWebTest\LoyaltyWebTest\LoyaltyAssociationTests.cs:line 223
</StackTrace>
        </ErrorInfo>
      </Output>
    </UnitTestResult>
    <UnitTestResult executionId="cd6d2195-defa-4496-9f8e-648cac22957e" testId="523b92f4-898d-7cc7-e689-d5975b8374ee" testName="TenderNeutralAssociation_AssociatedEnrollMemberTryToAssociateAgain_ShouldGetRightMessage" computerName="MW00977477" duration="00:00:47.7620585" startTime="2015-12-27T15:25:26.1527924-08:00" endTime="2015-12-27T15:26:13.9157924-08:00" testType="13cdc9d9-ddb5-4fa4-a97d-d965ccfc6d4b" outcome="Failed" testListId="8c84fa94-04c1-424b-9868-57a2d4851a1d" relativeResultsDirectory="cd6d2195-defa-4496-9f8e-648cac22957e">
      <Output>
        <DebugTrace>Store customer is successfully created.Page loaded succesfully with URL = https://tsecure.dev.nordstrom.com/Rewards/association.aspx
Page loaded succesfully with URL = https://tsecure.dev.nordstrom.com/Rewards/association.aspx
Page loaded succesfully with URL = https://tsecure.dev.nordstrom.com/Rewards/association.aspx
Page loaded succesfully with URL = https://tsecure.dev.nordstrom.com/Rewards/association.aspx
Element Not found with the given locator (By.LinkText: Sign Out)
Element not found with given locator By.LinkText: Sign Out
Element Not found with the given locator (By.LinkText: Not You?)
Element not found with given locator By.LinkText: Not You?
Page loaded succesfully with URL = https://tsecure.dev.nordstrom.com/Rewards/association.aspx
Page loaded succesfully with URL = https://tsecure.dev.nordstrom.com/Rewards/association.aspx
Page loaded succesfully with URL = https://tsecure.dev.nordstrom.com/Rewards/association.aspx
Timed out waiting for element to be visible with locator: By.Id: ctl00_mainContentPlaceHolder_lblEmailErrorMessage
Existing Web account message is not shown in Assocation page.
</DebugTrace>
        <ErrorInfo>
          <Message>Assert.IsTrue failed. The existing email user typed does not trigger the message shown.</Message>
          <StackTrace>   at Nordstrom.Web.Test.UI.LoyaltyWeb.LoyaltyAssociationTests.TenderNeutralAssociation_AssociatedEnrollMemberTryToAssociateAgain_ShouldGetRightMessage() in c:\LoyaltyWebTest\Web\Test\UI\LoyaltyWeb\LoyaltyWebTest\LoyaltyWebTest\LoyaltyAssociationTests.cs:line 198
</StackTrace>
        </ErrorInfo>
      </Output>
    </UnitTestResult>
    <UnitTestResult executionId="30195ce1-d22d-45a5-873a-20b15df0b777" testId="ff928513-162d-e085-f145-dee35035d811" testName="TenderNeutralAssociation_AuthenticateddUserEnrolledFromStoreGoToWebAssociationPage_ShouldSucceed" computerName="MW00977477" duration="00:01:03.1610672" startTime="2015-12-27T15:26:13.9177924-08:00" endTime="2015-12-27T15:27:17.0807924-08:00" testType="13cdc9d9-ddb5-4fa4-a97d-d965ccfc6d4b" outcome="Passed" testListId="8c84fa94-04c1-424b-9868-57a2d4851a1d" relativeResultsDirectory="30195ce1-d22d-45a5-873a-20b15df0b777">
      <Output>
        <DebugTrace>Page loaded succesfully with URL = https://tsecure.dev.nordstrom.com/signIn.aspx
Page loaded succesfully with URL = https://tsecure.dev.nordstrom.com/signIn.aspx
Page loaded succesfully with URL = https://tsecure.dev.nordstrom.com/signIn.aspx
Page loaded succesfully with URL = https://tsecure.dev.nordstrom.com/signIn.aspx
Timed out waiting for element to be visible with locator: By.CssSelector: #ctl00_backgroundOverlay
WaitForElementToDisappear: Given Locator did not appear after 10 seconds - but ok - locator id: By.CssSelector: #ctl00_backgroundOverlay
Timed out waiting for element to be visible with locator: By.LinkText: Sign Out
Timed out waiting for element to be visible with locator: By.LinkText: Sign Out
VerifyCreatedAccount: sign out link is not visible
CreateNordAccount: Exception occured when creating new account: exception = 'Assert.IsTrue failed. Verify a new account has been created successfully'
Store customer is successfully created.Page loaded succesfully with URL = https://tsecure.dev.nordstrom.com/Rewards/association.aspx
Page loaded succesfully with URL = https://tsecure.dev.nordstrom.com/Rewards/association.aspx
Page loaded succesfully with URL = https://tsecure.dev.nordstrom.com/Rewards/association.aspx
Page loaded succesfully with URL = https://tsecure.dev.nordstrom.com/Rewards/association.aspx
</DebugTrace>
      </Output>
    </UnitTestResult>
    <UnitTestResult executionId="e4e79de4-991d-464e-b613-b373b83b0f9a" testId="56bc2a30-7431-366f-3cd8-0390dd04c1b6" testName="TenderNeutralAssociation_AuthenticatedUser_ConfirmationForNordAccountAndRewardsMembershipSuccessfullyLinked" computerName="MW00977477" duration="00:01:14.7623491" startTime="2015-12-27T15:27:17.0827924-08:00" endTime="2015-12-27T15:28:31.8482079-08:00" testType="13cdc9d9-ddb5-4fa4-a97d-d965ccfc6d4b" outcome="Failed" testListId="8c84fa94-04c1-424b-9868-57a2d4851a1d" relativeResultsDirectory="e4e79de4-991d-464e-b613-b373b83b0f9a">
      <Output>
        <DebugTrace>Page loaded succesfully with URL = https://tsecure.dev.nordstrom.com/signIn.aspx
Page loaded succesfully with URL = https://tsecure.dev.nordstrom.com/signIn.aspx
Page loaded succesfully with URL = https://tsecure.dev.nordstrom.com/signIn.aspx
Page loaded succesfully with URL = https://tsecure.dev.nordstrom.com/signIn.aspx
Timed out waiting for element to be visible with locator: By.CssSelector: #ctl00_backgroundOverlay
WaitForElementToDisappear: Given Locator did not appear after 10 seconds - but ok - locator id: By.CssSelector: #ctl00_backgroundOverlay
Timed out waiting for element to be visible with locator: By.LinkText: Sign Out
Timed out waiting for element to be visible with locator: By.LinkText: Sign Out
VerifyCreatedAccount: sign out link is not visible
CreateNordAccount: Exception occured when creating new account: exception = 'Assert.IsTrue failed. Verify a new account has been created successfully'
Store customer is successfully created.Page loaded succesfully with URL = https://tsecure.dev.nordstrom.com/Rewards/association.aspx
Page loaded succesfully with URL = https://tsecure.dev.nordstrom.com/Rewards/association.aspx
</DebugTrace>
        <ErrorInfo>
          <Message>Test method Nordstrom.Web.Test.UI.LoyaltyWeb.LoyaltyAssociationTests.TenderNeutralAssociation_AuthenticatedUser_ConfirmationForNordAccountAndRewardsMembershipSuccessfullyLinked threw exception: 
System.InvalidOperationException: The certificate dwtcuscs is not present in the trusted root certificate authority.</Message>
          <StackTrace>    at Nordstrom.Web.Test.UI.LoyaltyWeb.HelperExtensions.GetCertificate() in c:\LoyaltyWebTest\Web\Test\UI\LoyaltyWeb\LoyaltyWebTest\LoyaltyWebTest\HelperExtensions.cs:line 420
   at Nordstrom.Web.Test.UI.LoyaltyWeb.HelperExtensions.CallCivsAPIToGetAValidCode(String phoneNumber) in c:\LoyaltyWebTest\Web\Test\UI\LoyaltyWeb\LoyaltyWebTest\LoyaltyWebTest\HelperExtensions.cs:line 350
   at Nordstrom.Web.Test.UI.LoyaltyWeb.LoyaltyAssociationTests.TenderNeutralAssociation_AuthenticatedUser_ConfirmationForNordAccountAndRewardsMembershipSuccessfullyLinked() in c:\LoyaltyWebTest\Web\Test\UI\LoyaltyWeb\LoyaltyWebTest\LoyaltyWebTest\LoyaltyAssociationTests.cs:line 415
</StackTrace>
        </ErrorInfo>
      </Output>
    </UnitTestResult>
    <UnitTestResult executionId="a7abb5c0-c63c-44a8-b258-ad874a49c661" testId="e1e324d5-1895-b2a5-51fc-f5669f42b364" testName="TenderNeutralAssociation_AuthenticatedUserEnrolledinLoyaltyFromServiceCenterToToWebAssociationPage_ShouldSucceed" computerName="MW00977477" duration="00:01:01.1460485" startTime="2015-12-27T15:28:31.8502081-08:00" endTime="2015-12-27T15:29:33.0023227-08:00" testType="13cdc9d9-ddb5-4fa4-a97d-d965ccfc6d4b" outcome="Failed" testListId="8c84fa94-04c1-424b-9868-57a2d4851a1d" relativeResultsDirectory="a7abb5c0-c63c-44a8-b258-ad874a49c661">
      <Output>
        <DebugTrace>Page loaded succesfully with URL = https://tsecure.dev.nordstrom.com/signIn.aspx
Page loaded succesfully with URL = https://tsecure.dev.nordstrom.com/signIn.aspx
Page loaded succesfully with URL = https://tsecure.dev.nordstrom.com/signIn.aspx
Page loaded succesfully with URL = https://tsecure.dev.nordstrom.com/signIn.aspx
Timed out waiting for element to be visible with locator: By.CssSelector: #ctl00_backgroundOverlay
WaitForElementToDisappear: Given Locator did not appear after 10 seconds - but ok - locator id: By.CssSelector: #ctl00_backgroundOverlay
Timed out waiting for element to be visible with locator: By.LinkText: Sign Out
Timed out waiting for element to be visible with locator: By.LinkText: Sign Out
VerifyCreatedAccount: sign out link is not visible
CreateNordAccount: Exception occured when creating new account: exception = 'Assert.IsTrue failed. Verify a new account has been created successfully'
</DebugTrace>
        <ErrorInfo>
          <Message>Test method Nordstrom.Web.Test.UI.LoyaltyWeb.LoyaltyAssociationTests.TenderNeutralAssociation_AuthenticatedUserEnrolledinLoyaltyFromServiceCenterToToWebAssociationPage_ShouldSucceed threw exception: 
System.Net.WebException: The remote server returned an error: (500) Internal Server Error.</Message>
          <StackTrace>    at System.Net.HttpWebRequest.GetResponse()
   at Nordstrom.Web.Test.UI.LoyaltyWeb.HelperExtensions.CreateServiceCenterCustomer(UsersUser testUser) in c:\LoyaltyWebTest\Web\Test\UI\LoyaltyWeb\LoyaltyWebTest\LoyaltyWebTest\HelperExtensions.cs:line 331
   at Nordstrom.Web.Test.UI.LoyaltyWeb.LoyaltyAssociationTests.TenderNeutralAssociation_AuthenticatedUserEnrolledinLoyaltyFromServiceCenterToToWebAssociationPage_ShouldSucceed() in c:\LoyaltyWebTest\Web\Test\UI\LoyaltyWeb\LoyaltyWebTest\LoyaltyWebTest\LoyaltyAssociationTests.cs:line 114
</StackTrace>
        </ErrorInfo>
      </Output>
    </UnitTestResult>
    <UnitTestResult executionId="e7dc53f0-afcf-4857-a2b3-076893f1e47a" testId="420b8e42-f39e-d346-0c12-1e07533b1984" testName="TenderNeutralAssociation_ClickOnLinksAndLogosRedirectedToCorresponingPageForAuthenticatedUser" computerName="MW00977477" duration="00:01:01.3561392" startTime="2015-12-27T15:29:33.0043229-08:00" endTime="2015-12-27T15:30:34.3674586-08:00" testType="13cdc9d9-ddb5-4fa4-a97d-d965ccfc6d4b" outcome="Failed" testListId="8c84fa94-04c1-424b-9868-57a2d4851a1d" relativeResultsDirectory="e7dc53f0-afcf-4857-a2b3-076893f1e47a">
      <Output>
        <DebugTrace>Page loaded succesfully with URL = https://tsecure.dev.nordstrom.com/signIn.aspx
Page loaded succesfully with URL = https://tsecure.dev.nordstrom.com/signIn.aspx
Page loaded succesfully with URL = https://tsecure.dev.nordstrom.com/signIn.aspx
Page loaded succesfully with URL = https://tsecure.dev.nordstrom.com/signIn.aspx
Timed out waiting for element to be visible with locator: By.CssSelector: #ctl00_backgroundOverlay
WaitForElementToDisappear: Given Locator did not appear after 10 seconds - but ok - locator id: By.CssSelector: #ctl00_backgroundOverlay
Timed out waiting for element to be visible with locator: By.LinkText: Sign Out
Timed out waiting for element to be visible with locator: By.LinkText: Sign Out
VerifyCreatedAccount: sign out link is not visible
CreateNordAccount: Exception occured when creating new account: exception = 'Assert.IsTrue failed. Verify a new account has been created successfully'
Store customer is successfully created.Page loaded succesfully with URL = https://tsecure.dev.nordstrom.com/Rewards/association.aspx
Page loaded succesfully with URL = https://tsecure.dev.nordstrom.com/Rewards/association.aspx
</DebugTrace>
        <ErrorInfo>
          <Message>Test method Nordstrom.Web.Test.UI.LoyaltyWeb.LoyaltyAssociationTests.TenderNeutralAssociation_ClickOnLinksAndLogosRedirectedToCorresponingPageForAuthenticatedUser threw exception: 
System.InvalidOperationException: The certificate dwtcuscs is not present in the trusted root certificate authority.</Message>
          <StackTrace>    at Nordstrom.Web.Test.UI.LoyaltyWeb.HelperExtensions.GetCertificate() in c:\LoyaltyWebTest\Web\Test\UI\LoyaltyWeb\LoyaltyWebTest\LoyaltyWebTest\HelperExtensions.cs:line 420
   at Nordstrom.Web.Test.UI.LoyaltyWeb.HelperExtensions.CallCivsAPIToGetAValidCode(String phoneNumber) in c:\LoyaltyWebTest\Web\Test\UI\LoyaltyWeb\LoyaltyWebTest\LoyaltyWebTest\HelperExtensions.cs:line 350
   at Nordstrom.Web.Test.UI.LoyaltyWeb.LoyaltyAssociationTests.TenderNeutralAssociation_ClickOnLinksAndLogosRedirectedToCorresponingPageForAuthenticatedUser() in c:\LoyaltyWebTest\Web\Test\UI\LoyaltyWeb\LoyaltyWebTest\LoyaltyWebTest\LoyaltyAssociationTests.cs:line 436
</StackTrace>
        </ErrorInfo>
      </Output>
    </UnitTestResult>
    <UnitTestResult executionId="43d340aa-51d4-4cdd-9c4e-8025f2344912" testId="ddc0ef36-7f91-531c-b15e-3ce594d4effc" testName="TenderNeutralAssociation_EnrolledCustomerComesToAssociationPageUsingDifferentPhoneNumber_ShouldGetErrorMessage" computerName="MW00977477" duration="00:00:38.6817096" startTime="2015-12-27T15:30:34.3714590-08:00" endTime="2015-12-27T15:31:13.0583273-08:00" testType="13cdc9d9-ddb5-4fa4-a97d-d965ccfc6d4b" outcome="Failed" testListId="8c84fa94-04c1-424b-9868-57a2d4851a1d" relativeResultsDirectory="43d340aa-51d4-4cdd-9c4e-8025f2344912">
      <Output>
        <DebugTrace>Store customer is successfully created.Page loaded succesfully with URL = https://tsecure.dev.nordstrom.com/Rewards/association.aspx
Page loaded succesfully with URL = https://tsecure.dev.nordstrom.com/Rewards/association.aspx
Timed out waiting for element to be visible with locator: By.Id: subMessageHeader
Message is not shown
</DebugTrace>
        <ErrorInfo>
          <Message>Assert.IsTrue failed. Error phone message is not shown properly.</Message>
          <StackTrace>   at Nordstrom.Web.Test.UI.LoyaltyWeb.LoyaltyAssociationTests.TenderNeutralAssociation_EnrolledCustomerComesToAssociationPageUsingDifferentPhoneNumber_ShouldGetErrorMessage() in c:\LoyaltyWebTest\Web\Test\UI\LoyaltyWeb\LoyaltyWebTest\LoyaltyWebTest\LoyaltyAssociationTests.cs:line 275
</StackTrace>
        </ErrorInfo>
      </Output>
    </UnitTestResult>
    <UnitTestResult executionId="c843096b-2d6a-491e-82b6-0beb2dbf6c1e" testId="bf20d9b1-26e6-819b-2980-c3bcb8cd5366" testName="TenderNeutralAssociation_ExistingLoyaltyCustomerComesToAssociationPageUsingDifferentWebAccount_ShouldGetErrorMessage" computerName="MW00977477" duration="00:00:34.9402564" startTime="2015-12-27T15:31:13.0613276-08:00" endTime="2015-12-27T15:31:48.0068218-08:00" testType="13cdc9d9-ddb5-4fa4-a97d-d965ccfc6d4b" outcome="Failed" testListId="8c84fa94-04c1-424b-9868-57a2d4851a1d" relativeResultsDirectory="c843096b-2d6a-491e-82b6-0beb2dbf6c1e">
      <Output>
        <DebugTrace>Store customer is successfully created.Page loaded succesfully with URL = https://tsecure.dev.nordstrom.com/Rewards/association.aspx
Page loaded succesfully with URL = https://tsecure.dev.nordstrom.com/Rewards/association.aspx
Timed out waiting for element to be visible with locator: By.Id: ctl00_mainContentPlaceHolder_lblEmailErrorMessage
Message is not shown
</DebugTrace>
        <ErrorInfo>
          <Message>Assert.IsTrue failed. Error email  message is not shown properly.</Message>
          <StackTrace>   at Nordstrom.Web.Test.UI.LoyaltyWeb.LoyaltyAssociationTests.TenderNeutralAssociation_ExistingLoyaltyCustomerComesToAssociationPageUsingDifferentWebAccount_ShouldGetErrorMessage() in c:\LoyaltyWebTest\Web\Test\UI\LoyaltyWeb\LoyaltyWebTest\LoyaltyWebTest\LoyaltyAssociationTests.cs:line 252
</StackTrace>
        </ErrorInfo>
      </Output>
    </UnitTestResult>
    <UnitTestResult executionId="ec79bec5-7a53-4166-8f46-b4f8df8c4395" testId="191d4ad9-bdce-2138-a783-33aefedbfec7" testName="TenderNeutralAssociation_GuestUserEnrolledInLoyatyProgramFromServiceCenterGotoAssociationPage_ShouldSucceed" computerName="MW00977477" duration="00:00:15.5765982" startTime="2015-12-27T15:31:48.0088220-08:00" endTime="2015-12-27T15:32:03.5883798-08:00" testType="13cdc9d9-ddb5-4fa4-a97d-d965ccfc6d4b" outcome="Failed" testListId="8c84fa94-04c1-424b-9868-57a2d4851a1d" relativeResultsDirectory="ec79bec5-7a53-4166-8f46-b4f8df8c4395">
      <Output>
        <ErrorInfo>
          <Message>Test method Nordstrom.Web.Test.UI.LoyaltyWeb.LoyaltyAssociationTests.TenderNeutralAssociation_GuestUserEnrolledInLoyatyProgramFromServiceCenterGotoAssociationPage_ShouldSucceed threw exception: 
System.Net.WebException: The remote server returned an error: (500) Internal Server Error.</Message>
          <StackTrace>    at System.Net.HttpWebRequest.GetResponse()
   at Nordstrom.Web.Test.UI.LoyaltyWeb.HelperExtensions.CreateServiceCenterCustomer(UsersUser testUser) in c:\LoyaltyWebTest\Web\Test\UI\LoyaltyWeb\LoyaltyWebTest\LoyaltyWebTest\HelperExtensions.cs:line 331
   at Nordstrom.Web.Test.UI.LoyaltyWeb.LoyaltyAssociationTests.TenderNeutralAssociation_GuestUserEnrolledInLoyatyProgramFromServiceCenterGotoAssociationPage_ShouldSucceed() in c:\LoyaltyWebTest\Web\Test\UI\LoyaltyWeb\LoyaltyWebTest\LoyaltyWebTest\LoyaltyAssociationTests.cs:line 73
</StackTrace>
        </ErrorInfo>
      </Output>
    </UnitTestResult>
    <UnitTestResult executionId="33ae1338-aead-407c-a210-da905e571b37" testId="f99a3847-1f69-481e-31a1-d2fbcc2facd4" testName="TenderNeutralAssociation_PageContentShouldBeloadedSuccessfully" computerName="MW00977477" duration="00:00:25.0652352" startTime="2015-12-27T15:32:03.5893799-08:00" endTime="2015-12-27T15:32:28.6608868-08:00" testType="13cdc9d9-ddb5-4fa4-a97d-d965ccfc6d4b" outcome="Passed" testListId="8c84fa94-04c1-424b-9868-57a2d4851a1d" relativeResultsDirectory="33ae1338-aead-407c-a210-da905e571b37">
      <Output>
        <DebugTrace>Page loaded succesfully with URL = https://tsecure.dev.nordstrom.com/Rewards/association.aspx
Page loaded succesfully with URL = https://tsecure.dev.nordstrom.com/Rewards/association.aspx
</DebugTrace>
      </Output>
    </UnitTestResult>
    <UnitTestResult executionId="8028f44c-6014-40cc-be0c-646fc6c4848b" testId="0e2f18c3-d10a-4d1b-1605-98e29230b088" testName="TenderNeutralAssociation_RecognizedUserEnrolledFromStoreGoToWebAssociationPage_ShouldSucceed" computerName="MW00977477" duration="00:00:57.4703186" startTime="2015-12-27T15:32:28.6628870-08:00" endTime="2015-12-27T15:33:26.1386340-08:00" testType="13cdc9d9-ddb5-4fa4-a97d-d965ccfc6d4b" outcome="Failed" testListId="8c84fa94-04c1-424b-9868-57a2d4851a1d" relativeResultsDirectory="8028f44c-6014-40cc-be0c-646fc6c4848b">
      <Output>
        <DebugTrace>Page loaded succesfully with URL = https://tsecure.dev.nordstrom.com/signIn.aspx
Page loaded succesfully with URL = https://tsecure.dev.nordstrom.com/signIn.aspx
Page loaded succesfully with URL = https://tsecure.dev.nordstrom.com/signIn.aspx
Page loaded succesfully with URL = https://tsecure.dev.nordstrom.com/signIn.aspx
Timed out waiting for element to be visible with locator: By.CssSelector: #ctl00_backgroundOverlay
WaitForElementToDisappear: Given Locator did not appear after 10 seconds - but ok - locator id: By.CssSelector: #ctl00_backgroundOverlay
Timed out waiting for element to be visible with locator: By.LinkText: Sign Out
Timed out waiting for element to be visible with locator: By.LinkText: Sign Out
VerifyCreatedAccount: sign out link is not visible
CreateNordAccount: Exception occured when creating new account: exception = 'Assert.IsTrue failed. Verify a new account has been created successfully'
Store customer is successfully created.Page loaded succesfully with URL = https://tsecure.dev.nordstrom.com/Rewards/association.aspx
Page loaded succesfully with URL = https://tsecure.dev.nordstrom.com/Rewards/association.aspx
Failed to set focus for the control with locator 'By.Id: txtUserPassword'
element not visible
  (Session info: chrome=47.0.2526.106)
  (Driver info: chromedriver=2.20.353145 (343b531d31eeb933ec778dbcf7081628a1396067),platform=Windows NT 6.1 SP1 x86_64)
</DebugTrace>
        <ErrorInfo>
          <Message>Test method Nordstrom.Web.Test.UI.LoyaltyWeb.LoyaltyAssociationTests.TenderNeutralAssociation_RecognizedUserEnrolledFromStoreGoToWebAssociationPage_ShouldSucceed threw exception: 
OpenQA.Selenium.InvalidElementStateException: invalid element state: Element is not currently interactable and may not be manipulated
  (Session info: chrome=47.0.2526.106)
  (Driver info: chromedriver=2.20.353145 (343b531d31eeb933ec778dbcf7081628a1396067),platform=Windows NT 6.1 SP1 x86_64)</Message>
          <StackTrace>    at OpenQA.Selenium.Remote.RemoteWebDriver.UnpackAndThrowOnError(Response errorResponse)
   at OpenQA.Selenium.Remote.RemoteWebDriver.Execute(String driverCommandToExecute, Dictionary`2 parameters)
   at OpenQA.Selenium.Remote.RemoteWebElement.Clear()
   at Nordstrom.ECommerce.Test.SeleniumHelper.SeleniumActionHelper.SendKeys(String text, By locator, IWebElement element, Boolean clearField)
   at Nordstrom.Web.Test.UI.Common.PageObjects.LoyaltyAssociationPage.FillTheForm(UsersUser enrolledUser, UserType type, String confirmPasswordString) in c:\LoyaltyWebTest\Web\Test\UI\Common\PageObjects\LoyaltyAssociationPage.cs:line 253
   at Nordstrom.Web.Test.UI.LoyaltyWeb.LoyaltyAssociationTests.TenderNeutralAssociation_RecognizedUserEnrolledFromStoreGoToWebAssociationPage_ShouldSucceed() in c:\LoyaltyWebTest\Web\Test\UI\LoyaltyWeb\LoyaltyWebTest\LoyaltyWebTest\LoyaltyAssociationTests.cs:line 140
</StackTrace>
        </ErrorInfo>
      </Output>
    </UnitTestResult>
    <UnitTestResult executionId="8e1e2c48-a417-4997-878f-f48fd9c3b452" testId="07c18028-e476-f9b9-b536-4f84edee61f4" testName="TenderNeutralAssociation_RecognizedUserEnrolledinLoyaltyFromServiceCenterToToWebAssociationPage_ShouldSucceed" computerName="MW00977477" duration="00:00:56.6097743" startTime="2015-12-27T15:33:26.1406342-08:00" endTime="2015-12-27T15:34:22.7602956-08:00" testType="13cdc9d9-ddb5-4fa4-a97d-d965ccfc6d4b" outcome="Failed" testListId="8c84fa94-04c1-424b-9868-57a2d4851a1d" relativeResultsDirectory="8e1e2c48-a417-4997-878f-f48fd9c3b452">
      <Output>
        <DebugTrace>Page loaded succesfully with URL = https://tsecure.dev.nordstrom.com/signIn.aspx
Page loaded succesfully with URL = https://tsecure.dev.nordstrom.com/signIn.aspx
Page loaded succesfully with URL = https://tsecure.dev.nordstrom.com/signIn.aspx
Page loaded succesfully with URL = https://tsecure.dev.nordstrom.com/signIn.aspx
Timed out waiting for element to be visible with locator: By.CssSelector: #ctl00_backgroundOverlay
WaitForElementToDisappear: Given Locator did not appear after 10 seconds - but ok - locator id: By.CssSelector: #ctl00_backgroundOverlay
Timed out waiting for element to be visible with locator: By.LinkText: Sign Out
Timed out waiting for element to be visible with locator: By.LinkText: Sign Out
VerifyCreatedAccount: sign out link is not visible
CreateNordAccount: Exception occured when creating new account: exception = 'Assert.IsTrue failed. Verify a new account has been created successfully'
</DebugTrace>
        <ErrorInfo>
          <Message>Test method Nordstrom.Web.Test.UI.LoyaltyWeb.LoyaltyAssociationTests.TenderNeutralAssociation_RecognizedUserEnrolledinLoyaltyFromServiceCenterToToWebAssociationPage_ShouldSucceed threw exception: 
System.Net.WebException: The remote server returned an error: (500) Internal Server Error.</Message>
          <StackTrace>    at System.Net.HttpWebRequest.GetResponse()
   at Nordstrom.Web.Test.UI.LoyaltyWeb.HelperExtensions.CreateServiceCenterCustomer(UsersUser testUser) in c:\LoyaltyWebTest\Web\Test\UI\LoyaltyWeb\LoyaltyWebTest\LoyaltyWebTest\HelperExtensions.cs:line 331
   at Nordstrom.Web.Test.UI.LoyaltyWeb.LoyaltyAssociationTests.TenderNeutralAssociation_RecognizedUserEnrolledinLoyaltyFromServiceCenterToToWebAssociationPage_ShouldSucceed() in c:\LoyaltyWebTest\Web\Test\UI\LoyaltyWeb\LoyaltyWebTest\LoyaltyWebTest\LoyaltyAssociationTests.cs:line 156
</StackTrace>
        </ErrorInfo>
      </Output>
    </UnitTestResult>
    <UnitTestResult executionId="aa7c69ba-247f-49cd-a689-6a1dd4245df2" testId="0f205b7b-b7e4-d1b8-1e8c-26d1b4231555" testName="TenderNeutralAssociation_WebAccountAssociationFromStoreCustomer_ShouldSucceed" computerName="MW00977477" duration="00:00:21.6128293" startTime="2015-12-27T15:34:22.7622958-08:00" endTime="2015-12-27T15:34:44.3814575-08:00" testType="13cdc9d9-ddb5-4fa4-a97d-d965ccfc6d4b" outcome="Passed" testListId="8c84fa94-04c1-424b-9868-57a2d4851a1d" relativeResultsDirectory="aa7c69ba-247f-49cd-a689-6a1dd4245df2">
      <Output>
        <DebugTrace>Store customer is successfully created.Page loaded succesfully with URL = https://tsecure.dev.nordstrom.com/Rewards/association.aspx
Page loaded succesfully with URL = https://tsecure.dev.nordstrom.com/Rewards/association.aspx
Page loaded succesfully with URL = https://tsecure.dev.nordstrom.com/Rewards/association.aspx
Page loaded succesfully with URL = https://tsecure.dev.nordstrom.com/Rewards/association.aspx
</DebugTrace>
      </Output>
    </UnitTestResult>
    <UnitTestResult executionId="7ce11f8c-a8d3-4fbf-a93f-a6885c5d5ebf" testId="460c058b-7131-2fcc-6c34-dc0936a6c442" testName="TenderNeutralAssociation_WebAssociatedEnrolledCustomerComesToAssociationPageAsRegisteredUser_ShouldGetYouAreSetMessage" computerName="MW00977477" duration="00:00:53.1674937" startTime="2015-12-27T15:34:44.3834577-08:00" endTime="2015-12-27T15:35:37.5567745-08:00" testType="13cdc9d9-ddb5-4fa4-a97d-d965ccfc6d4b" outcome="Failed" testListId="8c84fa94-04c1-424b-9868-57a2d4851a1d" relativeResultsDirectory="7ce11f8c-a8d3-4fbf-a93f-a6885c5d5ebf">
      <Output>
        <DebugTrace>Page loaded succesfully with URL = https://tsecure.dev.nordstrom.com/Rewards/join.aspx
Timed out waiting for element to be visible with locator: By.Id: ctl00_backgroundOverlayProgress
Page loaded succesfully with URL = https://tsecure.dev.nordstrom.com/Rewards/join.aspx
Page loaded succesfully with URL = https://tsecure.dev.nordstrom.com/Rewards/join.aspx
Timed out waiting for element to be visible with locator: By.Id: ctl00_mainContentPlaceHolder_btnVerify
</DebugTrace>
        <ErrorInfo>
          <Message>Test method Nordstrom.Web.Test.UI.LoyaltyWeb.LoyaltyAssociationTests.TenderNeutralAssociation_WebAssociatedEnrolledCustomerComesToAssociationPageAsRegisteredUser_ShouldGetYouAreSetMessage threw exception: 
System.InvalidOperationException: The certificate dwtcuscs is not present in the trusted root certificate authority.</Message>
          <StackTrace>    at Nordstrom.Web.Test.UI.LoyaltyWeb.HelperExtensions.GetCertificate() in c:\LoyaltyWebTest\Web\Test\UI\LoyaltyWeb\LoyaltyWebTest\LoyaltyWebTest\HelperExtensions.cs:line 420
   at Nordstrom.Web.Test.UI.LoyaltyWeb.HelperExtensions.CallCivsAPIToGetAValidCode(String phoneNumber) in c:\LoyaltyWebTest\Web\Test\UI\LoyaltyWeb\LoyaltyWebTest\LoyaltyWebTest\HelperExtensions.cs:line 350
   at Nordstrom.Web.Test.UI.LoyaltyWeb.LoyaltyAssociationTests.TenderNeutralAssociation_WebAssociatedEnrolledCustomerComesToAssociationPageAsRegisteredUser_ShouldGetYouAreSetMessage() in c:\LoyaltyWebTest\Web\Test\UI\LoyaltyWeb\LoyaltyWebTest\LoyaltyWebTest\LoyaltyAssociationTests.cs:line 336
</StackTrace>
        </ErrorInfo>
      </Output>
    </UnitTestResult>
    <UnitTestResult executionId="83cdd17d-117b-430d-83d4-52be0b38d9a0" testId="f7d013bf-844c-5140-5447-28322266c549" testName="TenderNeutralAssociation_WebAssociatedEnrollMemberTryToAssociateAgain_ShouldGetRightMessage" computerName="MW00977477" duration="00:00:53.7260797" startTime="2015-12-27T15:35:37.5587747-08:00" endTime="2015-12-27T15:36:31.2911474-08:00" testType="13cdc9d9-ddb5-4fa4-a97d-d965ccfc6d4b" outcome="Failed" testListId="8c84fa94-04c1-424b-9868-57a2d4851a1d" relativeResultsDirectory="83cdd17d-117b-430d-83d4-52be0b38d9a0">
      <Output>
        <DebugTrace>Page loaded succesfully with URL = https://tsecure.dev.nordstrom.com/Rewards/join.aspx
Timed out waiting for element to be visible with locator: By.Id: ctl00_backgroundOverlayProgress
Page loaded succesfully with URL = https://tsecure.dev.nordstrom.com/Rewards/join.aspx
Page loaded succesfully with URL = https://tsecure.dev.nordstrom.com/Rewards/join.aspx
Timed out waiting for element to be visible with locator: By.Id: ctl00_mainContentPlaceHolder_btnVerify
</DebugTrace>
        <ErrorInfo>
          <Message>Test method Nordstrom.Web.Test.UI.LoyaltyWeb.LoyaltyAssociationTests.TenderNeutralAssociation_WebAssociatedEnrollMemberTryToAssociateAgain_ShouldGetRightMessage threw exception: 
System.InvalidOperationException: The certificate dwtcuscs is not present in the trusted root certificate authority.</Message>
          <StackTrace>    at Nordstrom.Web.Test.UI.LoyaltyWeb.HelperExtensions.GetCertificate() in c:\LoyaltyWebTest\Web\Test\UI\LoyaltyWeb\LoyaltyWebTest\LoyaltyWebTest\HelperExtensions.cs:line 420
   at Nordstrom.Web.Test.UI.LoyaltyWeb.HelperExtensions.CallCivsAPIToGetAValidCode(String phoneNumber) in c:\LoyaltyWebTest\Web\Test\UI\LoyaltyWeb\LoyaltyWebTest\LoyaltyWebTest\HelperExtensions.cs:line 350
   at Nordstrom.Web.Test.UI.LoyaltyWeb.LoyaltyAssociationTests.TenderNeutralAssociation_WebAssociatedEnrollMemberTryToAssociateAgain_ShouldGetRightMessage() in c:\LoyaltyWebTest\Web\Test\UI\LoyaltyWeb\LoyaltyWebTest\LoyaltyWebTest\LoyaltyAssociationTests.cs:line 299
</StackTrace>
        </ErrorInfo>
      </Output>
    </UnitTestResult>
    <UnitTestResult executionId="608bbc13-aa6d-4061-9984-6a72470535ad" testId="58e6c602-14c2-9d55-77c9-65e620bc43e6" testName="TenderNeutralAssociationPage_TenderNeutralAssociationFeatureFlagOff_UserRedirectedToHomePage" computerName="MW00977477" duration="00:00:25.0605016" startTime="2015-12-27T15:36:31.2921475-08:00" endTime="2015-12-27T15:36:56.3576538-08:00" testType="13cdc9d9-ddb5-4fa4-a97d-d965ccfc6d4b" outcome="Failed" testListId="8c84fa94-04c1-424b-9868-57a2d4851a1d" relativeResultsDirectory="608bbc13-aa6d-4061-9984-6a72470535ad">
      <Output>
        <DebugTrace>Page loaded succesfully with URL = http://tshop.dev.nordstrom.com/
Page loaded succesfully with URL = http://tshop.dev.nordstrom.com/
</DebugTrace>
        <ErrorInfo>
          <Message>Assert.AreEqual failed. Expected:&lt;http://Tshop.dev.nordstrom.com/&gt;. Actual:&lt;http://tshop.dev.nordstrom.com/&gt;. User is not redirected to the Home page when associationPage flag off</Message>
          <StackTrace>   at Nordstrom.Web.Test.UI.LoyaltyWeb.LoyaltyAssociationTests.TenderNeutralAssociationPage_TenderNeutralAssociationFeatureFlagOff_UserRedirectedToHomePage() in c:\LoyaltyWebTest\Web\Test\UI\LoyaltyWeb\LoyaltyWebTest\LoyaltyWebTest\LoyaltyAssociationTests.cs:line 371
</StackTrace>
        </ErrorInfo>
      </Output>
    </UnitTestResult>
    <UnitTestResult executionId="67f268be-8d0c-465d-a775-b1163e7b307d" testId="0fb17184-6c18-b606-f6a7-af0c56cff16d" testName="TenderNeutralEarn_AuthenticatedUserNotLinkedNordAccountAndTNNumber_ClickingOnEarnPointsLinkOpenedupTheModuleSuccessfully" computerName="MW00977477" duration="00:03:31.7440594" startTime="2015-12-27T15:36:56.3606541-08:00" endTime="2015-12-27T15:40:28.1198279-08:00" testType="13cdc9d9-ddb5-4fa4-a97d-d965ccfc6d4b" outcome="Failed" testListId="8c84fa94-04c1-424b-9868-57a2d4851a1d" relativeResultsDirectory="67f268be-8d0c-465d-a775-b1163e7b307d">
      <Output>
        <DebugTrace>Page loaded succesfully with URL = https://tsecure.dev.nordstrom.com/signIn.aspx
Page loaded succesfully with URL = https://tsecure.dev.nordstrom.com/signIn.aspx
Page loaded succesfully with URL = https://tsecure.dev.nordstrom.com/signIn.aspx
Page loaded succesfully with URL = https://tsecure.dev.nordstrom.com/signIn.aspx
Timed out waiting for element to be visible with locator: By.CssSelector: #ctl00_backgroundOverlay
WaitForElementToDisappear: Given Locator did not appear after 10 seconds - but ok - locator id: By.CssSelector: #ctl00_backgroundOverlay
Timed out waiting for element to be visible with locator: By.LinkText: Sign Out
Timed out waiting for element to be visible with locator: By.LinkText: Sign Out
VerifyCreatedAccount: sign out link is not visible
CreateNordAccount: Exception occured when creating new account: exception = 'Assert.IsTrue failed. Verify a new account has been created successfully'
Store customer is successfully created.Element is not Valid: Exception =Could not find element by: By.Id: Checkout
Page loaded succesfully with URL = http://oabout.dev.nordstrom.com/common/Errors/n500_100.asp
Page loaded succesfully with URL = http://oabout.dev.nordstrom.com/common/Errors/n500_100.asp
Samples page not displayed. URL: http://oabout.dev.nordstrom.com/common/errors/n500_100.asp
Page loaded succesfully with URL = http://oabout.dev.nordstrom.com/common/Errors/n500_100.asp
Page loaded succesfully with URL = http://oabout.dev.nordstrom.com/common/Errors/n500_100.asp
Timed out waiting for element to be visible with locator: By.CssSelector: section[id='shipping-address'] div.actions input.continue.button.primary
Shipping Address: Save &amp; Continue button is not visible.
Timed out waiting for element to be visible with locator: By.CssSelector: #shipping-address &gt; form &gt; div.actions &gt; input:nth-child(2)
Failed to find the Shipping address save and continue button
Element Not found with the given locator (By.CssSelector: #shipping-method &gt; form &gt; div.actions &gt; a)
Element not found with given locator By.CssSelector: #shipping-method &gt; form &gt; div.actions &gt; a
Element not found with given locator By.Id: card-number
Element Not found with the given locator (By.CssSelector: #payment &gt; form &gt; div.payment-method.credit-card.ng-scope &gt; div &gt; div &gt; fieldset &gt; select.credit-month.ng-pristine.ng-valid)
Element not found with given locator By.CssSelector: #payment &gt; form &gt; div.payment-method.credit-card.ng-scope &gt; div &gt; div &gt; fieldset &gt; select.credit-month.ng-pristine.ng-valid
Timed out waiting for element to be visible with locator: By.CssSelector: #payment &gt; form &gt; div.payment-contact &gt; div.actions &gt; input
Element Not found with the given locator (By.CssSelector: #payment &gt; form &gt; div.payment-contact &gt; div.actions &gt; input)
Element not found with given locator By.CssSelector: #payment &gt; form &gt; div.payment-contact &gt; div.actions &gt; input
Timed out waiting for element to be visible with locator: By.CssSelector: #order-submit &gt; div.progress-indicator
WaitForElementToDisappear: Given Locator did not appear after 10 seconds - but ok - locator id: By.CssSelector: #order-submit &gt; div.progress-indicator
Timed out waiting for element to be visible with locator: By.CssSelector: #payment &gt; header &gt; div &gt; a
Element Not found with the given locator (By.CssSelector: a[href='Pay with your Nordstrom Card'])
Element not found with given locator By.CssSelector: a[href='Pay with your Nordstrom Card']
</DebugTrace>
        <ErrorInfo>
          <Message>Assert.IsTrue failed. In Rewards section, the links 'Pay with your nordstrom card' and 'earn points with your Rewards number' are not displayed</Message>
          <StackTrace>   at Nordstrom.Web.Test.UI.LoyaltyWeb.LoyaltyEarnTests.TenderNeutralEarn_AuthenticatedUserNotLinkedNordAccountAndTNNumber_ClickingOnEarnPointsLinkOpenedupTheModuleSuccessfully() in c:\LoyaltyWebTest\Web\Test\UI\LoyaltyWeb\LoyaltyWebTest\LoyaltyWebTest\LoyaltyEarnTests.cs:line 153
</StackTrace>
        </ErrorInfo>
      </Output>
    </UnitTestResult>
    <UnitTestResult executionId="d8501365-c4c3-4503-83a1-a0650e8787a4" testId="57d2f222-dabf-1931-f74a-107500e05da4" testName="TenderNeutralEarn_AuthenticatedUserNotLinkedNordAccountAndTNNumber_ClickingOnPayNordCardLinkNavigatesToPaymentSectionSuccessfully" computerName="MW00977477" duration="00:02:22.1636990" startTime="2015-12-27T15:40:28.1218281-08:00" endTime="2015-12-27T15:42:50.2960441-08:00" testType="13cdc9d9-ddb5-4fa4-a97d-d965ccfc6d4b" outcome="Failed" testListId="8c84fa94-04c1-424b-9868-57a2d4851a1d" relativeResultsDirectory="d8501365-c4c3-4503-83a1-a0650e8787a4">
      <Output>
        <DebugTrace>Store customer is successfully created.Element is not Valid: Exception =Could not find element by: By.Id: Checkout
Page loaded succesfully with URL = http://oabout.dev.nordstrom.com/common/Errors/n500_100.asp
Page loaded succesfully with URL = http://oabout.dev.nordstrom.com/common/Errors/n500_100.asp
Samples page not displayed. URL: http://oabout.dev.nordstrom.com/common/errors/n500_100.asp
Page loaded succesfully with URL = http://oabout.dev.nordstrom.com/common/Errors/n500_100.asp
Page loaded succesfully with URL = http://oabout.dev.nordstrom.com/common/Errors/n500_100.asp
Timed out waiting for element to be visible with locator: By.CssSelector: section[id='shipping-address'] div.actions input.continue.button.primary
Shipping Address: Save &amp; Continue button is not visible.
Timed out waiting for element to be visible with locator: By.CssSelector: #shipping-address &gt; form &gt; div.actions &gt; input:nth-child(2)
Failed to find the Shipping address save and continue button
Element Not found with the given locator (By.CssSelector: #shipping-method &gt; form &gt; div.actions &gt; a)
Element not found with given locator By.CssSelector: #shipping-method &gt; form &gt; div.actions &gt; a
Element not found with given locator By.Id: card-number
Element Not found with the given locator (By.CssSelector: #payment &gt; form &gt; div.payment-method.credit-card.ng-scope &gt; div &gt; div &gt; fieldset &gt; select.credit-month.ng-pristine.ng-valid)
Element not found with given locator By.CssSelector: #payment &gt; form &gt; div.payment-method.credit-card.ng-scope &gt; div &gt; div &gt; fieldset &gt; select.credit-month.ng-pristine.ng-valid
Timed out waiting for element to be visible with locator: By.CssSelector: #payment &gt; form &gt; div.payment-contact &gt; div.actions &gt; input
Element Not found with the given locator (By.CssSelector: #payment &gt; form &gt; div.payment-contact &gt; div.actions &gt; input)
Element not found with given locator By.CssSelector: #payment &gt; form &gt; div.payment-contact &gt; div.actions &gt; input
Timed out waiting for element to be visible with locator: By.CssSelector: #order-submit &gt; div.progress-indicator
WaitForElementToDisappear: Given Locator did not appear after 10 seconds - but ok - locator id: By.CssSelector: #order-submit &gt; div.progress-indicator
Timed out waiting for element to be visible with locator: By.CssSelector: #payment &gt; header &gt; div &gt; a
Element Not found with the given locator (By.CssSelector: a[href='Pay with your Nordstrom Card'])
Element not found with given locator By.CssSelector: a[href='Pay with your Nordstrom Card']
</DebugTrace>
        <ErrorInfo>
          <Message>Assert.IsTrue failed. In Rewards section, the links 'Pay with your nordstrom card' and 'earn points with your Rewards number' are not displayed</Message>
          <StackTrace>   at Nordstrom.Web.Test.UI.LoyaltyWeb.LoyaltyEarnTests.TenderNeutralEarn_AuthenticatedUserNotLinkedNordAccountAndTNNumber_ClickingOnPayNordCardLinkNavigatesToPaymentSectionSuccessfully() in c:\LoyaltyWebTest\Web\Test\UI\LoyaltyWeb\LoyaltyWebTest\LoyaltyWebTest\LoyaltyEarnTests.cs:line 127
</StackTrace>
        </ErrorInfo>
      </Output>
    </UnitTestResult>
    <UnitTestResult executionId="7dda5db8-4188-4ca8-9f21-398c20937879" testId="5c6698e8-7f51-b362-71a2-8ce939c3580d" testName="TenderNeutralEarn_AuthenticatedUserNotLinkedNordAccountAndTNNumber_RewardsSectionDispayedInOrderSubmitPage" computerName="MW00977477" duration="00:02:18.5116422" startTime="2015-12-27T15:42:50.2980443-08:00" endTime="2015-12-27T15:45:08.8218953-08:00" testType="13cdc9d9-ddb5-4fa4-a97d-d965ccfc6d4b" outcome="Failed" testListId="8c84fa94-04c1-424b-9868-57a2d4851a1d" relativeResultsDirectory="7dda5db8-4188-4ca8-9f21-398c20937879">
      <Output>
        <DebugTrace>Store customer is successfully created.Element is not Valid: Exception =Could not find element by: By.Id: Checkout
Page loaded succesfully with URL = http://oabout.dev.nordstrom.com/common/Errors/n500_100.asp
Page loaded succesfully with URL = http://oabout.dev.nordstrom.com/common/Errors/n500_100.asp
Samples page not displayed. URL: http://oabout.dev.nordstrom.com/common/errors/n500_100.asp
Page loaded succesfully with URL = http://oabout.dev.nordstrom.com/common/Errors/n500_100.asp
Page loaded succesfully with URL = http://oabout.dev.nordstrom.com/common/Errors/n500_100.asp
Timed out waiting for element to be visible with locator: By.CssSelector: section[id='shipping-address'] div.actions input.continue.button.primary
Shipping Address: Save &amp; Continue button is not visible.
Timed out waiting for element to be visible with locator: By.CssSelector: #shipping-address &gt; form &gt; div.actions &gt; input:nth-child(2)
Failed to find the Shipping address save and continue button
Element Not found with the given locator (By.CssSelector: #shipping-method &gt; form &gt; div.actions &gt; a)
Element not found with given locator By.CssSelector: #shipping-method &gt; form &gt; div.actions &gt; a
Element not found with given locator By.Id: card-number
Element Not found with the given locator (By.CssSelector: #payment &gt; form &gt; div.payment-method.credit-card.ng-scope &gt; div &gt; div &gt; fieldset &gt; select.credit-month.ng-pristine.ng-valid)
Element not found with given locator By.CssSelector: #payment &gt; form &gt; div.payment-method.credit-card.ng-scope &gt; div &gt; div &gt; fieldset &gt; select.credit-month.ng-pristine.ng-valid
Timed out waiting for element to be visible with locator: By.CssSelector: #payment &gt; form &gt; div.payment-contact &gt; div.actions &gt; input
Element Not found with the given locator (By.CssSelector: #payment &gt; form &gt; div.payment-contact &gt; div.actions &gt; input)
Element not found with given locator By.CssSelector: #payment &gt; form &gt; div.payment-contact &gt; div.actions &gt; input
Timed out waiting for element to be visible with locator: By.CssSelector: #order-submit &gt; div.progress-indicator
WaitForElementToDisappear: Given Locator did not appear after 10 seconds - but ok - locator id: By.CssSelector: #order-submit &gt; div.progress-indicator
Timed out waiting for element to be visible with locator: By.CssSelector: #payment &gt; header &gt; div &gt; a
Element Not found with the given locator (By.CssSelector: a[href='Pay with your Nordstrom Card'])
Element not found with given locator By.CssSelector: a[href='Pay with your Nordstrom Card']
</DebugTrace>
        <ErrorInfo>
          <Message>Assert.IsTrue failed. In Rewards section, the links 'Pay with your nordstrom card' and 'earn points with your Rewards number' are not displayed</Message>
          <StackTrace>   at Nordstrom.Web.Test.UI.LoyaltyWeb.LoyaltyEarnTests.TenderNeutralEarn_AuthenticatedUserNotLinkedNordAccountAndTNNumber_RewardsSectionDispayedInOrderSubmitPage() in c:\LoyaltyWebTest\Web\Test\UI\LoyaltyWeb\LoyaltyWebTest\LoyaltyWebTest\LoyaltyEarnTests.cs:line 104
</StackTrace>
        </ErrorInfo>
      </Output>
    </UnitTestResult>
    <UnitTestResult executionId="9649306d-d309-4eaf-adfd-261f1858e334" testId="127aa9dd-cc04-d0e2-0746-e44f2e070db9" testName="TenderNeutralEarn_AuthenticatedUserSeesRewardsSectionInOrderSubmitPage_Successfully" computerName="MW00977477" duration="00:01:09.6818186" startTime="2015-12-27T15:45:08.8248956-08:00" endTime="2015-12-27T15:46:18.5138638-08:00" testType="13cdc9d9-ddb5-4fa4-a97d-d965ccfc6d4b" outcome="Passed" testListId="8c84fa94-04c1-424b-9868-57a2d4851a1d" relativeResultsDirectory="9649306d-d309-4eaf-adfd-261f1858e334">
      <Output>
        <DebugTrace>Page loaded succesfully with URL = https://tsecure.dev.nordstrom.com/signIn.aspx
Page loaded succesfully with URL = https://tsecure.dev.nordstrom.com/signIn.aspx
Page loaded succesfully with URL = https://tsecure.dev.nordstrom.com/signIn.aspx
Page loaded succesfully with URL = https://tsecure.dev.nordstrom.com/signIn.aspx
Timed out waiting for element to be visible with locator: By.CssSelector: #ctl00_backgroundOverlay
WaitForElementToDisappear: Given Locator did not appear after 10 seconds - but ok - locator id: By.CssSelector: #ctl00_backgroundOverlay
Timed out waiting for element to be visible with locator: By.LinkText: Sign Out
Timed out waiting for element to be visible with locator: By.LinkText: Sign Out
VerifyCreatedAccount: sign out link is not visible
CreateNordAccount: Exception occured when creating new account: exception = 'Assert.IsTrue failed. Verify a new account has been created successfully'
Element is not Valid: Exception =Could not find element by: By.Id: Checkout
Page loaded succesfully with URL = http://oabout.dev.nordstrom.com/common/Errors/n500_100.asp
Page loaded succesfully with URL = http://oabout.dev.nordstrom.com/common/Errors/n500_100.asp
Samples page not displayed. URL: http://oabout.dev.nordstrom.com/common/errors/n500_100.asp
Page loaded succesfully with URL = http://oabout.dev.nordstrom.com/common/Errors/n500_100.asp
</DebugTrace>
      </Output>
    </UnitTestResult>
    <UnitTestResult executionId="74f10605-78be-480c-9a51-c0cd74f13c9b" testId="08bfd4d5-ccd5-3644-2ed4-aa87ee903c9f" testName="TenderNeutralEarn_EnrolledGuestUser_RewardsSectionNotDispayedInOrderSubmitPage" computerName="MW00977477" duration="00:01:04.5167722" startTime="2015-12-27T15:46:18.5158640-08:00" endTime="2015-12-27T15:47:23.0395863-08:00" testType="13cdc9d9-ddb5-4fa4-a97d-d965ccfc6d4b" outcome="Failed" testListId="8c84fa94-04c1-424b-9868-57a2d4851a1d" relativeResultsDirectory="74f10605-78be-480c-9a51-c0cd74f13c9b">
      <Output>
        <DebugTrace>Page loaded succesfully with URL = https://tsecure.dev.nordstrom.com/Rewards/join.aspx
Timed out waiting for element to be visible with locator: By.Id: ctl00_backgroundOverlayProgress
Page loaded succesfully with URL = https://tsecure.dev.nordstrom.com/Rewards/join.aspx
Page loaded succesfully with URL = https://tsecure.dev.nordstrom.com/Rewards/join.aspx
Timed out waiting for element to be visible with locator: By.Id: ctl00_mainContentPlaceHolder_btnVerify
</DebugTrace>
        <ErrorInfo>
          <Message>Test method Nordstrom.Web.Test.UI.LoyaltyWeb.LoyaltyEarnTests.TenderNeutralEarn_EnrolledGuestUser_RewardsSectionNotDispayedInOrderSubmitPage threw exception: 
System.InvalidOperationException: The certificate dwtcuscs is not present in the trusted root certificate authority.</Message>
          <StackTrace>    at Nordstrom.Web.Test.UI.LoyaltyWeb.HelperExtensions.GetCertificate() in c:\LoyaltyWebTest\Web\Test\UI\LoyaltyWeb\LoyaltyWebTest\LoyaltyWebTest\HelperExtensions.cs:line 420
   at Nordstrom.Web.Test.UI.LoyaltyWeb.HelperExtensions.CallCivsAPIToGetAValidCode(String phoneNumber) in c:\LoyaltyWebTest\Web\Test\UI\LoyaltyWeb\LoyaltyWebTest\LoyaltyWebTest\HelperExtensions.cs:line 350
   at Nordstrom.Web.Test.UI.LoyaltyWeb.LoyaltyEarnTests.EnrollInWeb(UserType usertype) in c:\LoyaltyWebTest\Web\Test\UI\LoyaltyWeb\LoyaltyWebTest\LoyaltyWebTest\LoyaltyEarnTests.cs:line 245
   at Nordstrom.Web.Test.UI.LoyaltyWeb.LoyaltyEarnTests.TenderNeutralEarn_EnrolledGuestUser_RewardsSectionNotDispayedInOrderSubmitPage() in c:\LoyaltyWebTest\Web\Test\UI\LoyaltyWeb\LoyaltyWebTest\LoyaltyWebTest\LoyaltyEarnTests.cs:line 78
</StackTrace>
        </ErrorInfo>
      </Output>
    </UnitTestResult>
    <UnitTestResult executionId="7868a734-ccd2-4b7d-8d14-0417fd65edbd" testId="ab97186a-ec5a-c908-5c1d-428ddbe44d2b" testName="TenderNeutralEarn_GuestUserCannotSeeRewardsSectionInOrderSubmitPage_Successfully" computerName="MW00977477" duration="00:00:29.9683198" startTime="2015-12-27T15:47:23.0405863-08:00" endTime="2015-12-27T15:47:53.0095863-08:00" testType="13cdc9d9-ddb5-4fa4-a97d-d965ccfc6d4b" outcome="Passed" testListId="8c84fa94-04c1-424b-9868-57a2d4851a1d" relativeResultsDirectory="7868a734-ccd2-4b7d-8d14-0417fd65edbd">
      <Output>
        <DebugTrace>Element is not Valid: Exception =Could not find element by: By.Id: Checkout
Page loaded succesfully with URL = http://oabout.dev.nordstrom.com/common/Errors/n500_100.asp
Page loaded succesfully with URL = http://oabout.dev.nordstrom.com/common/Errors/n500_100.asp
Samples page not displayed. URL: http://oabout.dev.nordstrom.com/common/errors/n500_100.asp
Page loaded succesfully with URL = http://oabout.dev.nordstrom.com/common/Errors/n500_100.asp
</DebugTrace>
      </Output>
    </UnitTestResult>
    <UnitTestResult executionId="7ad9de22-2806-4e56-a8d8-e61df3f2e71c" testId="1b9e4056-ae08-6178-83f0-22316d897d12" testName="TenderNeutralEarn_RecognisedUserCanSeeRewardsSectionInOrderSubmitPageAfterSignInFromCheckout_Successfully" computerName="MW00977477" duration="00:01:14.8803462" startTime="2015-12-27T15:47:53.0125863-08:00" endTime="2015-12-27T15:49:07.8935863-08:00" testType="13cdc9d9-ddb5-4fa4-a97d-d965ccfc6d4b" outcome="Passed" testListId="8c84fa94-04c1-424b-9868-57a2d4851a1d" relativeResultsDirectory="7ad9de22-2806-4e56-a8d8-e61df3f2e71c">
      <Output>
        <DebugTrace>Page loaded succesfully with URL = https://tsecure.dev.nordstrom.com/signIn.aspx
Page loaded succesfully with URL = https://tsecure.dev.nordstrom.com/signIn.aspx
Page loaded succesfully with URL = https://tsecure.dev.nordstrom.com/signIn.aspx
Page loaded succesfully with URL = https://tsecure.dev.nordstrom.com/signIn.aspx
Timed out waiting for element to be visible with locator: By.CssSelector: #ctl00_backgroundOverlay
WaitForElementToDisappear: Given Locator did not appear after 10 seconds - but ok - locator id: By.CssSelector: #ctl00_backgroundOverlay
Timed out waiting for element to be visible with locator: By.LinkText: Sign Out
Timed out waiting for element to be visible with locator: By.LinkText: Sign Out
VerifyCreatedAccount: sign out link is not visible
CreateNordAccount: Exception occured when creating new account: exception = 'Assert.IsTrue failed. Verify a new account has been created successfully'
Element is not Valid: Exception =Could not find element by: By.Id: Checkout
Page loaded succesfully with URL = http://oabout.dev.nordstrom.com/common/Errors/n500_100.asp
Page loaded succesfully with URL = http://oabout.dev.nordstrom.com/common/Errors/n500_100.asp
Samples page not displayed. URL: http://oabout.dev.nordstrom.com/common/errors/n500_100.asp
Page loaded succesfully with URL = http://oabout.dev.nordstrom.com/common/Errors/n500_100.asp
</DebugTrace>
      </Output>
    </UnitTestResult>
    <UnitTestResult executionId="63dcf8a0-8832-4de0-8a61-9b6fa0aa6565" testId="4fc82fd8-184f-1840-0105-855fe51690c6" testName="TenderNeutralEarn_RegisteredSigningInAsGuestCanSeeRewardsSectionInOrderSubmitPage_Successfully" computerName="MW00977477" duration="00:00:48.1903559" startTime="2015-12-27T15:49:07.8965863-08:00" endTime="2015-12-27T15:49:56.0885863-08:00" testType="13cdc9d9-ddb5-4fa4-a97d-d965ccfc6d4b" outcome="Passed" testListId="8c84fa94-04c1-424b-9868-57a2d4851a1d" relativeResultsDirectory="63dcf8a0-8832-4de0-8a61-9b6fa0aa6565">
      <Output>
        <DebugTrace>Page loaded succesfully with URL = https://tsecure.dev.nordstrom.com/signIn.aspx
Page loaded succesfully with URL = https://tsecure.dev.nordstrom.com/signIn.aspx
Page loaded succesfully with URL = https://tsecure.dev.nordstrom.com/signIn.aspx
Page loaded succesfully with URL = https://tsecure.dev.nordstrom.com/signIn.aspx
Page loaded succesfully with URL = https://tsecure.dev.nordstrom.com/signIn.aspx
Timed out waiting for element to be visible with locator: By.LinkText: Sign Out
Element is not Valid: Exception =Could not find element by: By.Id: Checkout
Page loaded succesfully with URL = http://oabout.dev.nordstrom.com/common/Errors/n500_100.asp
Page loaded succesfully with URL = http://oabout.dev.nordstrom.com/common/Errors/n500_100.asp
Samples page not displayed. URL: http://oabout.dev.nordstrom.com/common/errors/n500_100.asp
Page loaded succesfully with URL = http://oabout.dev.nordstrom.com/common/Errors/n500_100.asp
</DebugTrace>
      </Output>
    </UnitTestResult>
    <UnitTestResult executionId="1dcf20ad-c4d1-46d9-8835-16aeecf56e46" testId="396e64f4-4b9f-1a79-1cda-28380d13b0bc" testName="LoyaltyLearnPage_ClickAlterationsLinkOnLearnPage_NavigatesToBenifitsPageSucessfully" computerName="MW00977477" duration="00:00:42.7233078" startTime="2015-12-27T15:49:56.0905863-08:00" endTime="2015-12-27T15:50:38.8175863-08:00" testType="13cdc9d9-ddb5-4fa4-a97d-d965ccfc6d4b" outcome="Passed" testListId="8c84fa94-04c1-424b-9868-57a2d4851a1d" relativeResultsDirectory="1dcf20ad-c4d1-46d9-8835-16aeecf56e46">
      <Output>
        <DebugTrace>Page loaded succesfully with URL = http://d.aws.loyaltyweb.dev.nordstrom.com/Rewards/
Page loaded succesfully with URL = http://d.aws.loyaltyweb.dev.nordstrom.com/Rewards/
Page loaded succesfully with URL = http://d.aws.loyaltyweb.dev.nordstrom.com/Rewards/
Page loaded succesfully with URL = http://d.aws.loyaltyweb.dev.nordstrom.com/Rewards/
Page loaded succesfully with URL = http://tshop.dev.nordstrom.com/c/rewards-benefits
</DebugTrace>
      </Output>
    </UnitTestResult>
    <UnitTestResult executionId="9f4bd044-0da6-4978-ae0d-456b6d2b421b" testId="cca0fcc7-ae32-cae3-80e1-d419dbf11c2f" testName="LoyaltyLearnPage_ClickAnniversarySaleEarlyAccessLink_RedirectToRelevantPageSuccessfully" computerName="MW00977477" duration="00:00:51.5565046" startTime="2015-12-27T15:50:38.8215863-08:00" endTime="2015-12-27T15:51:30.3835863-08:00" testType="13cdc9d9-ddb5-4fa4-a97d-d965ccfc6d4b" outcome="Passed" testListId="8c84fa94-04c1-424b-9868-57a2d4851a1d" relativeResultsDirectory="9f4bd044-0da6-4978-ae0d-456b6d2b421b">
      <Output>
        <DebugTrace>Page loaded succesfully with URL = http://d.aws.loyaltyweb.dev.nordstrom.com/Rewards/
Page loaded succesfully with URL = http://d.aws.loyaltyweb.dev.nordstrom.com/Rewards/
Page loaded succesfully with URL = http://d.aws.loyaltyweb.dev.nordstrom.com/Rewards/
Page loaded succesfully with URL = http://d.aws.loyaltyweb.dev.nordstrom.com/Rewards/
Page loaded succesfully with URL = http://tshop.dev.nordstrom.com/c/rewards-anniversary-sale-early-access
</DebugTrace>
      </Output>
    </UnitTestResult>
    <UnitTestResult executionId="30bebdff-9a06-4e30-af7a-d75508a4242d" testId="85cd42cc-a7e8-0a2a-4d93-d04e6a850a49" testName="LoyaltyLearnPage_ClickExclusiveBenefitsOnLearnPage_NavigatesToBenifitsPage" computerName="MW00977477" duration="00:00:42.0964496" startTime="2015-12-27T15:51:30.3845863-08:00" endTime="2015-12-27T15:52:12.4825863-08:00" testType="13cdc9d9-ddb5-4fa4-a97d-d965ccfc6d4b" outcome="Passed" testListId="8c84fa94-04c1-424b-9868-57a2d4851a1d" relativeResultsDirectory="30bebdff-9a06-4e30-af7a-d75508a4242d">
      <Output>
        <DebugTrace>Page loaded succesfully with URL = http://d.aws.loyaltyweb.dev.nordstrom.com/Rewards/
Page loaded succesfully with URL = http://d.aws.loyaltyweb.dev.nordstrom.com/Rewards/
Page loaded succesfully with URL = http://d.aws.loyaltyweb.dev.nordstrom.com/Rewards/
Page loaded succesfully with URL = http://d.aws.loyaltyweb.dev.nordstrom.com/Rewards/
Page loaded succesfully with URL = http://tshop.dev.nordstrom.com/c/rewards-benefits
</DebugTrace>
      </Output>
    </UnitTestResult>
    <UnitTestResult executionId="4fcc1084-23be-4305-bc6f-b76c7effb802" testId="79b567e2-f99e-8fc8-39fc-28d1643a0d21" testName="LoyaltyLearnPage_ClickGiveUsFeedbackLink_NavigatesToRelevantPageSuccessfully" computerName="MW00977477" duration="00:00:30.6314737" startTime="2015-12-27T15:52:12.4835863-08:00" endTime="2015-12-27T15:52:43.1195863-08:00" testType="13cdc9d9-ddb5-4fa4-a97d-d965ccfc6d4b" outcome="Passed" testListId="8c84fa94-04c1-424b-9868-57a2d4851a1d" relativeResultsDirectory="4fcc1084-23be-4305-bc6f-b76c7effb802">
      <Output>
        <DebugTrace>Page loaded succesfully with URL = http://d.aws.loyaltyweb.dev.nordstrom.com/Rewards/
Page loaded succesfully with URL = http://d.aws.loyaltyweb.dev.nordstrom.com/Rewards/
Page loaded succesfully with URL = http://d.aws.loyaltyweb.dev.nordstrom.com/Rewards/
Page loaded succesfully with URL = http://d.aws.loyaltyweb.dev.nordstrom.com/Rewards/
</DebugTrace>
      </Output>
    </UnitTestResult>
    <UnitTestResult executionId="04244cfa-8911-46f3-bfba-e33729d5095e" testId="b7e89f3b-eb65-20d1-c839-79102d768b48" testName="LoyaltyLearnPage_ClickOnBecomeAMemberLink_NavigatesToRelevantPageSuccessfully" computerName="MW00977477" duration="00:00:48.5229633" startTime="2015-12-27T15:52:43.1205863-08:00" endTime="2015-12-27T15:53:31.6445863-08:00" testType="13cdc9d9-ddb5-4fa4-a97d-d965ccfc6d4b" outcome="Passed" testListId="8c84fa94-04c1-424b-9868-57a2d4851a1d" relativeResultsDirectory="04244cfa-8911-46f3-bfba-e33729d5095e">
      <Output>
        <DebugTrace>Page loaded succesfully with URL = http://d.aws.loyaltyweb.dev.nordstrom.com/Rewards/
Page loaded succesfully with URL = http://d.aws.loyaltyweb.dev.nordstrom.com/Rewards/
Page loaded succesfully with URL = http://d.aws.loyaltyweb.dev.nordstrom.com/Rewards/
Page loaded succesfully with URL = http://d.aws.loyaltyweb.dev.nordstrom.com/Rewards/
Page loaded succesfully with URL = https://tsecure.dev.nordstrom.com/Rewards/Join.aspx
Page loaded succesfully with URL = https://tsecure.dev.nordstrom.com/Rewards/Join.aspx
</DebugTrace>
      </Output>
    </UnitTestResult>
    <UnitTestResult executionId="9ef74a58-98ee-45de-8571-ab9742583b1c" testId="ef8e8c46-de6b-76b6-9c0f-cdce9dce6662" testName="LoyaltyLearnPage_ClickPersonalTriplePointsDayLinkOnLearnPage_NavigatesToBenifitsPage" computerName="MW00977477" duration="00:00:31.4154856" startTime="2015-12-27T15:53:31.6465863-08:00" endTime="2015-12-27T15:54:03.0635863-08:00" testType="13cdc9d9-ddb5-4fa4-a97d-d965ccfc6d4b" outcome="Passed" testListId="8c84fa94-04c1-424b-9868-57a2d4851a1d" relativeResultsDirectory="9ef74a58-98ee-45de-8571-ab9742583b1c">
      <Output>
        <DebugTrace>Page loaded succesfully with URL = http://d.aws.loyaltyweb.dev.nordstrom.com/Rewards/
Page loaded succesfully with URL = http://d.aws.loyaltyweb.dev.nordstrom.com/Rewards/
Page loaded succesfully with URL = http://d.aws.loyaltyweb.dev.nordstrom.com/Rewards/
Page loaded succesfully with URL = http://d.aws.loyaltyweb.dev.nordstrom.com/Rewards/
Page loaded succesfully with URL = http://tshop.dev.nordstrom.com/c/rewards-benefits
</DebugTrace>
      </Output>
    </UnitTestResult>
    <UnitTestResult executionId="4025e49b-472b-414c-8514-c30236621a5f" testId="ac89fe1d-27a2-5a25-ac33-e635cfdb3c90" testName="LoyaltyLearnPage_ClickPrivacyPolicy_NavigatesToRelevantPageSuccessfully" computerName="MW00977477" duration="00:00:39.9542924" startTime="2015-12-27T15:54:03.0655863-08:00" endTime="2015-12-27T15:54:43.0225863-08:00" testType="13cdc9d9-ddb5-4fa4-a97d-d965ccfc6d4b" outcome="Passed" testListId="8c84fa94-04c1-424b-9868-57a2d4851a1d" relativeResultsDirectory="4025e49b-472b-414c-8514-c30236621a5f">
      <Output>
        <DebugTrace>Page loaded succesfully with URL = http://d.aws.loyaltyweb.dev.nordstrom.com/Rewards/
Page loaded succesfully with URL = http://d.aws.loyaltyweb.dev.nordstrom.com/Rewards/
Page loaded succesfully with URL = http://d.aws.loyaltyweb.dev.nordstrom.com/Rewards/
Page loaded succesfully with URL = http://d.aws.loyaltyweb.dev.nordstrom.com/Rewards/
Page loaded succesfully with URL = http://tshop.dev.nordstrom.com/c/nordstrom-privacy
</DebugTrace>
      </Output>
    </UnitTestResult>
    <UnitTestResult executionId="691e14c4-ff05-42d0-b567-0de6f2514277" testId="5b4f0f6b-7500-9d3a-dc13-e34405e8b22f" testName="LoyaltyLearnPage_ClickRewardsTermsAndConditionsLink_NavigatesToRelevantPageSuccessfully" computerName="MW00977477" duration="00:00:36.7051243" startTime="2015-12-27T15:54:43.0255863-08:00" endTime="2015-12-27T15:55:19.7315863-08:00" testType="13cdc9d9-ddb5-4fa4-a97d-d965ccfc6d4b" outcome="Passed" testListId="8c84fa94-04c1-424b-9868-57a2d4851a1d" relativeResultsDirectory="691e14c4-ff05-42d0-b567-0de6f2514277">
      <Output>
        <DebugTrace>Page loaded succesfully with URL = http://d.aws.loyaltyweb.dev.nordstrom.com/Rewards/
Page loaded succesfully with URL = http://d.aws.loyaltyweb.dev.nordstrom.com/Rewards/
Page loaded succesfully with URL = http://d.aws.loyaltyweb.dev.nordstrom.com/Rewards/
Page loaded succesfully with URL = http://d.aws.loyaltyweb.dev.nordstrom.com/Rewards/
Page loaded succesfully with URL = http://tshop.dev.nordstrom.com/c/rewards-terms-conditions
</DebugTrace>
      </Output>
    </UnitTestResult>
    <UnitTestResult executionId="47613db8-a664-4508-a427-eb6fe088cbb1" testId="e8313b37-cad0-8bea-af01-abb87214c79f" testName="LoyaltyLearnPage_ClickSignInLink_NavigatesToSignInPageSuccessfully" computerName="MW00977477" duration="00:00:37.4902699" startTime="2015-12-27T15:55:19.7345863-08:00" endTime="2015-12-27T15:55:57.2255863-08:00" testType="13cdc9d9-ddb5-4fa4-a97d-d965ccfc6d4b" outcome="Passed" testListId="8c84fa94-04c1-424b-9868-57a2d4851a1d" relativeResultsDirectory="47613db8-a664-4508-a427-eb6fe088cbb1">
      <Output>
        <DebugTrace>Page loaded succesfully with URL = http://d.aws.loyaltyweb.dev.nordstrom.com/Rewards/
Page loaded succesfully with URL = http://d.aws.loyaltyweb.dev.nordstrom.com/Rewards/
Page loaded succesfully with URL = http://d.aws.loyaltyweb.dev.nordstrom.com/Rewards/
Page loaded succesfully with URL = http://d.aws.loyaltyweb.dev.nordstrom.com/Rewards/
Page loaded succesfully with URL = https://tsecure.dev.nordstrom.com/SignIn.aspx
Page loaded succesfully with URL = https://tsecure.dev.nordstrom.com/SignIn.aspx
</DebugTrace>
      </Output>
    </UnitTestResult>
    <UnitTestResult executionId="6c6d1eef-2627-4c86-8509-77850ddfd186" testId="2379f2a4-5f07-a34f-3a1d-5e919cd412d7" testName="LoyaltyLearnPage_ClickVIPAccessToInstoreEventsLink_NavigateToRelevantPageSuccessfully" computerName="MW00977477" duration="00:00:34.9933007" startTime="2015-12-27T15:55:57.2275863-08:00" endTime="2015-12-27T15:56:32.2215863-08:00" testType="13cdc9d9-ddb5-4fa4-a97d-d965ccfc6d4b" outcome="Passed" testListId="8c84fa94-04c1-424b-9868-57a2d4851a1d" relativeResultsDirectory="6c6d1eef-2627-4c86-8509-77850ddfd186">
      <Output>
        <DebugTrace>Page loaded succesfully with URL = http://d.aws.loyaltyweb.dev.nordstrom.com/Rewards/
Page loaded succesfully with URL = http://d.aws.loyaltyweb.dev.nordstrom.com/Rewards/
Page loaded succesfully with URL = http://d.aws.loyaltyweb.dev.nordstrom.com/Rewards/
Page loaded succesfully with URL = http://d.aws.loyaltyweb.dev.nordstrom.com/Rewards/
Page loaded succesfully with URL = http://tshop.dev.nordstrom.com/c/rewards-vip-event-access
</DebugTrace>
      </Output>
    </UnitTestResult>
    <UnitTestResult executionId="2cb7face-1906-4cd0-9c94-5b70ffe372af" testId="5e694850-8294-57c8-4195-a3f1001f6ca7" testName="LoyaltyLearnPage_WhenTypeRightURL_ShouldRenderLearnPage" computerName="MW00977477" duration="00:00:50.6821739" startTime="2015-12-27T15:56:32.2235863-08:00" endTime="2015-12-27T15:57:22.9065863-08:00" testType="13cdc9d9-ddb5-4fa4-a97d-d965ccfc6d4b" outcome="Passed" testListId="8c84fa94-04c1-424b-9868-57a2d4851a1d" relativeResultsDirectory="2cb7face-1906-4cd0-9c94-5b70ffe372af">
      <Output>
        <DebugTrace>Page loaded succesfully with URL = http://d.aws.loyaltyweb.dev.nordstrom.com/Rewards/
Page loaded succesfully with URL = http://d.aws.loyaltyweb.dev.nordstrom.com/Rewards/
Page loaded succesfully with URL = http://d.aws.loyaltyweb.dev.nordstrom.com/Rewards/
Page loaded succesfully with URL = http://d.aws.loyaltyweb.dev.nordstrom.com/Rewards/
Page loaded succesfully with URL = https://tsecure.dev.nordstrom.com/Rewards/Join.aspx
Page loaded succesfully with URL = https://tsecure.dev.nordstrom.com/Rewards/Join.aspx
</DebugTrace>
      </Output>
    </UnitTestResult>
    <UnitTestResult executionId="54b8e6b4-7e5f-4bee-aae3-131142566c34" testId="2d317ff8-6ca3-bc10-25ad-dac6170b3fb0" testName="NavigationToLoyaltyWebPage_TenderNeutralEnrollFeatureFlagOff_UserRedirectedToHomePage" computerName="MW00977477" duration="00:00:24.6947804" startTime="2015-12-27T15:57:22.9085863-08:00" endTime="2015-12-27T15:57:47.6045863-08:00" testType="13cdc9d9-ddb5-4fa4-a97d-d965ccfc6d4b" outcome="Passed" testListId="8c84fa94-04c1-424b-9868-57a2d4851a1d" relativeResultsDirectory="54b8e6b4-7e5f-4bee-aae3-131142566c34">
    </UnitTestResult>
    <UnitTestResult executionId="d8343807-40a7-4be9-b3ef-da991cb3b3ff" testId="1898efd5-196a-37ac-00c2-cf7bfac58602" testName="NavigationToLoyaltyWebPage_TenderNeutralEnrollFeatureFlagOn_UserLandOnLoyaltyWebPageSuccessful" computerName="MW00977477" duration="00:00:35.5403416" startTime="2015-12-27T15:57:47.6075863-08:00" endTime="2015-12-27T15:58:23.1495863-08:00" testType="13cdc9d9-ddb5-4fa4-a97d-d965ccfc6d4b" outcome="Failed" testListId="8c84fa94-04c1-424b-9868-57a2d4851a1d" relativeResultsDirectory="d8343807-40a7-4be9-b3ef-da991cb3b3ff">
      <Output>
        <DebugTrace>Page loaded succesfully with URL = https://tsecure.dev.nordstrom.com/Rewards/join.aspx
Element is not Valid: Exception =Could not find element by: By.CssSelector: span[id='ctl00_mainContentPlaceHolder_cvCheckBoxRequired']
</DebugTrace>
        <ErrorInfo>
          <Message>Assert.IsFalse failed. Error shows which it is not supposed to.</Message>
          <StackTrace>   at Nordstrom.Web.Test.UI.LoyaltyWeb.LoyaltyRegisterTests.NavigationToLoyaltyWebPage_TenderNeutralEnrollFeatureFlagOn_UserLandOnLoyaltyWebPageSuccessful() in c:\LoyaltyWebTest\Web\Test\UI\LoyaltyWeb\LoyaltyWebTest\LoyaltyWebTest\LoyaltyRegisterTests.cs:line 587
</StackTrace>
        </ErrorInfo>
      </Output>
    </UnitTestResult>
    <UnitTestResult executionId="e93c9f1b-5f2a-4ae1-9dc9-03c70df9ac93" testId="9cf5e211-bf76-77a7-1a51-2660dd37747b" testName="TenderNeutralRewardsEnroll_AuthenticatedUserVerifyLinksOnThePage_LinksShouldNavigatetoCorrectUrls" computerName="MW00977477" duration="00:01:42.6128177" startTime="2015-12-27T15:58:23.1515863-08:00" endTime="2015-12-27T16:00:05.7635863-08:00" testType="13cdc9d9-ddb5-4fa4-a97d-d965ccfc6d4b" outcome="Failed" testListId="8c84fa94-04c1-424b-9868-57a2d4851a1d" relativeResultsDirectory="e93c9f1b-5f2a-4ae1-9dc9-03c70df9ac93">
      <Output>
        <DebugTrace>Page loaded succesfully with URL = https://tsecure.dev.nordstrom.com/signIn.aspx
Page loaded succesfully with URL = https://tsecure.dev.nordstrom.com/signIn.aspx
Page loaded succesfully with URL = https://tsecure.dev.nordstrom.com/signIn.aspx
Page loaded succesfully with URL = https://tsecure.dev.nordstrom.com/signIn.aspx
Timed out waiting for element Not to be visible with locator: By.CssSelector: #ctl00_backgroundOverlay
WaitForElementToDisappear: Given locator not going away after 30 seconds - locator id: By.CssSelector: #ctl00_backgroundOverlay
Timed out waiting for element to be visible with locator: By.LinkText: Sign Out
Page loaded succesfully with URL = https://tsecure.dev.nordstrom.com/Rewards/join.aspx
Timed out waiting for element to be visible with locator: By.CssSelector: a[href*='c/rewards-terms-conditions']
Terms and Conditions link is not visible</DebugTrace>
        <ErrorInfo>
          <Message>Assert.IsTrue failed. Terms and Conditions Link is not navigated to the relevant page successfully</Message>
          <StackTrace>   at Nordstrom.Web.Test.UI.LoyaltyWeb.LoyaltyRegisterTests.TenderNeutralRewardsEnroll_AuthenticatedUserVerifyLinksOnThePage_LinksShouldNavigatetoCorrectUrls() in c:\LoyaltyWebTest\Web\Test\UI\LoyaltyWeb\LoyaltyWebTest\LoyaltyWebTest\LoyaltyRegisterTests.cs:line 1068
</StackTrace>
        </ErrorInfo>
      </Output>
    </UnitTestResult>
    <UnitTestResult executionId="8b7c11d4-87e7-470f-9795-4566c1a68bd2" testId="1162438d-489e-5b8c-425b-42278f400ae0" testName="TenderNeutralRewardsEnroll_EnrollingRecognizedUser_ShouldPassInEnroll" computerName="MW00977477" duration="00:01:11.9175417" startTime="2015-12-27T16:00:05.7655863-08:00" endTime="2015-12-27T16:01:17.6825863-08:00" testType="13cdc9d9-ddb5-4fa4-a97d-d965ccfc6d4b" outcome="Failed" testListId="8c84fa94-04c1-424b-9868-57a2d4851a1d" relativeResultsDirectory="8b7c11d4-87e7-470f-9795-4566c1a68bd2">
      <Output>
        <DebugTrace>Page loaded succesfully with URL = https://tsecure.dev.nordstrom.com/signIn.aspx
Page loaded succesfully with URL = https://tsecure.dev.nordstrom.com/signIn.aspx
Page loaded succesfully with URL = https://tsecure.dev.nordstrom.com/signIn.aspx
Page loaded succesfully with URL = https://tsecure.dev.nordstrom.com/signIn.aspx
WaitForElementToDisappear: progresss indicator appeared/went away
Element is not Valid: Exception =Could not find element by: By.Id: ctl00_mainContentPlaceHolder_accountProfileForm_validatorFirstNameRequired
Element is not Valid: Exception =Could not find element by: By.Id: ctl00_mainContentPlaceHolder_signIn_validatorEmailAddressRequired
Element is not Valid: Exception =Could not find element by: By.Id: ctl00_mainContentPlaceHolder_accountProfileForm_validatorEmail2Required
Element is not Valid: Exception =Could not find element by: By.Id: ctl00_mainContentPlaceHolder_signIn_validatorPasswordRequired
Element is not Valid: Exception =Could not find element by: By.Id: ctl00_mainContentPlaceHolder_accountProfileForm_validatorGenderRequired
Page loaded succesfully with URL = https://tsecure.dev.nordstrom.com/Rewards/join.aspx
Element is not Valid: Exception =Could not find element by: By.CssSelector: span[id='ctl00_mainContentPlaceHolder_cvCheckBoxRequired']
Element is not Valid: Exception =Could not find element by: By.Id: ctl00_mainContentPlaceHolder_CreatePasswordResource
Element is not Valid: Exception =Could not find element by: By.CssSelector: span[id='ctl00_mainContentPlaceHolder_ResourceLabel17']
Element is not Valid: Exception =Could not find element by: By.CssSelector: span[id='ctl00_mainContentPlaceHolder_ResourceLabel18']
Timed out waiting for element Not to be visible with locator: By.Id: ctl00_backgroundOverlayProgress
Page loaded succesfully with URL = https://tsecure.dev.nordstrom.com/Rewards/join.aspx
Page loaded succesfully with URL = https://tsecure.dev.nordstrom.com/Rewards/join.aspx
Timed out waiting for element to be visible with locator: By.Id: ctl00_mainContentPlaceHolder_btnVerify
</DebugTrace>
        <ErrorInfo>
          <Message>Assert.IsTrue failed. Navigation to mobile verification page on clicking Join button is not successful</Message>
          <StackTrace>   at Nordstrom.Web.Test.UI.LoyaltyWeb.LoyaltyRegisterTests.TenderNeutralRewardsEnroll_EnrollingRecognizedUser_ShouldPassInEnroll() in c:\LoyaltyWebTest\Web\Test\UI\LoyaltyWeb\LoyaltyWebTest\LoyaltyWebTest\LoyaltyRegisterTests.cs:line 426
</StackTrace>
        </ErrorInfo>
      </Output>
    </UnitTestResult>
    <UnitTestResult executionId="7e7efd7d-7523-4202-b804-a4144c00c002" testId="d4e6916d-b5c3-4e34-a42a-88ee7c6ccaa9" testName="TenderNeutralRewardsEnroll_EnrollingWebAuthenticatedUser_LoyaltyWebAccountCreatedSuccessfully" computerName="MW00977477" duration="00:00:33.3850025" startTime="2015-12-27T16:01:17.6845863-08:00" endTime="2015-12-27T16:01:51.0755863-08:00" testType="13cdc9d9-ddb5-4fa4-a97d-d965ccfc6d4b" outcome="Failed" testListId="8c84fa94-04c1-424b-9868-57a2d4851a1d" relativeResultsDirectory="7e7efd7d-7523-4202-b804-a4144c00c002">
      <Output>
        <DebugTrace>Page loaded succesfully with URL = https://tsecure.dev.nordstrom.com/Rewards/join.aspx
Element is not Valid: Exception =Could not find element by: By.CssSelector: span[id='ctl00_mainContentPlaceHolder_cvCheckBoxRequired']
</DebugTrace>
        <ErrorInfo>
          <Message>Assert.IsFalse failed. Client side error occured on Loyalty Tender Neutral Enroll Page</Message>
          <StackTrace>   at Nordstrom.Web.Test.UI.LoyaltyWeb.LoyaltyRegisterTests.TenderNeutralRewardsEnroll_EnrollingWebAuthenticatedUser_LoyaltyWebAccountCreatedSuccessfully() in c:\LoyaltyWebTest\Web\Test\UI\LoyaltyWeb\LoyaltyWebTest\LoyaltyWebTest\LoyaltyRegisterTests.cs:line 397
</StackTrace>
        </ErrorInfo>
      </Output>
    </UnitTestResult>
    <UnitTestResult executionId="6179702d-0d07-4515-8b7e-2a928040dbdc" testId="d2a5ca71-63b3-74b7-abd6-f4ce50c7e642" testName="TenderNeutralRewardsEnroll_EnrollingWebGuestUserWithMoreThan16CharactersInFirstName_ThrowsError" computerName="MW00977477" duration="00:00:31.0528181" startTime="2015-12-27T16:01:51.0775863-08:00" endTime="2015-12-27T16:02:22.1335863-08:00" testType="13cdc9d9-ddb5-4fa4-a97d-d965ccfc6d4b" outcome="Passed" testListId="8c84fa94-04c1-424b-9868-57a2d4851a1d" relativeResultsDirectory="6179702d-0d07-4515-8b7e-2a928040dbdc">
      <Output>
        <DebugTrace>Page loaded succesfully with URL = https://tsecure.dev.nordstrom.com/Rewards/join.aspx
</DebugTrace>
      </Output>
    </UnitTestResult>
    <UnitTestResult executionId="e004f6df-3937-4c35-984d-bbb16f479019" testId="ed78253e-5e7b-e7fd-c865-316f069a0d67" testName="TenderNeutralRewardsEnroll_EnrollingWebGuestUserWithMoreThan16CharactersInLastName_ThrowsError" computerName="MW00977477" duration="00:00:31.9941097" startTime="2015-12-27T16:02:22.1355863-08:00" endTime="2015-12-27T16:02:54.1315863-08:00" testType="13cdc9d9-ddb5-4fa4-a97d-d965ccfc6d4b" outcome="Passed" testListId="8c84fa94-04c1-424b-9868-57a2d4851a1d" relativeResultsDirectory="e004f6df-3937-4c35-984d-bbb16f479019">
      <Output>
        <DebugTrace>Page loaded succesfully with URL = https://tsecure.dev.nordstrom.com/Rewards/join.aspx
</DebugTrace>
      </Output>
    </UnitTestResult>
    <UnitTestResult executionId="2a967d40-52a3-4d13-b439-9990c6b4ba88" testId="4d638e32-5855-1388-3e9e-cde5f0a77c27" testName="TenderNeutralRewardsEnroll_EnrollingWebGuestUserWithSpecialCharacterInFirstName_ThrowsError" computerName="MW00977477" duration="00:00:33.4422056" startTime="2015-12-27T16:02:54.1335863-08:00" endTime="2015-12-27T16:03:27.5765863-08:00" testType="13cdc9d9-ddb5-4fa4-a97d-d965ccfc6d4b" outcome="Passed" testListId="8c84fa94-04c1-424b-9868-57a2d4851a1d" relativeResultsDirectory="2a967d40-52a3-4d13-b439-9990c6b4ba88">
      <Output>
        <DebugTrace>Page loaded succesfully with URL = https://tsecure.dev.nordstrom.com/Rewards/join.aspx
</DebugTrace>
      </Output>
    </UnitTestResult>
    <UnitTestResult executionId="70237f4d-2315-4d93-87f6-9b203952c552" testId="d8d2522c-d687-f307-5915-98cd323cb3f9" testName="TenderNeutralRewardsEnroll_EnrollingWebGuestUserWithSpecialCharacterInLastName_ThrowsError" computerName="MW00977477" duration="00:00:33.0870184" startTime="2015-12-27T16:03:27.5775863-08:00" endTime="2015-12-27T16:04:00.6695863-08:00" testType="13cdc9d9-ddb5-4fa4-a97d-d965ccfc6d4b" outcome="Passed" testListId="8c84fa94-04c1-424b-9868-57a2d4851a1d" relativeResultsDirectory="70237f4d-2315-4d93-87f6-9b203952c552">
      <Output>
        <DebugTrace>Page loaded succesfully with URL = https://tsecure.dev.nordstrom.com/Rewards/join.aspx
</DebugTrace>
      </Output>
    </UnitTestResult>
    <UnitTestResult executionId="11dd3aa3-7b52-4ffb-9175-64faf864a1b5" testId="dc336b25-76b0-1ed1-8abe-705617b468be" testName="TenderNeutralRewardsEnroll_GuestUserVerifyLinksOnThePage_LinksShouldNavigatetoCorrectUrls" computerName="MW00977477" duration="00:00:45.6697409" startTime="2015-12-27T16:04:00.6705863-08:00" endTime="2015-12-27T16:04:46.3462462-08:00" testType="13cdc9d9-ddb5-4fa4-a97d-d965ccfc6d4b" outcome="Failed" testListId="8c84fa94-04c1-424b-9868-57a2d4851a1d" relativeResultsDirectory="11dd3aa3-7b52-4ffb-9175-64faf864a1b5">
      <Output>
        <DebugTrace>Page loaded succesfully with URL = https://tsecure.dev.nordstrom.com/Rewards/join.aspx
Element is not Valid: Exception =Could not find element by: By.Id: ctl00_mainContentPlaceHolder_PasswrodSubhead
Timed out waiting for element to be visible with locator: By.CssSelector: a[href*='c/rewards-terms-conditions']
Terms and Conditions link is not visible</DebugTrace>
        <ErrorInfo>
          <Message>Assert.IsTrue failed. Terms and Conditions Link is not navigated to the relevant page successfully</Message>
          <StackTrace>   at Nordstrom.Web.Test.UI.LoyaltyWeb.LoyaltyRegisterTests.TenderNeutralRewardsEnroll_GuestUserVerifyLinksOnThePage_LinksShouldNavigatetoCorrectUrls() in c:\LoyaltyWebTest\Web\Test\UI\LoyaltyWeb\LoyaltyWebTest\LoyaltyWebTest\LoyaltyRegisterTests.cs:line 1050
</StackTrace>
        </ErrorInfo>
      </Output>
    </UnitTestResult>
    <UnitTestResult executionId="beb39863-393f-473e-8efb-a14e5dd8a14e" testId="d3ba0755-91e1-30c5-315a-f25399e3023a" testName="TenderNeutralRewardsEnroll_LoyaltyTenderNeutralGuestUserConfirmPasswordField_MismatchErrorMessageDisplayedSuccessfully" computerName="MW00977477" duration="00:00:33.3861753" startTime="2015-12-27T16:04:46.3482464-08:00" endTime="2015-12-27T16:05:19.7385851-08:00" testType="13cdc9d9-ddb5-4fa4-a97d-d965ccfc6d4b" outcome="Passed" testListId="8c84fa94-04c1-424b-9868-57a2d4851a1d" relativeResultsDirectory="beb39863-393f-473e-8efb-a14e5dd8a14e">
      <Output>
        <DebugTrace>Page loaded succesfully with URL = https://tsecure.dev.nordstrom.com/Rewards/join.aspx
</DebugTrace>
      </Output>
    </UnitTestResult>
    <UnitTestResult executionId="a341094c-11f9-475e-81fc-eeed00bd56ba" testId="c9d681f3-7d2a-3b30-6a06-24588c794ac5" testName="TenderNeutralRewardsEnroll_LoyaltyTenderNeutralGuestUserEmailField_ErrorMessageDisplayedSuccessfully" computerName="MW00977477" duration="00:00:34.3886935" startTime="2015-12-27T16:05:19.7425855-08:00" endTime="2015-12-27T16:05:54.1360245-08:00" testType="13cdc9d9-ddb5-4fa4-a97d-d965ccfc6d4b" outcome="Passed" testListId="8c84fa94-04c1-424b-9868-57a2d4851a1d" relativeResultsDirectory="a341094c-11f9-475e-81fc-eeed00bd56ba">
      <Output>
        <DebugTrace>Page loaded succesfully with URL = https://tsecure.dev.nordstrom.com/Rewards/join.aspx
</DebugTrace>
      </Output>
    </UnitTestResult>
    <UnitTestResult executionId="5af19e41-514d-450f-9cd3-24b9d215d45c" testId="b6897335-ba4e-a142-6fbc-5f99f55eddfb" testName="TenderNeutralRewardsEnroll_LoyaltyTenderNeutralGuestUserInvalidPhoneNumberFieldEntry_ErrorMessageDisplayedSuccessfully" computerName="MW00977477" duration="00:00:30.9846863" startTime="2015-12-27T16:05:54.1390248-08:00" endTime="2015-12-27T16:06:25.1281234-08:00" testType="13cdc9d9-ddb5-4fa4-a97d-d965ccfc6d4b" outcome="Passed" testListId="8c84fa94-04c1-424b-9868-57a2d4851a1d" relativeResultsDirectory="5af19e41-514d-450f-9cd3-24b9d215d45c">
      <Output>
        <DebugTrace>Page loaded succesfully with URL = https://tsecure.dev.nordstrom.com/Rewards/join.aspx
</DebugTrace>
      </Output>
    </UnitTestResult>
    <UnitTestResult executionId="75cbb8cc-f027-42cc-9e8b-dcad648828b7" testId="98f3b8cc-a409-a327-2cce-f0ebee095d09" testName="TenderNeutralRewardsEnroll_LoyaltyTenderNeutralGuestUserPasswordFieldSpecialCharactersEntry_ErrorMessageDisplayedSuccessfully" computerName="MW00977477" duration="00:00:35.3273934" startTime="2015-12-27T16:06:25.1301236-08:00" endTime="2015-12-27T16:07:00.4626565-08:00" testType="13cdc9d9-ddb5-4fa4-a97d-d965ccfc6d4b" outcome="Passed" testListId="8c84fa94-04c1-424b-9868-57a2d4851a1d" relativeResultsDirectory="75cbb8cc-f027-42cc-9e8b-dcad648828b7">
      <Output>
        <DebugTrace>Page loaded succesfully with URL = https://tsecure.dev.nordstrom.com/Rewards/join.aspx
</DebugTrace>
      </Output>
    </UnitTestResult>
    <UnitTestResult executionId="92e9a677-8c83-4d13-a1f3-594246f679d9" testId="c0b34bd0-4b58-a51d-1f25-53756c16dc68" testName="TenderNeutralRewardsEnroll_LoyaltyTenderNeutralGuestUserPhoneNumberFieldSpecialCharactersEntry_ErrorMessageDisplayedSuccessfully" computerName="MW00977477" duration="00:00:32.3349863" startTime="2015-12-27T16:07:00.4636566-08:00" endTime="2015-12-27T16:07:32.8038903-08:00" testType="13cdc9d9-ddb5-4fa4-a97d-d965ccfc6d4b" outcome="Passed" testListId="8c84fa94-04c1-424b-9868-57a2d4851a1d" relativeResultsDirectory="92e9a677-8c83-4d13-a1f3-594246f679d9">
      <Output>
        <DebugTrace>Page loaded succesfully with URL = https://tsecure.dev.nordstrom.com/Rewards/join.aspx
</DebugTrace>
      </Output>
    </UnitTestResult>
    <UnitTestResult executionId="200df344-6cfa-4fd2-a9a6-efbf555e68fe" testId="f70e1f82-15d8-1be1-b2b4-b9f0d083e660" testName="TenderNeutralRewardsEnroll_LoyaltyTenderNeutralRegisteredAuthenticatedUser_EmailPrePopulationVerificationSuccessful" computerName="MW00977477" duration="00:01:05.7217089" startTime="2015-12-27T16:07:32.8058905-08:00" endTime="2015-12-27T16:08:38.5384631-08:00" testType="13cdc9d9-ddb5-4fa4-a97d-d965ccfc6d4b" outcome="Passed" testListId="8c84fa94-04c1-424b-9868-57a2d4851a1d" relativeResultsDirectory="200df344-6cfa-4fd2-a9a6-efbf555e68fe">
      <Output>
        <DebugTrace>Page loaded succesfully with URL = https://tsecure.dev.nordstrom.com/signIn.aspx
Page loaded succesfully with URL = https://tsecure.dev.nordstrom.com/signIn.aspx
Page loaded succesfully with URL = https://tsecure.dev.nordstrom.com/signIn.aspx
Page loaded succesfully with URL = https://tsecure.dev.nordstrom.com/signIn.aspx
Timed out waiting for element to be visible with locator: By.CssSelector: #ctl00_backgroundOverlay
WaitForElementToDisappear: Given Locator did not appear after 10 seconds - but ok - locator id: By.CssSelector: #ctl00_backgroundOverlay
Timed out waiting for element to be visible with locator: By.LinkText: Sign Out
Timed out waiting for element to be visible with locator: By.LinkText: Sign Out
VerifyCreatedAccount: sign out link is not visible
CreateNordAccount: Exception occured when creating new account: exception = 'Assert.IsTrue failed. Verify a new account has been created successfully'
Page loaded succesfully with URL = https://tsecure.dev.nordstrom.com/Rewards/join.aspx
</DebugTrace>
      </Output>
    </UnitTestResult>
    <UnitTestResult executionId="ccd3b6a2-ba69-4188-9266-4ee85bfbcfaa" testId="5c6e6cca-5cd4-1632-9ca1-9c14b9dbd1c4" testName="TenderNeutralRewardsEnroll_LoyaltyTenderNeutralRegisteredAuthenticatedUser_MandatoryFieldsDisplaySuccessful" computerName="MW00977477" duration="00:01:06.8535674" startTime="2015-12-27T16:08:38.5404633-08:00" endTime="2015-12-27T16:09:45.4001486-08:00" testType="13cdc9d9-ddb5-4fa4-a97d-d965ccfc6d4b" outcome="Failed" testListId="8c84fa94-04c1-424b-9868-57a2d4851a1d" relativeResultsDirectory="ccd3b6a2-ba69-4188-9266-4ee85bfbcfaa">
      <Output>
        <DebugTrace>Page loaded succesfully with URL = https://tsecure.dev.nordstrom.com/signIn.aspx
Page loaded succesfully with URL = https://tsecure.dev.nordstrom.com/signIn.aspx
Page loaded succesfully with URL = https://tsecure.dev.nordstrom.com/signIn.aspx
Page loaded succesfully with URL = https://tsecure.dev.nordstrom.com/signIn.aspx
Timed out waiting for element to be visible with locator: By.CssSelector: #ctl00_backgroundOverlay
WaitForElementToDisappear: Given Locator did not appear after 10 seconds - but ok - locator id: By.CssSelector: #ctl00_backgroundOverlay
Timed out waiting for element to be visible with locator: By.LinkText: Sign Out
Timed out waiting for element to be visible with locator: By.LinkText: Sign Out
VerifyCreatedAccount: sign out link is not visible
CreateNordAccount: Exception occured when creating new account: exception = 'Assert.IsTrue failed. Verify a new account has been created successfully'
Page loaded succesfully with URL = https://tsecure.dev.nordstrom.com/Rewards/join.aspx
</DebugTrace>
        <ErrorInfo>
          <Message>Assert.IsTrue failed. Pre- populated email field is not present on the loyalty enroll page</Message>
          <StackTrace>   at Nordstrom.Web.Test.UI.Common.PageObjects.LoyaltyRegisterPage.VerifyingMandatoryFieldsOnLoyaltyTenderNeutralRewardsPages(String decisiveparam) in c:\LoyaltyWebTest\Web\Test\UI\Common\PageObjects\LoyaltyRegisterPage.cs:line 507
   at Nordstrom.Web.Test.UI.LoyaltyWeb.LoyaltyRegisterTests.TenderNeutralRewardsEnroll_LoyaltyTenderNeutralRegisteredAuthenticatedUser_MandatoryFieldsDisplaySuccessful() in c:\LoyaltyWebTest\Web\Test\UI\LoyaltyWeb\LoyaltyWebTest\LoyaltyWebTest\LoyaltyRegisterTests.cs:line 365
</StackTrace>
        </ErrorInfo>
      </Output>
    </UnitTestResult>
    <UnitTestResult executionId="e093c8aa-a7bf-4b06-b0a9-7ace0acf4a4d" testId="12446332-be04-0a8f-d8db-23e5eb680c27" testName="TenderNeutralRewardsEnroll_LoyaltyTenderNeutralUnrecognisedUserLeaveFieldsBlank_ErrorMessageDisplayedSuccessfully" computerName="MW00977477" duration="00:00:31.0049633" startTime="2015-12-27T16:09:45.4021488-08:00" endTime="2015-12-27T16:10:16.4122495-08:00" testType="13cdc9d9-ddb5-4fa4-a97d-d965ccfc6d4b" outcome="Passed" testListId="8c84fa94-04c1-424b-9868-57a2d4851a1d" relativeResultsDirectory="e093c8aa-a7bf-4b06-b0a9-7ace0acf4a4d">
      <Output>
        <DebugTrace>Page loaded succesfully with URL = https://tsecure.dev.nordstrom.com/Rewards/join.aspx
</DebugTrace>
      </Output>
    </UnitTestResult>
    <UnitTestResult executionId="c01bb800-ab75-4951-a668-33db226d1de8" testId="eaf85329-ca0a-c954-261a-a3bcb16c9517" testName="TenderNeutralRewardsEnroll_LoyaltyTenderNeutralUnrecognisedUserLeaveFirstNameFieldBlank_ErrorMessageDisplayedSuccessfully" computerName="MW00977477" duration="00:00:36.4272965" startTime="2015-12-27T16:10:16.4132496-08:00" endTime="2015-12-27T16:10:52.8468926-08:00" testType="13cdc9d9-ddb5-4fa4-a97d-d965ccfc6d4b" outcome="Passed" testListId="8c84fa94-04c1-424b-9868-57a2d4851a1d" relativeResultsDirectory="c01bb800-ab75-4951-a668-33db226d1de8">
      <Output>
        <DebugTrace>Page loaded succesfully with URL = https://tsecure.dev.nordstrom.com/Rewards/join.aspx
</DebugTrace>
      </Output>
    </UnitTestResult>
    <UnitTestResult executionId="038861e4-2073-47e9-a979-15a8f3aa848e" testId="32087f87-3ab9-f41c-43c0-e6fe3bc56d49" testName="TenderNeutralRewardsEnroll_LoyaltyTenderNeutralUnrecognisedUserLeaveFirstNameFieldBlankTabOut_ErrorMessageDisplayedSuccessfully" computerName="MW00977477" duration="00:00:33.0811512" startTime="2015-12-27T16:10:52.8488928-08:00" endTime="2015-12-27T16:11:25.9362012-08:00" testType="13cdc9d9-ddb5-4fa4-a97d-d965ccfc6d4b" outcome="Passed" testListId="8c84fa94-04c1-424b-9868-57a2d4851a1d" relativeResultsDirectory="038861e4-2073-47e9-a979-15a8f3aa848e">
      <Output>
        <DebugTrace>Page loaded succesfully with URL = https://tsecure.dev.nordstrom.com/Rewards/join.aspx
</DebugTrace>
      </Output>
    </UnitTestResult>
    <UnitTestResult executionId="dbe4218e-7025-4710-9cbd-7553ca0a8775" testId="cf957190-74f0-1644-0567-383976a0bbbf" testName="TenderNeutralRewardsEnroll_LoyaltyTenderNeutralUnrecognisedUserLeaveLastNameFieldBlank_ErrorMessageDisplayedSuccessfully" computerName="MW00977477" duration="00:00:39.1690888" startTime="2015-12-27T16:11:25.9382014-08:00" endTime="2015-12-27T16:12:05.1131185-08:00" testType="13cdc9d9-ddb5-4fa4-a97d-d965ccfc6d4b" outcome="Passed" testListId="8c84fa94-04c1-424b-9868-57a2d4851a1d" relativeResultsDirectory="dbe4218e-7025-4710-9cbd-7553ca0a8775">
      <Output>
        <DebugTrace>Page loaded succesfully with URL = https://tsecure.dev.nordstrom.com/Rewards/join.aspx
</DebugTrace>
      </Output>
    </UnitTestResult>
    <UnitTestResult executionId="ebe941db-5db9-43c4-8e49-2eca72896113" testId="f8f31b6e-9a57-18ef-ecb2-7d1dc23e1ba3" testName="TenderNeutralRewardsEnroll_LoyaltyTenderNeutralUnrecognisedUserLeavePasswordFieldBlank_ErrorMessageDisplayedSuccessfully" computerName="MW00977477" duration="00:00:34.3582022" startTime="2015-12-27T16:12:05.1141186-08:00" endTime="2015-12-27T16:12:39.4805549-08:00" testType="13cdc9d9-ddb5-4fa4-a97d-d965ccfc6d4b" outcome="Passed" testListId="8c84fa94-04c1-424b-9868-57a2d4851a1d" relativeResultsDirectory="ebe941db-5db9-43c4-8e49-2eca72896113">
      <Output>
        <DebugTrace>Page loaded succesfully with URL = https://tsecure.dev.nordstrom.com/Rewards/join.aspx
</DebugTrace>
      </Output>
    </UnitTestResult>
    <UnitTestResult executionId="d7cf5be6-6ae3-41e4-a5f3-17d0d1934aed" testId="2c5acb84-e512-ccac-4b8b-8ea6b0d3920c" testName="TenderNeutralRewardsEnroll_LoyaltyTenderNeutralUnrecognisedUserLeavePhoneNumberFieldBlank_ErrorMessageDisplayedSuccessfully" computerName="MW00977477" duration="00:00:35.1596112" startTime="2015-12-27T16:12:39.4815550-08:00" endTime="2015-12-27T16:13:14.6460711-08:00" testType="13cdc9d9-ddb5-4fa4-a97d-d965ccfc6d4b" outcome="Passed" testListId="8c84fa94-04c1-424b-9868-57a2d4851a1d" relativeResultsDirectory="d7cf5be6-6ae3-41e4-a5f3-17d0d1934aed">
      <Output>
        <DebugTrace>Page loaded succesfully with URL = https://tsecure.dev.nordstrom.com/Rewards/join.aspx
</DebugTrace>
      </Output>
    </UnitTestResult>
    <UnitTestResult executionId="7884b607-aa89-4a31-bf45-995c7d59b22c" testId="3328ea28-7cd9-8126-b497-abe963133f32" testName="TenderNeutralRewardsEnroll_LoyaltyTNAuthenticatedUserLeaveFieldsBlank_ErrorMessageDisplayedSuccessfully" computerName="MW00977477" duration="00:00:54.7666527" startTime="2015-12-27T16:13:14.6480713-08:00" endTime="2015-12-27T16:14:09.4215481-08:00" testType="13cdc9d9-ddb5-4fa4-a97d-d965ccfc6d4b" outcome="Passed" testListId="8c84fa94-04c1-424b-9868-57a2d4851a1d" relativeResultsDirectory="7884b607-aa89-4a31-bf45-995c7d59b22c">
      <Output>
        <DebugTrace>Page loaded succesfully with URL = https://tsecure.dev.nordstrom.com/signIn.aspx
Page loaded succesfully with URL = https://tsecure.dev.nordstrom.com/signIn.aspx
Page loaded succesfully with URL = https://tsecure.dev.nordstrom.com/signIn.aspx
Page loaded succesfully with URL = https://tsecure.dev.nordstrom.com/signIn.aspx
Timed out waiting for element to be visible with locator: By.CssSelector: #ctl00_backgroundOverlay
WaitForElementToDisappear: Given Locator did not appear after 10 seconds - but ok - locator id: By.CssSelector: #ctl00_backgroundOverlay
Timed out waiting for element to be visible with locator: By.LinkText: Sign Out
VerifyCreatedAccount: some kind of client Error is visible
CreateNordAccount: Exception occured when creating new account: exception = 'Assert.IsTrue failed. Verify a new account has been created successfully'
Page loaded succesfully with URL = https://tsecure.dev.nordstrom.com/Rewards/join.aspx
</DebugTrace>
      </Output>
    </UnitTestResult>
    <UnitTestResult executionId="1f5764ce-99e3-4b71-9808-64d40d72913c" testId="f10986fe-03bc-a93b-c860-23e4c247fc73" testName="TenderNeutralRewardsEnroll_LoyaltyTNGuestUser_ErrorMessageVanishesOnValidEntry" computerName="MW00977477" duration="00:00:51.9655129" startTime="2015-12-27T16:14:09.4265486-08:00" endTime="2015-12-27T16:15:01.3977452-08:00" testType="13cdc9d9-ddb5-4fa4-a97d-d965ccfc6d4b" outcome="Failed" testListId="8c84fa94-04c1-424b-9868-57a2d4851a1d" relativeResultsDirectory="1f5764ce-99e3-4b71-9808-64d40d72913c">
      <Output>
        <DebugTrace>Page loaded succesfully with URL = https://tsecure.dev.nordstrom.com/Rewards/join.aspx
Timed out waiting for element to be visible with locator: By.Id: ctl00_backgroundOverlayProgress
Page loaded succesfully with URL = https://tsecure.dev.nordstrom.com/Rewards/join.aspx
Page loaded succesfully with URL = https://tsecure.dev.nordstrom.com/Rewards/join.aspx
Timed out waiting for element to be visible with locator: By.Id: ctl00_mainContentPlaceHolder_btnVerify
</DebugTrace>
        <ErrorInfo>
          <Message>Assert.IsFalse failed. Client side error occured on Loyalty Tender Neutral Enroll Page</Message>
          <StackTrace>   at Nordstrom.Web.Test.UI.LoyaltyWeb.LoyaltyRegisterTests.TenderNeutralRewardsEnroll_LoyaltyTNGuestUser_ErrorMessageVanishesOnValidEntry() in c:\LoyaltyWebTest\Web\Test\UI\LoyaltyWeb\LoyaltyWebTest\LoyaltyWebTest\LoyaltyRegisterTests.cs:line 638
</StackTrace>
        </ErrorInfo>
      </Output>
    </UnitTestResult>
    <UnitTestResult executionId="6be50b9d-daf5-432f-880d-77ef4b483b55" testId="62822ede-d7ae-a303-deb5-5de2d01d3518" testName="TenderNeutralRewardsEnroll_LoyaltyTNRecognisedUserLeaveFieldsBlank_ErrorMessageDisplayedSuccessfully" computerName="MW00977477" duration="00:00:56.8884562" startTime="2015-12-27T16:15:01.4007455-08:00" endTime="2015-12-27T16:15:58.2964345-08:00" testType="13cdc9d9-ddb5-4fa4-a97d-d965ccfc6d4b" outcome="Passed" testListId="8c84fa94-04c1-424b-9868-57a2d4851a1d" relativeResultsDirectory="6be50b9d-daf5-432f-880d-77ef4b483b55">
      <Output>
        <DebugTrace>Page loaded succesfully with URL = https://tsecure.dev.nordstrom.com/signIn.aspx
Page loaded succesfully with URL = https://tsecure.dev.nordstrom.com/signIn.aspx
Page loaded succesfully with URL = https://tsecure.dev.nordstrom.com/signIn.aspx
Page loaded succesfully with URL = https://tsecure.dev.nordstrom.com/signIn.aspx
Timed out waiting for element to be visible with locator: By.CssSelector: #ctl00_backgroundOverlay
WaitForElementToDisappear: Given Locator did not appear after 10 seconds - but ok - locator id: By.CssSelector: #ctl00_backgroundOverlay
Timed out waiting for element to be visible with locator: By.LinkText: Sign Out
VerifyCreatedAccount: some kind of client Error is visible
CreateNordAccount: Exception occured when creating new account: exception = 'Assert.IsTrue failed. Verify a new account has been created successfully'
Page loaded succesfully with URL = https://tsecure.dev.nordstrom.com/Rewards/join.aspx
</DebugTrace>
      </Output>
    </UnitTestResult>
    <UnitTestResult executionId="8fa9fa8b-d6fd-46f6-a580-5d176742d604" testId="d4223cb2-795f-acc3-97c9-3a959ae1fbec" testName="TenderNeutralRewardsEnroll_MarketingPreferenceForAuthenticatedUser_MarketingPreferenceNotDisplayed" computerName="MW00977477" duration="00:00:56.8451517" startTime="2015-12-27T16:15:58.2974346-08:00" endTime="2015-12-27T16:16:55.1491192-08:00" testType="13cdc9d9-ddb5-4fa4-a97d-d965ccfc6d4b" outcome="Failed" testListId="8c84fa94-04c1-424b-9868-57a2d4851a1d" relativeResultsDirectory="8fa9fa8b-d6fd-46f6-a580-5d176742d604">
      <Output>
        <DebugTrace>Page loaded succesfully with URL = https://tsecure.dev.nordstrom.com/signIn.aspx
Page loaded succesfully with URL = https://tsecure.dev.nordstrom.com/signIn.aspx
Page loaded succesfully with URL = https://tsecure.dev.nordstrom.com/signIn.aspx
Page loaded succesfully with URL = https://tsecure.dev.nordstrom.com/signIn.aspx
Timed out waiting for element to be visible with locator: By.CssSelector: #ctl00_backgroundOverlay
WaitForElementToDisappear: Given Locator did not appear after 10 seconds - but ok - locator id: By.CssSelector: #ctl00_backgroundOverlay
Timed out waiting for element to be visible with locator: By.LinkText: Sign Out
VerifyCreatedAccount: some kind of client Error is visible
CreateNordAccount: Exception occured when creating new account: exception = 'Assert.IsTrue failed. Verify a new account has been created successfully'
Page loaded succesfully with URL = https://tsecure.dev.nordstrom.com/Rewards/join.aspx
</DebugTrace>
        <ErrorInfo>
          <Message>Assert.IsTrue failed. Marketing Preference is displayed on Loyalty enroll page for a registered, authenticated user </Message>
          <StackTrace>   at Nordstrom.Web.Test.UI.LoyaltyWeb.LoyaltyRegisterTests.TenderNeutralRewardsEnroll_MarketingPreferenceForAuthenticatedUser_MarketingPreferenceNotDisplayed() in c:\LoyaltyWebTest\Web\Test\UI\LoyaltyWeb\LoyaltyWebTest\LoyaltyWebTest\LoyaltyRegisterTests.cs:line 447
</StackTrace>
        </ErrorInfo>
      </Output>
    </UnitTestResult>
    <UnitTestResult executionId="224e1e76-2a64-40ee-91fa-27e5eb8e47d5" testId="01347002-569a-eb94-de92-c8249c2837bc" testName="TenderNeutralRewardsEnroll_MarketingPreferenceForRecognizedUser_MarketingPreferenceNotDisplayed" computerName="MW00977477" duration="00:01:02.2777761" startTime="2015-12-27T16:16:55.1501193-08:00" endTime="2015-12-27T16:17:57.4363473-08:00" testType="13cdc9d9-ddb5-4fa4-a97d-d965ccfc6d4b" outcome="Failed" testListId="8c84fa94-04c1-424b-9868-57a2d4851a1d" relativeResultsDirectory="224e1e76-2a64-40ee-91fa-27e5eb8e47d5">
      <Output>
        <DebugTrace>Page loaded succesfully with URL = http://tshop.dev.nordstrom.com/
Page loaded succesfully with URL = https://tsecure.dev.nordstrom.com/signIn.aspx
Page loaded succesfully with URL = https://tsecure.dev.nordstrom.com/signIn.aspx
Page loaded succesfully with URL = https://tsecure.dev.nordstrom.com/signIn.aspx
Page loaded succesfully with URL = https://tsecure.dev.nordstrom.com/signIn.aspx
Timed out waiting for element to be visible with locator: By.CssSelector: #ctl00_backgroundOverlay
WaitForElementToDisappear: Given Locator did not appear after 10 seconds - but ok - locator id: By.CssSelector: #ctl00_backgroundOverlay
Timed out waiting for element to be visible with locator: By.LinkText: Sign Out
VerifyCreatedAccount: some kind of client Error is visible
CreateNordAccount: Exception occured when creating new account: exception = 'Assert.IsTrue failed. Verify a new account has been created successfully'
Page loaded succesfully with URL = https://tsecure.dev.nordstrom.com/Rewards/join.aspx
</DebugTrace>
        <ErrorInfo>
          <Message>Assert.IsTrue failed. Marketing Preference is displayed on Loyalty register page for a recognized user</Message>
          <StackTrace>   at Nordstrom.Web.Test.UI.LoyaltyWeb.LoyaltyRegisterTests.TenderNeutralRewardsEnroll_MarketingPreferenceForRecognizedUser_MarketingPreferenceNotDisplayed() in c:\LoyaltyWebTest\Web\Test\UI\LoyaltyWeb\LoyaltyWebTest\LoyaltyWebTest\LoyaltyRegisterTests.cs:line 469
</StackTrace>
        </ErrorInfo>
      </Output>
    </UnitTestResult>
    <UnitTestResult executionId="958aee2f-6caa-4e54-8777-b77d80e6f6e8" testId="62c23b49-01d5-ec14-64fa-60b14f5b3266" testName="TenderNeutralRewardsEnroll_MultipleUserScenariosBasic_EnrollShouldBeSucceedInTheEnd" computerName="MW00977477" duration="00:01:39.1735439" startTime="2015-12-27T16:17:57.4383475-08:00" endTime="2015-12-27T16:19:36.6202647-08:00" testType="13cdc9d9-ddb5-4fa4-a97d-d965ccfc6d4b" outcome="Failed" testListId="8c84fa94-04c1-424b-9868-57a2d4851a1d" relativeResultsDirectory="958aee2f-6caa-4e54-8777-b77d80e6f6e8">
      <Output>
        <DebugTrace>Page loaded succesfully with URL = https://tsecure.dev.nordstrom.com/signIn.aspx
Page loaded succesfully with URL = https://tsecure.dev.nordstrom.com/signIn.aspx
Page loaded succesfully with URL = https://tsecure.dev.nordstrom.com/signIn.aspx
Page loaded succesfully with URL = https://tsecure.dev.nordstrom.com/signIn.aspx
Timed out waiting for element to be visible with locator: By.CssSelector: #ctl00_backgroundOverlay
WaitForElementToDisappear: Given Locator did not appear after 10 seconds - but ok - locator id: By.CssSelector: #ctl00_backgroundOverlay
Timed out waiting for element to be visible with locator: By.LinkText: Sign Out
VerifyCreatedAccount: some kind of client Error is visible
CreateNordAccount: Exception occured when creating new account: exception = 'Assert.IsTrue failed. Verify a new account has been created successfully'
Page loaded succesfully with URL = https://tsecure.dev.nordstrom.com/Rewards/join.aspx
Timed out waiting for element to be visible with locator: By.Id: ctl00_backgroundOverlayProgress
Page loaded succesfully with URL = https://tsecure.dev.nordstrom.com/Rewards/join.aspx
Page loaded succesfully with URL = https://tsecure.dev.nordstrom.com/Rewards/join.aspx
Timed out waiting for element to be visible with locator: By.Id: ctl00_mainContentPlaceHolder_btnVerify
Element Not found with the given locator (By.LinkText: Sign Out)
Element not found with given locator By.LinkText: Sign Out
Element Not found with the given locator (By.LinkText: Not You?)
Element not found with given locator By.LinkText: Not You?
Page loaded succesfully with URL = https://tsecure.dev.nordstrom.com/Rewards/join.aspx
Page loaded succesfully with URL = https://tsecure.dev.nordstrom.com/Rewards/join.aspx
Timed out waiting for element to be visible with locator: By.Id: subMessageHeader
</DebugTrace>
        <ErrorInfo>
          <Message>Test method Nordstrom.Web.Test.UI.LoyaltyWeb.LoyaltyRegisterTests.TenderNeutralRewardsEnroll_MultipleUserScenariosBasic_EnrollShouldBeSucceedInTheEnd threw exception: 
OpenQA.Selenium.NoSuchElementException: Could not find element by: By.Id: subMessageHeader</Message>
          <StackTrace>    at OpenQA.Selenium.Support.PageObjects.DefaultElementLocator.LocateElement(IEnumerable`1 bys)
   at OpenQA.Selenium.Support.PageObjects.WebElementProxy.get_Element()
   at OpenQA.Selenium.Support.PageObjects.WebElementProxy.Invoke(IMessage msg)
   at System.Runtime.Remoting.Proxies.RealProxy.PrivateInvoke(MessageData&amp; msgData, Int32 type)
   at OpenQA.Selenium.IWebElement.get_Text()
   at Nordstrom.Web.Test.UI.Common.PageObjects.LoyaltyRegisterPage.VerifyExistingEnrollUserGotRightMessageWhenEnrollAgain() in c:\LoyaltyWebTest\Web\Test\UI\Common\PageObjects\LoyaltyRegisterPage.cs:line 906
   at Nordstrom.Web.Test.UI.LoyaltyWeb.LoyaltyRegisterTests.TenderNeutralRewardsEnroll_MultipleUserScenariosBasic_EnrollShouldBeSucceedInTheEnd() in c:\LoyaltyWebTest\Web\Test\UI\LoyaltyWeb\LoyaltyWebTest\LoyaltyWebTest\LoyaltyRegisterTests.cs:line 1030
</StackTrace>
        </ErrorInfo>
      </Output>
    </UnitTestResult>
    <UnitTestResult executionId="a5b31c37-a3b2-4d0b-959c-3df0353c3d11" testId="e870b60f-b9cd-9456-770e-be1a0622deb5" testName="TenderNeutralRewardsEnroll_RecognizedUserVerifyLinksOnThePage_LinksShouldNavigatetoCorrectUrls" computerName="MW00977477" duration="00:01:08.5759913" startTime="2015-12-27T16:19:36.6222649-08:00" endTime="2015-12-27T16:20:45.2051225-08:00" testType="13cdc9d9-ddb5-4fa4-a97d-d965ccfc6d4b" outcome="Failed" testListId="8c84fa94-04c1-424b-9868-57a2d4851a1d" relativeResultsDirectory="a5b31c37-a3b2-4d0b-959c-3df0353c3d11">
      <Output>
        <DebugTrace>Page loaded succesfully with URL = https://tsecure.dev.nordstrom.com/signIn.aspx
Page loaded succesfully with URL = https://tsecure.dev.nordstrom.com/signIn.aspx
Page loaded succesfully with URL = https://tsecure.dev.nordstrom.com/signIn.aspx
Page loaded succesfully with URL = https://tsecure.dev.nordstrom.com/signIn.aspx
Timed out waiting for element to be visible with locator: By.CssSelector: #ctl00_backgroundOverlay
WaitForElementToDisappear: Given Locator did not appear after 10 seconds - but ok - locator id: By.CssSelector: #ctl00_backgroundOverlay
Timed out waiting for element to be visible with locator: By.LinkText: Sign Out
VerifyCreatedAccount: some kind of client Error is visible
CreateNordAccount: Exception occured when creating new account: exception = 'Assert.IsTrue failed. Verify a new account has been created successfully'
Page loaded succesfully with URL = https://tsecure.dev.nordstrom.com/Rewards/join.aspx
Timed out waiting for element to be visible with locator: By.CssSelector: a[href*='c/rewards-terms-conditions']
Terms and Conditions link is not visible</DebugTrace>
        <ErrorInfo>
          <Message>Assert.IsTrue failed. Terms and Conditions Link is not navigated to the relevant page successfully</Message>
          <StackTrace>   at Nordstrom.Web.Test.UI.LoyaltyWeb.LoyaltyRegisterTests.TenderNeutralRewardsEnroll_RecognizedUserVerifyLinksOnThePage_LinksShouldNavigatetoCorrectUrls() in c:\LoyaltyWebTest\Web\Test\UI\LoyaltyWeb\LoyaltyWebTest\LoyaltyWebTest\LoyaltyRegisterTests.cs:line 1086
</StackTrace>
        </ErrorInfo>
      </Output>
    </UnitTestResult>
    <UnitTestResult executionId="1d320d4f-8a16-42a7-9e5d-cdbdf17cb627" testId="b9382f39-7336-6f35-11b0-2a8908162fac" testName="TenderNeutralRewardsRegister_GuestUserEnrollAsExistingAccountWhenHaveNoExistingWebAccount_ShouldFailInEnroll" computerName="MW00977477" duration="00:01:11.6747735" startTime="2015-12-27T16:20:45.2071227-08:00" endTime="2015-12-27T16:21:56.8839762-08:00" testType="13cdc9d9-ddb5-4fa4-a97d-d965ccfc6d4b" outcome="Failed" testListId="8c84fa94-04c1-424b-9868-57a2d4851a1d" relativeResultsDirectory="1d320d4f-8a16-42a7-9e5d-cdbdf17cb627">
      <Output>
        <DebugTrace>Page loaded succesfully with URL = https://tsecure.dev.nordstrom.com/signIn.aspx
Page loaded succesfully with URL = https://tsecure.dev.nordstrom.com/signIn.aspx
Page loaded succesfully with URL = https://tsecure.dev.nordstrom.com/signIn.aspx
Page loaded succesfully with URL = https://tsecure.dev.nordstrom.com/signIn.aspx
Timed out waiting for element to be visible with locator: By.CssSelector: #ctl00_backgroundOverlay
WaitForElementToDisappear: Given Locator did not appear after 10 seconds - but ok - locator id: By.CssSelector: #ctl00_backgroundOverlay
Timed out waiting for element to be visible with locator: By.LinkText: Sign Out
Timed out waiting for element to be visible with locator: By.LinkText: Sign Out
VerifyCreatedAccount: sign out link is not visible
CreateNordAccount: Exception occured when creating new account: exception = 'Assert.IsTrue failed. Verify a new account has been created successfully'
Element Not found with the given locator (By.LinkText: Sign Out)
Element not found with given locator By.LinkText: Sign Out
Element Not found with the given locator (By.LinkText: Not You?)
Element not found with given locator By.LinkText: Not You?
Page loaded succesfully with URL = https://tsecure.dev.nordstrom.com/signIn.aspx
Page loaded succesfully with URL = https://tsecure.dev.nordstrom.com/Rewards/join.aspx
</DebugTrace>
        <ErrorInfo>
          <Message>Assert.IsFalse failed. Success Message for loyalty Account creation for a new customer is not displayed.</Message>
          <StackTrace>   at Nordstrom.Web.Test.UI.LoyaltyWeb.LoyaltyRegisterTests.TenderNeutralRewardsRegister_GuestUserEnrollAsExistingAccountWhenHaveNoExistingWebAccount_ShouldFailInEnroll() in c:\LoyaltyWebTest\Web\Test\UI\LoyaltyWeb\LoyaltyWebTest\LoyaltyWebTest\LoyaltyRegisterTests.cs:line 287
</StackTrace>
        </ErrorInfo>
      </Output>
    </UnitTestResult>
    <UnitTestResult executionId="cd6caa3b-6bf8-4449-94d0-b2ce30863352" testId="0d9db47e-d139-26d1-245c-06168dee7980" testName="TenderNeutralRewardsRegister_GuestUserEnrollsWithExistingWebAccount_ShouldFailInEnroll" computerName="MW00977477" duration="00:01:19.9961639" startTime="2015-12-27T16:21:56.8869762-08:00" endTime="2015-12-27T16:23:16.8829762-08:00" testType="13cdc9d9-ddb5-4fa4-a97d-d965ccfc6d4b" outcome="Failed" testListId="8c84fa94-04c1-424b-9868-57a2d4851a1d" relativeResultsDirectory="cd6caa3b-6bf8-4449-94d0-b2ce30863352">
      <Output>
        <DebugTrace>Page loaded succesfully with URL = https://tsecure.dev.nordstrom.com/signIn.aspx
Page loaded succesfully with URL = https://tsecure.dev.nordstrom.com/signIn.aspx
Page loaded succesfully with URL = https://tsecure.dev.nordstrom.com/signIn.aspx
Page loaded succesfully with URL = https://tsecure.dev.nordstrom.com/signIn.aspx
Timed out waiting for element to be visible with locator: By.CssSelector: #ctl00_backgroundOverlay
WaitForElementToDisappear: Given Locator did not appear after 10 seconds - but ok - locator id: By.CssSelector: #ctl00_backgroundOverlay
Timed out waiting for element to be visible with locator: By.LinkText: Sign Out
Timed out waiting for element to be visible with locator: By.LinkText: Sign Out
VerifyCreatedAccount: sign out link is not visible
CreateNordAccount: Exception occured when creating new account: exception = 'Assert.IsTrue failed. Verify a new account has been created successfully'
Element Not found with the given locator (By.LinkText: Sign Out)
Element not found with given locator By.LinkText: Sign Out
Element Not found with the given locator (By.LinkText: Not You?)
Element not found with given locator By.LinkText: Not You?
Page loaded succesfully with URL = https://tsecure.dev.nordstrom.com/signIn.aspx
Page loaded succesfully with URL = https://tsecure.dev.nordstrom.com/Rewards/join.aspx
Timed out waiting for element to be visible with locator: By.Id: ctl00_mainContentPlaceHolder_lblEmailErrorMessage
</DebugTrace>
        <ErrorInfo>
          <Message>Test method Nordstrom.Web.Test.UI.LoyaltyWeb.LoyaltyRegisterTests.TenderNeutralRewardsRegister_GuestUserEnrollsWithExistingWebAccount_ShouldFailInEnroll threw exception: 
OpenQA.Selenium.NoSuchElementException: Could not find element by: By.Id: ctl00_mainContentPlaceHolder_lblEmailErrorMessage</Message>
          <StackTrace>    at OpenQA.Selenium.Support.PageObjects.DefaultElementLocator.LocateElement(IEnumerable`1 bys)
   at OpenQA.Selenium.Support.PageObjects.WebElementProxy.get_Element()
   at OpenQA.Selenium.Support.PageObjects.WebElementProxy.Invoke(IMessage msg)
   at System.Runtime.Remoting.Proxies.RealProxy.PrivateInvoke(MessageData&amp; msgData, Int32 type)
   at OpenQA.Selenium.IWebElement.get_Text()
   at Nordstrom.Web.Test.UI.Common.PageObjects.LoyaltyRegisterPage.VerifyEnrollPageAlreadyExistingWebAccount() in c:\LoyaltyWebTest\Web\Test\UI\Common\PageObjects\LoyaltyRegisterPage.cs:line 700
   at Nordstrom.Web.Test.UI.LoyaltyWeb.LoyaltyRegisterTests.TenderNeutralRewardsRegister_GuestUserEnrollsWithExistingWebAccount_ShouldFailInEnroll() in c:\LoyaltyWebTest\Web\Test\UI\LoyaltyWeb\LoyaltyWebTest\LoyaltyWebTest\LoyaltyRegisterTests.cs:line 229
</StackTrace>
        </ErrorInfo>
      </Output>
    </UnitTestResult>
    <UnitTestResult executionId="d1bf8b8b-40e1-4a42-be18-9e1b74a5034b" testId="8f46b4dc-24ba-0a98-6e75-5962fc8b7e13" testName="TenderNeutralRewardsRegister_GuestUserEnrollWhenEmailPreferenceCheckboxUnchecked_ShouldFailEnroll" computerName="MW00977477" duration="00:00:56.1011241" startTime="2015-12-27T16:23:16.8839762-08:00" endTime="2015-12-27T16:24:12.9879762-08:00" testType="13cdc9d9-ddb5-4fa4-a97d-d965ccfc6d4b" outcome="Passed" testListId="8c84fa94-04c1-424b-9868-57a2d4851a1d" relativeResultsDirectory="d1bf8b8b-40e1-4a42-be18-9e1b74a5034b">
      <Output>
        <DebugTrace>Page loaded succesfully with URL = https://tsecure.dev.nordstrom.com/Rewards/join.aspx
Timed out waiting for element to be visible with locator: By.Id: ctl00_backgroundOverlayProgress
Page loaded succesfully with URL = https://tsecure.dev.nordstrom.com/Rewards/join.aspx
Page loaded succesfully with URL = https://tsecure.dev.nordstrom.com/Rewards/join.aspx
Timed out waiting for element to be visible with locator: By.Id: ctl00_mainContentPlaceHolder_btnVerify
</DebugTrace>
      </Output>
    </UnitTestResult>
    <UnitTestResult executionId="8d686be8-0ae6-4111-9927-bbb16728e54a" testId="a6eb5918-3ab1-9078-7b27-8e40be1748bf" testName="TenderNeutralRewardsRegister_GuestUserEnrollWithExistingEmailButDifferentPhoneNumberInTheLoyaltyProgram_ShouldFailInEnroll" computerName="MW00977477" duration="00:01:05.6389728" startTime="2015-12-27T16:24:12.9889762-08:00" endTime="2015-12-27T16:25:18.6299762-08:00" testType="13cdc9d9-ddb5-4fa4-a97d-d965ccfc6d4b" outcome="Inconclusive" testListId="8c84fa94-04c1-424b-9868-57a2d4851a1d" relativeResultsDirectory="8d686be8-0ae6-4111-9927-bbb16728e54a">
      <Output>
        <DebugTrace>Page loaded succesfully with URL = https://tsecure.dev.nordstrom.com/Rewards/join.aspx
Timed out waiting for element to be visible with locator: By.Id: ctl00_backgroundOverlayProgress
Page loaded succesfully with URL = https://tsecure.dev.nordstrom.com/Rewards/join.aspx
Page loaded succesfully with URL = https://tsecure.dev.nordstrom.com/Rewards/join.aspx
Timed out waiting for element to be visible with locator: By.Id: ctl00_mainContentPlaceHolder_btnVerify
Element Not found with the given locator (By.LinkText: Sign Out)
Element not found with given locator By.LinkText: Sign Out
Element Not found with the given locator (By.LinkText: Not You?)
Element not found with given locator By.LinkText: Not You?
Page loaded succesfully with URL = https://tsecure.dev.nordstrom.com/Rewards/join.aspx
Page loaded succesfully with URL = https://tsecure.dev.nordstrom.com/Rewards/join.aspx
</DebugTrace>
        <ErrorInfo>
          <Message>Assert.Inconclusive failed. Page could not loaded with right css so could not continue with the tests.</Message>
          <StackTrace>   at Nordstrom.Web.Test.UI.LoyaltyWeb.LoyaltyRegisterTests.TenderNeutralRewardsRegister_GuestUserEnrollWithExistingEmailButDifferentPhoneNumberInTheLoyaltyProgram_ShouldFailInEnroll() in c:\LoyaltyWebTest\Web\Test\UI\LoyaltyWeb\LoyaltyWebTest\LoyaltyWebTest\LoyaltyRegisterTests.cs:line 92
</StackTrace>
        </ErrorInfo>
      </Output>
    </UnitTestResult>
    <UnitTestResult executionId="4e011f68-ef6a-495d-8650-a524fffeb826" testId="16b9e740-57f9-b3e8-d3d8-86b65bd85034" testName="TenderNeutralRewardsRegister_GuestUserEnrollWithExistingPhoneAndEmailinEnrollProgram_ShouldFailInEnroll" computerName="MW00977477" duration="00:01:00.1428080" startTime="2015-12-27T16:25:18.6339762-08:00" endTime="2015-12-27T16:26:18.7779762-08:00" testType="13cdc9d9-ddb5-4fa4-a97d-d965ccfc6d4b" outcome="Inconclusive" testListId="8c84fa94-04c1-424b-9868-57a2d4851a1d" relativeResultsDirectory="4e011f68-ef6a-495d-8650-a524fffeb826">
      <Output>
        <DebugTrace>Page loaded succesfully with URL = https://tsecure.dev.nordstrom.com/Rewards/join.aspx
Timed out waiting for element to be visible with locator: By.Id: ctl00_backgroundOverlayProgress
Page loaded succesfully with URL = https://tsecure.dev.nordstrom.com/Rewards/join.aspx
Page loaded succesfully with URL = https://tsecure.dev.nordstrom.com/Rewards/join.aspx
Timed out waiting for element to be visible with locator: By.Id: ctl00_mainContentPlaceHolder_btnVerify
Element Not found with the given locator (By.LinkText: Sign Out)
Element not found with given locator By.LinkText: Sign Out
Element Not found with the given locator (By.LinkText: Not You?)
Element not found with given locator By.LinkText: Not You?
Page loaded succesfully with URL = https://tsecure.dev.nordstrom.com/Rewards/join.aspx
Element Not found with the given locator (By.LinkText: Sign Out)
Element not found with given locator By.LinkText: Sign Out
Element Not found with the given locator (By.LinkText: Not You?)
Element not found with given locator By.LinkText: Not You?
Page loaded succesfully with URL = https://tsecure.dev.nordstrom.com/Rewards/join.aspx
Page loaded succesfully with URL = https://tsecure.dev.nordstrom.com/Rewards/join.aspx
</DebugTrace>
        <ErrorInfo>
          <Message>Assert.Inconclusive failed. Page could not loaded with right css so could not continue with the tests.</Message>
          <StackTrace>   at Nordstrom.Web.Test.UI.LoyaltyWeb.LoyaltyRegisterTests.TenderNeutralRewardsRegister_GuestUserEnrollWithExistingPhoneAndEmailinEnrollProgram_ShouldFailInEnroll() in c:\LoyaltyWebTest\Web\Test\UI\LoyaltyWeb\LoyaltyWebTest\LoyaltyWebTest\LoyaltyRegisterTests.cs:line 134
</StackTrace>
        </ErrorInfo>
      </Output>
    </UnitTestResult>
    <UnitTestResult executionId="eaecfd0e-2b21-4dc3-8539-f218e8d4a956" testId="156ad963-ef4e-d174-5b3c-8f7b12cb6828" testName="TenderNeutralRewardsRegister_GuestUserEnrollWithExistingPhoneButDifferentEmailinEnrollProgram_ShouldFailInEnroll" computerName="MW00977477" duration="00:01:04.0179948" startTime="2015-12-27T16:26:18.7789762-08:00" endTime="2015-12-27T16:27:22.7979762-08:00" testType="13cdc9d9-ddb5-4fa4-a97d-d965ccfc6d4b" outcome="Inconclusive" testListId="8c84fa94-04c1-424b-9868-57a2d4851a1d" relativeResultsDirectory="eaecfd0e-2b21-4dc3-8539-f218e8d4a956">
      <Output>
        <DebugTrace>Page loaded succesfully with URL = https://tsecure.dev.nordstrom.com/Rewards/join.aspx
Timed out waiting for element to be visible with locator: By.Id: ctl00_backgroundOverlayProgress
Page loaded succesfully with URL = https://tsecure.dev.nordstrom.com/Rewards/join.aspx
Page loaded succesfully with URL = https://tsecure.dev.nordstrom.com/Rewards/join.aspx
Timed out waiting for element to be visible with locator: By.Id: ctl00_mainContentPlaceHolder_btnVerify
Element Not found with the given locator (By.LinkText: Sign Out)
Element not found with given locator By.LinkText: Sign Out
Element Not found with the given locator (By.LinkText: Not You?)
Element not found with given locator By.LinkText: Not You?
Page loaded succesfully with URL = https://tsecure.dev.nordstrom.com/Rewards/join.aspx
Page loaded succesfully with URL = https://tsecure.dev.nordstrom.com/Rewards/join.aspx
</DebugTrace>
        <ErrorInfo>
          <Message>Assert.Inconclusive failed. Page could not loaded with right css so could not continue with the tests.</Message>
          <StackTrace>   at Nordstrom.Web.Test.UI.LoyaltyWeb.LoyaltyRegisterTests.TenderNeutralRewardsRegister_GuestUserEnrollWithExistingPhoneButDifferentEmailinEnrollProgram_ShouldFailInEnroll() in c:\LoyaltyWebTest\Web\Test\UI\LoyaltyWeb\LoyaltyWebTest\LoyaltyWebTest\LoyaltyRegisterTests.cs:line 52
</StackTrace>
        </ErrorInfo>
      </Output>
    </UnitTestResult>
    <UnitTestResult executionId="f98a5bdd-111a-4eea-9d4e-b43265b43775" testId="3de12998-9393-9903-170e-284355b304ad" testName="TenderNeutralRewardsRegister_GuestUserRegisterWithShorterPhoneNumber_ShouldGetEnrollErrorMessageButWebAccountCreatedSuccessfully" computerName="MW00977477" duration="00:00:33.4483715" startTime="2015-12-27T16:27:22.8009762-08:00" endTime="2015-12-27T16:27:56.2509762-08:00" testType="13cdc9d9-ddb5-4fa4-a97d-d965ccfc6d4b" outcome="Failed" testListId="8c84fa94-04c1-424b-9868-57a2d4851a1d" relativeResultsDirectory="f98a5bdd-111a-4eea-9d4e-b43265b43775">
      <Output>
        <DebugTrace>Page loaded succesfully with URL = https://tsecure.dev.nordstrom.com/Rewards/join.aspx
</DebugTrace>
        <ErrorInfo>
          <Message>Assert.IsFalse failed. Success Message for loyalty Account creation for a new customer is not displayed.</Message>
          <StackTrace>   at Nordstrom.Web.Test.UI.LoyaltyWeb.LoyaltyRegisterTests.TenderNeutralRewardsRegister_GuestUserRegisterWithShorterPhoneNumber_ShouldGetEnrollErrorMessageButWebAccountCreatedSuccessfully() in c:\LoyaltyWebTest\Web\Test\UI\LoyaltyWeb\LoyaltyWebTest\LoyaltyWebTest\LoyaltyRegisterTests.cs:line 184
</StackTrace>
        </ErrorInfo>
      </Output>
    </UnitTestResult>
    <UnitTestResult executionId="16542239-7628-46c0-85c8-ea8b0c9a30c1" testId="da679504-2dbb-78ee-d7fc-01f27c75e0cc" testName="TenderNeutralRewardsRegister_GuestUserRegistrationForTenderNeutral_LoyaltyAndNordAccountSuccessfulCreation" computerName="MW00977477" duration="00:00:35.1400793" startTime="2015-12-27T16:27:56.2519762-08:00" endTime="2015-12-27T16:28:31.3959762-08:00" testType="13cdc9d9-ddb5-4fa4-a97d-d965ccfc6d4b" outcome="Failed" testListId="8c84fa94-04c1-424b-9868-57a2d4851a1d" relativeResultsDirectory="16542239-7628-46c0-85c8-ea8b0c9a30c1">
      <Output>
        <DebugTrace>Page loaded succesfully with URL = https://tsecure.dev.nordstrom.com/Rewards/join.aspx
</DebugTrace>
        <ErrorInfo>
          <Message>Assert.IsFalse failed. Success Message for loyalty Account creation for a new customer is not displayed.</Message>
          <StackTrace>   at Nordstrom.Web.Test.UI.LoyaltyWeb.LoyaltyRegisterTests.TenderNeutralRewardsRegister_GuestUserRegistrationForTenderNeutral_LoyaltyAndNordAccountSuccessfulCreation() in c:\LoyaltyWebTest\Web\Test\UI\LoyaltyWeb\LoyaltyWebTest\LoyaltyWebTest\LoyaltyRegisterTests.cs:line 332
</StackTrace>
        </ErrorInfo>
      </Output>
    </UnitTestResult>
    <UnitTestResult executionId="82b3054f-68d3-4a0d-83e9-6fded89eeb2f" testId="86c93201-f1f8-1299-bf26-243f1336a5e7" testName="TenderNeutralRewardsRegister_GuestUserRegistrationForTenderNeutral_MandatoryFieldsDisplaySuccessful" computerName="MW00977477" duration="00:00:36.2713451" startTime="2015-12-27T16:28:31.3979762-08:00" endTime="2015-12-27T16:29:07.6719762-08:00" testType="13cdc9d9-ddb5-4fa4-a97d-d965ccfc6d4b" outcome="Passed" testListId="8c84fa94-04c1-424b-9868-57a2d4851a1d" relativeResultsDirectory="82b3054f-68d3-4a0d-83e9-6fded89eeb2f">
      <Output>
        <DebugTrace>Page loaded succesfully with URL = https://tsecure.dev.nordstrom.com/Rewards/join.aspx
</DebugTrace>
      </Output>
    </UnitTestResult>
    <UnitTestResult executionId="c1fdf8b2-dd4a-4dbb-88aa-6d2903649dab" testId="17fba494-c246-d3ef-ffcd-fd9dfdae82dd" testName="TenderNeutralRewardsRegister_GuestUserRegistrationWithLongerPhoneNumber_ShouldGetErrorMessageButWebAccountCreatedSuccessfully" computerName="MW00977477" duration="00:00:34.9863851" startTime="2015-12-27T16:29:07.6739762-08:00" endTime="2015-12-27T16:29:42.6629762-08:00" testType="13cdc9d9-ddb5-4fa4-a97d-d965ccfc6d4b" outcome="Failed" testListId="8c84fa94-04c1-424b-9868-57a2d4851a1d" relativeResultsDirectory="c1fdf8b2-dd4a-4dbb-88aa-6d2903649dab">
      <Output>
        <DebugTrace>Page loaded succesfully with URL = https://tsecure.dev.nordstrom.com/Rewards/join.aspx
</DebugTrace>
        <ErrorInfo>
          <Message>Assert.IsFalse failed. Success Message for loyalty Account creation for a new customer is not displayed.</Message>
          <StackTrace>   at Nordstrom.Web.Test.UI.LoyaltyWeb.LoyaltyRegisterTests.TenderNeutralRewardsRegister_GuestUserRegistrationWithLongerPhoneNumber_ShouldGetErrorMessageButWebAccountCreatedSuccessfully() in c:\LoyaltyWebTest\Web\Test\UI\LoyaltyWeb\LoyaltyWebTest\LoyaltyWebTest\LoyaltyRegisterTests.cs:line 208
</StackTrace>
        </ErrorInfo>
      </Output>
    </UnitTestResult>
    <UnitTestResult executionId="ef092b2f-a453-4f35-8e10-e70cb3f19ebf" testId="f6bf3045-329d-5362-b062-36ec5089da9b" testName="TenderNeutralRewardsRegister_GuestUserSignIntoYourNordstromComAccountSelected_MarketingPreferenceNotDisplayed" computerName="MW00977477" duration="00:00:32.4607706" startTime="2015-12-27T16:29:42.6659762-08:00" endTime="2015-12-27T16:30:15.1289762-08:00" testType="13cdc9d9-ddb5-4fa4-a97d-d965ccfc6d4b" outcome="Passed" testListId="8c84fa94-04c1-424b-9868-57a2d4851a1d" relativeResultsDirectory="ef092b2f-a453-4f35-8e10-e70cb3f19ebf">
      <Output>
        <DebugTrace>Page loaded succesfully with URL = https://tsecure.dev.nordstrom.com/Rewards/join.aspx
</DebugTrace>
      </Output>
    </UnitTestResult>
    <UnitTestResult executionId="a8c9fd84-a826-4d06-9bef-6c6b165ea4b0" testId="21295eb5-b67c-57fc-2827-af49702d43cb" testName="TenderNeutralRewardsRegister_MarketingPreferenceUpdateCheckedDuringTenderNeutralEnrollment_MarketingPreferenceSuccessfulUpdateToYesForNordAccount" computerName="MW00977477" duration="00:00:32.3194483" startTime="2015-12-27T16:30:15.1309762-08:00" endTime="2015-12-27T16:30:47.4519762-08:00" testType="13cdc9d9-ddb5-4fa4-a97d-d965ccfc6d4b" outcome="Failed" testListId="8c84fa94-04c1-424b-9868-57a2d4851a1d" relativeResultsDirectory="a8c9fd84-a826-4d06-9bef-6c6b165ea4b0">
      <Output>
        <DebugTrace>Page loaded succesfully with URL = https://tsecure.dev.nordstrom.com/Rewards/join.aspx
</DebugTrace>
        <ErrorInfo>
          <Message>Assert.IsFalse failed. Client side error occured on Loyalty Tender Neutral Register Page</Message>
          <StackTrace>   at Nordstrom.Web.Test.UI.LoyaltyWeb.LoyaltyRegisterTests.TenderNeutralRewardsRegister_MarketingPreferenceUpdateCheckedDuringTenderNeutralEnrollment_MarketingPreferenceSuccessfulUpdateToYesForNordAccount() in c:\LoyaltyWebTest\Web\Test\UI\LoyaltyWeb\LoyaltyWebTest\LoyaltyWebTest\LoyaltyRegisterTests.cs:line 506
</StackTrace>
        </ErrorInfo>
      </Output>
    </UnitTestResult>
    <UnitTestResult executionId="10f059ea-24d9-48bd-a1cb-6d15728fef76" testId="31d09e3d-7f4d-771c-fcf2-17618432c75c" testName="TenderNeutralRewardsRegister_MarketingPreferenceUpdateUncheckedDuringTenderNeutralEnrollment_MarketingPreferenceSuccessfulUpdateToNoForNordAccount" computerName="MW00977477" duration="00:00:32.9428428" startTime="2015-12-27T16:30:47.4539762-08:00" endTime="2015-12-27T16:31:20.3979762-08:00" testType="13cdc9d9-ddb5-4fa4-a97d-d965ccfc6d4b" outcome="Failed" testListId="8c84fa94-04c1-424b-9868-57a2d4851a1d" relativeResultsDirectory="10f059ea-24d9-48bd-a1cb-6d15728fef76">
      <Output>
        <DebugTrace>Page loaded succesfully with URL = https://tsecure.dev.nordstrom.com/Rewards/join.aspx
</DebugTrace>
        <ErrorInfo>
          <Message>Assert.IsFalse failed. Client side error occured on Loyalty Tender Neutral Register Page</Message>
          <StackTrace>   at Nordstrom.Web.Test.UI.LoyaltyWeb.LoyaltyRegisterTests.TenderNeutralRewardsRegister_MarketingPreferenceUpdateUncheckedDuringTenderNeutralEnrollment_MarketingPreferenceSuccessfulUpdateToNoForNordAccount() in c:\LoyaltyWebTest\Web\Test\UI\LoyaltyWeb\LoyaltyWebTest\LoyaltyWebTest\LoyaltyRegisterTests.cs:line 538
</StackTrace>
        </ErrorInfo>
      </Output>
    </UnitTestResult>
    <UnitTestResult executionId="115f149b-ab98-4983-9631-2c88182cd632" testId="3436681d-5283-dca4-7aad-db3743bc4bf6" testName="TenderNeutralRewardsRegister_RecognizedUserEnrollWithWrongPassword_ShouldFailInEnroll" computerName="MW00977477" duration="00:00:59.9400292" startTime="2015-12-27T16:31:20.3989762-08:00" endTime="2015-12-27T16:32:20.3399762-08:00" testType="13cdc9d9-ddb5-4fa4-a97d-d965ccfc6d4b" outcome="Failed" testListId="8c84fa94-04c1-424b-9868-57a2d4851a1d" relativeResultsDirectory="115f149b-ab98-4983-9631-2c88182cd632">
      <Output>
        <DebugTrace>Page loaded succesfully with URL = https://tsecure.dev.nordstrom.com/signIn.aspx
Page loaded succesfully with URL = https://tsecure.dev.nordstrom.com/signIn.aspx
Page loaded succesfully with URL = https://tsecure.dev.nordstrom.com/signIn.aspx
Page loaded succesfully with URL = https://tsecure.dev.nordstrom.com/signIn.aspx
Timed out waiting for element to be visible with locator: By.CssSelector: #ctl00_backgroundOverlay
WaitForElementToDisappear: Given Locator did not appear after 10 seconds - but ok - locator id: By.CssSelector: #ctl00_backgroundOverlay
Timed out waiting for element to be visible with locator: By.LinkText: Sign Out
VerifyCreatedAccount: some kind of client Error is visible
CreateNordAccount: Exception occured when creating new account: exception = 'Assert.IsTrue failed. Verify a new account has been created successfully'
Page loaded succesfully with URL = https://tsecure.dev.nordstrom.com/Rewards/join.aspx
Failed to set focus for the control with locator 'By.Id: txtUserPassword'
element not visible
  (Session info: chrome=47.0.2526.106)
  (Driver info: chromedriver=2.20.353145 (343b531d31eeb933ec778dbcf7081628a1396067),platform=Windows NT 6.1 SP1 x86_64)
</DebugTrace>
        <ErrorInfo>
          <Message>Test method Nordstrom.Web.Test.UI.LoyaltyWeb.LoyaltyRegisterTests.TenderNeutralRewardsRegister_RecognizedUserEnrollWithWrongPassword_ShouldFailInEnroll threw exception: 
OpenQA.Selenium.InvalidElementStateException: invalid element state: Element is not currently interactable and may not be manipulated
  (Session info: chrome=47.0.2526.106)
  (Driver info: chromedriver=2.20.353145 (343b531d31eeb933ec778dbcf7081628a1396067),platform=Windows NT 6.1 SP1 x86_64)</Message>
          <StackTrace>    at OpenQA.Selenium.Remote.RemoteWebDriver.UnpackAndThrowOnError(Response errorResponse)
   at OpenQA.Selenium.Remote.RemoteWebDriver.Execute(String driverCommandToExecute, Dictionary`2 parameters)
   at OpenQA.Selenium.Remote.RemoteWebElement.Clear()
   at Nordstrom.ECommerce.Test.SeleniumHelper.SeleniumActionHelper.SendKeys(String text, By locator, IWebElement element, Boolean clearField)
   at Nordstrom.Web.Test.UI.Common.PageObjects.LoyaltyRegisterPage.FillEnrollForm(UsersUser user, UserType usertype, String confirmPassword) in c:\LoyaltyWebTest\Web\Test\UI\Common\PageObjects\LoyaltyRegisterPage.cs:line 412
   at Nordstrom.Web.Test.UI.LoyaltyWeb.LoyaltyRegisterTests.TenderNeutralRewardsRegister_RecognizedUserEnrollWithWrongPassword_ShouldFailInEnroll() in c:\LoyaltyWebTest\Web\Test\UI\LoyaltyWeb\LoyaltyWebTest\LoyaltyWebTest\LoyaltyRegisterTests.cs:line 161
</StackTrace>
        </ErrorInfo>
      </Output>
    </UnitTestResult>
    <UnitTestResult executionId="4d6d65bc-022c-4aee-ba02-dec17ab17074" testId="98f3ba08-a10b-9949-a79e-150238875d08" testName="TenderNeutralRewardsRegister_TheUserWhoSucceedsInEnrollWithHisWebAccountEnrollsAgainWithSameWebAccount_ShouldFailBothEnrollAndAccountCreation" computerName="MW00977477" duration="00:01:23.2572578" startTime="2015-12-27T16:32:20.3419762-08:00" endTime="2015-12-27T16:33:43.5989762-08:00" testType="13cdc9d9-ddb5-4fa4-a97d-d965ccfc6d4b" outcome="Inconclusive" testListId="8c84fa94-04c1-424b-9868-57a2d4851a1d" relativeResultsDirectory="4d6d65bc-022c-4aee-ba02-dec17ab17074">
      <Output>
        <DebugTrace>Page loaded succesfully with URL = https://tsecure.dev.nordstrom.com/signIn.aspx
Page loaded succesfully with URL = https://tsecure.dev.nordstrom.com/signIn.aspx
Page loaded succesfully with URL = https://tsecure.dev.nordstrom.com/signIn.aspx
Page loaded succesfully with URL = https://tsecure.dev.nordstrom.com/signIn.aspx
Timed out waiting for element to be visible with locator: By.CssSelector: #ctl00_backgroundOverlay
WaitForElementToDisappear: Given Locator did not appear after 10 seconds - but ok - locator id: By.CssSelector: #ctl00_backgroundOverlay
Timed out waiting for element to be visible with locator: By.LinkText: Sign Out
Timed out waiting for element to be visible with locator: By.LinkText: Sign Out
VerifyCreatedAccount: sign out link is not visible
CreateNordAccount: Exception occured when creating new account: exception = 'Assert.IsTrue failed. Verify a new account has been created successfully'
Element Not found with the given locator (By.LinkText: Sign Out)
Element not found with given locator By.LinkText: Sign Out
Element Not found with the given locator (By.LinkText: Not You?)
Element not found with given locator By.LinkText: Not You?
Page loaded succesfully with URL = https://tsecure.dev.nordstrom.com/signIn.aspx
Page loaded succesfully with URL = https://tsecure.dev.nordstrom.com/Rewards/join.aspx
Element Not found with the given locator (By.LinkText: Sign Out)
Element not found with given locator By.LinkText: Sign Out
Element Not found with the given locator (By.LinkText: Not You?)
Element not found with given locator By.LinkText: Not You?
Page loaded succesfully with URL = https://tsecure.dev.nordstrom.com/Rewards/join.aspx
Page loaded succesfully with URL = https://tsecure.dev.nordstrom.com/Rewards/join.aspx
</DebugTrace>
        <ErrorInfo>
          <Message>Assert.Inconclusive failed. Page could not loaded with right css so could not continue with the tests.</Message>
          <StackTrace>   at Nordstrom.Web.Test.UI.LoyaltyWeb.LoyaltyRegisterTests.TenderNeutralRewardsRegister_TheUserWhoSucceedsInEnrollWithHisWebAccountEnrollsAgainWithSameWebAccount_ShouldFailBothEnrollAndAccountCreation() in c:\LoyaltyWebTest\Web\Test\UI\LoyaltyWeb\LoyaltyWebTest\LoyaltyWebTest\LoyaltyRegisterTests.cs:line 257
</StackTrace>
        </ErrorInfo>
      </Output>
    </UnitTestResult>
    <UnitTestResult executionId="f7484d27-4be8-41d1-b076-54380f2fdeb2" testId="49a974b3-ec64-d3af-0151-561a64779c12" testName="MobileVerificationPage_WhenEnrolledUserTypeExpiredCode_ShouldGetExpiredErrorMessage" computerName="MW00977477" duration="00:00:57.6888176" startTime="2015-12-27T16:33:43.6009762-08:00" endTime="2015-12-27T16:34:41.2899762-08:00" testType="13cdc9d9-ddb5-4fa4-a97d-d965ccfc6d4b" outcome="Inconclusive" testListId="8c84fa94-04c1-424b-9868-57a2d4851a1d" relativeResultsDirectory="f7484d27-4be8-41d1-b076-54380f2fdeb2">
      <Output>
        <DebugTrace>Page loaded succesfully with URL = https://tsecure.dev.nordstrom.com/Rewards/join.aspx
Timed out waiting for element to be visible with locator: By.Id: ctl00_backgroundOverlayProgress
Page loaded succesfully with URL = https://tsecure.dev.nordstrom.com/Rewards/join.aspx
Page loaded succesfully with URL = https://tsecure.dev.nordstrom.com/Rewards/join.aspx
Timed out waiting for element to be visible with locator: By.Id: ctl00_mainContentPlaceHolder_btnVerify
User could not redirect to Verification page.
</DebugTrace>
        <ErrorInfo>
          <Message>Assert.Inconclusive failed. User could not redirect to Verification page.</Message>
          <StackTrace>   at Nordstrom.Web.Test.UI.LoyaltyWeb.LoyaltyTenderNeutralMobileVerificationPageTests.MobileVerificationPage_WhenEnrolledUserTypeExpiredCode_ShouldGetExpiredErrorMessage() in c:\LoyaltyWebTest\Web\Test\UI\LoyaltyWeb\LoyaltyWebTest\LoyaltyWebTest\LoyaltyTenderNeutralMobileVerificationPageTests.cs:line 350
</StackTrace>
        </ErrorInfo>
      </Output>
    </UnitTestResult>
    <UnitTestResult executionId="53e01ab3-821f-4fe7-b8b5-2683bfc03fe7" testId="0292a43c-fff5-8a73-f216-496011be59f2" testName="MobileVerificationPage_WhenEnrolledUserTypeValidDigitCode_ShouldLaunchWelcomePage" computerName="MW00977477" duration="00:01:03.0086528" startTime="2015-12-27T16:34:41.2919762-08:00" endTime="2015-12-27T16:35:44.3019762-08:00" testType="13cdc9d9-ddb5-4fa4-a97d-d965ccfc6d4b" outcome="Failed" testListId="8c84fa94-04c1-424b-9868-57a2d4851a1d" relativeResultsDirectory="53e01ab3-821f-4fe7-b8b5-2683bfc03fe7">
      <Output>
        <DebugTrace>Page loaded succesfully with URL = https://tsecure.dev.nordstrom.com/Rewards/join.aspx
Timed out waiting for element to be visible with locator: By.Id: ctl00_backgroundOverlayProgress
Page loaded succesfully with URL = https://tsecure.dev.nordstrom.com/Rewards/join.aspx
Page loaded succesfully with URL = https://tsecure.dev.nordstrom.com/Rewards/join.aspx
Timed out waiting for element to be visible with locator: By.Id: ctl00_mainContentPlaceHolder_btnVerify
User could not redirect to Verification page.
</DebugTrace>
        <ErrorInfo>
          <Message>Test method Nordstrom.Web.Test.UI.LoyaltyWeb.LoyaltyTenderNeutralMobileVerificationPageTests.MobileVerificationPage_WhenEnrolledUserTypeValidDigitCode_ShouldLaunchWelcomePage threw exception: 
System.InvalidOperationException: The certificate dwtcuscs is not present in the trusted root certificate authority.</Message>
          <StackTrace>    at Nordstrom.Web.Test.UI.LoyaltyWeb.HelperExtensions.GetCertificate() in c:\LoyaltyWebTest\Web\Test\UI\LoyaltyWeb\LoyaltyWebTest\LoyaltyWebTest\HelperExtensions.cs:line 420
   at Nordstrom.Web.Test.UI.LoyaltyWeb.HelperExtensions.CallCivsAPIToGetAValidCode(String phoneNumber) in c:\LoyaltyWebTest\Web\Test\UI\LoyaltyWeb\LoyaltyWebTest\LoyaltyWebTest\HelperExtensions.cs:line 350
   at Nordstrom.Web.Test.UI.LoyaltyWeb.LoyaltyTenderNeutralMobileVerificationPageTests.MobileVerificationPage_WhenEnrolledUserTypeValidDigitCode_ShouldLaunchWelcomePage() in c:\LoyaltyWebTest\Web\Test\UI\LoyaltyWeb\LoyaltyWebTest\LoyaltyWebTest\LoyaltyTenderNeutralMobileVerificationPageTests.cs:line 319
</StackTrace>
        </ErrorInfo>
      </Output>
    </UnitTestResult>
    <UnitTestResult executionId="b2e595c1-16c5-43f9-a44e-16de2ad549f5" testId="d0f4ec86-2b86-2cd8-ac68-409545882993" testName="MobileVerificationPage_WhenEnrolledUserTypeWrongDigitCode_ShouldGetWrongCodeMessage" computerName="MW00977477" duration="00:00:58.6988972" startTime="2015-12-27T16:35:44.3079762-08:00" endTime="2015-12-27T16:36:43.0079762-08:00" testType="13cdc9d9-ddb5-4fa4-a97d-d965ccfc6d4b" outcome="Inconclusive" testListId="8c84fa94-04c1-424b-9868-57a2d4851a1d" relativeResultsDirectory="b2e595c1-16c5-43f9-a44e-16de2ad549f5">
      <Output>
        <DebugTrace>Page loaded succesfully with URL = https://tsecure.dev.nordstrom.com/Rewards/join.aspx
Timed out waiting for element to be visible with locator: By.Id: ctl00_backgroundOverlayProgress
Page loaded succesfully with URL = https://tsecure.dev.nordstrom.com/Rewards/join.aspx
Page loaded succesfully with URL = https://tsecure.dev.nordstrom.com/Rewards/join.aspx
Timed out waiting for element to be visible with locator: By.Id: ctl00_mainContentPlaceHolder_btnVerify
</DebugTrace>
        <ErrorInfo>
          <Message>Assert.Inconclusive failed. User could not redirect to Verification page.</Message>
          <StackTrace>   at Nordstrom.Web.Test.UI.LoyaltyWeb.LoyaltyTenderNeutralMobileVerificationPageTests.MobileVerificationPage_WhenEnrolledUserTypeWrongDigitCode_ShouldGetWrongCodeMessage() in c:\LoyaltyWebTest\Web\Test\UI\LoyaltyWeb\LoyaltyWebTest\LoyaltyWebTest\LoyaltyTenderNeutralMobileVerificationPageTests.cs:line 279
</StackTrace>
        </ErrorInfo>
      </Output>
    </UnitTestResult>
    <UnitTestResult executionId="47a2a63e-9282-400b-ac3d-ebc517c57f8b" testId="4a24944e-583e-e01a-529b-88059ce4229f" testName="MobileVerificationPageModalPopupsValidation_AuthenticatedUserGetANewCodeModalContentValidation_GetANewCodeModalContentValidatedSuccessfully" computerName="MW00977477" duration="00:01:03.2595583" startTime="2015-12-27T16:36:43.0109762-08:00" endTime="2015-12-27T16:37:46.2719762-08:00" testType="13cdc9d9-ddb5-4fa4-a97d-d965ccfc6d4b" outcome="Failed" testListId="8c84fa94-04c1-424b-9868-57a2d4851a1d" relativeResultsDirectory="47a2a63e-9282-400b-ac3d-ebc517c57f8b">
      <Output>
        <DebugTrace>Page loaded succesfully with URL = https://tsecure.dev.nordstrom.com/signIn.aspx
Page loaded succesfully with URL = https://tsecure.dev.nordstrom.com/signIn.aspx
Page loaded succesfully with URL = https://tsecure.dev.nordstrom.com/signIn.aspx
Page loaded succesfully with URL = https://tsecure.dev.nordstrom.com/signIn.aspx
Timed out waiting for element to be visible with locator: By.CssSelector: #ctl00_backgroundOverlay
WaitForElementToDisappear: Given Locator did not appear after 10 seconds - but ok - locator id: By.CssSelector: #ctl00_backgroundOverlay
Timed out waiting for element to be visible with locator: By.LinkText: Sign Out
VerifyCreatedAccount: some kind of client Error is visible
CreateNordAccount: Exception occured when creating new account: exception = 'Assert.IsTrue failed. Verify a new account has been created successfully'
Page loaded succesfully with URL = https://tsecure.dev.nordstrom.com/Rewards/join.aspx
</DebugTrace>
        <ErrorInfo>
          <Message>Assert.IsFalse failed. Client side error occured on Loyalty Tender Neutral Register Page</Message>
          <StackTrace>   at Nordstrom.Web.Test.UI.LoyaltyWeb.LoyaltyTenderNeutralMobileVerificationPageTests.EnrollInLoyaltyTenderNeutralRewards(UserType userType) in c:\LoyaltyWebTest\Web\Test\UI\LoyaltyWeb\LoyaltyWebTest\LoyaltyWebTest\LoyaltyTenderNeutralMobileVerificationPageTests.cs:line 638
   at Nordstrom.Web.Test.UI.LoyaltyWeb.LoyaltyTenderNeutralMobileVerificationPageTests.MobileVerificationPageModalPopupsValidation_AuthenticatedUserGetANewCodeModalContentValidation_GetANewCodeModalContentValidatedSuccessfully() in c:\LoyaltyWebTest\Web\Test\UI\LoyaltyWeb\LoyaltyWebTest\LoyaltyWebTest\LoyaltyTenderNeutralMobileVerificationPageTests.cs:line 103
</StackTrace>
        </ErrorInfo>
      </Output>
    </UnitTestResult>
    <UnitTestResult executionId="0b2e233a-5b06-4ce9-9900-491a3cee62c2" testId="5c0ec21b-359a-7e0f-4182-44eb294aa758" testName="MobileVerificationPageModalPopupsValidation_AuthenticatedUserMaximumLimitGetACodeClickValidation_ThrowsError" computerName="MW00977477" duration="00:01:03.0702711" startTime="2015-12-27T16:37:46.2749762-08:00" endTime="2015-12-27T16:38:49.3459762-08:00" testType="13cdc9d9-ddb5-4fa4-a97d-d965ccfc6d4b" outcome="Failed" testListId="8c84fa94-04c1-424b-9868-57a2d4851a1d" relativeResultsDirectory="0b2e233a-5b06-4ce9-9900-491a3cee62c2">
      <Output>
        <DebugTrace>Page loaded succesfully with URL = https://tsecure.dev.nordstrom.com/signIn.aspx
Page loaded succesfully with URL = https://tsecure.dev.nordstrom.com/signIn.aspx
Page loaded succesfully with URL = https://tsecure.dev.nordstrom.com/signIn.aspx
Page loaded succesfully with URL = https://tsecure.dev.nordstrom.com/signIn.aspx
Timed out waiting for element to be visible with locator: By.CssSelector: #ctl00_backgroundOverlay
WaitForElementToDisappear: Given Locator did not appear after 10 seconds - but ok - locator id: By.CssSelector: #ctl00_backgroundOverlay
Timed out waiting for element to be visible with locator: By.LinkText: Sign Out
VerifyCreatedAccount: some kind of client Error is visible
CreateNordAccount: Exception occured when creating new account: exception = 'Assert.IsTrue failed. Verify a new account has been created successfully'
Page loaded succesfully with URL = https://tsecure.dev.nordstrom.com/Rewards/join.aspx
</DebugTrace>
        <ErrorInfo>
          <Message>Assert.IsFalse failed. Client side error occured on Loyalty Tender Neutral Register Page</Message>
          <StackTrace>   at Nordstrom.Web.Test.UI.LoyaltyWeb.LoyaltyTenderNeutralMobileVerificationPageTests.EnrollInLoyaltyTenderNeutralRewards(UserType userType) in c:\LoyaltyWebTest\Web\Test\UI\LoyaltyWeb\LoyaltyWebTest\LoyaltyWebTest\LoyaltyTenderNeutralMobileVerificationPageTests.cs:line 638
   at Nordstrom.Web.Test.UI.LoyaltyWeb.LoyaltyTenderNeutralMobileVerificationPageTests.MobileVerificationPageModalPopupsValidation_AuthenticatedUserMaximumLimitGetACodeClickValidation_ThrowsError() in c:\LoyaltyWebTest\Web\Test\UI\LoyaltyWeb\LoyaltyWebTest\LoyaltyWebTest\LoyaltyTenderNeutralMobileVerificationPageTests.cs:line 396
</StackTrace>
        </ErrorInfo>
      </Output>
    </UnitTestResult>
    <UnitTestResult executionId="8b91f7df-f67b-442e-a156-95afe06ef008" testId="23010815-be15-7fb0-5f11-ae62528f19b0" testName="MobileVerificationPageModalPopupsValidation_CloseButtonInDidntGetACodeModalValidation_CloseButtonInDidntGetACodeModalClosedModalSuccessfully" computerName="MW00977477" duration="00:00:47.3496338" startTime="2015-12-27T16:38:49.3479762-08:00" endTime="2015-12-27T16:39:36.6989762-08:00" testType="13cdc9d9-ddb5-4fa4-a97d-d965ccfc6d4b" outcome="Failed" testListId="8c84fa94-04c1-424b-9868-57a2d4851a1d" relativeResultsDirectory="8b91f7df-f67b-442e-a156-95afe06ef008">
      <Output>
        <DebugTrace>Page loaded succesfully with URL = https://tsecure.dev.nordstrom.com/Rewards/join.aspx
</DebugTrace>
        <ErrorInfo>
          <Message>Assert.IsFalse failed. Client side error occured on Loyalty Tender Neutral Register Page</Message>
          <StackTrace>   at Nordstrom.Web.Test.UI.LoyaltyWeb.LoyaltyTenderNeutralMobileVerificationPageTests.EnrollInLoyaltyTenderNeutralRewards(UserType userType) in c:\LoyaltyWebTest\Web\Test\UI\LoyaltyWeb\LoyaltyWebTest\LoyaltyWebTest\LoyaltyTenderNeutralMobileVerificationPageTests.cs:line 616
   at Nordstrom.Web.Test.UI.LoyaltyWeb.LoyaltyTenderNeutralMobileVerificationPageTests.MobileVerificationPageModalPopupsValidation_CloseButtonInDidntGetACodeModalValidation_CloseButtonInDidntGetACodeModalClosedModalSuccessfully() in c:\LoyaltyWebTest\Web\Test\UI\LoyaltyWeb\LoyaltyWebTest\LoyaltyWebTest\LoyaltyTenderNeutralMobileVerificationPageTests.cs:line 50
</StackTrace>
        </ErrorInfo>
      </Output>
    </UnitTestResult>
    <UnitTestResult executionId="f8172876-6a6b-44c2-a1d4-f758138c4d3e" testId="2dc10e4d-0215-3f23-67b5-47a4fe1b7ab1" testName="MobileVerificationPageModalPopupsValidation_CloseButtonInGetANewCodeModalValidation_CloseButtonInGetANewCodeModalClosesModalSuccessfully" computerName="MW00977477" duration="00:05:54.6870714" startTime="2015-12-27T16:39:36.7019762-08:00" endTime="2015-12-27T16:45:31.3759762-08:00" testType="13cdc9d9-ddb5-4fa4-a97d-d965ccfc6d4b" outcome="Failed" testListId="8c84fa94-04c1-424b-9868-57a2d4851a1d" relativeResultsDirectory="f8172876-6a6b-44c2-a1d4-f758138c4d3e">
      <Output>
        <DebugTrace>The HTTP request to the remote WebDriver server for URL http://localhost:18254/session/8755a984ab73b859e652939c4b364f7b/execute timed out after 60 seconds.
Page did not finish loading within the timeout(30sec), URL= 
Element Not found with the given locator (By.Id: skip-nav)
Element not found with given locator By.Id: skip-nav
Timed out waiting for element to be visible with locator: By.Id: btnSubmit
Timed out waiting for element to be visible with locator: By.Id: txtFirstName
Timed out waiting for element to be visible with locator: By.Id: chkAcceptTerms
Element is not Valid: Exception =Could not find element by: By.CssSelector: span[id='ctl00_mainContentPlaceHolder_ResourceLabel7']
Element is not Valid: Exception =Could not find element by: By.CssSelector: span[id='ctl00_mainContentPlaceHolder_ResourceLabel8']
Element is not Valid: Exception =Could not find element by: By.CssSelector: span[id='ctl00_mainContentPlaceHolder_ResourceLabel9']
Element is not Valid: Exception =Could not find element by: By.CssSelector: span[id='ctl00_mainContentPlaceHolder_ResourceLabel10']
Element is not Valid: Exception =Could not find element by: By.CssSelector: span[id='ctl00_mainContentPlaceHolder_ResourceLabel12']
Element is not Valid: Exception =Could not find element by: By.CssSelector: span[id='ctl00_mainContentPlaceHolder_ResourceLabel13']
Element is not Valid: Exception =Could not find element by: By.CssSelector: span[id='ctl00_mainContentPlaceHolder_ResourceLabel11']
Element is not Valid: Exception =Could not find element by: By.CssSelector: span[id='ctl00_mainContentPlaceHolder_ResourceLabel20']
Element is not Valid: Exception =Could not find element by: By.CssSelector: span[id='ctl00_mainContentPlaceHolder_cvCheckBoxRequired']
Element is not Valid: Exception =Could not find element by: By.Id: ctl00_mainContentPlaceHolder_CreatePasswordResource
Element is not Valid: Exception =Could not find element by: By.CssSelector: span[id='ctl00_mainContentPlaceHolder_ResourceLabel17']
Element is not Valid: Exception =Could not find element by: By.CssSelector: span[id='ctl00_mainContentPlaceHolder_ResourceLabel18']
Element is not Valid: Exception =Could not find element by: By.Id: btnSubmit
Element Not found with the given locator (By.Id: btnSubmit)
Element not found with given locator By.Id: btnSubmit
Timed out waiting for element to be visible with locator: By.Id: ctl00_backgroundOverlayProgress
Page loaded succesfully with URL = https://tsecure.dev.nordstrom.com/Rewards/join.aspx
Page loaded succesfully with URL = https://tsecure.dev.nordstrom.com/Rewards/join.aspx
Timed out waiting for element to be visible with locator: By.Id: ctl00_mainContentPlaceHolder_btnVerify
</DebugTrace>
        <ErrorInfo>
          <Message>Assert.IsTrue failed. Navigation to mobile verification page after clicking on Join button on Loyalty Register page is not successful</Message>
          <StackTrace>   at Nordstrom.Web.Test.UI.LoyaltyWeb.LoyaltyTenderNeutralMobileVerificationPageTests.EnrollInLoyaltyTenderNeutralRewards(UserType userType) in c:\LoyaltyWebTest\Web\Test\UI\LoyaltyWeb\LoyaltyWebTest\LoyaltyWebTest\LoyaltyTenderNeutralMobileVerificationPageTests.cs:line 619
   at Nordstrom.Web.Test.UI.LoyaltyWeb.LoyaltyTenderNeutralMobileVerificationPageTests.MobileVerificationPageModalPopupsValidation_CloseButtonInGetANewCodeModalValidation_CloseButtonInGetANewCodeModalClosesModalSuccessfully() in c:\LoyaltyWebTest\Web\Test\UI\LoyaltyWeb\LoyaltyWebTest\LoyaltyWebTest\LoyaltyTenderNeutralMobileVerificationPageTests.cs:line 77
</StackTrace>
        </ErrorInfo>
      </Output>
    </UnitTestResult>
    <UnitTestResult executionId="afa05651-1aac-4740-a295-0aec809e760c" testId="b8760095-196b-9486-9ec7-d0fcb8b1c53c" testName="MobileVerificationPageModalPopupsValidation_DidntGetACodeModalContentValidation_DidntGetACodeModalContentValidatedSuccessfully" computerName="MW00977477" duration="00:01:08.8841607" startTime="2015-12-27T16:45:31.3779762-08:00" endTime="2015-12-27T16:46:40.2629762-08:00" testType="13cdc9d9-ddb5-4fa4-a97d-d965ccfc6d4b" outcome="Failed" testListId="8c84fa94-04c1-424b-9868-57a2d4851a1d" relativeResultsDirectory="afa05651-1aac-4740-a295-0aec809e760c">
      <Output>
        <ErrorInfo>
          <Message>Initialization method Nordstrom.Web.Test.UI.LoyaltyWeb.LoyaltyTenderNeutralMobileVerificationPageTests.Init threw exception. System.Reflection.TargetInvocationException: System.Reflection.TargetInvocationException: Exception has been thrown by the target of an invocation. ---&gt; OpenQA.Selenium.WebDriverException: The HTTP request to the remote WebDriver server for URL http://localhost:38315/session/b0726632c10f7b38bfff6cf620176487/element/0.6619496387429535-1/click timed out after 60 seconds. ---&gt; System.Net.WebException: The operation has timed out.</Message>
          <StackTrace>    at System.Net.HttpWebRequest.GetResponse()
   at OpenQA.Selenium.Remote.HttpCommandExecutor.CreateResponse(WebRequest request)
 --- End of inner exception stack trace ---
    at OpenQA.Selenium.Remote.HttpCommandExecutor.CreateResponse(WebRequest request)
   at OpenQA.Selenium.Remote.HttpCommandExecutor.Execute(Command commandToExecute)
   at OpenQA.Selenium.Remote.DriverServiceCommandExecutor.Execute(Command commandToExecute)
   at OpenQA.Selenium.Remote.RemoteWebDriver.Execute(String driverCommandToExecute, Dictionary`2 parameters)
   at OpenQA.Selenium.Remote.RemoteWebElement.Click()
 --- End of inner exception stack trace ---
    at System.RuntimeMethodHandle.InvokeMethod(Object target, Object[] arguments, Signature sig, Boolean constructor)
   at System.Reflection.RuntimeMethodInfo.UnsafeInvokeInternal(Object obj, Object[] parameters, Object[] arguments)
   at System.Reflection.RuntimeMethodInfo.Invoke(Object obj, BindingFlags invokeAttr, Binder binder, Object[] parameters, CultureInfo culture)
   at OpenQA.Selenium.Support.PageObjects.WebDriverObjectProxy.InvokeMethod(IMethodCallMessage msg, Object representedValue)
   at OpenQA.Selenium.Support.PageObjects.WebElementProxy.Invoke(IMessage msg)
   at System.Runtime.Remoting.Proxies.RealProxy.PrivateInvoke(MessageData&amp; msgData, Int32 type)
   at OpenQA.Selenium.IWebElement.Click()
   at Nordstrom.ECommerce.Test.SeleniumHelper.SeleniumActionHelper.Click(By locator, IWebElement element)
   at Nordstrom.Web.Test.UI.Common.PageObjects.AdminPage.GoBack() in c:\LoyaltyWebTest\Web\Test\UI\Common\PageObjects\AdminPage.cs:line 96
   at Nordstrom.Web.Test.UI.Common.CommonHelper.SetFlagValueOnAdminConsolePage(String setting, String newValue) in c:\LoyaltyWebTest\Web\Test\UI\Common\CommonHelper.cs:line 88
   at Nordstrom.Web.Test.UI.LoyaltyWeb.LoyaltyTenderNeutralMobileVerificationPageTests.Init() in c:\LoyaltyWebTest\Web\Test\UI\LoyaltyWeb\LoyaltyWebTest\LoyaltyWebTest\LoyaltyTenderNeutralMobileVerificationPageTests.cs:line 23
</StackTrace>
        </ErrorInfo>
      </Output>
    </UnitTestResult>
    <UnitTestResult executionId="58a4f28a-6d1d-4e1c-9417-c612fe33e83b" testId="d618c68d-88ae-88f4-1bc5-f56301e716ed" testName="MobileVerificationPageModalPopupsValidation_GuestUserGetANewCodeModalContentValidation_GetANewCodeModalContentValidatedSuccessfully" computerName="MW00977477" duration="00:01:00.0179474" startTime="2015-12-27T16:46:40.2649762-08:00" endTime="2015-12-27T16:47:40.2839762-08:00" testType="13cdc9d9-ddb5-4fa4-a97d-d965ccfc6d4b" outcome="Failed" testListId="8c84fa94-04c1-424b-9868-57a2d4851a1d" relativeResultsDirectory="58a4f28a-6d1d-4e1c-9417-c612fe33e83b">
      <Output>
        <ErrorInfo>
          <Message>Initialization method Nordstrom.Web.Test.UI.LoyaltyWeb.LoyaltyTenderNeutralMobileVerificationPageTests.TestSetup threw exception. OpenQA.Selenium.WebDriverException: OpenQA.Selenium.WebDriverException: The HTTP request to the remote WebDriver server for URL http://localhost:38315/session/b0726632c10f7b38bfff6cf620176487/cookie timed out after 60 seconds. ---&gt; System.Net.WebException: The operation has timed out.</Message>
          <StackTrace>    at System.Net.HttpWebRequest.GetResponse()
   at OpenQA.Selenium.Remote.HttpCommandExecutor.CreateResponse(WebRequest request)
 --- End of inner exception stack trace ---
    at OpenQA.Selenium.Remote.HttpCommandExecutor.CreateResponse(WebRequest request)
   at OpenQA.Selenium.Remote.HttpCommandExecutor.Execute(Command commandToExecute)
   at OpenQA.Selenium.Remote.DriverServiceCommandExecutor.Execute(Command commandToExecute)
   at OpenQA.Selenium.Remote.RemoteWebDriver.Execute(String driverCommandToExecute, Dictionary`2 parameters)
   at OpenQA.Selenium.Remote.RemoteCookieJar.DeleteAllCookies()
   at Nordstrom.Web.Test.UI.Common.CookieManager.DeleteAllCookies() in c:\LoyaltyWebTest\Web\Test\UI\Common\CookieManager.cs:line 40
   at Nordstrom.Web.Test.UI.Common.TestBase.TestSetup() in c:\LoyaltyWebTest\Web\Test\UI\Common\TestBase.cs:line 108
</StackTrace>
        </ErrorInfo>
      </Output>
    </UnitTestResult>
    <UnitTestResult executionId="7b29ee08-0345-43bf-a269-1523562a07a1" testId="899e75ac-735e-e41d-941c-31a4337e1cb7" testName="MobileVerificationPageModalPopupsValidation_OkButtonInDidntGetACodeModalValidation_OkButtonInDidntGetACodeModalClosedModalSuccessfully" computerName="MW00977477" duration="00:01:00.0180299" startTime="2015-12-27T16:47:40.2859762-08:00" endTime="2015-12-27T16:48:40.3069762-08:00" testType="13cdc9d9-ddb5-4fa4-a97d-d965ccfc6d4b" outcome="Failed" testListId="8c84fa94-04c1-424b-9868-57a2d4851a1d" relativeResultsDirectory="7b29ee08-0345-43bf-a269-1523562a07a1">
      <Output>
        <ErrorInfo>
          <Message>Initialization method Nordstrom.Web.Test.UI.LoyaltyWeb.LoyaltyTenderNeutralMobileVerificationPageTests.TestSetup threw exception. OpenQA.Selenium.WebDriverException: OpenQA.Selenium.WebDriverException: The HTTP request to the remote WebDriver server for URL http://localhost:38315/session/b0726632c10f7b38bfff6cf620176487/cookie timed out after 60 seconds. ---&gt; System.Net.WebException: The operation has timed out.</Message>
          <StackTrace>    at System.Net.HttpWebRequest.GetResponse()
   at OpenQA.Selenium.Remote.HttpCommandExecutor.CreateResponse(WebRequest request)
 --- End of inner exception stack trace ---
    at OpenQA.Selenium.Remote.HttpCommandExecutor.CreateResponse(WebRequest request)
   at OpenQA.Selenium.Remote.HttpCommandExecutor.Execute(Command commandToExecute)
   at OpenQA.Selenium.Remote.DriverServiceCommandExecutor.Execute(Command commandToExecute)
   at OpenQA.Selenium.Remote.RemoteWebDriver.Execute(String driverCommandToExecute, Dictionary`2 parameters)
   at OpenQA.Selenium.Remote.RemoteCookieJar.DeleteAllCookies()
   at Nordstrom.Web.Test.UI.Common.CookieManager.DeleteAllCookies() in c:\LoyaltyWebTest\Web\Test\UI\Common\CookieManager.cs:line 40
   at Nordstrom.Web.Test.UI.Common.TestBase.TestSetup() in c:\LoyaltyWebTest\Web\Test\UI\Common\TestBase.cs:line 108
</StackTrace>
        </ErrorInfo>
      </Output>
    </UnitTestResult>
    <UnitTestResult executionId="4519229a-84e0-4c13-b934-5f0f8accfd0b" testId="a69eddad-1d10-e519-4d70-67bf86829651" testName="MobileVerificationPageModalPopupsValidation_OkButtonInGetANewCodeModalValidation_OkButtonInGetANewCodeModalClosesModalSuccessfully" computerName="MW00977477" duration="00:01:00.0167855" startTime="2015-12-27T16:48:40.3079762-08:00" endTime="2015-12-27T16:49:40.3259762-08:00" testType="13cdc9d9-ddb5-4fa4-a97d-d965ccfc6d4b" outcome="Failed" testListId="8c84fa94-04c1-424b-9868-57a2d4851a1d" relativeResultsDirectory="4519229a-84e0-4c13-b934-5f0f8accfd0b">
      <Output>
        <ErrorInfo>
          <Message>Initialization method Nordstrom.Web.Test.UI.LoyaltyWeb.LoyaltyTenderNeutralMobileVerificationPageTests.TestSetup threw exception. OpenQA.Selenium.WebDriverException: OpenQA.Selenium.WebDriverException: The HTTP request to the remote WebDriver server for URL http://localhost:38315/session/b0726632c10f7b38bfff6cf620176487/cookie timed out after 60 seconds. ---&gt; System.Net.WebException: The operation has timed out.</Message>
          <StackTrace>    at System.Net.HttpWebRequest.GetResponse()
   at OpenQA.Selenium.Remote.HttpCommandExecutor.CreateResponse(WebRequest request)
 --- End of inner exception stack trace ---
    at OpenQA.Selenium.Remote.HttpCommandExecutor.CreateResponse(WebRequest request)
   at OpenQA.Selenium.Remote.HttpCommandExecutor.Execute(Command commandToExecute)
   at OpenQA.Selenium.Remote.DriverServiceCommandExecutor.Execute(Command commandToExecute)
   at OpenQA.Selenium.Remote.RemoteWebDriver.Execute(String driverCommandToExecute, Dictionary`2 parameters)
   at OpenQA.Selenium.Remote.RemoteCookieJar.DeleteAllCookies()
   at Nordstrom.Web.Test.UI.Common.CookieManager.DeleteAllCookies() in c:\LoyaltyWebTest\Web\Test\UI\Common\CookieManager.cs:line 40
   at Nordstrom.Web.Test.UI.Common.TestBase.TestSetup() in c:\LoyaltyWebTest\Web\Test\UI\Common\TestBase.cs:line 108
</StackTrace>
        </ErrorInfo>
      </Output>
    </UnitTestResult>
    <UnitTestResult executionId="60938ad6-1ee5-4726-b1bc-220f02dc7413" testId="d0950b0b-ed3c-7fe5-5ab1-a2a80aa43ac2" testName="SuccessAssociationPageModalPopupsValidation_AuthenticatedUserDidntGetACodeModalContentValidation_DidntGetACodeModalContentValidatedSuccessfully" computerName="MW00977477" duration="00:01:00.0167614" startTime="2015-12-27T16:49:40.3289762-08:00" endTime="2015-12-27T16:50:40.3469762-08:00" testType="13cdc9d9-ddb5-4fa4-a97d-d965ccfc6d4b" outcome="Failed" testListId="8c84fa94-04c1-424b-9868-57a2d4851a1d" relativeResultsDirectory="60938ad6-1ee5-4726-b1bc-220f02dc7413">
      <Output>
        <ErrorInfo>
          <Message>Initialization method Nordstrom.Web.Test.UI.LoyaltyWeb.LoyaltyTenderNeutralMobileVerificationPageTests.TestSetup threw exception. OpenQA.Selenium.WebDriverException: OpenQA.Selenium.WebDriverException: The HTTP request to the remote WebDriver server for URL http://localhost:38315/session/b0726632c10f7b38bfff6cf620176487/cookie timed out after 60 seconds. ---&gt; System.Net.WebException: The operation has timed out.</Message>
          <StackTrace>    at System.Net.HttpWebRequest.GetResponse()
   at OpenQA.Selenium.Remote.HttpCommandExecutor.CreateResponse(WebRequest request)
 --- End of inner exception stack trace ---
    at OpenQA.Selenium.Remote.HttpCommandExecutor.CreateResponse(WebRequest request)
   at OpenQA.Selenium.Remote.HttpCommandExecutor.Execute(Command commandToExecute)
   at OpenQA.Selenium.Remote.DriverServiceCommandExecutor.Execute(Command commandToExecute)
   at OpenQA.Selenium.Remote.RemoteWebDriver.Execute(String driverCommandToExecute, Dictionary`2 parameters)
   at OpenQA.Selenium.Remote.RemoteCookieJar.DeleteAllCookies()
   at Nordstrom.Web.Test.UI.Common.CookieManager.DeleteAllCookies() in c:\LoyaltyWebTest\Web\Test\UI\Common\CookieManager.cs:line 40
   at Nordstrom.Web.Test.UI.Common.TestBase.TestSetup() in c:\LoyaltyWebTest\Web\Test\UI\Common\TestBase.cs:line 108
</StackTrace>
        </ErrorInfo>
      </Output>
    </UnitTestResult>
    <UnitTestResult executionId="941de644-6446-4d63-90c9-0a00d054b2e4" testId="aa85e4af-cb36-19c8-0057-a6b24c106f4d" testName="SuccessAssociationPageModalPopupsValidation_AuthenticatedUserGetANewCodeModalContentValidation_GetANewCodeModalContentValidatedSuccessfully" computerName="MW00977477" duration="00:01:19.7681487" startTime="2015-12-27T16:50:40.3489762-08:00" endTime="2015-12-27T16:52:00.1149762-08:00" testType="13cdc9d9-ddb5-4fa4-a97d-d965ccfc6d4b" outcome="Failed" testListId="8c84fa94-04c1-424b-9868-57a2d4851a1d" relativeResultsDirectory="941de644-6446-4d63-90c9-0a00d054b2e4">
      <Output>
        <ErrorInfo>
          <Message>Initialization method Nordstrom.Web.Test.UI.LoyaltyWeb.LoyaltyTenderNeutralMobileVerificationPageTests.Init threw exception. System.Reflection.TargetInvocationException: System.Reflection.TargetInvocationException: Exception has been thrown by the target of an invocation. ---&gt; OpenQA.Selenium.WebDriverException: The HTTP request to the remote WebDriver server for URL http://localhost:38315/session/b0726632c10f7b38bfff6cf620176487/element/0.14085784647613764-4/click timed out after 60 seconds. ---&gt; System.Net.WebException: The operation has timed out.</Message>
          <StackTrace>    at System.Net.HttpWebRequest.GetResponse()
   at OpenQA.Selenium.Remote.HttpCommandExecutor.CreateResponse(WebRequest request)
 --- End of inner exception stack trace ---
    at OpenQA.Selenium.Remote.HttpCommandExecutor.CreateResponse(WebRequest request)
   at OpenQA.Selenium.Remote.HttpCommandExecutor.Execute(Command commandToExecute)
   at OpenQA.Selenium.Remote.DriverServiceCommandExecutor.Execute(Command commandToExecute)
   at OpenQA.Selenium.Remote.RemoteWebDriver.Execute(String driverCommandToExecute, Dictionary`2 parameters)
   at OpenQA.Selenium.Remote.RemoteWebElement.Click()
 --- End of inner exception stack trace ---
    at System.RuntimeMethodHandle.InvokeMethod(Object target, Object[] arguments, Signature sig, Boolean constructor)
   at System.Reflection.RuntimeMethodInfo.UnsafeInvokeInternal(Object obj, Object[] parameters, Object[] arguments)
   at System.Reflection.RuntimeMethodInfo.Invoke(Object obj, BindingFlags invokeAttr, Binder binder, Object[] parameters, CultureInfo culture)
   at OpenQA.Selenium.Support.PageObjects.WebDriverObjectProxy.InvokeMethod(IMethodCallMessage msg, Object representedValue)
   at OpenQA.Selenium.Support.PageObjects.WebElementProxy.Invoke(IMessage msg)
   at System.Runtime.Remoting.Proxies.RealProxy.PrivateInvoke(MessageData&amp; msgData, Int32 type)
   at OpenQA.Selenium.IWebElement.Click()
   at Nordstrom.ECommerce.Test.SeleniumHelper.SeleniumActionHelper.Click(By locator, IWebElement element)
   at Nordstrom.Web.Test.UI.Common.PageObjects.AdminPage.SetSettings(String settingName, String newValue) in c:\LoyaltyWebTest\Web\Test\UI\Common\PageObjects\AdminPage.cs:line 76
   at Nordstrom.Web.Test.UI.Common.CommonHelper.SetFlagValueOnAdminConsolePage(String setting, String newValue) in c:\LoyaltyWebTest\Web\Test\UI\Common\CommonHelper.cs:line 87
   at Nordstrom.Web.Test.UI.LoyaltyWeb.LoyaltyTenderNeutralMobileVerificationPageTests.Init() in c:\LoyaltyWebTest\Web\Test\UI\LoyaltyWeb\LoyaltyWebTest\LoyaltyWebTest\LoyaltyTenderNeutralMobileVerificationPageTests.cs:line 24
</StackTrace>
        </ErrorInfo>
      </Output>
    </UnitTestResult>
    <UnitTestResult executionId="db7780ff-14ae-497b-a155-66104715bcca" testId="f908d2f2-d10f-a35a-dcc7-beef8d7bcb26" testName="SuccessAssociationPageModalPopupsValidation_AuthenticatedUserSpecialCharacterinCodeField_ThrowsError" computerName="MW00977477" duration="00:01:00.0212710" startTime="2015-12-27T16:52:00.1179762-08:00" endTime="2015-12-27T16:53:00.1419762-08:00" testType="13cdc9d9-ddb5-4fa4-a97d-d965ccfc6d4b" outcome="Failed" testListId="8c84fa94-04c1-424b-9868-57a2d4851a1d" relativeResultsDirectory="db7780ff-14ae-497b-a155-66104715bcca">
      <Output>
        <ErrorInfo>
          <Message>Initialization method Nordstrom.Web.Test.UI.LoyaltyWeb.LoyaltyTenderNeutralMobileVerificationPageTests.TestSetup threw exception. OpenQA.Selenium.WebDriverException: OpenQA.Selenium.WebDriverException: The HTTP request to the remote WebDriver server for URL http://localhost:38315/session/b0726632c10f7b38bfff6cf620176487/cookie timed out after 60 seconds. ---&gt; System.Net.WebException: The operation has timed out.</Message>
          <StackTrace>    at System.Net.HttpWebRequest.GetResponse()
   at OpenQA.Selenium.Remote.HttpCommandExecutor.CreateResponse(WebRequest request)
 --- End of inner exception stack trace ---
    at OpenQA.Selenium.Remote.HttpCommandExecutor.CreateResponse(WebRequest request)
   at OpenQA.Selenium.Remote.HttpCommandExecutor.Execute(Command commandToExecute)
   at OpenQA.Selenium.Remote.DriverServiceCommandExecutor.Execute(Command commandToExecute)
   at OpenQA.Selenium.Remote.RemoteWebDriver.Execute(String driverCommandToExecute, Dictionary`2 parameters)
   at OpenQA.Selenium.Remote.RemoteCookieJar.DeleteAllCookies()
   at Nordstrom.Web.Test.UI.Common.CookieManager.DeleteAllCookies() in c:\LoyaltyWebTest\Web\Test\UI\Common\CookieManager.cs:line 40
   at Nordstrom.Web.Test.UI.Common.TestBase.TestSetup() in c:\LoyaltyWebTest\Web\Test\UI\Common\TestBase.cs:line 108
</StackTrace>
        </ErrorInfo>
      </Output>
    </UnitTestResult>
    <UnitTestResult executionId="33c98791-fa31-485a-9566-16b8b735dff0" testId="8d07d365-e6b3-65ac-7ac7-e1c25fe2e0cb" testName="SuccessAssociationPageModalPopupsValidation_CloseButtonGetANewCodeModalValidation_CloseButtonInGetANewCodeModalClosedModalSuccessfully" computerName="MW00977477" duration="00:01:00.0175195" startTime="2015-12-27T16:53:00.1469762-08:00" endTime="2015-12-27T16:54:00.1679762-08:00" testType="13cdc9d9-ddb5-4fa4-a97d-d965ccfc6d4b" outcome="Failed" testListId="8c84fa94-04c1-424b-9868-57a2d4851a1d" relativeResultsDirectory="33c98791-fa31-485a-9566-16b8b735dff0">
      <Output>
        <ErrorInfo>
          <Message>Initialization method Nordstrom.Web.Test.UI.LoyaltyWeb.LoyaltyTenderNeutralMobileVerificationPageTests.TestSetup threw exception. OpenQA.Selenium.WebDriverException: OpenQA.Selenium.WebDriverException: The HTTP request to the remote WebDriver server for URL http://localhost:38315/session/b0726632c10f7b38bfff6cf620176487/cookie timed out after 60 seconds. ---&gt; System.Net.WebException: The operation has timed out.</Message>
          <StackTrace>    at System.Net.HttpWebRequest.GetResponse()
   at OpenQA.Selenium.Remote.HttpCommandExecutor.CreateResponse(WebRequest request)
 --- End of inner exception stack trace ---
    at OpenQA.Selenium.Remote.HttpCommandExecutor.CreateResponse(WebRequest request)
   at OpenQA.Selenium.Remote.HttpCommandExecutor.Execute(Command commandToExecute)
   at OpenQA.Selenium.Remote.DriverServiceCommandExecutor.Execute(Command commandToExecute)
   at OpenQA.Selenium.Remote.RemoteWebDriver.Execute(String driverCommandToExecute, Dictionary`2 parameters)
   at OpenQA.Selenium.Remote.RemoteCookieJar.DeleteAllCookies()
   at Nordstrom.Web.Test.UI.Common.CookieManager.DeleteAllCookies() in c:\LoyaltyWebTest\Web\Test\UI\Common\CookieManager.cs:line 40
   at Nordstrom.Web.Test.UI.Common.TestBase.TestSetup() in c:\LoyaltyWebTest\Web\Test\UI\Common\TestBase.cs:line 108
</StackTrace>
        </ErrorInfo>
      </Output>
    </UnitTestResult>
    <UnitTestResult executionId="d1b7ea8f-672b-4394-9af2-6b9b3a6b9968" testId="8814ad4a-610b-1476-179c-7964a75f96e9" testName="SuccessAssociationPageModalPopupsValidation_CloseButtonInDidntGetACodeModalValidation_CloseButtonInDidntGetACodeModalClosedModalSuccessfully" computerName="MW00977477" duration="00:01:00.0244329" startTime="2015-12-27T16:54:00.1709762-08:00" endTime="2015-12-27T16:55:00.2019762-08:00" testType="13cdc9d9-ddb5-4fa4-a97d-d965ccfc6d4b" outcome="Failed" testListId="8c84fa94-04c1-424b-9868-57a2d4851a1d" relativeResultsDirectory="d1b7ea8f-672b-4394-9af2-6b9b3a6b9968">
      <Output>
        <ErrorInfo>
          <Message>Initialization method Nordstrom.Web.Test.UI.LoyaltyWeb.LoyaltyTenderNeutralMobileVerificationPageTests.TestSetup threw exception. OpenQA.Selenium.WebDriverException: OpenQA.Selenium.WebDriverException: The HTTP request to the remote WebDriver server for URL http://localhost:38315/session/b0726632c10f7b38bfff6cf620176487/cookie timed out after 60 seconds. ---&gt; System.Net.WebException: The operation has timed out.</Message>
          <StackTrace>    at System.Net.HttpWebRequest.GetResponse()
   at OpenQA.Selenium.Remote.HttpCommandExecutor.CreateResponse(WebRequest request)
 --- End of inner exception stack trace ---
    at OpenQA.Selenium.Remote.HttpCommandExecutor.CreateResponse(WebRequest request)
   at OpenQA.Selenium.Remote.HttpCommandExecutor.Execute(Command commandToExecute)
   at OpenQA.Selenium.Remote.DriverServiceCommandExecutor.Execute(Command commandToExecute)
   at OpenQA.Selenium.Remote.RemoteWebDriver.Execute(String driverCommandToExecute, Dictionary`2 parameters)
   at OpenQA.Selenium.Remote.RemoteCookieJar.DeleteAllCookies()
   at Nordstrom.Web.Test.UI.Common.CookieManager.DeleteAllCookies() in c:\LoyaltyWebTest\Web\Test\UI\Common\CookieManager.cs:line 40
   at Nordstrom.Web.Test.UI.Common.TestBase.TestSetup() in c:\LoyaltyWebTest\Web\Test\UI\Common\TestBase.cs:line 108
</StackTrace>
        </ErrorInfo>
      </Output>
    </UnitTestResult>
    <UnitTestResult executionId="11f8592e-ae43-41f7-a555-521a87cfce2d" testId="837239c5-67a3-15ad-e8a9-edc4254dd4db" testName="SuccessAssociationPageModalPopupsValidation_GuestUserDidntGetACodeModalContentValidation_DidntGetACodeModalContentValidatedSuccessfully" computerName="MW00977477" duration="00:01:00.0164956" startTime="2015-12-27T16:55:00.2049762-08:00" endTime="2015-12-27T16:56:00.2326722-08:00" testType="13cdc9d9-ddb5-4fa4-a97d-d965ccfc6d4b" outcome="Failed" testListId="8c84fa94-04c1-424b-9868-57a2d4851a1d" relativeResultsDirectory="11f8592e-ae43-41f7-a555-521a87cfce2d">
      <Output>
        <ErrorInfo>
          <Message>Initialization method Nordstrom.Web.Test.UI.LoyaltyWeb.LoyaltyTenderNeutralMobileVerificationPageTests.TestSetup threw exception. OpenQA.Selenium.WebDriverException: OpenQA.Selenium.WebDriverException: The HTTP request to the remote WebDriver server for URL http://localhost:38315/session/b0726632c10f7b38bfff6cf620176487/cookie timed out after 60 seconds. ---&gt; System.Net.WebException: The operation has timed out.</Message>
          <StackTrace>    at System.Net.HttpWebRequest.GetResponse()
   at OpenQA.Selenium.Remote.HttpCommandExecutor.CreateResponse(WebRequest request)
 --- End of inner exception stack trace ---
    at OpenQA.Selenium.Remote.HttpCommandExecutor.CreateResponse(WebRequest request)
   at OpenQA.Selenium.Remote.HttpCommandExecutor.Execute(Command commandToExecute)
   at OpenQA.Selenium.Remote.DriverServiceCommandExecutor.Execute(Command commandToExecute)
   at OpenQA.Selenium.Remote.RemoteWebDriver.Execute(String driverCommandToExecute, Dictionary`2 parameters)
   at OpenQA.Selenium.Remote.RemoteCookieJar.DeleteAllCookies()
   at Nordstrom.Web.Test.UI.Common.CookieManager.DeleteAllCookies() in c:\LoyaltyWebTest\Web\Test\UI\Common\CookieManager.cs:line 40
   at Nordstrom.Web.Test.UI.Common.TestBase.TestSetup() in c:\LoyaltyWebTest\Web\Test\UI\Common\TestBase.cs:line 108
</StackTrace>
        </ErrorInfo>
      </Output>
    </UnitTestResult>
    <UnitTestResult executionId="69c8586a-b2ab-47d6-9be9-c8d3a8196ada" testId="d7776958-df7b-aafc-c999-c6ac276b3cb8" testName="SuccessAssociationPageModalPopupsValidation_GuestUserGetANewCodeModalContentValidation_GetANewCodeModalContentValidatedSuccessfully" computerName="MW00977477" duration="00:00:41.7492220" startTime="2015-12-27T16:56:00.2336724-08:00" endTime="2015-12-27T16:56:41.9920224-08:00" testType="13cdc9d9-ddb5-4fa4-a97d-d965ccfc6d4b" outcome="Failed" testListId="8c84fa94-04c1-424b-9868-57a2d4851a1d" relativeResultsDirectory="69c8586a-b2ab-47d6-9be9-c8d3a8196ada">
      <Output>
        <DebugTrace>Store customer is successfully created.Page loaded succesfully with URL = https://tsecure.dev.nordstrom.com/Rewards/association.aspx
Page loaded succesfully with URL = https://tsecure.dev.nordstrom.com/Rewards/association.aspx
Store customer is successfully created.Page loaded succesfully with URL = https://tsecure.dev.nordstrom.com/Rewards/association.aspx
Page loaded succesfully with URL = https://tsecure.dev.nordstrom.com/Rewards/association.aspx
</DebugTrace>
        <ErrorInfo>
          <Message>Test method Nordstrom.Web.Test.UI.LoyaltyWeb.LoyaltyTenderNeutralMobileVerificationPageTests.SuccessAssociationPageModalPopupsValidation_GuestUserGetANewCodeModalContentValidation_GetANewCodeModalContentValidatedSuccessfully threw exception: 
System.InvalidOperationException: The certificate dwtcuscs is not present in the trusted root certificate authority.</Message>
          <StackTrace>    at Nordstrom.Web.Test.UI.LoyaltyWeb.HelperExtensions.GetCertificate() in c:\LoyaltyWebTest\Web\Test\UI\LoyaltyWeb\LoyaltyWebTest\LoyaltyWebTest\HelperExtensions.cs:line 420
   at Nordstrom.Web.Test.UI.LoyaltyWeb.HelperExtensions.CallCivsAPIToGetAValidCode(String phoneNumber) in c:\LoyaltyWebTest\Web\Test\UI\LoyaltyWeb\LoyaltyWebTest\LoyaltyWebTest\HelperExtensions.cs:line 350
   at Nordstrom.Web.Test.UI.LoyaltyWeb.LoyaltyTenderNeutralMobileVerificationPageTests.SuccessAssociationPageModalPopupsValidation_GuestUserGetANewCodeModalContentValidation_GetANewCodeModalContentValidatedSuccessfully() in c:\LoyaltyWebTest\Web\Test\UI\LoyaltyWeb\LoyaltyWebTest\LoyaltyWebTest\LoyaltyTenderNeutralMobileVerificationPageTests.cs:line 509
</StackTrace>
        </ErrorInfo>
      </Output>
    </UnitTestResult>
    <UnitTestResult executionId="4d408536-1646-4eb6-8ecd-391c3c9b7913" testId="70b5096a-4d76-50d1-927f-d842acd0d8ad" testName="SuccessAssociationPageModalPopupsValidation_GuestUserGetANewCodePhoneNumberValidation_PhoneNumberToAssociateValidatedSuccessfully" computerName="MW00977477" duration="00:00:38.5002705" startTime="2015-12-27T16:56:41.9930226-08:00" endTime="2015-12-27T16:57:20.5067238-08:00" testType="13cdc9d9-ddb5-4fa4-a97d-d965ccfc6d4b" outcome="Failed" testListId="8c84fa94-04c1-424b-9868-57a2d4851a1d" relativeResultsDirectory="4d408536-1646-4eb6-8ecd-391c3c9b7913">
      <Output>
        <DebugTrace>Store customer is successfully created.Page loaded succesfully with URL = https://tsecure.dev.nordstrom.com/Rewards/association.aspx
Page loaded succesfully with URL = https://tsecure.dev.nordstrom.com/Rewards/association.aspx
</DebugTrace>
        <ErrorInfo>
          <Message>Test method Nordstrom.Web.Test.UI.LoyaltyWeb.LoyaltyTenderNeutralMobileVerificationPageTests.SuccessAssociationPageModalPopupsValidation_GuestUserGetANewCodePhoneNumberValidation_PhoneNumberToAssociateValidatedSuccessfully threw exception: 
System.InvalidOperationException: The certificate dwtcuscs is not present in the trusted root certificate authority.</Message>
          <StackTrace>    at Nordstrom.Web.Test.UI.LoyaltyWeb.HelperExtensions.GetCertificate() in c:\LoyaltyWebTest\Web\Test\UI\LoyaltyWeb\LoyaltyWebTest\LoyaltyWebTest\HelperExtensions.cs:line 420
   at Nordstrom.Web.Test.UI.LoyaltyWeb.HelperExtensions.CallCivsAPIToGetAValidCode(String phoneNumber) in c:\LoyaltyWebTest\Web\Test\UI\LoyaltyWeb\LoyaltyWebTest\LoyaltyWebTest\HelperExtensions.cs:line 350
   at Nordstrom.Web.Test.UI.LoyaltyWeb.LoyaltyTenderNeutralMobileVerificationPageTests.SuccessAssociationPageModalPopupsValidation_GuestUserGetANewCodePhoneNumberValidation_PhoneNumberToAssociateValidatedSuccessfully() in c:\LoyaltyWebTest\Web\Test\UI\LoyaltyWeb\LoyaltyWebTest\LoyaltyWebTest\LoyaltyTenderNeutralMobileVerificationPageTests.cs:line 569
</StackTrace>
        </ErrorInfo>
      </Output>
    </UnitTestResult>
    <UnitTestResult executionId="3c29576b-6aa9-4ee3-af0b-b769cd518e25" testId="17ddc304-caf1-92fb-26b0-9e5ce0e35f12" testName="SuccessAssociationPageModalPopupsValidation_GuestUserMaximumLimitGetANewCodeClickValidation_ValidMessageDisplayedSuccessfully" computerName="MW00977477" duration="00:00:40.7879698" startTime="2015-12-27T16:57:20.5077240-08:00" endTime="2015-12-27T16:58:01.3058820-08:00" testType="13cdc9d9-ddb5-4fa4-a97d-d965ccfc6d4b" outcome="Failed" testListId="8c84fa94-04c1-424b-9868-57a2d4851a1d" relativeResultsDirectory="3c29576b-6aa9-4ee3-af0b-b769cd518e25">
      <Output>
        <DebugTrace>Store customer is successfully created.Page loaded succesfully with URL = https://tsecure.dev.nordstrom.com/Rewards/association.aspx
Page loaded succesfully with URL = https://tsecure.dev.nordstrom.com/Rewards/association.aspx
</DebugTrace>
        <ErrorInfo>
          <Message>Test method Nordstrom.Web.Test.UI.LoyaltyWeb.LoyaltyTenderNeutralMobileVerificationPageTests.SuccessAssociationPageModalPopupsValidation_GuestUserMaximumLimitGetANewCodeClickValidation_ValidMessageDisplayedSuccessfully threw exception: 
System.InvalidOperationException: The certificate dwtcuscs is not present in the trusted root certificate authority.</Message>
          <StackTrace>    at Nordstrom.Web.Test.UI.LoyaltyWeb.HelperExtensions.GetCertificate() in c:\LoyaltyWebTest\Web\Test\UI\LoyaltyWeb\LoyaltyWebTest\LoyaltyWebTest\HelperExtensions.cs:line 420
   at Nordstrom.Web.Test.UI.LoyaltyWeb.HelperExtensions.CallCivsAPIToGetAValidCode(String phoneNumber) in c:\LoyaltyWebTest\Web\Test\UI\LoyaltyWeb\LoyaltyWebTest\LoyaltyWebTest\HelperExtensions.cs:line 350
   at Nordstrom.Web.Test.UI.LoyaltyWeb.LoyaltyTenderNeutralMobileVerificationPageTests.SuccessAssociationPageModalPopupsValidation_GuestUserMaximumLimitGetANewCodeClickValidation_ValidMessageDisplayedSuccessfully() in c:\LoyaltyWebTest\Web\Test\UI\LoyaltyWeb\LoyaltyWebTest\LoyaltyWebTest\LoyaltyTenderNeutralMobileVerificationPageTests.cs:line 587
</StackTrace>
        </ErrorInfo>
      </Output>
    </UnitTestResult>
    <UnitTestResult executionId="2084b5f6-9cb0-4f8c-b4bf-9bb9dd843009" testId="47b1dee1-d457-b144-965d-3ecfde9a5fd1" testName="SuccessAssociationPageModalPopupsValidation_OkButtonGetANewCodeModalValidation_OkButtonInGetANewCodeModalClosedModalSuccessfully" computerName="MW00977477" duration="00:00:47.2487893" startTime="2015-12-27T16:58:01.3088826-08:00" endTime="2015-12-27T16:58:48.5683326-08:00" testType="13cdc9d9-ddb5-4fa4-a97d-d965ccfc6d4b" outcome="Failed" testListId="8c84fa94-04c1-424b-9868-57a2d4851a1d" relativeResultsDirectory="2084b5f6-9cb0-4f8c-b4bf-9bb9dd843009">
      <Output>
        <DebugTrace>Store customer is successfully created.Page loaded succesfully with URL = https://tsecure.dev.nordstrom.com/Rewards/association.aspx
Page loaded succesfully with URL = https://tsecure.dev.nordstrom.com/Rewards/association.aspx
Store customer is successfully created.Page loaded succesfully with URL = https://tsecure.dev.nordstrom.com/Rewards/association.aspx
Page loaded succesfully with URL = https://tsecure.dev.nordstrom.com/Rewards/association.aspx
</DebugTrace>
        <ErrorInfo>
          <Message>Test method Nordstrom.Web.Test.UI.LoyaltyWeb.LoyaltyTenderNeutralMobileVerificationPageTests.SuccessAssociationPageModalPopupsValidation_OkButtonGetANewCodeModalValidation_OkButtonInGetANewCodeModalClosedModalSuccessfully threw exception: 
System.InvalidOperationException: The certificate dwtcuscs is not present in the trusted root certificate authority.</Message>
          <StackTrace>    at Nordstrom.Web.Test.UI.LoyaltyWeb.HelperExtensions.GetCertificate() in c:\LoyaltyWebTest\Web\Test\UI\LoyaltyWeb\LoyaltyWebTest\LoyaltyWebTest\HelperExtensions.cs:line 420
   at Nordstrom.Web.Test.UI.LoyaltyWeb.HelperExtensions.CallCivsAPIToGetAValidCode(String phoneNumber) in c:\LoyaltyWebTest\Web\Test\UI\LoyaltyWeb\LoyaltyWebTest\LoyaltyWebTest\HelperExtensions.cs:line 350
   at Nordstrom.Web.Test.UI.LoyaltyWeb.LoyaltyTenderNeutralMobileVerificationPageTests.SuccessAssociationPageModalPopupsValidation_OkButtonGetANewCodeModalValidation_OkButtonInGetANewCodeModalClosedModalSuccessfully() in c:\LoyaltyWebTest\Web\Test\UI\LoyaltyWeb\LoyaltyWebTest\LoyaltyWebTest\LoyaltyTenderNeutralMobileVerificationPageTests.cs:line 485
</StackTrace>
        </ErrorInfo>
      </Output>
    </UnitTestResult>
    <UnitTestResult executionId="865fee49-9645-47b0-9b04-4876152f9208" testId="bc8bcbad-6dab-8a10-872a-1cd128e497ce" testName="SuccessAssociationPageModalPopupsValidation_OkButtonInDidntGetACodeModalValidation_OkButtonInDidntGetACodeModalClosedModalSuccessfully" computerName="MW00977477" duration="00:00:37.3545020" startTime="2015-12-27T16:58:48.5713332-08:00" endTime="2015-12-27T16:59:25.9348044-08:00" testType="13cdc9d9-ddb5-4fa4-a97d-d965ccfc6d4b" outcome="Failed" testListId="8c84fa94-04c1-424b-9868-57a2d4851a1d" relativeResultsDirectory="865fee49-9645-47b0-9b04-4876152f9208">
      <Output>
        <DebugTrace>Store customer is successfully created.Page loaded succesfully with URL = https://tsecure.dev.nordstrom.com/Rewards/association.aspx
Page loaded succesfully with URL = https://tsecure.dev.nordstrom.com/Rewards/association.aspx
Element is not Valid: Exception =Could not find element by: By.Id: lnkCodeNotReceived
'Didnt Get a code link is not visible on the Loyalty Tender Neutral mobile verification page
</DebugTrace>
        <ErrorInfo>
          <Message>Assert.IsTrue failed. Didn't get a code link is not present on mobile verification page</Message>
          <StackTrace>   at Nordstrom.Web.Test.UI.LoyaltyWeb.LoyaltyTenderNeutralMobileVerificationPageTests.SuccessAssociationPageModalPopupsValidation_OkButtonInDidntGetACodeModalValidation_OkButtonInDidntGetACodeModalClosedModalSuccessfully() in c:\LoyaltyWebTest\Web\Test\UI\LoyaltyWeb\LoyaltyWebTest\LoyaltyWebTest\LoyaltyTenderNeutralMobileVerificationPageTests.cs:line 452
</StackTrace>
        </ErrorInfo>
      </Output>
    </UnitTestResult>
    <UnitTestResult executionId="76c04807-88e2-4f2b-8031-ebd342ca0e07" testId="882fb25a-af60-c1a9-9ac5-8c717310c276" testName="TenderNeutralRewardsEnroll_LoyaltyTenderNeutralRegisteredAuthenticatedUser_EmailPrePopulationVerificationSuccessful" computerName="MW00977477" duration="00:01:37.9581918" startTime="2015-12-27T16:59:25.9368048-08:00" endTime="2015-12-27T17:01:03.9081844-08:00" testType="13cdc9d9-ddb5-4fa4-a97d-d965ccfc6d4b" outcome="Failed" testListId="8c84fa94-04c1-424b-9868-57a2d4851a1d" relativeResultsDirectory="76c04807-88e2-4f2b-8031-ebd342ca0e07">
      <Output>
        <DebugTrace>Page loaded succesfully with URL = https://tsecure.dev.nordstrom.com/signIn.aspx
Page loaded succesfully with URL = https://tsecure.dev.nordstrom.com/signIn.aspx
Page loaded succesfully with URL = https://tsecure.dev.nordstrom.com/signIn.aspx
Page loaded succesfully with URL = https://tsecure.dev.nordstrom.com/signIn.aspx
Timed out waiting for element to be visible with locator: By.CssSelector: #ctl00_backgroundOverlay
WaitForElementToDisappear: Given Locator did not appear after 10 seconds - but ok - locator id: By.CssSelector: #ctl00_backgroundOverlay
Timed out waiting for element to be visible with locator: By.LinkText: Sign Out
VerifyCreatedAccount: some kind of client Error is visible
CreateNordAccount: Exception occured when creating new account: exception = 'Assert.IsTrue failed. Verify a new account has been created successfully'
Page loaded succesfully with URL = https://tsecure.dev.nordstrom.com/Rewards/join.aspx
</DebugTrace>
        <ErrorInfo>
          <Message>Assert.IsFalse failed. Client side error occured on Loyalty Tender Neutral Register Page</Message>
          <StackTrace>   at Nordstrom.Web.Test.UI.LoyaltyWeb.LoyaltyTenderNeutralMobileVerificationPageTests.TenderNeutralRewardsEnroll_LoyaltyTenderNeutralRegisteredAuthenticatedUser_EmailPrePopulationVerificationSuccessful() in c:\LoyaltyWebTest\Web\Test\UI\LoyaltyWeb\LoyaltyWebTest\LoyaltyWebTest\LoyaltyTenderNeutralMobileVerificationPageTests.cs:line 142
</StackTrace>
        </ErrorInfo>
      </Output>
    </UnitTestResult>
    <UnitTestResult executionId="f763446a-9751-40cc-8fc5-0055e40fa8cd" testId="a7a8df94-1db0-153a-c800-e2df07e46ab8" testName="TenderNeutralRewardsEnroll_LoyaltyTNAuthenticatedUserAlphanumericCharacterInCodeField_ThrowseError" computerName="MW00977477" duration="00:01:25.2483635" startTime="2015-12-27T17:01:03.9101846-08:00" endTime="2015-12-27T17:02:29.1677095-08:00" testType="13cdc9d9-ddb5-4fa4-a97d-d965ccfc6d4b" outcome="Failed" testListId="8c84fa94-04c1-424b-9868-57a2d4851a1d" relativeResultsDirectory="f763446a-9751-40cc-8fc5-0055e40fa8cd">
      <Output>
        <DebugTrace>Page loaded succesfully with URL = https://tsecure.dev.nordstrom.com/signIn.aspx
Page loaded succesfully with URL = https://tsecure.dev.nordstrom.com/signIn.aspx
Page loaded succesfully with URL = https://tsecure.dev.nordstrom.com/signIn.aspx
Page loaded succesfully with URL = https://tsecure.dev.nordstrom.com/signIn.aspx
Timed out waiting for element to be visible with locator: By.CssSelector: #ctl00_backgroundOverlay
WaitForElementToDisappear: Given Locator did not appear after 10 seconds - but ok - locator id: By.CssSelector: #ctl00_backgroundOverlay
Timed out waiting for element to be visible with locator: By.LinkText: Sign Out
VerifyCreatedAccount: some kind of client Error is visible
CreateNordAccount: Exception occured when creating new account: exception = 'Assert.IsTrue failed. Verify a new account has been created successfully'
Page loaded succesfully with URL = https://tsecure.dev.nordstrom.com/Rewards/join.aspx
Timed out waiting for element to be visible with locator: By.Id: ctl00_backgroundOverlayProgress
Page loaded succesfully with URL = https://tsecure.dev.nordstrom.com/Rewards/join.aspx
Page loaded succesfully with URL = https://tsecure.dev.nordstrom.com/Rewards/join.aspx
Timed out waiting for element to be visible with locator: By.Id: ctl00_mainContentPlaceHolder_btnVerify
</DebugTrace>
        <ErrorInfo>
          <Message>Assert.IsTrue failed. Navigation to mobile verification page after clicking on Join button on Loyalty Register page is not successful</Message>
          <StackTrace>   at Nordstrom.Web.Test.UI.LoyaltyWeb.LoyaltyTenderNeutralMobileVerificationPageTests.TenderNeutralRewardsEnroll_LoyaltyTNAuthenticatedUserAlphanumericCharacterInCodeField_ThrowseError() in c:\LoyaltyWebTest\Web\Test\UI\LoyaltyWeb\LoyaltyWebTest\LoyaltyWebTest\LoyaltyTenderNeutralMobileVerificationPageTests.cs:line 184
</StackTrace>
        </ErrorInfo>
      </Output>
    </UnitTestResult>
    <UnitTestResult executionId="b4378023-9cff-434a-9124-6535a6a36d31" testId="884a4ca8-cd4f-64c9-09ad-1d353ec31c8c" testName="TenderNeutralRewardsEnroll_LoyaltyTNAuthenticatedUserFBlankCodeField_ThrowseError" computerName="MW00977477" duration="00:01:22.8984030" startTime="2015-12-27T17:02:29.1687096-08:00" endTime="2015-12-27T17:03:52.0779997-08:00" testType="13cdc9d9-ddb5-4fa4-a97d-d965ccfc6d4b" outcome="Failed" testListId="8c84fa94-04c1-424b-9868-57a2d4851a1d" relativeResultsDirectory="b4378023-9cff-434a-9124-6535a6a36d31">
      <Output>
        <DebugTrace>Page loaded succesfully with URL = https://tsecure.dev.nordstrom.com/signIn.aspx
Page loaded succesfully with URL = https://tsecure.dev.nordstrom.com/signIn.aspx
Page loaded succesfully with URL = https://tsecure.dev.nordstrom.com/signIn.aspx
Page loaded succesfully with URL = https://tsecure.dev.nordstrom.com/signIn.aspx
Timed out waiting for element to be visible with locator: By.CssSelector: #ctl00_backgroundOverlay
WaitForElementToDisappear: Given Locator did not appear after 10 seconds - but ok - locator id: By.CssSelector: #ctl00_backgroundOverlay
Timed out waiting for element to be visible with locator: By.LinkText: Sign Out
VerifyCreatedAccount: some kind of client Error is visible
CreateNordAccount: Exception occured when creating new account: exception = 'Assert.IsTrue failed. Verify a new account has been created successfully'
Page loaded succesfully with URL = https://tsecure.dev.nordstrom.com/Rewards/join.aspx
Timed out waiting for element to be visible with locator: By.Id: ctl00_backgroundOverlayProgress
Page loaded succesfully with URL = https://tsecure.dev.nordstrom.com/Rewards/join.aspx
Page loaded succesfully with URL = https://tsecure.dev.nordstrom.com/Rewards/join.aspx
Timed out waiting for element to be visible with locator: By.Id: ctl00_mainContentPlaceHolder_btnVerify
</DebugTrace>
        <ErrorInfo>
          <Message>Assert.IsTrue failed. Navigation to mobile verification page after clicking on Join button on Loyalty Register page is not successful</Message>
          <StackTrace>   at Nordstrom.Web.Test.UI.LoyaltyWeb.LoyaltyTenderNeutralMobileVerificationPageTests.TenderNeutralRewardsEnroll_LoyaltyTNAuthenticatedUserFBlankCodeField_ThrowseError() in c:\LoyaltyWebTest\Web\Test\UI\LoyaltyWeb\LoyaltyWebTest\LoyaltyWebTest\LoyaltyTenderNeutralMobileVerificationPageTests.cs:line 252
</StackTrace>
        </ErrorInfo>
      </Output>
    </UnitTestResult>
    <UnitTestResult executionId="cfc96512-8a27-4ae8-b78f-eebbe6247e23" testId="f95a6f19-ee3b-53de-cf88-883fcaddfe39" testName="TenderNeutralRewardsEnroll_LoyaltyTNAuthenticatedUserFiveDigitsInCodeField_ThrowseError" computerName="MW00977477" duration="00:01:22.8684786" startTime="2015-12-27T17:03:52.0799999-08:00" endTime="2015-12-27T17:05:14.9552866-08:00" testType="13cdc9d9-ddb5-4fa4-a97d-d965ccfc6d4b" outcome="Failed" testListId="8c84fa94-04c1-424b-9868-57a2d4851a1d" relativeResultsDirectory="cfc96512-8a27-4ae8-b78f-eebbe6247e23">
      <Output>
        <DebugTrace>Page loaded succesfully with URL = https://tsecure.dev.nordstrom.com/signIn.aspx
Page loaded succesfully with URL = https://tsecure.dev.nordstrom.com/signIn.aspx
Page loaded succesfully with URL = https://tsecure.dev.nordstrom.com/signIn.aspx
Page loaded succesfully with URL = https://tsecure.dev.nordstrom.com/signIn.aspx
Timed out waiting for element to be visible with locator: By.CssSelector: #ctl00_backgroundOverlay
WaitForElementToDisappear: Given Locator did not appear after 10 seconds - but ok - locator id: By.CssSelector: #ctl00_backgroundOverlay
Timed out waiting for element to be visible with locator: By.LinkText: Sign Out
VerifyCreatedAccount: some kind of client Error is visible
CreateNordAccount: Exception occured when creating new account: exception = 'Assert.IsTrue failed. Verify a new account has been created successfully'
Page loaded succesfully with URL = https://tsecure.dev.nordstrom.com/Rewards/join.aspx
Timed out waiting for element to be visible with locator: By.Id: ctl00_backgroundOverlayProgress
Page loaded succesfully with URL = https://tsecure.dev.nordstrom.com/Rewards/join.aspx
Page loaded succesfully with URL = https://tsecure.dev.nordstrom.com/Rewards/join.aspx
Timed out waiting for element to be visible with locator: By.Id: ctl00_mainContentPlaceHolder_btnVerify
</DebugTrace>
        <ErrorInfo>
          <Message>Assert.IsTrue failed. Navigation to mobile verification page after clicking on Join button on Loyalty Register page is not successful</Message>
          <StackTrace>   at Nordstrom.Web.Test.UI.LoyaltyWeb.LoyaltyTenderNeutralMobileVerificationPageTests.TenderNeutralRewardsEnroll_LoyaltyTNAuthenticatedUserFiveDigitsInCodeField_ThrowseError() in c:\LoyaltyWebTest\Web\Test\UI\LoyaltyWeb\LoyaltyWebTest\LoyaltyWebTest\LoyaltyTenderNeutralMobileVerificationPageTests.cs:line 235
</StackTrace>
        </ErrorInfo>
      </Output>
    </UnitTestResult>
    <UnitTestResult executionId="c11cb302-bb2d-491e-a2dd-6a0680efbc5f" testId="3757ab62-2418-b96f-a6e8-6a2ddff7f5be" testName="TenderNeutralRewardsEnroll_LoyaltyTNAuthenticatedUserLessThanSixDigitsInCodeField_ThrowseError" computerName="MW00977477" duration="00:01:26.3230179" startTime="2015-12-27T17:05:14.9572868-08:00" endTime="2015-12-27T17:06:41.2919194-08:00" testType="13cdc9d9-ddb5-4fa4-a97d-d965ccfc6d4b" outcome="Failed" testListId="8c84fa94-04c1-424b-9868-57a2d4851a1d" relativeResultsDirectory="c11cb302-bb2d-491e-a2dd-6a0680efbc5f">
      <Output>
        <DebugTrace>Page loaded succesfully with URL = https://tsecure.dev.nordstrom.com/signIn.aspx
Page loaded succesfully with URL = https://tsecure.dev.nordstrom.com/signIn.aspx
Page loaded succesfully with URL = https://tsecure.dev.nordstrom.com/signIn.aspx
Page loaded succesfully with URL = https://tsecure.dev.nordstrom.com/signIn.aspx
Timed out waiting for element to be visible with locator: By.CssSelector: #ctl00_backgroundOverlay
WaitForElementToDisappear: Given Locator did not appear after 10 seconds - but ok - locator id: By.CssSelector: #ctl00_backgroundOverlay
Timed out waiting for element to be visible with locator: By.LinkText: Sign Out
VerifyCreatedAccount: some kind of client Error is visible
CreateNordAccount: Exception occured when creating new account: exception = 'Assert.IsTrue failed. Verify a new account has been created successfully'
Page loaded succesfully with URL = https://tsecure.dev.nordstrom.com/Rewards/join.aspx
Timed out waiting for element to be visible with locator: By.Id: ctl00_backgroundOverlayProgress
Page loaded succesfully with URL = https://tsecure.dev.nordstrom.com/Rewards/join.aspx
Page loaded succesfully with URL = https://tsecure.dev.nordstrom.com/Rewards/join.aspx
Timed out waiting for element to be visible with locator: By.Id: ctl00_mainContentPlaceHolder_btnVerify
</DebugTrace>
        <ErrorInfo>
          <Message>Assert.IsTrue failed. Navigation to mobile verification page after clicking on Join button on Loyalty Register page is not successful</Message>
          <StackTrace>   at Nordstrom.Web.Test.UI.LoyaltyWeb.LoyaltyTenderNeutralMobileVerificationPageTests.TenderNeutralRewardsEnroll_LoyaltyTNAuthenticatedUserLessThanSixDigitsInCodeField_ThrowseError() in c:\LoyaltyWebTest\Web\Test\UI\LoyaltyWeb\LoyaltyWebTest\LoyaltyWebTest\LoyaltyTenderNeutralMobileVerificationPageTests.cs:line 201
</StackTrace>
        </ErrorInfo>
      </Output>
    </UnitTestResult>
    <UnitTestResult executionId="87d9aa6b-d06e-4499-bbdf-7721a99d94d6" testId="ee8371a4-6a8c-8220-7b9b-c4b425e74e47" testName="TenderNeutralRewardsEnroll_LoyaltyTNAuthenticatedUserMaximumInvlaidEntryinCodeField_ThrowsError" computerName="MW00977477" duration="00:01:25.0977343" startTime="2015-12-27T17:06:41.2939196-08:00" endTime="2015-12-27T17:08:06.3984292-08:00" testType="13cdc9d9-ddb5-4fa4-a97d-d965ccfc6d4b" outcome="Failed" testListId="8c84fa94-04c1-424b-9868-57a2d4851a1d" relativeResultsDirectory="87d9aa6b-d06e-4499-bbdf-7721a99d94d6">
      <Output>
        <DebugTrace>Page loaded succesfully with URL = https://tsecure.dev.nordstrom.com/signIn.aspx
Page loaded succesfully with URL = https://tsecure.dev.nordstrom.com/signIn.aspx
Page loaded succesfully with URL = https://tsecure.dev.nordstrom.com/signIn.aspx
Page loaded succesfully with URL = https://tsecure.dev.nordstrom.com/signIn.aspx
Timed out waiting for element to be visible with locator: By.CssSelector: #ctl00_backgroundOverlay
WaitForElementToDisappear: Given Locator did not appear after 10 seconds - but ok - locator id: By.CssSelector: #ctl00_backgroundOverlay
Timed out waiting for element to be visible with locator: By.LinkText: Sign Out
VerifyCreatedAccount: some kind of client Error is visible
CreateNordAccount: Exception occured when creating new account: exception = 'Assert.IsTrue failed. Verify a new account has been created successfully'
Page loaded succesfully with URL = https://tsecure.dev.nordstrom.com/Rewards/join.aspx
Timed out waiting for element to be visible with locator: By.Id: ctl00_backgroundOverlayProgress
Page loaded succesfully with URL = https://tsecure.dev.nordstrom.com/Rewards/join.aspx
Page loaded succesfully with URL = https://tsecure.dev.nordstrom.com/Rewards/join.aspx
Timed out waiting for element to be visible with locator: By.Id: ctl00_mainContentPlaceHolder_btnVerify
</DebugTrace>
        <ErrorInfo>
          <Message>Assert.IsTrue failed. Navigation to mobile verification page after clicking on Join button on Loyalty Register page is not successful</Message>
          <StackTrace>   at Nordstrom.Web.Test.UI.LoyaltyWeb.LoyaltyTenderNeutralMobileVerificationPageTests.TenderNeutralRewardsEnroll_LoyaltyTNAuthenticatedUserMaximumInvlaidEntryinCodeField_ThrowsError() in c:\LoyaltyWebTest\Web\Test\UI\LoyaltyWeb\LoyaltyWebTest\LoyaltyWebTest\LoyaltyTenderNeutralMobileVerificationPageTests.cs:line 385
</StackTrace>
        </ErrorInfo>
      </Output>
    </UnitTestResult>
    <UnitTestResult executionId="f4ca0771-5461-472b-9b5b-8e098fbf7ea3" testId="5d94c71d-df20-d6cd-d92c-a694e0aa36bf" testName="TenderNeutralRewardsEnroll_LoyaltyTNAuthenticatedUserSevenDigitsInCodeField_ThrowseError" computerName="MW00977477" duration="00:01:31.1924671" startTime="2015-12-27T17:08:06.3994293-08:00" endTime="2015-12-27T17:09:37.6015486-08:00" testType="13cdc9d9-ddb5-4fa4-a97d-d965ccfc6d4b" outcome="Failed" testListId="8c84fa94-04c1-424b-9868-57a2d4851a1d" relativeResultsDirectory="f4ca0771-5461-472b-9b5b-8e098fbf7ea3">
      <Output>
        <DebugTrace>Page loaded succesfully with URL = https://tsecure.dev.nordstrom.com/signIn.aspx
Page loaded succesfully with URL = https://tsecure.dev.nordstrom.com/signIn.aspx
Page loaded succesfully with URL = https://tsecure.dev.nordstrom.com/signIn.aspx
Page loaded succesfully with URL = https://tsecure.dev.nordstrom.com/signIn.aspx
Timed out waiting for element to be visible with locator: By.CssSelector: #ctl00_backgroundOverlay
WaitForElementToDisappear: Given Locator did not appear after 10 seconds - but ok - locator id: By.CssSelector: #ctl00_backgroundOverlay
Timed out waiting for element to be visible with locator: By.LinkText: Sign Out
VerifyCreatedAccount: some kind of client Error is visible
CreateNordAccount: Exception occured when creating new account: exception = 'Assert.IsTrue failed. Verify a new account has been created successfully'
Page loaded succesfully with URL = https://tsecure.dev.nordstrom.com/Rewards/join.aspx
Timed out waiting for element to be visible with locator: By.Id: ctl00_backgroundOverlayProgress
Page loaded succesfully with URL = https://tsecure.dev.nordstrom.com/Rewards/join.aspx
Page loaded succesfully with URL = https://tsecure.dev.nordstrom.com/Rewards/join.aspx
Timed out waiting for element to be visible with locator: By.Id: ctl00_mainContentPlaceHolder_btnVerify
</DebugTrace>
        <ErrorInfo>
          <Message>Assert.IsTrue failed. Navigation to mobile verification page after clicking on Join button on Loyalty Register page is not successful</Message>
          <StackTrace>   at Nordstrom.Web.Test.UI.LoyaltyWeb.LoyaltyTenderNeutralMobileVerificationPageTests.TenderNeutralRewardsEnroll_LoyaltyTNAuthenticatedUserSevenDigitsInCodeField_ThrowseError() in c:\LoyaltyWebTest\Web\Test\UI\LoyaltyWeb\LoyaltyWebTest\LoyaltyWebTest\LoyaltyTenderNeutralMobileVerificationPageTests.cs:line 218
</StackTrace>
        </ErrorInfo>
      </Output>
    </UnitTestResult>
    <UnitTestResult executionId="2c61fd86-8cf4-4f9d-991f-dfe88aece37f" testId="7003bcc1-5465-4329-b7ef-878c9e819482" testName="TenderNeutralRewardsEnroll_LoyaltyTNAuthenticatedUserSpecialCharacterinCodeField_ThrowseError" computerName="MW00977477" duration="00:01:21.8893010" startTime="2015-12-27T17:09:37.6085493-08:00" endTime="2015-12-27T17:10:59.5077384-08:00" testType="13cdc9d9-ddb5-4fa4-a97d-d965ccfc6d4b" outcome="Failed" testListId="8c84fa94-04c1-424b-9868-57a2d4851a1d" relativeResultsDirectory="2c61fd86-8cf4-4f9d-991f-dfe88aece37f">
      <Output>
        <DebugTrace>Page loaded succesfully with URL = https://tsecure.dev.nordstrom.com/signIn.aspx
Page loaded succesfully with URL = https://tsecure.dev.nordstrom.com/signIn.aspx
Page loaded succesfully with URL = https://tsecure.dev.nordstrom.com/signIn.aspx
Page loaded succesfully with URL = https://tsecure.dev.nordstrom.com/signIn.aspx
Timed out waiting for element to be visible with locator: By.CssSelector: #ctl00_backgroundOverlay
WaitForElementToDisappear: Given Locator did not appear after 10 seconds - but ok - locator id: By.CssSelector: #ctl00_backgroundOverlay
Timed out waiting for element to be visible with locator: By.LinkText: Sign Out
VerifyCreatedAccount: some kind of client Error is visible
CreateNordAccount: Exception occured when creating new account: exception = 'Assert.IsTrue failed. Verify a new account has been created successfully'
Page loaded succesfully with URL = https://tsecure.dev.nordstrom.com/Rewards/join.aspx
Timed out waiting for element to be visible with locator: By.Id: ctl00_backgroundOverlayProgress
Page loaded succesfully with URL = https://tsecure.dev.nordstrom.com/Rewards/join.aspx
Page loaded succesfully with URL = https://tsecure.dev.nordstrom.com/Rewards/join.aspx
Timed out waiting for element to be visible with locator: By.Id: ctl00_mainContentPlaceHolder_btnVerify
</DebugTrace>
        <ErrorInfo>
          <Message>Assert.IsTrue failed. Navigation to mobile verification page after clicking on Join button on Loyalty Register page is not successful</Message>
          <StackTrace>   at Nordstrom.Web.Test.UI.LoyaltyWeb.LoyaltyTenderNeutralMobileVerificationPageTests.TenderNeutralRewardsEnroll_LoyaltyTNAuthenticatedUserSpecialCharacterinCodeField_ThrowseError() in c:\LoyaltyWebTest\Web\Test\UI\LoyaltyWeb\LoyaltyWebTest\LoyaltyWebTest\LoyaltyTenderNeutralMobileVerificationPageTests.cs:line 162
</StackTrace>
        </ErrorInfo>
      </Output>
    </UnitTestResult>
    <UnitTestResult executionId="6d789d71-edc4-4d9a-8c39-03d8b3ecf669" testId="f2fbd149-e2af-5637-9417-20622b33fae0" testName="LoyaltyWelcomePage_BonusPointEventsLink_ShouldHaveValidURL" computerName="MW00977477" duration="00:00:45.0138636" startTime="2015-12-27T17:10:59.5097386-08:00" endTime="2015-12-27T17:11:44.5292401-08:00" testType="13cdc9d9-ddb5-4fa4-a97d-d965ccfc6d4b" outcome="Passed" testListId="8c84fa94-04c1-424b-9868-57a2d4851a1d" relativeResultsDirectory="6d789d71-edc4-4d9a-8c39-03d8b3ecf669">
      <Output>
        <DebugTrace>Page loaded succesfully with URL = https://tsecure.dev.nordstrom.com/signIn.aspx
Page loaded succesfully with URL = https://tsecure.dev.nordstrom.com/signIn.aspx
Page loaded succesfully with URL = https://tsecure.dev.nordstrom.com/signIn.aspx
Page loaded succesfully with URL = https://tsecure.dev.nordstrom.com/signIn.aspx
Timed out waiting for element to be visible with locator: By.CssSelector: #ctl00_backgroundOverlay
WaitForElementToDisappear: Given Locator did not appear after 10 seconds - but ok - locator id: By.CssSelector: #ctl00_backgroundOverlay
Timed out waiting for element to be visible with locator: By.LinkText: Sign Out
VerifyCreatedAccount: some kind of client Error is visible
CreateNordAccount: Exception occured when creating new account: exception = 'Assert.IsTrue failed. Verify a new account has been created successfully'
Page loaded succesfully with URL = http://d.aws.loyaltyweb.dev.nordstrom.com/Rewards/Welcome
Page loaded succesfully with URL = http://d.aws.loyaltyweb.dev.nordstrom.com/Rewards/Welcome
Page loaded succesfully with URL = http://d.aws.loyaltyweb.dev.nordstrom.com/Rewards/Welcome
Page loaded succesfully with URL = http://d.aws.loyaltyweb.dev.nordstrom.com/Rewards/Welcome
</DebugTrace>
      </Output>
    </UnitTestResult>
    <UnitTestResult executionId="8ef106d3-9ace-4627-96e6-56bae25112aa" testId="a4820a9f-81f2-f74a-e78b-327ea50d8b48" testName="LoyaltyWelcomePage_HauteLookLogo_ShouldRender" computerName="MW00977477" duration="00:00:41.0630165" startTime="2015-12-27T17:11:44.5302402-08:00" endTime="2015-12-27T17:12:25.5993467-08:00" testType="13cdc9d9-ddb5-4fa4-a97d-d965ccfc6d4b" outcome="Passed" testListId="8c84fa94-04c1-424b-9868-57a2d4851a1d" relativeResultsDirectory="8ef106d3-9ace-4627-96e6-56bae25112aa">
      <Output>
        <DebugTrace>Page loaded succesfully with URL = https://tsecure.dev.nordstrom.com/signIn.aspx
Page loaded succesfully with URL = https://tsecure.dev.nordstrom.com/signIn.aspx
Page loaded succesfully with URL = https://tsecure.dev.nordstrom.com/signIn.aspx
Page loaded succesfully with URL = https://tsecure.dev.nordstrom.com/signIn.aspx
Timed out waiting for element to be visible with locator: By.CssSelector: #ctl00_backgroundOverlay
WaitForElementToDisappear: Given Locator did not appear after 10 seconds - but ok - locator id: By.CssSelector: #ctl00_backgroundOverlay
Timed out waiting for element to be visible with locator: By.LinkText: Sign Out
VerifyCreatedAccount: some kind of client Error is visible
CreateNordAccount: Exception occured when creating new account: exception = 'Assert.IsTrue failed. Verify a new account has been created successfully'
Page loaded succesfully with URL = http://d.aws.loyaltyweb.dev.nordstrom.com/Rewards/Welcome
Page loaded succesfully with URL = http://d.aws.loyaltyweb.dev.nordstrom.com/Rewards/Welcome
Page loaded succesfully with URL = http://d.aws.loyaltyweb.dev.nordstrom.com/Rewards/Welcome
Page loaded succesfully with URL = http://d.aws.loyaltyweb.dev.nordstrom.com/Rewards/Welcome
</DebugTrace>
      </Output>
    </UnitTestResult>
    <UnitTestResult executionId="55476b1a-0d54-4cf4-9d52-e7f1bcfef873" testId="6e08402d-8997-90dc-9b66-886438ad27db" testName="LoyaltyWelcomePage_NordstromLogo_ShouldRender" computerName="MW00977477" duration="00:00:40.5828335" startTime="2015-12-27T17:12:25.6013469-08:00" endTime="2015-12-27T17:13:06.1813175-08:00" testType="13cdc9d9-ddb5-4fa4-a97d-d965ccfc6d4b" outcome="Passed" testListId="8c84fa94-04c1-424b-9868-57a2d4851a1d" relativeResultsDirectory="55476b1a-0d54-4cf4-9d52-e7f1bcfef873">
      <Output>
        <DebugTrace>Page loaded succesfully with URL = https://tsecure.dev.nordstrom.com/signIn.aspx
Page loaded succesfully with URL = https://tsecure.dev.nordstrom.com/signIn.aspx
Page loaded succesfully with URL = https://tsecure.dev.nordstrom.com/signIn.aspx
Page loaded succesfully with URL = https://tsecure.dev.nordstrom.com/signIn.aspx
Timed out waiting for element to be visible with locator: By.CssSelector: #ctl00_backgroundOverlay
WaitForElementToDisappear: Given Locator did not appear after 10 seconds - but ok - locator id: By.CssSelector: #ctl00_backgroundOverlay
Timed out waiting for element to be visible with locator: By.LinkText: Sign Out
VerifyCreatedAccount: some kind of client Error is visible
CreateNordAccount: Exception occured when creating new account: exception = 'Assert.IsTrue failed. Verify a new account has been created successfully'
Page loaded succesfully with URL = http://d.aws.loyaltyweb.dev.nordstrom.com/Rewards/Welcome
Page loaded succesfully with URL = http://d.aws.loyaltyweb.dev.nordstrom.com/Rewards/Welcome
Page loaded succesfully with URL = http://d.aws.loyaltyweb.dev.nordstrom.com/Rewards/Welcome
Page loaded succesfully with URL = http://d.aws.loyaltyweb.dev.nordstrom.com/Rewards/Welcome
</DebugTrace>
      </Output>
    </UnitTestResult>
    <UnitTestResult executionId="96116f64-7b24-47aa-86b0-e28c9744143e" testId="c03a005c-b69d-99fa-b651-b26bd5d00566" testName="LoyaltyWelcomePage_RackLogo_ShouldRender" computerName="MW00977477" duration="00:00:41.1303799" startTime="2015-12-27T17:13:06.1833173-08:00" endTime="2015-12-27T17:13:47.3102042-08:00" testType="13cdc9d9-ddb5-4fa4-a97d-d965ccfc6d4b" outcome="Passed" testListId="8c84fa94-04c1-424b-9868-57a2d4851a1d" relativeResultsDirectory="96116f64-7b24-47aa-86b0-e28c9744143e">
      <Output>
        <DebugTrace>Page loaded succesfully with URL = https://tsecure.dev.nordstrom.com/signIn.aspx
Page loaded succesfully with URL = https://tsecure.dev.nordstrom.com/signIn.aspx
Page loaded succesfully with URL = https://tsecure.dev.nordstrom.com/signIn.aspx
Page loaded succesfully with URL = https://tsecure.dev.nordstrom.com/signIn.aspx
Timed out waiting for element to be visible with locator: By.CssSelector: #ctl00_backgroundOverlay
WaitForElementToDisappear: Given Locator did not appear after 10 seconds - but ok - locator id: By.CssSelector: #ctl00_backgroundOverlay
Timed out waiting for element to be visible with locator: By.LinkText: Sign Out
VerifyCreatedAccount: some kind of client Error is visible
CreateNordAccount: Exception occured when creating new account: exception = 'Assert.IsTrue failed. Verify a new account has been created successfully'
Page loaded succesfully with URL = http://d.aws.loyaltyweb.dev.nordstrom.com/Rewards/Welcome
Page loaded succesfully with URL = http://d.aws.loyaltyweb.dev.nordstrom.com/Rewards/Welcome
Page loaded succesfully with URL = http://d.aws.loyaltyweb.dev.nordstrom.com/Rewards/Welcome
Page loaded succesfully with URL = http://d.aws.loyaltyweb.dev.nordstrom.com/Rewards/Welcome
</DebugTrace>
      </Output>
    </UnitTestResult>
    <UnitTestResult executionId="855f8ae7-f03b-4d52-bcd1-9bbfc419ccb3" testId="e3a562d7-b300-5f52-06c2-7be31e66bd96" testName="LoyaltyWelcomePage_WhenTypeRightURL_ShouldRenderWelcomePage" computerName="MW00977477" duration="00:00:40.8492645" startTime="2015-12-27T17:13:47.3142038-08:00" endTime="2015-12-27T17:14:28.1631185-08:00" testType="13cdc9d9-ddb5-4fa4-a97d-d965ccfc6d4b" outcome="Passed" testListId="8c84fa94-04c1-424b-9868-57a2d4851a1d" relativeResultsDirectory="855f8ae7-f03b-4d52-bcd1-9bbfc419ccb3">
      <Output>
        <DebugTrace>Page loaded succesfully with URL = https://tsecure.dev.nordstrom.com/signIn.aspx
Page loaded succesfully with URL = https://tsecure.dev.nordstrom.com/signIn.aspx
Page loaded succesfully with URL = https://tsecure.dev.nordstrom.com/signIn.aspx
Page loaded succesfully with URL = https://tsecure.dev.nordstrom.com/signIn.aspx
Timed out waiting for element to be visible with locator: By.CssSelector: #ctl00_backgroundOverlay
WaitForElementToDisappear: Given Locator did not appear after 10 seconds - but ok - locator id: By.CssSelector: #ctl00_backgroundOverlay
Timed out waiting for element to be visible with locator: By.LinkText: Sign Out
VerifyCreatedAccount: some kind of client Error is visible
CreateNordAccount: Exception occured when creating new account: exception = 'Assert.IsTrue failed. Verify a new account has been created successfully'
Page loaded succesfully with URL = http://d.aws.loyaltyweb.dev.nordstrom.com/Rewards/Welcome
Page loaded succesfully with URL = http://d.aws.loyaltyweb.dev.nordstrom.com/Rewards/Welcome
Page loaded succesfully with URL = http://d.aws.loyaltyweb.dev.nordstrom.com/Rewards/Welcome
Page loaded succesfully with URL = http://d.aws.loyaltyweb.dev.nordstrom.com/Rewards/Welcome
</DebugTrace>
      </Output>
    </UnitTestResult>
    <UnitTestResult executionId="8bea873f-042e-44ce-bac7-abd9a34398e4" testId="e7dc9dd3-4cd3-3bf6-c7c0-12fcc1c1c5cd" testName="TenderNeutralAssociation_When15MinutesPassAsAuthenticatedUser_ChangeToRecognizeUserAndInfoDisappear" computerName="MW00977477" duration="00:01:01.3935156" startTime="2015-12-27T17:14:28.1641184-08:00" endTime="2015-12-27T17:15:29.5529789-08:00" testType="13cdc9d9-ddb5-4fa4-a97d-d965ccfc6d4b" outcome="Failed" testListId="8c84fa94-04c1-424b-9868-57a2d4851a1d" relativeResultsDirectory="8bea873f-042e-44ce-bac7-abd9a34398e4">
      <Output>
        <DebugTrace>Store customer is successfully created.Page loaded succesfully with URL = https://tsecure.dev.nordstrom.com/signIn.aspx
Page loaded succesfully with URL = https://tsecure.dev.nordstrom.com/signIn.aspx
Page loaded succesfully with URL = https://tsecure.dev.nordstrom.com/signIn.aspx
Timed out waiting for element to be visible with locator: By.CssSelector: #ctl00_backgroundOverlay
WaitForElementToDisappear: Given Locator did not appear after 10 seconds - but ok - locator id: By.CssSelector: #ctl00_backgroundOverlay
Timed out waiting for element to be visible with locator: By.LinkText: Sign Out
Timed out waiting for element to be visible with locator: By.LinkText: Sign Out
VerifyCreatedAccount: sign out link is not visible
</DebugTrace>
        <ErrorInfo>
          <Message>Assert.IsTrue failed. A new account failed to create an account.</Message>
          <StackTrace>   at Nordstrom.Web.Test.UI.LoyaltyWeb.UserSensitiveDataCases.TenderNeutralAssociation_When15MinutesPassAsAuthenticatedUser_ChangeToRecognizeUserAndInfoDisappear() in c:\LoyaltyWebTest\Web\Test\UI\LoyaltyWeb\LoyaltyWebTest\LoyaltyWebTest\UserSensitiveDataCases.cs:line 94
</StackTrace>
        </ErrorInfo>
      </Output>
    </UnitTestResult>
    <UnitTestResult executionId="17e48470-dbe3-43f9-ba49-307604e23cd8" testId="dea7da76-cc4d-9db9-653c-019847e5cc46" testName="TenderNeutralAssociation_When15MinutesPassAsGuestUser_EnteredInfoDisappear" computerName="MW00977477" duration="00:01:26.4028604" startTime="2015-12-27T17:15:29.5539788-08:00" endTime="2015-12-27T17:16:55.9473386-08:00" testType="13cdc9d9-ddb5-4fa4-a97d-d965ccfc6d4b" outcome="Passed" testListId="8c84fa94-04c1-424b-9868-57a2d4851a1d" relativeResultsDirectory="17e48470-dbe3-43f9-ba49-307604e23cd8">
      <Output>
        <DebugTrace>Store customer is successfully created.Page loaded succesfully with URL = https://tsecure.dev.nordstrom.com/Rewards/association.aspx
Page loaded succesfully with URL = https://tsecure.dev.nordstrom.com/Rewards/association.aspx
</DebugTrace>
      </Output>
    </UnitTestResult>
    <UnitTestResult executionId="0f0d7cc7-66e5-4be5-89a1-dd2f88ff52a2" testId="988daa97-185a-b36c-e2bb-1662c7eee467" testName="TenderNeutralEnroll_When15MinutesPassWithoutAuthenticatedUserActivity_ExpectSessionTimeoutInfoShowAndUserInfoDisappear" computerName="MW00977477" duration="00:02:08.6599618" startTime="2015-12-27T17:16:55.9493384-08:00" endTime="2015-12-27T17:19:04.6033631-08:00" testType="13cdc9d9-ddb5-4fa4-a97d-d965ccfc6d4b" outcome="Failed" testListId="8c84fa94-04c1-424b-9868-57a2d4851a1d" relativeResultsDirectory="0f0d7cc7-66e5-4be5-89a1-dd2f88ff52a2">
      <Output>
        <DebugTrace>Page loaded succesfully with URL = https://tsecure.dev.nordstrom.com/signIn.aspx
Page loaded succesfully with URL = https://tsecure.dev.nordstrom.com/signIn.aspx
Page loaded succesfully with URL = https://tsecure.dev.nordstrom.com/signIn.aspx
Page loaded succesfully with URL = https://tsecure.dev.nordstrom.com/signIn.aspx
Timed out waiting for element to be visible with locator: By.CssSelector: #ctl00_backgroundOverlay
WaitForElementToDisappear: Given Locator did not appear after 10 seconds - but ok - locator id: By.CssSelector: #ctl00_backgroundOverlay
Timed out waiting for element to be visible with locator: By.LinkText: Sign Out
Timed out waiting for element to be visible with locator: By.LinkText: Sign Out
VerifyCreatedAccount: sign out link is not visible
CreateNordAccount: Exception occured when creating new account: exception = 'Assert.IsTrue failed. Verify a new account has been created successfully'
Page loaded succesfully with URL = https://tsecure.dev.nordstrom.com/Rewards/join.aspx
</DebugTrace>
        <ErrorInfo>
          <Message>Test method Nordstrom.Web.Test.UI.LoyaltyWeb.UserSensitiveDataCases.TenderNeutralEnroll_When15MinutesPassWithoutAuthenticatedUserActivity_ExpectSessionTimeoutInfoShowAndUserInfoDisappear threw exception: 
OpenQA.Selenium.NoSuchElementException: Could not find element by: By.CssSelector: ctl00_mainContentPlaceHolder_FirstNameResource</Message>
          <StackTrace>    at OpenQA.Selenium.Support.PageObjects.DefaultElementLocator.LocateElement(IEnumerable`1 bys)
   at OpenQA.Selenium.Support.PageObjects.WebElementProxy.get_Element()
   at OpenQA.Selenium.Support.PageObjects.WebElementProxy.Invoke(IMessage msg)
   at System.Runtime.Remoting.Proxies.RealProxy.PrivateInvoke(MessageData&amp; msgData, Int32 type)
   at OpenQA.Selenium.IWebElement.get_Text()
   at Nordstrom.Web.Test.UI.Common.PageObjects.LoyaltyRegisterPage.VerifyEnrollPageForAuthenticatedUserSensitiveDataDisappear() in c:\LoyaltyWebTest\Web\Test\UI\Common\PageObjects\LoyaltyRegisterPage.cs:line 647
   at Nordstrom.Web.Test.UI.LoyaltyWeb.UserSensitiveDataCases.TenderNeutralEnroll_When15MinutesPassWithoutAuthenticatedUserActivity_ExpectSessionTimeoutInfoShowAndUserInfoDisappear() in c:\LoyaltyWebTest\Web\Test\UI\LoyaltyWeb\LoyaltyWebTest\LoyaltyWebTest\UserSensitiveDataCases.cs:line 43
</StackTrace>
        </ErrorInfo>
      </Output>
    </UnitTestResult>
    <UnitTestResult executionId="45a4c67f-7a99-4c84-9833-b6a3767c4552" testId="dbe39e81-54e6-8534-594e-60312842c80d" testName="TenderNeutralEnroll_When15MinutesPassWithoutUserActivityAndTestSecureShopperSessionFeatureFlagOff_ExpectSessionTimeoutInfoShowAndUserInfoDisappear" computerName="MW00977477" duration="00:02:13.0618546" startTime="2015-12-27T17:19:04.6053631-08:00" endTime="2015-12-27T17:21:17.6643631-08:00" testType="13cdc9d9-ddb5-4fa4-a97d-d965ccfc6d4b" outcome="Failed" testListId="8c84fa94-04c1-424b-9868-57a2d4851a1d" relativeResultsDirectory="45a4c67f-7a99-4c84-9833-b6a3767c4552">
      <Output>
        <DebugTrace>Page loaded succesfully with URL = https://tsecure.dev.nordstrom.com/signIn.aspx
Page loaded succesfully with URL = https://tsecure.dev.nordstrom.com/signIn.aspx
Page loaded succesfully with URL = https://tsecure.dev.nordstrom.com/signIn.aspx
Page loaded succesfully with URL = https://tsecure.dev.nordstrom.com/signIn.aspx
Timed out waiting for element to be visible with locator: By.CssSelector: #ctl00_backgroundOverlay
WaitForElementToDisappear: Given Locator did not appear after 10 seconds - but ok - locator id: By.CssSelector: #ctl00_backgroundOverlay
Timed out waiting for element to be visible with locator: By.LinkText: Sign Out
Timed out waiting for element to be visible with locator: By.LinkText: Sign Out
VerifyCreatedAccount: sign out link is not visible
CreateNordAccount: Exception occured when creating new account: exception = 'Assert.IsTrue failed. Verify a new account has been created successfully'
Page loaded succesfully with URL = https://tsecure.dev.nordstrom.com/Rewards/join.aspx
</DebugTrace>
        <ErrorInfo>
          <Message>Test method Nordstrom.Web.Test.UI.LoyaltyWeb.UserSensitiveDataCases.TenderNeutralEnroll_When15MinutesPassWithoutUserActivityAndTestSecureShopperSessionFeatureFlagOff_ExpectSessionTimeoutInfoShowAndUserInfoDisappear threw exception: 
OpenQA.Selenium.NoSuchElementException: Could not find element by: By.CssSelector: ctl00_mainContentPlaceHolder_FirstNameResource</Message>
          <StackTrace>    at OpenQA.Selenium.Support.PageObjects.DefaultElementLocator.LocateElement(IEnumerable`1 bys)
   at OpenQA.Selenium.Support.PageObjects.WebElementProxy.get_Element()
   at OpenQA.Selenium.Support.PageObjects.WebElementProxy.Invoke(IMessage msg)
   at System.Runtime.Remoting.Proxies.RealProxy.PrivateInvoke(MessageData&amp; msgData, Int32 type)
   at OpenQA.Selenium.IWebElement.get_Text()
   at Nordstrom.Web.Test.UI.Common.PageObjects.LoyaltyRegisterPage.VerifyEnrollPageForAuthenticatedUserSensitiveDataDisappear() in c:\LoyaltyWebTest\Web\Test\UI\Common\PageObjects\LoyaltyRegisterPage.cs:line 647
   at Nordstrom.Web.Test.UI.LoyaltyWeb.UserSensitiveDataCases.TenderNeutralEnroll_When15MinutesPassWithoutUserActivityAndTestSecureShopperSessionFeatureFlagOff_ExpectSessionTimeoutInfoShowAndUserInfoDisappear() in c:\LoyaltyWebTest\Web\Test\UI\LoyaltyWeb\LoyaltyWebTest\LoyaltyWebTest\UserSensitiveDataCases.cs:line 68
</StackTrace>
        </ErrorInfo>
      </Output>
    </UnitTestResult>
  </Results>
</TestRun>