<?xml version="1.0" encoding="UTF-8"?>
<TestRun id="fee56ffa-0c92-48a0-a9c2-187ba2539ca0" name="X3G9@MW00977477 2015-12-26 17:16:50" runUser="NORD\X3G9" xmlns="http://microsoft.com/schemas/VisualStudio/TeamTest/2010">
  <TestSettings name="Default Test Settings" id="83c73179-a44d-44ac-a27f-6f9d2991631e">
    <Execution>
      <TestTypeSpecific />
      <AgentRule name="Execution Agents">
      </AgentRule>
    </Execution>
    <Deployment runDeploymentRoot="X3G9_MW00977477 2015-12-26 17_16_50" />
    <Properties />
  </TestSettings>
  <Times creation="2015-12-26T17:16:50.8495098-08:00" queuing="2015-12-26T17:16:51.9035098-08:00" start="2015-12-26T17:16:51.9955098-08:00" finish="2015-12-26T19:53:14.6044683-08:00" />
  <ResultSummary outcome="Failed">
    <Counters total="168" executed="168" passed="58" error="0" failed="104" timeout="0" aborted="0" inconclusive="6" passedButRunAborted="0" notRunnable="0" notExecuted="0" disconnected="0" warning="0" completed="0" inProgress="0" pending="0" />
    <RunInfos>
      <RunInfo computerName="MW00977477" outcome="Warning" timestamp="2015-12-26T17:16:51.1275098-08:00">
        <Text>Warning: Test Run deployment issue: The assembly or module 'RestSharp' directly or indirectly referenced by the test container 'c:\loyaltywebtest\web\test\ui\loyaltyweb\loyaltywebtest\loyaltywebtest\bin\debug\nordstrom.web.test.ui.loyaltyweb.dll' was not found.</Text>
      </RunInfo>
    </RunInfos>
  </ResultSummary>
  <TestDefinitions>
    <UnitTest name="TenderNeutralRewardsEnroll_MarketingPreferenceForRecognizedUser_MarketingPreferenceNotDisplayed" storage="c:\loyaltywebtest\web\test\ui\loyaltyweb\loyaltywebtest\loyaltywebtest\bin\debug\nordstrom.web.test.ui.loyaltyweb.dll" id="01347002-569a-eb94-de92-c8249c2837bc">
      <Description>Verify that the marketing preference is not displayed on Loyalty register page for a recognized user</Description>
      <TestCategory>
        <TestCategoryItem TestCategory="LoyaltyTenderNeutral" />
        <TestCategoryItem TestCategory="Enroll" />
      </TestCategory>
      <DeploymentItems>
        <DeploymentItem filename="ExternalBinaries" outputDirectory=".\ExternalBinaries" />
        <DeploymentItem filename="TestData" outputDirectory=".\TestData" />
        <DeploymentItem filename="TestRunConfig" outputDirectory=".\TestRunConfig" />
      </DeploymentItems>
      <Execution id="5278bc18-074b-4746-b3ff-8c4aa8ce6481" />
      <TestMethod codeBase="C:/LoyaltyWebTest/Web/Test/UI/LoyaltyWeb/LoyaltyWebTest/LoyaltyWebTest/bin/Debug/Nordstrom.Web.Test.UI.LoyaltyWeb.DLL" adapterTypeName="Microsoft.VisualStudio.TestTools.TestTypes.Unit.UnitTestAdapter, Microsoft.VisualStudio.QualityTools.Tips.UnitTest.Adapter, Version=12.0.0.0, Culture=neutral, PublicKeyToken=b03f5f7f11d50a3a" className="Nordstrom.Web.Test.UI.LoyaltyWeb.LoyaltyRegisterTests, Nordstrom.Web.Test.UI.LoyaltyWeb, Version=1.0.0.0, Culture=neutral, PublicKeyToken=null" name="TenderNeutralRewardsEnroll_MarketingPreferenceForRecognizedUser_MarketingPreferenceNotDisplayed" />
    </UnitTest>
    <UnitTest name="TenderNeutralRewardsEnroll_EnrollingWebGuestUserWithMoreThan16CharactersInFirstName_ThrowsError" storage="c:\loyaltywebtest\web\test\ui\loyaltyweb\loyaltywebtest\loyaltywebtest\bin\debug\nordstrom.web.test.ui.loyaltyweb.dll" id="d2a5ca71-63b3-74b7-abd6-f4ce50c7e642">
      <Description>Verify that First Name field cannot take more than 16 characters</Description>
      <TestCategory>
        <TestCategoryItem TestCategory="LoyaltyTenderNeutral" />
        <TestCategoryItem TestCategory="Enroll" />
      </TestCategory>
      <DeploymentItems>
        <DeploymentItem filename="ExternalBinaries" outputDirectory=".\ExternalBinaries" />
        <DeploymentItem filename="TestData" outputDirectory=".\TestData" />
        <DeploymentItem filename="TestRunConfig" outputDirectory=".\TestRunConfig" />
      </DeploymentItems>
      <Execution id="ebf2c13c-e25c-40d9-b00f-df93b0603610" />
      <TestMethod codeBase="C:/LoyaltyWebTest/Web/Test/UI/LoyaltyWeb/LoyaltyWebTest/LoyaltyWebTest/bin/Debug/Nordstrom.Web.Test.UI.LoyaltyWeb.DLL" adapterTypeName="Microsoft.VisualStudio.TestTools.TestTypes.Unit.UnitTestAdapter, Microsoft.VisualStudio.QualityTools.Tips.UnitTest.Adapter, Version=12.0.0.0, Culture=neutral, PublicKeyToken=b03f5f7f11d50a3a" className="Nordstrom.Web.Test.UI.LoyaltyWeb.LoyaltyRegisterTests, Nordstrom.Web.Test.UI.LoyaltyWeb, Version=1.0.0.0, Culture=neutral, PublicKeyToken=null" name="TenderNeutralRewardsEnroll_EnrollingWebGuestUserWithMoreThan16CharactersInFirstName_ThrowsError" />
    </UnitTest>
    <UnitTest name="MobileVerificationPage_WhenEnrolledUserTypeExpiredCode_ShouldGetExpiredErrorMessage" storage="c:\loyaltywebtest\web\test\ui\loyaltyweb\loyaltywebtest\loyaltywebtest\bin\debug\nordstrom.web.test.ui.loyaltyweb.dll" id="49a974b3-ec64-d3af-0151-561a64779c12">
      <Description>One minute after valid code is passed, the user enters the code and get expired messages</Description>
      <TestCategory>
        <TestCategoryItem TestCategory="LoyaltyTenderNeutral" />
        <TestCategoryItem TestCategory="MobileVerification" />
      </TestCategory>
      <DeploymentItems>
        <DeploymentItem filename="ExternalBinaries" outputDirectory=".\ExternalBinaries" />
        <DeploymentItem filename="TestData" outputDirectory=".\TestData" />
        <DeploymentItem filename="TestRunConfig" outputDirectory=".\TestRunConfig" />
      </DeploymentItems>
      <Execution id="fc1d6bcb-c49d-492c-924c-be335b08d425" />
      <TestMethod codeBase="C:/LoyaltyWebTest/Web/Test/UI/LoyaltyWeb/LoyaltyWebTest/LoyaltyWebTest/bin/Debug/Nordstrom.Web.Test.UI.LoyaltyWeb.DLL" adapterTypeName="Microsoft.VisualStudio.TestTools.TestTypes.Unit.UnitTestAdapter, Microsoft.VisualStudio.QualityTools.Tips.UnitTest.Adapter, Version=12.0.0.0, Culture=neutral, PublicKeyToken=b03f5f7f11d50a3a" className="Nordstrom.Web.Test.UI.LoyaltyWeb.LoyaltyTenderNeutralMobileVerificationPageTests, Nordstrom.Web.Test.UI.LoyaltyWeb, Version=1.0.0.0, Culture=neutral, PublicKeyToken=null" name="MobileVerificationPage_WhenEnrolledUserTypeExpiredCode_ShouldGetExpiredErrorMessage" />
    </UnitTest>
    <UnitTest name="TenderNeutralRewardsEnroll_LoyaltyTenderNeutralRegisteredAuthenticatedUser_EmailPrePopulationVerificationSuccessful" storage="c:\loyaltywebtest\web\test\ui\loyaltyweb\loyaltywebtest\loyaltywebtest\bin\debug\nordstrom.web.test.ui.loyaltyweb.dll" id="882fb25a-af60-c1a9-9ac5-8c717310c276">
      <Description>Verify pre-population of mobile number on loyalty mobile verification page for a TN enrolled user</Description>
      <TestCategory>
        <TestCategoryItem TestCategory="LoyaltyTenderNeutral" />
        <TestCategoryItem TestCategory="MobileVerification" />
      </TestCategory>
      <DeploymentItems>
        <DeploymentItem filename="ExternalBinaries" outputDirectory=".\ExternalBinaries" />
        <DeploymentItem filename="TestData" outputDirectory=".\TestData" />
        <DeploymentItem filename="TestRunConfig" outputDirectory=".\TestRunConfig" />
      </DeploymentItems>
      <Execution id="b4883a29-1a9e-4f03-a0d3-a653175c98eb" />
      <TestMethod codeBase="C:/LoyaltyWebTest/Web/Test/UI/LoyaltyWeb/LoyaltyWebTest/LoyaltyWebTest/bin/Debug/Nordstrom.Web.Test.UI.LoyaltyWeb.DLL" adapterTypeName="Microsoft.VisualStudio.TestTools.TestTypes.Unit.UnitTestAdapter, Microsoft.VisualStudio.QualityTools.Tips.UnitTest.Adapter, Version=12.0.0.0, Culture=neutral, PublicKeyToken=b03f5f7f11d50a3a" className="Nordstrom.Web.Test.UI.LoyaltyWeb.LoyaltyTenderNeutralMobileVerificationPageTests, Nordstrom.Web.Test.UI.LoyaltyWeb, Version=1.0.0.0, Culture=neutral, PublicKeyToken=null" name="TenderNeutralRewardsEnroll_LoyaltyTenderNeutralRegisteredAuthenticatedUser_EmailPrePopulationVerificationSuccessful" />
    </UnitTest>
    <UnitTest name="TenderNeutralRewardsEnroll_LoyaltyTenderNeutralUnrecognisedUserLeaveFirstNameFieldBlankTabOut_ErrorMessageDisplayedSuccessfully" storage="c:\loyaltywebtest\web\test\ui\loyaltyweb\loyaltywebtest\loyaltywebtest\bin\debug\nordstrom.web.test.ui.loyaltyweb.dll" id="32087f87-3ab9-f41c-43c0-e6fe3bc56d49">
      <Description>Verify that error message appear for first name field when it is left blank and we tab out for unrecognised user</Description>
      <TestCategory>
        <TestCategoryItem TestCategory="LoyaltyTenderNeutral" />
        <TestCategoryItem TestCategory="Enroll" />
      </TestCategory>
      <DeploymentItems>
        <DeploymentItem filename="ExternalBinaries" outputDirectory=".\ExternalBinaries" />
        <DeploymentItem filename="TestData" outputDirectory=".\TestData" />
        <DeploymentItem filename="TestRunConfig" outputDirectory=".\TestRunConfig" />
      </DeploymentItems>
      <Execution id="1e4e2d5f-ae94-448f-841d-34b31e9296fe" />
      <TestMethod codeBase="C:/LoyaltyWebTest/Web/Test/UI/LoyaltyWeb/LoyaltyWebTest/LoyaltyWebTest/bin/Debug/Nordstrom.Web.Test.UI.LoyaltyWeb.DLL" adapterTypeName="Microsoft.VisualStudio.TestTools.TestTypes.Unit.UnitTestAdapter, Microsoft.VisualStudio.QualityTools.Tips.UnitTest.Adapter, Version=12.0.0.0, Culture=neutral, PublicKeyToken=b03f5f7f11d50a3a" className="Nordstrom.Web.Test.UI.LoyaltyWeb.LoyaltyRegisterTests, Nordstrom.Web.Test.UI.LoyaltyWeb, Version=1.0.0.0, Culture=neutral, PublicKeyToken=null" name="TenderNeutralRewardsEnroll_LoyaltyTenderNeutralUnrecognisedUserLeaveFirstNameFieldBlankTabOut_ErrorMessageDisplayedSuccessfully" />
    </UnitTest>
    <UnitTest name="TenderNeutralAssociation_AuthenticateddUserEnrolledFromStoreGoToWebAssociationPage_ShouldSucceed" storage="c:\loyaltywebtest\web\test\ui\loyaltyweb\loyaltywebtest\loyaltywebtest\bin\debug\nordstrom.web.test.ui.loyaltyweb.dll" id="ff928513-162d-e085-f145-dee35035d811">
      <Description>Verify that when authenticated user enrolled into loyalty from Store  goes to Association page, he can type in his email and phone number and associate to loyalty program.</Description>
      <TestCategory>
        <TestCategoryItem TestCategory="LoyaltyTenderNeutral" />
        <TestCategoryItem TestCategory="Association" />
      </TestCategory>
      <DeploymentItems>
        <DeploymentItem filename="ExternalBinaries" outputDirectory=".\ExternalBinaries" />
        <DeploymentItem filename="TestData" outputDirectory=".\TestData" />
        <DeploymentItem filename="TestRunConfig" outputDirectory=".\TestRunConfig" />
      </DeploymentItems>
      <Execution id="ab445e5a-2108-4da5-960d-4736e38b093b" />
      <TestMethod codeBase="C:/LoyaltyWebTest/Web/Test/UI/LoyaltyWeb/LoyaltyWebTest/LoyaltyWebTest/bin/Debug/Nordstrom.Web.Test.UI.LoyaltyWeb.DLL" adapterTypeName="Microsoft.VisualStudio.TestTools.TestTypes.Unit.UnitTestAdapter, Microsoft.VisualStudio.QualityTools.Tips.UnitTest.Adapter, Version=12.0.0.0, Culture=neutral, PublicKeyToken=b03f5f7f11d50a3a" className="Nordstrom.Web.Test.UI.LoyaltyWeb.LoyaltyAssociationTests, Nordstrom.Web.Test.UI.LoyaltyWeb, Version=1.0.0.0, Culture=neutral, PublicKeyToken=null" name="TenderNeutralAssociation_AuthenticateddUserEnrolledFromStoreGoToWebAssociationPage_ShouldSucceed" />
    </UnitTest>
    <UnitTest name="MobileVerificationPageModalPopupsValidation_OkButtonInDidntGetACodeModalValidation_OkButtonInDidntGetACodeModalClosedModalSuccessfully" storage="c:\loyaltywebtest\web\test\ui\loyaltyweb\loyaltywebtest\loyaltywebtest\bin\debug\nordstrom.web.test.ui.loyaltyweb.dll" id="899e75ac-735e-e41d-941c-31a4337e1cb7">
      <Description>Didn't Get A Code Modal Popup OK Button Functionality verification</Description>
      <TestCategory>
        <TestCategoryItem TestCategory="LoyaltyTenderNeutral" />
        <TestCategoryItem TestCategory="MobileVerification" />
      </TestCategory>
      <DeploymentItems>
        <DeploymentItem filename="ExternalBinaries" outputDirectory=".\ExternalBinaries" />
        <DeploymentItem filename="TestData" outputDirectory=".\TestData" />
        <DeploymentItem filename="TestRunConfig" outputDirectory=".\TestRunConfig" />
      </DeploymentItems>
      <Execution id="7f56680f-900f-4b8c-a5ca-732d3a3da883" />
      <TestMethod codeBase="C:/LoyaltyWebTest/Web/Test/UI/LoyaltyWeb/LoyaltyWebTest/LoyaltyWebTest/bin/Debug/Nordstrom.Web.Test.UI.LoyaltyWeb.DLL" adapterTypeName="Microsoft.VisualStudio.TestTools.TestTypes.Unit.UnitTestAdapter, Microsoft.VisualStudio.QualityTools.Tips.UnitTest.Adapter, Version=12.0.0.0, Culture=neutral, PublicKeyToken=b03f5f7f11d50a3a" className="Nordstrom.Web.Test.UI.LoyaltyWeb.LoyaltyTenderNeutralMobileVerificationPageTests, Nordstrom.Web.Test.UI.LoyaltyWeb, Version=1.0.0.0, Culture=neutral, PublicKeyToken=null" name="MobileVerificationPageModalPopupsValidation_OkButtonInDidntGetACodeModalValidation_OkButtonInDidntGetACodeModalClosedModalSuccessfully" />
    </UnitTest>
    <UnitTest name="MobileVerificationPageModalPopupsValidation_CloseButtonInGetANewCodeModalValidation_CloseButtonInGetANewCodeModalClosesModalSuccessfully" storage="c:\loyaltywebtest\web\test\ui\loyaltyweb\loyaltywebtest\loyaltywebtest\bin\debug\nordstrom.web.test.ui.loyaltyweb.dll" id="2dc10e4d-0215-3f23-67b5-47a4fe1b7ab1">
      <Description>'Get a new code' Modal Popup Close Button Modal dismissal behavior validation</Description>
      <TestCategory>
        <TestCategoryItem TestCategory="LoyaltyTenderNeutral" />
        <TestCategoryItem TestCategory="MobileVerification" />
      </TestCategory>
      <DeploymentItems>
        <DeploymentItem filename="ExternalBinaries" outputDirectory=".\ExternalBinaries" />
        <DeploymentItem filename="TestData" outputDirectory=".\TestData" />
        <DeploymentItem filename="TestRunConfig" outputDirectory=".\TestRunConfig" />
      </DeploymentItems>
      <Execution id="fbb8d581-87d3-4b36-8aa9-5faef2dc99c4" />
      <TestMethod codeBase="C:/LoyaltyWebTest/Web/Test/UI/LoyaltyWeb/LoyaltyWebTest/LoyaltyWebTest/bin/Debug/Nordstrom.Web.Test.UI.LoyaltyWeb.DLL" adapterTypeName="Microsoft.VisualStudio.TestTools.TestTypes.Unit.UnitTestAdapter, Microsoft.VisualStudio.QualityTools.Tips.UnitTest.Adapter, Version=12.0.0.0, Culture=neutral, PublicKeyToken=b03f5f7f11d50a3a" className="Nordstrom.Web.Test.UI.LoyaltyWeb.LoyaltyTenderNeutralMobileVerificationPageTests, Nordstrom.Web.Test.UI.LoyaltyWeb, Version=1.0.0.0, Culture=neutral, PublicKeyToken=null" name="MobileVerificationPageModalPopupsValidation_CloseButtonInGetANewCodeModalValidation_CloseButtonInGetANewCodeModalClosesModalSuccessfully" />
    </UnitTest>
    <UnitTest name="ApplyAndBuy_ExistingRegisteredUserShoppingWithDebitCard_DebitCardSucessfullyAddedToWallet" storage="c:\loyaltywebtest\web\test\ui\loyaltyweb\loyaltywebtest\loyaltywebtest\bin\debug\nordstrom.web.test.ui.loyaltyweb.dll" id="f9a9e1f4-5a08-8418-6a8e-2e0be49bdb45">
      <Description>Log in as a registered user and apply for a nordstrom debit card and verifying the account summary for the newly added instant approved card</Description>
      <TestCategory>
        <TestCategoryItem TestCategory="ApplyAndBuy" />
      </TestCategory>
      <DeploymentItems>
        <DeploymentItem filename="ExternalBinaries" outputDirectory=".\ExternalBinaries" />
        <DeploymentItem filename="TestData" outputDirectory=".\TestData" />
        <DeploymentItem filename="TestRunConfig" outputDirectory=".\TestRunConfig" />
      </DeploymentItems>
      <Execution id="fccffba7-eae2-4584-bc7b-10b196c57a93" />
      <TestMethod codeBase="C:/LoyaltyWebTest/Web/Test/UI/LoyaltyWeb/LoyaltyWebTest/LoyaltyWebTest/bin/Debug/Nordstrom.Web.Test.UI.LoyaltyWeb.DLL" adapterTypeName="Microsoft.VisualStudio.TestTools.TestTypes.Unit.UnitTestAdapter, Microsoft.VisualStudio.QualityTools.Tips.UnitTest.Adapter, Version=12.0.0.0, Culture=neutral, PublicKeyToken=b03f5f7f11d50a3a" className="Nordstrom.Web.Test.UI.LoyaltyWeb.ApplyAndBuyTests, Nordstrom.Web.Test.UI.LoyaltyWeb, Version=1.0.0.0, Culture=neutral, PublicKeyToken=null" name="ApplyAndBuy_ExistingRegisteredUserShoppingWithDebitCard_DebitCardSucessfullyAddedToWallet" />
    </UnitTest>
    <UnitTest name="NavigationToLoyaltyWebPage_TenderNeutralEnrollFeatureFlagOn_UserLandOnLoyaltyWebPageSuccessful" storage="c:\loyaltywebtest\web\test\ui\loyaltyweb\loyaltywebtest\loyaltywebtest\bin\debug\nordstrom.web.test.ui.loyaltyweb.dll" id="1898efd5-196a-37ac-00c2-cf7bfac58602">
      <Description>Verify that user is redirected to Loyalty web page , given feature flag : TenderNeutralEnroll is on</Description>
      <TestCategory>
        <TestCategoryItem TestCategory="Enroll" />
        <TestCategoryItem TestCategory="LoyaltyTenderNeutral" />
      </TestCategory>
      <DeploymentItems>
        <DeploymentItem filename="ExternalBinaries" outputDirectory=".\ExternalBinaries" />
        <DeploymentItem filename="TestData" outputDirectory=".\TestData" />
        <DeploymentItem filename="TestRunConfig" outputDirectory=".\TestRunConfig" />
      </DeploymentItems>
      <Execution id="88add089-9c8d-4176-8577-7c4f32319e1f" />
      <TestMethod codeBase="C:/LoyaltyWebTest/Web/Test/UI/LoyaltyWeb/LoyaltyWebTest/LoyaltyWebTest/bin/Debug/Nordstrom.Web.Test.UI.LoyaltyWeb.DLL" adapterTypeName="Microsoft.VisualStudio.TestTools.TestTypes.Unit.UnitTestAdapter, Microsoft.VisualStudio.QualityTools.Tips.UnitTest.Adapter, Version=12.0.0.0, Culture=neutral, PublicKeyToken=b03f5f7f11d50a3a" className="Nordstrom.Web.Test.UI.LoyaltyWeb.LoyaltyRegisterTests, Nordstrom.Web.Test.UI.LoyaltyWeb, Version=1.0.0.0, Culture=neutral, PublicKeyToken=null" name="NavigationToLoyaltyWebPage_TenderNeutralEnrollFeatureFlagOn_UserLandOnLoyaltyWebPageSuccessful" />
    </UnitTest>
    <UnitTest name="TenderNeutralEarn_RecognisedUserCanSeeRewardsSectionInOrderSubmitPageAfterSignInFromCheckout_Successfully" storage="c:\loyaltywebtest\web\test\ui\loyaltyweb\loyaltywebtest\loyaltywebtest\bin\debug\nordstrom.web.test.ui.loyaltyweb.dll" id="1b9e4056-ae08-6178-83f0-22316d897d12">
      <Description>Verify that a registered user signing in from checkout page is able to see Rewards section in Ordersubmit page.</Description>
      <TestCategory>
        <TestCategoryItem TestCategory="LoyaltyTenderNeutral" />
        <TestCategoryItem TestCategory="Earn" />
      </TestCategory>
      <DeploymentItems>
        <DeploymentItem filename="ExternalBinaries" outputDirectory=".\ExternalBinaries" />
        <DeploymentItem filename="TestData" outputDirectory=".\TestData" />
        <DeploymentItem filename="TestRunConfig" outputDirectory=".\TestRunConfig" />
      </DeploymentItems>
      <Execution id="401c0eb0-2591-4c1c-97f2-afcb31afd55e" />
      <TestMethod codeBase="C:/LoyaltyWebTest/Web/Test/UI/LoyaltyWeb/LoyaltyWebTest/LoyaltyWebTest/bin/Debug/Nordstrom.Web.Test.UI.LoyaltyWeb.DLL" adapterTypeName="Microsoft.VisualStudio.TestTools.TestTypes.Unit.UnitTestAdapter, Microsoft.VisualStudio.QualityTools.Tips.UnitTest.Adapter, Version=12.0.0.0, Culture=neutral, PublicKeyToken=b03f5f7f11d50a3a" className="Nordstrom.Web.Test.UI.LoyaltyWeb.LoyaltyEarnTests, Nordstrom.Web.Test.UI.LoyaltyWeb, Version=1.0.0.0, Culture=neutral, PublicKeyToken=null" name="TenderNeutralEarn_RecognisedUserCanSeeRewardsSectionInOrderSubmitPageAfterSignInFromCheckout_Successfully" />
    </UnitTest>
    <UnitTest name="TenderNeutralRewardsEnroll_LoyaltyTenderNeutralUnrecognisedUserLeaveFirstNameFieldBlank_ErrorMessageDisplayedSuccessfully" storage="c:\loyaltywebtest\web\test\ui\loyaltyweb\loyaltywebtest\loyaltywebtest\bin\debug\nordstrom.web.test.ui.loyaltyweb.dll" id="eaf85329-ca0a-c954-261a-a3bcb16c9517">
      <Description>Verify that error message appear for first name field when it is left blank for unrecognised user</Description>
      <TestCategory>
        <TestCategoryItem TestCategory="LoyaltyTenderNeutral" />
        <TestCategoryItem TestCategory="Enroll" />
      </TestCategory>
      <DeploymentItems>
        <DeploymentItem filename="ExternalBinaries" outputDirectory=".\ExternalBinaries" />
        <DeploymentItem filename="TestData" outputDirectory=".\TestData" />
        <DeploymentItem filename="TestRunConfig" outputDirectory=".\TestRunConfig" />
      </DeploymentItems>
      <Execution id="f59df452-27b1-4ba8-a59e-58ac72d53e9e" />
      <TestMethod codeBase="C:/LoyaltyWebTest/Web/Test/UI/LoyaltyWeb/LoyaltyWebTest/LoyaltyWebTest/bin/Debug/Nordstrom.Web.Test.UI.LoyaltyWeb.DLL" adapterTypeName="Microsoft.VisualStudio.TestTools.TestTypes.Unit.UnitTestAdapter, Microsoft.VisualStudio.QualityTools.Tips.UnitTest.Adapter, Version=12.0.0.0, Culture=neutral, PublicKeyToken=b03f5f7f11d50a3a" className="Nordstrom.Web.Test.UI.LoyaltyWeb.LoyaltyRegisterTests, Nordstrom.Web.Test.UI.LoyaltyWeb, Version=1.0.0.0, Culture=neutral, PublicKeyToken=null" name="TenderNeutralRewardsEnroll_LoyaltyTenderNeutralUnrecognisedUserLeaveFirstNameFieldBlank_ErrorMessageDisplayedSuccessfully" />
    </UnitTest>
    <UnitTest name="TenderNeutralRewardsEnroll_LoyaltyTNAuthenticatedUserMaximumInvlaidEntryinCodeField_ThrowsError" storage="c:\loyaltywebtest\web\test\ui\loyaltyweb\loyaltywebtest\loyaltywebtest\bin\debug\nordstrom.web.test.ui.loyaltyweb.dll" id="ee8371a4-6a8c-8220-7b9b-c4b425e74e47">
      <Description>Verify that error message is displayed when special characters are entered in mobile verification code field</Description>
      <TestCategory>
        <TestCategoryItem TestCategory="LoyaltyTenderNeutral" />
        <TestCategoryItem TestCategory="MobileVerification" />
      </TestCategory>
      <DeploymentItems>
        <DeploymentItem filename="ExternalBinaries" outputDirectory=".\ExternalBinaries" />
        <DeploymentItem filename="TestData" outputDirectory=".\TestData" />
        <DeploymentItem filename="TestRunConfig" outputDirectory=".\TestRunConfig" />
      </DeploymentItems>
      <Execution id="0520e929-5fc0-4823-920d-17dc876ab8ed" />
      <TestMethod codeBase="C:/LoyaltyWebTest/Web/Test/UI/LoyaltyWeb/LoyaltyWebTest/LoyaltyWebTest/bin/Debug/Nordstrom.Web.Test.UI.LoyaltyWeb.DLL" adapterTypeName="Microsoft.VisualStudio.TestTools.TestTypes.Unit.UnitTestAdapter, Microsoft.VisualStudio.QualityTools.Tips.UnitTest.Adapter, Version=12.0.0.0, Culture=neutral, PublicKeyToken=b03f5f7f11d50a3a" className="Nordstrom.Web.Test.UI.LoyaltyWeb.LoyaltyTenderNeutralMobileVerificationPageTests, Nordstrom.Web.Test.UI.LoyaltyWeb, Version=1.0.0.0, Culture=neutral, PublicKeyToken=null" name="TenderNeutralRewardsEnroll_LoyaltyTNAuthenticatedUserMaximumInvlaidEntryinCodeField_ThrowsError" />
    </UnitTest>
    <UnitTest name="ApplyAndBuy_RegisteredUserNavigationToVisaCardConfirmationAndLinksVerification_LinksVerifiedSuccessfully" storage="c:\loyaltywebtest\web\test\ui\loyaltyweb\loyaltywebtest\loyaltywebtest\bin\debug\nordstrom.web.test.ui.loyaltyweb.dll" id="5699d43b-bfa7-481f-0474-9a9301ddbef0">
      <Description>Apply for Nordsrom Visa Credit Card as a registered authenticated user and  verify all links on card confirmation page except header and footer links</Description>
      <TestCategory>
        <TestCategoryItem TestCategory="ApplyAndBuy" />
      </TestCategory>
      <DeploymentItems>
        <DeploymentItem filename="ExternalBinaries" outputDirectory=".\ExternalBinaries" />
        <DeploymentItem filename="TestData" outputDirectory=".\TestData" />
        <DeploymentItem filename="TestRunConfig" outputDirectory=".\TestRunConfig" />
      </DeploymentItems>
      <Execution id="d54ba857-efec-4cdc-b3f4-b4715248f709" />
      <TestMethod codeBase="C:/LoyaltyWebTest/Web/Test/UI/LoyaltyWeb/LoyaltyWebTest/LoyaltyWebTest/bin/Debug/Nordstrom.Web.Test.UI.LoyaltyWeb.DLL" adapterTypeName="Microsoft.VisualStudio.TestTools.TestTypes.Unit.UnitTestAdapter, Microsoft.VisualStudio.QualityTools.Tips.UnitTest.Adapter, Version=12.0.0.0, Culture=neutral, PublicKeyToken=b03f5f7f11d50a3a" className="Nordstrom.Web.Test.UI.LoyaltyWeb.ApplyAndBuyTests, Nordstrom.Web.Test.UI.LoyaltyWeb, Version=1.0.0.0, Culture=neutral, PublicKeyToken=null" name="ApplyAndBuy_RegisteredUserNavigationToVisaCardConfirmationAndLinksVerification_LinksVerifiedSuccessfully" />
    </UnitTest>
    <UnitTest name="ApplyAndBuy_NewlyRegisteredUserShoppingWithNewDebitCard_DebitCardSucessfullyAddedToWallet" storage="c:\loyaltywebtest\web\test\ui\loyaltyweb\loyaltywebtest\loyaltywebtest\bin\debug\nordstrom.web.test.ui.loyaltyweb.dll" id="8692b55a-e6f7-c447-3076-92b555d04832">
      <Description>Verify newly added Nordstrom Debit card and verifying the account summary for the newly added instant approved card</Description>
      <TestCategory>
        <TestCategoryItem TestCategory="ApplyAndBuy" />
      </TestCategory>
      <DeploymentItems>
        <DeploymentItem filename="ExternalBinaries" outputDirectory=".\ExternalBinaries" />
        <DeploymentItem filename="TestData" outputDirectory=".\TestData" />
        <DeploymentItem filename="TestRunConfig" outputDirectory=".\TestRunConfig" />
      </DeploymentItems>
      <Execution id="7839cdd8-e08a-46f7-8dfc-475add9710d5" />
      <TestMethod codeBase="C:/LoyaltyWebTest/Web/Test/UI/LoyaltyWeb/LoyaltyWebTest/LoyaltyWebTest/bin/Debug/Nordstrom.Web.Test.UI.LoyaltyWeb.DLL" adapterTypeName="Microsoft.VisualStudio.TestTools.TestTypes.Unit.UnitTestAdapter, Microsoft.VisualStudio.QualityTools.Tips.UnitTest.Adapter, Version=12.0.0.0, Culture=neutral, PublicKeyToken=b03f5f7f11d50a3a" className="Nordstrom.Web.Test.UI.LoyaltyWeb.ApplyAndBuyTests, Nordstrom.Web.Test.UI.LoyaltyWeb, Version=1.0.0.0, Culture=neutral, PublicKeyToken=null" name="ApplyAndBuy_NewlyRegisteredUserShoppingWithNewDebitCard_DebitCardSucessfullyAddedToWallet" />
    </UnitTest>
    <UnitTest name="LoyaltyLearnPage_ClickVIPAccessToInstoreEventsLink_NavigateToRelevantPageSuccessfully" storage="c:\loyaltywebtest\web\test\ui\loyaltyweb\loyaltywebtest\loyaltywebtest\bin\debug\nordstrom.web.test.ui.loyaltyweb.dll" id="2379f2a4-5f07-a34f-3a1d-5e919cd412d7">
      <Description>To verify VIP access to Instore Events link on Learn Page is navigated to the relevant page successfully</Description>
      <TestCategory>
        <TestCategoryItem TestCategory="LoyaltyTenderNeutral" />
        <TestCategoryItem TestCategory="Learn" />
      </TestCategory>
      <DeploymentItems>
        <DeploymentItem filename="ExternalBinaries" outputDirectory=".\ExternalBinaries" />
        <DeploymentItem filename="TestData" outputDirectory=".\TestData" />
        <DeploymentItem filename="TestRunConfig" outputDirectory=".\TestRunConfig" />
      </DeploymentItems>
      <Execution id="caf2ac56-767d-4375-b983-88ced2457480" />
      <TestMethod codeBase="C:/LoyaltyWebTest/Web/Test/UI/LoyaltyWeb/LoyaltyWebTest/LoyaltyWebTest/bin/Debug/Nordstrom.Web.Test.UI.LoyaltyWeb.DLL" adapterTypeName="Microsoft.VisualStudio.TestTools.TestTypes.Unit.UnitTestAdapter, Microsoft.VisualStudio.QualityTools.Tips.UnitTest.Adapter, Version=12.0.0.0, Culture=neutral, PublicKeyToken=b03f5f7f11d50a3a" className="Nordstrom.Web.Test.UI.LoyaltyWeb.LoyaltyLearnTests, Nordstrom.Web.Test.UI.LoyaltyWeb, Version=1.0.0.0, Culture=neutral, PublicKeyToken=null" name="LoyaltyLearnPage_ClickVIPAccessToInstoreEventsLink_NavigateToRelevantPageSuccessfully" />
    </UnitTest>
    <UnitTest name="TenderNeutralRewardsRegister_GuestUserEnrollWithExistingPhoneAndEmailinEnrollProgram_ShouldFailInEnroll" storage="c:\loyaltywebtest\web\test\ui\loyaltyweb\loyaltywebtest\loyaltywebtest\bin\debug\nordstrom.web.test.ui.loyaltyweb.dll" id="16b9e740-57f9-b3e8-d3d8-86b65bd85034">
      <Description>Guest user enrolling with existing enroll email and phone would fail</Description>
      <TestCategory>
        <TestCategoryItem TestCategory="LoyaltyTenderNeutral" />
        <TestCategoryItem TestCategory="Enroll" />
      </TestCategory>
      <DeploymentItems>
        <DeploymentItem filename="ExternalBinaries" outputDirectory=".\ExternalBinaries" />
        <DeploymentItem filename="TestData" outputDirectory=".\TestData" />
        <DeploymentItem filename="TestRunConfig" outputDirectory=".\TestRunConfig" />
      </DeploymentItems>
      <Execution id="16fbb960-6af7-4eb4-bd0a-36aca6870ad4" />
      <TestMethod codeBase="C:/LoyaltyWebTest/Web/Test/UI/LoyaltyWeb/LoyaltyWebTest/LoyaltyWebTest/bin/Debug/Nordstrom.Web.Test.UI.LoyaltyWeb.DLL" adapterTypeName="Microsoft.VisualStudio.TestTools.TestTypes.Unit.UnitTestAdapter, Microsoft.VisualStudio.QualityTools.Tips.UnitTest.Adapter, Version=12.0.0.0, Culture=neutral, PublicKeyToken=b03f5f7f11d50a3a" className="Nordstrom.Web.Test.UI.LoyaltyWeb.LoyaltyRegisterTests, Nordstrom.Web.Test.UI.LoyaltyWeb, Version=1.0.0.0, Culture=neutral, PublicKeyToken=null" name="TenderNeutralRewardsRegister_GuestUserEnrollWithExistingPhoneAndEmailinEnrollProgram_ShouldFailInEnroll" />
    </UnitTest>
    <UnitTest name="TenderNeutralAssociationPage_TenderNeutralAssociationFeatureFlagOff_UserRedirectedToHomePage" storage="c:\loyaltywebtest\web\test\ui\loyaltyweb\loyaltywebtest\loyaltywebtest\bin\debug\nordstrom.web.test.ui.loyaltyweb.dll" id="58e6c602-14c2-9d55-77c9-65e620bc43e6">
      <Description>Verify that user is redirected to Home page when TenderNeutralAssociation featureflag is off</Description>
      <TestCategory>
        <TestCategoryItem TestCategory="LoyaltyTenderNeutral" />
        <TestCategoryItem TestCategory="Association" />
      </TestCategory>
      <DeploymentItems>
        <DeploymentItem filename="ExternalBinaries" outputDirectory=".\ExternalBinaries" />
        <DeploymentItem filename="TestData" outputDirectory=".\TestData" />
        <DeploymentItem filename="TestRunConfig" outputDirectory=".\TestRunConfig" />
      </DeploymentItems>
      <Execution id="60428253-0bfc-4daa-9802-56c1ee2781ca" />
      <TestMethod codeBase="C:/LoyaltyWebTest/Web/Test/UI/LoyaltyWeb/LoyaltyWebTest/LoyaltyWebTest/bin/Debug/Nordstrom.Web.Test.UI.LoyaltyWeb.DLL" adapterTypeName="Microsoft.VisualStudio.TestTools.TestTypes.Unit.UnitTestAdapter, Microsoft.VisualStudio.QualityTools.Tips.UnitTest.Adapter, Version=12.0.0.0, Culture=neutral, PublicKeyToken=b03f5f7f11d50a3a" className="Nordstrom.Web.Test.UI.LoyaltyWeb.LoyaltyAssociationTests, Nordstrom.Web.Test.UI.LoyaltyWeb, Version=1.0.0.0, Culture=neutral, PublicKeyToken=null" name="TenderNeutralAssociationPage_TenderNeutralAssociationFeatureFlagOff_UserRedirectedToHomePage" />
    </UnitTest>
    <UnitTest name="ApplyAndBuy_ExistingRegisteredUserShoppingWithDebitCard_OrderSuccessfullyPlacedWithNewDebitCard" storage="c:\loyaltywebtest\web\test\ui\loyaltyweb\loyaltywebtest\loyaltywebtest\bin\debug\nordstrom.web.test.ui.loyaltyweb.dll" id="3c220397-a949-a414-da8d-2d93343ec752">
      <Description>Log in as a registered user and apply for a nordstrom debit card and verify successful order placement</Description>
      <TestCategory>
        <TestCategoryItem TestCategory="ApplyAndBuy" />
      </TestCategory>
      <DeploymentItems>
        <DeploymentItem filename="ExternalBinaries" outputDirectory=".\ExternalBinaries" />
        <DeploymentItem filename="TestData" outputDirectory=".\TestData" />
        <DeploymentItem filename="TestRunConfig" outputDirectory=".\TestRunConfig" />
      </DeploymentItems>
      <Execution id="312af0b8-90c2-435b-ad58-c82d043849db" />
      <TestMethod codeBase="C:/LoyaltyWebTest/Web/Test/UI/LoyaltyWeb/LoyaltyWebTest/LoyaltyWebTest/bin/Debug/Nordstrom.Web.Test.UI.LoyaltyWeb.DLL" adapterTypeName="Microsoft.VisualStudio.TestTools.TestTypes.Unit.UnitTestAdapter, Microsoft.VisualStudio.QualityTools.Tips.UnitTest.Adapter, Version=12.0.0.0, Culture=neutral, PublicKeyToken=b03f5f7f11d50a3a" className="Nordstrom.Web.Test.UI.LoyaltyWeb.ApplyAndBuyTests, Nordstrom.Web.Test.UI.LoyaltyWeb, Version=1.0.0.0, Culture=neutral, PublicKeyToken=null" name="ApplyAndBuy_ExistingRegisteredUserShoppingWithDebitCard_OrderSuccessfullyPlacedWithNewDebitCard" />
    </UnitTest>
    <UnitTest name="MobileVerificationPage_WhenEnrolledUserTypeWrongDigitCode_ShouldGetWrongCodeMessage" storage="c:\loyaltywebtest\web\test\ui\loyaltyweb\loyaltywebtest\loyaltywebtest\bin\debug\nordstrom.web.test.ui.loyaltyweb.dll" id="d0f4ec86-2b86-2cd8-ac68-409545882993">
      <Description>Enrolled User should see wrong digit code message when typing wrong 6 digit code in verificaiton page.</Description>
      <TestCategory>
        <TestCategoryItem TestCategory="LoyaltyTenderNeutral" />
        <TestCategoryItem TestCategory="MobileVerification" />
      </TestCategory>
      <DeploymentItems>
        <DeploymentItem filename="ExternalBinaries" outputDirectory=".\ExternalBinaries" />
        <DeploymentItem filename="TestData" outputDirectory=".\TestData" />
        <DeploymentItem filename="TestRunConfig" outputDirectory=".\TestRunConfig" />
      </DeploymentItems>
      <Execution id="5e50af4e-e437-465c-af71-9b996eb900c3" />
      <TestMethod codeBase="C:/LoyaltyWebTest/Web/Test/UI/LoyaltyWeb/LoyaltyWebTest/LoyaltyWebTest/bin/Debug/Nordstrom.Web.Test.UI.LoyaltyWeb.DLL" adapterTypeName="Microsoft.VisualStudio.TestTools.TestTypes.Unit.UnitTestAdapter, Microsoft.VisualStudio.QualityTools.Tips.UnitTest.Adapter, Version=12.0.0.0, Culture=neutral, PublicKeyToken=b03f5f7f11d50a3a" className="Nordstrom.Web.Test.UI.LoyaltyWeb.LoyaltyTenderNeutralMobileVerificationPageTests, Nordstrom.Web.Test.UI.LoyaltyWeb, Version=1.0.0.0, Culture=neutral, PublicKeyToken=null" name="MobileVerificationPage_WhenEnrolledUserTypeWrongDigitCode_ShouldGetWrongCodeMessage" />
    </UnitTest>
    <UnitTest name="TenderNeutralEarn_AuthenticatedUserNotLinkedNordAccountAndTNNumber_RewardsSectionDispayedInOrderSubmitPage" storage="c:\loyaltywebtest\web\test\ui\loyaltyweb\loyaltywebtest\loyaltywebtest\bin\debug\nordstrom.web.test.ui.loyaltyweb.dll" id="5c6698e8-7f51-b362-71a2-8ce939c3580d">
      <Description>Verify that an authenticated user who has not linked N.com and TN number is able to see Rewards section in Ordersubmit page.</Description>
      <TestCategory>
        <TestCategoryItem TestCategory="LoyaltyTenderNeutral" />
        <TestCategoryItem TestCategory="Earn" />
      </TestCategory>
      <DeploymentItems>
        <DeploymentItem filename="ExternalBinaries" outputDirectory=".\ExternalBinaries" />
        <DeploymentItem filename="TestData" outputDirectory=".\TestData" />
        <DeploymentItem filename="TestRunConfig" outputDirectory=".\TestRunConfig" />
      </DeploymentItems>
      <Execution id="e3f361a2-1af6-4837-9db9-19c9d272af90" />
      <TestMethod codeBase="C:/LoyaltyWebTest/Web/Test/UI/LoyaltyWeb/LoyaltyWebTest/LoyaltyWebTest/bin/Debug/Nordstrom.Web.Test.UI.LoyaltyWeb.DLL" adapterTypeName="Microsoft.VisualStudio.TestTools.TestTypes.Unit.UnitTestAdapter, Microsoft.VisualStudio.QualityTools.Tips.UnitTest.Adapter, Version=12.0.0.0, Culture=neutral, PublicKeyToken=b03f5f7f11d50a3a" className="Nordstrom.Web.Test.UI.LoyaltyWeb.LoyaltyEarnTests, Nordstrom.Web.Test.UI.LoyaltyWeb, Version=1.0.0.0, Culture=neutral, PublicKeyToken=null" name="TenderNeutralEarn_AuthenticatedUserNotLinkedNordAccountAndTNNumber_RewardsSectionDispayedInOrderSubmitPage" />
    </UnitTest>
    <UnitTest name="ApplyAndBuy_GuestUserApplyForNewVisaCardAndRegisterAsANewUserAfterCardConfirmation_OrderSuccessfullyPlacedWithNewVisaCard" storage="c:\loyaltywebtest\web\test\ui\loyaltyweb\loyaltywebtest\loyaltywebtest\bin\debug\nordstrom.web.test.ui.loyaltyweb.dll" id="29859a34-d2ec-6bf5-66bf-30f6009dcdd5">
      <Description>Verify that a guest user can apply for a visa card, register as a new user from the confirmation pageand place order with the instant approved visa card</Description>
      <TestCategory>
        <TestCategoryItem TestCategory="ApplyAndBuy" />
      </TestCategory>
      <DeploymentItems>
        <DeploymentItem filename="ExternalBinaries" outputDirectory=".\ExternalBinaries" />
        <DeploymentItem filename="TestData" outputDirectory=".\TestData" />
        <DeploymentItem filename="TestRunConfig" outputDirectory=".\TestRunConfig" />
      </DeploymentItems>
      <Execution id="2b6afb71-f882-4de2-bfbb-63d0481c26de" />
      <TestMethod codeBase="C:/LoyaltyWebTest/Web/Test/UI/LoyaltyWeb/LoyaltyWebTest/LoyaltyWebTest/bin/Debug/Nordstrom.Web.Test.UI.LoyaltyWeb.DLL" adapterTypeName="Microsoft.VisualStudio.TestTools.TestTypes.Unit.UnitTestAdapter, Microsoft.VisualStudio.QualityTools.Tips.UnitTest.Adapter, Version=12.0.0.0, Culture=neutral, PublicKeyToken=b03f5f7f11d50a3a" className="Nordstrom.Web.Test.UI.LoyaltyWeb.ApplyAndBuyTests, Nordstrom.Web.Test.UI.LoyaltyWeb, Version=1.0.0.0, Culture=neutral, PublicKeyToken=null" name="ApplyAndBuy_GuestUserApplyForNewVisaCardAndRegisterAsANewUserAfterCardConfirmation_OrderSuccessfullyPlacedWithNewVisaCard" />
    </UnitTest>
    <UnitTest name="TenderNeutralRewardsEnroll_LoyaltyTenderNeutralUnrecognisedUserLeavePasswordFieldBlank_ErrorMessageDisplayedSuccessfully" storage="c:\loyaltywebtest\web\test\ui\loyaltyweb\loyaltywebtest\loyaltywebtest\bin\debug\nordstrom.web.test.ui.loyaltyweb.dll" id="f8f31b6e-9a57-18ef-ecb2-7d1dc23e1ba3">
      <Description>Verify that error message appear for phone number field when it is left blank for unrecognised user</Description>
      <TestCategory>
        <TestCategoryItem TestCategory="LoyaltyTenderNeutral" />
        <TestCategoryItem TestCategory="Enroll" />
      </TestCategory>
      <DeploymentItems>
        <DeploymentItem filename="ExternalBinaries" outputDirectory=".\ExternalBinaries" />
        <DeploymentItem filename="TestData" outputDirectory=".\TestData" />
        <DeploymentItem filename="TestRunConfig" outputDirectory=".\TestRunConfig" />
      </DeploymentItems>
      <Execution id="28dab595-2d0c-4283-b04c-31a310bd5c9d" />
      <TestMethod codeBase="C:/LoyaltyWebTest/Web/Test/UI/LoyaltyWeb/LoyaltyWebTest/LoyaltyWebTest/bin/Debug/Nordstrom.Web.Test.UI.LoyaltyWeb.DLL" adapterTypeName="Microsoft.VisualStudio.TestTools.TestTypes.Unit.UnitTestAdapter, Microsoft.VisualStudio.QualityTools.Tips.UnitTest.Adapter, Version=12.0.0.0, Culture=neutral, PublicKeyToken=b03f5f7f11d50a3a" className="Nordstrom.Web.Test.UI.LoyaltyWeb.LoyaltyRegisterTests, Nordstrom.Web.Test.UI.LoyaltyWeb, Version=1.0.0.0, Culture=neutral, PublicKeyToken=null" name="TenderNeutralRewardsEnroll_LoyaltyTenderNeutralUnrecognisedUserLeavePasswordFieldBlank_ErrorMessageDisplayedSuccessfully" />
    </UnitTest>
    <UnitTest name="LoyaltyLearnPage_WhenTypeRightURL_ShouldRenderLearnPage" storage="c:\loyaltywebtest\web\test\ui\loyaltyweb\loyaltywebtest\loyaltywebtest\bin\debug\nordstrom.web.test.ui.loyaltyweb.dll" id="5e694850-8294-57c8-4195-a3f1001f6ca7">
      <Description>Learn Page can be rendered correctly</Description>
      <TestCategory>
        <TestCategoryItem TestCategory="Learn" />
        <TestCategoryItem TestCategory="LoyaltyTenderNeutral" />
      </TestCategory>
      <DeploymentItems>
        <DeploymentItem filename="ExternalBinaries" outputDirectory=".\ExternalBinaries" />
        <DeploymentItem filename="TestData" outputDirectory=".\TestData" />
        <DeploymentItem filename="TestRunConfig" outputDirectory=".\TestRunConfig" />
      </DeploymentItems>
      <Execution id="7ddb1800-6bf9-4d7d-9571-adcfea5935d6" />
      <TestMethod codeBase="C:/LoyaltyWebTest/Web/Test/UI/LoyaltyWeb/LoyaltyWebTest/LoyaltyWebTest/bin/Debug/Nordstrom.Web.Test.UI.LoyaltyWeb.DLL" adapterTypeName="Microsoft.VisualStudio.TestTools.TestTypes.Unit.UnitTestAdapter, Microsoft.VisualStudio.QualityTools.Tips.UnitTest.Adapter, Version=12.0.0.0, Culture=neutral, PublicKeyToken=b03f5f7f11d50a3a" className="Nordstrom.Web.Test.UI.LoyaltyWeb.LoyaltyLearnTests, Nordstrom.Web.Test.UI.LoyaltyWeb, Version=1.0.0.0, Culture=neutral, PublicKeyToken=null" name="LoyaltyLearnPage_WhenTypeRightURL_ShouldRenderLearnPage" />
    </UnitTest>
    <UnitTest name="TenderNeutralAssociation_WebAccountAssociationFromStoreCustomer_ShouldSucceed" storage="c:\loyaltywebtest\web\test\ui\loyaltyweb\loyaltywebtest\loyaltywebtest\bin\debug\nordstrom.web.test.ui.loyaltyweb.dll" id="0f205b7b-b7e4-d1b8-1e8c-26d1b4231555">
      <Description>Verify that when store enrolled user goes to Association page, he can type in his email and phone number and associate to web account.</Description>
      <TestCategory>
        <TestCategoryItem TestCategory="LoyaltyTenderNeutral" />
        <TestCategoryItem TestCategory="Association" />
      </TestCategory>
      <DeploymentItems>
        <DeploymentItem filename="ExternalBinaries" outputDirectory=".\ExternalBinaries" />
        <DeploymentItem filename="TestData" outputDirectory=".\TestData" />
        <DeploymentItem filename="TestRunConfig" outputDirectory=".\TestRunConfig" />
      </DeploymentItems>
      <Execution id="0b98ca22-e1a9-4a07-b52c-024d77cd5cb2" />
      <TestMethod codeBase="C:/LoyaltyWebTest/Web/Test/UI/LoyaltyWeb/LoyaltyWebTest/LoyaltyWebTest/bin/Debug/Nordstrom.Web.Test.UI.LoyaltyWeb.DLL" adapterTypeName="Microsoft.VisualStudio.TestTools.TestTypes.Unit.UnitTestAdapter, Microsoft.VisualStudio.QualityTools.Tips.UnitTest.Adapter, Version=12.0.0.0, Culture=neutral, PublicKeyToken=b03f5f7f11d50a3a" className="Nordstrom.Web.Test.UI.LoyaltyWeb.LoyaltyAssociationTests, Nordstrom.Web.Test.UI.LoyaltyWeb, Version=1.0.0.0, Culture=neutral, PublicKeyToken=null" name="TenderNeutralAssociation_WebAccountAssociationFromStoreCustomer_ShouldSucceed" />
    </UnitTest>
    <UnitTest name="TenderNeutralRewardsEnroll_LoyaltyTenderNeutralGuestUserPasswordFieldSpecialCharactersEntry_ErrorMessageDisplayedSuccessfully" storage="c:\loyaltywebtest\web\test\ui\loyaltyweb\loyaltywebtest\loyaltywebtest\bin\debug\nordstrom.web.test.ui.loyaltyweb.dll" id="98f3b8cc-a409-a327-2cce-f0ebee095d09">
      <Description>Verify the error message displayed for the invalid entry of special characters in Password field</Description>
      <TestCategory>
        <TestCategoryItem TestCategory="LoyaltyTenderNeutral" />
        <TestCategoryItem TestCategory="Enroll" />
      </TestCategory>
      <DeploymentItems>
        <DeploymentItem filename="ExternalBinaries" outputDirectory=".\ExternalBinaries" />
        <DeploymentItem filename="TestData" outputDirectory=".\TestData" />
        <DeploymentItem filename="TestRunConfig" outputDirectory=".\TestRunConfig" />
      </DeploymentItems>
      <Execution id="a7562fb8-00d8-4f92-8d7e-d53f2f12278c" />
      <TestMethod codeBase="C:/LoyaltyWebTest/Web/Test/UI/LoyaltyWeb/LoyaltyWebTest/LoyaltyWebTest/bin/Debug/Nordstrom.Web.Test.UI.LoyaltyWeb.DLL" adapterTypeName="Microsoft.VisualStudio.TestTools.TestTypes.Unit.UnitTestAdapter, Microsoft.VisualStudio.QualityTools.Tips.UnitTest.Adapter, Version=12.0.0.0, Culture=neutral, PublicKeyToken=b03f5f7f11d50a3a" className="Nordstrom.Web.Test.UI.LoyaltyWeb.LoyaltyRegisterTests, Nordstrom.Web.Test.UI.LoyaltyWeb, Version=1.0.0.0, Culture=neutral, PublicKeyToken=null" name="TenderNeutralRewardsEnroll_LoyaltyTenderNeutralGuestUserPasswordFieldSpecialCharactersEntry_ErrorMessageDisplayedSuccessfully" />
    </UnitTest>
    <UnitTest name="TenderNeutralRewardsEnroll_LoyaltyTenderNeutralRegisteredAuthenticatedUser_EmailPrePopulationVerificationSuccessful" storage="c:\loyaltywebtest\web\test\ui\loyaltyweb\loyaltywebtest\loyaltywebtest\bin\debug\nordstrom.web.test.ui.loyaltyweb.dll" id="f70e1f82-15d8-1be1-b2b4-b9f0d083e660">
      <Description>Verify pre-population of email field on loyalty enroll page for a N.com Registered user</Description>
      <TestCategory>
        <TestCategoryItem TestCategory="LoyaltyTenderNeutral" />
        <TestCategoryItem TestCategory="Enroll" />
      </TestCategory>
      <DeploymentItems>
        <DeploymentItem filename="ExternalBinaries" outputDirectory=".\ExternalBinaries" />
        <DeploymentItem filename="TestData" outputDirectory=".\TestData" />
        <DeploymentItem filename="TestRunConfig" outputDirectory=".\TestRunConfig" />
      </DeploymentItems>
      <Execution id="4f4595ef-7261-43ba-a6ef-4a2980e43353" />
      <TestMethod codeBase="C:/LoyaltyWebTest/Web/Test/UI/LoyaltyWeb/LoyaltyWebTest/LoyaltyWebTest/bin/Debug/Nordstrom.Web.Test.UI.LoyaltyWeb.DLL" adapterTypeName="Microsoft.VisualStudio.TestTools.TestTypes.Unit.UnitTestAdapter, Microsoft.VisualStudio.QualityTools.Tips.UnitTest.Adapter, Version=12.0.0.0, Culture=neutral, PublicKeyToken=b03f5f7f11d50a3a" className="Nordstrom.Web.Test.UI.LoyaltyWeb.LoyaltyRegisterTests, Nordstrom.Web.Test.UI.LoyaltyWeb, Version=1.0.0.0, Culture=neutral, PublicKeyToken=null" name="TenderNeutralRewardsEnroll_LoyaltyTenderNeutralRegisteredAuthenticatedUser_EmailPrePopulationVerificationSuccessful" />
    </UnitTest>
    <UnitTest name="TenderNeutralRewardsEnroll_EnrollingWebAuthenticatedUser_LoyaltyWebAccountCreatedSuccessfully" storage="c:\loyaltywebtest\web\test\ui\loyaltyweb\loyaltywebtest\loyaltywebtest\bin\debug\nordstrom.web.test.ui.loyaltyweb.dll" id="d4e6916d-b5c3-4e34-a42a-88ee7c6ccaa9">
      <Description>Verify the creation of a new loyalty web account for a N.com registered authenticated user</Description>
      <TestCategory>
        <TestCategoryItem TestCategory="LoyaltyTenderNeutral" />
        <TestCategoryItem TestCategory="Enroll" />
      </TestCategory>
      <DeploymentItems>
        <DeploymentItem filename="ExternalBinaries" outputDirectory=".\ExternalBinaries" />
        <DeploymentItem filename="TestData" outputDirectory=".\TestData" />
        <DeploymentItem filename="TestRunConfig" outputDirectory=".\TestRunConfig" />
      </DeploymentItems>
      <Execution id="4e29f9af-d94f-496e-adc5-0e84aff39f58" />
      <TestMethod codeBase="C:/LoyaltyWebTest/Web/Test/UI/LoyaltyWeb/LoyaltyWebTest/LoyaltyWebTest/bin/Debug/Nordstrom.Web.Test.UI.LoyaltyWeb.DLL" adapterTypeName="Microsoft.VisualStudio.TestTools.TestTypes.Unit.UnitTestAdapter, Microsoft.VisualStudio.QualityTools.Tips.UnitTest.Adapter, Version=12.0.0.0, Culture=neutral, PublicKeyToken=b03f5f7f11d50a3a" className="Nordstrom.Web.Test.UI.LoyaltyWeb.LoyaltyRegisterTests, Nordstrom.Web.Test.UI.LoyaltyWeb, Version=1.0.0.0, Culture=neutral, PublicKeyToken=null" name="TenderNeutralRewardsEnroll_EnrollingWebAuthenticatedUser_LoyaltyWebAccountCreatedSuccessfully" />
    </UnitTest>
    <UnitTest name="MobileVerificationPageModalPopupsValidation_CloseButtonInDidntGetACodeModalValidation_CloseButtonInDidntGetACodeModalClosedModalSuccessfully" storage="c:\loyaltywebtest\web\test\ui\loyaltyweb\loyaltywebtest\loyaltywebtest\bin\debug\nordstrom.web.test.ui.loyaltyweb.dll" id="23010815-be15-7fb0-5f11-ae62528f19b0">
      <Description>Didn't Get A Code Modal Popup Close Button Functionality verification</Description>
      <TestCategory>
        <TestCategoryItem TestCategory="LoyaltyTenderNeutral" />
        <TestCategoryItem TestCategory="MobileVerification" />
      </TestCategory>
      <DeploymentItems>
        <DeploymentItem filename="ExternalBinaries" outputDirectory=".\ExternalBinaries" />
        <DeploymentItem filename="TestData" outputDirectory=".\TestData" />
        <DeploymentItem filename="TestRunConfig" outputDirectory=".\TestRunConfig" />
      </DeploymentItems>
      <Execution id="03206634-4120-442e-ae70-de156bcb5a53" />
      <TestMethod codeBase="C:/LoyaltyWebTest/Web/Test/UI/LoyaltyWeb/LoyaltyWebTest/LoyaltyWebTest/bin/Debug/Nordstrom.Web.Test.UI.LoyaltyWeb.DLL" adapterTypeName="Microsoft.VisualStudio.TestTools.TestTypes.Unit.UnitTestAdapter, Microsoft.VisualStudio.QualityTools.Tips.UnitTest.Adapter, Version=12.0.0.0, Culture=neutral, PublicKeyToken=b03f5f7f11d50a3a" className="Nordstrom.Web.Test.UI.LoyaltyWeb.LoyaltyTenderNeutralMobileVerificationPageTests, Nordstrom.Web.Test.UI.LoyaltyWeb, Version=1.0.0.0, Culture=neutral, PublicKeyToken=null" name="MobileVerificationPageModalPopupsValidation_CloseButtonInDidntGetACodeModalValidation_CloseButtonInDidntGetACodeModalClosedModalSuccessfully" />
    </UnitTest>
    <UnitTest name="ApplyAndBuy_AuthenticatedNewUserApplyForDebitCard_PlaceOrderWithInstantApprovedDebitCard" storage="c:\loyaltywebtest\web\test\ui\loyaltyweb\loyaltywebtest\loyaltywebtest\bin\debug\nordstrom.web.test.ui.loyaltyweb.dll" id="f6a49cf4-cec6-b39d-0a74-ea69e0256c99">
      <Description>Verify that the  newly registered user is able to apply for a debit card and place an order with the instant approved debit card </Description>
      <TestCategory>
        <TestCategoryItem TestCategory="ApplyAndBuy" />
      </TestCategory>
      <DeploymentItems>
        <DeploymentItem filename="ExternalBinaries" outputDirectory=".\ExternalBinaries" />
        <DeploymentItem filename="TestData" outputDirectory=".\TestData" />
        <DeploymentItem filename="TestRunConfig" outputDirectory=".\TestRunConfig" />
      </DeploymentItems>
      <Execution id="60a86aac-4aa5-4453-84cf-9b8ab29b6577" />
      <TestMethod codeBase="C:/LoyaltyWebTest/Web/Test/UI/LoyaltyWeb/LoyaltyWebTest/LoyaltyWebTest/bin/Debug/Nordstrom.Web.Test.UI.LoyaltyWeb.DLL" adapterTypeName="Microsoft.VisualStudio.TestTools.TestTypes.Unit.UnitTestAdapter, Microsoft.VisualStudio.QualityTools.Tips.UnitTest.Adapter, Version=12.0.0.0, Culture=neutral, PublicKeyToken=b03f5f7f11d50a3a" className="Nordstrom.Web.Test.UI.LoyaltyWeb.ApplyAndBuyTests, Nordstrom.Web.Test.UI.LoyaltyWeb, Version=1.0.0.0, Culture=neutral, PublicKeyToken=null" name="ApplyAndBuy_AuthenticatedNewUserApplyForDebitCard_PlaceOrderWithInstantApprovedDebitCard" />
    </UnitTest>
    <UnitTest name="TenderNeutralAssociation_RecognizedUserEnrolledFromStoreGoToWebAssociationPage_ShouldSucceed" storage="c:\loyaltywebtest\web\test\ui\loyaltyweb\loyaltywebtest\loyaltywebtest\bin\debug\nordstrom.web.test.ui.loyaltyweb.dll" id="0e2f18c3-d10a-4d1b-1605-98e29230b088">
      <Description>Verify that when recognized user enrolled into loyalty from Store goes to Association page, he can type in his email and phone number and associate to loyalty program.</Description>
      <TestCategory>
        <TestCategoryItem TestCategory="LoyaltyTenderNeutral" />
        <TestCategoryItem TestCategory="Association" />
      </TestCategory>
      <DeploymentItems>
        <DeploymentItem filename="ExternalBinaries" outputDirectory=".\ExternalBinaries" />
        <DeploymentItem filename="TestData" outputDirectory=".\TestData" />
        <DeploymentItem filename="TestRunConfig" outputDirectory=".\TestRunConfig" />
      </DeploymentItems>
      <Execution id="abc8da1e-2a2c-49fc-bc4c-33cfa8c3670c" />
      <TestMethod codeBase="C:/LoyaltyWebTest/Web/Test/UI/LoyaltyWeb/LoyaltyWebTest/LoyaltyWebTest/bin/Debug/Nordstrom.Web.Test.UI.LoyaltyWeb.DLL" adapterTypeName="Microsoft.VisualStudio.TestTools.TestTypes.Unit.UnitTestAdapter, Microsoft.VisualStudio.QualityTools.Tips.UnitTest.Adapter, Version=12.0.0.0, Culture=neutral, PublicKeyToken=b03f5f7f11d50a3a" className="Nordstrom.Web.Test.UI.LoyaltyWeb.LoyaltyAssociationTests, Nordstrom.Web.Test.UI.LoyaltyWeb, Version=1.0.0.0, Culture=neutral, PublicKeyToken=null" name="TenderNeutralAssociation_RecognizedUserEnrolledFromStoreGoToWebAssociationPage_ShouldSucceed" />
    </UnitTest>
    <UnitTest name="ApplyandBuy_GuestUserApplyForNewDebitCard_ShoppingSuccessfulWithNewDebitCardAddedToWallet" storage="c:\loyaltywebtest\web\test\ui\loyaltyweb\loyaltywebtest\loyaltywebtest\bin\debug\nordstrom.web.test.ui.loyaltyweb.dll" id="7e069a12-faf6-ada5-7c7e-730fdd13496c">
      <Description>Apply for Nordsrom Debit Card as a guest user, register after card confirmation and successfully place an order with newly added card to wallet</Description>
      <TestCategory>
        <TestCategoryItem TestCategory="ApplyAndBuy" />
      </TestCategory>
      <DeploymentItems>
        <DeploymentItem filename="ExternalBinaries" outputDirectory=".\ExternalBinaries" />
        <DeploymentItem filename="TestData" outputDirectory=".\TestData" />
        <DeploymentItem filename="TestRunConfig" outputDirectory=".\TestRunConfig" />
      </DeploymentItems>
      <Execution id="7d0dbdc0-42cb-4d78-8d95-39193fb3ba8c" />
      <TestMethod codeBase="C:/LoyaltyWebTest/Web/Test/UI/LoyaltyWeb/LoyaltyWebTest/LoyaltyWebTest/bin/Debug/Nordstrom.Web.Test.UI.LoyaltyWeb.DLL" adapterTypeName="Microsoft.VisualStudio.TestTools.TestTypes.Unit.UnitTestAdapter, Microsoft.VisualStudio.QualityTools.Tips.UnitTest.Adapter, Version=12.0.0.0, Culture=neutral, PublicKeyToken=b03f5f7f11d50a3a" className="Nordstrom.Web.Test.UI.LoyaltyWeb.ApplyAndBuyTests, Nordstrom.Web.Test.UI.LoyaltyWeb, Version=1.0.0.0, Culture=neutral, PublicKeyToken=null" name="ApplyandBuy_GuestUserApplyForNewDebitCard_ShoppingSuccessfulWithNewDebitCardAddedToWallet" />
    </UnitTest>
    <UnitTest name="TenderNeutralAssociation_ClickOnLinksAndLogosRedirectedToCorresponingPageForAuthenticatedUser" storage="c:\loyaltywebtest\web\test\ui\loyaltyweb\loyaltywebtest\loyaltywebtest\bin\debug\nordstrom.web.test.ui.loyaltyweb.dll" id="420b8e42-f39e-d346-0c12-1e07533b1984">
      <Description>Authenticated user verifies the links and logos in success association page</Description>
      <TestCategory>
        <TestCategoryItem TestCategory="LoyaltyTenderNeutral" />
        <TestCategoryItem TestCategory="Association" />
      </TestCategory>
      <DeploymentItems>
        <DeploymentItem filename="ExternalBinaries" outputDirectory=".\ExternalBinaries" />
        <DeploymentItem filename="TestData" outputDirectory=".\TestData" />
        <DeploymentItem filename="TestRunConfig" outputDirectory=".\TestRunConfig" />
      </DeploymentItems>
      <Execution id="56a7dd6c-793c-4ecf-861f-d142473cc309" />
      <TestMethod codeBase="C:/LoyaltyWebTest/Web/Test/UI/LoyaltyWeb/LoyaltyWebTest/LoyaltyWebTest/bin/Debug/Nordstrom.Web.Test.UI.LoyaltyWeb.DLL" adapterTypeName="Microsoft.VisualStudio.TestTools.TestTypes.Unit.UnitTestAdapter, Microsoft.VisualStudio.QualityTools.Tips.UnitTest.Adapter, Version=12.0.0.0, Culture=neutral, PublicKeyToken=b03f5f7f11d50a3a" className="Nordstrom.Web.Test.UI.LoyaltyWeb.LoyaltyAssociationTests, Nordstrom.Web.Test.UI.LoyaltyWeb, Version=1.0.0.0, Culture=neutral, PublicKeyToken=null" name="TenderNeutralAssociation_ClickOnLinksAndLogosRedirectedToCorresponingPageForAuthenticatedUser" />
    </UnitTest>
    <UnitTest name="LoyaltyWelcomePage_NordstromLogo_ShouldRender" storage="c:\loyaltywebtest\web\test\ui\loyaltyweb\loyaltywebtest\loyaltywebtest\bin\debug\nordstrom.web.test.ui.loyaltyweb.dll" id="6e08402d-8997-90dc-9b66-886438ad27db">
      <Description>Nordstrom logo should navigate to the right URL</Description>
      <TestCategory>
        <TestCategoryItem TestCategory="LoyaltyTenderNeutral" />
        <TestCategoryItem TestCategory="Welcome" />
      </TestCategory>
      <DeploymentItems>
        <DeploymentItem filename="ExternalBinaries" outputDirectory=".\ExternalBinaries" />
        <DeploymentItem filename="TestData" outputDirectory=".\TestData" />
        <DeploymentItem filename="TestRunConfig" outputDirectory=".\TestRunConfig" />
      </DeploymentItems>
      <Execution id="33753876-2cbd-4482-bbd8-08c68c710a8f" />
      <TestMethod codeBase="C:/LoyaltyWebTest/Web/Test/UI/LoyaltyWeb/LoyaltyWebTest/LoyaltyWebTest/bin/Debug/Nordstrom.Web.Test.UI.LoyaltyWeb.DLL" adapterTypeName="Microsoft.VisualStudio.TestTools.TestTypes.Unit.UnitTestAdapter, Microsoft.VisualStudio.QualityTools.Tips.UnitTest.Adapter, Version=12.0.0.0, Culture=neutral, PublicKeyToken=b03f5f7f11d50a3a" className="Nordstrom.Web.Test.UI.LoyaltyWeb.LoyaltyWelcomeTests, Nordstrom.Web.Test.UI.LoyaltyWeb, Version=1.0.0.0, Culture=neutral, PublicKeyToken=null" name="LoyaltyWelcomePage_NordstromLogo_ShouldRender" />
    </UnitTest>
    <UnitTest name="TenderNeutralRewardsEnroll_LoyaltyTenderNeutralUnrecognisedUserLeaveLastNameFieldBlank_ErrorMessageDisplayedSuccessfully" storage="c:\loyaltywebtest\web\test\ui\loyaltyweb\loyaltywebtest\loyaltywebtest\bin\debug\nordstrom.web.test.ui.loyaltyweb.dll" id="cf957190-74f0-1644-0567-383976a0bbbf">
      <Description>Verify that error message appear for last name field when it is left blank for unrecognised user</Description>
      <TestCategory>
        <TestCategoryItem TestCategory="Enroll" />
        <TestCategoryItem TestCategory="LoyaltyTenderNeutral" />
      </TestCategory>
      <DeploymentItems>
        <DeploymentItem filename="ExternalBinaries" outputDirectory=".\ExternalBinaries" />
        <DeploymentItem filename="TestData" outputDirectory=".\TestData" />
        <DeploymentItem filename="TestRunConfig" outputDirectory=".\TestRunConfig" />
      </DeploymentItems>
      <Execution id="2ed78da3-8fa1-4ee8-b9a0-37cceef98c2e" />
      <TestMethod codeBase="C:/LoyaltyWebTest/Web/Test/UI/LoyaltyWeb/LoyaltyWebTest/LoyaltyWebTest/bin/Debug/Nordstrom.Web.Test.UI.LoyaltyWeb.DLL" adapterTypeName="Microsoft.VisualStudio.TestTools.TestTypes.Unit.UnitTestAdapter, Microsoft.VisualStudio.QualityTools.Tips.UnitTest.Adapter, Version=12.0.0.0, Culture=neutral, PublicKeyToken=b03f5f7f11d50a3a" className="Nordstrom.Web.Test.UI.LoyaltyWeb.LoyaltyRegisterTests, Nordstrom.Web.Test.UI.LoyaltyWeb, Version=1.0.0.0, Culture=neutral, PublicKeyToken=null" name="TenderNeutralRewardsEnroll_LoyaltyTenderNeutralUnrecognisedUserLeaveLastNameFieldBlank_ErrorMessageDisplayedSuccessfully" />
    </UnitTest>
    <UnitTest name="TenderNeutralRewardsRegister_GuestUserRegistrationWithLongerPhoneNumber_ShouldGetErrorMessageButWebAccountCreatedSuccessfully" storage="c:\loyaltywebtest\web\test\ui\loyaltyweb\loyaltywebtest\loyaltywebtest\bin\debug\nordstrom.web.test.ui.loyaltyweb.dll" id="17fba494-c246-d3ef-ffcd-fd9dfdae82dd">
      <Description>Guest user enrolling with longer phone will get error message for enroll but create web account successfully.</Description>
      <TestCategory>
        <TestCategoryItem TestCategory="LoyaltyTenderNeutral" />
        <TestCategoryItem TestCategory="Enroll" />
      </TestCategory>
      <DeploymentItems>
        <DeploymentItem filename="ExternalBinaries" outputDirectory=".\ExternalBinaries" />
        <DeploymentItem filename="TestData" outputDirectory=".\TestData" />
        <DeploymentItem filename="TestRunConfig" outputDirectory=".\TestRunConfig" />
      </DeploymentItems>
      <Execution id="96c76e09-1cf1-4213-b191-901ca696819b" />
      <TestMethod codeBase="C:/LoyaltyWebTest/Web/Test/UI/LoyaltyWeb/LoyaltyWebTest/LoyaltyWebTest/bin/Debug/Nordstrom.Web.Test.UI.LoyaltyWeb.DLL" adapterTypeName="Microsoft.VisualStudio.TestTools.TestTypes.Unit.UnitTestAdapter, Microsoft.VisualStudio.QualityTools.Tips.UnitTest.Adapter, Version=12.0.0.0, Culture=neutral, PublicKeyToken=b03f5f7f11d50a3a" className="Nordstrom.Web.Test.UI.LoyaltyWeb.LoyaltyRegisterTests, Nordstrom.Web.Test.UI.LoyaltyWeb, Version=1.0.0.0, Culture=neutral, PublicKeyToken=null" name="TenderNeutralRewardsRegister_GuestUserRegistrationWithLongerPhoneNumber_ShouldGetErrorMessageButWebAccountCreatedSuccessfully" />
    </UnitTest>
    <UnitTest name="TenderNeutralEnroll_When15MinutesPassWithoutAuthenticatedUserActivity_ExpectSessionTimeoutInfoShowAndUserInfoDisappear" storage="c:\loyaltywebtest\web\test\ui\loyaltyweb\loyaltywebtest\loyaltywebtest\bin\debug\nordstrom.web.test.ui.loyaltyweb.dll" id="988daa97-185a-b36c-e2bb-1662c7eee467">
      <Description>Verify that when 15 minutes pass without authenticated user input, session time out area is shown and existing user personal info disappear.</Description>
      <TestCategory>
        <TestCategoryItem TestCategory="SensitiveData" />
        <TestCategoryItem TestCategory="LoyaltyTenderNeutral" />
      </TestCategory>
      <DeploymentItems>
        <DeploymentItem filename="ExternalBinaries" outputDirectory=".\ExternalBinaries" />
        <DeploymentItem filename="TestData" outputDirectory=".\TestData" />
        <DeploymentItem filename="TestRunConfig" outputDirectory=".\TestRunConfig" />
      </DeploymentItems>
      <Execution id="d05aff6e-1724-4d6f-95e2-f8a5810e199f" />
      <TestMethod codeBase="C:/LoyaltyWebTest/Web/Test/UI/LoyaltyWeb/LoyaltyWebTest/LoyaltyWebTest/bin/Debug/Nordstrom.Web.Test.UI.LoyaltyWeb.DLL" adapterTypeName="Microsoft.VisualStudio.TestTools.TestTypes.Unit.UnitTestAdapter, Microsoft.VisualStudio.QualityTools.Tips.UnitTest.Adapter, Version=12.0.0.0, Culture=neutral, PublicKeyToken=b03f5f7f11d50a3a" className="Nordstrom.Web.Test.UI.LoyaltyWeb.UserSensitiveDataCases, Nordstrom.Web.Test.UI.LoyaltyWeb, Version=1.0.0.0, Culture=neutral, PublicKeyToken=null" name="TenderNeutralEnroll_When15MinutesPassWithoutAuthenticatedUserActivity_ExpectSessionTimeoutInfoShowAndUserInfoDisappear" />
    </UnitTest>
    <UnitTest name="TenderNeutralRewardsRegister_TheUserWhoSucceedsInEnrollWithHisWebAccountEnrollsAgainWithSameWebAccount_ShouldFailBothEnrollAndAccountCreation" storage="c:\loyaltywebtest\web\test\ui\loyaltyweb\loyaltywebtest\loyaltywebtest\bin\debug\nordstrom.web.test.ui.loyaltyweb.dll" id="98f3ba08-a10b-9949-a79e-150238875d08">
      <Description>Guest user with enrollment account enrolls with same web account (connected with enrollment previously) should not succeed.</Description>
      <TestCategory>
        <TestCategoryItem TestCategory="LoyaltyTenderNeutral" />
        <TestCategoryItem TestCategory="Enroll" />
      </TestCategory>
      <DeploymentItems>
        <DeploymentItem filename="ExternalBinaries" outputDirectory=".\ExternalBinaries" />
        <DeploymentItem filename="TestData" outputDirectory=".\TestData" />
        <DeploymentItem filename="TestRunConfig" outputDirectory=".\TestRunConfig" />
      </DeploymentItems>
      <Execution id="9eb5912b-1542-4e06-99a6-0ffb2d3f0086" />
      <TestMethod codeBase="C:/LoyaltyWebTest/Web/Test/UI/LoyaltyWeb/LoyaltyWebTest/LoyaltyWebTest/bin/Debug/Nordstrom.Web.Test.UI.LoyaltyWeb.DLL" adapterTypeName="Microsoft.VisualStudio.TestTools.TestTypes.Unit.UnitTestAdapter, Microsoft.VisualStudio.QualityTools.Tips.UnitTest.Adapter, Version=12.0.0.0, Culture=neutral, PublicKeyToken=b03f5f7f11d50a3a" className="Nordstrom.Web.Test.UI.LoyaltyWeb.LoyaltyRegisterTests, Nordstrom.Web.Test.UI.LoyaltyWeb, Version=1.0.0.0, Culture=neutral, PublicKeyToken=null" name="TenderNeutralRewardsRegister_TheUserWhoSucceedsInEnrollWithHisWebAccountEnrollsAgainWithSameWebAccount_ShouldFailBothEnrollAndAccountCreation" />
    </UnitTest>
    <UnitTest name="MobileVerificationPageModalPopupsValidation_GuestUserGetANewCodeModalContentValidation_GetANewCodeModalContentValidatedSuccessfully" storage="c:\loyaltywebtest\web\test\ui\loyaltyweb\loyaltywebtest\loyaltywebtest\bin\debug\nordstrom.web.test.ui.loyaltyweb.dll" id="d618c68d-88ae-88f4-1bc5-f56301e716ed">
      <Description>'Get a new code' Modal Popup verification and content validation for a guest user</Description>
      <TestCategory>
        <TestCategoryItem TestCategory="LoyaltyTenderNeutral" />
        <TestCategoryItem TestCategory="MobileVerification" />
      </TestCategory>
      <DeploymentItems>
        <DeploymentItem filename="ExternalBinaries" outputDirectory=".\ExternalBinaries" />
        <DeploymentItem filename="TestData" outputDirectory=".\TestData" />
        <DeploymentItem filename="TestRunConfig" outputDirectory=".\TestRunConfig" />
      </DeploymentItems>
      <Execution id="2a653885-5f9d-4960-95a3-17a7dbb28636" />
      <TestMethod codeBase="C:/LoyaltyWebTest/Web/Test/UI/LoyaltyWeb/LoyaltyWebTest/LoyaltyWebTest/bin/Debug/Nordstrom.Web.Test.UI.LoyaltyWeb.DLL" adapterTypeName="Microsoft.VisualStudio.TestTools.TestTypes.Unit.UnitTestAdapter, Microsoft.VisualStudio.QualityTools.Tips.UnitTest.Adapter, Version=12.0.0.0, Culture=neutral, PublicKeyToken=b03f5f7f11d50a3a" className="Nordstrom.Web.Test.UI.LoyaltyWeb.LoyaltyTenderNeutralMobileVerificationPageTests, Nordstrom.Web.Test.UI.LoyaltyWeb, Version=1.0.0.0, Culture=neutral, PublicKeyToken=null" name="MobileVerificationPageModalPopupsValidation_GuestUserGetANewCodeModalContentValidation_GetANewCodeModalContentValidatedSuccessfully" />
    </UnitTest>
    <UnitTest name="TenderNeutralAssociation_AuthenticatedUserEnrolledinLoyaltyFromServiceCenterToToWebAssociationPage_ShouldSucceed" storage="c:\loyaltywebtest\web\test\ui\loyaltyweb\loyaltywebtest\loyaltywebtest\bin\debug\nordstrom.web.test.ui.loyaltyweb.dll" id="e1e324d5-1895-b2a5-51fc-f5669f42b364">
      <Description>Verify that when authenticated user from Service Center loyalty enrollment program goes to Association page, he can type in his email and phone number and associate to loyalty program.</Description>
      <TestCategory>
        <TestCategoryItem TestCategory="LoyaltyTenderNeutral" />
        <TestCategoryItem TestCategory="Association" />
      </TestCategory>
      <DeploymentItems>
        <DeploymentItem filename="ExternalBinaries" outputDirectory=".\ExternalBinaries" />
        <DeploymentItem filename="TestData" outputDirectory=".\TestData" />
        <DeploymentItem filename="TestRunConfig" outputDirectory=".\TestRunConfig" />
      </DeploymentItems>
      <Execution id="b4c6e36b-578e-473b-ab51-5dba7c632f7d" />
      <TestMethod codeBase="C:/LoyaltyWebTest/Web/Test/UI/LoyaltyWeb/LoyaltyWebTest/LoyaltyWebTest/bin/Debug/Nordstrom.Web.Test.UI.LoyaltyWeb.DLL" adapterTypeName="Microsoft.VisualStudio.TestTools.TestTypes.Unit.UnitTestAdapter, Microsoft.VisualStudio.QualityTools.Tips.UnitTest.Adapter, Version=12.0.0.0, Culture=neutral, PublicKeyToken=b03f5f7f11d50a3a" className="Nordstrom.Web.Test.UI.LoyaltyWeb.LoyaltyAssociationTests, Nordstrom.Web.Test.UI.LoyaltyWeb, Version=1.0.0.0, Culture=neutral, PublicKeyToken=null" name="TenderNeutralAssociation_AuthenticatedUserEnrolledinLoyaltyFromServiceCenterToToWebAssociationPage_ShouldSucceed" />
    </UnitTest>
    <UnitTest name="MobileVerificationPage_WhenEnrolledUserTypeValidDigitCode_ShouldLaunchWelcomePage" storage="c:\loyaltywebtest\web\test\ui\loyaltyweb\loyaltywebtest\loyaltywebtest\bin\debug\nordstrom.web.test.ui.loyaltyweb.dll" id="0292a43c-fff5-8a73-f216-496011be59f2">
      <Description>Enrolled User should redirect to welcome page after typing valid 6 digit code</Description>
      <TestCategory>
        <TestCategoryItem TestCategory="LoyaltyTenderNeutral" />
        <TestCategoryItem TestCategory="MobileVerification" />
      </TestCategory>
      <DeploymentItems>
        <DeploymentItem filename="ExternalBinaries" outputDirectory=".\ExternalBinaries" />
        <DeploymentItem filename="TestData" outputDirectory=".\TestData" />
        <DeploymentItem filename="TestRunConfig" outputDirectory=".\TestRunConfig" />
      </DeploymentItems>
      <Execution id="ef2a3658-1311-4d0b-bc97-f32998a27295" />
      <TestMethod codeBase="C:/LoyaltyWebTest/Web/Test/UI/LoyaltyWeb/LoyaltyWebTest/LoyaltyWebTest/bin/Debug/Nordstrom.Web.Test.UI.LoyaltyWeb.DLL" adapterTypeName="Microsoft.VisualStudio.TestTools.TestTypes.Unit.UnitTestAdapter, Microsoft.VisualStudio.QualityTools.Tips.UnitTest.Adapter, Version=12.0.0.0, Culture=neutral, PublicKeyToken=b03f5f7f11d50a3a" className="Nordstrom.Web.Test.UI.LoyaltyWeb.LoyaltyTenderNeutralMobileVerificationPageTests, Nordstrom.Web.Test.UI.LoyaltyWeb, Version=1.0.0.0, Culture=neutral, PublicKeyToken=null" name="MobileVerificationPage_WhenEnrolledUserTypeValidDigitCode_ShouldLaunchWelcomePage" />
    </UnitTest>
    <UnitTest name="TenderNeutralRewardsRegister_GuestUserEnrollWithExistingPhoneButDifferentEmailinEnrollProgram_ShouldFailInEnroll" storage="c:\loyaltywebtest\web\test\ui\loyaltyweb\loyaltywebtest\loyaltywebtest\bin\debug\nordstrom.web.test.ui.loyaltyweb.dll" id="156ad963-ef4e-d174-5b3c-8f7b12cb6828">
      <Description>Guest user enrolling with existing enroll phone number but different email would fail</Description>
      <TestCategory>
        <TestCategoryItem TestCategory="LoyaltyTenderNeutral" />
        <TestCategoryItem TestCategory="Enroll" />
      </TestCategory>
      <DeploymentItems>
        <DeploymentItem filename="ExternalBinaries" outputDirectory=".\ExternalBinaries" />
        <DeploymentItem filename="TestData" outputDirectory=".\TestData" />
        <DeploymentItem filename="TestRunConfig" outputDirectory=".\TestRunConfig" />
      </DeploymentItems>
      <Execution id="9128a9c4-afb5-4474-9add-32da2fafe5f3" />
      <TestMethod codeBase="C:/LoyaltyWebTest/Web/Test/UI/LoyaltyWeb/LoyaltyWebTest/LoyaltyWebTest/bin/Debug/Nordstrom.Web.Test.UI.LoyaltyWeb.DLL" adapterTypeName="Microsoft.VisualStudio.TestTools.TestTypes.Unit.UnitTestAdapter, Microsoft.VisualStudio.QualityTools.Tips.UnitTest.Adapter, Version=12.0.0.0, Culture=neutral, PublicKeyToken=b03f5f7f11d50a3a" className="Nordstrom.Web.Test.UI.LoyaltyWeb.LoyaltyRegisterTests, Nordstrom.Web.Test.UI.LoyaltyWeb, Version=1.0.0.0, Culture=neutral, PublicKeyToken=null" name="TenderNeutralRewardsRegister_GuestUserEnrollWithExistingPhoneButDifferentEmailinEnrollProgram_ShouldFailInEnroll" />
    </UnitTest>
    <UnitTest name="ApplyAndBuy_NewlyRegisteredUserShoppingWithNewRetailCard_CardSucessfullyAddedToWallet" storage="c:\loyaltywebtest\web\test\ui\loyaltyweb\loyaltywebtest\loyaltywebtest\bin\debug\nordstrom.web.test.ui.loyaltyweb.dll" id="4a867fd7-5351-1b0b-fae9-ebba76d4f45c">
      <Description>Verify newly added Retail card and verify the newly added card in user account wallet</Description>
      <TestCategory>
        <TestCategoryItem TestCategory="ApplyAndBuy" />
      </TestCategory>
      <DeploymentItems>
        <DeploymentItem filename="ExternalBinaries" outputDirectory=".\ExternalBinaries" />
        <DeploymentItem filename="TestData" outputDirectory=".\TestData" />
        <DeploymentItem filename="TestRunConfig" outputDirectory=".\TestRunConfig" />
      </DeploymentItems>
      <Execution id="8238d074-6a7a-4eb8-a443-9de2876ee24e" />
      <TestMethod codeBase="C:/LoyaltyWebTest/Web/Test/UI/LoyaltyWeb/LoyaltyWebTest/LoyaltyWebTest/bin/Debug/Nordstrom.Web.Test.UI.LoyaltyWeb.DLL" adapterTypeName="Microsoft.VisualStudio.TestTools.TestTypes.Unit.UnitTestAdapter, Microsoft.VisualStudio.QualityTools.Tips.UnitTest.Adapter, Version=12.0.0.0, Culture=neutral, PublicKeyToken=b03f5f7f11d50a3a" className="Nordstrom.Web.Test.UI.LoyaltyWeb.ApplyAndBuyTests, Nordstrom.Web.Test.UI.LoyaltyWeb, Version=1.0.0.0, Culture=neutral, PublicKeyToken=null" name="ApplyAndBuy_NewlyRegisteredUserShoppingWithNewRetailCard_CardSucessfullyAddedToWallet" />
    </UnitTest>
    <UnitTest name="SuccessAssociationPageModalPopupsValidation_GuestUserGetANewCodeModalContentValidation_GetANewCodeModalContentValidatedSuccessfully" storage="c:\loyaltywebtest\web\test\ui\loyaltyweb\loyaltywebtest\loyaltywebtest\bin\debug\nordstrom.web.test.ui.loyaltyweb.dll" id="d7776958-df7b-aafc-c999-c6ac276b3cb8">
      <Description>Get a new code Modal Popup Content Validation for Association mobile verification modal</Description>
      <TestCategory>
        <TestCategoryItem TestCategory="LoyaltyTenderNeutral" />
        <TestCategoryItem TestCategory="MobileVerification" />
      </TestCategory>
      <DeploymentItems>
        <DeploymentItem filename="ExternalBinaries" outputDirectory=".\ExternalBinaries" />
        <DeploymentItem filename="TestData" outputDirectory=".\TestData" />
        <DeploymentItem filename="TestRunConfig" outputDirectory=".\TestRunConfig" />
      </DeploymentItems>
      <Execution id="af46961f-6445-4366-bd9a-348301a8e679" />
      <TestMethod codeBase="C:/LoyaltyWebTest/Web/Test/UI/LoyaltyWeb/LoyaltyWebTest/LoyaltyWebTest/bin/Debug/Nordstrom.Web.Test.UI.LoyaltyWeb.DLL" adapterTypeName="Microsoft.VisualStudio.TestTools.TestTypes.Unit.UnitTestAdapter, Microsoft.VisualStudio.QualityTools.Tips.UnitTest.Adapter, Version=12.0.0.0, Culture=neutral, PublicKeyToken=b03f5f7f11d50a3a" className="Nordstrom.Web.Test.UI.LoyaltyWeb.LoyaltyTenderNeutralMobileVerificationPageTests, Nordstrom.Web.Test.UI.LoyaltyWeb, Version=1.0.0.0, Culture=neutral, PublicKeyToken=null" name="SuccessAssociationPageModalPopupsValidation_GuestUserGetANewCodeModalContentValidation_GetANewCodeModalContentValidatedSuccessfully" />
    </UnitTest>
    <UnitTest name="ApplyAndBuy_GuestUserApplyForNewDebitCardAndSignInAfterConfirmationAsNewUser_CardSuccessfullyAddedToWallet" storage="c:\loyaltywebtest\web\test\ui\loyaltyweb\loyaltywebtest\loyaltywebtest\bin\debug\nordstrom.web.test.ui.loyaltyweb.dll" id="5e292389-75cf-17f7-6636-b9ebbfaf2ab9">
      <Description>Apply for a debit card as a guest user, signing in as a new user the confirmation page and verifying the account summary for the newly added instant approved card</Description>
      <TestCategory>
        <TestCategoryItem TestCategory="ApplyAndBuy" />
      </TestCategory>
      <DeploymentItems>
        <DeploymentItem filename="ExternalBinaries" outputDirectory=".\ExternalBinaries" />
        <DeploymentItem filename="TestData" outputDirectory=".\TestData" />
        <DeploymentItem filename="TestRunConfig" outputDirectory=".\TestRunConfig" />
      </DeploymentItems>
      <Execution id="57c08325-b9de-4350-9992-c670566cc478" />
      <TestMethod codeBase="C:/LoyaltyWebTest/Web/Test/UI/LoyaltyWeb/LoyaltyWebTest/LoyaltyWebTest/bin/Debug/Nordstrom.Web.Test.UI.LoyaltyWeb.DLL" adapterTypeName="Microsoft.VisualStudio.TestTools.TestTypes.Unit.UnitTestAdapter, Microsoft.VisualStudio.QualityTools.Tips.UnitTest.Adapter, Version=12.0.0.0, Culture=neutral, PublicKeyToken=b03f5f7f11d50a3a" className="Nordstrom.Web.Test.UI.LoyaltyWeb.ApplyAndBuyTests, Nordstrom.Web.Test.UI.LoyaltyWeb, Version=1.0.0.0, Culture=neutral, PublicKeyToken=null" name="ApplyAndBuy_GuestUserApplyForNewDebitCardAndSignInAfterConfirmationAsNewUser_CardSuccessfullyAddedToWallet" />
    </UnitTest>
    <UnitTest name="ApplyAndBuy_GuestUserShoppingDebit_ShouldBeAbleToDeclineTheOffer" storage="c:\loyaltywebtest\web\test\ui\loyaltyweb\loyaltywebtest\loyaltywebtest\bin\debug\nordstrom.web.test.ui.loyaltyweb.dll" id="b7c85bb0-32db-7de4-90bc-36d9f89bd678">
      <Description>Verify guest user can shop debit card successfully.</Description>
      <TestCategory>
        <TestCategoryItem TestCategory="ApplyAndBuy" />
      </TestCategory>
      <DeploymentItems>
        <DeploymentItem filename="ExternalBinaries" outputDirectory=".\ExternalBinaries" />
        <DeploymentItem filename="TestData" outputDirectory=".\TestData" />
        <DeploymentItem filename="TestRunConfig" outputDirectory=".\TestRunConfig" />
      </DeploymentItems>
      <Execution id="9bf017cb-5db0-453a-a199-cee691b5d68d" />
      <TestMethod codeBase="C:/LoyaltyWebTest/Web/Test/UI/LoyaltyWeb/LoyaltyWebTest/LoyaltyWebTest/bin/Debug/Nordstrom.Web.Test.UI.LoyaltyWeb.DLL" adapterTypeName="Microsoft.VisualStudio.TestTools.TestTypes.Unit.UnitTestAdapter, Microsoft.VisualStudio.QualityTools.Tips.UnitTest.Adapter, Version=12.0.0.0, Culture=neutral, PublicKeyToken=b03f5f7f11d50a3a" className="Nordstrom.Web.Test.UI.LoyaltyWeb.ApplyAndBuyTests, Nordstrom.Web.Test.UI.LoyaltyWeb, Version=1.0.0.0, Culture=neutral, PublicKeyToken=null" name="ApplyAndBuy_GuestUserShoppingDebit_ShouldBeAbleToDeclineTheOffer" />
    </UnitTest>
    <UnitTest name="TenderNeutralRewardsRegister_RecognizedUserEnrollWithWrongPassword_ShouldFailInEnroll" storage="c:\loyaltywebtest\web\test\ui\loyaltyweb\loyaltywebtest\loyaltywebtest\bin\debug\nordstrom.web.test.ui.loyaltyweb.dll" id="3436681d-5283-dca4-7aad-db3743bc4bf6">
      <Description>Recognized user enrolling with wrong password would not succeed in enrollment.</Description>
      <TestCategory>
        <TestCategoryItem TestCategory="LoyaltyTenderNeutral" />
        <TestCategoryItem TestCategory="Enroll" />
      </TestCategory>
      <DeploymentItems>
        <DeploymentItem filename="ExternalBinaries" outputDirectory=".\ExternalBinaries" />
        <DeploymentItem filename="TestData" outputDirectory=".\TestData" />
        <DeploymentItem filename="TestRunConfig" outputDirectory=".\TestRunConfig" />
      </DeploymentItems>
      <Execution id="73b886dc-9be0-4cb7-a391-668e5b855404" />
      <TestMethod codeBase="C:/LoyaltyWebTest/Web/Test/UI/LoyaltyWeb/LoyaltyWebTest/LoyaltyWebTest/bin/Debug/Nordstrom.Web.Test.UI.LoyaltyWeb.DLL" adapterTypeName="Microsoft.VisualStudio.TestTools.TestTypes.Unit.UnitTestAdapter, Microsoft.VisualStudio.QualityTools.Tips.UnitTest.Adapter, Version=12.0.0.0, Culture=neutral, PublicKeyToken=b03f5f7f11d50a3a" className="Nordstrom.Web.Test.UI.LoyaltyWeb.LoyaltyRegisterTests, Nordstrom.Web.Test.UI.LoyaltyWeb, Version=1.0.0.0, Culture=neutral, PublicKeyToken=null" name="TenderNeutralRewardsRegister_RecognizedUserEnrollWithWrongPassword_ShouldFailInEnroll" />
    </UnitTest>
    <UnitTest name="ApplyAndBuy_GuestUserApplyForNewVisaCardAndRegisterAfterCardConfirmation_CardSuccessfullyAddedToWallet" storage="c:\loyaltywebtest\web\test\ui\loyaltyweb\loyaltywebtest\loyaltywebtest\bin\debug\nordstrom.web.test.ui.loyaltyweb.dll" id="6a2c3389-c188-4773-e10b-4e29b62bf4bc">
      <Description>Apply for Nordsrom Visa Credit Card as a guest user, register after card confirmation and successfully verify that card is added to wallet</Description>
      <TestCategory>
        <TestCategoryItem TestCategory="ApplyAndBuy" />
      </TestCategory>
      <DeploymentItems>
        <DeploymentItem filename="ExternalBinaries" outputDirectory=".\ExternalBinaries" />
        <DeploymentItem filename="TestData" outputDirectory=".\TestData" />
        <DeploymentItem filename="TestRunConfig" outputDirectory=".\TestRunConfig" />
      </DeploymentItems>
      <Execution id="cf9c8684-64a7-48d9-ab67-d3bddb1a3352" />
      <TestMethod codeBase="C:/LoyaltyWebTest/Web/Test/UI/LoyaltyWeb/LoyaltyWebTest/LoyaltyWebTest/bin/Debug/Nordstrom.Web.Test.UI.LoyaltyWeb.DLL" adapterTypeName="Microsoft.VisualStudio.TestTools.TestTypes.Unit.UnitTestAdapter, Microsoft.VisualStudio.QualityTools.Tips.UnitTest.Adapter, Version=12.0.0.0, Culture=neutral, PublicKeyToken=b03f5f7f11d50a3a" className="Nordstrom.Web.Test.UI.LoyaltyWeb.ApplyAndBuyTests, Nordstrom.Web.Test.UI.LoyaltyWeb, Version=1.0.0.0, Culture=neutral, PublicKeyToken=null" name="ApplyAndBuy_GuestUserApplyForNewVisaCardAndRegisterAfterCardConfirmation_CardSuccessfullyAddedToWallet" />
    </UnitTest>
    <UnitTest name="TenderNeutralRewardsEnroll_MarketingPreferenceForAuthenticatedUser_MarketingPreferenceNotDisplayed" storage="c:\loyaltywebtest\web\test\ui\loyaltyweb\loyaltywebtest\loyaltywebtest\bin\debug\nordstrom.web.test.ui.loyaltyweb.dll" id="d4223cb2-795f-acc3-97c9-3a959ae1fbec">
      <Description>Verify that the marketing preference is not displayed on Loyalty enroll page for a N.com registered authenticated user</Description>
      <TestCategory>
        <TestCategoryItem TestCategory="LoyaltyTenderNeutral" />
        <TestCategoryItem TestCategory="Enroll" />
      </TestCategory>
      <DeploymentItems>
        <DeploymentItem filename="ExternalBinaries" outputDirectory=".\ExternalBinaries" />
        <DeploymentItem filename="TestData" outputDirectory=".\TestData" />
        <DeploymentItem filename="TestRunConfig" outputDirectory=".\TestRunConfig" />
      </DeploymentItems>
      <Execution id="885e4713-d19b-4264-859e-3719352c5033" />
      <TestMethod codeBase="C:/LoyaltyWebTest/Web/Test/UI/LoyaltyWeb/LoyaltyWebTest/LoyaltyWebTest/bin/Debug/Nordstrom.Web.Test.UI.LoyaltyWeb.DLL" adapterTypeName="Microsoft.VisualStudio.TestTools.TestTypes.Unit.UnitTestAdapter, Microsoft.VisualStudio.QualityTools.Tips.UnitTest.Adapter, Version=12.0.0.0, Culture=neutral, PublicKeyToken=b03f5f7f11d50a3a" className="Nordstrom.Web.Test.UI.LoyaltyWeb.LoyaltyRegisterTests, Nordstrom.Web.Test.UI.LoyaltyWeb, Version=1.0.0.0, Culture=neutral, PublicKeyToken=null" name="TenderNeutralRewardsEnroll_MarketingPreferenceForAuthenticatedUser_MarketingPreferenceNotDisplayed" />
    </UnitTest>
    <UnitTest name="ApplyAndBuy_AuthenticatedUserShoppingForRetailCard_ShouldGetReferralMessage" storage="c:\loyaltywebtest\web\test\ui\loyaltyweb\loyaltywebtest\loyaltywebtest\bin\debug\nordstrom.web.test.ui.loyaltyweb.dll" id="e4a64364-519b-8322-a7f4-93d5e3084e40">
      <Description>Verify authenticated user would shop retail card unsuccessfully.</Description>
      <TestCategory>
        <TestCategoryItem TestCategory="ApplyAndBuy" />
      </TestCategory>
      <DeploymentItems>
        <DeploymentItem filename="ExternalBinaries" outputDirectory=".\ExternalBinaries" />
        <DeploymentItem filename="TestData" outputDirectory=".\TestData" />
        <DeploymentItem filename="TestRunConfig" outputDirectory=".\TestRunConfig" />
      </DeploymentItems>
      <Execution id="ea6e3437-eb47-48c7-b871-0d169aff6741" />
      <TestMethod codeBase="C:/LoyaltyWebTest/Web/Test/UI/LoyaltyWeb/LoyaltyWebTest/LoyaltyWebTest/bin/Debug/Nordstrom.Web.Test.UI.LoyaltyWeb.DLL" adapterTypeName="Microsoft.VisualStudio.TestTools.TestTypes.Unit.UnitTestAdapter, Microsoft.VisualStudio.QualityTools.Tips.UnitTest.Adapter, Version=12.0.0.0, Culture=neutral, PublicKeyToken=b03f5f7f11d50a3a" className="Nordstrom.Web.Test.UI.LoyaltyWeb.ApplyAndBuyTests, Nordstrom.Web.Test.UI.LoyaltyWeb, Version=1.0.0.0, Culture=neutral, PublicKeyToken=null" name="ApplyAndBuy_AuthenticatedUserShoppingForRetailCard_ShouldGetReferralMessage" />
    </UnitTest>
    <UnitTest name="TenderNeutralRewardsEnroll_EnrollingRecognizedUser_ShouldPassInEnroll" storage="c:\loyaltywebtest\web\test\ui\loyaltyweb\loyaltywebtest\loyaltywebtest\bin\debug\nordstrom.web.test.ui.loyaltyweb.dll" id="1162438d-489e-5b8c-425b-42278f400ae0">
      <Description>Verify the creation of a new loyalty web account for a N.com recognized user</Description>
      <TestCategory>
        <TestCategoryItem TestCategory="Enroll" />
        <TestCategoryItem TestCategory="LoyaltyTenderNeutral" />
      </TestCategory>
      <DeploymentItems>
        <DeploymentItem filename="ExternalBinaries" outputDirectory=".\ExternalBinaries" />
        <DeploymentItem filename="TestData" outputDirectory=".\TestData" />
        <DeploymentItem filename="TestRunConfig" outputDirectory=".\TestRunConfig" />
      </DeploymentItems>
      <Execution id="0ee9fac7-ce01-4cbf-ac0f-6107252c7456" />
      <TestMethod codeBase="C:/LoyaltyWebTest/Web/Test/UI/LoyaltyWeb/LoyaltyWebTest/LoyaltyWebTest/bin/Debug/Nordstrom.Web.Test.UI.LoyaltyWeb.DLL" adapterTypeName="Microsoft.VisualStudio.TestTools.TestTypes.Unit.UnitTestAdapter, Microsoft.VisualStudio.QualityTools.Tips.UnitTest.Adapter, Version=12.0.0.0, Culture=neutral, PublicKeyToken=b03f5f7f11d50a3a" className="Nordstrom.Web.Test.UI.LoyaltyWeb.LoyaltyRegisterTests, Nordstrom.Web.Test.UI.LoyaltyWeb, Version=1.0.0.0, Culture=neutral, PublicKeyToken=null" name="TenderNeutralRewardsEnroll_EnrollingRecognizedUser_ShouldPassInEnroll" />
    </UnitTest>
    <UnitTest name="ApplyAndBuy_RegisteredUserNavigationToRetailCardConfirmationAndPageHeaderAndFooterLinksVerification_HeaderAndFooterLinksVerifiedSuccessfully" storage="c:\loyaltywebtest\web\test\ui\loyaltyweb\loyaltywebtest\loyaltywebtest\bin\debug\nordstrom.web.test.ui.loyaltyweb.dll" id="968d66bd-881b-d4d7-de09-4a1507bf6626">
      <Description>Apply for Nordsrom Retail Credit Card as a registered authenticated user and  verify header and footer links on card confirmation page</Description>
      <TestCategory>
        <TestCategoryItem TestCategory="ApplyAndBuy" />
      </TestCategory>
      <DeploymentItems>
        <DeploymentItem filename="ExternalBinaries" outputDirectory=".\ExternalBinaries" />
        <DeploymentItem filename="TestData" outputDirectory=".\TestData" />
        <DeploymentItem filename="TestRunConfig" outputDirectory=".\TestRunConfig" />
      </DeploymentItems>
      <Execution id="9889a96d-b7f0-44d3-9c81-9839b03a8005" />
      <TestMethod codeBase="C:/LoyaltyWebTest/Web/Test/UI/LoyaltyWeb/LoyaltyWebTest/LoyaltyWebTest/bin/Debug/Nordstrom.Web.Test.UI.LoyaltyWeb.DLL" adapterTypeName="Microsoft.VisualStudio.TestTools.TestTypes.Unit.UnitTestAdapter, Microsoft.VisualStudio.QualityTools.Tips.UnitTest.Adapter, Version=12.0.0.0, Culture=neutral, PublicKeyToken=b03f5f7f11d50a3a" className="Nordstrom.Web.Test.UI.LoyaltyWeb.ApplyAndBuyTests, Nordstrom.Web.Test.UI.LoyaltyWeb, Version=1.0.0.0, Culture=neutral, PublicKeyToken=null" name="ApplyAndBuy_RegisteredUserNavigationToRetailCardConfirmationAndPageHeaderAndFooterLinksVerification_HeaderAndFooterLinksVerifiedSuccessfully" />
    </UnitTest>
    <UnitTest name="ApplyAndBuy_AuthenticatedNewUserDeclineBothCards_SuccessfulNavigationToHomePage" storage="c:\loyaltywebtest\web\test\ui\loyaltyweb\loyaltywebtest\loyaltywebtest\bin\debug\nordstrom.web.test.ui.loyaltyweb.dll" id="2f9c7d3e-50f0-a4e8-8d75-483f3e9925ac">
      <Description>Verify that the newly registered user is taken to the home page on clicking the decline both cards link from the credit card offer page for visa and retail cards</Description>
      <TestCategory>
        <TestCategoryItem TestCategory="ApplyAndBuy" />
      </TestCategory>
      <DeploymentItems>
        <DeploymentItem filename="ExternalBinaries" outputDirectory=".\ExternalBinaries" />
        <DeploymentItem filename="TestData" outputDirectory=".\TestData" />
        <DeploymentItem filename="TestRunConfig" outputDirectory=".\TestRunConfig" />
      </DeploymentItems>
      <Execution id="9db28d7f-4385-4911-a365-637fc6152a59" />
      <TestMethod codeBase="C:/LoyaltyWebTest/Web/Test/UI/LoyaltyWeb/LoyaltyWebTest/LoyaltyWebTest/bin/Debug/Nordstrom.Web.Test.UI.LoyaltyWeb.DLL" adapterTypeName="Microsoft.VisualStudio.TestTools.TestTypes.Unit.UnitTestAdapter, Microsoft.VisualStudio.QualityTools.Tips.UnitTest.Adapter, Version=12.0.0.0, Culture=neutral, PublicKeyToken=b03f5f7f11d50a3a" className="Nordstrom.Web.Test.UI.LoyaltyWeb.ApplyAndBuyTests, Nordstrom.Web.Test.UI.LoyaltyWeb, Version=1.0.0.0, Culture=neutral, PublicKeyToken=null" name="ApplyAndBuy_AuthenticatedNewUserDeclineBothCards_SuccessfulNavigationToHomePage" />
    </UnitTest>
    <UnitTest name="ApplyAndBuy_AuthenticatedNewUserApplyForVisaCard_PlaceOrderWithInstantApprovedVisaCard" storage="c:\loyaltywebtest\web\test\ui\loyaltyweb\loyaltywebtest\loyaltywebtest\bin\debug\nordstrom.web.test.ui.loyaltyweb.dll" id="aa92acb1-a65f-4dde-5291-62a954d9ed84">
      <Description>Verify that the  newly registered user is able to apply for a visa card and place an order with the instant approved visa card </Description>
      <TestCategory>
        <TestCategoryItem TestCategory="ApplyAndBuy" />
      </TestCategory>
      <DeploymentItems>
        <DeploymentItem filename="ExternalBinaries" outputDirectory=".\ExternalBinaries" />
        <DeploymentItem filename="TestData" outputDirectory=".\TestData" />
        <DeploymentItem filename="TestRunConfig" outputDirectory=".\TestRunConfig" />
      </DeploymentItems>
      <Execution id="4b995180-2009-4394-8ab4-d199c7cd2472" />
      <TestMethod codeBase="C:/LoyaltyWebTest/Web/Test/UI/LoyaltyWeb/LoyaltyWebTest/LoyaltyWebTest/bin/Debug/Nordstrom.Web.Test.UI.LoyaltyWeb.DLL" adapterTypeName="Microsoft.VisualStudio.TestTools.TestTypes.Unit.UnitTestAdapter, Microsoft.VisualStudio.QualityTools.Tips.UnitTest.Adapter, Version=12.0.0.0, Culture=neutral, PublicKeyToken=b03f5f7f11d50a3a" className="Nordstrom.Web.Test.UI.LoyaltyWeb.ApplyAndBuyTests, Nordstrom.Web.Test.UI.LoyaltyWeb, Version=1.0.0.0, Culture=neutral, PublicKeyToken=null" name="ApplyAndBuy_AuthenticatedNewUserApplyForVisaCard_PlaceOrderWithInstantApprovedVisaCard" />
    </UnitTest>
    <UnitTest name="TenderNeutralRewardsRegister_MarketingPreferenceUpdateCheckedDuringTenderNeutralEnrollment_MarketingPreferenceSuccessfulUpdateToYesForNordAccount" storage="c:\loyaltywebtest\web\test\ui\loyaltyweb\loyaltywebtest\loyaltywebtest\bin\debug\nordstrom.web.test.ui.loyaltyweb.dll" id="21295eb5-b67c-57fc-2827-af49702d43cb">
      <Description>Verify that Nordstrom email marketing preference is updated to yes while creating a nordtrom tender neutral rewards account</Description>
      <TestCategory>
        <TestCategoryItem TestCategory="LoyaltyTenderNeutral" />
        <TestCategoryItem TestCategory="Enroll" />
      </TestCategory>
      <DeploymentItems>
        <DeploymentItem filename="ExternalBinaries" outputDirectory=".\ExternalBinaries" />
        <DeploymentItem filename="TestData" outputDirectory=".\TestData" />
        <DeploymentItem filename="TestRunConfig" outputDirectory=".\TestRunConfig" />
      </DeploymentItems>
      <Execution id="46902f9e-5566-4f0c-928c-d0369496c9f4" />
      <TestMethod codeBase="C:/LoyaltyWebTest/Web/Test/UI/LoyaltyWeb/LoyaltyWebTest/LoyaltyWebTest/bin/Debug/Nordstrom.Web.Test.UI.LoyaltyWeb.DLL" adapterTypeName="Microsoft.VisualStudio.TestTools.TestTypes.Unit.UnitTestAdapter, Microsoft.VisualStudio.QualityTools.Tips.UnitTest.Adapter, Version=12.0.0.0, Culture=neutral, PublicKeyToken=b03f5f7f11d50a3a" className="Nordstrom.Web.Test.UI.LoyaltyWeb.LoyaltyRegisterTests, Nordstrom.Web.Test.UI.LoyaltyWeb, Version=1.0.0.0, Culture=neutral, PublicKeyToken=null" name="TenderNeutralRewardsRegister_MarketingPreferenceUpdateCheckedDuringTenderNeutralEnrollment_MarketingPreferenceSuccessfulUpdateToYesForNordAccount" />
    </UnitTest>
    <UnitTest name="ApplyAndBuy_NewlyRegisteredUserShoppingWithNewVisaCard_OrderSuccessfullyPlacedWithNewVisaCard" storage="c:\loyaltywebtest\web\test\ui\loyaltyweb\loyaltywebtest\loyaltywebtest\bin\debug\nordstrom.web.test.ui.loyaltyweb.dll" id="f893727f-a97f-c3cb-2a9a-9aa48c01d2da">
      <Description>Verify newly added VISA card and place an Order as a newly created user</Description>
      <TestCategory>
        <TestCategoryItem TestCategory="ApplyAndBuy" />
      </TestCategory>
      <DeploymentItems>
        <DeploymentItem filename="ExternalBinaries" outputDirectory=".\ExternalBinaries" />
        <DeploymentItem filename="TestData" outputDirectory=".\TestData" />
        <DeploymentItem filename="TestRunConfig" outputDirectory=".\TestRunConfig" />
      </DeploymentItems>
      <Execution id="c2a21fdf-ccb6-42b2-b3f6-f07067ed488f" />
      <TestMethod codeBase="C:/LoyaltyWebTest/Web/Test/UI/LoyaltyWeb/LoyaltyWebTest/LoyaltyWebTest/bin/Debug/Nordstrom.Web.Test.UI.LoyaltyWeb.DLL" adapterTypeName="Microsoft.VisualStudio.TestTools.TestTypes.Unit.UnitTestAdapter, Microsoft.VisualStudio.QualityTools.Tips.UnitTest.Adapter, Version=12.0.0.0, Culture=neutral, PublicKeyToken=b03f5f7f11d50a3a" className="Nordstrom.Web.Test.UI.LoyaltyWeb.ApplyAndBuyTests, Nordstrom.Web.Test.UI.LoyaltyWeb, Version=1.0.0.0, Culture=neutral, PublicKeyToken=null" name="ApplyAndBuy_NewlyRegisteredUserShoppingWithNewVisaCard_OrderSuccessfullyPlacedWithNewVisaCard" />
    </UnitTest>
    <UnitTest name="LoyaltyWelcomePage_RackLogo_ShouldRender" storage="c:\loyaltywebtest\web\test\ui\loyaltyweb\loyaltywebtest\loyaltywebtest\bin\debug\nordstrom.web.test.ui.loyaltyweb.dll" id="c03a005c-b69d-99fa-b651-b26bd5d00566">
      <Description>rack Logo should navigate to the right url</Description>
      <TestCategory>
        <TestCategoryItem TestCategory="LoyaltyTenderNeutral" />
        <TestCategoryItem TestCategory="Welcome" />
      </TestCategory>
      <DeploymentItems>
        <DeploymentItem filename="ExternalBinaries" outputDirectory=".\ExternalBinaries" />
        <DeploymentItem filename="TestData" outputDirectory=".\TestData" />
        <DeploymentItem filename="TestRunConfig" outputDirectory=".\TestRunConfig" />
      </DeploymentItems>
      <Execution id="25c0398b-57ba-421c-a1a9-c7f7594dbf13" />
      <TestMethod codeBase="C:/LoyaltyWebTest/Web/Test/UI/LoyaltyWeb/LoyaltyWebTest/LoyaltyWebTest/bin/Debug/Nordstrom.Web.Test.UI.LoyaltyWeb.DLL" adapterTypeName="Microsoft.VisualStudio.TestTools.TestTypes.Unit.UnitTestAdapter, Microsoft.VisualStudio.QualityTools.Tips.UnitTest.Adapter, Version=12.0.0.0, Culture=neutral, PublicKeyToken=b03f5f7f11d50a3a" className="Nordstrom.Web.Test.UI.LoyaltyWeb.LoyaltyWelcomeTests, Nordstrom.Web.Test.UI.LoyaltyWeb, Version=1.0.0.0, Culture=neutral, PublicKeyToken=null" name="LoyaltyWelcomePage_RackLogo_ShouldRender" />
    </UnitTest>
    <UnitTest name="ApplyAndBuy_GuestUserApplyNewVisaCardAndSignInAfterConfirmation_CardSuccessfullyAddedToWallet" storage="c:\loyaltywebtest\web\test\ui\loyaltyweb\loyaltywebtest\loyaltywebtest\bin\debug\nordstrom.web.test.ui.loyaltyweb.dll" id="66d904d5-b7a6-fdbc-78da-2fd7a37dff81">
      <Description>Apply for nordstrom visa card as a guest user and sign in as an new user and verify the newly added card in user account wallet</Description>
      <TestCategory>
        <TestCategoryItem TestCategory="ApplyAndBuy" />
      </TestCategory>
      <DeploymentItems>
        <DeploymentItem filename="ExternalBinaries" outputDirectory=".\ExternalBinaries" />
        <DeploymentItem filename="TestData" outputDirectory=".\TestData" />
        <DeploymentItem filename="TestRunConfig" outputDirectory=".\TestRunConfig" />
      </DeploymentItems>
      <Execution id="e4fb64c3-977e-46c7-a110-0460bf17b40f" />
      <TestMethod codeBase="C:/LoyaltyWebTest/Web/Test/UI/LoyaltyWeb/LoyaltyWebTest/LoyaltyWebTest/bin/Debug/Nordstrom.Web.Test.UI.LoyaltyWeb.DLL" adapterTypeName="Microsoft.VisualStudio.TestTools.TestTypes.Unit.UnitTestAdapter, Microsoft.VisualStudio.QualityTools.Tips.UnitTest.Adapter, Version=12.0.0.0, Culture=neutral, PublicKeyToken=b03f5f7f11d50a3a" className="Nordstrom.Web.Test.UI.LoyaltyWeb.ApplyAndBuyTests, Nordstrom.Web.Test.UI.LoyaltyWeb, Version=1.0.0.0, Culture=neutral, PublicKeyToken=null" name="ApplyAndBuy_GuestUserApplyNewVisaCardAndSignInAfterConfirmation_CardSuccessfullyAddedToWallet" />
    </UnitTest>
    <UnitTest name="TenderNeutralAssociation_WebAssociatedEnrolledCustomerComesToAssociationPageAsRegisteredUser_ShouldGetYouAreSetMessage" storage="c:\loyaltywebtest\web\test\ui\loyaltyweb\loyaltywebtest\loyaltywebtest\bin\debug\nordstrom.web.test.ui.loyaltyweb.dll" id="460c058b-7131-2fcc-6c34-dc0936a6c442">
      <Description>When web associated customer wants to associate again in registered sign in state, he got the all set message.</Description>
      <TestCategory>
        <TestCategoryItem TestCategory="LoyaltyTenderNeutral" />
        <TestCategoryItem TestCategory="Association" />
      </TestCategory>
      <DeploymentItems>
        <DeploymentItem filename="ExternalBinaries" outputDirectory=".\ExternalBinaries" />
        <DeploymentItem filename="TestData" outputDirectory=".\TestData" />
        <DeploymentItem filename="TestRunConfig" outputDirectory=".\TestRunConfig" />
      </DeploymentItems>
      <Execution id="0168017c-29ab-4107-b031-9d0e0ef44bad" />
      <TestMethod codeBase="C:/LoyaltyWebTest/Web/Test/UI/LoyaltyWeb/LoyaltyWebTest/LoyaltyWebTest/bin/Debug/Nordstrom.Web.Test.UI.LoyaltyWeb.DLL" adapterTypeName="Microsoft.VisualStudio.TestTools.TestTypes.Unit.UnitTestAdapter, Microsoft.VisualStudio.QualityTools.Tips.UnitTest.Adapter, Version=12.0.0.0, Culture=neutral, PublicKeyToken=b03f5f7f11d50a3a" className="Nordstrom.Web.Test.UI.LoyaltyWeb.LoyaltyAssociationTests, Nordstrom.Web.Test.UI.LoyaltyWeb, Version=1.0.0.0, Culture=neutral, PublicKeyToken=null" name="TenderNeutralAssociation_WebAssociatedEnrolledCustomerComesToAssociationPageAsRegisteredUser_ShouldGetYouAreSetMessage" />
    </UnitTest>
    <UnitTest name="ApplyAndBuy_NewlyRegisteredUserShoppingWithNewRetailCard_OrderSuccessfullyPlacedWithNewRetailCard" storage="c:\loyaltywebtest\web\test\ui\loyaltyweb\loyaltywebtest\loyaltywebtest\bin\debug\nordstrom.web.test.ui.loyaltyweb.dll" id="cbf9b4ca-09be-98f7-9cf0-92684d4c487c">
      <Description>Verify newly added Retail card and place an Order as a newly created user</Description>
      <TestCategory>
        <TestCategoryItem TestCategory="ApplyAndBuy" />
      </TestCategory>
      <DeploymentItems>
        <DeploymentItem filename="ExternalBinaries" outputDirectory=".\ExternalBinaries" />
        <DeploymentItem filename="TestData" outputDirectory=".\TestData" />
        <DeploymentItem filename="TestRunConfig" outputDirectory=".\TestRunConfig" />
      </DeploymentItems>
      <Execution id="81669cdf-e335-4067-a576-ea67684596d0" />
      <TestMethod codeBase="C:/LoyaltyWebTest/Web/Test/UI/LoyaltyWeb/LoyaltyWebTest/LoyaltyWebTest/bin/Debug/Nordstrom.Web.Test.UI.LoyaltyWeb.DLL" adapterTypeName="Microsoft.VisualStudio.TestTools.TestTypes.Unit.UnitTestAdapter, Microsoft.VisualStudio.QualityTools.Tips.UnitTest.Adapter, Version=12.0.0.0, Culture=neutral, PublicKeyToken=b03f5f7f11d50a3a" className="Nordstrom.Web.Test.UI.LoyaltyWeb.ApplyAndBuyTests, Nordstrom.Web.Test.UI.LoyaltyWeb, Version=1.0.0.0, Culture=neutral, PublicKeyToken=null" name="ApplyAndBuy_NewlyRegisteredUserShoppingWithNewRetailCard_OrderSuccessfullyPlacedWithNewRetailCard" />
    </UnitTest>
    <UnitTest name="TenderNeutralAssociation_PageContentShouldBeloadedSuccessfully" storage="c:\loyaltywebtest\web\test\ui\loyaltyweb\loyaltywebtest\loyaltywebtest\bin\debug\nordstrom.web.test.ui.loyaltyweb.dll" id="f99a3847-1f69-481e-31a1-d2fbcc2facd4">
      <Description>Verify that when user goes to Association page, container association div is fully loaded</Description>
      <TestCategory>
        <TestCategoryItem TestCategory="LoyaltyTenderNeutral" />
        <TestCategoryItem TestCategory="Association" />
      </TestCategory>
      <DeploymentItems>
        <DeploymentItem filename="ExternalBinaries" outputDirectory=".\ExternalBinaries" />
        <DeploymentItem filename="TestData" outputDirectory=".\TestData" />
        <DeploymentItem filename="TestRunConfig" outputDirectory=".\TestRunConfig" />
      </DeploymentItems>
      <Execution id="9cf13fbd-f273-498b-9b87-834316f4811a" />
      <TestMethod codeBase="C:/LoyaltyWebTest/Web/Test/UI/LoyaltyWeb/LoyaltyWebTest/LoyaltyWebTest/bin/Debug/Nordstrom.Web.Test.UI.LoyaltyWeb.DLL" adapterTypeName="Microsoft.VisualStudio.TestTools.TestTypes.Unit.UnitTestAdapter, Microsoft.VisualStudio.QualityTools.Tips.UnitTest.Adapter, Version=12.0.0.0, Culture=neutral, PublicKeyToken=b03f5f7f11d50a3a" className="Nordstrom.Web.Test.UI.LoyaltyWeb.LoyaltyAssociationTests, Nordstrom.Web.Test.UI.LoyaltyWeb, Version=1.0.0.0, Culture=neutral, PublicKeyToken=null" name="TenderNeutralAssociation_PageContentShouldBeloadedSuccessfully" />
    </UnitTest>
    <UnitTest name="TenderNeutralRewardsEnroll_LoyaltyTNAuthenticatedUserLeaveFieldsBlank_ErrorMessageDisplayedSuccessfully" storage="c:\loyaltywebtest\web\test\ui\loyaltyweb\loyaltywebtest\loyaltywebtest\bin\debug\nordstrom.web.test.ui.loyaltyweb.dll" id="3328ea28-7cd9-8126-b497-abe963133f32">
      <Description>Verify that error messages appear for all required fields when Join button is clicked leaving all fields blank for an authenticated user</Description>
      <TestCategory>
        <TestCategoryItem TestCategory="LoyaltyTenderNeutral" />
        <TestCategoryItem TestCategory="Enroll" />
      </TestCategory>
      <DeploymentItems>
        <DeploymentItem filename="ExternalBinaries" outputDirectory=".\ExternalBinaries" />
        <DeploymentItem filename="TestData" outputDirectory=".\TestData" />
        <DeploymentItem filename="TestRunConfig" outputDirectory=".\TestRunConfig" />
      </DeploymentItems>
      <Execution id="e81028b1-c3bb-4443-962a-f0436b18b590" />
      <TestMethod codeBase="C:/LoyaltyWebTest/Web/Test/UI/LoyaltyWeb/LoyaltyWebTest/LoyaltyWebTest/bin/Debug/Nordstrom.Web.Test.UI.LoyaltyWeb.DLL" adapterTypeName="Microsoft.VisualStudio.TestTools.TestTypes.Unit.UnitTestAdapter, Microsoft.VisualStudio.QualityTools.Tips.UnitTest.Adapter, Version=12.0.0.0, Culture=neutral, PublicKeyToken=b03f5f7f11d50a3a" className="Nordstrom.Web.Test.UI.LoyaltyWeb.LoyaltyRegisterTests, Nordstrom.Web.Test.UI.LoyaltyWeb, Version=1.0.0.0, Culture=neutral, PublicKeyToken=null" name="TenderNeutralRewardsEnroll_LoyaltyTNAuthenticatedUserLeaveFieldsBlank_ErrorMessageDisplayedSuccessfully" />
    </UnitTest>
    <UnitTest name="TenderNeutralRewardsEnroll_LoyaltyTNAuthenticatedUserAlphanumericCharacterInCodeField_ThrowseError" storage="c:\loyaltywebtest\web\test\ui\loyaltyweb\loyaltywebtest\loyaltywebtest\bin\debug\nordstrom.web.test.ui.loyaltyweb.dll" id="a7a8df94-1db0-153a-c800-e2df07e46ab8">
      <Description>Verify that error message is displayed when alphanumeric characters are entered in mobile vrification code field</Description>
      <TestCategory>
        <TestCategoryItem TestCategory="LoyaltyTenderNeutral" />
        <TestCategoryItem TestCategory="MobileVerification" />
      </TestCategory>
      <DeploymentItems>
        <DeploymentItem filename="ExternalBinaries" outputDirectory=".\ExternalBinaries" />
        <DeploymentItem filename="TestData" outputDirectory=".\TestData" />
        <DeploymentItem filename="TestRunConfig" outputDirectory=".\TestRunConfig" />
      </DeploymentItems>
      <Execution id="80a6a505-f973-4f82-9262-2ede9b5b0287" />
      <TestMethod codeBase="C:/LoyaltyWebTest/Web/Test/UI/LoyaltyWeb/LoyaltyWebTest/LoyaltyWebTest/bin/Debug/Nordstrom.Web.Test.UI.LoyaltyWeb.DLL" adapterTypeName="Microsoft.VisualStudio.TestTools.TestTypes.Unit.UnitTestAdapter, Microsoft.VisualStudio.QualityTools.Tips.UnitTest.Adapter, Version=12.0.0.0, Culture=neutral, PublicKeyToken=b03f5f7f11d50a3a" className="Nordstrom.Web.Test.UI.LoyaltyWeb.LoyaltyTenderNeutralMobileVerificationPageTests, Nordstrom.Web.Test.UI.LoyaltyWeb, Version=1.0.0.0, Culture=neutral, PublicKeyToken=null" name="TenderNeutralRewardsEnroll_LoyaltyTNAuthenticatedUserAlphanumericCharacterInCodeField_ThrowseError" />
    </UnitTest>
    <UnitTest name="ApplyAndBuy_GuestUserNavigationToVisaCardConfirmationAndPageHeaderAndFooterLinksVerification_HeaderAndFooterLinksVerifiedSuccessfully" storage="c:\loyaltywebtest\web\test\ui\loyaltyweb\loyaltywebtest\loyaltywebtest\bin\debug\nordstrom.web.test.ui.loyaltyweb.dll" id="849e6579-ace1-c6d4-b6eb-a6e9b2bc24eb">
      <Description>Apply for Nordsrom Visa Credit Card as a guest user and  verify header and footer links on card confirmation page</Description>
      <TestCategory>
        <TestCategoryItem TestCategory="ApplyAndBuy" />
      </TestCategory>
      <DeploymentItems>
        <DeploymentItem filename="ExternalBinaries" outputDirectory=".\ExternalBinaries" />
        <DeploymentItem filename="TestData" outputDirectory=".\TestData" />
        <DeploymentItem filename="TestRunConfig" outputDirectory=".\TestRunConfig" />
      </DeploymentItems>
      <Execution id="5b1e904c-cace-4f11-806f-0de1c6803647" />
      <TestMethod codeBase="C:/LoyaltyWebTest/Web/Test/UI/LoyaltyWeb/LoyaltyWebTest/LoyaltyWebTest/bin/Debug/Nordstrom.Web.Test.UI.LoyaltyWeb.DLL" adapterTypeName="Microsoft.VisualStudio.TestTools.TestTypes.Unit.UnitTestAdapter, Microsoft.VisualStudio.QualityTools.Tips.UnitTest.Adapter, Version=12.0.0.0, Culture=neutral, PublicKeyToken=b03f5f7f11d50a3a" className="Nordstrom.Web.Test.UI.LoyaltyWeb.ApplyAndBuyTests, Nordstrom.Web.Test.UI.LoyaltyWeb, Version=1.0.0.0, Culture=neutral, PublicKeyToken=null" name="ApplyAndBuy_GuestUserNavigationToVisaCardConfirmationAndPageHeaderAndFooterLinksVerification_HeaderAndFooterLinksVerifiedSuccessfully" />
    </UnitTest>
    <UnitTest name="ApplyAndBuy_EmptyCreditCardApplicationSubmission_RequiredFieldErrorMessagesVerifiedSuccessfully" storage="c:\loyaltywebtest\web\test\ui\loyaltyweb\loyaltywebtest\loyaltywebtest\bin\debug\nordstrom.web.test.ui.loyaltyweb.dll" id="0e15b0d1-2a84-7f48-3ea0-18b7422618e3">
      <Description>Verify Required field error messages on credit card application page on submission of an empty application</Description>
      <TestCategory>
        <TestCategoryItem TestCategory="ApplyAndBuy" />
      </TestCategory>
      <DeploymentItems>
        <DeploymentItem filename="ExternalBinaries" outputDirectory=".\ExternalBinaries" />
        <DeploymentItem filename="TestData" outputDirectory=".\TestData" />
        <DeploymentItem filename="TestRunConfig" outputDirectory=".\TestRunConfig" />
      </DeploymentItems>
      <Execution id="97dc74e8-a27a-407f-840a-6d40b5b65307" />
      <TestMethod codeBase="C:/LoyaltyWebTest/Web/Test/UI/LoyaltyWeb/LoyaltyWebTest/LoyaltyWebTest/bin/Debug/Nordstrom.Web.Test.UI.LoyaltyWeb.DLL" adapterTypeName="Microsoft.VisualStudio.TestTools.TestTypes.Unit.UnitTestAdapter, Microsoft.VisualStudio.QualityTools.Tips.UnitTest.Adapter, Version=12.0.0.0, Culture=neutral, PublicKeyToken=b03f5f7f11d50a3a" className="Nordstrom.Web.Test.UI.LoyaltyWeb.ApplyAndBuyTests, Nordstrom.Web.Test.UI.LoyaltyWeb, Version=1.0.0.0, Culture=neutral, PublicKeyToken=null" name="ApplyAndBuy_EmptyCreditCardApplicationSubmission_RequiredFieldErrorMessagesVerifiedSuccessfully" />
    </UnitTest>
    <UnitTest name="ApplyAndBuy_NewlyRegisteredUserShoppingWithNewVisaCard_CardSucessfullyAddedToWallet" storage="c:\loyaltywebtest\web\test\ui\loyaltyweb\loyaltywebtest\loyaltywebtest\bin\debug\nordstrom.web.test.ui.loyaltyweb.dll" id="3e0ba6be-6f62-1dd4-4740-d0e4ed39c4d4">
      <Description>Verify newly added VISA card and verify the newly added card in user account wallet</Description>
      <TestCategory>
        <TestCategoryItem TestCategory="ApplyAndBuy" />
      </TestCategory>
      <DeploymentItems>
        <DeploymentItem filename="ExternalBinaries" outputDirectory=".\ExternalBinaries" />
        <DeploymentItem filename="TestData" outputDirectory=".\TestData" />
        <DeploymentItem filename="TestRunConfig" outputDirectory=".\TestRunConfig" />
      </DeploymentItems>
      <Execution id="b8060e0b-60f0-45a4-82c9-f1cedec870e0" />
      <TestMethod codeBase="C:/LoyaltyWebTest/Web/Test/UI/LoyaltyWeb/LoyaltyWebTest/LoyaltyWebTest/bin/Debug/Nordstrom.Web.Test.UI.LoyaltyWeb.DLL" adapterTypeName="Microsoft.VisualStudio.TestTools.TestTypes.Unit.UnitTestAdapter, Microsoft.VisualStudio.QualityTools.Tips.UnitTest.Adapter, Version=12.0.0.0, Culture=neutral, PublicKeyToken=b03f5f7f11d50a3a" className="Nordstrom.Web.Test.UI.LoyaltyWeb.ApplyAndBuyTests, Nordstrom.Web.Test.UI.LoyaltyWeb, Version=1.0.0.0, Culture=neutral, PublicKeyToken=null" name="ApplyAndBuy_NewlyRegisteredUserShoppingWithNewVisaCard_CardSucessfullyAddedToWallet" />
    </UnitTest>
    <UnitTest name="ApplyAndBuy_GuestUserApplyForDebitCardAndSignInConfirmationAsRegisteredUser_CardSucessfullyAddedToWallet" storage="c:\loyaltywebtest\web\test\ui\loyaltyweb\loyaltywebtest\loyaltywebtest\bin\debug\nordstrom.web.test.ui.loyaltyweb.dll" id="2cd47127-fcd1-036f-5d31-442446696e9a">
      <Description>Apply for a debit card as a guest user, signing in as a returning user the confirmation page and verifying the account summary for the newly added instant approved card</Description>
      <TestCategory>
        <TestCategoryItem TestCategory="ApplyAndBuy" />
      </TestCategory>
      <DeploymentItems>
        <DeploymentItem filename="ExternalBinaries" outputDirectory=".\ExternalBinaries" />
        <DeploymentItem filename="TestData" outputDirectory=".\TestData" />
        <DeploymentItem filename="TestRunConfig" outputDirectory=".\TestRunConfig" />
      </DeploymentItems>
      <Execution id="291e732f-dd70-494e-b6e6-b18576384edd" />
      <TestMethod codeBase="C:/LoyaltyWebTest/Web/Test/UI/LoyaltyWeb/LoyaltyWebTest/LoyaltyWebTest/bin/Debug/Nordstrom.Web.Test.UI.LoyaltyWeb.DLL" adapterTypeName="Microsoft.VisualStudio.TestTools.TestTypes.Unit.UnitTestAdapter, Microsoft.VisualStudio.QualityTools.Tips.UnitTest.Adapter, Version=12.0.0.0, Culture=neutral, PublicKeyToken=b03f5f7f11d50a3a" className="Nordstrom.Web.Test.UI.LoyaltyWeb.ApplyAndBuyTests, Nordstrom.Web.Test.UI.LoyaltyWeb, Version=1.0.0.0, Culture=neutral, PublicKeyToken=null" name="ApplyAndBuy_GuestUserApplyForDebitCardAndSignInConfirmationAsRegisteredUser_CardSucessfullyAddedToWallet" />
    </UnitTest>
    <UnitTest name="TenderNeutralRewardsEnroll_GuestUserVerifyLinksOnThePage_LinksShouldNavigatetoCorrectUrls" storage="c:\loyaltywebtest\web\test\ui\loyaltyweb\loyaltywebtest\loyaltywebtest\bin\debug\nordstrom.web.test.ui.loyaltyweb.dll" id="dc336b25-76b0-1ed1-8abe-705617b468be">
      <Description>Verify that links on the enroll page works for a guest user</Description>
      <TestCategory>
        <TestCategoryItem TestCategory="LoyaltyTenderNeutral" />
        <TestCategoryItem TestCategory="Enroll" />
      </TestCategory>
      <DeploymentItems>
        <DeploymentItem filename="ExternalBinaries" outputDirectory=".\ExternalBinaries" />
        <DeploymentItem filename="TestData" outputDirectory=".\TestData" />
        <DeploymentItem filename="TestRunConfig" outputDirectory=".\TestRunConfig" />
      </DeploymentItems>
      <Execution id="a5455089-6747-4ba3-9584-7299484352c4" />
      <TestMethod codeBase="C:/LoyaltyWebTest/Web/Test/UI/LoyaltyWeb/LoyaltyWebTest/LoyaltyWebTest/bin/Debug/Nordstrom.Web.Test.UI.LoyaltyWeb.DLL" adapterTypeName="Microsoft.VisualStudio.TestTools.TestTypes.Unit.UnitTestAdapter, Microsoft.VisualStudio.QualityTools.Tips.UnitTest.Adapter, Version=12.0.0.0, Culture=neutral, PublicKeyToken=b03f5f7f11d50a3a" className="Nordstrom.Web.Test.UI.LoyaltyWeb.LoyaltyRegisterTests, Nordstrom.Web.Test.UI.LoyaltyWeb, Version=1.0.0.0, Culture=neutral, PublicKeyToken=null" name="TenderNeutralRewardsEnroll_GuestUserVerifyLinksOnThePage_LinksShouldNavigatetoCorrectUrls" />
    </UnitTest>
    <UnitTest name="TenderNeutralRewardsEnroll_LoyaltyTenderNeutralGuestUserEmailField_ErrorMessageDisplayedSuccessfully" storage="c:\loyaltywebtest\web\test\ui\loyaltyweb\loyaltywebtest\loyaltywebtest\bin\debug\nordstrom.web.test.ui.loyaltyweb.dll" id="c9d681f3-7d2a-3b30-6a06-24588c794ac5">
      <Description>Verify the error message displayed for the invalid entry of Email field</Description>
      <TestCategory>
        <TestCategoryItem TestCategory="LoyaltyTenderNeutral" />
        <TestCategoryItem TestCategory="Enroll" />
      </TestCategory>
      <DeploymentItems>
        <DeploymentItem filename="ExternalBinaries" outputDirectory=".\ExternalBinaries" />
        <DeploymentItem filename="TestData" outputDirectory=".\TestData" />
        <DeploymentItem filename="TestRunConfig" outputDirectory=".\TestRunConfig" />
      </DeploymentItems>
      <Execution id="5785c206-b0ca-4bab-a840-724ac65d8f60" />
      <TestMethod codeBase="C:/LoyaltyWebTest/Web/Test/UI/LoyaltyWeb/LoyaltyWebTest/LoyaltyWebTest/bin/Debug/Nordstrom.Web.Test.UI.LoyaltyWeb.DLL" adapterTypeName="Microsoft.VisualStudio.TestTools.TestTypes.Unit.UnitTestAdapter, Microsoft.VisualStudio.QualityTools.Tips.UnitTest.Adapter, Version=12.0.0.0, Culture=neutral, PublicKeyToken=b03f5f7f11d50a3a" className="Nordstrom.Web.Test.UI.LoyaltyWeb.LoyaltyRegisterTests, Nordstrom.Web.Test.UI.LoyaltyWeb, Version=1.0.0.0, Culture=neutral, PublicKeyToken=null" name="TenderNeutralRewardsEnroll_LoyaltyTenderNeutralGuestUserEmailField_ErrorMessageDisplayedSuccessfully" />
    </UnitTest>
    <UnitTest name="TenderNeutralAssociation_When15MinutesPassAsGuestUser_EnteredInfoDisappear" storage="c:\loyaltywebtest\web\test\ui\loyaltyweb\loyaltywebtest\loyaltywebtest\bin\debug\nordstrom.web.test.ui.loyaltyweb.dll" id="dea7da76-cc4d-9db9-653c-019847e5cc46">
      <Description>Verify that when 15 minutes pass, guest user information clears up</Description>
      <TestCategory>
        <TestCategoryItem TestCategory="SensitiveData" />
        <TestCategoryItem TestCategory="LoyaltyTenderNeutral" />
      </TestCategory>
      <DeploymentItems>
        <DeploymentItem filename="ExternalBinaries" outputDirectory=".\ExternalBinaries" />
        <DeploymentItem filename="TestData" outputDirectory=".\TestData" />
        <DeploymentItem filename="TestRunConfig" outputDirectory=".\TestRunConfig" />
      </DeploymentItems>
      <Execution id="7f0f7865-1c34-4d4f-b661-2f39437b7c82" />
      <TestMethod codeBase="C:/LoyaltyWebTest/Web/Test/UI/LoyaltyWeb/LoyaltyWebTest/LoyaltyWebTest/bin/Debug/Nordstrom.Web.Test.UI.LoyaltyWeb.DLL" adapterTypeName="Microsoft.VisualStudio.TestTools.TestTypes.Unit.UnitTestAdapter, Microsoft.VisualStudio.QualityTools.Tips.UnitTest.Adapter, Version=12.0.0.0, Culture=neutral, PublicKeyToken=b03f5f7f11d50a3a" className="Nordstrom.Web.Test.UI.LoyaltyWeb.UserSensitiveDataCases, Nordstrom.Web.Test.UI.LoyaltyWeb, Version=1.0.0.0, Culture=neutral, PublicKeyToken=null" name="TenderNeutralAssociation_When15MinutesPassAsGuestUser_EnteredInfoDisappear" />
    </UnitTest>
    <UnitTest name="TenderNeutralRewardsEnroll_RecognizedUserVerifyLinksOnThePage_LinksShouldNavigatetoCorrectUrls" storage="c:\loyaltywebtest\web\test\ui\loyaltyweb\loyaltywebtest\loyaltywebtest\bin\debug\nordstrom.web.test.ui.loyaltyweb.dll" id="e870b60f-b9cd-9456-770e-be1a0622deb5">
      <Description>Verify that links on the enroll page works for an authenticated user</Description>
      <TestCategory>
        <TestCategoryItem TestCategory="LoyaltyTenderNeutral" />
        <TestCategoryItem TestCategory="Enroll" />
      </TestCategory>
      <DeploymentItems>
        <DeploymentItem filename="ExternalBinaries" outputDirectory=".\ExternalBinaries" />
        <DeploymentItem filename="TestData" outputDirectory=".\TestData" />
        <DeploymentItem filename="TestRunConfig" outputDirectory=".\TestRunConfig" />
      </DeploymentItems>
      <Execution id="11f63174-031e-4e4d-acd6-8d89d4a86c2e" />
      <TestMethod codeBase="C:/LoyaltyWebTest/Web/Test/UI/LoyaltyWeb/LoyaltyWebTest/LoyaltyWebTest/bin/Debug/Nordstrom.Web.Test.UI.LoyaltyWeb.DLL" adapterTypeName="Microsoft.VisualStudio.TestTools.TestTypes.Unit.UnitTestAdapter, Microsoft.VisualStudio.QualityTools.Tips.UnitTest.Adapter, Version=12.0.0.0, Culture=neutral, PublicKeyToken=b03f5f7f11d50a3a" className="Nordstrom.Web.Test.UI.LoyaltyWeb.LoyaltyRegisterTests, Nordstrom.Web.Test.UI.LoyaltyWeb, Version=1.0.0.0, Culture=neutral, PublicKeyToken=null" name="TenderNeutralRewardsEnroll_RecognizedUserVerifyLinksOnThePage_LinksShouldNavigatetoCorrectUrls" />
    </UnitTest>
    <UnitTest name="TenderNeutralAssociation_AssociatedEnrollMemberTryToAssociateAgain_ShouldGetRightMessage" storage="c:\loyaltywebtest\web\test\ui\loyaltyweb\loyaltywebtest\loyaltywebtest\bin\debug\nordstrom.web.test.ui.loyaltyweb.dll" id="523b92f4-898d-7cc7-e689-d5975b8374ee">
      <Description>When existing associated guest member wants to associate again and he got the error message</Description>
      <TestCategory>
        <TestCategoryItem TestCategory="LoyaltyTenderNeutral" />
        <TestCategoryItem TestCategory="Association" />
      </TestCategory>
      <DeploymentItems>
        <DeploymentItem filename="ExternalBinaries" outputDirectory=".\ExternalBinaries" />
        <DeploymentItem filename="TestData" outputDirectory=".\TestData" />
        <DeploymentItem filename="TestRunConfig" outputDirectory=".\TestRunConfig" />
      </DeploymentItems>
      <Execution id="2522a82c-dd43-487e-bf13-1bcc16d81ae4" />
      <TestMethod codeBase="C:/LoyaltyWebTest/Web/Test/UI/LoyaltyWeb/LoyaltyWebTest/LoyaltyWebTest/bin/Debug/Nordstrom.Web.Test.UI.LoyaltyWeb.DLL" adapterTypeName="Microsoft.VisualStudio.TestTools.TestTypes.Unit.UnitTestAdapter, Microsoft.VisualStudio.QualityTools.Tips.UnitTest.Adapter, Version=12.0.0.0, Culture=neutral, PublicKeyToken=b03f5f7f11d50a3a" className="Nordstrom.Web.Test.UI.LoyaltyWeb.LoyaltyAssociationTests, Nordstrom.Web.Test.UI.LoyaltyWeb, Version=1.0.0.0, Culture=neutral, PublicKeyToken=null" name="TenderNeutralAssociation_AssociatedEnrollMemberTryToAssociateAgain_ShouldGetRightMessage" />
    </UnitTest>
    <UnitTest name="ApplyAndBuy_GuestUserDeclineRetailCard_SuccessfulNavigationToHomePage" storage="c:\loyaltywebtest\web\test\ui\loyaltyweb\loyaltywebtest\loyaltywebtest\bin\debug\nordstrom.web.test.ui.loyaltyweb.dll" id="e9944a28-5031-d30d-4a12-0653110e1998">
      <Description>Verify that the guest user is taken to the home page on clicking the decline this card link from the credit card offer page for retail card</Description>
      <TestCategory>
        <TestCategoryItem TestCategory="ApplyAndBuy" />
      </TestCategory>
      <DeploymentItems>
        <DeploymentItem filename="ExternalBinaries" outputDirectory=".\ExternalBinaries" />
        <DeploymentItem filename="TestData" outputDirectory=".\TestData" />
        <DeploymentItem filename="TestRunConfig" outputDirectory=".\TestRunConfig" />
      </DeploymentItems>
      <Execution id="3a2a4a5c-6f80-47cc-8fc1-61fd8e5d88fa" />
      <TestMethod codeBase="C:/LoyaltyWebTest/Web/Test/UI/LoyaltyWeb/LoyaltyWebTest/LoyaltyWebTest/bin/Debug/Nordstrom.Web.Test.UI.LoyaltyWeb.DLL" adapterTypeName="Microsoft.VisualStudio.TestTools.TestTypes.Unit.UnitTestAdapter, Microsoft.VisualStudio.QualityTools.Tips.UnitTest.Adapter, Version=12.0.0.0, Culture=neutral, PublicKeyToken=b03f5f7f11d50a3a" className="Nordstrom.Web.Test.UI.LoyaltyWeb.ApplyAndBuyTests, Nordstrom.Web.Test.UI.LoyaltyWeb, Version=1.0.0.0, Culture=neutral, PublicKeyToken=null" name="ApplyAndBuy_GuestUserDeclineRetailCard_SuccessfulNavigationToHomePage" />
    </UnitTest>
    <UnitTest name="ApplyAndBuy_GuestUserShoppingRetailCard_ShouldBeAbleToDeclineTheOffer" storage="c:\loyaltywebtest\web\test\ui\loyaltyweb\loyaltywebtest\loyaltywebtest\bin\debug\nordstrom.web.test.ui.loyaltyweb.dll" id="8c3aee05-1b0e-05c2-6e40-2dbbfe101a46">
      <Description>Verify guest user can shop retail card successfully.</Description>
      <TestCategory>
        <TestCategoryItem TestCategory="ApplyAndBuy" />
      </TestCategory>
      <DeploymentItems>
        <DeploymentItem filename="ExternalBinaries" outputDirectory=".\ExternalBinaries" />
        <DeploymentItem filename="TestData" outputDirectory=".\TestData" />
        <DeploymentItem filename="TestRunConfig" outputDirectory=".\TestRunConfig" />
      </DeploymentItems>
      <Execution id="e205a349-cfe9-46d5-8457-8d8f10556025" />
      <TestMethod codeBase="C:/LoyaltyWebTest/Web/Test/UI/LoyaltyWeb/LoyaltyWebTest/LoyaltyWebTest/bin/Debug/Nordstrom.Web.Test.UI.LoyaltyWeb.DLL" adapterTypeName="Microsoft.VisualStudio.TestTools.TestTypes.Unit.UnitTestAdapter, Microsoft.VisualStudio.QualityTools.Tips.UnitTest.Adapter, Version=12.0.0.0, Culture=neutral, PublicKeyToken=b03f5f7f11d50a3a" className="Nordstrom.Web.Test.UI.LoyaltyWeb.ApplyAndBuyTests, Nordstrom.Web.Test.UI.LoyaltyWeb, Version=1.0.0.0, Culture=neutral, PublicKeyToken=null" name="ApplyAndBuy_GuestUserShoppingRetailCard_ShouldBeAbleToDeclineTheOffer" />
    </UnitTest>
    <UnitTest name="ApplyAndBuy_GuestUserShoppingVisa_ShouldGetReferralMessage" storage="c:\loyaltywebtest\web\test\ui\loyaltyweb\loyaltywebtest\loyaltywebtest\bin\debug\nordstrom.web.test.ui.loyaltyweb.dll" id="13a119ab-0405-049f-795b-9bce04cc1177">
      <Description>Verify guest user would shop visa card unsuccessfully.</Description>
      <TestCategory>
        <TestCategoryItem TestCategory="ApplyAndBuy" />
      </TestCategory>
      <DeploymentItems>
        <DeploymentItem filename="ExternalBinaries" outputDirectory=".\ExternalBinaries" />
        <DeploymentItem filename="TestData" outputDirectory=".\TestData" />
        <DeploymentItem filename="TestRunConfig" outputDirectory=".\TestRunConfig" />
      </DeploymentItems>
      <Execution id="b9e2a125-1489-4a5a-909b-089811849597" />
      <TestMethod codeBase="C:/LoyaltyWebTest/Web/Test/UI/LoyaltyWeb/LoyaltyWebTest/LoyaltyWebTest/bin/Debug/Nordstrom.Web.Test.UI.LoyaltyWeb.DLL" adapterTypeName="Microsoft.VisualStudio.TestTools.TestTypes.Unit.UnitTestAdapter, Microsoft.VisualStudio.QualityTools.Tips.UnitTest.Adapter, Version=12.0.0.0, Culture=neutral, PublicKeyToken=b03f5f7f11d50a3a" className="Nordstrom.Web.Test.UI.LoyaltyWeb.ApplyAndBuyTests, Nordstrom.Web.Test.UI.LoyaltyWeb, Version=1.0.0.0, Culture=neutral, PublicKeyToken=null" name="ApplyAndBuy_GuestUserShoppingVisa_ShouldGetReferralMessage" />
    </UnitTest>
    <UnitTest name="ApplyAndBuy_EmptyDebitCardApplicationSubmission_RequiredFieldErrorMessagesVerifiedSuccessfully" storage="c:\loyaltywebtest\web\test\ui\loyaltyweb\loyaltywebtest\loyaltywebtest\bin\debug\nordstrom.web.test.ui.loyaltyweb.dll" id="7a6ff4d5-2709-2369-a0a7-9576650b11e5">
      <Description>Verify Required field error messages on credit card application page on submission of an empty application</Description>
      <TestCategory>
        <TestCategoryItem TestCategory="ApplyAndBuy" />
      </TestCategory>
      <DeploymentItems>
        <DeploymentItem filename="ExternalBinaries" outputDirectory=".\ExternalBinaries" />
        <DeploymentItem filename="TestData" outputDirectory=".\TestData" />
        <DeploymentItem filename="TestRunConfig" outputDirectory=".\TestRunConfig" />
      </DeploymentItems>
      <Execution id="d3aada71-dbf1-40a3-b5c3-7b301da1d472" />
      <TestMethod codeBase="C:/LoyaltyWebTest/Web/Test/UI/LoyaltyWeb/LoyaltyWebTest/LoyaltyWebTest/bin/Debug/Nordstrom.Web.Test.UI.LoyaltyWeb.DLL" adapterTypeName="Microsoft.VisualStudio.TestTools.TestTypes.Unit.UnitTestAdapter, Microsoft.VisualStudio.QualityTools.Tips.UnitTest.Adapter, Version=12.0.0.0, Culture=neutral, PublicKeyToken=b03f5f7f11d50a3a" className="Nordstrom.Web.Test.UI.LoyaltyWeb.ApplyAndBuyTests, Nordstrom.Web.Test.UI.LoyaltyWeb, Version=1.0.0.0, Culture=neutral, PublicKeyToken=null" name="ApplyAndBuy_EmptyDebitCardApplicationSubmission_RequiredFieldErrorMessagesVerifiedSuccessfully" />
    </UnitTest>
    <UnitTest name="MobileVerificationPageModalPopupsValidation_AuthenticatedUserMaximumLimitGetACodeClickValidation_ThrowsError" storage="c:\loyaltywebtest\web\test\ui\loyaltyweb\loyaltywebtest\loyaltywebtest\bin\debug\nordstrom.web.test.ui.loyaltyweb.dll" id="5c0ec21b-359a-7e0f-4182-44eb294aa758">
      <Description>Click on 'Get a new code' at maximum limit and verifying the error message displayed</Description>
      <TestCategory>
        <TestCategoryItem TestCategory="LoyaltyTenderNeutral" />
        <TestCategoryItem TestCategory="MobileVerification" />
      </TestCategory>
      <DeploymentItems>
        <DeploymentItem filename="ExternalBinaries" outputDirectory=".\ExternalBinaries" />
        <DeploymentItem filename="TestData" outputDirectory=".\TestData" />
        <DeploymentItem filename="TestRunConfig" outputDirectory=".\TestRunConfig" />
      </DeploymentItems>
      <Execution id="f5557f58-4b1c-4e60-8668-334d4235753f" />
      <TestMethod codeBase="C:/LoyaltyWebTest/Web/Test/UI/LoyaltyWeb/LoyaltyWebTest/LoyaltyWebTest/bin/Debug/Nordstrom.Web.Test.UI.LoyaltyWeb.DLL" adapterTypeName="Microsoft.VisualStudio.TestTools.TestTypes.Unit.UnitTestAdapter, Microsoft.VisualStudio.QualityTools.Tips.UnitTest.Adapter, Version=12.0.0.0, Culture=neutral, PublicKeyToken=b03f5f7f11d50a3a" className="Nordstrom.Web.Test.UI.LoyaltyWeb.LoyaltyTenderNeutralMobileVerificationPageTests, Nordstrom.Web.Test.UI.LoyaltyWeb, Version=1.0.0.0, Culture=neutral, PublicKeyToken=null" name="MobileVerificationPageModalPopupsValidation_AuthenticatedUserMaximumLimitGetACodeClickValidation_ThrowsError" />
    </UnitTest>
    <UnitTest name="TenderNeutralRewardsEnroll_LoyaltyTNAuthenticatedUserSevenDigitsInCodeField_ThrowseError" storage="c:\loyaltywebtest\web\test\ui\loyaltyweb\loyaltywebtest\loyaltywebtest\bin\debug\nordstrom.web.test.ui.loyaltyweb.dll" id="5d94c71d-df20-d6cd-d92c-a694e0aa36bf">
      <Description>Verify that error message is displayed when a seven digit number is entered in mobile vrification code field</Description>
      <TestCategory>
        <TestCategoryItem TestCategory="LoyaltyTenderNeutral" />
        <TestCategoryItem TestCategory="MobileVerification" />
      </TestCategory>
      <DeploymentItems>
        <DeploymentItem filename="ExternalBinaries" outputDirectory=".\ExternalBinaries" />
        <DeploymentItem filename="TestData" outputDirectory=".\TestData" />
        <DeploymentItem filename="TestRunConfig" outputDirectory=".\TestRunConfig" />
      </DeploymentItems>
      <Execution id="bb0109fa-e836-4dc5-9626-079ecd5d675d" />
      <TestMethod codeBase="C:/LoyaltyWebTest/Web/Test/UI/LoyaltyWeb/LoyaltyWebTest/LoyaltyWebTest/bin/Debug/Nordstrom.Web.Test.UI.LoyaltyWeb.DLL" adapterTypeName="Microsoft.VisualStudio.TestTools.TestTypes.Unit.UnitTestAdapter, Microsoft.VisualStudio.QualityTools.Tips.UnitTest.Adapter, Version=12.0.0.0, Culture=neutral, PublicKeyToken=b03f5f7f11d50a3a" className="Nordstrom.Web.Test.UI.LoyaltyWeb.LoyaltyTenderNeutralMobileVerificationPageTests, Nordstrom.Web.Test.UI.LoyaltyWeb, Version=1.0.0.0, Culture=neutral, PublicKeyToken=null" name="TenderNeutralRewardsEnroll_LoyaltyTNAuthenticatedUserSevenDigitsInCodeField_ThrowseError" />
    </UnitTest>
    <UnitTest name="TenderNeutralEarn_AuthenticatedUserNotLinkedNordAccountAndTNNumber_ClickingOnEarnPointsLinkOpenedupTheModuleSuccessfully" storage="c:\loyaltywebtest\web\test\ui\loyaltyweb\loyaltywebtest\loyaltywebtest\bin\debug\nordstrom.web.test.ui.loyaltyweb.dll" id="0fb17184-6c18-b606-f6a7-af0c56cff16d">
      <Description>Verify that by clicking on 'earn points with your Rewards number' link, opens up the module with two radio buttons</Description>
      <TestCategory>
        <TestCategoryItem TestCategory="LoyaltyTenderNeutral" />
        <TestCategoryItem TestCategory="Earn" />
      </TestCategory>
      <DeploymentItems>
        <DeploymentItem filename="ExternalBinaries" outputDirectory=".\ExternalBinaries" />
        <DeploymentItem filename="TestData" outputDirectory=".\TestData" />
        <DeploymentItem filename="TestRunConfig" outputDirectory=".\TestRunConfig" />
      </DeploymentItems>
      <Execution id="65234658-e98a-4d6e-b1c1-b76ed90383fc" />
      <TestMethod codeBase="C:/LoyaltyWebTest/Web/Test/UI/LoyaltyWeb/LoyaltyWebTest/LoyaltyWebTest/bin/Debug/Nordstrom.Web.Test.UI.LoyaltyWeb.DLL" adapterTypeName="Microsoft.VisualStudio.TestTools.TestTypes.Unit.UnitTestAdapter, Microsoft.VisualStudio.QualityTools.Tips.UnitTest.Adapter, Version=12.0.0.0, Culture=neutral, PublicKeyToken=b03f5f7f11d50a3a" className="Nordstrom.Web.Test.UI.LoyaltyWeb.LoyaltyEarnTests, Nordstrom.Web.Test.UI.LoyaltyWeb, Version=1.0.0.0, Culture=neutral, PublicKeyToken=null" name="TenderNeutralEarn_AuthenticatedUserNotLinkedNordAccountAndTNNumber_ClickingOnEarnPointsLinkOpenedupTheModuleSuccessfully" />
    </UnitTest>
    <UnitTest name="SuccessAssociationPageModalPopupsValidation_GuestUserGetANewCodePhoneNumberValidation_PhoneNumberToAssociateValidatedSuccessfully" storage="c:\loyaltywebtest\web\test\ui\loyaltyweb\loyaltywebtest\loyaltywebtest\bin\debug\nordstrom.web.test.ui.loyaltyweb.dll" id="70b5096a-4d76-50d1-927f-d842acd0d8ad">
      <Description>Verify that the phone number used to associate is displayed in the Get a new code pop in success mobile verification page</Description>
      <TestCategory>
        <TestCategoryItem TestCategory="LoyaltyTenderNeutral" />
        <TestCategoryItem TestCategory="MobileVerification" />
      </TestCategory>
      <DeploymentItems>
        <DeploymentItem filename="ExternalBinaries" outputDirectory=".\ExternalBinaries" />
        <DeploymentItem filename="TestData" outputDirectory=".\TestData" />
        <DeploymentItem filename="TestRunConfig" outputDirectory=".\TestRunConfig" />
      </DeploymentItems>
      <Execution id="8a2a6356-9521-4097-b9ac-e1c42d6a2e0c" />
      <TestMethod codeBase="C:/LoyaltyWebTest/Web/Test/UI/LoyaltyWeb/LoyaltyWebTest/LoyaltyWebTest/bin/Debug/Nordstrom.Web.Test.UI.LoyaltyWeb.DLL" adapterTypeName="Microsoft.VisualStudio.TestTools.TestTypes.Unit.UnitTestAdapter, Microsoft.VisualStudio.QualityTools.Tips.UnitTest.Adapter, Version=12.0.0.0, Culture=neutral, PublicKeyToken=b03f5f7f11d50a3a" className="Nordstrom.Web.Test.UI.LoyaltyWeb.LoyaltyTenderNeutralMobileVerificationPageTests, Nordstrom.Web.Test.UI.LoyaltyWeb, Version=1.0.0.0, Culture=neutral, PublicKeyToken=null" name="SuccessAssociationPageModalPopupsValidation_GuestUserGetANewCodePhoneNumberValidation_PhoneNumberToAssociateValidatedSuccessfully" />
    </UnitTest>
    <UnitTest name="TenderNeutralRewardsEnroll_AuthenticatedUserVerifyLinksOnThePage_LinksShouldNavigatetoCorrectUrls" storage="c:\loyaltywebtest\web\test\ui\loyaltyweb\loyaltywebtest\loyaltywebtest\bin\debug\nordstrom.web.test.ui.loyaltyweb.dll" id="9cf5e211-bf76-77a7-1a51-2660dd37747b">
      <Description>Verify that links on the enroll page works for an authenticated user</Description>
      <TestCategory>
        <TestCategoryItem TestCategory="LoyaltyTenderNeutral" />
        <TestCategoryItem TestCategory="Enroll" />
      </TestCategory>
      <DeploymentItems>
        <DeploymentItem filename="ExternalBinaries" outputDirectory=".\ExternalBinaries" />
        <DeploymentItem filename="TestData" outputDirectory=".\TestData" />
        <DeploymentItem filename="TestRunConfig" outputDirectory=".\TestRunConfig" />
      </DeploymentItems>
      <Execution id="e3a3ff46-9bda-41af-866d-ccd539631140" />
      <TestMethod codeBase="C:/LoyaltyWebTest/Web/Test/UI/LoyaltyWeb/LoyaltyWebTest/LoyaltyWebTest/bin/Debug/Nordstrom.Web.Test.UI.LoyaltyWeb.DLL" adapterTypeName="Microsoft.VisualStudio.TestTools.TestTypes.Unit.UnitTestAdapter, Microsoft.VisualStudio.QualityTools.Tips.UnitTest.Adapter, Version=12.0.0.0, Culture=neutral, PublicKeyToken=b03f5f7f11d50a3a" className="Nordstrom.Web.Test.UI.LoyaltyWeb.LoyaltyRegisterTests, Nordstrom.Web.Test.UI.LoyaltyWeb, Version=1.0.0.0, Culture=neutral, PublicKeyToken=null" name="TenderNeutralRewardsEnroll_AuthenticatedUserVerifyLinksOnThePage_LinksShouldNavigatetoCorrectUrls" />
    </UnitTest>
    <UnitTest name="TenderNeutralRewardsRegister_GuestUserRegisterWithShorterPhoneNumber_ShouldGetEnrollErrorMessageButWebAccountCreatedSuccessfully" storage="c:\loyaltywebtest\web\test\ui\loyaltyweb\loyaltywebtest\loyaltywebtest\bin\debug\nordstrom.web.test.ui.loyaltyweb.dll" id="3de12998-9393-9903-170e-284355b304ad">
      <Description>Guest user enrolling with shorter phone will get error message for enroll but create web account successfully.</Description>
      <TestCategory>
        <TestCategoryItem TestCategory="LoyaltyTenderNeutral" />
        <TestCategoryItem TestCategory="Enroll" />
      </TestCategory>
      <DeploymentItems>
        <DeploymentItem filename="ExternalBinaries" outputDirectory=".\ExternalBinaries" />
        <DeploymentItem filename="TestData" outputDirectory=".\TestData" />
        <DeploymentItem filename="TestRunConfig" outputDirectory=".\TestRunConfig" />
      </DeploymentItems>
      <Execution id="a97a801f-21b2-4da2-9b4c-35a7d3bba831" />
      <TestMethod codeBase="C:/LoyaltyWebTest/Web/Test/UI/LoyaltyWeb/LoyaltyWebTest/LoyaltyWebTest/bin/Debug/Nordstrom.Web.Test.UI.LoyaltyWeb.DLL" adapterTypeName="Microsoft.VisualStudio.TestTools.TestTypes.Unit.UnitTestAdapter, Microsoft.VisualStudio.QualityTools.Tips.UnitTest.Adapter, Version=12.0.0.0, Culture=neutral, PublicKeyToken=b03f5f7f11d50a3a" className="Nordstrom.Web.Test.UI.LoyaltyWeb.LoyaltyRegisterTests, Nordstrom.Web.Test.UI.LoyaltyWeb, Version=1.0.0.0, Culture=neutral, PublicKeyToken=null" name="TenderNeutralRewardsRegister_GuestUserRegisterWithShorterPhoneNumber_ShouldGetEnrollErrorMessageButWebAccountCreatedSuccessfully" />
    </UnitTest>
    <UnitTest name="TenderNeutralRewardsEnroll_LoyaltyTNAuthenticatedUserFiveDigitsInCodeField_ThrowseError" storage="c:\loyaltywebtest\web\test\ui\loyaltyweb\loyaltywebtest\loyaltywebtest\bin\debug\nordstrom.web.test.ui.loyaltyweb.dll" id="f95a6f19-ee3b-53de-cf88-883fcaddfe39">
      <Description>Verify that error message is displayed when a five digit number is entered in mobile vrification code field</Description>
      <TestCategory>
        <TestCategoryItem TestCategory="LoyaltyTenderNeutral" />
        <TestCategoryItem TestCategory="MobileVerification" />
      </TestCategory>
      <DeploymentItems>
        <DeploymentItem filename="ExternalBinaries" outputDirectory=".\ExternalBinaries" />
        <DeploymentItem filename="TestData" outputDirectory=".\TestData" />
        <DeploymentItem filename="TestRunConfig" outputDirectory=".\TestRunConfig" />
      </DeploymentItems>
      <Execution id="480a4299-b697-41c9-9c27-bc0f3e7fa47b" />
      <TestMethod codeBase="C:/LoyaltyWebTest/Web/Test/UI/LoyaltyWeb/LoyaltyWebTest/LoyaltyWebTest/bin/Debug/Nordstrom.Web.Test.UI.LoyaltyWeb.DLL" adapterTypeName="Microsoft.VisualStudio.TestTools.TestTypes.Unit.UnitTestAdapter, Microsoft.VisualStudio.QualityTools.Tips.UnitTest.Adapter, Version=12.0.0.0, Culture=neutral, PublicKeyToken=b03f5f7f11d50a3a" className="Nordstrom.Web.Test.UI.LoyaltyWeb.LoyaltyTenderNeutralMobileVerificationPageTests, Nordstrom.Web.Test.UI.LoyaltyWeb, Version=1.0.0.0, Culture=neutral, PublicKeyToken=null" name="TenderNeutralRewardsEnroll_LoyaltyTNAuthenticatedUserFiveDigitsInCodeField_ThrowseError" />
    </UnitTest>
    <UnitTest name="TenderNeutralAssociation_WebAssociatedEnrollMemberTryToAssociateAgain_ShouldGetRightMessage" storage="c:\loyaltywebtest\web\test\ui\loyaltyweb\loyaltywebtest\loyaltywebtest\bin\debug\nordstrom.web.test.ui.loyaltyweb.dll" id="f7d013bf-844c-5140-5447-28322266c549">
      <Description>When existing web associated guest memeber wants to associate again and he got the error message</Description>
      <TestCategory>
        <TestCategoryItem TestCategory="LoyaltyTenderNeutral" />
        <TestCategoryItem TestCategory="Association" />
      </TestCategory>
      <DeploymentItems>
        <DeploymentItem filename="ExternalBinaries" outputDirectory=".\ExternalBinaries" />
        <DeploymentItem filename="TestData" outputDirectory=".\TestData" />
        <DeploymentItem filename="TestRunConfig" outputDirectory=".\TestRunConfig" />
      </DeploymentItems>
      <Execution id="9508bec5-214b-489e-8260-68da0d77ddcf" />
      <TestMethod codeBase="C:/LoyaltyWebTest/Web/Test/UI/LoyaltyWeb/LoyaltyWebTest/LoyaltyWebTest/bin/Debug/Nordstrom.Web.Test.UI.LoyaltyWeb.DLL" adapterTypeName="Microsoft.VisualStudio.TestTools.TestTypes.Unit.UnitTestAdapter, Microsoft.VisualStudio.QualityTools.Tips.UnitTest.Adapter, Version=12.0.0.0, Culture=neutral, PublicKeyToken=b03f5f7f11d50a3a" className="Nordstrom.Web.Test.UI.LoyaltyWeb.LoyaltyAssociationTests, Nordstrom.Web.Test.UI.LoyaltyWeb, Version=1.0.0.0, Culture=neutral, PublicKeyToken=null" name="TenderNeutralAssociation_WebAssociatedEnrollMemberTryToAssociateAgain_ShouldGetRightMessage" />
    </UnitTest>
    <UnitTest name="TenderNeutralAssociation_RecognizedUserEnrolledinLoyaltyFromServiceCenterToToWebAssociationPage_ShouldSucceed" storage="c:\loyaltywebtest\web\test\ui\loyaltyweb\loyaltywebtest\loyaltywebtest\bin\debug\nordstrom.web.test.ui.loyaltyweb.dll" id="07c18028-e476-f9b9-b536-4f84edee61f4">
      <Description>Verify that when recognized user enrolled from  Service Center goes to Association page, he can type in his email and phone number and associate to loyalty program.</Description>
      <TestCategory>
        <TestCategoryItem TestCategory="LoyaltyTenderNeutral" />
        <TestCategoryItem TestCategory="Association" />
      </TestCategory>
      <DeploymentItems>
        <DeploymentItem filename="ExternalBinaries" outputDirectory=".\ExternalBinaries" />
        <DeploymentItem filename="TestData" outputDirectory=".\TestData" />
        <DeploymentItem filename="TestRunConfig" outputDirectory=".\TestRunConfig" />
      </DeploymentItems>
      <Execution id="511d9f0a-2fc0-469a-9c05-85b5e5ffb812" />
      <TestMethod codeBase="C:/LoyaltyWebTest/Web/Test/UI/LoyaltyWeb/LoyaltyWebTest/LoyaltyWebTest/bin/Debug/Nordstrom.Web.Test.UI.LoyaltyWeb.DLL" adapterTypeName="Microsoft.VisualStudio.TestTools.TestTypes.Unit.UnitTestAdapter, Microsoft.VisualStudio.QualityTools.Tips.UnitTest.Adapter, Version=12.0.0.0, Culture=neutral, PublicKeyToken=b03f5f7f11d50a3a" className="Nordstrom.Web.Test.UI.LoyaltyWeb.LoyaltyAssociationTests, Nordstrom.Web.Test.UI.LoyaltyWeb, Version=1.0.0.0, Culture=neutral, PublicKeyToken=null" name="TenderNeutralAssociation_RecognizedUserEnrolledinLoyaltyFromServiceCenterToToWebAssociationPage_ShouldSucceed" />
    </UnitTest>
    <UnitTest name="ApplyAndBuy_GuestUserDeclineVisaAndRetailCard_SuccessfulNavigationToHomePage" storage="c:\loyaltywebtest\web\test\ui\loyaltyweb\loyaltywebtest\loyaltywebtest\bin\debug\nordstrom.web.test.ui.loyaltyweb.dll" id="819b055e-d883-032e-dbe4-8a1f8c548dcd">
      <Description>Verify that the guest user is taken to the home page on clicking the decline both cards link from the credit card offer page for visa and retail card</Description>
      <TestCategory>
        <TestCategoryItem TestCategory="ApplyAndBuy" />
      </TestCategory>
      <DeploymentItems>
        <DeploymentItem filename="ExternalBinaries" outputDirectory=".\ExternalBinaries" />
        <DeploymentItem filename="TestData" outputDirectory=".\TestData" />
        <DeploymentItem filename="TestRunConfig" outputDirectory=".\TestRunConfig" />
      </DeploymentItems>
      <Execution id="ce6a7c46-ed14-44f0-8f20-a74242bb3ba1" />
      <TestMethod codeBase="C:/LoyaltyWebTest/Web/Test/UI/LoyaltyWeb/LoyaltyWebTest/LoyaltyWebTest/bin/Debug/Nordstrom.Web.Test.UI.LoyaltyWeb.DLL" adapterTypeName="Microsoft.VisualStudio.TestTools.TestTypes.Unit.UnitTestAdapter, Microsoft.VisualStudio.QualityTools.Tips.UnitTest.Adapter, Version=12.0.0.0, Culture=neutral, PublicKeyToken=b03f5f7f11d50a3a" className="Nordstrom.Web.Test.UI.LoyaltyWeb.ApplyAndBuyTests, Nordstrom.Web.Test.UI.LoyaltyWeb, Version=1.0.0.0, Culture=neutral, PublicKeyToken=null" name="ApplyAndBuy_GuestUserDeclineVisaAndRetailCard_SuccessfulNavigationToHomePage" />
    </UnitTest>
    <UnitTest name="TenderNeutralAssociation_When15MinutesPassAsAuthenticatedUser_ChangeToRecognizeUserAndInfoDisappear" storage="c:\loyaltywebtest\web\test\ui\loyaltyweb\loyaltywebtest\loyaltywebtest\bin\debug\nordstrom.web.test.ui.loyaltyweb.dll" id="e7dc9dd3-4cd3-3bf6-c7c0-12fcc1c1c5cd">
      <Description>Verify that when 15 minutes pass, authenticated user changes to recognized user and his phone info clears up</Description>
      <TestCategory>
        <TestCategoryItem TestCategory="SensitiveData" />
        <TestCategoryItem TestCategory="LoyaltyTenderNeutral" />
      </TestCategory>
      <DeploymentItems>
        <DeploymentItem filename="ExternalBinaries" outputDirectory=".\ExternalBinaries" />
        <DeploymentItem filename="TestData" outputDirectory=".\TestData" />
        <DeploymentItem filename="TestRunConfig" outputDirectory=".\TestRunConfig" />
      </DeploymentItems>
      <Execution id="a304bd9d-1c64-4f97-9663-7f62fc006fbb" />
      <TestMethod codeBase="C:/LoyaltyWebTest/Web/Test/UI/LoyaltyWeb/LoyaltyWebTest/LoyaltyWebTest/bin/Debug/Nordstrom.Web.Test.UI.LoyaltyWeb.DLL" adapterTypeName="Microsoft.VisualStudio.TestTools.TestTypes.Unit.UnitTestAdapter, Microsoft.VisualStudio.QualityTools.Tips.UnitTest.Adapter, Version=12.0.0.0, Culture=neutral, PublicKeyToken=b03f5f7f11d50a3a" className="Nordstrom.Web.Test.UI.LoyaltyWeb.UserSensitiveDataCases, Nordstrom.Web.Test.UI.LoyaltyWeb, Version=1.0.0.0, Culture=neutral, PublicKeyToken=null" name="TenderNeutralAssociation_When15MinutesPassAsAuthenticatedUser_ChangeToRecognizeUserAndInfoDisappear" />
    </UnitTest>
    <UnitTest name="LoyaltyLearnPage_ClickSignInLink_NavigatesToSignInPageSuccessfully" storage="c:\loyaltywebtest\web\test\ui\loyaltyweb\loyaltywebtest\loyaltywebtest\bin\debug\nordstrom.web.test.ui.loyaltyweb.dll" id="e8313b37-cad0-8bea-af01-abb87214c79f">
      <Description>To verify SignIn link on Learn Page is navigated to the relevant page successfully</Description>
      <TestCategory>
        <TestCategoryItem TestCategory="LoyaltyTenderNeutral" />
        <TestCategoryItem TestCategory="Learn" />
      </TestCategory>
      <DeploymentItems>
        <DeploymentItem filename="ExternalBinaries" outputDirectory=".\ExternalBinaries" />
        <DeploymentItem filename="TestData" outputDirectory=".\TestData" />
        <DeploymentItem filename="TestRunConfig" outputDirectory=".\TestRunConfig" />
      </DeploymentItems>
      <Execution id="d939ae0b-4c70-4007-9650-8804c00c2714" />
      <TestMethod codeBase="C:/LoyaltyWebTest/Web/Test/UI/LoyaltyWeb/LoyaltyWebTest/LoyaltyWebTest/bin/Debug/Nordstrom.Web.Test.UI.LoyaltyWeb.DLL" adapterTypeName="Microsoft.VisualStudio.TestTools.TestTypes.Unit.UnitTestAdapter, Microsoft.VisualStudio.QualityTools.Tips.UnitTest.Adapter, Version=12.0.0.0, Culture=neutral, PublicKeyToken=b03f5f7f11d50a3a" className="Nordstrom.Web.Test.UI.LoyaltyWeb.LoyaltyLearnTests, Nordstrom.Web.Test.UI.LoyaltyWeb, Version=1.0.0.0, Culture=neutral, PublicKeyToken=null" name="LoyaltyLearnPage_ClickSignInLink_NavigatesToSignInPageSuccessfully" />
    </UnitTest>
    <UnitTest name="TenderNeutralRewardsRegister_GuestUserEnrollWithExistingEmailButDifferentPhoneNumberInTheLoyaltyProgram_ShouldFailInEnroll" storage="c:\loyaltywebtest\web\test\ui\loyaltyweb\loyaltywebtest\loyaltywebtest\bin\debug\nordstrom.web.test.ui.loyaltyweb.dll" id="a6eb5918-3ab1-9078-7b27-8e40be1748bf">
      <Description>Guest user enrolling with existing enroll email but different phone number would fail</Description>
      <TestCategory>
        <TestCategoryItem TestCategory="LoyaltyTenderNeutral" />
        <TestCategoryItem TestCategory="Enroll" />
      </TestCategory>
      <DeploymentItems>
        <DeploymentItem filename="ExternalBinaries" outputDirectory=".\ExternalBinaries" />
        <DeploymentItem filename="TestData" outputDirectory=".\TestData" />
        <DeploymentItem filename="TestRunConfig" outputDirectory=".\TestRunConfig" />
      </DeploymentItems>
      <Execution id="6898a715-3a71-4e93-a58c-8ea2a77547ec" />
      <TestMethod codeBase="C:/LoyaltyWebTest/Web/Test/UI/LoyaltyWeb/LoyaltyWebTest/LoyaltyWebTest/bin/Debug/Nordstrom.Web.Test.UI.LoyaltyWeb.DLL" adapterTypeName="Microsoft.VisualStudio.TestTools.TestTypes.Unit.UnitTestAdapter, Microsoft.VisualStudio.QualityTools.Tips.UnitTest.Adapter, Version=12.0.0.0, Culture=neutral, PublicKeyToken=b03f5f7f11d50a3a" className="Nordstrom.Web.Test.UI.LoyaltyWeb.LoyaltyRegisterTests, Nordstrom.Web.Test.UI.LoyaltyWeb, Version=1.0.0.0, Culture=neutral, PublicKeyToken=null" name="TenderNeutralRewardsRegister_GuestUserEnrollWithExistingEmailButDifferentPhoneNumberInTheLoyaltyProgram_ShouldFailInEnroll" />
    </UnitTest>
    <UnitTest name="TenderNeutralEarn_GuestUserCannotSeeRewardsSectionInOrderSubmitPage_Successfully" storage="c:\loyaltywebtest\web\test\ui\loyaltyweb\loyaltywebtest\loyaltywebtest\bin\debug\nordstrom.web.test.ui.loyaltyweb.dll" id="ab97186a-ec5a-c908-5c1d-428ddbe44d2b">
      <Description>Verify that the guest user cannot see Rewards section in Ordersubmit page.</Description>
      <TestCategory>
        <TestCategoryItem TestCategory="LoyaltyTenderNeutral" />
        <TestCategoryItem TestCategory="Earn" />
      </TestCategory>
      <DeploymentItems>
        <DeploymentItem filename="ExternalBinaries" outputDirectory=".\ExternalBinaries" />
        <DeploymentItem filename="TestData" outputDirectory=".\TestData" />
        <DeploymentItem filename="TestRunConfig" outputDirectory=".\TestRunConfig" />
      </DeploymentItems>
      <Execution id="b55fe892-430a-4cf0-b3ed-9448cc0742e9" />
      <TestMethod codeBase="C:/LoyaltyWebTest/Web/Test/UI/LoyaltyWeb/LoyaltyWebTest/LoyaltyWebTest/bin/Debug/Nordstrom.Web.Test.UI.LoyaltyWeb.DLL" adapterTypeName="Microsoft.VisualStudio.TestTools.TestTypes.Unit.UnitTestAdapter, Microsoft.VisualStudio.QualityTools.Tips.UnitTest.Adapter, Version=12.0.0.0, Culture=neutral, PublicKeyToken=b03f5f7f11d50a3a" className="Nordstrom.Web.Test.UI.LoyaltyWeb.LoyaltyEarnTests, Nordstrom.Web.Test.UI.LoyaltyWeb, Version=1.0.0.0, Culture=neutral, PublicKeyToken=null" name="TenderNeutralEarn_GuestUserCannotSeeRewardsSectionInOrderSubmitPage_Successfully" />
    </UnitTest>
    <UnitTest name="SuccessAssociationPageModalPopupsValidation_OkButtonGetANewCodeModalValidation_OkButtonInGetANewCodeModalClosedModalSuccessfully" storage="c:\loyaltywebtest\web\test\ui\loyaltyweb\loyaltywebtest\loyaltywebtest\bin\debug\nordstrom.web.test.ui.loyaltyweb.dll" id="47b1dee1-d457-b144-965d-3ecfde9a5fd1">
      <Description>'Get a new code' Modal Popup OK Button Functionality verification</Description>
      <TestCategory>
        <TestCategoryItem TestCategory="LoyaltyTenderNeutral" />
        <TestCategoryItem TestCategory="MobileVerification" />
      </TestCategory>
      <DeploymentItems>
        <DeploymentItem filename="ExternalBinaries" outputDirectory=".\ExternalBinaries" />
        <DeploymentItem filename="TestData" outputDirectory=".\TestData" />
        <DeploymentItem filename="TestRunConfig" outputDirectory=".\TestRunConfig" />
      </DeploymentItems>
      <Execution id="5bb2b7ec-9950-4b81-a3df-154879a0a94d" />
      <TestMethod codeBase="C:/LoyaltyWebTest/Web/Test/UI/LoyaltyWeb/LoyaltyWebTest/LoyaltyWebTest/bin/Debug/Nordstrom.Web.Test.UI.LoyaltyWeb.DLL" adapterTypeName="Microsoft.VisualStudio.TestTools.TestTypes.Unit.UnitTestAdapter, Microsoft.VisualStudio.QualityTools.Tips.UnitTest.Adapter, Version=12.0.0.0, Culture=neutral, PublicKeyToken=b03f5f7f11d50a3a" className="Nordstrom.Web.Test.UI.LoyaltyWeb.LoyaltyTenderNeutralMobileVerificationPageTests, Nordstrom.Web.Test.UI.LoyaltyWeb, Version=1.0.0.0, Culture=neutral, PublicKeyToken=null" name="SuccessAssociationPageModalPopupsValidation_OkButtonGetANewCodeModalValidation_OkButtonInGetANewCodeModalClosedModalSuccessfully" />
    </UnitTest>
    <UnitTest name="SuccessAssociationPageModalPopupsValidation_GuestUserDidntGetACodeModalContentValidation_DidntGetACodeModalContentValidatedSuccessfully" storage="c:\loyaltywebtest\web\test\ui\loyaltyweb\loyaltywebtest\loyaltywebtest\bin\debug\nordstrom.web.test.ui.loyaltyweb.dll" id="837239c5-67a3-15ad-e8a9-edc4254dd4db">
      <Description>Didn't Get A Code Modal Popup Content Validation for Association mobile verification modal</Description>
      <TestCategory>
        <TestCategoryItem TestCategory="LoyaltyTenderNeutral" />
        <TestCategoryItem TestCategory="MobileVerification" />
      </TestCategory>
      <DeploymentItems>
        <DeploymentItem filename="ExternalBinaries" outputDirectory=".\ExternalBinaries" />
        <DeploymentItem filename="TestData" outputDirectory=".\TestData" />
        <DeploymentItem filename="TestRunConfig" outputDirectory=".\TestRunConfig" />
      </DeploymentItems>
      <Execution id="4d96eeb5-4fd5-4cfc-8b67-ca50542ca8e6" />
      <TestMethod codeBase="C:/LoyaltyWebTest/Web/Test/UI/LoyaltyWeb/LoyaltyWebTest/LoyaltyWebTest/bin/Debug/Nordstrom.Web.Test.UI.LoyaltyWeb.DLL" adapterTypeName="Microsoft.VisualStudio.TestTools.TestTypes.Unit.UnitTestAdapter, Microsoft.VisualStudio.QualityTools.Tips.UnitTest.Adapter, Version=12.0.0.0, Culture=neutral, PublicKeyToken=b03f5f7f11d50a3a" className="Nordstrom.Web.Test.UI.LoyaltyWeb.LoyaltyTenderNeutralMobileVerificationPageTests, Nordstrom.Web.Test.UI.LoyaltyWeb, Version=1.0.0.0, Culture=neutral, PublicKeyToken=null" name="SuccessAssociationPageModalPopupsValidation_GuestUserDidntGetACodeModalContentValidation_DidntGetACodeModalContentValidatedSuccessfully" />
    </UnitTest>
    <UnitTest name="LoyaltyWelcomePage_BonusPointEventsLink_ShouldHaveValidURL" storage="c:\loyaltywebtest\web\test\ui\loyaltyweb\loyaltywebtest\loyaltywebtest\bin\debug\nordstrom.web.test.ui.loyaltyweb.dll" id="f2fbd149-e2af-5637-9417-20622b33fae0">
      <Description>Bonus Point Events link navigates to the right URL</Description>
      <TestCategory>
        <TestCategoryItem TestCategory="LoyaltyTenderNeutral" />
        <TestCategoryItem TestCategory="Welcome" />
      </TestCategory>
      <DeploymentItems>
        <DeploymentItem filename="ExternalBinaries" outputDirectory=".\ExternalBinaries" />
        <DeploymentItem filename="TestData" outputDirectory=".\TestData" />
        <DeploymentItem filename="TestRunConfig" outputDirectory=".\TestRunConfig" />
      </DeploymentItems>
      <Execution id="16e6b3d9-0fcf-4242-b17b-44ffc2d164b3" />
      <TestMethod codeBase="C:/LoyaltyWebTest/Web/Test/UI/LoyaltyWeb/LoyaltyWebTest/LoyaltyWebTest/bin/Debug/Nordstrom.Web.Test.UI.LoyaltyWeb.DLL" adapterTypeName="Microsoft.VisualStudio.TestTools.TestTypes.Unit.UnitTestAdapter, Microsoft.VisualStudio.QualityTools.Tips.UnitTest.Adapter, Version=12.0.0.0, Culture=neutral, PublicKeyToken=b03f5f7f11d50a3a" className="Nordstrom.Web.Test.UI.LoyaltyWeb.LoyaltyWelcomeTests, Nordstrom.Web.Test.UI.LoyaltyWeb, Version=1.0.0.0, Culture=neutral, PublicKeyToken=null" name="LoyaltyWelcomePage_BonusPointEventsLink_ShouldHaveValidURL" />
    </UnitTest>
    <UnitTest name="TenderNeutralEarn_AuthenticatedUserNotLinkedNordAccountAndTNNumber_ClickingOnPayNordCardLinkNavigatesToPaymentSectionSuccessfully" storage="c:\loyaltywebtest\web\test\ui\loyaltyweb\loyaltywebtest\loyaltywebtest\bin\debug\nordstrom.web.test.ui.loyaltyweb.dll" id="57d2f222-dabf-1931-f74a-107500e05da4">
      <Description>Verify that by clicking on 'Pay with your Nordstrom card' link, it navigates to Payment information with the fields open and editable.</Description>
      <TestCategory>
        <TestCategoryItem TestCategory="LoyaltyTenderNeutral" />
        <TestCategoryItem TestCategory="Earn" />
      </TestCategory>
      <DeploymentItems>
        <DeploymentItem filename="ExternalBinaries" outputDirectory=".\ExternalBinaries" />
        <DeploymentItem filename="TestData" outputDirectory=".\TestData" />
        <DeploymentItem filename="TestRunConfig" outputDirectory=".\TestRunConfig" />
      </DeploymentItems>
      <Execution id="fee6507a-a3ed-4345-9df3-74646e780f04" />
      <TestMethod codeBase="C:/LoyaltyWebTest/Web/Test/UI/LoyaltyWeb/LoyaltyWebTest/LoyaltyWebTest/bin/Debug/Nordstrom.Web.Test.UI.LoyaltyWeb.DLL" adapterTypeName="Microsoft.VisualStudio.TestTools.TestTypes.Unit.UnitTestAdapter, Microsoft.VisualStudio.QualityTools.Tips.UnitTest.Adapter, Version=12.0.0.0, Culture=neutral, PublicKeyToken=b03f5f7f11d50a3a" className="Nordstrom.Web.Test.UI.LoyaltyWeb.LoyaltyEarnTests, Nordstrom.Web.Test.UI.LoyaltyWeb, Version=1.0.0.0, Culture=neutral, PublicKeyToken=null" name="TenderNeutralEarn_AuthenticatedUserNotLinkedNordAccountAndTNNumber_ClickingOnPayNordCardLinkNavigatesToPaymentSectionSuccessfully" />
    </UnitTest>
    <UnitTest name="ApplyAndBuy_RegisteredUserApplyForVisaCard_CardSucessfullyAddedToWallet" storage="c:\loyaltywebtest\web\test\ui\loyaltyweb\loyaltywebtest\loyaltywebtest\bin\debug\nordstrom.web.test.ui.loyaltyweb.dll" id="9b828aac-d9ed-23f8-d63b-2b5dbf76c464">
      <Description>Registered user apply for a visa card and verifying the account summary for the newly added instant approved card</Description>
      <TestCategory>
        <TestCategoryItem TestCategory="ApplyAndBuy" />
      </TestCategory>
      <DeploymentItems>
        <DeploymentItem filename="ExternalBinaries" outputDirectory=".\ExternalBinaries" />
        <DeploymentItem filename="TestData" outputDirectory=".\TestData" />
        <DeploymentItem filename="TestRunConfig" outputDirectory=".\TestRunConfig" />
      </DeploymentItems>
      <Execution id="a01a1f96-a504-4cdc-8b26-65b91f69f95b" />
      <TestMethod codeBase="C:/LoyaltyWebTest/Web/Test/UI/LoyaltyWeb/LoyaltyWebTest/LoyaltyWebTest/bin/Debug/Nordstrom.Web.Test.UI.LoyaltyWeb.DLL" adapterTypeName="Microsoft.VisualStudio.TestTools.TestTypes.Unit.UnitTestAdapter, Microsoft.VisualStudio.QualityTools.Tips.UnitTest.Adapter, Version=12.0.0.0, Culture=neutral, PublicKeyToken=b03f5f7f11d50a3a" className="Nordstrom.Web.Test.UI.LoyaltyWeb.ApplyAndBuyTests, Nordstrom.Web.Test.UI.LoyaltyWeb, Version=1.0.0.0, Culture=neutral, PublicKeyToken=null" name="ApplyAndBuy_RegisteredUserApplyForVisaCard_CardSucessfullyAddedToWallet" />
    </UnitTest>
    <UnitTest name="ApplyAndBuy_RegisteredUserApplyForRetailCard_CardSucessfullyAddedToWallet" storage="c:\loyaltywebtest\web\test\ui\loyaltyweb\loyaltywebtest\loyaltywebtest\bin\debug\nordstrom.web.test.ui.loyaltyweb.dll" id="2b62e82b-c9b1-2d2b-8ab6-337c9e608c0f">
      <Description>Registered user apply for a retail card and verifying the account summary for the newly added instant approved card</Description>
      <TestCategory>
        <TestCategoryItem TestCategory="ApplyAndBuy" />
      </TestCategory>
      <DeploymentItems>
        <DeploymentItem filename="ExternalBinaries" outputDirectory=".\ExternalBinaries" />
        <DeploymentItem filename="TestData" outputDirectory=".\TestData" />
        <DeploymentItem filename="TestRunConfig" outputDirectory=".\TestRunConfig" />
      </DeploymentItems>
      <Execution id="6a7ae717-c585-46b3-ac61-2abc0517d433" />
      <TestMethod codeBase="C:/LoyaltyWebTest/Web/Test/UI/LoyaltyWeb/LoyaltyWebTest/LoyaltyWebTest/bin/Debug/Nordstrom.Web.Test.UI.LoyaltyWeb.DLL" adapterTypeName="Microsoft.VisualStudio.TestTools.TestTypes.Unit.UnitTestAdapter, Microsoft.VisualStudio.QualityTools.Tips.UnitTest.Adapter, Version=12.0.0.0, Culture=neutral, PublicKeyToken=b03f5f7f11d50a3a" className="Nordstrom.Web.Test.UI.LoyaltyWeb.ApplyAndBuyTests, Nordstrom.Web.Test.UI.LoyaltyWeb, Version=1.0.0.0, Culture=neutral, PublicKeyToken=null" name="ApplyAndBuy_RegisteredUserApplyForRetailCard_CardSucessfullyAddedToWallet" />
    </UnitTest>
    <UnitTest name="TenderNeutralRewardsEnroll_EnrollingWebGuestUserWithSpecialCharacterInLastName_ThrowsError" storage="c:\loyaltywebtest\web\test\ui\loyaltyweb\loyaltywebtest\loyaltywebtest\bin\debug\nordstrom.web.test.ui.loyaltyweb.dll" id="d8d2522c-d687-f307-5915-98cd323cb3f9">
      <Description>Verify that Invalid Special Character in Last Name throws error</Description>
      <TestCategory>
        <TestCategoryItem TestCategory="LoyaltyTenderNeutral" />
        <TestCategoryItem TestCategory="Enroll" />
      </TestCategory>
      <DeploymentItems>
        <DeploymentItem filename="ExternalBinaries" outputDirectory=".\ExternalBinaries" />
        <DeploymentItem filename="TestData" outputDirectory=".\TestData" />
        <DeploymentItem filename="TestRunConfig" outputDirectory=".\TestRunConfig" />
      </DeploymentItems>
      <Execution id="eea7f595-5130-4f69-aaa5-b3aeebe94608" />
      <TestMethod codeBase="C:/LoyaltyWebTest/Web/Test/UI/LoyaltyWeb/LoyaltyWebTest/LoyaltyWebTest/bin/Debug/Nordstrom.Web.Test.UI.LoyaltyWeb.DLL" adapterTypeName="Microsoft.VisualStudio.TestTools.TestTypes.Unit.UnitTestAdapter, Microsoft.VisualStudio.QualityTools.Tips.UnitTest.Adapter, Version=12.0.0.0, Culture=neutral, PublicKeyToken=b03f5f7f11d50a3a" className="Nordstrom.Web.Test.UI.LoyaltyWeb.LoyaltyRegisterTests, Nordstrom.Web.Test.UI.LoyaltyWeb, Version=1.0.0.0, Culture=neutral, PublicKeyToken=null" name="TenderNeutralRewardsEnroll_EnrollingWebGuestUserWithSpecialCharacterInLastName_ThrowsError" />
    </UnitTest>
    <UnitTest name="SuccessAssociationPageModalPopupsValidation_AuthenticatedUserGetANewCodeModalContentValidation_GetANewCodeModalContentValidatedSuccessfully" storage="c:\loyaltywebtest\web\test\ui\loyaltyweb\loyaltywebtest\loyaltywebtest\bin\debug\nordstrom.web.test.ui.loyaltyweb.dll" id="aa85e4af-cb36-19c8-0057-a6b24c106f4d">
      <Description>Get a new code Modal Popup Content Validation for Association mobile verification modal</Description>
      <TestCategory>
        <TestCategoryItem TestCategory="LoyaltyTenderNeutral" />
        <TestCategoryItem TestCategory="MobileVerification" />
      </TestCategory>
      <DeploymentItems>
        <DeploymentItem filename="ExternalBinaries" outputDirectory=".\ExternalBinaries" />
        <DeploymentItem filename="TestData" outputDirectory=".\TestData" />
        <DeploymentItem filename="TestRunConfig" outputDirectory=".\TestRunConfig" />
      </DeploymentItems>
      <Execution id="19d4e090-2794-4b3c-878c-cff53f9c8c7e" />
      <TestMethod codeBase="C:/LoyaltyWebTest/Web/Test/UI/LoyaltyWeb/LoyaltyWebTest/LoyaltyWebTest/bin/Debug/Nordstrom.Web.Test.UI.LoyaltyWeb.DLL" adapterTypeName="Microsoft.VisualStudio.TestTools.TestTypes.Unit.UnitTestAdapter, Microsoft.VisualStudio.QualityTools.Tips.UnitTest.Adapter, Version=12.0.0.0, Culture=neutral, PublicKeyToken=b03f5f7f11d50a3a" className="Nordstrom.Web.Test.UI.LoyaltyWeb.LoyaltyTenderNeutralMobileVerificationPageTests, Nordstrom.Web.Test.UI.LoyaltyWeb, Version=1.0.0.0, Culture=neutral, PublicKeyToken=null" name="SuccessAssociationPageModalPopupsValidation_AuthenticatedUserGetANewCodeModalContentValidation_GetANewCodeModalContentValidatedSuccessfully" />
    </UnitTest>
    <UnitTest name="MobileVerificationPageModalPopupsValidation_AuthenticatedUserGetANewCodeModalContentValidation_GetANewCodeModalContentValidatedSuccessfully" storage="c:\loyaltywebtest\web\test\ui\loyaltyweb\loyaltywebtest\loyaltywebtest\bin\debug\nordstrom.web.test.ui.loyaltyweb.dll" id="4a24944e-583e-e01a-529b-88059ce4229f">
      <Description>'Get a new code' Modal Popup verification and content validation for a authenticated user</Description>
      <TestCategory>
        <TestCategoryItem TestCategory="LoyaltyTenderNeutral" />
        <TestCategoryItem TestCategory="MobileVerification" />
      </TestCategory>
      <DeploymentItems>
        <DeploymentItem filename="ExternalBinaries" outputDirectory=".\ExternalBinaries" />
        <DeploymentItem filename="TestData" outputDirectory=".\TestData" />
        <DeploymentItem filename="TestRunConfig" outputDirectory=".\TestRunConfig" />
      </DeploymentItems>
      <Execution id="88830e43-53cd-4aa4-93ff-c83efd10c89c" />
      <TestMethod codeBase="C:/LoyaltyWebTest/Web/Test/UI/LoyaltyWeb/LoyaltyWebTest/LoyaltyWebTest/bin/Debug/Nordstrom.Web.Test.UI.LoyaltyWeb.DLL" adapterTypeName="Microsoft.VisualStudio.TestTools.TestTypes.Unit.UnitTestAdapter, Microsoft.VisualStudio.QualityTools.Tips.UnitTest.Adapter, Version=12.0.0.0, Culture=neutral, PublicKeyToken=b03f5f7f11d50a3a" className="Nordstrom.Web.Test.UI.LoyaltyWeb.LoyaltyTenderNeutralMobileVerificationPageTests, Nordstrom.Web.Test.UI.LoyaltyWeb, Version=1.0.0.0, Culture=neutral, PublicKeyToken=null" name="MobileVerificationPageModalPopupsValidation_AuthenticatedUserGetANewCodeModalContentValidation_GetANewCodeModalContentValidatedSuccessfully" />
    </UnitTest>
    <UnitTest name="SuccessAssociationPageModalPopupsValidation_AuthenticatedUserSpecialCharacterinCodeField_ThrowsError" storage="c:\loyaltywebtest\web\test\ui\loyaltyweb\loyaltywebtest\loyaltywebtest\bin\debug\nordstrom.web.test.ui.loyaltyweb.dll" id="f908d2f2-d10f-a35a-dcc7-beef8d7bcb26">
      <Description>Verify that error message is displayed when special characters are entered in association mobile verification code pop up</Description>
      <TestCategory>
        <TestCategoryItem TestCategory="LoyaltyTenderNeutral" />
        <TestCategoryItem TestCategory="MobileVerification" />
      </TestCategory>
      <DeploymentItems>
        <DeploymentItem filename="ExternalBinaries" outputDirectory=".\ExternalBinaries" />
        <DeploymentItem filename="TestData" outputDirectory=".\TestData" />
        <DeploymentItem filename="TestRunConfig" outputDirectory=".\TestRunConfig" />
      </DeploymentItems>
      <Execution id="e3750816-9160-4850-aa45-35a270bc61bb" />
      <TestMethod codeBase="C:/LoyaltyWebTest/Web/Test/UI/LoyaltyWeb/LoyaltyWebTest/LoyaltyWebTest/bin/Debug/Nordstrom.Web.Test.UI.LoyaltyWeb.DLL" adapterTypeName="Microsoft.VisualStudio.TestTools.TestTypes.Unit.UnitTestAdapter, Microsoft.VisualStudio.QualityTools.Tips.UnitTest.Adapter, Version=12.0.0.0, Culture=neutral, PublicKeyToken=b03f5f7f11d50a3a" className="Nordstrom.Web.Test.UI.LoyaltyWeb.LoyaltyTenderNeutralMobileVerificationPageTests, Nordstrom.Web.Test.UI.LoyaltyWeb, Version=1.0.0.0, Culture=neutral, PublicKeyToken=null" name="SuccessAssociationPageModalPopupsValidation_AuthenticatedUserSpecialCharacterinCodeField_ThrowsError" />
    </UnitTest>
    <UnitTest name="TenderNeutralAssociation_AuthenticatedUser_ConfirmationForNordAccountAndRewardsMembershipSuccessfullyLinked" storage="c:\loyaltywebtest\web\test\ui\loyaltyweb\loyaltywebtest\loyaltywebtest\bin\debug\nordstrom.web.test.ui.loyaltyweb.dll" id="56bc2a30-7431-366f-3cd8-0390dd04c1b6">
      <Description>Authenticated user gets confirmation after successful web association</Description>
      <TestCategory>
        <TestCategoryItem TestCategory="LoyaltyTenderNeutral" />
        <TestCategoryItem TestCategory="Association" />
      </TestCategory>
      <DeploymentItems>
        <DeploymentItem filename="ExternalBinaries" outputDirectory=".\ExternalBinaries" />
        <DeploymentItem filename="TestData" outputDirectory=".\TestData" />
        <DeploymentItem filename="TestRunConfig" outputDirectory=".\TestRunConfig" />
      </DeploymentItems>
      <Execution id="5ac9f4d4-19c3-47ec-a562-14fc58fbf027" />
      <TestMethod codeBase="C:/LoyaltyWebTest/Web/Test/UI/LoyaltyWeb/LoyaltyWebTest/LoyaltyWebTest/bin/Debug/Nordstrom.Web.Test.UI.LoyaltyWeb.DLL" adapterTypeName="Microsoft.VisualStudio.TestTools.TestTypes.Unit.UnitTestAdapter, Microsoft.VisualStudio.QualityTools.Tips.UnitTest.Adapter, Version=12.0.0.0, Culture=neutral, PublicKeyToken=b03f5f7f11d50a3a" className="Nordstrom.Web.Test.UI.LoyaltyWeb.LoyaltyAssociationTests, Nordstrom.Web.Test.UI.LoyaltyWeb, Version=1.0.0.0, Culture=neutral, PublicKeyToken=null" name="TenderNeutralAssociation_AuthenticatedUser_ConfirmationForNordAccountAndRewardsMembershipSuccessfullyLinked" />
    </UnitTest>
    <UnitTest name="TenderNeutralAssociation_ExistingLoyaltyCustomerComesToAssociationPageUsingDifferentWebAccount_ShouldGetErrorMessage" storage="c:\loyaltywebtest\web\test\ui\loyaltyweb\loyaltywebtest\loyaltywebtest\bin\debug\nordstrom.web.test.ui.loyaltyweb.dll" id="bf20d9b1-26e6-819b-2980-c3bcb8cd5366">
      <Description>Customer enrolled in store. As guest customer types wrong email, he got error message right message.</Description>
      <TestCategory>
        <TestCategoryItem TestCategory="LoyaltyTenderNeutral" />
        <TestCategoryItem TestCategory="Association" />
      </TestCategory>
      <DeploymentItems>
        <DeploymentItem filename="ExternalBinaries" outputDirectory=".\ExternalBinaries" />
        <DeploymentItem filename="TestData" outputDirectory=".\TestData" />
        <DeploymentItem filename="TestRunConfig" outputDirectory=".\TestRunConfig" />
      </DeploymentItems>
      <Execution id="40676853-5991-4e52-bd68-9835838b5656" />
      <TestMethod codeBase="C:/LoyaltyWebTest/Web/Test/UI/LoyaltyWeb/LoyaltyWebTest/LoyaltyWebTest/bin/Debug/Nordstrom.Web.Test.UI.LoyaltyWeb.DLL" adapterTypeName="Microsoft.VisualStudio.TestTools.TestTypes.Unit.UnitTestAdapter, Microsoft.VisualStudio.QualityTools.Tips.UnitTest.Adapter, Version=12.0.0.0, Culture=neutral, PublicKeyToken=b03f5f7f11d50a3a" className="Nordstrom.Web.Test.UI.LoyaltyWeb.LoyaltyAssociationTests, Nordstrom.Web.Test.UI.LoyaltyWeb, Version=1.0.0.0, Culture=neutral, PublicKeyToken=null" name="TenderNeutralAssociation_ExistingLoyaltyCustomerComesToAssociationPageUsingDifferentWebAccount_ShouldGetErrorMessage" />
    </UnitTest>
    <UnitTest name="LoyaltyWelcomePage_WhenTypeRightURL_ShouldRenderWelcomePage" storage="c:\loyaltywebtest\web\test\ui\loyaltyweb\loyaltywebtest\loyaltywebtest\bin\debug\nordstrom.web.test.ui.loyaltyweb.dll" id="e3a562d7-b300-5f52-06c2-7be31e66bd96">
      <Description>Authenticated User should remain authenticated when goes to Welcome page</Description>
      <TestCategory>
        <TestCategoryItem TestCategory="Welcome" />
        <TestCategoryItem TestCategory="LoyaltyTenderNeutral" />
      </TestCategory>
      <DeploymentItems>
        <DeploymentItem filename="ExternalBinaries" outputDirectory=".\ExternalBinaries" />
        <DeploymentItem filename="TestData" outputDirectory=".\TestData" />
        <DeploymentItem filename="TestRunConfig" outputDirectory=".\TestRunConfig" />
      </DeploymentItems>
      <Execution id="ed62002e-8418-49f0-b733-74ba45f4629c" />
      <TestMethod codeBase="C:/LoyaltyWebTest/Web/Test/UI/LoyaltyWeb/LoyaltyWebTest/LoyaltyWebTest/bin/Debug/Nordstrom.Web.Test.UI.LoyaltyWeb.DLL" adapterTypeName="Microsoft.VisualStudio.TestTools.TestTypes.Unit.UnitTestAdapter, Microsoft.VisualStudio.QualityTools.Tips.UnitTest.Adapter, Version=12.0.0.0, Culture=neutral, PublicKeyToken=b03f5f7f11d50a3a" className="Nordstrom.Web.Test.UI.LoyaltyWeb.LoyaltyWelcomeTests, Nordstrom.Web.Test.UI.LoyaltyWeb, Version=1.0.0.0, Culture=neutral, PublicKeyToken=null" name="LoyaltyWelcomePage_WhenTypeRightURL_ShouldRenderWelcomePage" />
    </UnitTest>
    <UnitTest name="LoyaltyLearnPage_ClickGiveUsFeedbackLink_NavigatesToRelevantPageSuccessfully" storage="c:\loyaltywebtest\web\test\ui\loyaltyweb\loyaltywebtest\loyaltywebtest\bin\debug\nordstrom.web.test.ui.loyaltyweb.dll" id="79b567e2-f99e-8fc8-39fc-28d1643a0d21">
      <Description>To verify Give us feedback link on Learn Page is navigated to the relevant page successfully</Description>
      <TestCategory>
        <TestCategoryItem TestCategory="LoyaltyTenderNeutral" />
        <TestCategoryItem TestCategory="Learn" />
      </TestCategory>
      <DeploymentItems>
        <DeploymentItem filename="ExternalBinaries" outputDirectory=".\ExternalBinaries" />
        <DeploymentItem filename="TestData" outputDirectory=".\TestData" />
        <DeploymentItem filename="TestRunConfig" outputDirectory=".\TestRunConfig" />
      </DeploymentItems>
      <Execution id="bd61a847-b761-4ba5-a5b6-2da2e2642788" />
      <TestMethod codeBase="C:/LoyaltyWebTest/Web/Test/UI/LoyaltyWeb/LoyaltyWebTest/LoyaltyWebTest/bin/Debug/Nordstrom.Web.Test.UI.LoyaltyWeb.DLL" adapterTypeName="Microsoft.VisualStudio.TestTools.TestTypes.Unit.UnitTestAdapter, Microsoft.VisualStudio.QualityTools.Tips.UnitTest.Adapter, Version=12.0.0.0, Culture=neutral, PublicKeyToken=b03f5f7f11d50a3a" className="Nordstrom.Web.Test.UI.LoyaltyWeb.LoyaltyLearnTests, Nordstrom.Web.Test.UI.LoyaltyWeb, Version=1.0.0.0, Culture=neutral, PublicKeyToken=null" name="LoyaltyLearnPage_ClickGiveUsFeedbackLink_NavigatesToRelevantPageSuccessfully" />
    </UnitTest>
    <UnitTest name="ApplyAndBuy_GuestUserApplyForNewVisaCardAndSignInAsExistingUserAfterCardConfirmation_OrderSuccessfullyPlacedWithNewVisaCard" storage="c:\loyaltywebtest\web\test\ui\loyaltyweb\loyaltywebtest\loyaltywebtest\bin\debug\nordstrom.web.test.ui.loyaltyweb.dll" id="189abbc0-b0a5-ecf8-6664-bfda98bdb3a6">
      <Description>Verify that a guest user can apply for a visa card, sign in as an existing user from the confirmation pageand place order with the instant approved visa card</Description>
      <TestCategory>
        <TestCategoryItem TestCategory="ApplyAndBuy" />
      </TestCategory>
      <DeploymentItems>
        <DeploymentItem filename="ExternalBinaries" outputDirectory=".\ExternalBinaries" />
        <DeploymentItem filename="TestData" outputDirectory=".\TestData" />
        <DeploymentItem filename="TestRunConfig" outputDirectory=".\TestRunConfig" />
      </DeploymentItems>
      <Execution id="33aceab9-e02f-4d85-b991-2787829a2ee2" />
      <TestMethod codeBase="C:/LoyaltyWebTest/Web/Test/UI/LoyaltyWeb/LoyaltyWebTest/LoyaltyWebTest/bin/Debug/Nordstrom.Web.Test.UI.LoyaltyWeb.DLL" adapterTypeName="Microsoft.VisualStudio.TestTools.TestTypes.Unit.UnitTestAdapter, Microsoft.VisualStudio.QualityTools.Tips.UnitTest.Adapter, Version=12.0.0.0, Culture=neutral, PublicKeyToken=b03f5f7f11d50a3a" className="Nordstrom.Web.Test.UI.LoyaltyWeb.ApplyAndBuyTests, Nordstrom.Web.Test.UI.LoyaltyWeb, Version=1.0.0.0, Culture=neutral, PublicKeyToken=null" name="ApplyAndBuy_GuestUserApplyForNewVisaCardAndSignInAsExistingUserAfterCardConfirmation_OrderSuccessfullyPlacedWithNewVisaCard" />
    </UnitTest>
    <UnitTest name="ApplyandBuy_GuestUserApplyForNewRetailCard_ShoppingSuccessfulWithNewRetailCardAddedToWallet" storage="c:\loyaltywebtest\web\test\ui\loyaltyweb\loyaltywebtest\loyaltywebtest\bin\debug\nordstrom.web.test.ui.loyaltyweb.dll" id="19d3f5b7-1a42-16cf-9148-75f4af1915d8">
      <Description>Apply for Retail Card as a guest user, register after card confirmation and successfully place an order with newly added card to wallet</Description>
      <TestCategory>
        <TestCategoryItem TestCategory="ApplyAndBuy" />
      </TestCategory>
      <DeploymentItems>
        <DeploymentItem filename="ExternalBinaries" outputDirectory=".\ExternalBinaries" />
        <DeploymentItem filename="TestData" outputDirectory=".\TestData" />
        <DeploymentItem filename="TestRunConfig" outputDirectory=".\TestRunConfig" />
      </DeploymentItems>
      <Execution id="ad1a74d0-9903-42a4-9de1-0f2f0cc24166" />
      <TestMethod codeBase="C:/LoyaltyWebTest/Web/Test/UI/LoyaltyWeb/LoyaltyWebTest/LoyaltyWebTest/bin/Debug/Nordstrom.Web.Test.UI.LoyaltyWeb.DLL" adapterTypeName="Microsoft.VisualStudio.TestTools.TestTypes.Unit.UnitTestAdapter, Microsoft.VisualStudio.QualityTools.Tips.UnitTest.Adapter, Version=12.0.0.0, Culture=neutral, PublicKeyToken=b03f5f7f11d50a3a" className="Nordstrom.Web.Test.UI.LoyaltyWeb.ApplyAndBuyTests, Nordstrom.Web.Test.UI.LoyaltyWeb, Version=1.0.0.0, Culture=neutral, PublicKeyToken=null" name="ApplyandBuy_GuestUserApplyForNewRetailCard_ShoppingSuccessfulWithNewRetailCardAddedToWallet" />
    </UnitTest>
    <UnitTest name="TenderNeutralRewardsEnroll_LoyaltyTNAuthenticatedUserLessThanSixDigitsInCodeField_ThrowseError" storage="c:\loyaltywebtest\web\test\ui\loyaltyweb\loyaltywebtest\loyaltywebtest\bin\debug\nordstrom.web.test.ui.loyaltyweb.dll" id="3757ab62-2418-b96f-a6e8-6a2ddff7f5be">
      <Description>Verify that error message is displayed when a number less than 6 digits are entered in mobile vrification code field</Description>
      <TestCategory>
        <TestCategoryItem TestCategory="LoyaltyTenderNeutral" />
        <TestCategoryItem TestCategory="MobileVerification" />
      </TestCategory>
      <DeploymentItems>
        <DeploymentItem filename="ExternalBinaries" outputDirectory=".\ExternalBinaries" />
        <DeploymentItem filename="TestData" outputDirectory=".\TestData" />
        <DeploymentItem filename="TestRunConfig" outputDirectory=".\TestRunConfig" />
      </DeploymentItems>
      <Execution id="3eaa3618-a0b1-4e5e-8a53-ca5cf4504787" />
      <TestMethod codeBase="C:/LoyaltyWebTest/Web/Test/UI/LoyaltyWeb/LoyaltyWebTest/LoyaltyWebTest/bin/Debug/Nordstrom.Web.Test.UI.LoyaltyWeb.DLL" adapterTypeName="Microsoft.VisualStudio.TestTools.TestTypes.Unit.UnitTestAdapter, Microsoft.VisualStudio.QualityTools.Tips.UnitTest.Adapter, Version=12.0.0.0, Culture=neutral, PublicKeyToken=b03f5f7f11d50a3a" className="Nordstrom.Web.Test.UI.LoyaltyWeb.LoyaltyTenderNeutralMobileVerificationPageTests, Nordstrom.Web.Test.UI.LoyaltyWeb, Version=1.0.0.0, Culture=neutral, PublicKeyToken=null" name="TenderNeutralRewardsEnroll_LoyaltyTNAuthenticatedUserLessThanSixDigitsInCodeField_ThrowseError" />
    </UnitTest>
    <UnitTest name="TenderNeutralAssociation_AlreadyAssociatedEnrolledCustomerComesToAssociationPageAsRecognizedUser_ShouldGetYouAreSetMessage" storage="c:\loyaltywebtest\web\test\ui\loyaltyweb\loyaltywebtest\loyaltywebtest\bin\debug\nordstrom.web.test.ui.loyaltyweb.dll" id="4510ccf7-36db-8e02-5028-6ef595ef9238">
      <Description>When associated customer wants to associate again in recognized state, he got the all set message.</Description>
      <TestCategory>
        <TestCategoryItem TestCategory="LoyaltyTenderNeutral" />
        <TestCategoryItem TestCategory="Association" />
      </TestCategory>
      <DeploymentItems>
        <DeploymentItem filename="ExternalBinaries" outputDirectory=".\ExternalBinaries" />
        <DeploymentItem filename="TestData" outputDirectory=".\TestData" />
        <DeploymentItem filename="TestRunConfig" outputDirectory=".\TestRunConfig" />
      </DeploymentItems>
      <Execution id="5220e599-6d85-4380-94f7-8880ec4a2fd8" />
      <TestMethod codeBase="C:/LoyaltyWebTest/Web/Test/UI/LoyaltyWeb/LoyaltyWebTest/LoyaltyWebTest/bin/Debug/Nordstrom.Web.Test.UI.LoyaltyWeb.DLL" adapterTypeName="Microsoft.VisualStudio.TestTools.TestTypes.Unit.UnitTestAdapter, Microsoft.VisualStudio.QualityTools.Tips.UnitTest.Adapter, Version=12.0.0.0, Culture=neutral, PublicKeyToken=b03f5f7f11d50a3a" className="Nordstrom.Web.Test.UI.LoyaltyWeb.LoyaltyAssociationTests, Nordstrom.Web.Test.UI.LoyaltyWeb, Version=1.0.0.0, Culture=neutral, PublicKeyToken=null" name="TenderNeutralAssociation_AlreadyAssociatedEnrolledCustomerComesToAssociationPageAsRecognizedUser_ShouldGetYouAreSetMessage" />
    </UnitTest>
    <UnitTest name="TenderNeutralRewardsEnroll_LoyaltyTenderNeutralGuestUserConfirmPasswordField_MismatchErrorMessageDisplayedSuccessfully" storage="c:\loyaltywebtest\web\test\ui\loyaltyweb\loyaltywebtest\loyaltywebtest\bin\debug\nordstrom.web.test.ui.loyaltyweb.dll" id="d3ba0755-91e1-30c5-315a-f25399e3023a">
      <Description>Verify the mismatch error message displayed for the invalid entry of confirm Password field</Description>
      <TestCategory>
        <TestCategoryItem TestCategory="LoyaltyTenderNeutral" />
        <TestCategoryItem TestCategory="Enroll" />
      </TestCategory>
      <DeploymentItems>
        <DeploymentItem filename="ExternalBinaries" outputDirectory=".\ExternalBinaries" />
        <DeploymentItem filename="TestData" outputDirectory=".\TestData" />
        <DeploymentItem filename="TestRunConfig" outputDirectory=".\TestRunConfig" />
      </DeploymentItems>
      <Execution id="d7924703-d3f3-42f7-ad7d-82809647e624" />
      <TestMethod codeBase="C:/LoyaltyWebTest/Web/Test/UI/LoyaltyWeb/LoyaltyWebTest/LoyaltyWebTest/bin/Debug/Nordstrom.Web.Test.UI.LoyaltyWeb.DLL" adapterTypeName="Microsoft.VisualStudio.TestTools.TestTypes.Unit.UnitTestAdapter, Microsoft.VisualStudio.QualityTools.Tips.UnitTest.Adapter, Version=12.0.0.0, Culture=neutral, PublicKeyToken=b03f5f7f11d50a3a" className="Nordstrom.Web.Test.UI.LoyaltyWeb.LoyaltyRegisterTests, Nordstrom.Web.Test.UI.LoyaltyWeb, Version=1.0.0.0, Culture=neutral, PublicKeyToken=null" name="TenderNeutralRewardsEnroll_LoyaltyTenderNeutralGuestUserConfirmPasswordField_MismatchErrorMessageDisplayedSuccessfully" />
    </UnitTest>
    <UnitTest name="TenderNeutralRewardsEnroll_LoyaltyTenderNeutralUnrecognisedUserLeavePhoneNumberFieldBlank_ErrorMessageDisplayedSuccessfully" storage="c:\loyaltywebtest\web\test\ui\loyaltyweb\loyaltywebtest\loyaltywebtest\bin\debug\nordstrom.web.test.ui.loyaltyweb.dll" id="2c5acb84-e512-ccac-4b8b-8ea6b0d3920c">
      <Description>Verify that error message appear for phone number field when it is left blank for unrecognised user</Description>
      <TestCategory>
        <TestCategoryItem TestCategory="LoyaltyTenderNeutral" />
        <TestCategoryItem TestCategory="Enroll" />
      </TestCategory>
      <DeploymentItems>
        <DeploymentItem filename="ExternalBinaries" outputDirectory=".\ExternalBinaries" />
        <DeploymentItem filename="TestData" outputDirectory=".\TestData" />
        <DeploymentItem filename="TestRunConfig" outputDirectory=".\TestRunConfig" />
      </DeploymentItems>
      <Execution id="1a0102ad-8906-4c74-bf57-700bfc3d874b" />
      <TestMethod codeBase="C:/LoyaltyWebTest/Web/Test/UI/LoyaltyWeb/LoyaltyWebTest/LoyaltyWebTest/bin/Debug/Nordstrom.Web.Test.UI.LoyaltyWeb.DLL" adapterTypeName="Microsoft.VisualStudio.TestTools.TestTypes.Unit.UnitTestAdapter, Microsoft.VisualStudio.QualityTools.Tips.UnitTest.Adapter, Version=12.0.0.0, Culture=neutral, PublicKeyToken=b03f5f7f11d50a3a" className="Nordstrom.Web.Test.UI.LoyaltyWeb.LoyaltyRegisterTests, Nordstrom.Web.Test.UI.LoyaltyWeb, Version=1.0.0.0, Culture=neutral, PublicKeyToken=null" name="TenderNeutralRewardsEnroll_LoyaltyTenderNeutralUnrecognisedUserLeavePhoneNumberFieldBlank_ErrorMessageDisplayedSuccessfully" />
    </UnitTest>
    <UnitTest name="TenderNeutralRewardsRegister_GuestUserEnrollAsExistingAccountWhenHaveNoExistingWebAccount_ShouldFailInEnroll" storage="c:\loyaltywebtest\web\test\ui\loyaltyweb\loyaltywebtest\loyaltywebtest\bin\debug\nordstrom.web.test.ui.loyaltyweb.dll" id="b9382f39-7336-6f35-11b0-2a8908162fac">
      <Description>Guest user enrolls as existing user but supplied all none existing info.</Description>
      <TestCategory>
        <TestCategoryItem TestCategory="LoyaltyTenderNeutral" />
        <TestCategoryItem TestCategory="Enroll" />
      </TestCategory>
      <DeploymentItems>
        <DeploymentItem filename="ExternalBinaries" outputDirectory=".\ExternalBinaries" />
        <DeploymentItem filename="TestData" outputDirectory=".\TestData" />
        <DeploymentItem filename="TestRunConfig" outputDirectory=".\TestRunConfig" />
      </DeploymentItems>
      <Execution id="e282d236-e025-4ba7-a57b-e6ecaf65d35a" />
      <TestMethod codeBase="C:/LoyaltyWebTest/Web/Test/UI/LoyaltyWeb/LoyaltyWebTest/LoyaltyWebTest/bin/Debug/Nordstrom.Web.Test.UI.LoyaltyWeb.DLL" adapterTypeName="Microsoft.VisualStudio.TestTools.TestTypes.Unit.UnitTestAdapter, Microsoft.VisualStudio.QualityTools.Tips.UnitTest.Adapter, Version=12.0.0.0, Culture=neutral, PublicKeyToken=b03f5f7f11d50a3a" className="Nordstrom.Web.Test.UI.LoyaltyWeb.LoyaltyRegisterTests, Nordstrom.Web.Test.UI.LoyaltyWeb, Version=1.0.0.0, Culture=neutral, PublicKeyToken=null" name="TenderNeutralRewardsRegister_GuestUserEnrollAsExistingAccountWhenHaveNoExistingWebAccount_ShouldFailInEnroll" />
    </UnitTest>
    <UnitTest name="LoyaltyLearnPage_ClickAlterationsLinkOnLearnPage_NavigatesToBenifitsPageSucessfully" storage="c:\loyaltywebtest\web\test\ui\loyaltyweb\loyaltywebtest\loyaltywebtest\bin\debug\nordstrom.web.test.ui.loyaltyweb.dll" id="396e64f4-4b9f-1a79-1cda-28380d13b0bc">
      <Description>To verify Alterations link on Learn Page is navigated to the relevant page successfully</Description>
      <TestCategory>
        <TestCategoryItem TestCategory="LoyaltyTenderNeutral" />
        <TestCategoryItem TestCategory="Learn" />
      </TestCategory>
      <DeploymentItems>
        <DeploymentItem filename="ExternalBinaries" outputDirectory=".\ExternalBinaries" />
        <DeploymentItem filename="TestData" outputDirectory=".\TestData" />
        <DeploymentItem filename="TestRunConfig" outputDirectory=".\TestRunConfig" />
      </DeploymentItems>
      <Execution id="ba36175d-7f25-48c4-a8e6-78516c8fd089" />
      <TestMethod codeBase="C:/LoyaltyWebTest/Web/Test/UI/LoyaltyWeb/LoyaltyWebTest/LoyaltyWebTest/bin/Debug/Nordstrom.Web.Test.UI.LoyaltyWeb.DLL" adapterTypeName="Microsoft.VisualStudio.TestTools.TestTypes.Unit.UnitTestAdapter, Microsoft.VisualStudio.QualityTools.Tips.UnitTest.Adapter, Version=12.0.0.0, Culture=neutral, PublicKeyToken=b03f5f7f11d50a3a" className="Nordstrom.Web.Test.UI.LoyaltyWeb.LoyaltyLearnTests, Nordstrom.Web.Test.UI.LoyaltyWeb, Version=1.0.0.0, Culture=neutral, PublicKeyToken=null" name="LoyaltyLearnPage_ClickAlterationsLinkOnLearnPage_NavigatesToBenifitsPageSucessfully" />
    </UnitTest>
    <UnitTest name="ApplyAndBuy_AuthenticatedUserShoppingDebitCard_ShouldBeAbleToDeclineTheOffer" storage="c:\loyaltywebtest\web\test\ui\loyaltyweb\loyaltywebtest\loyaltywebtest\bin\debug\nordstrom.web.test.ui.loyaltyweb.dll" id="aea58734-aba1-082a-fd65-fd222a1377f1">
      <Description>Verify authenticated user can shop debit card successfully.</Description>
      <TestCategory>
        <TestCategoryItem TestCategory="ApplyAndBuy" />
      </TestCategory>
      <DeploymentItems>
        <DeploymentItem filename="ExternalBinaries" outputDirectory=".\ExternalBinaries" />
        <DeploymentItem filename="TestData" outputDirectory=".\TestData" />
        <DeploymentItem filename="TestRunConfig" outputDirectory=".\TestRunConfig" />
      </DeploymentItems>
      <Execution id="7578d173-cc00-40e7-aa47-b69b787cad56" />
      <TestMethod codeBase="C:/LoyaltyWebTest/Web/Test/UI/LoyaltyWeb/LoyaltyWebTest/LoyaltyWebTest/bin/Debug/Nordstrom.Web.Test.UI.LoyaltyWeb.DLL" adapterTypeName="Microsoft.VisualStudio.TestTools.TestTypes.Unit.UnitTestAdapter, Microsoft.VisualStudio.QualityTools.Tips.UnitTest.Adapter, Version=12.0.0.0, Culture=neutral, PublicKeyToken=b03f5f7f11d50a3a" className="Nordstrom.Web.Test.UI.LoyaltyWeb.ApplyAndBuyTests, Nordstrom.Web.Test.UI.LoyaltyWeb, Version=1.0.0.0, Culture=neutral, PublicKeyToken=null" name="ApplyAndBuy_AuthenticatedUserShoppingDebitCard_ShouldBeAbleToDeclineTheOffer" />
    </UnitTest>
    <UnitTest name="ApplyAndBuy_AuthenticatedNewUserDeclineRetailCard_SuccessfulNavigationToHomePage" storage="c:\loyaltywebtest\web\test\ui\loyaltyweb\loyaltywebtest\loyaltywebtest\bin\debug\nordstrom.web.test.ui.loyaltyweb.dll" id="e3b537b9-fd8d-2a1e-98b0-ca3572f81d48">
      <Description>Verify that the newly registered user is taken to the home page on clicking the decline this cards link from the credit card offer page for retail card</Description>
      <TestCategory>
        <TestCategoryItem TestCategory="ApplyAndBuy" />
      </TestCategory>
      <DeploymentItems>
        <DeploymentItem filename="ExternalBinaries" outputDirectory=".\ExternalBinaries" />
        <DeploymentItem filename="TestData" outputDirectory=".\TestData" />
        <DeploymentItem filename="TestRunConfig" outputDirectory=".\TestRunConfig" />
      </DeploymentItems>
      <Execution id="cc5072ad-3550-41c5-bd24-9481eb1850c6" />
      <TestMethod codeBase="C:/LoyaltyWebTest/Web/Test/UI/LoyaltyWeb/LoyaltyWebTest/LoyaltyWebTest/bin/Debug/Nordstrom.Web.Test.UI.LoyaltyWeb.DLL" adapterTypeName="Microsoft.VisualStudio.TestTools.TestTypes.Unit.UnitTestAdapter, Microsoft.VisualStudio.QualityTools.Tips.UnitTest.Adapter, Version=12.0.0.0, Culture=neutral, PublicKeyToken=b03f5f7f11d50a3a" className="Nordstrom.Web.Test.UI.LoyaltyWeb.ApplyAndBuyTests, Nordstrom.Web.Test.UI.LoyaltyWeb, Version=1.0.0.0, Culture=neutral, PublicKeyToken=null" name="ApplyAndBuy_AuthenticatedNewUserDeclineRetailCard_SuccessfulNavigationToHomePage" />
    </UnitTest>
    <UnitTest name="TenderNeutralEarn_RegisteredSigningInAsGuestCanSeeRewardsSectionInOrderSubmitPage_Successfully" storage="c:\loyaltywebtest\web\test\ui\loyaltyweb\loyaltywebtest\loyaltywebtest\bin\debug\nordstrom.web.test.ui.loyaltyweb.dll" id="4fc82fd8-184f-1840-0105-855fe51690c6">
      <Description>Verify that a registered user signing in from checkout page is able to see Rewards section in Ordersubmit page.</Description>
      <TestCategory>
        <TestCategoryItem TestCategory="LoyaltyTenderNeutral" />
        <TestCategoryItem TestCategory="Earn" />
      </TestCategory>
      <DeploymentItems>
        <DeploymentItem filename="ExternalBinaries" outputDirectory=".\ExternalBinaries" />
        <DeploymentItem filename="TestData" outputDirectory=".\TestData" />
        <DeploymentItem filename="TestRunConfig" outputDirectory=".\TestRunConfig" />
      </DeploymentItems>
      <Execution id="14bde250-1c1d-418a-a13d-03f11d131d5c" />
      <TestMethod codeBase="C:/LoyaltyWebTest/Web/Test/UI/LoyaltyWeb/LoyaltyWebTest/LoyaltyWebTest/bin/Debug/Nordstrom.Web.Test.UI.LoyaltyWeb.DLL" adapterTypeName="Microsoft.VisualStudio.TestTools.TestTypes.Unit.UnitTestAdapter, Microsoft.VisualStudio.QualityTools.Tips.UnitTest.Adapter, Version=12.0.0.0, Culture=neutral, PublicKeyToken=b03f5f7f11d50a3a" className="Nordstrom.Web.Test.UI.LoyaltyWeb.LoyaltyEarnTests, Nordstrom.Web.Test.UI.LoyaltyWeb, Version=1.0.0.0, Culture=neutral, PublicKeyToken=null" name="TenderNeutralEarn_RegisteredSigningInAsGuestCanSeeRewardsSectionInOrderSubmitPage_Successfully" />
    </UnitTest>
    <UnitTest name="TenderNeutralAssociation_EnrolledCustomerComesToAssociationPageUsingDifferentPhoneNumber_ShouldGetErrorMessage" storage="c:\loyaltywebtest\web\test\ui\loyaltyweb\loyaltywebtest\loyaltywebtest\bin\debug\nordstrom.web.test.ui.loyaltyweb.dll" id="ddc0ef36-7f91-531c-b15e-3ce594d4effc">
      <Description>Customer enrolled in store. As he types wrong phone, he got right error message.</Description>
      <TestCategory>
        <TestCategoryItem TestCategory="LoyaltyTenderNeutral" />
        <TestCategoryItem TestCategory="Association" />
      </TestCategory>
      <DeploymentItems>
        <DeploymentItem filename="ExternalBinaries" outputDirectory=".\ExternalBinaries" />
        <DeploymentItem filename="TestData" outputDirectory=".\TestData" />
        <DeploymentItem filename="TestRunConfig" outputDirectory=".\TestRunConfig" />
      </DeploymentItems>
      <Execution id="2e5eafbb-53ef-44ed-a731-fd90b11114c8" />
      <TestMethod codeBase="C:/LoyaltyWebTest/Web/Test/UI/LoyaltyWeb/LoyaltyWebTest/LoyaltyWebTest/bin/Debug/Nordstrom.Web.Test.UI.LoyaltyWeb.DLL" adapterTypeName="Microsoft.VisualStudio.TestTools.TestTypes.Unit.UnitTestAdapter, Microsoft.VisualStudio.QualityTools.Tips.UnitTest.Adapter, Version=12.0.0.0, Culture=neutral, PublicKeyToken=b03f5f7f11d50a3a" className="Nordstrom.Web.Test.UI.LoyaltyWeb.LoyaltyAssociationTests, Nordstrom.Web.Test.UI.LoyaltyWeb, Version=1.0.0.0, Culture=neutral, PublicKeyToken=null" name="TenderNeutralAssociation_EnrolledCustomerComesToAssociationPageUsingDifferentPhoneNumber_ShouldGetErrorMessage" />
    </UnitTest>
    <UnitTest name="LoyaltyLearnPage_ClickExclusiveBenefitsOnLearnPage_NavigatesToBenifitsPage" storage="c:\loyaltywebtest\web\test\ui\loyaltyweb\loyaltywebtest\loyaltywebtest\bin\debug\nordstrom.web.test.ui.loyaltyweb.dll" id="85cd42cc-a7e8-0a2a-4d93-d04e6a850a49">
      <Description>To verify Exclusive Benefits link on Learn Page is navigated to the relevant page successfully</Description>
      <TestCategory>
        <TestCategoryItem TestCategory="LoyaltyTenderNeutral" />
        <TestCategoryItem TestCategory="Learn" />
      </TestCategory>
      <DeploymentItems>
        <DeploymentItem filename="ExternalBinaries" outputDirectory=".\ExternalBinaries" />
        <DeploymentItem filename="TestData" outputDirectory=".\TestData" />
        <DeploymentItem filename="TestRunConfig" outputDirectory=".\TestRunConfig" />
      </DeploymentItems>
      <Execution id="2aed106c-7a02-445b-8f1f-7600df74e33a" />
      <TestMethod codeBase="C:/LoyaltyWebTest/Web/Test/UI/LoyaltyWeb/LoyaltyWebTest/LoyaltyWebTest/bin/Debug/Nordstrom.Web.Test.UI.LoyaltyWeb.DLL" adapterTypeName="Microsoft.VisualStudio.TestTools.TestTypes.Unit.UnitTestAdapter, Microsoft.VisualStudio.QualityTools.Tips.UnitTest.Adapter, Version=12.0.0.0, Culture=neutral, PublicKeyToken=b03f5f7f11d50a3a" className="Nordstrom.Web.Test.UI.LoyaltyWeb.LoyaltyLearnTests, Nordstrom.Web.Test.UI.LoyaltyWeb, Version=1.0.0.0, Culture=neutral, PublicKeyToken=null" name="LoyaltyLearnPage_ClickExclusiveBenefitsOnLearnPage_NavigatesToBenifitsPage" />
    </UnitTest>
    <UnitTest name="SuccessAssociationPageModalPopupsValidation_AuthenticatedUserDidntGetACodeModalContentValidation_DidntGetACodeModalContentValidatedSuccessfully" storage="c:\loyaltywebtest\web\test\ui\loyaltyweb\loyaltywebtest\loyaltywebtest\bin\debug\nordstrom.web.test.ui.loyaltyweb.dll" id="d0950b0b-ed3c-7fe5-5ab1-a2a80aa43ac2">
      <Description>Didn't Get A Code Modal Popup Content Validation for Association mobile verification modal</Description>
      <TestCategory>
        <TestCategoryItem TestCategory="LoyaltyTenderNeutral" />
        <TestCategoryItem TestCategory="MobileVerification" />
      </TestCategory>
      <DeploymentItems>
        <DeploymentItem filename="ExternalBinaries" outputDirectory=".\ExternalBinaries" />
        <DeploymentItem filename="TestData" outputDirectory=".\TestData" />
        <DeploymentItem filename="TestRunConfig" outputDirectory=".\TestRunConfig" />
      </DeploymentItems>
      <Execution id="74d36814-1a5e-406d-a134-942d1ccc0234" />
      <TestMethod codeBase="C:/LoyaltyWebTest/Web/Test/UI/LoyaltyWeb/LoyaltyWebTest/LoyaltyWebTest/bin/Debug/Nordstrom.Web.Test.UI.LoyaltyWeb.DLL" adapterTypeName="Microsoft.VisualStudio.TestTools.TestTypes.Unit.UnitTestAdapter, Microsoft.VisualStudio.QualityTools.Tips.UnitTest.Adapter, Version=12.0.0.0, Culture=neutral, PublicKeyToken=b03f5f7f11d50a3a" className="Nordstrom.Web.Test.UI.LoyaltyWeb.LoyaltyTenderNeutralMobileVerificationPageTests, Nordstrom.Web.Test.UI.LoyaltyWeb, Version=1.0.0.0, Culture=neutral, PublicKeyToken=null" name="SuccessAssociationPageModalPopupsValidation_AuthenticatedUserDidntGetACodeModalContentValidation_DidntGetACodeModalContentValidatedSuccessfully" />
    </UnitTest>
    <UnitTest name="TenderNeutralRewardsEnroll_LoyaltyTenderNeutralGuestUserInvalidPhoneNumberFieldEntry_ErrorMessageDisplayedSuccessfully" storage="c:\loyaltywebtest\web\test\ui\loyaltyweb\loyaltywebtest\loyaltywebtest\bin\debug\nordstrom.web.test.ui.loyaltyweb.dll" id="b6897335-ba4e-a142-6fbc-5f99f55eddfb">
      <Description>Verify the error message displayed for the invalid entry of phone number field</Description>
      <TestCategory>
        <TestCategoryItem TestCategory="LoyaltyTenderNeutral" />
        <TestCategoryItem TestCategory="Enroll" />
      </TestCategory>
      <DeploymentItems>
        <DeploymentItem filename="ExternalBinaries" outputDirectory=".\ExternalBinaries" />
        <DeploymentItem filename="TestData" outputDirectory=".\TestData" />
        <DeploymentItem filename="TestRunConfig" outputDirectory=".\TestRunConfig" />
      </DeploymentItems>
      <Execution id="ae19c135-ef5e-4134-9e74-e9b9941caae1" />
      <TestMethod codeBase="C:/LoyaltyWebTest/Web/Test/UI/LoyaltyWeb/LoyaltyWebTest/LoyaltyWebTest/bin/Debug/Nordstrom.Web.Test.UI.LoyaltyWeb.DLL" adapterTypeName="Microsoft.VisualStudio.TestTools.TestTypes.Unit.UnitTestAdapter, Microsoft.VisualStudio.QualityTools.Tips.UnitTest.Adapter, Version=12.0.0.0, Culture=neutral, PublicKeyToken=b03f5f7f11d50a3a" className="Nordstrom.Web.Test.UI.LoyaltyWeb.LoyaltyRegisterTests, Nordstrom.Web.Test.UI.LoyaltyWeb, Version=1.0.0.0, Culture=neutral, PublicKeyToken=null" name="TenderNeutralRewardsEnroll_LoyaltyTenderNeutralGuestUserInvalidPhoneNumberFieldEntry_ErrorMessageDisplayedSuccessfully" />
    </UnitTest>
    <UnitTest name="TenderNeutralRewardsEnroll_LoyaltyTNAuthenticatedUserSpecialCharacterinCodeField_ThrowseError" storage="c:\loyaltywebtest\web\test\ui\loyaltyweb\loyaltywebtest\loyaltywebtest\bin\debug\nordstrom.web.test.ui.loyaltyweb.dll" id="7003bcc1-5465-4329-b7ef-878c9e819482">
      <Description>Verify that error message is displayed when special characters are entered in mobile verification code field</Description>
      <TestCategory>
        <TestCategoryItem TestCategory="LoyaltyTenderNeutral" />
        <TestCategoryItem TestCategory="MobileVerification" />
      </TestCategory>
      <DeploymentItems>
        <DeploymentItem filename="ExternalBinaries" outputDirectory=".\ExternalBinaries" />
        <DeploymentItem filename="TestData" outputDirectory=".\TestData" />
        <DeploymentItem filename="TestRunConfig" outputDirectory=".\TestRunConfig" />
      </DeploymentItems>
      <Execution id="355a626f-3d62-4c54-9e76-7e9521fde16a" />
      <TestMethod codeBase="C:/LoyaltyWebTest/Web/Test/UI/LoyaltyWeb/LoyaltyWebTest/LoyaltyWebTest/bin/Debug/Nordstrom.Web.Test.UI.LoyaltyWeb.DLL" adapterTypeName="Microsoft.VisualStudio.TestTools.TestTypes.Unit.UnitTestAdapter, Microsoft.VisualStudio.QualityTools.Tips.UnitTest.Adapter, Version=12.0.0.0, Culture=neutral, PublicKeyToken=b03f5f7f11d50a3a" className="Nordstrom.Web.Test.UI.LoyaltyWeb.LoyaltyTenderNeutralMobileVerificationPageTests, Nordstrom.Web.Test.UI.LoyaltyWeb, Version=1.0.0.0, Culture=neutral, PublicKeyToken=null" name="TenderNeutralRewardsEnroll_LoyaltyTNAuthenticatedUserSpecialCharacterinCodeField_ThrowseError" />
    </UnitTest>
    <UnitTest name="SuccessAssociationPageModalPopupsValidation_OkButtonInDidntGetACodeModalValidation_OkButtonInDidntGetACodeModalClosedModalSuccessfully" storage="c:\loyaltywebtest\web\test\ui\loyaltyweb\loyaltywebtest\loyaltywebtest\bin\debug\nordstrom.web.test.ui.loyaltyweb.dll" id="bc8bcbad-6dab-8a10-872a-1cd128e497ce">
      <Description>Didn't Get A Code Modal Popup OK Button Functionality verification</Description>
      <TestCategory>
        <TestCategoryItem TestCategory="LoyaltyTenderNeutral" />
        <TestCategoryItem TestCategory="MobileVerification" />
      </TestCategory>
      <DeploymentItems>
        <DeploymentItem filename="ExternalBinaries" outputDirectory=".\ExternalBinaries" />
        <DeploymentItem filename="TestData" outputDirectory=".\TestData" />
        <DeploymentItem filename="TestRunConfig" outputDirectory=".\TestRunConfig" />
      </DeploymentItems>
      <Execution id="0382e5b4-f535-4bab-81b1-b964ad2a8f98" />
      <TestMethod codeBase="C:/LoyaltyWebTest/Web/Test/UI/LoyaltyWeb/LoyaltyWebTest/LoyaltyWebTest/bin/Debug/Nordstrom.Web.Test.UI.LoyaltyWeb.DLL" adapterTypeName="Microsoft.VisualStudio.TestTools.TestTypes.Unit.UnitTestAdapter, Microsoft.VisualStudio.QualityTools.Tips.UnitTest.Adapter, Version=12.0.0.0, Culture=neutral, PublicKeyToken=b03f5f7f11d50a3a" className="Nordstrom.Web.Test.UI.LoyaltyWeb.LoyaltyTenderNeutralMobileVerificationPageTests, Nordstrom.Web.Test.UI.LoyaltyWeb, Version=1.0.0.0, Culture=neutral, PublicKeyToken=null" name="SuccessAssociationPageModalPopupsValidation_OkButtonInDidntGetACodeModalValidation_OkButtonInDidntGetACodeModalClosedModalSuccessfully" />
    </UnitTest>
    <UnitTest name="TenderNeutralRewardsEnroll_LoyaltyTenderNeutralGuestUserPhoneNumberFieldSpecialCharactersEntry_ErrorMessageDisplayedSuccessfully" storage="c:\loyaltywebtest\web\test\ui\loyaltyweb\loyaltywebtest\loyaltywebtest\bin\debug\nordstrom.web.test.ui.loyaltyweb.dll" id="c0b34bd0-4b58-a51d-1f25-53756c16dc68">
      <Description>Verify the error message displayed for the invalid entry of special characters in phone number field</Description>
      <TestCategory>
        <TestCategoryItem TestCategory="LoyaltyTenderNeutral" />
        <TestCategoryItem TestCategory="Enroll" />
      </TestCategory>
      <DeploymentItems>
        <DeploymentItem filename="ExternalBinaries" outputDirectory=".\ExternalBinaries" />
        <DeploymentItem filename="TestData" outputDirectory=".\TestData" />
        <DeploymentItem filename="TestRunConfig" outputDirectory=".\TestRunConfig" />
      </DeploymentItems>
      <Execution id="7559395d-3040-4a86-b472-4a62ef9718ed" />
      <TestMethod codeBase="C:/LoyaltyWebTest/Web/Test/UI/LoyaltyWeb/LoyaltyWebTest/LoyaltyWebTest/bin/Debug/Nordstrom.Web.Test.UI.LoyaltyWeb.DLL" adapterTypeName="Microsoft.VisualStudio.TestTools.TestTypes.Unit.UnitTestAdapter, Microsoft.VisualStudio.QualityTools.Tips.UnitTest.Adapter, Version=12.0.0.0, Culture=neutral, PublicKeyToken=b03f5f7f11d50a3a" className="Nordstrom.Web.Test.UI.LoyaltyWeb.LoyaltyRegisterTests, Nordstrom.Web.Test.UI.LoyaltyWeb, Version=1.0.0.0, Culture=neutral, PublicKeyToken=null" name="TenderNeutralRewardsEnroll_LoyaltyTenderNeutralGuestUserPhoneNumberFieldSpecialCharactersEntry_ErrorMessageDisplayedSuccessfully" />
    </UnitTest>
    <UnitTest name="TenderNeutralRewardsEnroll_EnrollingWebGuestUserWithMoreThan16CharactersInLastName_ThrowsError" storage="c:\loyaltywebtest\web\test\ui\loyaltyweb\loyaltywebtest\loyaltywebtest\bin\debug\nordstrom.web.test.ui.loyaltyweb.dll" id="ed78253e-5e7b-e7fd-c865-316f069a0d67">
      <Description>Verify that Last Name field cannot take more than 16 characters</Description>
      <TestCategory>
        <TestCategoryItem TestCategory="LoyaltyTenderNeutral" />
        <TestCategoryItem TestCategory="Enroll" />
      </TestCategory>
      <DeploymentItems>
        <DeploymentItem filename="ExternalBinaries" outputDirectory=".\ExternalBinaries" />
        <DeploymentItem filename="TestData" outputDirectory=".\TestData" />
        <DeploymentItem filename="TestRunConfig" outputDirectory=".\TestRunConfig" />
      </DeploymentItems>
      <Execution id="c2c82699-bb50-42c5-864b-2533394dfea3" />
      <TestMethod codeBase="C:/LoyaltyWebTest/Web/Test/UI/LoyaltyWeb/LoyaltyWebTest/LoyaltyWebTest/bin/Debug/Nordstrom.Web.Test.UI.LoyaltyWeb.DLL" adapterTypeName="Microsoft.VisualStudio.TestTools.TestTypes.Unit.UnitTestAdapter, Microsoft.VisualStudio.QualityTools.Tips.UnitTest.Adapter, Version=12.0.0.0, Culture=neutral, PublicKeyToken=b03f5f7f11d50a3a" className="Nordstrom.Web.Test.UI.LoyaltyWeb.LoyaltyRegisterTests, Nordstrom.Web.Test.UI.LoyaltyWeb, Version=1.0.0.0, Culture=neutral, PublicKeyToken=null" name="TenderNeutralRewardsEnroll_EnrollingWebGuestUserWithMoreThan16CharactersInLastName_ThrowsError" />
    </UnitTest>
    <UnitTest name="TenderNeutralRewardsEnroll_MultipleUserScenariosBasic_EnrollShouldBeSucceedInTheEnd" storage="c:\loyaltywebtest\web\test\ui\loyaltyweb\loyaltywebtest\loyaltywebtest\bin\debug\nordstrom.web.test.ui.loyaltyweb.dll" id="62c23b49-01d5-ec14-64fa-60b14f5b3266">
      <Description>A end to end user scenarios test</Description>
      <TestCategory>
        <TestCategoryItem TestCategory="Enroll" />
        <TestCategoryItem TestCategory="LoyaltyTenderNeutral" />
      </TestCategory>
      <DeploymentItems>
        <DeploymentItem filename="ExternalBinaries" outputDirectory=".\ExternalBinaries" />
        <DeploymentItem filename="TestData" outputDirectory=".\TestData" />
        <DeploymentItem filename="TestRunConfig" outputDirectory=".\TestRunConfig" />
      </DeploymentItems>
      <Execution id="b9a6b505-9d29-474d-912f-d38d7a394741" />
      <TestMethod codeBase="C:/LoyaltyWebTest/Web/Test/UI/LoyaltyWeb/LoyaltyWebTest/LoyaltyWebTest/bin/Debug/Nordstrom.Web.Test.UI.LoyaltyWeb.DLL" adapterTypeName="Microsoft.VisualStudio.TestTools.TestTypes.Unit.UnitTestAdapter, Microsoft.VisualStudio.QualityTools.Tips.UnitTest.Adapter, Version=12.0.0.0, Culture=neutral, PublicKeyToken=b03f5f7f11d50a3a" className="Nordstrom.Web.Test.UI.LoyaltyWeb.LoyaltyRegisterTests, Nordstrom.Web.Test.UI.LoyaltyWeb, Version=1.0.0.0, Culture=neutral, PublicKeyToken=null" name="TenderNeutralRewardsEnroll_MultipleUserScenariosBasic_EnrollShouldBeSucceedInTheEnd" />
    </UnitTest>
    <UnitTest name="ApplyAndBuy_ExistingRegisteredUserShoppingWithNewRetailCard_OrderSuccessfullyPlacedWithNewRetailCard" storage="c:\loyaltywebtest\web\test\ui\loyaltyweb\loyaltywebtest\loyaltywebtest\bin\debug\nordstrom.web.test.ui.loyaltyweb.dll" id="8d3ad949-7353-0de2-34c9-eee78eec371f">
      <Description>Log in as an Authenticated user and apply for a retail card and verify successful order placement</Description>
      <TestCategory>
        <TestCategoryItem TestCategory="ApplyAndBuy" />
      </TestCategory>
      <DeploymentItems>
        <DeploymentItem filename="ExternalBinaries" outputDirectory=".\ExternalBinaries" />
        <DeploymentItem filename="TestData" outputDirectory=".\TestData" />
        <DeploymentItem filename="TestRunConfig" outputDirectory=".\TestRunConfig" />
      </DeploymentItems>
      <Execution id="bd0a0b87-d0c8-4174-b150-094b220ae9e3" />
      <TestMethod codeBase="C:/LoyaltyWebTest/Web/Test/UI/LoyaltyWeb/LoyaltyWebTest/LoyaltyWebTest/bin/Debug/Nordstrom.Web.Test.UI.LoyaltyWeb.DLL" adapterTypeName="Microsoft.VisualStudio.TestTools.TestTypes.Unit.UnitTestAdapter, Microsoft.VisualStudio.QualityTools.Tips.UnitTest.Adapter, Version=12.0.0.0, Culture=neutral, PublicKeyToken=b03f5f7f11d50a3a" className="Nordstrom.Web.Test.UI.LoyaltyWeb.ApplyAndBuyTests, Nordstrom.Web.Test.UI.LoyaltyWeb, Version=1.0.0.0, Culture=neutral, PublicKeyToken=null" name="ApplyAndBuy_ExistingRegisteredUserShoppingWithNewRetailCard_OrderSuccessfullyPlacedWithNewRetailCard" />
    </UnitTest>
    <UnitTest name="TenderNeutralAssociation_GuestUserEnrolledInLoyatyProgramFromServiceCenterGotoAssociationPage_ShouldSucceed" storage="c:\loyaltywebtest\web\test\ui\loyaltyweb\loyaltywebtest\loyaltywebtest\bin\debug\nordstrom.web.test.ui.loyaltyweb.dll" id="191d4ad9-bdce-2138-a783-33aefedbfec7">
      <Description>Verify that when enrolled user from Service center goes to Association page, he can type in his email and phone number and associate to loyalty program.</Description>
      <TestCategory>
        <TestCategoryItem TestCategory="LoyaltyTenderNeutral" />
        <TestCategoryItem TestCategory="Association" />
      </TestCategory>
      <DeploymentItems>
        <DeploymentItem filename="ExternalBinaries" outputDirectory=".\ExternalBinaries" />
        <DeploymentItem filename="TestData" outputDirectory=".\TestData" />
        <DeploymentItem filename="TestRunConfig" outputDirectory=".\TestRunConfig" />
      </DeploymentItems>
      <Execution id="46ce3c01-d3be-477d-b09b-d5bfdd6a7add" />
      <TestMethod codeBase="C:/LoyaltyWebTest/Web/Test/UI/LoyaltyWeb/LoyaltyWebTest/LoyaltyWebTest/bin/Debug/Nordstrom.Web.Test.UI.LoyaltyWeb.DLL" adapterTypeName="Microsoft.VisualStudio.TestTools.TestTypes.Unit.UnitTestAdapter, Microsoft.VisualStudio.QualityTools.Tips.UnitTest.Adapter, Version=12.0.0.0, Culture=neutral, PublicKeyToken=b03f5f7f11d50a3a" className="Nordstrom.Web.Test.UI.LoyaltyWeb.LoyaltyAssociationTests, Nordstrom.Web.Test.UI.LoyaltyWeb, Version=1.0.0.0, Culture=neutral, PublicKeyToken=null" name="TenderNeutralAssociation_GuestUserEnrolledInLoyatyProgramFromServiceCenterGotoAssociationPage_ShouldSucceed" />
    </UnitTest>
    <UnitTest name="TenderNeutralRewardsRegister_GuestUserEnrollsWithExistingWebAccount_ShouldFailInEnroll" storage="c:\loyaltywebtest\web\test\ui\loyaltyweb\loyaltywebtest\loyaltywebtest\bin\debug\nordstrom.web.test.ui.loyaltyweb.dll" id="0d9db47e-d139-26d1-245c-06168dee7980">
      <Description>Guest user enrolls with existing web account would fail in enrollment</Description>
      <TestCategory>
        <TestCategoryItem TestCategory="LoyaltyTenderNeutral" />
        <TestCategoryItem TestCategory="Enroll" />
      </TestCategory>
      <DeploymentItems>
        <DeploymentItem filename="ExternalBinaries" outputDirectory=".\ExternalBinaries" />
        <DeploymentItem filename="TestData" outputDirectory=".\TestData" />
        <DeploymentItem filename="TestRunConfig" outputDirectory=".\TestRunConfig" />
      </DeploymentItems>
      <Execution id="d1e0989e-0ddf-4028-b56f-7bc1f9893526" />
      <TestMethod codeBase="C:/LoyaltyWebTest/Web/Test/UI/LoyaltyWeb/LoyaltyWebTest/LoyaltyWebTest/bin/Debug/Nordstrom.Web.Test.UI.LoyaltyWeb.DLL" adapterTypeName="Microsoft.VisualStudio.TestTools.TestTypes.Unit.UnitTestAdapter, Microsoft.VisualStudio.QualityTools.Tips.UnitTest.Adapter, Version=12.0.0.0, Culture=neutral, PublicKeyToken=b03f5f7f11d50a3a" className="Nordstrom.Web.Test.UI.LoyaltyWeb.LoyaltyRegisterTests, Nordstrom.Web.Test.UI.LoyaltyWeb, Version=1.0.0.0, Culture=neutral, PublicKeyToken=null" name="TenderNeutralRewardsRegister_GuestUserEnrollsWithExistingWebAccount_ShouldFailInEnroll" />
    </UnitTest>
    <UnitTest name="TenderNeutralEarn_EnrolledGuestUser_RewardsSectionNotDispayedInOrderSubmitPage" storage="c:\loyaltywebtest\web\test\ui\loyaltyweb\loyaltywebtest\loyaltywebtest\bin\debug\nordstrom.web.test.ui.loyaltyweb.dll" id="08bfd4d5-ccd5-3644-2ed4-aa87ee903c9f">
      <Description>Verify that a user after enrolling as a guest user is able to see Rewards section in Ordersubmit page.</Description>
      <TestCategory>
        <TestCategoryItem TestCategory="LoyaltyTenderNeutral" />
        <TestCategoryItem TestCategory="Earn" />
      </TestCategory>
      <DeploymentItems>
        <DeploymentItem filename="ExternalBinaries" outputDirectory=".\ExternalBinaries" />
        <DeploymentItem filename="TestData" outputDirectory=".\TestData" />
        <DeploymentItem filename="TestRunConfig" outputDirectory=".\TestRunConfig" />
      </DeploymentItems>
      <Execution id="796febbc-92f9-4939-b48f-92d0edfc492f" />
      <TestMethod codeBase="C:/LoyaltyWebTest/Web/Test/UI/LoyaltyWeb/LoyaltyWebTest/LoyaltyWebTest/bin/Debug/Nordstrom.Web.Test.UI.LoyaltyWeb.DLL" adapterTypeName="Microsoft.VisualStudio.TestTools.TestTypes.Unit.UnitTestAdapter, Microsoft.VisualStudio.QualityTools.Tips.UnitTest.Adapter, Version=12.0.0.0, Culture=neutral, PublicKeyToken=b03f5f7f11d50a3a" className="Nordstrom.Web.Test.UI.LoyaltyWeb.LoyaltyEarnTests, Nordstrom.Web.Test.UI.LoyaltyWeb, Version=1.0.0.0, Culture=neutral, PublicKeyToken=null" name="TenderNeutralEarn_EnrolledGuestUser_RewardsSectionNotDispayedInOrderSubmitPage" />
    </UnitTest>
    <UnitTest name="ApplyAndBuy_AuthenticatedUserShoppingVisaCard_ShouldBeAbleToDeclineTheOffer" storage="c:\loyaltywebtest\web\test\ui\loyaltyweb\loyaltywebtest\loyaltywebtest\bin\debug\nordstrom.web.test.ui.loyaltyweb.dll" id="25bf40a7-77be-fcf6-4fb2-46d0282f4de1">
      <Description>Verify authenticated user can shop visa card successfully.</Description>
      <TestCategory>
        <TestCategoryItem TestCategory="ApplyAndBuy" />
      </TestCategory>
      <DeploymentItems>
        <DeploymentItem filename="ExternalBinaries" outputDirectory=".\ExternalBinaries" />
        <DeploymentItem filename="TestData" outputDirectory=".\TestData" />
        <DeploymentItem filename="TestRunConfig" outputDirectory=".\TestRunConfig" />
      </DeploymentItems>
      <Execution id="960ec893-e3ea-4ddd-9a28-562fb301f164" />
      <TestMethod codeBase="C:/LoyaltyWebTest/Web/Test/UI/LoyaltyWeb/LoyaltyWebTest/LoyaltyWebTest/bin/Debug/Nordstrom.Web.Test.UI.LoyaltyWeb.DLL" adapterTypeName="Microsoft.VisualStudio.TestTools.TestTypes.Unit.UnitTestAdapter, Microsoft.VisualStudio.QualityTools.Tips.UnitTest.Adapter, Version=12.0.0.0, Culture=neutral, PublicKeyToken=b03f5f7f11d50a3a" className="Nordstrom.Web.Test.UI.LoyaltyWeb.ApplyAndBuyTests, Nordstrom.Web.Test.UI.LoyaltyWeb, Version=1.0.0.0, Culture=neutral, PublicKeyToken=null" name="ApplyAndBuy_AuthenticatedUserShoppingVisaCard_ShouldBeAbleToDeclineTheOffer" />
    </UnitTest>
    <UnitTest name="LoyaltyLearnPage_ClickPersonalTriplePointsDayLinkOnLearnPage_NavigatesToBenifitsPage" storage="c:\loyaltywebtest\web\test\ui\loyaltyweb\loyaltywebtest\loyaltywebtest\bin\debug\nordstrom.web.test.ui.loyaltyweb.dll" id="ef8e8c46-de6b-76b6-9c0f-cdce9dce6662">
      <Description>To verify Personal Triple Points Days link on Learn Page is navigated to the relevant page successfully</Description>
      <TestCategory>
        <TestCategoryItem TestCategory="Learn" />
        <TestCategoryItem TestCategory="LoyaltyTenderNeutral" />
      </TestCategory>
      <DeploymentItems>
        <DeploymentItem filename="ExternalBinaries" outputDirectory=".\ExternalBinaries" />
        <DeploymentItem filename="TestData" outputDirectory=".\TestData" />
        <DeploymentItem filename="TestRunConfig" outputDirectory=".\TestRunConfig" />
      </DeploymentItems>
      <Execution id="cc88948d-641e-4ae7-af9a-720df0bda55a" />
      <TestMethod codeBase="C:/LoyaltyWebTest/Web/Test/UI/LoyaltyWeb/LoyaltyWebTest/LoyaltyWebTest/bin/Debug/Nordstrom.Web.Test.UI.LoyaltyWeb.DLL" adapterTypeName="Microsoft.VisualStudio.TestTools.TestTypes.Unit.UnitTestAdapter, Microsoft.VisualStudio.QualityTools.Tips.UnitTest.Adapter, Version=12.0.0.0, Culture=neutral, PublicKeyToken=b03f5f7f11d50a3a" className="Nordstrom.Web.Test.UI.LoyaltyWeb.LoyaltyLearnTests, Nordstrom.Web.Test.UI.LoyaltyWeb, Version=1.0.0.0, Culture=neutral, PublicKeyToken=null" name="LoyaltyLearnPage_ClickPersonalTriplePointsDayLinkOnLearnPage_NavigatesToBenifitsPage" />
    </UnitTest>
    <UnitTest name="TenderNeutralRewardsRegister_GuestUserSignIntoYourNordstromComAccountSelected_MarketingPreferenceNotDisplayed" storage="c:\loyaltywebtest\web\test\ui\loyaltyweb\loyaltywebtest\loyaltywebtest\bin\debug\nordstrom.web.test.ui.loyaltyweb.dll" id="f6bf3045-329d-5362-b062-36ec5089da9b">
      <Description>Verify that the marketing preference is not displayed on enroll page as a guest user, when 'Sign In' option is selected</Description>
      <TestCategory>
        <TestCategoryItem TestCategory="LoyaltyTenderNeutral" />
        <TestCategoryItem TestCategory="Enroll" />
      </TestCategory>
      <DeploymentItems>
        <DeploymentItem filename="ExternalBinaries" outputDirectory=".\ExternalBinaries" />
        <DeploymentItem filename="TestData" outputDirectory=".\TestData" />
        <DeploymentItem filename="TestRunConfig" outputDirectory=".\TestRunConfig" />
      </DeploymentItems>
      <Execution id="718ca6aa-0935-4126-8b7a-3dea5f3eb7e2" />
      <TestMethod codeBase="C:/LoyaltyWebTest/Web/Test/UI/LoyaltyWeb/LoyaltyWebTest/LoyaltyWebTest/bin/Debug/Nordstrom.Web.Test.UI.LoyaltyWeb.DLL" adapterTypeName="Microsoft.VisualStudio.TestTools.TestTypes.Unit.UnitTestAdapter, Microsoft.VisualStudio.QualityTools.Tips.UnitTest.Adapter, Version=12.0.0.0, Culture=neutral, PublicKeyToken=b03f5f7f11d50a3a" className="Nordstrom.Web.Test.UI.LoyaltyWeb.LoyaltyRegisterTests, Nordstrom.Web.Test.UI.LoyaltyWeb, Version=1.0.0.0, Culture=neutral, PublicKeyToken=null" name="TenderNeutralRewardsRegister_GuestUserSignIntoYourNordstromComAccountSelected_MarketingPreferenceNotDisplayed" />
    </UnitTest>
    <UnitTest name="TenderNeutralRewardsRegister_GuestUserRegistrationForTenderNeutral_LoyaltyAndNordAccountSuccessfulCreation" storage="c:\loyaltywebtest\web\test\ui\loyaltyweb\loyaltywebtest\loyaltywebtest\bin\debug\nordstrom.web.test.ui.loyaltyweb.dll" id="da679504-2dbb-78ee-d7fc-01f27c75e0cc">
      <Description>Verify creation of a new loyalty and N.com account for a new user</Description>
      <TestCategory>
        <TestCategoryItem TestCategory="LoyaltyTenderNeutral" />
        <TestCategoryItem TestCategory="Enroll" />
      </TestCategory>
      <DeploymentItems>
        <DeploymentItem filename="ExternalBinaries" outputDirectory=".\ExternalBinaries" />
        <DeploymentItem filename="TestData" outputDirectory=".\TestData" />
        <DeploymentItem filename="TestRunConfig" outputDirectory=".\TestRunConfig" />
      </DeploymentItems>
      <Execution id="897de9ce-e1a4-4b0f-9de4-599931fc43ff" />
      <TestMethod codeBase="C:/LoyaltyWebTest/Web/Test/UI/LoyaltyWeb/LoyaltyWebTest/LoyaltyWebTest/bin/Debug/Nordstrom.Web.Test.UI.LoyaltyWeb.DLL" adapterTypeName="Microsoft.VisualStudio.TestTools.TestTypes.Unit.UnitTestAdapter, Microsoft.VisualStudio.QualityTools.Tips.UnitTest.Adapter, Version=12.0.0.0, Culture=neutral, PublicKeyToken=b03f5f7f11d50a3a" className="Nordstrom.Web.Test.UI.LoyaltyWeb.LoyaltyRegisterTests, Nordstrom.Web.Test.UI.LoyaltyWeb, Version=1.0.0.0, Culture=neutral, PublicKeyToken=null" name="TenderNeutralRewardsRegister_GuestUserRegistrationForTenderNeutral_LoyaltyAndNordAccountSuccessfulCreation" />
    </UnitTest>
    <UnitTest name="ApplyAndBuy_GuestUserApplyNewRetailCardAndSignInConfirmation_CardSuccessfullyAddedToWallet" storage="c:\loyaltywebtest\web\test\ui\loyaltyweb\loyaltywebtest\loyaltywebtest\bin\debug\nordstrom.web.test.ui.loyaltyweb.dll" id="39f8cbb0-ec35-e92c-5fa3-224713efa2f4">
      <Description>Apply for nordstrom retail card as a guest user and sign in as an new user and verify the newly added card in user account wallet</Description>
      <TestCategory>
        <TestCategoryItem TestCategory="ApplyAndBuy" />
      </TestCategory>
      <DeploymentItems>
        <DeploymentItem filename="ExternalBinaries" outputDirectory=".\ExternalBinaries" />
        <DeploymentItem filename="TestData" outputDirectory=".\TestData" />
        <DeploymentItem filename="TestRunConfig" outputDirectory=".\TestRunConfig" />
      </DeploymentItems>
      <Execution id="eb2e3aa0-e611-4951-b0e7-b7aaf10c7a0c" />
      <TestMethod codeBase="C:/LoyaltyWebTest/Web/Test/UI/LoyaltyWeb/LoyaltyWebTest/LoyaltyWebTest/bin/Debug/Nordstrom.Web.Test.UI.LoyaltyWeb.DLL" adapterTypeName="Microsoft.VisualStudio.TestTools.TestTypes.Unit.UnitTestAdapter, Microsoft.VisualStudio.QualityTools.Tips.UnitTest.Adapter, Version=12.0.0.0, Culture=neutral, PublicKeyToken=b03f5f7f11d50a3a" className="Nordstrom.Web.Test.UI.LoyaltyWeb.ApplyAndBuyTests, Nordstrom.Web.Test.UI.LoyaltyWeb, Version=1.0.0.0, Culture=neutral, PublicKeyToken=null" name="ApplyAndBuy_GuestUserApplyNewRetailCardAndSignInConfirmation_CardSuccessfullyAddedToWallet" />
    </UnitTest>
    <UnitTest name="NavigationToLoyaltyWebPage_TenderNeutralEnrollAssociationFeatureFlagOn_UserLandOnLoyaltyWebPageSuccessful" storage="c:\loyaltywebtest\web\test\ui\loyaltyweb\loyaltywebtest\loyaltywebtest\bin\debug\nordstrom.web.test.ui.loyaltyweb.dll" id="2820d625-609e-8df1-be2e-54f45f94116b">
      <Description>Verify that user is redirected to Loyalty Association page , given feature TenderNeutralEnroll flag is on</Description>
      <TestCategory>
        <TestCategoryItem TestCategory="LoyaltyTenderNeutral" />
        <TestCategoryItem TestCategory="Association" />
      </TestCategory>
      <DeploymentItems>
        <DeploymentItem filename="ExternalBinaries" outputDirectory=".\ExternalBinaries" />
        <DeploymentItem filename="TestData" outputDirectory=".\TestData" />
        <DeploymentItem filename="TestRunConfig" outputDirectory=".\TestRunConfig" />
      </DeploymentItems>
      <Execution id="ce4eef9e-d4c3-477c-b8c4-e5ce8ca01fe4" />
      <TestMethod codeBase="C:/LoyaltyWebTest/Web/Test/UI/LoyaltyWeb/LoyaltyWebTest/LoyaltyWebTest/bin/Debug/Nordstrom.Web.Test.UI.LoyaltyWeb.DLL" adapterTypeName="Microsoft.VisualStudio.TestTools.TestTypes.Unit.UnitTestAdapter, Microsoft.VisualStudio.QualityTools.Tips.UnitTest.Adapter, Version=12.0.0.0, Culture=neutral, PublicKeyToken=b03f5f7f11d50a3a" className="Nordstrom.Web.Test.UI.LoyaltyWeb.LoyaltyAssociationTests, Nordstrom.Web.Test.UI.LoyaltyWeb, Version=1.0.0.0, Culture=neutral, PublicKeyToken=null" name="NavigationToLoyaltyWebPage_TenderNeutralEnrollAssociationFeatureFlagOn_UserLandOnLoyaltyWebPageSuccessful" />
    </UnitTest>
    <UnitTest name="TenderNeutralRewardsRegister_GuestUserRegistrationForTenderNeutral_MandatoryFieldsDisplaySuccessful" storage="c:\loyaltywebtest\web\test\ui\loyaltyweb\loyaltywebtest\loyaltywebtest\bin\debug\nordstrom.web.test.ui.loyaltyweb.dll" id="86c93201-f1f8-1299-bf26-243f1336a5e7">
      <Description>Verify presence of mandatory fields on Loyalty Tender Neutral Register page for a guest user</Description>
      <TestCategory>
        <TestCategoryItem TestCategory="LoyaltyTenderNeutral" />
        <TestCategoryItem TestCategory="Enroll" />
      </TestCategory>
      <DeploymentItems>
        <DeploymentItem filename="ExternalBinaries" outputDirectory=".\ExternalBinaries" />
        <DeploymentItem filename="TestData" outputDirectory=".\TestData" />
        <DeploymentItem filename="TestRunConfig" outputDirectory=".\TestRunConfig" />
      </DeploymentItems>
      <Execution id="7d0f186d-e84c-47c6-b446-2957b259095d" />
      <TestMethod codeBase="C:/LoyaltyWebTest/Web/Test/UI/LoyaltyWeb/LoyaltyWebTest/LoyaltyWebTest/bin/Debug/Nordstrom.Web.Test.UI.LoyaltyWeb.DLL" adapterTypeName="Microsoft.VisualStudio.TestTools.TestTypes.Unit.UnitTestAdapter, Microsoft.VisualStudio.QualityTools.Tips.UnitTest.Adapter, Version=12.0.0.0, Culture=neutral, PublicKeyToken=b03f5f7f11d50a3a" className="Nordstrom.Web.Test.UI.LoyaltyWeb.LoyaltyRegisterTests, Nordstrom.Web.Test.UI.LoyaltyWeb, Version=1.0.0.0, Culture=neutral, PublicKeyToken=null" name="TenderNeutralRewardsRegister_GuestUserRegistrationForTenderNeutral_MandatoryFieldsDisplaySuccessful" />
    </UnitTest>
    <UnitTest name="SuccessAssociationPageModalPopupsValidation_GuestUserMaximumLimitGetANewCodeClickValidation_ValidMessageDisplayedSuccessfully" storage="c:\loyaltywebtest\web\test\ui\loyaltyweb\loyaltywebtest\loyaltywebtest\bin\debug\nordstrom.web.test.ui.loyaltyweb.dll" id="17ddc304-caf1-92fb-26b0-9e5ce0e35f12">
      <Description>Click on 'Get a new code' at maximum limit and verifying the valid message displayed successfully</Description>
      <TestCategory>
        <TestCategoryItem TestCategory="LoyaltyTenderNeutral" />
        <TestCategoryItem TestCategory="MobileVerification" />
      </TestCategory>
      <DeploymentItems>
        <DeploymentItem filename="ExternalBinaries" outputDirectory=".\ExternalBinaries" />
        <DeploymentItem filename="TestData" outputDirectory=".\TestData" />
        <DeploymentItem filename="TestRunConfig" outputDirectory=".\TestRunConfig" />
      </DeploymentItems>
      <Execution id="8c101dd2-12b3-4515-9b53-79155c09a1dd" />
      <TestMethod codeBase="C:/LoyaltyWebTest/Web/Test/UI/LoyaltyWeb/LoyaltyWebTest/LoyaltyWebTest/bin/Debug/Nordstrom.Web.Test.UI.LoyaltyWeb.DLL" adapterTypeName="Microsoft.VisualStudio.TestTools.TestTypes.Unit.UnitTestAdapter, Microsoft.VisualStudio.QualityTools.Tips.UnitTest.Adapter, Version=12.0.0.0, Culture=neutral, PublicKeyToken=b03f5f7f11d50a3a" className="Nordstrom.Web.Test.UI.LoyaltyWeb.LoyaltyTenderNeutralMobileVerificationPageTests, Nordstrom.Web.Test.UI.LoyaltyWeb, Version=1.0.0.0, Culture=neutral, PublicKeyToken=null" name="SuccessAssociationPageModalPopupsValidation_GuestUserMaximumLimitGetANewCodeClickValidation_ValidMessageDisplayedSuccessfully" />
    </UnitTest>
    <UnitTest name="ApplyAndBuy_AuthenticatedNewUserApplyForRetailCard_PlaceOrderWithInstantApprovedRetailCard" storage="c:\loyaltywebtest\web\test\ui\loyaltyweb\loyaltywebtest\loyaltywebtest\bin\debug\nordstrom.web.test.ui.loyaltyweb.dll" id="f5ba392b-8397-c58f-ac46-703a2f8ad87f">
      <Description>Verify that the  newly registered user is able to apply for a retail card and place an order with the instant approved retail card </Description>
      <TestCategory>
        <TestCategoryItem TestCategory="ApplyAndBuy" />
      </TestCategory>
      <DeploymentItems>
        <DeploymentItem filename="ExternalBinaries" outputDirectory=".\ExternalBinaries" />
        <DeploymentItem filename="TestData" outputDirectory=".\TestData" />
        <DeploymentItem filename="TestRunConfig" outputDirectory=".\TestRunConfig" />
      </DeploymentItems>
      <Execution id="476c7bfe-f79d-44c0-8226-c27246433816" />
      <TestMethod codeBase="C:/LoyaltyWebTest/Web/Test/UI/LoyaltyWeb/LoyaltyWebTest/LoyaltyWebTest/bin/Debug/Nordstrom.Web.Test.UI.LoyaltyWeb.DLL" adapterTypeName="Microsoft.VisualStudio.TestTools.TestTypes.Unit.UnitTestAdapter, Microsoft.VisualStudio.QualityTools.Tips.UnitTest.Adapter, Version=12.0.0.0, Culture=neutral, PublicKeyToken=b03f5f7f11d50a3a" className="Nordstrom.Web.Test.UI.LoyaltyWeb.ApplyAndBuyTests, Nordstrom.Web.Test.UI.LoyaltyWeb, Version=1.0.0.0, Culture=neutral, PublicKeyToken=null" name="ApplyAndBuy_AuthenticatedNewUserApplyForRetailCard_PlaceOrderWithInstantApprovedRetailCard" />
    </UnitTest>
    <UnitTest name="TenderNeutralRewardsEnroll_LoyaltyTNRecognisedUserLeaveFieldsBlank_ErrorMessageDisplayedSuccessfully" storage="c:\loyaltywebtest\web\test\ui\loyaltyweb\loyaltywebtest\loyaltywebtest\bin\debug\nordstrom.web.test.ui.loyaltyweb.dll" id="62822ede-d7ae-a303-deb5-5de2d01d3518">
      <Description>Verify that error messages appear for all required fields when Join button is clicked leaving all fields blank for an recognised user</Description>
      <TestCategory>
        <TestCategoryItem TestCategory="Enroll" />
        <TestCategoryItem TestCategory="LoyaltyTenderNeutral" />
      </TestCategory>
      <DeploymentItems>
        <DeploymentItem filename="ExternalBinaries" outputDirectory=".\ExternalBinaries" />
        <DeploymentItem filename="TestData" outputDirectory=".\TestData" />
        <DeploymentItem filename="TestRunConfig" outputDirectory=".\TestRunConfig" />
      </DeploymentItems>
      <Execution id="07acb7f9-5356-42ff-ae59-4a9cd7601c23" />
      <TestMethod codeBase="C:/LoyaltyWebTest/Web/Test/UI/LoyaltyWeb/LoyaltyWebTest/LoyaltyWebTest/bin/Debug/Nordstrom.Web.Test.UI.LoyaltyWeb.DLL" adapterTypeName="Microsoft.VisualStudio.TestTools.TestTypes.Unit.UnitTestAdapter, Microsoft.VisualStudio.QualityTools.Tips.UnitTest.Adapter, Version=12.0.0.0, Culture=neutral, PublicKeyToken=b03f5f7f11d50a3a" className="Nordstrom.Web.Test.UI.LoyaltyWeb.LoyaltyRegisterTests, Nordstrom.Web.Test.UI.LoyaltyWeb, Version=1.0.0.0, Culture=neutral, PublicKeyToken=null" name="TenderNeutralRewardsEnroll_LoyaltyTNRecognisedUserLeaveFieldsBlank_ErrorMessageDisplayedSuccessfully" />
    </UnitTest>
    <UnitTest name="SuccessAssociationPageModalPopupsValidation_CloseButtonInDidntGetACodeModalValidation_CloseButtonInDidntGetACodeModalClosedModalSuccessfully" storage="c:\loyaltywebtest\web\test\ui\loyaltyweb\loyaltywebtest\loyaltywebtest\bin\debug\nordstrom.web.test.ui.loyaltyweb.dll" id="8814ad4a-610b-1476-179c-7964a75f96e9">
      <Description>Didn't Get A Code Modal Popup Close Button Functionality verification</Description>
      <TestCategory>
        <TestCategoryItem TestCategory="LoyaltyTenderNeutral" />
        <TestCategoryItem TestCategory="MobileVerification" />
      </TestCategory>
      <DeploymentItems>
        <DeploymentItem filename="ExternalBinaries" outputDirectory=".\ExternalBinaries" />
        <DeploymentItem filename="TestData" outputDirectory=".\TestData" />
        <DeploymentItem filename="TestRunConfig" outputDirectory=".\TestRunConfig" />
      </DeploymentItems>
      <Execution id="89d0195b-db7f-4d38-9626-c161e5770df6" />
      <TestMethod codeBase="C:/LoyaltyWebTest/Web/Test/UI/LoyaltyWeb/LoyaltyWebTest/LoyaltyWebTest/bin/Debug/Nordstrom.Web.Test.UI.LoyaltyWeb.DLL" adapterTypeName="Microsoft.VisualStudio.TestTools.TestTypes.Unit.UnitTestAdapter, Microsoft.VisualStudio.QualityTools.Tips.UnitTest.Adapter, Version=12.0.0.0, Culture=neutral, PublicKeyToken=b03f5f7f11d50a3a" className="Nordstrom.Web.Test.UI.LoyaltyWeb.LoyaltyTenderNeutralMobileVerificationPageTests, Nordstrom.Web.Test.UI.LoyaltyWeb, Version=1.0.0.0, Culture=neutral, PublicKeyToken=null" name="SuccessAssociationPageModalPopupsValidation_CloseButtonInDidntGetACodeModalValidation_CloseButtonInDidntGetACodeModalClosedModalSuccessfully" />
    </UnitTest>
    <UnitTest name="TenderNeutralRewardsRegister_GuestUserEnrollWhenEmailPreferenceCheckboxUnchecked_ShouldFailEnroll" storage="c:\loyaltywebtest\web\test\ui\loyaltyweb\loyaltywebtest\loyaltywebtest\bin\debug\nordstrom.web.test.ui.loyaltyweb.dll" id="8f46b4dc-24ba-0a98-6e75-5962fc8b7e13">
      <Description>Guest user enrolls when email preference is not checked</Description>
      <TestCategory>
        <TestCategoryItem TestCategory="LoyaltyTenderNeutral" />
        <TestCategoryItem TestCategory="Enroll" />
      </TestCategory>
      <DeploymentItems>
        <DeploymentItem filename="ExternalBinaries" outputDirectory=".\ExternalBinaries" />
        <DeploymentItem filename="TestData" outputDirectory=".\TestData" />
        <DeploymentItem filename="TestRunConfig" outputDirectory=".\TestRunConfig" />
      </DeploymentItems>
      <Execution id="9b07263b-0e0d-4388-a696-655d1e840408" />
      <TestMethod codeBase="C:/LoyaltyWebTest/Web/Test/UI/LoyaltyWeb/LoyaltyWebTest/LoyaltyWebTest/bin/Debug/Nordstrom.Web.Test.UI.LoyaltyWeb.DLL" adapterTypeName="Microsoft.VisualStudio.TestTools.TestTypes.Unit.UnitTestAdapter, Microsoft.VisualStudio.QualityTools.Tips.UnitTest.Adapter, Version=12.0.0.0, Culture=neutral, PublicKeyToken=b03f5f7f11d50a3a" className="Nordstrom.Web.Test.UI.LoyaltyWeb.LoyaltyRegisterTests, Nordstrom.Web.Test.UI.LoyaltyWeb, Version=1.0.0.0, Culture=neutral, PublicKeyToken=null" name="TenderNeutralRewardsRegister_GuestUserEnrollWhenEmailPreferenceCheckboxUnchecked_ShouldFailEnroll" />
    </UnitTest>
    <UnitTest name="MobileVerificationPageModalPopupsValidation_OkButtonInGetANewCodeModalValidation_OkButtonInGetANewCodeModalClosesModalSuccessfully" storage="c:\loyaltywebtest\web\test\ui\loyaltyweb\loyaltywebtest\loyaltywebtest\bin\debug\nordstrom.web.test.ui.loyaltyweb.dll" id="a69eddad-1d10-e519-4d70-67bf86829651">
      <Description>'Get a new code' Modal Popup OK Button Modal dismissal behavior validation</Description>
      <TestCategory>
        <TestCategoryItem TestCategory="LoyaltyTenderNeutral" />
        <TestCategoryItem TestCategory="MobileVerification" />
      </TestCategory>
      <DeploymentItems>
        <DeploymentItem filename="ExternalBinaries" outputDirectory=".\ExternalBinaries" />
        <DeploymentItem filename="TestData" outputDirectory=".\TestData" />
        <DeploymentItem filename="TestRunConfig" outputDirectory=".\TestRunConfig" />
      </DeploymentItems>
      <Execution id="55b347d6-12ca-47d8-a39b-8a2502b1cd4c" />
      <TestMethod codeBase="C:/LoyaltyWebTest/Web/Test/UI/LoyaltyWeb/LoyaltyWebTest/LoyaltyWebTest/bin/Debug/Nordstrom.Web.Test.UI.LoyaltyWeb.DLL" adapterTypeName="Microsoft.VisualStudio.TestTools.TestTypes.Unit.UnitTestAdapter, Microsoft.VisualStudio.QualityTools.Tips.UnitTest.Adapter, Version=12.0.0.0, Culture=neutral, PublicKeyToken=b03f5f7f11d50a3a" className="Nordstrom.Web.Test.UI.LoyaltyWeb.LoyaltyTenderNeutralMobileVerificationPageTests, Nordstrom.Web.Test.UI.LoyaltyWeb, Version=1.0.0.0, Culture=neutral, PublicKeyToken=null" name="MobileVerificationPageModalPopupsValidation_OkButtonInGetANewCodeModalValidation_OkButtonInGetANewCodeModalClosesModalSuccessfully" />
    </UnitTest>
    <UnitTest name="ApplyAndBuy_AuthenicatedUserShoppingVisa_ShouldGetReferralMessage" storage="c:\loyaltywebtest\web\test\ui\loyaltyweb\loyaltywebtest\loyaltywebtest\bin\debug\nordstrom.web.test.ui.loyaltyweb.dll" id="4664e0a6-2072-9199-590f-6521601f9324">
      <Description>Verify authenticated user would shop visa card unsuccessfully.</Description>
      <TestCategory>
        <TestCategoryItem TestCategory="ApplyAndBuy" />
      </TestCategory>
      <DeploymentItems>
        <DeploymentItem filename="ExternalBinaries" outputDirectory=".\ExternalBinaries" />
        <DeploymentItem filename="TestData" outputDirectory=".\TestData" />
        <DeploymentItem filename="TestRunConfig" outputDirectory=".\TestRunConfig" />
      </DeploymentItems>
      <Execution id="1c83910a-f9c9-4f74-8db5-ba1ca1156a0c" />
      <TestMethod codeBase="C:/LoyaltyWebTest/Web/Test/UI/LoyaltyWeb/LoyaltyWebTest/LoyaltyWebTest/bin/Debug/Nordstrom.Web.Test.UI.LoyaltyWeb.DLL" adapterTypeName="Microsoft.VisualStudio.TestTools.TestTypes.Unit.UnitTestAdapter, Microsoft.VisualStudio.QualityTools.Tips.UnitTest.Adapter, Version=12.0.0.0, Culture=neutral, PublicKeyToken=b03f5f7f11d50a3a" className="Nordstrom.Web.Test.UI.LoyaltyWeb.ApplyAndBuyTests, Nordstrom.Web.Test.UI.LoyaltyWeb, Version=1.0.0.0, Culture=neutral, PublicKeyToken=null" name="ApplyAndBuy_AuthenicatedUserShoppingVisa_ShouldGetReferralMessage" />
    </UnitTest>
    <UnitTest name="ApplyAndBuy_GuestUserApplyForNewVisaCardAndSignInAfterCardConfirmation_CardSuccessfullyAddedToWallet" storage="c:\loyaltywebtest\web\test\ui\loyaltyweb\loyaltywebtest\loyaltywebtest\bin\debug\nordstrom.web.test.ui.loyaltyweb.dll" id="caa293c4-490c-e422-2d38-ef52d14434a9">
      <Description>Apply for Nordsrom Visa Credit Card as a guest user, sign in as a returning customer after card confirmation and successfully verify that card is added to wallet</Description>
      <TestCategory>
        <TestCategoryItem TestCategory="ApplyAndBuy" />
      </TestCategory>
      <DeploymentItems>
        <DeploymentItem filename="ExternalBinaries" outputDirectory=".\ExternalBinaries" />
        <DeploymentItem filename="TestData" outputDirectory=".\TestData" />
        <DeploymentItem filename="TestRunConfig" outputDirectory=".\TestRunConfig" />
      </DeploymentItems>
      <Execution id="ce92a8c0-e015-4508-bcfd-ec182ecfdcdd" />
      <TestMethod codeBase="C:/LoyaltyWebTest/Web/Test/UI/LoyaltyWeb/LoyaltyWebTest/LoyaltyWebTest/bin/Debug/Nordstrom.Web.Test.UI.LoyaltyWeb.DLL" adapterTypeName="Microsoft.VisualStudio.TestTools.TestTypes.Unit.UnitTestAdapter, Microsoft.VisualStudio.QualityTools.Tips.UnitTest.Adapter, Version=12.0.0.0, Culture=neutral, PublicKeyToken=b03f5f7f11d50a3a" className="Nordstrom.Web.Test.UI.LoyaltyWeb.ApplyAndBuyTests, Nordstrom.Web.Test.UI.LoyaltyWeb, Version=1.0.0.0, Culture=neutral, PublicKeyToken=null" name="ApplyAndBuy_GuestUserApplyForNewVisaCardAndSignInAfterCardConfirmation_CardSuccessfullyAddedToWallet" />
    </UnitTest>
    <UnitTest name="ApplyAndBuy_AuthenticatedUserShoppingwithNewVisaCard_DeclinetheOffer" storage="c:\loyaltywebtest\web\test\ui\loyaltyweb\loyaltywebtest\loyaltywebtest\bin\debug\nordstrom.web.test.ui.loyaltyweb.dll" id="84e2f4e9-6bea-c593-d143-62a75b1a8203">
      <Description>Verify newly added VISA card decline an offer as a existing user</Description>
      <TestCategory>
        <TestCategoryItem TestCategory="ApplyAndBuy" />
      </TestCategory>
      <DeploymentItems>
        <DeploymentItem filename="ExternalBinaries" outputDirectory=".\ExternalBinaries" />
        <DeploymentItem filename="TestData" outputDirectory=".\TestData" />
        <DeploymentItem filename="TestRunConfig" outputDirectory=".\TestRunConfig" />
      </DeploymentItems>
      <Execution id="ee8a5d9c-751f-438a-9e2c-a6468a5d6717" />
      <TestMethod codeBase="C:/LoyaltyWebTest/Web/Test/UI/LoyaltyWeb/LoyaltyWebTest/LoyaltyWebTest/bin/Debug/Nordstrom.Web.Test.UI.LoyaltyWeb.DLL" adapterTypeName="Microsoft.VisualStudio.TestTools.TestTypes.Unit.UnitTestAdapter, Microsoft.VisualStudio.QualityTools.Tips.UnitTest.Adapter, Version=12.0.0.0, Culture=neutral, PublicKeyToken=b03f5f7f11d50a3a" className="Nordstrom.Web.Test.UI.LoyaltyWeb.ApplyAndBuyTests, Nordstrom.Web.Test.UI.LoyaltyWeb, Version=1.0.0.0, Culture=neutral, PublicKeyToken=null" name="ApplyAndBuy_AuthenticatedUserShoppingwithNewVisaCard_DeclinetheOffer" />
    </UnitTest>
    <UnitTest name="LoyaltyWelcomePage_HauteLookLogo_ShouldRender" storage="c:\loyaltywebtest\web\test\ui\loyaltyweb\loyaltywebtest\loyaltywebtest\bin\debug\nordstrom.web.test.ui.loyaltyweb.dll" id="a4820a9f-81f2-f74a-e78b-327ea50d8b48">
      <Description>HauteLook logo should link to the right url </Description>
      <TestCategory>
        <TestCategoryItem TestCategory="LoyaltyTenderNeutral" />
        <TestCategoryItem TestCategory="Welcome" />
      </TestCategory>
      <DeploymentItems>
        <DeploymentItem filename="ExternalBinaries" outputDirectory=".\ExternalBinaries" />
        <DeploymentItem filename="TestData" outputDirectory=".\TestData" />
        <DeploymentItem filename="TestRunConfig" outputDirectory=".\TestRunConfig" />
      </DeploymentItems>
      <Execution id="b823b335-f867-49d3-a1f1-c29ba506faf2" />
      <TestMethod codeBase="C:/LoyaltyWebTest/Web/Test/UI/LoyaltyWeb/LoyaltyWebTest/LoyaltyWebTest/bin/Debug/Nordstrom.Web.Test.UI.LoyaltyWeb.DLL" adapterTypeName="Microsoft.VisualStudio.TestTools.TestTypes.Unit.UnitTestAdapter, Microsoft.VisualStudio.QualityTools.Tips.UnitTest.Adapter, Version=12.0.0.0, Culture=neutral, PublicKeyToken=b03f5f7f11d50a3a" className="Nordstrom.Web.Test.UI.LoyaltyWeb.LoyaltyWelcomeTests, Nordstrom.Web.Test.UI.LoyaltyWeb, Version=1.0.0.0, Culture=neutral, PublicKeyToken=null" name="LoyaltyWelcomePage_HauteLookLogo_ShouldRender" />
    </UnitTest>
    <UnitTest name="ApplyAndBuy_GuestUserShoppingVisa_ShouldBeAbleToDeclineTheOffer" storage="c:\loyaltywebtest\web\test\ui\loyaltyweb\loyaltywebtest\loyaltywebtest\bin\debug\nordstrom.web.test.ui.loyaltyweb.dll" id="9af1ceb2-c057-28a6-e9eb-e98292d37e61">
      <Description>Verify guest user can shop visa card successfully.</Description>
      <TestCategory>
        <TestCategoryItem TestCategory="ApplyAndBuy" />
      </TestCategory>
      <DeploymentItems>
        <DeploymentItem filename="ExternalBinaries" outputDirectory=".\ExternalBinaries" />
        <DeploymentItem filename="TestData" outputDirectory=".\TestData" />
        <DeploymentItem filename="TestRunConfig" outputDirectory=".\TestRunConfig" />
      </DeploymentItems>
      <Execution id="1c31c8a3-0be1-4e0f-a9c7-00db047c36e1" />
      <TestMethod codeBase="C:/LoyaltyWebTest/Web/Test/UI/LoyaltyWeb/LoyaltyWebTest/LoyaltyWebTest/bin/Debug/Nordstrom.Web.Test.UI.LoyaltyWeb.DLL" adapterTypeName="Microsoft.VisualStudio.TestTools.TestTypes.Unit.UnitTestAdapter, Microsoft.VisualStudio.QualityTools.Tips.UnitTest.Adapter, Version=12.0.0.0, Culture=neutral, PublicKeyToken=b03f5f7f11d50a3a" className="Nordstrom.Web.Test.UI.LoyaltyWeb.ApplyAndBuyTests, Nordstrom.Web.Test.UI.LoyaltyWeb, Version=1.0.0.0, Culture=neutral, PublicKeyToken=null" name="ApplyAndBuy_GuestUserShoppingVisa_ShouldBeAbleToDeclineTheOffer" />
    </UnitTest>
    <UnitTest name="TenderNeutralRewardsRegister_MarketingPreferenceUpdateUncheckedDuringTenderNeutralEnrollment_MarketingPreferenceSuccessfulUpdateToNoForNordAccount" storage="c:\loyaltywebtest\web\test\ui\loyaltyweb\loyaltywebtest\loyaltywebtest\bin\debug\nordstrom.web.test.ui.loyaltyweb.dll" id="31d09e3d-7f4d-771c-fcf2-17618432c75c">
      <Description>Verify that Nordstrom email marketing preference is updated to yes while creating a nordtrom tender neutral rewards account</Description>
      <TestCategory>
        <TestCategoryItem TestCategory="LoyaltyTenderNeutral" />
        <TestCategoryItem TestCategory="Enroll" />
      </TestCategory>
      <DeploymentItems>
        <DeploymentItem filename="ExternalBinaries" outputDirectory=".\ExternalBinaries" />
        <DeploymentItem filename="TestData" outputDirectory=".\TestData" />
        <DeploymentItem filename="TestRunConfig" outputDirectory=".\TestRunConfig" />
      </DeploymentItems>
      <Execution id="b60dcdf8-2c80-42bc-8aae-d8813e12b5c1" />
      <TestMethod codeBase="C:/LoyaltyWebTest/Web/Test/UI/LoyaltyWeb/LoyaltyWebTest/LoyaltyWebTest/bin/Debug/Nordstrom.Web.Test.UI.LoyaltyWeb.DLL" adapterTypeName="Microsoft.VisualStudio.TestTools.TestTypes.Unit.UnitTestAdapter, Microsoft.VisualStudio.QualityTools.Tips.UnitTest.Adapter, Version=12.0.0.0, Culture=neutral, PublicKeyToken=b03f5f7f11d50a3a" className="Nordstrom.Web.Test.UI.LoyaltyWeb.LoyaltyRegisterTests, Nordstrom.Web.Test.UI.LoyaltyWeb, Version=1.0.0.0, Culture=neutral, PublicKeyToken=null" name="TenderNeutralRewardsRegister_MarketingPreferenceUpdateUncheckedDuringTenderNeutralEnrollment_MarketingPreferenceSuccessfulUpdateToNoForNordAccount" />
    </UnitTest>
    <UnitTest name="ApplyAndBuy_GuestUserApplyForNewRetailCardAndSignInAsReturningUserAfterCardConfirmation_OrderSuccessfullyPlacedWithNewRetailCard" storage="c:\loyaltywebtest\web\test\ui\loyaltyweb\loyaltywebtest\loyaltywebtest\bin\debug\nordstrom.web.test.ui.loyaltyweb.dll" id="09913320-6a43-f344-ad72-24ef5b9d5b08">
      <Description>Apply for New Retail Card as a guest user, log in after card confirmationand successfully place an order with newly added card to wallet</Description>
      <TestCategory>
        <TestCategoryItem TestCategory="ApplyAndBuy" />
      </TestCategory>
      <DeploymentItems>
        <DeploymentItem filename="ExternalBinaries" outputDirectory=".\ExternalBinaries" />
        <DeploymentItem filename="TestData" outputDirectory=".\TestData" />
        <DeploymentItem filename="TestRunConfig" outputDirectory=".\TestRunConfig" />
      </DeploymentItems>
      <Execution id="2803d94d-00d7-4efb-bb6e-7c9ff6bfdbc1" />
      <TestMethod codeBase="C:/LoyaltyWebTest/Web/Test/UI/LoyaltyWeb/LoyaltyWebTest/LoyaltyWebTest/bin/Debug/Nordstrom.Web.Test.UI.LoyaltyWeb.DLL" adapterTypeName="Microsoft.VisualStudio.TestTools.TestTypes.Unit.UnitTestAdapter, Microsoft.VisualStudio.QualityTools.Tips.UnitTest.Adapter, Version=12.0.0.0, Culture=neutral, PublicKeyToken=b03f5f7f11d50a3a" className="Nordstrom.Web.Test.UI.LoyaltyWeb.ApplyAndBuyTests, Nordstrom.Web.Test.UI.LoyaltyWeb, Version=1.0.0.0, Culture=neutral, PublicKeyToken=null" name="ApplyAndBuy_GuestUserApplyForNewRetailCardAndSignInAsReturningUserAfterCardConfirmation_OrderSuccessfullyPlacedWithNewRetailCard" />
    </UnitTest>
    <UnitTest name="LoyaltyLearnPage_ClickOnBecomeAMemberLink_NavigatesToRelevantPageSuccessfully" storage="c:\loyaltywebtest\web\test\ui\loyaltyweb\loyaltywebtest\loyaltywebtest\bin\debug\nordstrom.web.test.ui.loyaltyweb.dll" id="b7e89f3b-eb65-20d1-c839-79102d768b48">
      <Description>To verify Become a Member link on Learn Page is navigated to the relevant page successfully</Description>
      <TestCategory>
        <TestCategoryItem TestCategory="Learn" />
        <TestCategoryItem TestCategory="LoyaltyTenderNeutral" />
      </TestCategory>
      <DeploymentItems>
        <DeploymentItem filename="ExternalBinaries" outputDirectory=".\ExternalBinaries" />
        <DeploymentItem filename="TestData" outputDirectory=".\TestData" />
        <DeploymentItem filename="TestRunConfig" outputDirectory=".\TestRunConfig" />
      </DeploymentItems>
      <Execution id="83dd07e5-5b06-492c-ba5b-661ad482a8bb" />
      <TestMethod codeBase="C:/LoyaltyWebTest/Web/Test/UI/LoyaltyWeb/LoyaltyWebTest/LoyaltyWebTest/bin/Debug/Nordstrom.Web.Test.UI.LoyaltyWeb.DLL" adapterTypeName="Microsoft.VisualStudio.TestTools.TestTypes.Unit.UnitTestAdapter, Microsoft.VisualStudio.QualityTools.Tips.UnitTest.Adapter, Version=12.0.0.0, Culture=neutral, PublicKeyToken=b03f5f7f11d50a3a" className="Nordstrom.Web.Test.UI.LoyaltyWeb.LoyaltyLearnTests, Nordstrom.Web.Test.UI.LoyaltyWeb, Version=1.0.0.0, Culture=neutral, PublicKeyToken=null" name="LoyaltyLearnPage_ClickOnBecomeAMemberLink_NavigatesToRelevantPageSuccessfully" />
    </UnitTest>
    <UnitTest name="TenderNeutralRewardsEnroll_LoyaltyTenderNeutralUnrecognisedUserLeaveFieldsBlank_ErrorMessageDisplayedSuccessfully" storage="c:\loyaltywebtest\web\test\ui\loyaltyweb\loyaltywebtest\loyaltywebtest\bin\debug\nordstrom.web.test.ui.loyaltyweb.dll" id="12446332-be04-0a8f-d8db-23e5eb680c27">
      <Description>Verify that error messages appear for all required fields when Join button is clicked leaving all fields blank for an unrecognised user</Description>
      <TestCategory>
        <TestCategoryItem TestCategory="LoyaltyTenderNeutral" />
        <TestCategoryItem TestCategory="Enroll" />
      </TestCategory>
      <DeploymentItems>
        <DeploymentItem filename="ExternalBinaries" outputDirectory=".\ExternalBinaries" />
        <DeploymentItem filename="TestData" outputDirectory=".\TestData" />
        <DeploymentItem filename="TestRunConfig" outputDirectory=".\TestRunConfig" />
      </DeploymentItems>
      <Execution id="a81b35e8-cf7e-405a-9310-1c07dc71bea6" />
      <TestMethod codeBase="C:/LoyaltyWebTest/Web/Test/UI/LoyaltyWeb/LoyaltyWebTest/LoyaltyWebTest/bin/Debug/Nordstrom.Web.Test.UI.LoyaltyWeb.DLL" adapterTypeName="Microsoft.VisualStudio.TestTools.TestTypes.Unit.UnitTestAdapter, Microsoft.VisualStudio.QualityTools.Tips.UnitTest.Adapter, Version=12.0.0.0, Culture=neutral, PublicKeyToken=b03f5f7f11d50a3a" className="Nordstrom.Web.Test.UI.LoyaltyWeb.LoyaltyRegisterTests, Nordstrom.Web.Test.UI.LoyaltyWeb, Version=1.0.0.0, Culture=neutral, PublicKeyToken=null" name="TenderNeutralRewardsEnroll_LoyaltyTenderNeutralUnrecognisedUserLeaveFieldsBlank_ErrorMessageDisplayedSuccessfully" />
    </UnitTest>
    <UnitTest name="TenderNeutralRewardsEnroll_LoyaltyTenderNeutralRegisteredAuthenticatedUser_MandatoryFieldsDisplaySuccessful" storage="c:\loyaltywebtest\web\test\ui\loyaltyweb\loyaltywebtest\loyaltywebtest\bin\debug\nordstrom.web.test.ui.loyaltyweb.dll" id="5c6e6cca-5cd4-1632-9ca1-9c14b9dbd1c4">
      <Description>Verify presence of mandatory fields on loyalty enroll page for N.com Registered user</Description>
      <TestCategory>
        <TestCategoryItem TestCategory="LoyaltyTenderNeutral" />
        <TestCategoryItem TestCategory="Enroll" />
      </TestCategory>
      <DeploymentItems>
        <DeploymentItem filename="ExternalBinaries" outputDirectory=".\ExternalBinaries" />
        <DeploymentItem filename="TestData" outputDirectory=".\TestData" />
        <DeploymentItem filename="TestRunConfig" outputDirectory=".\TestRunConfig" />
      </DeploymentItems>
      <Execution id="5d72e3f2-34f8-477e-84e1-7bcd75dfb22c" />
      <TestMethod codeBase="C:/LoyaltyWebTest/Web/Test/UI/LoyaltyWeb/LoyaltyWebTest/LoyaltyWebTest/bin/Debug/Nordstrom.Web.Test.UI.LoyaltyWeb.DLL" adapterTypeName="Microsoft.VisualStudio.TestTools.TestTypes.Unit.UnitTestAdapter, Microsoft.VisualStudio.QualityTools.Tips.UnitTest.Adapter, Version=12.0.0.0, Culture=neutral, PublicKeyToken=b03f5f7f11d50a3a" className="Nordstrom.Web.Test.UI.LoyaltyWeb.LoyaltyRegisterTests, Nordstrom.Web.Test.UI.LoyaltyWeb, Version=1.0.0.0, Culture=neutral, PublicKeyToken=null" name="TenderNeutralRewardsEnroll_LoyaltyTenderNeutralRegisteredAuthenticatedUser_MandatoryFieldsDisplaySuccessful" />
    </UnitTest>
    <UnitTest name="ApplyAndBuy_RegisteredUserNavigationToRetailCardOfferPageAndLinkVerification_SeeMoreBenefitsLinkVerifiedSuccessfully" storage="c:\loyaltywebtest\web\test\ui\loyaltyweb\loyaltywebtest\loyaltywebtest\bin\debug\nordstrom.web.test.ui.loyaltyweb.dll" id="626e255c-bb2f-0974-17c4-02b1ec8a9b1c">
      <Description>Apply for Nordsrom Retail Credit Card as a registered authenticated user and  verify See More Benefits link on card offer page for retail card</Description>
      <TestCategory>
        <TestCategoryItem TestCategory="ApplyAndBuy" />
      </TestCategory>
      <DeploymentItems>
        <DeploymentItem filename="ExternalBinaries" outputDirectory=".\ExternalBinaries" />
        <DeploymentItem filename="TestData" outputDirectory=".\TestData" />
        <DeploymentItem filename="TestRunConfig" outputDirectory=".\TestRunConfig" />
      </DeploymentItems>
      <Execution id="76634f52-e354-48ba-8ecc-d246f85c035d" />
      <TestMethod codeBase="C:/LoyaltyWebTest/Web/Test/UI/LoyaltyWeb/LoyaltyWebTest/LoyaltyWebTest/bin/Debug/Nordstrom.Web.Test.UI.LoyaltyWeb.DLL" adapterTypeName="Microsoft.VisualStudio.TestTools.TestTypes.Unit.UnitTestAdapter, Microsoft.VisualStudio.QualityTools.Tips.UnitTest.Adapter, Version=12.0.0.0, Culture=neutral, PublicKeyToken=b03f5f7f11d50a3a" className="Nordstrom.Web.Test.UI.LoyaltyWeb.ApplyAndBuyTests, Nordstrom.Web.Test.UI.LoyaltyWeb, Version=1.0.0.0, Culture=neutral, PublicKeyToken=null" name="ApplyAndBuy_RegisteredUserNavigationToRetailCardOfferPageAndLinkVerification_SeeMoreBenefitsLinkVerifiedSuccessfully" />
    </UnitTest>
    <UnitTest name="TenderNeutralRewardsEnroll_LoyaltyTNGuestUser_ErrorMessageVanishesOnValidEntry" storage="c:\loyaltywebtest\web\test\ui\loyaltyweb\loyaltywebtest\loyaltywebtest\bin\debug\nordstrom.web.test.ui.loyaltyweb.dll" id="f10986fe-03bc-a93b-c860-23e4c247fc73">
      <Description>Verify that error messages vanish after we enter valid data in all the fields</Description>
      <TestCategory>
        <TestCategoryItem TestCategory="LoyaltyTenderNeutral" />
        <TestCategoryItem TestCategory="Enroll" />
      </TestCategory>
      <DeploymentItems>
        <DeploymentItem filename="ExternalBinaries" outputDirectory=".\ExternalBinaries" />
        <DeploymentItem filename="TestData" outputDirectory=".\TestData" />
        <DeploymentItem filename="TestRunConfig" outputDirectory=".\TestRunConfig" />
      </DeploymentItems>
      <Execution id="397508c9-2f72-4749-a218-931cbcd9160d" />
      <TestMethod codeBase="C:/LoyaltyWebTest/Web/Test/UI/LoyaltyWeb/LoyaltyWebTest/LoyaltyWebTest/bin/Debug/Nordstrom.Web.Test.UI.LoyaltyWeb.DLL" adapterTypeName="Microsoft.VisualStudio.TestTools.TestTypes.Unit.UnitTestAdapter, Microsoft.VisualStudio.QualityTools.Tips.UnitTest.Adapter, Version=12.0.0.0, Culture=neutral, PublicKeyToken=b03f5f7f11d50a3a" className="Nordstrom.Web.Test.UI.LoyaltyWeb.LoyaltyRegisterTests, Nordstrom.Web.Test.UI.LoyaltyWeb, Version=1.0.0.0, Culture=neutral, PublicKeyToken=null" name="TenderNeutralRewardsEnroll_LoyaltyTNGuestUser_ErrorMessageVanishesOnValidEntry" />
    </UnitTest>
    <UnitTest name="ApplyAndBuy_ExistingRegisteredUserShoppingWithVisaCard_OrderSuccessfullyPlacedWithNewVisaCard" storage="c:\loyaltywebtest\web\test\ui\loyaltyweb\loyaltywebtest\loyaltywebtest\bin\debug\nordstrom.web.test.ui.loyaltyweb.dll" id="89dfb266-1185-0c11-5767-27fb25f81a49">
      <Description>Verify that an existing registered user is able to apply for a visa card and place an order with the instant approved visa card </Description>
      <TestCategory>
        <TestCategoryItem TestCategory="ApplyAndBuy" />
      </TestCategory>
      <DeploymentItems>
        <DeploymentItem filename="ExternalBinaries" outputDirectory=".\ExternalBinaries" />
        <DeploymentItem filename="TestData" outputDirectory=".\TestData" />
        <DeploymentItem filename="TestRunConfig" outputDirectory=".\TestRunConfig" />
      </DeploymentItems>
      <Execution id="3ef3c0a7-453c-45a0-8525-c363b052e27b" />
      <TestMethod codeBase="C:/LoyaltyWebTest/Web/Test/UI/LoyaltyWeb/LoyaltyWebTest/LoyaltyWebTest/bin/Debug/Nordstrom.Web.Test.UI.LoyaltyWeb.DLL" adapterTypeName="Microsoft.VisualStudio.TestTools.TestTypes.Unit.UnitTestAdapter, Microsoft.VisualStudio.QualityTools.Tips.UnitTest.Adapter, Version=12.0.0.0, Culture=neutral, PublicKeyToken=b03f5f7f11d50a3a" className="Nordstrom.Web.Test.UI.LoyaltyWeb.ApplyAndBuyTests, Nordstrom.Web.Test.UI.LoyaltyWeb, Version=1.0.0.0, Culture=neutral, PublicKeyToken=null" name="ApplyAndBuy_ExistingRegisteredUserShoppingWithVisaCard_OrderSuccessfullyPlacedWithNewVisaCard" />
    </UnitTest>
    <UnitTest name="TenderNeutralRewardsEnroll_EnrollingWebGuestUserWithSpecialCharacterInFirstName_ThrowsError" storage="c:\loyaltywebtest\web\test\ui\loyaltyweb\loyaltywebtest\loyaltywebtest\bin\debug\nordstrom.web.test.ui.loyaltyweb.dll" id="4d638e32-5855-1388-3e9e-cde5f0a77c27">
      <Description>Verify that Invalid Special Character in First Name throws error</Description>
      <TestCategory>
        <TestCategoryItem TestCategory="LoyaltyTenderNeutral" />
        <TestCategoryItem TestCategory="Enroll" />
      </TestCategory>
      <DeploymentItems>
        <DeploymentItem filename="ExternalBinaries" outputDirectory=".\ExternalBinaries" />
        <DeploymentItem filename="TestData" outputDirectory=".\TestData" />
        <DeploymentItem filename="TestRunConfig" outputDirectory=".\TestRunConfig" />
      </DeploymentItems>
      <Execution id="2b2d5250-7ec8-4550-9e37-80af18de250c" />
      <TestMethod codeBase="C:/LoyaltyWebTest/Web/Test/UI/LoyaltyWeb/LoyaltyWebTest/LoyaltyWebTest/bin/Debug/Nordstrom.Web.Test.UI.LoyaltyWeb.DLL" adapterTypeName="Microsoft.VisualStudio.TestTools.TestTypes.Unit.UnitTestAdapter, Microsoft.VisualStudio.QualityTools.Tips.UnitTest.Adapter, Version=12.0.0.0, Culture=neutral, PublicKeyToken=b03f5f7f11d50a3a" className="Nordstrom.Web.Test.UI.LoyaltyWeb.LoyaltyRegisterTests, Nordstrom.Web.Test.UI.LoyaltyWeb, Version=1.0.0.0, Culture=neutral, PublicKeyToken=null" name="TenderNeutralRewardsEnroll_EnrollingWebGuestUserWithSpecialCharacterInFirstName_ThrowsError" />
    </UnitTest>
    <UnitTest name="TenderNeutralEnroll_When15MinutesPassWithoutUserActivityAndTestSecureShopperSessionFeatureFlagOff_ExpectSessionTimeoutInfoShowAndUserInfoDisappear" storage="c:\loyaltywebtest\web\test\ui\loyaltyweb\loyaltywebtest\loyaltywebtest\bin\debug\nordstrom.web.test.ui.loyaltyweb.dll" id="dbe39e81-54e6-8534-594e-60312842c80d">
      <Description>Verify that when 15 minutes pass without authenticated user input, session time out area is shown and existing user personal info disappear.</Description>
      <TestCategory>
        <TestCategoryItem TestCategory="SensitiveData" />
        <TestCategoryItem TestCategory="LoyaltyTenderNeutral" />
      </TestCategory>
      <DeploymentItems>
        <DeploymentItem filename="ExternalBinaries" outputDirectory=".\ExternalBinaries" />
        <DeploymentItem filename="TestData" outputDirectory=".\TestData" />
        <DeploymentItem filename="TestRunConfig" outputDirectory=".\TestRunConfig" />
      </DeploymentItems>
      <Execution id="0ad787dc-5992-4d9f-b848-35ec0c96597b" />
      <TestMethod codeBase="C:/LoyaltyWebTest/Web/Test/UI/LoyaltyWeb/LoyaltyWebTest/LoyaltyWebTest/bin/Debug/Nordstrom.Web.Test.UI.LoyaltyWeb.DLL" adapterTypeName="Microsoft.VisualStudio.TestTools.TestTypes.Unit.UnitTestAdapter, Microsoft.VisualStudio.QualityTools.Tips.UnitTest.Adapter, Version=12.0.0.0, Culture=neutral, PublicKeyToken=b03f5f7f11d50a3a" className="Nordstrom.Web.Test.UI.LoyaltyWeb.UserSensitiveDataCases, Nordstrom.Web.Test.UI.LoyaltyWeb, Version=1.0.0.0, Culture=neutral, PublicKeyToken=null" name="TenderNeutralEnroll_When15MinutesPassWithoutUserActivityAndTestSecureShopperSessionFeatureFlagOff_ExpectSessionTimeoutInfoShowAndUserInfoDisappear" />
    </UnitTest>
    <UnitTest name="LoyaltyLearnPage_ClickRewardsTermsAndConditionsLink_NavigatesToRelevantPageSuccessfully" storage="c:\loyaltywebtest\web\test\ui\loyaltyweb\loyaltywebtest\loyaltywebtest\bin\debug\nordstrom.web.test.ui.loyaltyweb.dll" id="5b4f0f6b-7500-9d3a-dc13-e34405e8b22f">
      <Description>To verify Nordstrion Rewards Terms and Conditions link on Learn Page is navigated to the relevant page successfully</Description>
      <TestCategory>
        <TestCategoryItem TestCategory="LoyaltyTenderNeutral" />
        <TestCategoryItem TestCategory="Learn" />
      </TestCategory>
      <DeploymentItems>
        <DeploymentItem filename="ExternalBinaries" outputDirectory=".\ExternalBinaries" />
        <DeploymentItem filename="TestData" outputDirectory=".\TestData" />
        <DeploymentItem filename="TestRunConfig" outputDirectory=".\TestRunConfig" />
      </DeploymentItems>
      <Execution id="05573fe3-94e7-4959-bdbc-6f61ebca4504" />
      <TestMethod codeBase="C:/LoyaltyWebTest/Web/Test/UI/LoyaltyWeb/LoyaltyWebTest/LoyaltyWebTest/bin/Debug/Nordstrom.Web.Test.UI.LoyaltyWeb.DLL" adapterTypeName="Microsoft.VisualStudio.TestTools.TestTypes.Unit.UnitTestAdapter, Microsoft.VisualStudio.QualityTools.Tips.UnitTest.Adapter, Version=12.0.0.0, Culture=neutral, PublicKeyToken=b03f5f7f11d50a3a" className="Nordstrom.Web.Test.UI.LoyaltyWeb.LoyaltyLearnTests, Nordstrom.Web.Test.UI.LoyaltyWeb, Version=1.0.0.0, Culture=neutral, PublicKeyToken=null" name="LoyaltyLearnPage_ClickRewardsTermsAndConditionsLink_NavigatesToRelevantPageSuccessfully" />
    </UnitTest>
    <UnitTest name="MobileVerificationPageModalPopupsValidation_DidntGetACodeModalContentValidation_DidntGetACodeModalContentValidatedSuccessfully" storage="c:\loyaltywebtest\web\test\ui\loyaltyweb\loyaltywebtest\loyaltywebtest\bin\debug\nordstrom.web.test.ui.loyaltyweb.dll" id="b8760095-196b-9486-9ec7-d0fcb8b1c53c">
      <Description>Didn't Get A Code Modal Popup Content Validation</Description>
      <TestCategory>
        <TestCategoryItem TestCategory="LoyaltyTenderNeutral" />
        <TestCategoryItem TestCategory="MobileVerification" />
      </TestCategory>
      <DeploymentItems>
        <DeploymentItem filename="ExternalBinaries" outputDirectory=".\ExternalBinaries" />
        <DeploymentItem filename="TestData" outputDirectory=".\TestData" />
        <DeploymentItem filename="TestRunConfig" outputDirectory=".\TestRunConfig" />
      </DeploymentItems>
      <Execution id="b480be27-ae06-47f1-9043-0b78d11fbe59" />
      <TestMethod codeBase="C:/LoyaltyWebTest/Web/Test/UI/LoyaltyWeb/LoyaltyWebTest/LoyaltyWebTest/bin/Debug/Nordstrom.Web.Test.UI.LoyaltyWeb.DLL" adapterTypeName="Microsoft.VisualStudio.TestTools.TestTypes.Unit.UnitTestAdapter, Microsoft.VisualStudio.QualityTools.Tips.UnitTest.Adapter, Version=12.0.0.0, Culture=neutral, PublicKeyToken=b03f5f7f11d50a3a" className="Nordstrom.Web.Test.UI.LoyaltyWeb.LoyaltyTenderNeutralMobileVerificationPageTests, Nordstrom.Web.Test.UI.LoyaltyWeb, Version=1.0.0.0, Culture=neutral, PublicKeyToken=null" name="MobileVerificationPageModalPopupsValidation_DidntGetACodeModalContentValidation_DidntGetACodeModalContentValidatedSuccessfully" />
    </UnitTest>
    <UnitTest name="ApplyAndBuy_AuthenicatedUserShoppingRetailCard_ShouldBeAbleToDeclineTheOffer" storage="c:\loyaltywebtest\web\test\ui\loyaltyweb\loyaltywebtest\loyaltywebtest\bin\debug\nordstrom.web.test.ui.loyaltyweb.dll" id="be41ddfc-25fa-b2a0-7284-601f53ddb8d4">
      <Description>Verify authenticated user can shop retail card successfully.</Description>
      <TestCategory>
        <TestCategoryItem TestCategory="ApplyAndBuy" />
      </TestCategory>
      <DeploymentItems>
        <DeploymentItem filename="ExternalBinaries" outputDirectory=".\ExternalBinaries" />
        <DeploymentItem filename="TestData" outputDirectory=".\TestData" />
        <DeploymentItem filename="TestRunConfig" outputDirectory=".\TestRunConfig" />
      </DeploymentItems>
      <Execution id="4273493c-3302-45f3-9b67-3c3a39fad422" />
      <TestMethod codeBase="C:/LoyaltyWebTest/Web/Test/UI/LoyaltyWeb/LoyaltyWebTest/LoyaltyWebTest/bin/Debug/Nordstrom.Web.Test.UI.LoyaltyWeb.DLL" adapterTypeName="Microsoft.VisualStudio.TestTools.TestTypes.Unit.UnitTestAdapter, Microsoft.VisualStudio.QualityTools.Tips.UnitTest.Adapter, Version=12.0.0.0, Culture=neutral, PublicKeyToken=b03f5f7f11d50a3a" className="Nordstrom.Web.Test.UI.LoyaltyWeb.ApplyAndBuyTests, Nordstrom.Web.Test.UI.LoyaltyWeb, Version=1.0.0.0, Culture=neutral, PublicKeyToken=null" name="ApplyAndBuy_AuthenicatedUserShoppingRetailCard_ShouldBeAbleToDeclineTheOffer" />
    </UnitTest>
    <UnitTest name="NavigationToLoyaltyWebPage_TenderNeutralEnrollFeatureFlagOff_UserRedirectedToHomePage" storage="c:\loyaltywebtest\web\test\ui\loyaltyweb\loyaltywebtest\loyaltywebtest\bin\debug\nordstrom.web.test.ui.loyaltyweb.dll" id="2d317ff8-6ca3-bc10-25ad-dac6170b3fb0">
      <Description>Verify that user is redirected to Home page of the env while navigating to Loyalty web page , given feature flag : TenderNeutralEnroll is off</Description>
      <TestCategory>
        <TestCategoryItem TestCategory="LoyaltyTenderNeutral" />
        <TestCategoryItem TestCategory="Enroll" />
      </TestCategory>
      <DeploymentItems>
        <DeploymentItem filename="ExternalBinaries" outputDirectory=".\ExternalBinaries" />
        <DeploymentItem filename="TestData" outputDirectory=".\TestData" />
        <DeploymentItem filename="TestRunConfig" outputDirectory=".\TestRunConfig" />
      </DeploymentItems>
      <Execution id="da89a714-74f9-471e-a94c-5d5b9da4b31b" />
      <TestMethod codeBase="C:/LoyaltyWebTest/Web/Test/UI/LoyaltyWeb/LoyaltyWebTest/LoyaltyWebTest/bin/Debug/Nordstrom.Web.Test.UI.LoyaltyWeb.DLL" adapterTypeName="Microsoft.VisualStudio.TestTools.TestTypes.Unit.UnitTestAdapter, Microsoft.VisualStudio.QualityTools.Tips.UnitTest.Adapter, Version=12.0.0.0, Culture=neutral, PublicKeyToken=b03f5f7f11d50a3a" className="Nordstrom.Web.Test.UI.LoyaltyWeb.LoyaltyRegisterTests, Nordstrom.Web.Test.UI.LoyaltyWeb, Version=1.0.0.0, Culture=neutral, PublicKeyToken=null" name="NavigationToLoyaltyWebPage_TenderNeutralEnrollFeatureFlagOff_UserRedirectedToHomePage" />
    </UnitTest>
    <UnitTest name="TenderNeutralRewardsEnroll_LoyaltyTNAuthenticatedUserFBlankCodeField_ThrowseError" storage="c:\loyaltywebtest\web\test\ui\loyaltyweb\loyaltywebtest\loyaltywebtest\bin\debug\nordstrom.web.test.ui.loyaltyweb.dll" id="884a4ca8-cd4f-64c9-09ad-1d353ec31c8c">
      <Description>Verify that error message is displayed when the mobile verification code field is left blank</Description>
      <TestCategory>
        <TestCategoryItem TestCategory="LoyaltyTenderNeutral" />
        <TestCategoryItem TestCategory="MobileVerification" />
      </TestCategory>
      <DeploymentItems>
        <DeploymentItem filename="ExternalBinaries" outputDirectory=".\ExternalBinaries" />
        <DeploymentItem filename="TestData" outputDirectory=".\TestData" />
        <DeploymentItem filename="TestRunConfig" outputDirectory=".\TestRunConfig" />
      </DeploymentItems>
      <Execution id="5876b523-f78e-410c-8734-dab15f716d08" />
      <TestMethod codeBase="C:/LoyaltyWebTest/Web/Test/UI/LoyaltyWeb/LoyaltyWebTest/LoyaltyWebTest/bin/Debug/Nordstrom.Web.Test.UI.LoyaltyWeb.DLL" adapterTypeName="Microsoft.VisualStudio.TestTools.TestTypes.Unit.UnitTestAdapter, Microsoft.VisualStudio.QualityTools.Tips.UnitTest.Adapter, Version=12.0.0.0, Culture=neutral, PublicKeyToken=b03f5f7f11d50a3a" className="Nordstrom.Web.Test.UI.LoyaltyWeb.LoyaltyTenderNeutralMobileVerificationPageTests, Nordstrom.Web.Test.UI.LoyaltyWeb, Version=1.0.0.0, Culture=neutral, PublicKeyToken=null" name="TenderNeutralRewardsEnroll_LoyaltyTNAuthenticatedUserFBlankCodeField_ThrowseError" />
    </UnitTest>
    <UnitTest name="ApplyAndBuy_RegisteredUserNavigationToVisaCardOfferPageAndLinkVerification_SeeMoreBenefitsLinkVerifiedSuccessfully" storage="c:\loyaltywebtest\web\test\ui\loyaltyweb\loyaltywebtest\loyaltywebtest\bin\debug\nordstrom.web.test.ui.loyaltyweb.dll" id="ea181725-304e-4cc4-8bcb-5182bd646448">
      <Description>Apply for Nordsrom Visa Credit Card as a registered authenticated user and  verify See More Benefits link on card offer page for visa card</Description>
      <TestCategory>
        <TestCategoryItem TestCategory="ApplyAndBuy" />
      </TestCategory>
      <DeploymentItems>
        <DeploymentItem filename="ExternalBinaries" outputDirectory=".\ExternalBinaries" />
        <DeploymentItem filename="TestData" outputDirectory=".\TestData" />
        <DeploymentItem filename="TestRunConfig" outputDirectory=".\TestRunConfig" />
      </DeploymentItems>
      <Execution id="94d8cc07-3a8b-4eb6-b188-fb9e10a1fc91" />
      <TestMethod codeBase="C:/LoyaltyWebTest/Web/Test/UI/LoyaltyWeb/LoyaltyWebTest/LoyaltyWebTest/bin/Debug/Nordstrom.Web.Test.UI.LoyaltyWeb.DLL" adapterTypeName="Microsoft.VisualStudio.TestTools.TestTypes.Unit.UnitTestAdapter, Microsoft.VisualStudio.QualityTools.Tips.UnitTest.Adapter, Version=12.0.0.0, Culture=neutral, PublicKeyToken=b03f5f7f11d50a3a" className="Nordstrom.Web.Test.UI.LoyaltyWeb.ApplyAndBuyTests, Nordstrom.Web.Test.UI.LoyaltyWeb, Version=1.0.0.0, Culture=neutral, PublicKeyToken=null" name="ApplyAndBuy_RegisteredUserNavigationToVisaCardOfferPageAndLinkVerification_SeeMoreBenefitsLinkVerifiedSuccessfully" />
    </UnitTest>
    <UnitTest name="SuccessAssociationPageModalPopupsValidation_CloseButtonGetANewCodeModalValidation_CloseButtonInGetANewCodeModalClosedModalSuccessfully" storage="c:\loyaltywebtest\web\test\ui\loyaltyweb\loyaltywebtest\loyaltywebtest\bin\debug\nordstrom.web.test.ui.loyaltyweb.dll" id="8d07d365-e6b3-65ac-7ac7-e1c25fe2e0cb">
      <Description>'Get a new code' Modal Popup Close Button Functionality verification</Description>
      <TestCategory>
        <TestCategoryItem TestCategory="LoyaltyTenderNeutral" />
        <TestCategoryItem TestCategory="MobileVerification" />
      </TestCategory>
      <DeploymentItems>
        <DeploymentItem filename="ExternalBinaries" outputDirectory=".\ExternalBinaries" />
        <DeploymentItem filename="TestData" outputDirectory=".\TestData" />
        <DeploymentItem filename="TestRunConfig" outputDirectory=".\TestRunConfig" />
      </DeploymentItems>
      <Execution id="85af7d0a-ab6d-4852-bf21-2e0d314d8238" />
      <TestMethod codeBase="C:/LoyaltyWebTest/Web/Test/UI/LoyaltyWeb/LoyaltyWebTest/LoyaltyWebTest/bin/Debug/Nordstrom.Web.Test.UI.LoyaltyWeb.DLL" adapterTypeName="Microsoft.VisualStudio.TestTools.TestTypes.Unit.UnitTestAdapter, Microsoft.VisualStudio.QualityTools.Tips.UnitTest.Adapter, Version=12.0.0.0, Culture=neutral, PublicKeyToken=b03f5f7f11d50a3a" className="Nordstrom.Web.Test.UI.LoyaltyWeb.LoyaltyTenderNeutralMobileVerificationPageTests, Nordstrom.Web.Test.UI.LoyaltyWeb, Version=1.0.0.0, Culture=neutral, PublicKeyToken=null" name="SuccessAssociationPageModalPopupsValidation_CloseButtonGetANewCodeModalValidation_CloseButtonInGetANewCodeModalClosedModalSuccessfully" />
    </UnitTest>
    <UnitTest name="ApplyAndBuy_RegisteredUserNavigationToVisaCardConfirmationAndPageHeaderAndFooterLinksVerification_HeaderAndFooterLinksVerifiedSuccessfully" storage="c:\loyaltywebtest\web\test\ui\loyaltyweb\loyaltywebtest\loyaltywebtest\bin\debug\nordstrom.web.test.ui.loyaltyweb.dll" id="5bea4530-c796-d98c-b37e-0bf9834bb016">
      <Description>Apply for Nordsrom Visa Credit Card as a registered authenticated user and  verify header and footer links on card confirmation page</Description>
      <TestCategory>
        <TestCategoryItem TestCategory="ApplyAndBuy" />
      </TestCategory>
      <DeploymentItems>
        <DeploymentItem filename="ExternalBinaries" outputDirectory=".\ExternalBinaries" />
        <DeploymentItem filename="TestData" outputDirectory=".\TestData" />
        <DeploymentItem filename="TestRunConfig" outputDirectory=".\TestRunConfig" />
      </DeploymentItems>
      <Execution id="41fd5804-c627-48a8-8a0b-7b16557050d4" />
      <TestMethod codeBase="C:/LoyaltyWebTest/Web/Test/UI/LoyaltyWeb/LoyaltyWebTest/LoyaltyWebTest/bin/Debug/Nordstrom.Web.Test.UI.LoyaltyWeb.DLL" adapterTypeName="Microsoft.VisualStudio.TestTools.TestTypes.Unit.UnitTestAdapter, Microsoft.VisualStudio.QualityTools.Tips.UnitTest.Adapter, Version=12.0.0.0, Culture=neutral, PublicKeyToken=b03f5f7f11d50a3a" className="Nordstrom.Web.Test.UI.LoyaltyWeb.ApplyAndBuyTests, Nordstrom.Web.Test.UI.LoyaltyWeb, Version=1.0.0.0, Culture=neutral, PublicKeyToken=null" name="ApplyAndBuy_RegisteredUserNavigationToVisaCardConfirmationAndPageHeaderAndFooterLinksVerification_HeaderAndFooterLinksVerifiedSuccessfully" />
    </UnitTest>
    <UnitTest name="ApplyAndBuy_AuthenicatedUserShoppingDebitAndGetReferralMessage" storage="c:\loyaltywebtest\web\test\ui\loyaltyweb\loyaltywebtest\loyaltywebtest\bin\debug\nordstrom.web.test.ui.loyaltyweb.dll" id="91def432-fbea-17eb-b53c-7901190b4267">
      <Description>Verify authenticated user would shop debit card unsuccessfully.</Description>
      <TestCategory>
        <TestCategoryItem TestCategory="ApplyAndBuy" />
      </TestCategory>
      <DeploymentItems>
        <DeploymentItem filename="ExternalBinaries" outputDirectory=".\ExternalBinaries" />
        <DeploymentItem filename="TestData" outputDirectory=".\TestData" />
        <DeploymentItem filename="TestRunConfig" outputDirectory=".\TestRunConfig" />
      </DeploymentItems>
      <Execution id="0c6c7d71-b8c0-4bcc-b897-cbc580af0fc4" />
      <TestMethod codeBase="C:/LoyaltyWebTest/Web/Test/UI/LoyaltyWeb/LoyaltyWebTest/LoyaltyWebTest/bin/Debug/Nordstrom.Web.Test.UI.LoyaltyWeb.DLL" adapterTypeName="Microsoft.VisualStudio.TestTools.TestTypes.Unit.UnitTestAdapter, Microsoft.VisualStudio.QualityTools.Tips.UnitTest.Adapter, Version=12.0.0.0, Culture=neutral, PublicKeyToken=b03f5f7f11d50a3a" className="Nordstrom.Web.Test.UI.LoyaltyWeb.ApplyAndBuyTests, Nordstrom.Web.Test.UI.LoyaltyWeb, Version=1.0.0.0, Culture=neutral, PublicKeyToken=null" name="ApplyAndBuy_AuthenicatedUserShoppingDebitAndGetReferralMessage" />
    </UnitTest>
    <UnitTest name="LoyaltyLearnPage_ClickPrivacyPolicy_NavigatesToRelevantPageSuccessfully" storage="c:\loyaltywebtest\web\test\ui\loyaltyweb\loyaltywebtest\loyaltywebtest\bin\debug\nordstrom.web.test.ui.loyaltyweb.dll" id="ac89fe1d-27a2-5a25-ac33-e635cfdb3c90">
      <Description>To verify Privacy Policy link on Learn Page is navigated to the relevant page successfully</Description>
      <TestCategory>
        <TestCategoryItem TestCategory="LoyaltyTenderNeutral" />
        <TestCategoryItem TestCategory="Learn" />
      </TestCategory>
      <DeploymentItems>
        <DeploymentItem filename="ExternalBinaries" outputDirectory=".\ExternalBinaries" />
        <DeploymentItem filename="TestData" outputDirectory=".\TestData" />
        <DeploymentItem filename="TestRunConfig" outputDirectory=".\TestRunConfig" />
      </DeploymentItems>
      <Execution id="bf621a4d-29e0-4a15-8c7f-cfb6d08626a5" />
      <TestMethod codeBase="C:/LoyaltyWebTest/Web/Test/UI/LoyaltyWeb/LoyaltyWebTest/LoyaltyWebTest/bin/Debug/Nordstrom.Web.Test.UI.LoyaltyWeb.DLL" adapterTypeName="Microsoft.VisualStudio.TestTools.TestTypes.Unit.UnitTestAdapter, Microsoft.VisualStudio.QualityTools.Tips.UnitTest.Adapter, Version=12.0.0.0, Culture=neutral, PublicKeyToken=b03f5f7f11d50a3a" className="Nordstrom.Web.Test.UI.LoyaltyWeb.LoyaltyLearnTests, Nordstrom.Web.Test.UI.LoyaltyWeb, Version=1.0.0.0, Culture=neutral, PublicKeyToken=null" name="LoyaltyLearnPage_ClickPrivacyPolicy_NavigatesToRelevantPageSuccessfully" />
    </UnitTest>
    <UnitTest name="LoyaltyLearnPage_ClickAnniversarySaleEarlyAccessLink_RedirectToRelevantPageSuccessfully" storage="c:\loyaltywebtest\web\test\ui\loyaltyweb\loyaltywebtest\loyaltywebtest\bin\debug\nordstrom.web.test.ui.loyaltyweb.dll" id="cca0fcc7-ae32-cae3-80e1-d419dbf11c2f">
      <Description>To verify Anniversary Sale Early Access link on Learn Page is navigated to the relevant page successfully</Description>
      <TestCategory>
        <TestCategoryItem TestCategory="LoyaltyTenderNeutral" />
        <TestCategoryItem TestCategory="Learn" />
      </TestCategory>
      <DeploymentItems>
        <DeploymentItem filename="ExternalBinaries" outputDirectory=".\ExternalBinaries" />
        <DeploymentItem filename="TestData" outputDirectory=".\TestData" />
        <DeploymentItem filename="TestRunConfig" outputDirectory=".\TestRunConfig" />
      </DeploymentItems>
      <Execution id="95ed7dc2-4f58-4ff0-88ee-f033b4edfb4a" />
      <TestMethod codeBase="C:/LoyaltyWebTest/Web/Test/UI/LoyaltyWeb/LoyaltyWebTest/LoyaltyWebTest/bin/Debug/Nordstrom.Web.Test.UI.LoyaltyWeb.DLL" adapterTypeName="Microsoft.VisualStudio.TestTools.TestTypes.Unit.UnitTestAdapter, Microsoft.VisualStudio.QualityTools.Tips.UnitTest.Adapter, Version=12.0.0.0, Culture=neutral, PublicKeyToken=b03f5f7f11d50a3a" className="Nordstrom.Web.Test.UI.LoyaltyWeb.LoyaltyLearnTests, Nordstrom.Web.Test.UI.LoyaltyWeb, Version=1.0.0.0, Culture=neutral, PublicKeyToken=null" name="LoyaltyLearnPage_ClickAnniversarySaleEarlyAccessLink_RedirectToRelevantPageSuccessfully" />
    </UnitTest>
    <UnitTest name="TenderNeutralEarn_AuthenticatedUserSeesRewardsSectionInOrderSubmitPage_Successfully" storage="c:\loyaltywebtest\web\test\ui\loyaltyweb\loyaltywebtest\loyaltywebtest\bin\debug\nordstrom.web.test.ui.loyaltyweb.dll" id="127aa9dd-cc04-d0e2-0746-e44f2e070db9">
      <Description>Verify that an authenticated user is able to see Rewards section in Ordersubmit page.</Description>
      <TestCategory>
        <TestCategoryItem TestCategory="LoyaltyTenderNeutral" />
        <TestCategoryItem TestCategory="Earn" />
      </TestCategory>
      <DeploymentItems>
        <DeploymentItem filename="ExternalBinaries" outputDirectory=".\ExternalBinaries" />
        <DeploymentItem filename="TestData" outputDirectory=".\TestData" />
        <DeploymentItem filename="TestRunConfig" outputDirectory=".\TestRunConfig" />
      </DeploymentItems>
      <Execution id="a2f1f19b-040c-4b91-8ce9-9e2470450e1b" />
      <TestMethod codeBase="C:/LoyaltyWebTest/Web/Test/UI/LoyaltyWeb/LoyaltyWebTest/LoyaltyWebTest/bin/Debug/Nordstrom.Web.Test.UI.LoyaltyWeb.DLL" adapterTypeName="Microsoft.VisualStudio.TestTools.TestTypes.Unit.UnitTestAdapter, Microsoft.VisualStudio.QualityTools.Tips.UnitTest.Adapter, Version=12.0.0.0, Culture=neutral, PublicKeyToken=b03f5f7f11d50a3a" className="Nordstrom.Web.Test.UI.LoyaltyWeb.LoyaltyEarnTests, Nordstrom.Web.Test.UI.LoyaltyWeb, Version=1.0.0.0, Culture=neutral, PublicKeyToken=null" name="TenderNeutralEarn_AuthenticatedUserSeesRewardsSectionInOrderSubmitPage_Successfully" />
    </UnitTest>
  </TestDefinitions>
  <TestLists>
    <TestList name="Results Not in a List" id="8c84fa94-04c1-424b-9868-57a2d4851a1d" />
    <TestList name="All Loaded Results" id="19431567-8539-422a-85d7-44ee4e166bda" />
  </TestLists>
  <TestEntries>
    <TestEntry testId="91def432-fbea-17eb-b53c-7901190b4267" executionId="0c6c7d71-b8c0-4bcc-b897-cbc580af0fc4" testListId="8c84fa94-04c1-424b-9868-57a2d4851a1d" />
    <TestEntry testId="be41ddfc-25fa-b2a0-7284-601f53ddb8d4" executionId="4273493c-3302-45f3-9b67-3c3a39fad422" testListId="8c84fa94-04c1-424b-9868-57a2d4851a1d" />
    <TestEntry testId="4664e0a6-2072-9199-590f-6521601f9324" executionId="1c83910a-f9c9-4f74-8db5-ba1ca1156a0c" testListId="8c84fa94-04c1-424b-9868-57a2d4851a1d" />
    <TestEntry testId="f6a49cf4-cec6-b39d-0a74-ea69e0256c99" executionId="60a86aac-4aa5-4453-84cf-9b8ab29b6577" testListId="8c84fa94-04c1-424b-9868-57a2d4851a1d" />
    <TestEntry testId="f5ba392b-8397-c58f-ac46-703a2f8ad87f" executionId="476c7bfe-f79d-44c0-8226-c27246433816" testListId="8c84fa94-04c1-424b-9868-57a2d4851a1d" />
    <TestEntry testId="aa92acb1-a65f-4dde-5291-62a954d9ed84" executionId="4b995180-2009-4394-8ab4-d199c7cd2472" testListId="8c84fa94-04c1-424b-9868-57a2d4851a1d" />
    <TestEntry testId="2f9c7d3e-50f0-a4e8-8d75-483f3e9925ac" executionId="9db28d7f-4385-4911-a365-637fc6152a59" testListId="8c84fa94-04c1-424b-9868-57a2d4851a1d" />
    <TestEntry testId="e3b537b9-fd8d-2a1e-98b0-ca3572f81d48" executionId="cc5072ad-3550-41c5-bd24-9481eb1850c6" testListId="8c84fa94-04c1-424b-9868-57a2d4851a1d" />
    <TestEntry testId="aea58734-aba1-082a-fd65-fd222a1377f1" executionId="7578d173-cc00-40e7-aa47-b69b787cad56" testListId="8c84fa94-04c1-424b-9868-57a2d4851a1d" />
    <TestEntry testId="e4a64364-519b-8322-a7f4-93d5e3084e40" executionId="ea6e3437-eb47-48c7-b871-0d169aff6741" testListId="8c84fa94-04c1-424b-9868-57a2d4851a1d" />
    <TestEntry testId="25bf40a7-77be-fcf6-4fb2-46d0282f4de1" executionId="960ec893-e3ea-4ddd-9a28-562fb301f164" testListId="8c84fa94-04c1-424b-9868-57a2d4851a1d" />
    <TestEntry testId="84e2f4e9-6bea-c593-d143-62a75b1a8203" executionId="ee8a5d9c-751f-438a-9e2c-a6468a5d6717" testListId="8c84fa94-04c1-424b-9868-57a2d4851a1d" />
    <TestEntry testId="0e15b0d1-2a84-7f48-3ea0-18b7422618e3" executionId="97dc74e8-a27a-407f-840a-6d40b5b65307" testListId="8c84fa94-04c1-424b-9868-57a2d4851a1d" />
    <TestEntry testId="7a6ff4d5-2709-2369-a0a7-9576650b11e5" executionId="d3aada71-dbf1-40a3-b5c3-7b301da1d472" testListId="8c84fa94-04c1-424b-9868-57a2d4851a1d" />
    <TestEntry testId="f9a9e1f4-5a08-8418-6a8e-2e0be49bdb45" executionId="fccffba7-eae2-4584-bc7b-10b196c57a93" testListId="8c84fa94-04c1-424b-9868-57a2d4851a1d" />
    <TestEntry testId="3c220397-a949-a414-da8d-2d93343ec752" executionId="312af0b8-90c2-435b-ad58-c82d043849db" testListId="8c84fa94-04c1-424b-9868-57a2d4851a1d" />
    <TestEntry testId="8d3ad949-7353-0de2-34c9-eee78eec371f" executionId="bd0a0b87-d0c8-4174-b150-094b220ae9e3" testListId="8c84fa94-04c1-424b-9868-57a2d4851a1d" />
    <TestEntry testId="89dfb266-1185-0c11-5767-27fb25f81a49" executionId="3ef3c0a7-453c-45a0-8525-c363b052e27b" testListId="8c84fa94-04c1-424b-9868-57a2d4851a1d" />
    <TestEntry testId="2cd47127-fcd1-036f-5d31-442446696e9a" executionId="291e732f-dd70-494e-b6e6-b18576384edd" testListId="8c84fa94-04c1-424b-9868-57a2d4851a1d" />
    <TestEntry testId="7e069a12-faf6-ada5-7c7e-730fdd13496c" executionId="7d0dbdc0-42cb-4d78-8d95-39193fb3ba8c" testListId="8c84fa94-04c1-424b-9868-57a2d4851a1d" />
    <TestEntry testId="5e292389-75cf-17f7-6636-b9ebbfaf2ab9" executionId="57c08325-b9de-4350-9992-c670566cc478" testListId="8c84fa94-04c1-424b-9868-57a2d4851a1d" />
    <TestEntry testId="19d3f5b7-1a42-16cf-9148-75f4af1915d8" executionId="ad1a74d0-9903-42a4-9de1-0f2f0cc24166" testListId="8c84fa94-04c1-424b-9868-57a2d4851a1d" />
    <TestEntry testId="09913320-6a43-f344-ad72-24ef5b9d5b08" executionId="2803d94d-00d7-4efb-bb6e-7c9ff6bfdbc1" testListId="8c84fa94-04c1-424b-9868-57a2d4851a1d" />
    <TestEntry testId="6a2c3389-c188-4773-e10b-4e29b62bf4bc" executionId="cf9c8684-64a7-48d9-ab67-d3bddb1a3352" testListId="8c84fa94-04c1-424b-9868-57a2d4851a1d" />
    <TestEntry testId="29859a34-d2ec-6bf5-66bf-30f6009dcdd5" executionId="2b6afb71-f882-4de2-bfbb-63d0481c26de" testListId="8c84fa94-04c1-424b-9868-57a2d4851a1d" />
    <TestEntry testId="caa293c4-490c-e422-2d38-ef52d14434a9" executionId="ce92a8c0-e015-4508-bcfd-ec182ecfdcdd" testListId="8c84fa94-04c1-424b-9868-57a2d4851a1d" />
    <TestEntry testId="189abbc0-b0a5-ecf8-6664-bfda98bdb3a6" executionId="33aceab9-e02f-4d85-b991-2787829a2ee2" testListId="8c84fa94-04c1-424b-9868-57a2d4851a1d" />
    <TestEntry testId="39f8cbb0-ec35-e92c-5fa3-224713efa2f4" executionId="eb2e3aa0-e611-4951-b0e7-b7aaf10c7a0c" testListId="8c84fa94-04c1-424b-9868-57a2d4851a1d" />
    <TestEntry testId="66d904d5-b7a6-fdbc-78da-2fd7a37dff81" executionId="e4fb64c3-977e-46c7-a110-0460bf17b40f" testListId="8c84fa94-04c1-424b-9868-57a2d4851a1d" />
    <TestEntry testId="e9944a28-5031-d30d-4a12-0653110e1998" executionId="3a2a4a5c-6f80-47cc-8fc1-61fd8e5d88fa" testListId="8c84fa94-04c1-424b-9868-57a2d4851a1d" />
    <TestEntry testId="819b055e-d883-032e-dbe4-8a1f8c548dcd" executionId="ce6a7c46-ed14-44f0-8f20-a74242bb3ba1" testListId="8c84fa94-04c1-424b-9868-57a2d4851a1d" />
    <TestEntry testId="849e6579-ace1-c6d4-b6eb-a6e9b2bc24eb" executionId="5b1e904c-cace-4f11-806f-0de1c6803647" testListId="8c84fa94-04c1-424b-9868-57a2d4851a1d" />
    <TestEntry testId="b7c85bb0-32db-7de4-90bc-36d9f89bd678" executionId="9bf017cb-5db0-453a-a199-cee691b5d68d" testListId="8c84fa94-04c1-424b-9868-57a2d4851a1d" />
    <TestEntry testId="8c3aee05-1b0e-05c2-6e40-2dbbfe101a46" executionId="e205a349-cfe9-46d5-8457-8d8f10556025" testListId="8c84fa94-04c1-424b-9868-57a2d4851a1d" />
    <TestEntry testId="9af1ceb2-c057-28a6-e9eb-e98292d37e61" executionId="1c31c8a3-0be1-4e0f-a9c7-00db047c36e1" testListId="8c84fa94-04c1-424b-9868-57a2d4851a1d" />
    <TestEntry testId="13a119ab-0405-049f-795b-9bce04cc1177" executionId="b9e2a125-1489-4a5a-909b-089811849597" testListId="8c84fa94-04c1-424b-9868-57a2d4851a1d" />
    <TestEntry testId="8692b55a-e6f7-c447-3076-92b555d04832" executionId="7839cdd8-e08a-46f7-8dfc-475add9710d5" testListId="8c84fa94-04c1-424b-9868-57a2d4851a1d" />
    <TestEntry testId="4a867fd7-5351-1b0b-fae9-ebba76d4f45c" executionId="8238d074-6a7a-4eb8-a443-9de2876ee24e" testListId="8c84fa94-04c1-424b-9868-57a2d4851a1d" />
    <TestEntry testId="cbf9b4ca-09be-98f7-9cf0-92684d4c487c" executionId="81669cdf-e335-4067-a576-ea67684596d0" testListId="8c84fa94-04c1-424b-9868-57a2d4851a1d" />
    <TestEntry testId="3e0ba6be-6f62-1dd4-4740-d0e4ed39c4d4" executionId="b8060e0b-60f0-45a4-82c9-f1cedec870e0" testListId="8c84fa94-04c1-424b-9868-57a2d4851a1d" />
    <TestEntry testId="f893727f-a97f-c3cb-2a9a-9aa48c01d2da" executionId="c2a21fdf-ccb6-42b2-b3f6-f07067ed488f" testListId="8c84fa94-04c1-424b-9868-57a2d4851a1d" />
    <TestEntry testId="2b62e82b-c9b1-2d2b-8ab6-337c9e608c0f" executionId="6a7ae717-c585-46b3-ac61-2abc0517d433" testListId="8c84fa94-04c1-424b-9868-57a2d4851a1d" />
    <TestEntry testId="9b828aac-d9ed-23f8-d63b-2b5dbf76c464" executionId="a01a1f96-a504-4cdc-8b26-65b91f69f95b" testListId="8c84fa94-04c1-424b-9868-57a2d4851a1d" />
    <TestEntry testId="968d66bd-881b-d4d7-de09-4a1507bf6626" executionId="9889a96d-b7f0-44d3-9c81-9839b03a8005" testListId="8c84fa94-04c1-424b-9868-57a2d4851a1d" />
    <TestEntry testId="626e255c-bb2f-0974-17c4-02b1ec8a9b1c" executionId="76634f52-e354-48ba-8ecc-d246f85c035d" testListId="8c84fa94-04c1-424b-9868-57a2d4851a1d" />
    <TestEntry testId="5699d43b-bfa7-481f-0474-9a9301ddbef0" executionId="d54ba857-efec-4cdc-b3f4-b4715248f709" testListId="8c84fa94-04c1-424b-9868-57a2d4851a1d" />
    <TestEntry testId="5bea4530-c796-d98c-b37e-0bf9834bb016" executionId="41fd5804-c627-48a8-8a0b-7b16557050d4" testListId="8c84fa94-04c1-424b-9868-57a2d4851a1d" />
    <TestEntry testId="ea181725-304e-4cc4-8bcb-5182bd646448" executionId="94d8cc07-3a8b-4eb6-b188-fb9e10a1fc91" testListId="8c84fa94-04c1-424b-9868-57a2d4851a1d" />
    <TestEntry testId="2820d625-609e-8df1-be2e-54f45f94116b" executionId="ce4eef9e-d4c3-477c-b8c4-e5ce8ca01fe4" testListId="8c84fa94-04c1-424b-9868-57a2d4851a1d" />
    <TestEntry testId="4510ccf7-36db-8e02-5028-6ef595ef9238" executionId="5220e599-6d85-4380-94f7-8880ec4a2fd8" testListId="8c84fa94-04c1-424b-9868-57a2d4851a1d" />
    <TestEntry testId="523b92f4-898d-7cc7-e689-d5975b8374ee" executionId="2522a82c-dd43-487e-bf13-1bcc16d81ae4" testListId="8c84fa94-04c1-424b-9868-57a2d4851a1d" />
    <TestEntry testId="ff928513-162d-e085-f145-dee35035d811" executionId="ab445e5a-2108-4da5-960d-4736e38b093b" testListId="8c84fa94-04c1-424b-9868-57a2d4851a1d" />
    <TestEntry testId="56bc2a30-7431-366f-3cd8-0390dd04c1b6" executionId="5ac9f4d4-19c3-47ec-a562-14fc58fbf027" testListId="8c84fa94-04c1-424b-9868-57a2d4851a1d" />
    <TestEntry testId="e1e324d5-1895-b2a5-51fc-f5669f42b364" executionId="b4c6e36b-578e-473b-ab51-5dba7c632f7d" testListId="8c84fa94-04c1-424b-9868-57a2d4851a1d" />
    <TestEntry testId="420b8e42-f39e-d346-0c12-1e07533b1984" executionId="56a7dd6c-793c-4ecf-861f-d142473cc309" testListId="8c84fa94-04c1-424b-9868-57a2d4851a1d" />
    <TestEntry testId="ddc0ef36-7f91-531c-b15e-3ce594d4effc" executionId="2e5eafbb-53ef-44ed-a731-fd90b11114c8" testListId="8c84fa94-04c1-424b-9868-57a2d4851a1d" />
    <TestEntry testId="bf20d9b1-26e6-819b-2980-c3bcb8cd5366" executionId="40676853-5991-4e52-bd68-9835838b5656" testListId="8c84fa94-04c1-424b-9868-57a2d4851a1d" />
    <TestEntry testId="191d4ad9-bdce-2138-a783-33aefedbfec7" executionId="46ce3c01-d3be-477d-b09b-d5bfdd6a7add" testListId="8c84fa94-04c1-424b-9868-57a2d4851a1d" />
    <TestEntry testId="f99a3847-1f69-481e-31a1-d2fbcc2facd4" executionId="9cf13fbd-f273-498b-9b87-834316f4811a" testListId="8c84fa94-04c1-424b-9868-57a2d4851a1d" />
    <TestEntry testId="0e2f18c3-d10a-4d1b-1605-98e29230b088" executionId="abc8da1e-2a2c-49fc-bc4c-33cfa8c3670c" testListId="8c84fa94-04c1-424b-9868-57a2d4851a1d" />
    <TestEntry testId="07c18028-e476-f9b9-b536-4f84edee61f4" executionId="511d9f0a-2fc0-469a-9c05-85b5e5ffb812" testListId="8c84fa94-04c1-424b-9868-57a2d4851a1d" />
    <TestEntry testId="0f205b7b-b7e4-d1b8-1e8c-26d1b4231555" executionId="0b98ca22-e1a9-4a07-b52c-024d77cd5cb2" testListId="8c84fa94-04c1-424b-9868-57a2d4851a1d" />
    <TestEntry testId="460c058b-7131-2fcc-6c34-dc0936a6c442" executionId="0168017c-29ab-4107-b031-9d0e0ef44bad" testListId="8c84fa94-04c1-424b-9868-57a2d4851a1d" />
    <TestEntry testId="f7d013bf-844c-5140-5447-28322266c549" executionId="9508bec5-214b-489e-8260-68da0d77ddcf" testListId="8c84fa94-04c1-424b-9868-57a2d4851a1d" />
    <TestEntry testId="58e6c602-14c2-9d55-77c9-65e620bc43e6" executionId="60428253-0bfc-4daa-9802-56c1ee2781ca" testListId="8c84fa94-04c1-424b-9868-57a2d4851a1d" />
    <TestEntry testId="0fb17184-6c18-b606-f6a7-af0c56cff16d" executionId="65234658-e98a-4d6e-b1c1-b76ed90383fc" testListId="8c84fa94-04c1-424b-9868-57a2d4851a1d" />
    <TestEntry testId="57d2f222-dabf-1931-f74a-107500e05da4" executionId="fee6507a-a3ed-4345-9df3-74646e780f04" testListId="8c84fa94-04c1-424b-9868-57a2d4851a1d" />
    <TestEntry testId="5c6698e8-7f51-b362-71a2-8ce939c3580d" executionId="e3f361a2-1af6-4837-9db9-19c9d272af90" testListId="8c84fa94-04c1-424b-9868-57a2d4851a1d" />
    <TestEntry testId="127aa9dd-cc04-d0e2-0746-e44f2e070db9" executionId="a2f1f19b-040c-4b91-8ce9-9e2470450e1b" testListId="8c84fa94-04c1-424b-9868-57a2d4851a1d" />
    <TestEntry testId="08bfd4d5-ccd5-3644-2ed4-aa87ee903c9f" executionId="796febbc-92f9-4939-b48f-92d0edfc492f" testListId="8c84fa94-04c1-424b-9868-57a2d4851a1d" />
    <TestEntry testId="ab97186a-ec5a-c908-5c1d-428ddbe44d2b" executionId="b55fe892-430a-4cf0-b3ed-9448cc0742e9" testListId="8c84fa94-04c1-424b-9868-57a2d4851a1d" />
    <TestEntry testId="1b9e4056-ae08-6178-83f0-22316d897d12" executionId="401c0eb0-2591-4c1c-97f2-afcb31afd55e" testListId="8c84fa94-04c1-424b-9868-57a2d4851a1d" />
    <TestEntry testId="4fc82fd8-184f-1840-0105-855fe51690c6" executionId="14bde250-1c1d-418a-a13d-03f11d131d5c" testListId="8c84fa94-04c1-424b-9868-57a2d4851a1d" />
    <TestEntry testId="396e64f4-4b9f-1a79-1cda-28380d13b0bc" executionId="ba36175d-7f25-48c4-a8e6-78516c8fd089" testListId="8c84fa94-04c1-424b-9868-57a2d4851a1d" />
    <TestEntry testId="cca0fcc7-ae32-cae3-80e1-d419dbf11c2f" executionId="95ed7dc2-4f58-4ff0-88ee-f033b4edfb4a" testListId="8c84fa94-04c1-424b-9868-57a2d4851a1d" />
    <TestEntry testId="85cd42cc-a7e8-0a2a-4d93-d04e6a850a49" executionId="2aed106c-7a02-445b-8f1f-7600df74e33a" testListId="8c84fa94-04c1-424b-9868-57a2d4851a1d" />
    <TestEntry testId="79b567e2-f99e-8fc8-39fc-28d1643a0d21" executionId="bd61a847-b761-4ba5-a5b6-2da2e2642788" testListId="8c84fa94-04c1-424b-9868-57a2d4851a1d" />
    <TestEntry testId="b7e89f3b-eb65-20d1-c839-79102d768b48" executionId="83dd07e5-5b06-492c-ba5b-661ad482a8bb" testListId="8c84fa94-04c1-424b-9868-57a2d4851a1d" />
    <TestEntry testId="ef8e8c46-de6b-76b6-9c0f-cdce9dce6662" executionId="cc88948d-641e-4ae7-af9a-720df0bda55a" testListId="8c84fa94-04c1-424b-9868-57a2d4851a1d" />
    <TestEntry testId="ac89fe1d-27a2-5a25-ac33-e635cfdb3c90" executionId="bf621a4d-29e0-4a15-8c7f-cfb6d08626a5" testListId="8c84fa94-04c1-424b-9868-57a2d4851a1d" />
    <TestEntry testId="5b4f0f6b-7500-9d3a-dc13-e34405e8b22f" executionId="05573fe3-94e7-4959-bdbc-6f61ebca4504" testListId="8c84fa94-04c1-424b-9868-57a2d4851a1d" />
    <TestEntry testId="e8313b37-cad0-8bea-af01-abb87214c79f" executionId="d939ae0b-4c70-4007-9650-8804c00c2714" testListId="8c84fa94-04c1-424b-9868-57a2d4851a1d" />
    <TestEntry testId="2379f2a4-5f07-a34f-3a1d-5e919cd412d7" executionId="caf2ac56-767d-4375-b983-88ced2457480" testListId="8c84fa94-04c1-424b-9868-57a2d4851a1d" />
    <TestEntry testId="5e694850-8294-57c8-4195-a3f1001f6ca7" executionId="7ddb1800-6bf9-4d7d-9571-adcfea5935d6" testListId="8c84fa94-04c1-424b-9868-57a2d4851a1d" />
    <TestEntry testId="2d317ff8-6ca3-bc10-25ad-dac6170b3fb0" executionId="da89a714-74f9-471e-a94c-5d5b9da4b31b" testListId="8c84fa94-04c1-424b-9868-57a2d4851a1d" />
    <TestEntry testId="1898efd5-196a-37ac-00c2-cf7bfac58602" executionId="88add089-9c8d-4176-8577-7c4f32319e1f" testListId="8c84fa94-04c1-424b-9868-57a2d4851a1d" />
    <TestEntry testId="9cf5e211-bf76-77a7-1a51-2660dd37747b" executionId="e3a3ff46-9bda-41af-866d-ccd539631140" testListId="8c84fa94-04c1-424b-9868-57a2d4851a1d" />
    <TestEntry testId="1162438d-489e-5b8c-425b-42278f400ae0" executionId="0ee9fac7-ce01-4cbf-ac0f-6107252c7456" testListId="8c84fa94-04c1-424b-9868-57a2d4851a1d" />
    <TestEntry testId="d4e6916d-b5c3-4e34-a42a-88ee7c6ccaa9" executionId="4e29f9af-d94f-496e-adc5-0e84aff39f58" testListId="8c84fa94-04c1-424b-9868-57a2d4851a1d" />
    <TestEntry testId="d2a5ca71-63b3-74b7-abd6-f4ce50c7e642" executionId="ebf2c13c-e25c-40d9-b00f-df93b0603610" testListId="8c84fa94-04c1-424b-9868-57a2d4851a1d" />
    <TestEntry testId="ed78253e-5e7b-e7fd-c865-316f069a0d67" executionId="c2c82699-bb50-42c5-864b-2533394dfea3" testListId="8c84fa94-04c1-424b-9868-57a2d4851a1d" />
    <TestEntry testId="4d638e32-5855-1388-3e9e-cde5f0a77c27" executionId="2b2d5250-7ec8-4550-9e37-80af18de250c" testListId="8c84fa94-04c1-424b-9868-57a2d4851a1d" />
    <TestEntry testId="d8d2522c-d687-f307-5915-98cd323cb3f9" executionId="eea7f595-5130-4f69-aaa5-b3aeebe94608" testListId="8c84fa94-04c1-424b-9868-57a2d4851a1d" />
    <TestEntry testId="dc336b25-76b0-1ed1-8abe-705617b468be" executionId="a5455089-6747-4ba3-9584-7299484352c4" testListId="8c84fa94-04c1-424b-9868-57a2d4851a1d" />
    <TestEntry testId="d3ba0755-91e1-30c5-315a-f25399e3023a" executionId="d7924703-d3f3-42f7-ad7d-82809647e624" testListId="8c84fa94-04c1-424b-9868-57a2d4851a1d" />
    <TestEntry testId="c9d681f3-7d2a-3b30-6a06-24588c794ac5" executionId="5785c206-b0ca-4bab-a840-724ac65d8f60" testListId="8c84fa94-04c1-424b-9868-57a2d4851a1d" />
    <TestEntry testId="b6897335-ba4e-a142-6fbc-5f99f55eddfb" executionId="ae19c135-ef5e-4134-9e74-e9b9941caae1" testListId="8c84fa94-04c1-424b-9868-57a2d4851a1d" />
    <TestEntry testId="98f3b8cc-a409-a327-2cce-f0ebee095d09" executionId="a7562fb8-00d8-4f92-8d7e-d53f2f12278c" testListId="8c84fa94-04c1-424b-9868-57a2d4851a1d" />
    <TestEntry testId="c0b34bd0-4b58-a51d-1f25-53756c16dc68" executionId="7559395d-3040-4a86-b472-4a62ef9718ed" testListId="8c84fa94-04c1-424b-9868-57a2d4851a1d" />
    <TestEntry testId="f70e1f82-15d8-1be1-b2b4-b9f0d083e660" executionId="4f4595ef-7261-43ba-a6ef-4a2980e43353" testListId="8c84fa94-04c1-424b-9868-57a2d4851a1d" />
    <TestEntry testId="5c6e6cca-5cd4-1632-9ca1-9c14b9dbd1c4" executionId="5d72e3f2-34f8-477e-84e1-7bcd75dfb22c" testListId="8c84fa94-04c1-424b-9868-57a2d4851a1d" />
    <TestEntry testId="12446332-be04-0a8f-d8db-23e5eb680c27" executionId="a81b35e8-cf7e-405a-9310-1c07dc71bea6" testListId="8c84fa94-04c1-424b-9868-57a2d4851a1d" />
    <TestEntry testId="eaf85329-ca0a-c954-261a-a3bcb16c9517" executionId="f59df452-27b1-4ba8-a59e-58ac72d53e9e" testListId="8c84fa94-04c1-424b-9868-57a2d4851a1d" />
    <TestEntry testId="32087f87-3ab9-f41c-43c0-e6fe3bc56d49" executionId="1e4e2d5f-ae94-448f-841d-34b31e9296fe" testListId="8c84fa94-04c1-424b-9868-57a2d4851a1d" />
    <TestEntry testId="cf957190-74f0-1644-0567-383976a0bbbf" executionId="2ed78da3-8fa1-4ee8-b9a0-37cceef98c2e" testListId="8c84fa94-04c1-424b-9868-57a2d4851a1d" />
    <TestEntry testId="f8f31b6e-9a57-18ef-ecb2-7d1dc23e1ba3" executionId="28dab595-2d0c-4283-b04c-31a310bd5c9d" testListId="8c84fa94-04c1-424b-9868-57a2d4851a1d" />
    <TestEntry testId="2c5acb84-e512-ccac-4b8b-8ea6b0d3920c" executionId="1a0102ad-8906-4c74-bf57-700bfc3d874b" testListId="8c84fa94-04c1-424b-9868-57a2d4851a1d" />
    <TestEntry testId="3328ea28-7cd9-8126-b497-abe963133f32" executionId="e81028b1-c3bb-4443-962a-f0436b18b590" testListId="8c84fa94-04c1-424b-9868-57a2d4851a1d" />
    <TestEntry testId="f10986fe-03bc-a93b-c860-23e4c247fc73" executionId="397508c9-2f72-4749-a218-931cbcd9160d" testListId="8c84fa94-04c1-424b-9868-57a2d4851a1d" />
    <TestEntry testId="62822ede-d7ae-a303-deb5-5de2d01d3518" executionId="07acb7f9-5356-42ff-ae59-4a9cd7601c23" testListId="8c84fa94-04c1-424b-9868-57a2d4851a1d" />
    <TestEntry testId="d4223cb2-795f-acc3-97c9-3a959ae1fbec" executionId="885e4713-d19b-4264-859e-3719352c5033" testListId="8c84fa94-04c1-424b-9868-57a2d4851a1d" />
    <TestEntry testId="01347002-569a-eb94-de92-c8249c2837bc" executionId="5278bc18-074b-4746-b3ff-8c4aa8ce6481" testListId="8c84fa94-04c1-424b-9868-57a2d4851a1d" />
    <TestEntry testId="62c23b49-01d5-ec14-64fa-60b14f5b3266" executionId="b9a6b505-9d29-474d-912f-d38d7a394741" testListId="8c84fa94-04c1-424b-9868-57a2d4851a1d" />
    <TestEntry testId="e870b60f-b9cd-9456-770e-be1a0622deb5" executionId="11f63174-031e-4e4d-acd6-8d89d4a86c2e" testListId="8c84fa94-04c1-424b-9868-57a2d4851a1d" />
    <TestEntry testId="b9382f39-7336-6f35-11b0-2a8908162fac" executionId="e282d236-e025-4ba7-a57b-e6ecaf65d35a" testListId="8c84fa94-04c1-424b-9868-57a2d4851a1d" />
    <TestEntry testId="0d9db47e-d139-26d1-245c-06168dee7980" executionId="d1e0989e-0ddf-4028-b56f-7bc1f9893526" testListId="8c84fa94-04c1-424b-9868-57a2d4851a1d" />
    <TestEntry testId="8f46b4dc-24ba-0a98-6e75-5962fc8b7e13" executionId="9b07263b-0e0d-4388-a696-655d1e840408" testListId="8c84fa94-04c1-424b-9868-57a2d4851a1d" />
    <TestEntry testId="a6eb5918-3ab1-9078-7b27-8e40be1748bf" executionId="6898a715-3a71-4e93-a58c-8ea2a77547ec" testListId="8c84fa94-04c1-424b-9868-57a2d4851a1d" />
    <TestEntry testId="16b9e740-57f9-b3e8-d3d8-86b65bd85034" executionId="16fbb960-6af7-4eb4-bd0a-36aca6870ad4" testListId="8c84fa94-04c1-424b-9868-57a2d4851a1d" />
    <TestEntry testId="156ad963-ef4e-d174-5b3c-8f7b12cb6828" executionId="9128a9c4-afb5-4474-9add-32da2fafe5f3" testListId="8c84fa94-04c1-424b-9868-57a2d4851a1d" />
    <TestEntry testId="3de12998-9393-9903-170e-284355b304ad" executionId="a97a801f-21b2-4da2-9b4c-35a7d3bba831" testListId="8c84fa94-04c1-424b-9868-57a2d4851a1d" />
    <TestEntry testId="da679504-2dbb-78ee-d7fc-01f27c75e0cc" executionId="897de9ce-e1a4-4b0f-9de4-599931fc43ff" testListId="8c84fa94-04c1-424b-9868-57a2d4851a1d" />
    <TestEntry testId="86c93201-f1f8-1299-bf26-243f1336a5e7" executionId="7d0f186d-e84c-47c6-b446-2957b259095d" testListId="8c84fa94-04c1-424b-9868-57a2d4851a1d" />
    <TestEntry testId="17fba494-c246-d3ef-ffcd-fd9dfdae82dd" executionId="96c76e09-1cf1-4213-b191-901ca696819b" testListId="8c84fa94-04c1-424b-9868-57a2d4851a1d" />
    <TestEntry testId="f6bf3045-329d-5362-b062-36ec5089da9b" executionId="718ca6aa-0935-4126-8b7a-3dea5f3eb7e2" testListId="8c84fa94-04c1-424b-9868-57a2d4851a1d" />
    <TestEntry testId="21295eb5-b67c-57fc-2827-af49702d43cb" executionId="46902f9e-5566-4f0c-928c-d0369496c9f4" testListId="8c84fa94-04c1-424b-9868-57a2d4851a1d" />
    <TestEntry testId="31d09e3d-7f4d-771c-fcf2-17618432c75c" executionId="b60dcdf8-2c80-42bc-8aae-d8813e12b5c1" testListId="8c84fa94-04c1-424b-9868-57a2d4851a1d" />
    <TestEntry testId="3436681d-5283-dca4-7aad-db3743bc4bf6" executionId="73b886dc-9be0-4cb7-a391-668e5b855404" testListId="8c84fa94-04c1-424b-9868-57a2d4851a1d" />
    <TestEntry testId="98f3ba08-a10b-9949-a79e-150238875d08" executionId="9eb5912b-1542-4e06-99a6-0ffb2d3f0086" testListId="8c84fa94-04c1-424b-9868-57a2d4851a1d" />
    <TestEntry testId="49a974b3-ec64-d3af-0151-561a64779c12" executionId="fc1d6bcb-c49d-492c-924c-be335b08d425" testListId="8c84fa94-04c1-424b-9868-57a2d4851a1d" />
    <TestEntry testId="0292a43c-fff5-8a73-f216-496011be59f2" executionId="ef2a3658-1311-4d0b-bc97-f32998a27295" testListId="8c84fa94-04c1-424b-9868-57a2d4851a1d" />
    <TestEntry testId="d0f4ec86-2b86-2cd8-ac68-409545882993" executionId="5e50af4e-e437-465c-af71-9b996eb900c3" testListId="8c84fa94-04c1-424b-9868-57a2d4851a1d" />
    <TestEntry testId="4a24944e-583e-e01a-529b-88059ce4229f" executionId="88830e43-53cd-4aa4-93ff-c83efd10c89c" testListId="8c84fa94-04c1-424b-9868-57a2d4851a1d" />
    <TestEntry testId="5c0ec21b-359a-7e0f-4182-44eb294aa758" executionId="f5557f58-4b1c-4e60-8668-334d4235753f" testListId="8c84fa94-04c1-424b-9868-57a2d4851a1d" />
    <TestEntry testId="23010815-be15-7fb0-5f11-ae62528f19b0" executionId="03206634-4120-442e-ae70-de156bcb5a53" testListId="8c84fa94-04c1-424b-9868-57a2d4851a1d" />
    <TestEntry testId="2dc10e4d-0215-3f23-67b5-47a4fe1b7ab1" executionId="fbb8d581-87d3-4b36-8aa9-5faef2dc99c4" testListId="8c84fa94-04c1-424b-9868-57a2d4851a1d" />
    <TestEntry testId="b8760095-196b-9486-9ec7-d0fcb8b1c53c" executionId="b480be27-ae06-47f1-9043-0b78d11fbe59" testListId="8c84fa94-04c1-424b-9868-57a2d4851a1d" />
    <TestEntry testId="d618c68d-88ae-88f4-1bc5-f56301e716ed" executionId="2a653885-5f9d-4960-95a3-17a7dbb28636" testListId="8c84fa94-04c1-424b-9868-57a2d4851a1d" />
    <TestEntry testId="899e75ac-735e-e41d-941c-31a4337e1cb7" executionId="7f56680f-900f-4b8c-a5ca-732d3a3da883" testListId="8c84fa94-04c1-424b-9868-57a2d4851a1d" />
    <TestEntry testId="a69eddad-1d10-e519-4d70-67bf86829651" executionId="55b347d6-12ca-47d8-a39b-8a2502b1cd4c" testListId="8c84fa94-04c1-424b-9868-57a2d4851a1d" />
    <TestEntry testId="d0950b0b-ed3c-7fe5-5ab1-a2a80aa43ac2" executionId="74d36814-1a5e-406d-a134-942d1ccc0234" testListId="8c84fa94-04c1-424b-9868-57a2d4851a1d" />
    <TestEntry testId="aa85e4af-cb36-19c8-0057-a6b24c106f4d" executionId="19d4e090-2794-4b3c-878c-cff53f9c8c7e" testListId="8c84fa94-04c1-424b-9868-57a2d4851a1d" />
    <TestEntry testId="f908d2f2-d10f-a35a-dcc7-beef8d7bcb26" executionId="e3750816-9160-4850-aa45-35a270bc61bb" testListId="8c84fa94-04c1-424b-9868-57a2d4851a1d" />
    <TestEntry testId="8d07d365-e6b3-65ac-7ac7-e1c25fe2e0cb" executionId="85af7d0a-ab6d-4852-bf21-2e0d314d8238" testListId="8c84fa94-04c1-424b-9868-57a2d4851a1d" />
    <TestEntry testId="8814ad4a-610b-1476-179c-7964a75f96e9" executionId="89d0195b-db7f-4d38-9626-c161e5770df6" testListId="8c84fa94-04c1-424b-9868-57a2d4851a1d" />
    <TestEntry testId="837239c5-67a3-15ad-e8a9-edc4254dd4db" executionId="4d96eeb5-4fd5-4cfc-8b67-ca50542ca8e6" testListId="8c84fa94-04c1-424b-9868-57a2d4851a1d" />
    <TestEntry testId="d7776958-df7b-aafc-c999-c6ac276b3cb8" executionId="af46961f-6445-4366-bd9a-348301a8e679" testListId="8c84fa94-04c1-424b-9868-57a2d4851a1d" />
    <TestEntry testId="70b5096a-4d76-50d1-927f-d842acd0d8ad" executionId="8a2a6356-9521-4097-b9ac-e1c42d6a2e0c" testListId="8c84fa94-04c1-424b-9868-57a2d4851a1d" />
    <TestEntry testId="17ddc304-caf1-92fb-26b0-9e5ce0e35f12" executionId="8c101dd2-12b3-4515-9b53-79155c09a1dd" testListId="8c84fa94-04c1-424b-9868-57a2d4851a1d" />
    <TestEntry testId="47b1dee1-d457-b144-965d-3ecfde9a5fd1" executionId="5bb2b7ec-9950-4b81-a3df-154879a0a94d" testListId="8c84fa94-04c1-424b-9868-57a2d4851a1d" />
    <TestEntry testId="bc8bcbad-6dab-8a10-872a-1cd128e497ce" executionId="0382e5b4-f535-4bab-81b1-b964ad2a8f98" testListId="8c84fa94-04c1-424b-9868-57a2d4851a1d" />
    <TestEntry testId="882fb25a-af60-c1a9-9ac5-8c717310c276" executionId="b4883a29-1a9e-4f03-a0d3-a653175c98eb" testListId="8c84fa94-04c1-424b-9868-57a2d4851a1d" />
    <TestEntry testId="a7a8df94-1db0-153a-c800-e2df07e46ab8" executionId="80a6a505-f973-4f82-9262-2ede9b5b0287" testListId="8c84fa94-04c1-424b-9868-57a2d4851a1d" />
    <TestEntry testId="884a4ca8-cd4f-64c9-09ad-1d353ec31c8c" executionId="5876b523-f78e-410c-8734-dab15f716d08" testListId="8c84fa94-04c1-424b-9868-57a2d4851a1d" />
    <TestEntry testId="f95a6f19-ee3b-53de-cf88-883fcaddfe39" executionId="480a4299-b697-41c9-9c27-bc0f3e7fa47b" testListId="8c84fa94-04c1-424b-9868-57a2d4851a1d" />
    <TestEntry testId="3757ab62-2418-b96f-a6e8-6a2ddff7f5be" executionId="3eaa3618-a0b1-4e5e-8a53-ca5cf4504787" testListId="8c84fa94-04c1-424b-9868-57a2d4851a1d" />
    <TestEntry testId="ee8371a4-6a8c-8220-7b9b-c4b425e74e47" executionId="0520e929-5fc0-4823-920d-17dc876ab8ed" testListId="8c84fa94-04c1-424b-9868-57a2d4851a1d" />
    <TestEntry testId="5d94c71d-df20-d6cd-d92c-a694e0aa36bf" executionId="bb0109fa-e836-4dc5-9626-079ecd5d675d" testListId="8c84fa94-04c1-424b-9868-57a2d4851a1d" />
    <TestEntry testId="7003bcc1-5465-4329-b7ef-878c9e819482" executionId="355a626f-3d62-4c54-9e76-7e9521fde16a" testListId="8c84fa94-04c1-424b-9868-57a2d4851a1d" />
    <TestEntry testId="f2fbd149-e2af-5637-9417-20622b33fae0" executionId="16e6b3d9-0fcf-4242-b17b-44ffc2d164b3" testListId="8c84fa94-04c1-424b-9868-57a2d4851a1d" />
    <TestEntry testId="a4820a9f-81f2-f74a-e78b-327ea50d8b48" executionId="b823b335-f867-49d3-a1f1-c29ba506faf2" testListId="8c84fa94-04c1-424b-9868-57a2d4851a1d" />
    <TestEntry testId="6e08402d-8997-90dc-9b66-886438ad27db" executionId="33753876-2cbd-4482-bbd8-08c68c710a8f" testListId="8c84fa94-04c1-424b-9868-57a2d4851a1d" />
    <TestEntry testId="c03a005c-b69d-99fa-b651-b26bd5d00566" executionId="25c0398b-57ba-421c-a1a9-c7f7594dbf13" testListId="8c84fa94-04c1-424b-9868-57a2d4851a1d" />
    <TestEntry testId="e3a562d7-b300-5f52-06c2-7be31e66bd96" executionId="ed62002e-8418-49f0-b733-74ba45f4629c" testListId="8c84fa94-04c1-424b-9868-57a2d4851a1d" />
    <TestEntry testId="e7dc9dd3-4cd3-3bf6-c7c0-12fcc1c1c5cd" executionId="a304bd9d-1c64-4f97-9663-7f62fc006fbb" testListId="8c84fa94-04c1-424b-9868-57a2d4851a1d" />
    <TestEntry testId="dea7da76-cc4d-9db9-653c-019847e5cc46" executionId="7f0f7865-1c34-4d4f-b661-2f39437b7c82" testListId="8c84fa94-04c1-424b-9868-57a2d4851a1d" />
    <TestEntry testId="988daa97-185a-b36c-e2bb-1662c7eee467" executionId="d05aff6e-1724-4d6f-95e2-f8a5810e199f" testListId="8c84fa94-04c1-424b-9868-57a2d4851a1d" />
    <TestEntry testId="dbe39e81-54e6-8534-594e-60312842c80d" executionId="0ad787dc-5992-4d9f-b848-35ec0c96597b" testListId="8c84fa94-04c1-424b-9868-57a2d4851a1d" />
  </TestEntries>
  <Results>
    <UnitTestResult executionId="0c6c7d71-b8c0-4bcc-b897-cbc580af0fc4" testId="91def432-fbea-17eb-b53c-7901190b4267" testName="ApplyAndBuy_AuthenicatedUserShoppingDebitAndGetReferralMessage" computerName="MW00977477" duration="00:00:04.2500223" startTime="2015-12-26T17:16:52.0125098-08:00" endTime="2015-12-26T17:16:56.5565098-08:00" testType="13cdc9d9-ddb5-4fa4-a97d-d965ccfc6d4b" outcome="Passed" testListId="8c84fa94-04c1-424b-9868-57a2d4851a1d" relativeResultsDirectory="0c6c7d71-b8c0-4bcc-b897-cbc580af0fc4">
    </UnitTestResult>
    <UnitTestResult executionId="4273493c-3302-45f3-9b67-3c3a39fad422" testId="be41ddfc-25fa-b2a0-7284-601f53ddb8d4" testName="ApplyAndBuy_AuthenicatedUserShoppingRetailCard_ShouldBeAbleToDeclineTheOffer" computerName="MW00977477" duration="00:02:54.7740598" startTime="2015-12-26T17:16:56.5585098-08:00" endTime="2015-12-26T17:19:51.3336762-08:00" testType="13cdc9d9-ddb5-4fa4-a97d-d965ccfc6d4b" outcome="Failed" testListId="8c84fa94-04c1-424b-9868-57a2d4851a1d" relativeResultsDirectory="4273493c-3302-45f3-9b67-3c3a39fad422">
      <Output>
        <DebugTrace>Page loaded succesfully with URL = https://tsecure.dev.nordstrom.com/signIn.aspx
Page loaded succesfully with URL = https://tsecure.dev.nordstrom.com/signIn.aspx
Page loaded succesfully with URL = https://tsecure.dev.nordstrom.com/signIn.aspx
Page loaded succesfully with URL = https://tsecure.dev.nordstrom.com/signIn.aspx
Element is not Valid: Exception =Could not find element by: By.Id: ctl00_mainContentPlaceHolder_emailPreferences_checkboxSendMeUpdates
Element Not found with the given locator (By.Id: ctl00_mainContentPlaceHolder_emailPreferences_checkboxSendMeUpdates)
Element not found with given locator By.Id: ctl00_mainContentPlaceHolder_emailPreferences_checkboxSendMeUpdates
Timed out waiting for element Not to be visible with locator: By.CssSelector: #ctl00_backgroundOverlay
WaitForElementToDisappear: Given locator not going away after 30 seconds - locator id: By.CssSelector: #ctl00_backgroundOverlay
Timed out waiting for element to be visible with locator: By.LinkText: Sign Out
Element is not Valid: Exception =Could not find element by: By.Id: ctl00_mainContentPlaceHolder_accountProfileForm_validatorFirstNameRequired
Element is not Valid: Exception =Could not find element by: By.Id: ctl00_mainContentPlaceHolder_signIn_validatorEmailAddressRequired
Element is not Valid: Exception =Could not find element by: By.Id: ctl00_mainContentPlaceHolder_accountProfileForm_validatorEmail2Required
Element is not Valid: Exception =Could not find element by: By.Id: ctl00_mainContentPlaceHolder_signIn_validatorPasswordRequired
Element is not Valid: Exception =Could not find element by: By.Id: ctl00_mainContentPlaceHolder_accountProfileForm_validatorGenderRequired
Page loaded succesfully with URL = http://tshop.dev.nordstrom.com/c/rewards-cards?origin=footer
Page loaded succesfully with URL = https://tsecure.dev.nordstrom.com/InstantCreditApproval/ApplyForCredit.aspx?ProductSelectedForApplication=1
Page loaded succesfully with URL = https://tsecure.dev.nordstrom.com/InstantCreditApproval/ApplyForCredit.aspx?ProductSelectedForApplication=1
Page loaded succesfully with URL = https://tsecure.dev.nordstrom.com/InstantCreditApproval/ApplyForCredit.aspx?ProductSelectedForApplication=1
</DebugTrace>
        <ErrorInfo>
          <Message>Test method Nordstrom.Web.Test.UI.LoyaltyWeb.ApplyAndBuyTests.ApplyAndBuy_AuthenicatedUserShoppingRetailCard_ShouldBeAbleToDeclineTheOffer threw exception: 
System.Reflection.TargetInvocationException: Exception has been thrown by the target of an invocation. ---&gt; OpenQA.Selenium.InvalidElementStateException: invalid element state
  (Session info: chrome=47.0.2526.106)
  (Driver info: chromedriver=2.20.353145 (343b531d31eeb933ec778dbcf7081628a1396067),platform=Windows NT 6.1 SP1 x86_64)</Message>
          <StackTrace>    at OpenQA.Selenium.Remote.RemoteWebDriver.UnpackAndThrowOnError(Response errorResponse)
   at OpenQA.Selenium.Remote.RemoteWebDriver.Execute(String driverCommandToExecute, Dictionary`2 parameters)
   at OpenQA.Selenium.Remote.RemoteWebElement.SendKeys(String text)
 --- End of inner exception stack trace ---
    at System.RuntimeMethodHandle.InvokeMethod(Object target, Object[] arguments, Signature sig, Boolean constructor)
   at System.Reflection.RuntimeMethodInfo.UnsafeInvokeInternal(Object obj, Object[] parameters, Object[] arguments)
   at System.Reflection.RuntimeMethodInfo.Invoke(Object obj, BindingFlags invokeAttr, Binder binder, Object[] parameters, CultureInfo culture)
   at OpenQA.Selenium.Support.PageObjects.WebDriverObjectProxy.InvokeMethod(IMethodCallMessage msg, Object representedValue)
   at OpenQA.Selenium.Support.PageObjects.WebElementProxy.Invoke(IMessage msg)
   at System.Runtime.Remoting.Proxies.RealProxy.PrivateInvoke(MessageData&amp; msgData, Int32 type)
   at OpenQA.Selenium.IWebElement.SendKeys(String text)
   at Nordstrom.Web.Test.UI.Common.PageObjects.CreditCardApplicationPage.FillApplyAndBuyCardApplication(CardType applyAndBuyCardType, ApplyAndBuyApplicationCardsCard cardDetails) in c:\LoyaltyWebTest\Web\Test\UI\Common\PageObjects\CreditCardApplicationPage.cs:line 469
   at Nordstrom.Web.Test.UI.Common.PageObjects.CreditCardApplicationPage.AgreeAndApplyCardApplication(CardType applyAndBuyCardType, ApplyAndBuyApplicationCardsCard cardDetails) in c:\LoyaltyWebTest\Web\Test\UI\Common\PageObjects\CreditCardApplicationPage.cs:line 422
   at Nordstrom.Web.Test.UI.LoyaltyWeb.ApplyAndBuyTests.ApplyAndBuy_AuthenicatedUserShoppingRetailCard_ShouldBeAbleToDeclineTheOffer() in c:\LoyaltyWebTest\Web\Test\UI\LoyaltyWeb\LoyaltyWebTest\LoyaltyWebTest\ApplyAndBuyTests.cs:line 56
</StackTrace>
        </ErrorInfo>
      </Output>
    </UnitTestResult>
    <UnitTestResult executionId="1c83910a-f9c9-4f74-8db5-ba1ca1156a0c" testId="4664e0a6-2072-9199-590f-6521601f9324" testName="ApplyAndBuy_AuthenicatedUserShoppingVisa_ShouldGetReferralMessage" computerName="MW00977477" duration="00:02:50.8486087" startTime="2015-12-26T17:19:51.3356764-08:00" endTime="2015-12-26T17:22:42.1977609-08:00" testType="13cdc9d9-ddb5-4fa4-a97d-d965ccfc6d4b" outcome="Failed" testListId="8c84fa94-04c1-424b-9868-57a2d4851a1d" relativeResultsDirectory="1c83910a-f9c9-4f74-8db5-ba1ca1156a0c">
      <Output>
        <DebugTrace>Page loaded succesfully with URL = https://tsecure.dev.nordstrom.com/signIn.aspx
Page loaded succesfully with URL = https://tsecure.dev.nordstrom.com/signIn.aspx
Page loaded succesfully with URL = https://tsecure.dev.nordstrom.com/signIn.aspx
Page loaded succesfully with URL = https://tsecure.dev.nordstrom.com/signIn.aspx
Element is not Valid: Exception =Could not find element by: By.Id: ctl00_mainContentPlaceHolder_emailPreferences_checkboxSendMeUpdates
Element Not found with the given locator (By.Id: ctl00_mainContentPlaceHolder_emailPreferences_checkboxSendMeUpdates)
Element not found with given locator By.Id: ctl00_mainContentPlaceHolder_emailPreferences_checkboxSendMeUpdates
WaitForElementToDisappear: progresss indicator appeared/went away
Element is not Valid: Exception =Could not find element by: By.Id: ctl00_mainContentPlaceHolder_accountProfileForm_validatorFirstNameRequired
Element is not Valid: Exception =Could not find element by: By.Id: ctl00_mainContentPlaceHolder_signIn_validatorEmailAddressRequired
Element is not Valid: Exception =Could not find element by: By.Id: ctl00_mainContentPlaceHolder_accountProfileForm_validatorEmail2Required
Element is not Valid: Exception =Could not find element by: By.Id: ctl00_mainContentPlaceHolder_signIn_validatorPasswordRequired
Element is not Valid: Exception =Could not find element by: By.Id: ctl00_mainContentPlaceHolder_accountProfileForm_validatorGenderRequired
Element is not Valid: Exception =Could not find element by: By.Id: ctl00_mainContentPlaceHolder_accountProfileForm_validatorFirstNameRequired
Element is not Valid: Exception =Could not find element by: By.Id: ctl00_mainContentPlaceHolder_signIn_validatorEmailAddressRequired
Element is not Valid: Exception =Could not find element by: By.Id: ctl00_mainContentPlaceHolder_accountProfileForm_validatorEmail2Required
Element is not Valid: Exception =Could not find element by: By.Id: ctl00_mainContentPlaceHolder_signIn_validatorPasswordRequired
Element is not Valid: Exception =Could not find element by: By.Id: ctl00_mainContentPlaceHolder_accountProfileForm_validatorGenderRequired
</DebugTrace>
        <ErrorInfo>
          <Message>Test method Nordstrom.Web.Test.UI.LoyaltyWeb.ApplyAndBuyTests.ApplyAndBuy_AuthenicatedUserShoppingVisa_ShouldGetReferralMessage threw exception: 
System.Reflection.TargetInvocationException: Exception has been thrown by the target of an invocation. ---&gt; OpenQA.Selenium.WebDriverException: The HTTP request to the remote WebDriver server for URL http://localhost:62072/session/6aa6755ce4c0f4881820794f46fc0849/element/0.30970983975566924-3/click timed out after 60 seconds. ---&gt; System.Net.WebException: The operation has timed out</Message>
          <StackTrace>    at System.Net.HttpWebRequest.GetResponse()
   at OpenQA.Selenium.Remote.HttpCommandExecutor.CreateResponse(WebRequest request)
 --- End of inner exception stack trace ---
    at OpenQA.Selenium.Remote.HttpCommandExecutor.CreateResponse(WebRequest request)
   at OpenQA.Selenium.Remote.HttpCommandExecutor.Execute(Command commandToExecute)
   at OpenQA.Selenium.Remote.DriverServiceCommandExecutor.Execute(Command commandToExecute)
   at OpenQA.Selenium.Remote.RemoteWebDriver.Execute(String driverCommandToExecute, Dictionary`2 parameters)
   at OpenQA.Selenium.Remote.RemoteWebElement.Click()
 --- End of inner exception stack trace ---
    at System.RuntimeMethodHandle.InvokeMethod(Object target, Object[] arguments, Signature sig, Boolean constructor)
   at System.Reflection.RuntimeMethodInfo.UnsafeInvokeInternal(Object obj, Object[] parameters, Object[] arguments)
   at System.Reflection.RuntimeMethodInfo.Invoke(Object obj, BindingFlags invokeAttr, Binder binder, Object[] parameters, CultureInfo culture)
   at OpenQA.Selenium.Support.PageObjects.WebDriverObjectProxy.InvokeMethod(IMethodCallMessage msg, Object representedValue)
   at OpenQA.Selenium.Support.PageObjects.WebElementProxy.Invoke(IMessage msg)
   at System.Runtime.Remoting.Proxies.RealProxy.PrivateInvoke(MessageData&amp; msgData, Int32 type)
   at OpenQA.Selenium.IWebElement.Click()
   at Nordstrom.ECommerce.Test.SeleniumHelper.SeleniumActionHelper.Click(By locator, IWebElement element)
   at Nordstrom.Web.Test.UI.Common.PageObjects.Navigation.Footer.ClickOnApplyForNordstromCard() in c:\LoyaltyWebTest\Web\Test\UI\Common\PageObjects\Navigation\Footer.cs:line 54
   at Nordstrom.Web.Test.UI.LoyaltyWeb.ApplyAndBuyTests.ApplyAndBuy_AuthenicatedUserShoppingVisa_ShouldGetReferralMessage() in c:\LoyaltyWebTest\Web\Test\UI\LoyaltyWeb\LoyaltyWebTest\LoyaltyWebTest\ApplyAndBuyTests.cs:line 109
</StackTrace>
        </ErrorInfo>
      </Output>
    </UnitTestResult>
    <UnitTestResult executionId="60a86aac-4aa5-4453-84cf-9b8ab29b6577" testId="f6a49cf4-cec6-b39d-0a74-ea69e0256c99" testName="ApplyAndBuy_AuthenticatedNewUserApplyForDebitCard_PlaceOrderWithInstantApprovedDebitCard" computerName="MW00977477" duration="00:02:10.7791880" startTime="2015-12-26T17:22:42.2137625-08:00" endTime="2015-12-26T17:24:53.0058404-08:00" testType="13cdc9d9-ddb5-4fa4-a97d-d965ccfc6d4b" outcome="Failed" testListId="8c84fa94-04c1-424b-9868-57a2d4851a1d" relativeResultsDirectory="60a86aac-4aa5-4453-84cf-9b8ab29b6577">
      <Output>
        <DebugTrace>Page loaded succesfully with URL = https://tsecure.dev.nordstrom.com/signIn.aspx
Page loaded succesfully with URL = https://tsecure.dev.nordstrom.com/signIn.aspx
Page loaded succesfully with URL = https://tsecure.dev.nordstrom.com/signIn.aspx
Page loaded succesfully with URL = https://tsecure.dev.nordstrom.com/signIn.aspx
Timed out waiting for element to be visible with locator: By.CssSelector: #ctl00_backgroundOverlay
WaitForElementToDisappear: Given Locator did not appear after 10 seconds - but ok - locator id: By.CssSelector: #ctl00_backgroundOverlay
Timed out waiting for element to be visible with locator: By.LinkText: Sign Out
Timed out waiting for element to be visible with locator: By.LinkText: Sign Out
VerifyCreatedAccount: sign out link is not visible
CreateNordAccount: Exception occured when creating new account: exception = 'Assert.IsTrue failed. Verify a new account has been created successfully'
Page loaded succesfully with URL = http://tshop.dev.nordstrom.com/c/rewards-cards?origin=footer
Page loaded succesfully with URL = https://tsecure.dev.nordstrom.com/InstantCreditApproval/ApplyForCredit.aspx?ProductSelectedForApplication=2
Page loaded succesfully with URL = https://tsecure.dev.nordstrom.com/InstantCreditApproval/ApplyForCredit.aspx?ProductSelectedForApplication=2
Page loaded succesfully with URL = https://tsecure.dev.nordstrom.com/InstantCreditApproval/ApplyForCredit.aspx?ProductSelectedForApplication=2
</DebugTrace>
        <ErrorInfo>
          <Message>Test method Nordstrom.Web.Test.UI.LoyaltyWeb.ApplyAndBuyTests.ApplyAndBuy_AuthenticatedNewUserApplyForDebitCard_PlaceOrderWithInstantApprovedDebitCard threw exception: 
OpenQA.Selenium.WebDriverException: The HTTP request to the remote WebDriver server for URL http://localhost:62342/session/474d4741cddd114c6cd5c0e4412c83c8/element/0.8407803168520331-1/click timed out after 60 seconds. ---&gt; System.Net.WebException: The operation has timed out</Message>
          <StackTrace>    at System.Net.HttpWebRequest.GetResponse()
   at OpenQA.Selenium.Remote.HttpCommandExecutor.CreateResponse(WebRequest request)
 --- End of inner exception stack trace ---
    at OpenQA.Selenium.Remote.HttpCommandExecutor.CreateResponse(WebRequest request)
   at OpenQA.Selenium.Remote.HttpCommandExecutor.Execute(Command commandToExecute)
   at OpenQA.Selenium.Remote.DriverServiceCommandExecutor.Execute(Command commandToExecute)
   at OpenQA.Selenium.Remote.RemoteWebDriver.Execute(String driverCommandToExecute, Dictionary`2 parameters)
   at OpenQA.Selenium.Remote.RemoteWebElement.Click()
   at Nordstrom.ECommerce.Test.SeleniumHelper.SeleniumActionHelper.Click(By locator, IWebElement element)
   at Nordstrom.Web.Test.UI.Common.PageObjects.CreditCardApplicationPage.ClickOnAgreeAndApply(CardType applyAndBuyCardType) in c:\LoyaltyWebTest\Web\Test\UI\Common\PageObjects\CreditCardApplicationPage.cs:line 385
   at Nordstrom.Web.Test.UI.Common.PageObjects.CreditCardApplicationPage.AgreeAndApplyCardApplication(CardType applyAndBuyCardType, ApplyAndBuyApplicationCardsCard cardDetails) in c:\LoyaltyWebTest\Web\Test\UI\Common\PageObjects\CreditCardApplicationPage.cs:line 429
   at Nordstrom.Web.Test.UI.LoyaltyWeb.ApplyAndBuyTests.ApplyDebitCardThroughIcaWithValidDetails(ApplyAndBuyApplicationCardsCard applyAndBuyCardDetails, Boolean isUserRegistered) in c:\LoyaltyWebTest\Web\Test\UI\LoyaltyWeb\LoyaltyWebTest\LoyaltyWebTest\ApplyAndBuyTests.cs:line 924
   at Nordstrom.Web.Test.UI.LoyaltyWeb.ApplyAndBuyTests.ApplyAndBuy_AuthenticatedNewUserApplyForDebitCard_PlaceOrderWithInstantApprovedDebitCard() in c:\LoyaltyWebTest\Web\Test\UI\LoyaltyWeb\LoyaltyWebTest\LoyaltyWebTest\ApplyAndBuyTests.cs:line 478
</StackTrace>
        </ErrorInfo>
      </Output>
    </UnitTestResult>
    <UnitTestResult executionId="476c7bfe-f79d-44c0-8226-c27246433816" testId="f5ba392b-8397-c58f-ac46-703a2f8ad87f" testName="ApplyAndBuy_AuthenticatedNewUserApplyForRetailCard_PlaceOrderWithInstantApprovedRetailCard" computerName="MW00977477" duration="00:01:00.6899286" startTime="2015-12-26T17:24:53.0078406-08:00" endTime="2015-12-26T17:25:53.7039096-08:00" testType="13cdc9d9-ddb5-4fa4-a97d-d965ccfc6d4b" outcome="Failed" testListId="8c84fa94-04c1-424b-9868-57a2d4851a1d" relativeResultsDirectory="476c7bfe-f79d-44c0-8226-c27246433816">
      <Output>
        <DebugTrace>Page loaded succesfully with URL = https://tsecure.dev.nordstrom.com/signIn.aspx
Page loaded succesfully with URL = https://tsecure.dev.nordstrom.com/signIn.aspx
Page loaded succesfully with URL = https://tsecure.dev.nordstrom.com/signIn.aspx
Page loaded succesfully with URL = https://tsecure.dev.nordstrom.com/signIn.aspx
WaitForElementToDisappear: progresss indicator appeared/went away
Element is not Valid: Exception =Could not find element by: By.Id: ctl00_mainContentPlaceHolder_accountProfileForm_validatorFirstNameRequired
Element is not Valid: Exception =Could not find element by: By.Id: ctl00_mainContentPlaceHolder_signIn_validatorEmailAddressRequired
Element is not Valid: Exception =Could not find element by: By.Id: ctl00_mainContentPlaceHolder_accountProfileForm_validatorEmail2Required
Element is not Valid: Exception =Could not find element by: By.Id: ctl00_mainContentPlaceHolder_signIn_validatorPasswordRequired
Element is not Valid: Exception =Could not find element by: By.Id: ctl00_mainContentPlaceHolder_accountProfileForm_validatorGenderRequired
Page loaded succesfully with URL = http://tshop.dev.nordstrom.com/c/rewards-cards?origin=footer
Page loaded succesfully with URL = https://tsecure.dev.nordstrom.com/InstantCreditApproval/ApplyForCredit.aspx?ProductSelectedForApplication=1
Page loaded succesfully with URL = https://tsecure.dev.nordstrom.com/InstantCreditApproval/ApplyForCredit.aspx?ProductSelectedForApplication=1
Page loaded succesfully with URL = https://tsecure.dev.nordstrom.com/InstantCreditApproval/ApplyForCredit.aspx?ProductSelectedForApplication=1
Element is not Valid: Exception =Could not find element by: By.Id: ctl00_mainContentPlaceholder_ContactInformation1_validatorFirstNameRequired
Element is not Valid: Exception =Could not find element by: By.Id: ctl00_mainContentPlaceholder_ContactInformation1_validatorLastNameRequired
Element is not Valid: Exception =Could not find element by: By.Id: ctl00_mainContentPlaceholder_ContactInformation1_validatorAddress1Required
Element is not Valid: Exception =Could not find element by: By.Id: ctl00_mainContentPlaceholder_ContactInformation1_validatorZipCodeRequired
Element is not Valid: Exception =Could not find element by: By.Id: ctl00_mainContentPlaceholder_ContactInformation1_validatorCityRequired
Element is not Valid: Exception =Could not find element by: By.Id: ctl00_mainContentPlaceholder_ContactInformation1_validatorStateProvinceRequired
Element is not Valid: Exception =Could not find element by: By.Id: ctl00_mainContentPlaceholder_ContactInformation1_validateTimeAddress
Element is not Valid: Exception =Could not find element by: By.Id: ctl00_mainContentPlaceholder_SecureFinancialInformation1_combinedSSNRequired
Element is not Valid: Exception =Could not find element by: By.Id: ctl00_mainContentPlaceholder_SecureFinancialInformation1_DobRequired
Element is not Valid: Exception =Could not find element by: By.Id: ctl00_mainContentPlaceholder_SecureFinancialInformation1_AnnualIncomeField
Element is not Valid: Exception =Could not find element by: By.Id: ctl00_mainContentPlaceholder_SecureFinancialInformation1_ValidatorIDNumberRequired
Element is not Valid: Exception =Could not find element by: By.Id: ctl00_mainContentPlaceholder_SecureFinancialInformation1_ValidatorStateFieldRequired
Element is not Valid: Exception =Could not find element by: By.Id: ctl00_mainContentPlaceholder_SecureFinancialInformation1_RequiredExpirationDate
Element is not Valid: Exception =Could not find element by: By.Id: ctl00_mainContentPlaceholder_SecureFinancialInformation1_emailValidator
Element is not Valid: Exception =Could not find element by: By.Id: ctl00_mainContentPlaceholder_SecureFinancialInformation1_confirmEmailValidator
Element is not Valid: Exception =Could not find element by: By.Id: ctl00_mainContentPlaceholder_SecureFinancialInformation1_phoneNumberRequired
Element is not Valid: Exception =Could not find element by: By.Id: ctl00_mainContentPlaceholder_SecureFinancialInformation1_PhoneTypeListRequired
Element is not Valid: Exception =Could not find element by: By.Id: ctl00_mainContentPlaceholder_ContactInformation1_validatorFirstNameRequired
Element is not Valid: Exception =Could not find element by: By.Id: ctl00_mainContentPlaceholder_ContactInformation1_validatorLastNameValid
Element is not Valid: Exception =Could not find element by: By.Id: ctl00_mainContentPlaceholder_ContactInformation1_CustomValidatorAddress1
Element is not Valid: Exception =Could not find element by: By.Id: ctl00_mainContentPlaceholder_ContactInformation1_ValidatorZipCodeValid
Element is not Valid: Exception =Could not find element by: By.Id: ctl00_mainContentPlaceholder_SecureFinancialInformation1_DOBValidator
Element is not Valid: Exception =Could not find element by: By.Id: ctl00_mainContentPlaceholder_SecureFinancialInformation1_AnnualIncomeCustomValidator
Element is not Valid: Exception =Could not find element by: By.Id: ctl00_mainContentPlaceholder_SecureFinancialInformation1_ValidateIdExpiration
Element is not Valid: Exception =Could not find element by: By.Id: ctl00_mainContentPlaceholder_SecureFinancialInformation1_phoneNumberValidation
Element is not Valid: Exception =Could not find element by: By.Id: ctl00_mainContentPlaceholder_SecureFinancialInformation1_emailRegularExpression
Element is not Valid: Exception =Could not find element by: By.Id: ctl00_mainContentPlaceholder_SecureFinancialInformation1_emailComparison
Page loaded succesfully with URL = https://tsecure.dev.nordstrom.com/InstantCreditApproval/confirmation.aspx
Page loaded succesfully with URL = https://tsecure.dev.nordstrom.com/InstantCreditApproval/confirmation.aspx
Timed out waiting for element to be visible with locator: By.Id: AcceptRetailOnlyCard
Accept Retail Only Offer button is not loaded
Element Not found with the given locator (By.Id: AcceptRetailCard)
Element not found with given locator By.Id: AcceptRetailCard
Accept retail card button is not rendered/found.
</DebugTrace>
        <ErrorInfo>
          <Message>Assert.IsTrue failed. Unable to navigate to the Credit Card Confirmation Page after accepting Retail Card</Message>
          <StackTrace>   at Nordstrom.Web.Test.UI.LoyaltyWeb.ApplyAndBuyTests.NavigateToCreditCardConfirmationPageThroughIca(ApplyAndBuyApplicationCardsCard applyAndBuyCardDetails, Boolean isUserRegistered, Boolean isVisaCard) in c:\LoyaltyWebTest\Web\Test\UI\LoyaltyWeb\LoyaltyWebTest\LoyaltyWebTest\ApplyAndBuyTests.cs:line 971
   at Nordstrom.Web.Test.UI.LoyaltyWeb.ApplyAndBuyTests.ApplyCreditCardThroughIcaWithValidDetails(ApplyAndBuyApplicationCardsCard applyAndBuyCardDetails, Boolean isUserRegistered, Boolean isVisaCard) in c:\LoyaltyWebTest\Web\Test\UI\LoyaltyWeb\LoyaltyWebTest\LoyaltyWebTest\ApplyAndBuyTests.cs:line 842
   at Nordstrom.Web.Test.UI.LoyaltyWeb.ApplyAndBuyTests.ApplyAndBuy_AuthenticatedNewUserApplyForRetailCard_PlaceOrderWithInstantApprovedRetailCard() in c:\LoyaltyWebTest\Web\Test\UI\LoyaltyWeb\LoyaltyWebTest\LoyaltyWebTest\ApplyAndBuyTests.cs:line 505
</StackTrace>
        </ErrorInfo>
      </Output>
    </UnitTestResult>
    <UnitTestResult executionId="4b995180-2009-4394-8ab4-d199c7cd2472" testId="aa92acb1-a65f-4dde-5291-62a954d9ed84" testName="ApplyAndBuy_AuthenticatedNewUserApplyForVisaCard_PlaceOrderWithInstantApprovedVisaCard" computerName="MW00977477" duration="00:00:45.6078979" startTime="2015-12-26T17:25:53.7049097-08:00" endTime="2015-12-26T17:26:39.3194707-08:00" testType="13cdc9d9-ddb5-4fa4-a97d-d965ccfc6d4b" outcome="Failed" testListId="8c84fa94-04c1-424b-9868-57a2d4851a1d" relativeResultsDirectory="4b995180-2009-4394-8ab4-d199c7cd2472">
      <Output>
        <DebugTrace>Page loaded succesfully with URL = https://tsecure.dev.nordstrom.com/signIn.aspx
Page loaded succesfully with URL = https://tsecure.dev.nordstrom.com/signIn.aspx
Page loaded succesfully with URL = https://tsecure.dev.nordstrom.com/signIn.aspx
Page loaded succesfully with URL = https://tsecure.dev.nordstrom.com/signIn.aspx
WaitForElementToDisappear: progresss indicator appeared/went away
Element is not Valid: Exception =Could not find element by: By.Id: ctl00_mainContentPlaceHolder_accountProfileForm_validatorFirstNameRequired
Element is not Valid: Exception =Could not find element by: By.Id: ctl00_mainContentPlaceHolder_signIn_validatorEmailAddressRequired
Element is not Valid: Exception =Could not find element by: By.Id: ctl00_mainContentPlaceHolder_accountProfileForm_validatorEmail2Required
Element is not Valid: Exception =Could not find element by: By.Id: ctl00_mainContentPlaceHolder_signIn_validatorPasswordRequired
Element is not Valid: Exception =Could not find element by: By.Id: ctl00_mainContentPlaceHolder_accountProfileForm_validatorGenderRequired
Page loaded succesfully with URL = http://tshop.dev.nordstrom.com/c/rewards-cards?origin=footer
Page loaded succesfully with URL = https://tsecure.dev.nordstrom.com/InstantCreditApproval/ApplyForCredit.aspx?ProductSelectedForApplication=1
Page loaded succesfully with URL = https://tsecure.dev.nordstrom.com/InstantCreditApproval/ApplyForCredit.aspx?ProductSelectedForApplication=1
Page loaded succesfully with URL = https://tsecure.dev.nordstrom.com/InstantCreditApproval/ApplyForCredit.aspx?ProductSelectedForApplication=1
Element is not Valid: Exception =Could not find element by: By.Id: ctl00_mainContentPlaceholder_ContactInformation1_validatorFirstNameRequired
Element is not Valid: Exception =Could not find element by: By.Id: ctl00_mainContentPlaceholder_ContactInformation1_validatorLastNameRequired
Element is not Valid: Exception =Could not find element by: By.Id: ctl00_mainContentPlaceholder_ContactInformation1_validatorAddress1Required
Element is not Valid: Exception =Could not find element by: By.Id: ctl00_mainContentPlaceholder_ContactInformation1_validatorZipCodeRequired
Element is not Valid: Exception =Could not find element by: By.Id: ctl00_mainContentPlaceholder_ContactInformation1_validatorCityRequired
Element is not Valid: Exception =Could not find element by: By.Id: ctl00_mainContentPlaceholder_ContactInformation1_validatorStateProvinceRequired
Element is not Valid: Exception =Could not find element by: By.Id: ctl00_mainContentPlaceholder_ContactInformation1_validateTimeAddress
Element is not Valid: Exception =Could not find element by: By.Id: ctl00_mainContentPlaceholder_SecureFinancialInformation1_combinedSSNRequired
Element is not Valid: Exception =Could not find element by: By.Id: ctl00_mainContentPlaceholder_SecureFinancialInformation1_DobRequired
Element is not Valid: Exception =Could not find element by: By.Id: ctl00_mainContentPlaceholder_SecureFinancialInformation1_AnnualIncomeField
Element is not Valid: Exception =Could not find element by: By.Id: ctl00_mainContentPlaceholder_SecureFinancialInformation1_ValidatorIDNumberRequired
Element is not Valid: Exception =Could not find element by: By.Id: ctl00_mainContentPlaceholder_SecureFinancialInformation1_ValidatorStateFieldRequired
Element is not Valid: Exception =Could not find element by: By.Id: ctl00_mainContentPlaceholder_SecureFinancialInformation1_RequiredExpirationDate
Element is not Valid: Exception =Could not find element by: By.Id: ctl00_mainContentPlaceholder_SecureFinancialInformation1_emailValidator
Element is not Valid: Exception =Could not find element by: By.Id: ctl00_mainContentPlaceholder_SecureFinancialInformation1_confirmEmailValidator
Element is not Valid: Exception =Could not find element by: By.Id: ctl00_mainContentPlaceholder_SecureFinancialInformation1_phoneNumberRequired
Element is not Valid: Exception =Could not find element by: By.Id: ctl00_mainContentPlaceholder_SecureFinancialInformation1_PhoneTypeListRequired
Element is not Valid: Exception =Could not find element by: By.Id: ctl00_mainContentPlaceholder_ContactInformation1_validatorFirstNameRequired
Element is not Valid: Exception =Could not find element by: By.Id: ctl00_mainContentPlaceholder_ContactInformation1_validatorLastNameValid
Element is not Valid: Exception =Could not find element by: By.Id: ctl00_mainContentPlaceholder_ContactInformation1_CustomValidatorAddress1
Element is not Valid: Exception =Could not find element by: By.Id: ctl00_mainContentPlaceholder_ContactInformation1_ValidatorZipCodeValid
Element is not Valid: Exception =Could not find element by: By.Id: ctl00_mainContentPlaceholder_SecureFinancialInformation1_DOBValidator
Element is not Valid: Exception =Could not find element by: By.Id: ctl00_mainContentPlaceholder_SecureFinancialInformation1_AnnualIncomeCustomValidator
Element is not Valid: Exception =Could not find element by: By.Id: ctl00_mainContentPlaceholder_SecureFinancialInformation1_ValidateIdExpiration
Element is not Valid: Exception =Could not find element by: By.Id: ctl00_mainContentPlaceholder_SecureFinancialInformation1_phoneNumberValidation
Element is not Valid: Exception =Could not find element by: By.Id: ctl00_mainContentPlaceholder_SecureFinancialInformation1_emailRegularExpression
Element is not Valid: Exception =Could not find element by: By.Id: ctl00_mainContentPlaceholder_SecureFinancialInformation1_emailComparison
Page loaded succesfully with URL = https://tsecure.dev.nordstrom.com/InstantCreditApproval/confirmation.aspx
Page loaded succesfully with URL = https://tsecure.dev.nordstrom.com/InstantCreditApproval/confirmation.aspx
Timed out waiting for element to be visible with locator: By.Id: AcceptRetailOnlyCard
Accept Retail Only Offer button is not loaded
Element Not found with the given locator (By.Id: AcceptVisaButton)
Element not found with given locator By.Id: AcceptVisaButton
Accept Visa card button is not rendered/found.
</DebugTrace>
        <ErrorInfo>
          <Message>Assert.IsTrue failed. Unable to navigate to the Credit Card Confirmation Page after accepting Visa Card</Message>
          <StackTrace>   at Nordstrom.Web.Test.UI.LoyaltyWeb.ApplyAndBuyTests.NavigateToCreditCardConfirmationPageThroughIca(ApplyAndBuyApplicationCardsCard applyAndBuyCardDetails, Boolean isUserRegistered, Boolean isVisaCard) in c:\LoyaltyWebTest\Web\Test\UI\LoyaltyWeb\LoyaltyWebTest\LoyaltyWebTest\ApplyAndBuyTests.cs:line 977
   at Nordstrom.Web.Test.UI.LoyaltyWeb.ApplyAndBuyTests.ApplyCreditCardThroughIcaWithValidDetails(ApplyAndBuyApplicationCardsCard applyAndBuyCardDetails, Boolean isUserRegistered, Boolean isVisaCard) in c:\LoyaltyWebTest\Web\Test\UI\LoyaltyWeb\LoyaltyWebTest\LoyaltyWebTest\ApplyAndBuyTests.cs:line 842
   at Nordstrom.Web.Test.UI.LoyaltyWeb.ApplyAndBuyTests.ApplyAndBuy_AuthenticatedNewUserApplyForVisaCard_PlaceOrderWithInstantApprovedVisaCard() in c:\LoyaltyWebTest\Web\Test\UI\LoyaltyWeb\LoyaltyWebTest\LoyaltyWebTest\ApplyAndBuyTests.cs:line 491
</StackTrace>
        </ErrorInfo>
      </Output>
    </UnitTestResult>
    <UnitTestResult executionId="9db28d7f-4385-4911-a365-637fc6152a59" testId="2f9c7d3e-50f0-a4e8-8d75-483f3e9925ac" testName="ApplyAndBuy_AuthenticatedNewUserDeclineBothCards_SuccessfulNavigationToHomePage" computerName="MW00977477" duration="00:00:50.1179404" startTime="2015-12-26T17:26:39.3204708-08:00" endTime="2015-12-26T17:27:29.4454828-08:00" testType="13cdc9d9-ddb5-4fa4-a97d-d965ccfc6d4b" outcome="Failed" testListId="8c84fa94-04c1-424b-9868-57a2d4851a1d" relativeResultsDirectory="9db28d7f-4385-4911-a365-637fc6152a59">
      <Output>
        <DebugTrace>Page loaded succesfully with URL = https://tsecure.dev.nordstrom.com/signIn.aspx
Page loaded succesfully with URL = https://tsecure.dev.nordstrom.com/signIn.aspx
Page loaded succesfully with URL = https://tsecure.dev.nordstrom.com/signIn.aspx
Page loaded succesfully with URL = https://tsecure.dev.nordstrom.com/signIn.aspx
WaitForElementToDisappear: progresss indicator appeared/went away
Element is not Valid: Exception =Could not find element by: By.Id: ctl00_mainContentPlaceHolder_accountProfileForm_validatorFirstNameRequired
Element is not Valid: Exception =Could not find element by: By.Id: ctl00_mainContentPlaceHolder_signIn_validatorEmailAddressRequired
Element is not Valid: Exception =Could not find element by: By.Id: ctl00_mainContentPlaceHolder_accountProfileForm_validatorEmail2Required
Element is not Valid: Exception =Could not find element by: By.Id: ctl00_mainContentPlaceHolder_signIn_validatorPasswordRequired
Element is not Valid: Exception =Could not find element by: By.Id: ctl00_mainContentPlaceHolder_accountProfileForm_validatorGenderRequired
Page loaded succesfully with URL = http://tshop.dev.nordstrom.com/c/rewards-cards?origin=footer
Page loaded succesfully with URL = https://tsecure.dev.nordstrom.com/InstantCreditApproval/ApplyForCredit.aspx?ProductSelectedForApplication=1
Page loaded succesfully with URL = https://tsecure.dev.nordstrom.com/InstantCreditApproval/ApplyForCredit.aspx?ProductSelectedForApplication=1
Page loaded succesfully with URL = https://tsecure.dev.nordstrom.com/InstantCreditApproval/ApplyForCredit.aspx?ProductSelectedForApplication=1
Element is not Valid: Exception =Could not find element by: By.Id: ctl00_mainContentPlaceholder_ContactInformation1_validatorFirstNameRequired
Element is not Valid: Exception =Could not find element by: By.Id: ctl00_mainContentPlaceholder_ContactInformation1_validatorLastNameRequired
Element is not Valid: Exception =Could not find element by: By.Id: ctl00_mainContentPlaceholder_ContactInformation1_validatorAddress1Required
Element is not Valid: Exception =Could not find element by: By.Id: ctl00_mainContentPlaceholder_ContactInformation1_validatorZipCodeRequired
Element is not Valid: Exception =Could not find element by: By.Id: ctl00_mainContentPlaceholder_ContactInformation1_validatorCityRequired
Element is not Valid: Exception =Could not find element by: By.Id: ctl00_mainContentPlaceholder_ContactInformation1_validatorStateProvinceRequired
Element is not Valid: Exception =Could not find element by: By.Id: ctl00_mainContentPlaceholder_ContactInformation1_validateTimeAddress
Element is not Valid: Exception =Could not find element by: By.Id: ctl00_mainContentPlaceholder_SecureFinancialInformation1_combinedSSNRequired
Element is not Valid: Exception =Could not find element by: By.Id: ctl00_mainContentPlaceholder_SecureFinancialInformation1_DobRequired
Element is not Valid: Exception =Could not find element by: By.Id: ctl00_mainContentPlaceholder_SecureFinancialInformation1_AnnualIncomeField
Element is not Valid: Exception =Could not find element by: By.Id: ctl00_mainContentPlaceholder_SecureFinancialInformation1_ValidatorIDNumberRequired
Element is not Valid: Exception =Could not find element by: By.Id: ctl00_mainContentPlaceholder_SecureFinancialInformation1_ValidatorStateFieldRequired
Element is not Valid: Exception =Could not find element by: By.Id: ctl00_mainContentPlaceholder_SecureFinancialInformation1_RequiredExpirationDate
Element is not Valid: Exception =Could not find element by: By.Id: ctl00_mainContentPlaceholder_SecureFinancialInformation1_emailValidator
Element is not Valid: Exception =Could not find element by: By.Id: ctl00_mainContentPlaceholder_SecureFinancialInformation1_confirmEmailValidator
Element is not Valid: Exception =Could not find element by: By.Id: ctl00_mainContentPlaceholder_SecureFinancialInformation1_phoneNumberRequired
Element is not Valid: Exception =Could not find element by: By.Id: ctl00_mainContentPlaceholder_SecureFinancialInformation1_PhoneTypeListRequired
Element is not Valid: Exception =Could not find element by: By.Id: ctl00_mainContentPlaceholder_ContactInformation1_validatorFirstNameRequired
Element is not Valid: Exception =Could not find element by: By.Id: ctl00_mainContentPlaceholder_ContactInformation1_validatorLastNameValid
Element is not Valid: Exception =Could not find element by: By.Id: ctl00_mainContentPlaceholder_ContactInformation1_CustomValidatorAddress1
Element is not Valid: Exception =Could not find element by: By.Id: ctl00_mainContentPlaceholder_ContactInformation1_ValidatorZipCodeValid
Element is not Valid: Exception =Could not find element by: By.Id: ctl00_mainContentPlaceholder_SecureFinancialInformation1_DOBValidator
Element is not Valid: Exception =Could not find element by: By.Id: ctl00_mainContentPlaceholder_SecureFinancialInformation1_AnnualIncomeCustomValidator
Element is not Valid: Exception =Could not find element by: By.Id: ctl00_mainContentPlaceholder_SecureFinancialInformation1_ValidateIdExpiration
Element is not Valid: Exception =Could not find element by: By.Id: ctl00_mainContentPlaceholder_SecureFinancialInformation1_phoneNumberValidation
Element is not Valid: Exception =Could not find element by: By.Id: ctl00_mainContentPlaceholder_SecureFinancialInformation1_emailRegularExpression
Element is not Valid: Exception =Could not find element by: By.Id: ctl00_mainContentPlaceholder_SecureFinancialInformation1_emailComparison
Page loaded succesfully with URL = https://tsecure.dev.nordstrom.com/InstantCreditApproval/confirmation.aspx
Page loaded succesfully with URL = https://tsecure.dev.nordstrom.com/InstantCreditApproval/confirmation.aspx
Timed out waiting for element to be visible with locator: By.Id: AcceptRetailOnlyCard
Accept Retail Only Offer button is not loaded
Element Not found with the given locator (By.Id: ctl00_mainContentPlaceholder_DeclineBothProductsLink)
Element not found with given locator By.Id: ctl00_mainContentPlaceholder_DeclineBothProductsLink
Decline Both Cards link is not visible
</DebugTrace>
        <ErrorInfo>
          <Message>Assert.Fail failed. Navigation to Home page on clicking Decline this card link on Credit offer page failed</Message>
          <StackTrace>   at Nordstrom.Web.Test.UI.LoyaltyWeb.ApplyAndBuyTests.DeclineTheCardsFromCardOfferPage(ApplyAndBuyApplicationCardsCard applyAndBuyCardDetails, Boolean isUserRegistered, Boolean isVisaCard) in c:\LoyaltyWebTest\Web\Test\UI\LoyaltyWeb\LoyaltyWebTest\LoyaltyWebTest\ApplyAndBuyTests.cs:line 1067
   at Nordstrom.Web.Test.UI.LoyaltyWeb.ApplyAndBuyTests.ApplyAndBuy_AuthenticatedNewUserDeclineBothCards_SuccessfulNavigationToHomePage() in c:\LoyaltyWebTest\Web\Test\UI\LoyaltyWeb\LoyaltyWebTest\LoyaltyWebTest\ApplyAndBuyTests.cs:line 572
</StackTrace>
        </ErrorInfo>
      </Output>
    </UnitTestResult>
    <UnitTestResult executionId="cc5072ad-3550-41c5-bd24-9481eb1850c6" testId="e3b537b9-fd8d-2a1e-98b0-ca3572f81d48" testName="ApplyAndBuy_AuthenticatedNewUserDeclineRetailCard_SuccessfulNavigationToHomePage" computerName="MW00977477" duration="00:00:46.1789223" startTime="2015-12-26T17:27:29.4464829-08:00" endTime="2015-12-26T17:28:15.6311009-08:00" testType="13cdc9d9-ddb5-4fa4-a97d-d965ccfc6d4b" outcome="Failed" testListId="8c84fa94-04c1-424b-9868-57a2d4851a1d" relativeResultsDirectory="cc5072ad-3550-41c5-bd24-9481eb1850c6">
      <Output>
        <DebugTrace>Page loaded succesfully with URL = https://tsecure.dev.nordstrom.com/signIn.aspx
Page loaded succesfully with URL = https://tsecure.dev.nordstrom.com/signIn.aspx
Page loaded succesfully with URL = https://tsecure.dev.nordstrom.com/signIn.aspx
Page loaded succesfully with URL = https://tsecure.dev.nordstrom.com/signIn.aspx
WaitForElementToDisappear: progresss indicator appeared/went away
Element is not Valid: Exception =Could not find element by: By.Id: ctl00_mainContentPlaceHolder_accountProfileForm_validatorFirstNameRequired
Element is not Valid: Exception =Could not find element by: By.Id: ctl00_mainContentPlaceHolder_signIn_validatorEmailAddressRequired
Element is not Valid: Exception =Could not find element by: By.Id: ctl00_mainContentPlaceHolder_accountProfileForm_validatorEmail2Required
Element is not Valid: Exception =Could not find element by: By.Id: ctl00_mainContentPlaceHolder_signIn_validatorPasswordRequired
Element is not Valid: Exception =Could not find element by: By.Id: ctl00_mainContentPlaceHolder_accountProfileForm_validatorGenderRequired
Page loaded succesfully with URL = http://tshop.dev.nordstrom.com/c/rewards-cards?origin=footer
Page loaded succesfully with URL = https://tsecure.dev.nordstrom.com/InstantCreditApproval/ApplyForCredit.aspx?ProductSelectedForApplication=1
Page loaded succesfully with URL = https://tsecure.dev.nordstrom.com/InstantCreditApproval/ApplyForCredit.aspx?ProductSelectedForApplication=1
Page loaded succesfully with URL = https://tsecure.dev.nordstrom.com/InstantCreditApproval/ApplyForCredit.aspx?ProductSelectedForApplication=1
Element is not Valid: Exception =Could not find element by: By.Id: ctl00_mainContentPlaceholder_ContactInformation1_validatorFirstNameRequired
Element is not Valid: Exception =Could not find element by: By.Id: ctl00_mainContentPlaceholder_ContactInformation1_validatorLastNameRequired
Element is not Valid: Exception =Could not find element by: By.Id: ctl00_mainContentPlaceholder_ContactInformation1_validatorAddress1Required
Element is not Valid: Exception =Could not find element by: By.Id: ctl00_mainContentPlaceholder_ContactInformation1_validatorZipCodeRequired
Element is not Valid: Exception =Could not find element by: By.Id: ctl00_mainContentPlaceholder_ContactInformation1_validatorCityRequired
Element is not Valid: Exception =Could not find element by: By.Id: ctl00_mainContentPlaceholder_ContactInformation1_validatorStateProvinceRequired
Element is not Valid: Exception =Could not find element by: By.Id: ctl00_mainContentPlaceholder_ContactInformation1_validateTimeAddress
Element is not Valid: Exception =Could not find element by: By.Id: ctl00_mainContentPlaceholder_SecureFinancialInformation1_combinedSSNRequired
Element is not Valid: Exception =Could not find element by: By.Id: ctl00_mainContentPlaceholder_SecureFinancialInformation1_DobRequired
Element is not Valid: Exception =Could not find element by: By.Id: ctl00_mainContentPlaceholder_SecureFinancialInformation1_AnnualIncomeField
Element is not Valid: Exception =Could not find element by: By.Id: ctl00_mainContentPlaceholder_SecureFinancialInformation1_ValidatorIDNumberRequired
Element is not Valid: Exception =Could not find element by: By.Id: ctl00_mainContentPlaceholder_SecureFinancialInformation1_ValidatorStateFieldRequired
Element is not Valid: Exception =Could not find element by: By.Id: ctl00_mainContentPlaceholder_SecureFinancialInformation1_RequiredExpirationDate
Element is not Valid: Exception =Could not find element by: By.Id: ctl00_mainContentPlaceholder_SecureFinancialInformation1_emailValidator
Element is not Valid: Exception =Could not find element by: By.Id: ctl00_mainContentPlaceholder_SecureFinancialInformation1_confirmEmailValidator
Element is not Valid: Exception =Could not find element by: By.Id: ctl00_mainContentPlaceholder_SecureFinancialInformation1_phoneNumberRequired
Element is not Valid: Exception =Could not find element by: By.Id: ctl00_mainContentPlaceholder_SecureFinancialInformation1_PhoneTypeListRequired
Element is not Valid: Exception =Could not find element by: By.Id: ctl00_mainContentPlaceholder_ContactInformation1_validatorFirstNameRequired
Element is not Valid: Exception =Could not find element by: By.Id: ctl00_mainContentPlaceholder_ContactInformation1_validatorLastNameValid
Element is not Valid: Exception =Could not find element by: By.Id: ctl00_mainContentPlaceholder_ContactInformation1_CustomValidatorAddress1
Element is not Valid: Exception =Could not find element by: By.Id: ctl00_mainContentPlaceholder_ContactInformation1_ValidatorZipCodeValid
Element is not Valid: Exception =Could not find element by: By.Id: ctl00_mainContentPlaceholder_SecureFinancialInformation1_DOBValidator
Element is not Valid: Exception =Could not find element by: By.Id: ctl00_mainContentPlaceholder_SecureFinancialInformation1_AnnualIncomeCustomValidator
Element is not Valid: Exception =Could not find element by: By.Id: ctl00_mainContentPlaceholder_SecureFinancialInformation1_ValidateIdExpiration
Element is not Valid: Exception =Could not find element by: By.Id: ctl00_mainContentPlaceholder_SecureFinancialInformation1_phoneNumberValidation
Element is not Valid: Exception =Could not find element by: By.Id: ctl00_mainContentPlaceholder_SecureFinancialInformation1_emailRegularExpression
Element is not Valid: Exception =Could not find element by: By.Id: ctl00_mainContentPlaceholder_SecureFinancialInformation1_emailComparison
Page loaded succesfully with URL = https://tsecure.dev.nordstrom.com/InstantCreditApproval/offerpage.aspx
Page loaded succesfully with URL = https://tsecure.dev.nordstrom.com/InstantCreditApproval/offerpage.aspx
Timed out waiting for element to be visible with locator: By.Id: AcceptRetailOnlyCard
Accept Retail Only Offer button is not loaded
Element Not found with the given locator (By.Id: ctl00_mainContentPlaceholder_DeclineThisProductLink)
Element not found with given locator By.Id: ctl00_mainContentPlaceholder_DeclineThisProductLink
Decline This Card is not visible on the page
</DebugTrace>
        <ErrorInfo>
          <Message>Assert.Fail failed. Navigation to Home page on clicking Decline this card link on Credit offer page failed</Message>
          <StackTrace>   at Nordstrom.Web.Test.UI.LoyaltyWeb.ApplyAndBuyTests.DeclineTheCardsFromCardOfferPage(ApplyAndBuyApplicationCardsCard applyAndBuyCardDetails, Boolean isUserRegistered, Boolean isVisaCard) in c:\LoyaltyWebTest\Web\Test\UI\LoyaltyWeb\LoyaltyWebTest\LoyaltyWebTest\ApplyAndBuyTests.cs:line 1058
   at Nordstrom.Web.Test.UI.LoyaltyWeb.ApplyAndBuyTests.ApplyAndBuy_AuthenticatedNewUserDeclineRetailCard_SuccessfulNavigationToHomePage() in c:\LoyaltyWebTest\Web\Test\UI\LoyaltyWeb\LoyaltyWebTest\LoyaltyWebTest\ApplyAndBuyTests.cs:line 583
</StackTrace>
        </ErrorInfo>
      </Output>
    </UnitTestResult>
    <UnitTestResult executionId="7578d173-cc00-40e7-aa47-b69b787cad56" testId="aea58734-aba1-082a-fd65-fd222a1377f1" testName="ApplyAndBuy_AuthenticatedUserShoppingDebitCard_ShouldBeAbleToDeclineTheOffer" computerName="MW00977477" duration="00:00:48.0391565" startTime="2015-12-26T17:28:15.6321010-08:00" endTime="2015-12-26T17:29:03.6839057-08:00" testType="13cdc9d9-ddb5-4fa4-a97d-d965ccfc6d4b" outcome="Passed" testListId="8c84fa94-04c1-424b-9868-57a2d4851a1d" relativeResultsDirectory="7578d173-cc00-40e7-aa47-b69b787cad56">
      <Output>
        <DebugTrace>Page loaded succesfully with URL = https://tsecure.dev.nordstrom.com/signIn.aspx
Page loaded succesfully with URL = https://tsecure.dev.nordstrom.com/signIn.aspx
Page loaded succesfully with URL = https://tsecure.dev.nordstrom.com/signIn.aspx
Page loaded succesfully with URL = https://tsecure.dev.nordstrom.com/signIn.aspx
Element is not Valid: Exception =Could not find element by: By.Id: ctl00_mainContentPlaceHolder_emailPreferences_checkboxSendMeUpdates
Element Not found with the given locator (By.Id: ctl00_mainContentPlaceHolder_emailPreferences_checkboxSendMeUpdates)
Element not found with given locator By.Id: ctl00_mainContentPlaceHolder_emailPreferences_checkboxSendMeUpdates
WaitForElementToDisappear: progresss indicator appeared/went away
Element is not Valid: Exception =Could not find element by: By.Id: ctl00_mainContentPlaceHolder_accountProfileForm_validatorFirstNameRequired
Element is not Valid: Exception =Could not find element by: By.Id: ctl00_mainContentPlaceHolder_signIn_validatorEmailAddressRequired
Element is not Valid: Exception =Could not find element by: By.Id: ctl00_mainContentPlaceHolder_accountProfileForm_validatorEmail2Required
Element is not Valid: Exception =Could not find element by: By.Id: ctl00_mainContentPlaceHolder_signIn_validatorPasswordRequired
Element is not Valid: Exception =Could not find element by: By.Id: ctl00_mainContentPlaceHolder_accountProfileForm_validatorGenderRequired
Element is not Valid: Exception =Could not find element by: By.Id: ctl00_mainContentPlaceHolder_accountProfileForm_validatorFirstNameRequired
Element is not Valid: Exception =Could not find element by: By.Id: ctl00_mainContentPlaceHolder_signIn_validatorEmailAddressRequired
Element is not Valid: Exception =Could not find element by: By.Id: ctl00_mainContentPlaceHolder_accountProfileForm_validatorEmail2Required
Element is not Valid: Exception =Could not find element by: By.Id: ctl00_mainContentPlaceHolder_signIn_validatorPasswordRequired
Element is not Valid: Exception =Could not find element by: By.Id: ctl00_mainContentPlaceHolder_accountProfileForm_validatorGenderRequired
Page loaded succesfully with URL = http://tshop.dev.nordstrom.com/c/rewards-cards?origin=footer
Page loaded succesfully with URL = https://tsecure.dev.nordstrom.com/InstantCreditApproval/ApplyForCredit.aspx?ProductSelectedForApplication=2
Page loaded succesfully with URL = https://tsecure.dev.nordstrom.com/InstantCreditApproval/ApplyForCredit.aspx?ProductSelectedForApplication=2
Page loaded succesfully with URL = https://tsecure.dev.nordstrom.com/InstantCreditApproval/ApplyForCredit.aspx?ProductSelectedForApplication=2
Element is not Valid: Exception =Could not find element by: By.Id: ctl00_mainContentPlaceholder_ContactInformation1_validatorFirstNameRequired
Element is not Valid: Exception =Could not find element by: By.Id: ctl00_mainContentPlaceholder_ContactInformation1_validatorLastNameRequired
Element is not Valid: Exception =Could not find element by: By.Id: ctl00_mainContentPlaceholder_ContactInformation1_validatorAddress1Required
Element is not Valid: Exception =Could not find element by: By.Id: ctl00_mainContentPlaceholder_ContactInformation1_validatorZipCodeRequired
Element is not Valid: Exception =Could not find element by: By.Id: ctl00_mainContentPlaceholder_ContactInformation1_validatorCityRequired
Element is not Valid: Exception =Could not find element by: By.Id: ctl00_mainContentPlaceholder_ContactInformation1_validatorStateProvinceRequired
Element is not Valid: Exception =Could not find element by: By.Id: ctl00_mainContentPlaceholder_ContactInformation1_validateTimeAddress
Element is not Valid: Exception =Could not find element by: By.Id: ctl00_mainContentPlaceholder_SecureFinancialInformation1_combinedSSNRequired
Element is not Valid: Exception =Could not find element by: By.Id: ctl00_mainContentPlaceholder_SecureFinancialInformation1_DobRequired
Element is not Valid: Exception =Could not find element by: By.Id: ctl00_mainContentPlaceholder_SecureFinancialInformation1_AnnualIncomeField
Element is not Valid: Exception =Could not find element by: By.Id: ctl00_mainContentPlaceholder_SecureFinancialInformation1_ValidatorIDNumberRequired
Element is not Valid: Exception =Could not find element by: By.Id: ctl00_mainContentPlaceholder_SecureFinancialInformation1_ValidatorStateFieldRequired
Element is not Valid: Exception =Could not find element by: By.Id: ctl00_mainContentPlaceholder_SecureFinancialInformation1_RequiredExpirationDate
Element is not Valid: Exception =Could not find element by: By.Id: ctl00_mainContentPlaceholder_SecureFinancialInformation1_emailValidator
Element is not Valid: Exception =Could not find element by: By.Id: ctl00_mainContentPlaceholder_SecureFinancialInformation1_confirmEmailValidator
Element is not Valid: Exception =Could not find element by: By.Id: ctl00_mainContentPlaceholder_SecureFinancialInformation1_phoneNumberRequired
Element is not Valid: Exception =Could not find element by: By.Id: ctl00_mainContentPlaceholder_SecureFinancialInformation1_PhoneTypeListRequired
Element is not Valid: Exception =Could not find element by: By.Id: ctl00_mainContentPlaceholder_ContactInformation1_validatorFirstNameRequired
Element is not Valid: Exception =Could not find element by: By.Id: ctl00_mainContentPlaceholder_ContactInformation1_validatorLastNameValid
Element is not Valid: Exception =Could not find element by: By.Id: ctl00_mainContentPlaceholder_ContactInformation1_CustomValidatorAddress1
Element is not Valid: Exception =Could not find element by: By.Id: ctl00_mainContentPlaceholder_ContactInformation1_ValidatorZipCodeValid
Element is not Valid: Exception =Could not find element by: By.Id: ctl00_mainContentPlaceholder_SecureFinancialInformation1_DOBValidator
Element is not Valid: Exception =Could not find element by: By.Id: ctl00_mainContentPlaceholder_SecureFinancialInformation1_AnnualIncomeCustomValidator
Element is not Valid: Exception =Could not find element by: By.Id: ctl00_mainContentPlaceholder_SecureFinancialInformation1_ValidateIdExpiration
Element is not Valid: Exception =Could not find element by: By.Id: ctl00_mainContentPlaceholder_SecureFinancialInformation1_phoneNumberValidation
Element is not Valid: Exception =Could not find element by: By.Id: ctl00_mainContentPlaceholder_SecureFinancialInformation1_emailRegularExpression
Element is not Valid: Exception =Could not find element by: By.Id: ctl00_mainContentPlaceholder_SecureFinancialInformation1_emailComparison
Element is not Valid: Exception =Could not find element by: By.Id: ctl00_mainContentPlaceholder_SecureFinancialInformation1_BankRoutingNumberRequired
Element is not Valid: Exception =Could not find element by: By.Id: ctl00_mainContentPlaceholder_SecureFinancialInformation1_ConfirmRoutingNumberRequired
Element is not Valid: Exception =Could not find element by: By.Id: ctl00_mainContentPlaceholder_SecureFinancialInformation1_BankAccountNumberRequired
Element is not Valid: Exception =Could not find element by: By.Id: ctl00_mainContentPlaceholder_SecureFinancialInformation1_ConfirmBankAccountNumberRequired
Element is not Valid: Exception =Could not find element by: By.Id: ctl00_mainContentPlaceholder_SecureFinancialInformation1_BankRoutingNumberCustom
Element is not Valid: Exception =Could not find element by: By.Id: ctl00_mainContentPlaceholder_SecureFinancialInformation1_ConfirmRoutingNumberCustom
Element is not Valid: Exception =Could not find element by: By.Id: ctl00_mainContentPlaceholder_SecureFinancialInformation1_ValidateConfirmAccountNumberCustom
Element is not Valid: Exception =Could not find element by: By.Id: ctl00_mainContentPlaceholder_SecureFinancialInformation1_ValidateAccountNumberCustom
Page loaded succesfully with URL = https://tsecure.dev.nordstrom.com/InstantCreditApproval/confirmation.aspx
Page loaded succesfully with URL = https://tsecure.dev.nordstrom.com/InstantCreditApproval/confirmation.aspx
Element Not found with the given locator (By.Id: ctl00_mainContentPlaceholder_DeclineThisProductLink)
Element not found with given locator By.Id: ctl00_mainContentPlaceholder_DeclineThisProductLink
Decline This Card is not visible on the page
</DebugTrace>
      </Output>
    </UnitTestResult>
    <UnitTestResult executionId="ea6e3437-eb47-48c7-b871-0d169aff6741" testId="e4a64364-519b-8322-a7f4-93d5e3084e40" testName="ApplyAndBuy_AuthenticatedUserShoppingForRetailCard_ShouldGetReferralMessage" computerName="MW00977477" duration="00:00:03.4796928" startTime="2015-12-26T17:29:03.6849058-08:00" endTime="2015-12-26T17:29:07.1682541-08:00" testType="13cdc9d9-ddb5-4fa4-a97d-d965ccfc6d4b" outcome="Passed" testListId="8c84fa94-04c1-424b-9868-57a2d4851a1d" relativeResultsDirectory="ea6e3437-eb47-48c7-b871-0d169aff6741">
    </UnitTestResult>
    <UnitTestResult executionId="960ec893-e3ea-4ddd-9a28-562fb301f164" testId="25bf40a7-77be-fcf6-4fb2-46d0282f4de1" testName="ApplyAndBuy_AuthenticatedUserShoppingVisaCard_ShouldBeAbleToDeclineTheOffer" computerName="MW00977477" duration="00:00:45.9892901" startTime="2015-12-26T17:29:07.1702543-08:00" endTime="2015-12-26T17:29:53.1648533-08:00" testType="13cdc9d9-ddb5-4fa4-a97d-d965ccfc6d4b" outcome="Passed" testListId="8c84fa94-04c1-424b-9868-57a2d4851a1d" relativeResultsDirectory="960ec893-e3ea-4ddd-9a28-562fb301f164">
      <Output>
        <DebugTrace>Page loaded succesfully with URL = https://tsecure.dev.nordstrom.com/signIn.aspx
Page loaded succesfully with URL = https://tsecure.dev.nordstrom.com/signIn.aspx
Page loaded succesfully with URL = https://tsecure.dev.nordstrom.com/signIn.aspx
Page loaded succesfully with URL = https://tsecure.dev.nordstrom.com/signIn.aspx
Element is not Valid: Exception =Could not find element by: By.Id: ctl00_mainContentPlaceHolder_emailPreferences_checkboxSendMeUpdates
Element Not found with the given locator (By.Id: ctl00_mainContentPlaceHolder_emailPreferences_checkboxSendMeUpdates)
Element not found with given locator By.Id: ctl00_mainContentPlaceHolder_emailPreferences_checkboxSendMeUpdates
WaitForElementToDisappear: progresss indicator appeared/went away
Element is not Valid: Exception =Could not find element by: By.Id: ctl00_mainContentPlaceHolder_accountProfileForm_validatorFirstNameRequired
Element is not Valid: Exception =Could not find element by: By.Id: ctl00_mainContentPlaceHolder_signIn_validatorEmailAddressRequired
Element is not Valid: Exception =Could not find element by: By.Id: ctl00_mainContentPlaceHolder_accountProfileForm_validatorEmail2Required
Element is not Valid: Exception =Could not find element by: By.Id: ctl00_mainContentPlaceHolder_signIn_validatorPasswordRequired
Element is not Valid: Exception =Could not find element by: By.Id: ctl00_mainContentPlaceHolder_accountProfileForm_validatorGenderRequired
Element is not Valid: Exception =Could not find element by: By.Id: ctl00_mainContentPlaceHolder_accountProfileForm_validatorFirstNameRequired
Element is not Valid: Exception =Could not find element by: By.Id: ctl00_mainContentPlaceHolder_signIn_validatorEmailAddressRequired
Element is not Valid: Exception =Could not find element by: By.Id: ctl00_mainContentPlaceHolder_accountProfileForm_validatorEmail2Required
Element is not Valid: Exception =Could not find element by: By.Id: ctl00_mainContentPlaceHolder_signIn_validatorPasswordRequired
Element is not Valid: Exception =Could not find element by: By.Id: ctl00_mainContentPlaceHolder_accountProfileForm_validatorGenderRequired
Page loaded succesfully with URL = http://tshop.dev.nordstrom.com/c/rewards-cards?origin=footer
Page loaded succesfully with URL = https://tsecure.dev.nordstrom.com/InstantCreditApproval/ApplyForCredit.aspx?ProductSelectedForApplication=1
Page loaded succesfully with URL = https://tsecure.dev.nordstrom.com/InstantCreditApproval/ApplyForCredit.aspx?ProductSelectedForApplication=1
Page loaded succesfully with URL = https://tsecure.dev.nordstrom.com/InstantCreditApproval/ApplyForCredit.aspx?ProductSelectedForApplication=1
Element is not Valid: Exception =Could not find element by: By.Id: ctl00_mainContentPlaceholder_ContactInformation1_validatorFirstNameRequired
Element is not Valid: Exception =Could not find element by: By.Id: ctl00_mainContentPlaceholder_ContactInformation1_validatorLastNameRequired
Element is not Valid: Exception =Could not find element by: By.Id: ctl00_mainContentPlaceholder_ContactInformation1_validatorAddress1Required
Element is not Valid: Exception =Could not find element by: By.Id: ctl00_mainContentPlaceholder_ContactInformation1_validatorZipCodeRequired
Element is not Valid: Exception =Could not find element by: By.Id: ctl00_mainContentPlaceholder_ContactInformation1_validatorCityRequired
Element is not Valid: Exception =Could not find element by: By.Id: ctl00_mainContentPlaceholder_ContactInformation1_validatorStateProvinceRequired
Element is not Valid: Exception =Could not find element by: By.Id: ctl00_mainContentPlaceholder_ContactInformation1_validateTimeAddress
Element is not Valid: Exception =Could not find element by: By.Id: ctl00_mainContentPlaceholder_SecureFinancialInformation1_combinedSSNRequired
Element is not Valid: Exception =Could not find element by: By.Id: ctl00_mainContentPlaceholder_SecureFinancialInformation1_DobRequired
Element is not Valid: Exception =Could not find element by: By.Id: ctl00_mainContentPlaceholder_SecureFinancialInformation1_AnnualIncomeField
Element is not Valid: Exception =Could not find element by: By.Id: ctl00_mainContentPlaceholder_SecureFinancialInformation1_ValidatorIDNumberRequired
Element is not Valid: Exception =Could not find element by: By.Id: ctl00_mainContentPlaceholder_SecureFinancialInformation1_ValidatorStateFieldRequired
Element is not Valid: Exception =Could not find element by: By.Id: ctl00_mainContentPlaceholder_SecureFinancialInformation1_RequiredExpirationDate
Element is not Valid: Exception =Could not find element by: By.Id: ctl00_mainContentPlaceholder_SecureFinancialInformation1_emailValidator
Element is not Valid: Exception =Could not find element by: By.Id: ctl00_mainContentPlaceholder_SecureFinancialInformation1_confirmEmailValidator
Element is not Valid: Exception =Could not find element by: By.Id: ctl00_mainContentPlaceholder_SecureFinancialInformation1_phoneNumberRequired
Element is not Valid: Exception =Could not find element by: By.Id: ctl00_mainContentPlaceholder_SecureFinancialInformation1_PhoneTypeListRequired
Element is not Valid: Exception =Could not find element by: By.Id: ctl00_mainContentPlaceholder_ContactInformation1_validatorFirstNameRequired
Element is not Valid: Exception =Could not find element by: By.Id: ctl00_mainContentPlaceholder_ContactInformation1_validatorLastNameValid
Element is not Valid: Exception =Could not find element by: By.Id: ctl00_mainContentPlaceholder_ContactInformation1_CustomValidatorAddress1
Element is not Valid: Exception =Could not find element by: By.Id: ctl00_mainContentPlaceholder_ContactInformation1_ValidatorZipCodeValid
Element is not Valid: Exception =Could not find element by: By.Id: ctl00_mainContentPlaceholder_SecureFinancialInformation1_DOBValidator
Element is not Valid: Exception =Could not find element by: By.Id: ctl00_mainContentPlaceholder_SecureFinancialInformation1_AnnualIncomeCustomValidator
Element is not Valid: Exception =Could not find element by: By.Id: ctl00_mainContentPlaceholder_SecureFinancialInformation1_ValidateIdExpiration
Element is not Valid: Exception =Could not find element by: By.Id: ctl00_mainContentPlaceholder_SecureFinancialInformation1_phoneNumberValidation
Element is not Valid: Exception =Could not find element by: By.Id: ctl00_mainContentPlaceholder_SecureFinancialInformation1_emailRegularExpression
Element is not Valid: Exception =Could not find element by: By.Id: ctl00_mainContentPlaceholder_SecureFinancialInformation1_emailComparison
Page loaded succesfully with URL = https://tsecure.dev.nordstrom.com/InstantCreditApproval/confirmation.aspx
Page loaded succesfully with URL = https://tsecure.dev.nordstrom.com/InstantCreditApproval/confirmation.aspx
Timed out waiting for element to be visible with locator: By.Id: AcceptRetailOnlyCard
Accept Retail Only Offer button is not loaded
Element Not found with the given locator (By.Id: ctl00_mainContentPlaceholder_DeclineBothProductsLink)
Element not found with given locator By.Id: ctl00_mainContentPlaceholder_DeclineBothProductsLink
Decline Both Cards link is not visible
</DebugTrace>
      </Output>
    </UnitTestResult>
    <UnitTestResult executionId="ee8a5d9c-751f-438a-9e2c-a6468a5d6717" testId="84e2f4e9-6bea-c593-d143-62a75b1a8203" testName="ApplyAndBuy_AuthenticatedUserShoppingwithNewVisaCard_DeclinetheOffer" computerName="MW00977477" duration="00:00:52.3783718" startTime="2015-12-26T17:29:53.1678536-08:00" endTime="2015-12-26T17:30:45.5520915-08:00" testType="13cdc9d9-ddb5-4fa4-a97d-d965ccfc6d4b" outcome="Failed" testListId="8c84fa94-04c1-424b-9868-57a2d4851a1d" relativeResultsDirectory="ee8a5d9c-751f-438a-9e2c-a6468a5d6717">
      <Output>
        <DebugTrace>Page loaded succesfully with URL = http://tshop.dev.nordstrom.com/
Page loaded succesfully with URL = http://tshop.dev.nordstrom.com/c/rewards-cards
Page loaded succesfully with URL = https://tsecure.dev.nordstrom.com/instantcreditapproval/ICAsignin.aspx?ProductSelectedForApplication=1
Page loaded succesfully with URL = https://tsecure.dev.nordstrom.com/instantcreditapproval/ICAsignin.aspx?ProductSelectedForApplication=1
Page loaded succesfully with URL = https://tsecure.dev.nordstrom.com/instantcreditapproval/ICAsignin.aspx?ProductSelectedForApplication=1
Page loaded succesfully with URL = https://tsecure.dev.nordstrom.com/instantcreditapproval/ICAsignin.aspx?ProductSelectedForApplication=1
Timed out waiting for element to be visible with locator: By.LinkText: Sign Out
Page loaded succesfully with URL = https://tsecure.dev.nordstrom.com/InstantCreditApproval/ApplyForCredit.aspx?ProductSelectedForApplication=1
Element is not Valid: Exception =Could not find element by: By.Id: ctl00_mainContentPlaceholder_ContactInformation1_validatorFirstNameRequired
Element is not Valid: Exception =Could not find element by: By.Id: ctl00_mainContentPlaceholder_ContactInformation1_validatorLastNameRequired
Element is not Valid: Exception =Could not find element by: By.Id: ctl00_mainContentPlaceholder_ContactInformation1_validatorAddress1Required
Element is not Valid: Exception =Could not find element by: By.Id: ctl00_mainContentPlaceholder_ContactInformation1_validatorZipCodeRequired
Element is not Valid: Exception =Could not find element by: By.Id: ctl00_mainContentPlaceholder_ContactInformation1_validatorCityRequired
Element is not Valid: Exception =Could not find element by: By.Id: ctl00_mainContentPlaceholder_ContactInformation1_validatorStateProvinceRequired
Element is not Valid: Exception =Could not find element by: By.Id: ctl00_mainContentPlaceholder_ContactInformation1_validateTimeAddress
Element is not Valid: Exception =Could not find element by: By.Id: ctl00_mainContentPlaceholder_SecureFinancialInformation1_combinedSSNRequired
Element is not Valid: Exception =Could not find element by: By.Id: ctl00_mainContentPlaceholder_SecureFinancialInformation1_DobRequired
Element is not Valid: Exception =Could not find element by: By.Id: ctl00_mainContentPlaceholder_SecureFinancialInformation1_AnnualIncomeField
Element is not Valid: Exception =Could not find element by: By.Id: ctl00_mainContentPlaceholder_SecureFinancialInformation1_ValidatorIDNumberRequired
Element is not Valid: Exception =Could not find element by: By.Id: ctl00_mainContentPlaceholder_SecureFinancialInformation1_ValidatorStateFieldRequired
Element is not Valid: Exception =Could not find element by: By.Id: ctl00_mainContentPlaceholder_SecureFinancialInformation1_RequiredExpirationDate
Element is not Valid: Exception =Could not find element by: By.Id: ctl00_mainContentPlaceholder_SecureFinancialInformation1_emailValidator
Element is not Valid: Exception =Could not find element by: By.Id: ctl00_mainContentPlaceholder_SecureFinancialInformation1_confirmEmailValidator
Element is not Valid: Exception =Could not find element by: By.Id: ctl00_mainContentPlaceholder_SecureFinancialInformation1_phoneNumberRequired
Element is not Valid: Exception =Could not find element by: By.Id: ctl00_mainContentPlaceholder_SecureFinancialInformation1_PhoneTypeListRequired
Element is not Valid: Exception =Could not find element by: By.Id: ctl00_mainContentPlaceholder_ContactInformation1_validatorFirstNameRequired
Element is not Valid: Exception =Could not find element by: By.Id: ctl00_mainContentPlaceholder_ContactInformation1_validatorLastNameValid
Element is not Valid: Exception =Could not find element by: By.Id: ctl00_mainContentPlaceholder_ContactInformation1_CustomValidatorAddress1
Element is not Valid: Exception =Could not find element by: By.Id: ctl00_mainContentPlaceholder_ContactInformation1_ValidatorZipCodeValid
Element is not Valid: Exception =Could not find element by: By.Id: ctl00_mainContentPlaceholder_SecureFinancialInformation1_DOBValidator
Element is not Valid: Exception =Could not find element by: By.Id: ctl00_mainContentPlaceholder_SecureFinancialInformation1_AnnualIncomeCustomValidator
Element is not Valid: Exception =Could not find element by: By.Id: ctl00_mainContentPlaceholder_SecureFinancialInformation1_ValidateIdExpiration
Element is not Valid: Exception =Could not find element by: By.Id: ctl00_mainContentPlaceholder_SecureFinancialInformation1_phoneNumberValidation
Element is not Valid: Exception =Could not find element by: By.Id: ctl00_mainContentPlaceholder_SecureFinancialInformation1_emailRegularExpression
Element is not Valid: Exception =Could not find element by: By.Id: ctl00_mainContentPlaceholder_SecureFinancialInformation1_emailComparison
Page loaded succesfully with URL = https://tsecure.dev.nordstrom.com/InstantCreditApproval/confirmation.aspx
Page loaded succesfully with URL = https://tsecure.dev.nordstrom.com/InstantCreditApproval/confirmation.aspx
Timed out waiting for element to be visible with locator: By.Id: AcceptRetailOnlyCard
Accept Retail Only Offer button is not loaded
Element Not found with the given locator (By.Id: ICA_Declined)
Element not found with given locator By.Id: ICA_Declined
</DebugTrace>
        <ErrorInfo>
          <Message>Test method Nordstrom.Web.Test.UI.LoyaltyWeb.ApplyAndBuyTests.ApplyAndBuy_AuthenticatedUserShoppingwithNewVisaCard_DeclinetheOffer threw exception: 
System.NullReferenceException: Object reference not set to an instance of an object.</Message>
          <StackTrace>    at Nordstrom.Web.Test.UI.Common.PageObjects.CreditCardConfirmationPage.VerifyNordVisaCardDeclineMessage() in c:\LoyaltyWebTest\Web\Test\UI\Common\PageObjects\CreditCardConfirmationPage.cs:line 348
   at Nordstrom.Web.Test.UI.LoyaltyWeb.ApplyAndBuyTests.ApplyAndBuy_AuthenticatedUserShoppingwithNewVisaCard_DeclinetheOffer() in c:\LoyaltyWebTest\Web\Test\UI\LoyaltyWeb\LoyaltyWebTest\LoyaltyWebTest\ApplyAndBuyTests.cs:line 635
</StackTrace>
        </ErrorInfo>
      </Output>
    </UnitTestResult>
    <UnitTestResult executionId="97dc74e8-a27a-407f-840a-6d40b5b65307" testId="0e15b0d1-2a84-7f48-3ea0-18b7422618e3" testName="ApplyAndBuy_EmptyCreditCardApplicationSubmission_RequiredFieldErrorMessagesVerifiedSuccessfully" computerName="MW00977477" duration="00:00:43.0799429" startTime="2015-12-26T17:30:45.5530916-08:00" endTime="2015-12-26T17:31:28.6393998-08:00" testType="13cdc9d9-ddb5-4fa4-a97d-d965ccfc6d4b" outcome="Passed" testListId="8c84fa94-04c1-424b-9868-57a2d4851a1d" relativeResultsDirectory="97dc74e8-a27a-407f-840a-6d40b5b65307">
      <Output>
        <DebugTrace>Page loaded succesfully with URL = https://tsecure.dev.nordstrom.com/signIn.aspx
Page loaded succesfully with URL = https://tsecure.dev.nordstrom.com/signIn.aspx
Page loaded succesfully with URL = https://tsecure.dev.nordstrom.com/signIn.aspx
Page loaded succesfully with URL = https://tsecure.dev.nordstrom.com/signIn.aspx
WaitForElementToDisappear: progresss indicator appeared/went away
Element is not Valid: Exception =Could not find element by: By.Id: ctl00_mainContentPlaceHolder_accountProfileForm_validatorFirstNameRequired
Element is not Valid: Exception =Could not find element by: By.Id: ctl00_mainContentPlaceHolder_signIn_validatorEmailAddressRequired
Element is not Valid: Exception =Could not find element by: By.Id: ctl00_mainContentPlaceHolder_accountProfileForm_validatorEmail2Required
Element is not Valid: Exception =Could not find element by: By.Id: ctl00_mainContentPlaceHolder_signIn_validatorPasswordRequired
Element is not Valid: Exception =Could not find element by: By.Id: ctl00_mainContentPlaceHolder_accountProfileForm_validatorGenderRequired
Page loaded succesfully with URL = http://tshop.dev.nordstrom.com/c/rewards-cards?origin=footer
Page loaded succesfully with URL = https://tsecure.dev.nordstrom.com/InstantCreditApproval/ApplyForCredit.aspx?ProductSelectedForApplication=1
Page loaded succesfully with URL = https://tsecure.dev.nordstrom.com/InstantCreditApproval/ApplyForCredit.aspx?ProductSelectedForApplication=1
Some Client side error appeared on form submission
</DebugTrace>
      </Output>
    </UnitTestResult>
    <UnitTestResult executionId="d3aada71-dbf1-40a3-b5c3-7b301da1d472" testId="7a6ff4d5-2709-2369-a0a7-9576650b11e5" testName="ApplyAndBuy_EmptyDebitCardApplicationSubmission_RequiredFieldErrorMessagesVerifiedSuccessfully" computerName="MW00977477" duration="00:00:34.3515142" startTime="2015-12-26T17:31:28.6403999-08:00" endTime="2015-12-26T17:32:02.9978353-08:00" testType="13cdc9d9-ddb5-4fa4-a97d-d965ccfc6d4b" outcome="Passed" testListId="8c84fa94-04c1-424b-9868-57a2d4851a1d" relativeResultsDirectory="d3aada71-dbf1-40a3-b5c3-7b301da1d472">
      <Output>
        <DebugTrace>Page loaded succesfully with URL = https://tsecure.dev.nordstrom.com/signIn.aspx
Page loaded succesfully with URL = https://tsecure.dev.nordstrom.com/signIn.aspx
Page loaded succesfully with URL = https://tsecure.dev.nordstrom.com/signIn.aspx
Page loaded succesfully with URL = https://tsecure.dev.nordstrom.com/signIn.aspx
WaitForElementToDisappear: progresss indicator appeared/went away
Element is not Valid: Exception =Could not find element by: By.Id: ctl00_mainContentPlaceHolder_accountProfileForm_validatorFirstNameRequired
Element is not Valid: Exception =Could not find element by: By.Id: ctl00_mainContentPlaceHolder_signIn_validatorEmailAddressRequired
Element is not Valid: Exception =Could not find element by: By.Id: ctl00_mainContentPlaceHolder_accountProfileForm_validatorEmail2Required
Element is not Valid: Exception =Could not find element by: By.Id: ctl00_mainContentPlaceHolder_signIn_validatorPasswordRequired
Element is not Valid: Exception =Could not find element by: By.Id: ctl00_mainContentPlaceHolder_accountProfileForm_validatorGenderRequired
Page loaded succesfully with URL = http://tshop.dev.nordstrom.com/c/rewards-cards?origin=footer
Page loaded succesfully with URL = https://tsecure.dev.nordstrom.com/InstantCreditApproval/ApplyForCredit.aspx?ProductSelectedForApplication=2
Page loaded succesfully with URL = https://tsecure.dev.nordstrom.com/InstantCreditApproval/ApplyForCredit.aspx?ProductSelectedForApplication=2
Some Client side error appeared on form submission
</DebugTrace>
      </Output>
    </UnitTestResult>
    <UnitTestResult executionId="fccffba7-eae2-4584-bc7b-10b196c57a93" testId="f9a9e1f4-5a08-8418-6a8e-2e0be49bdb45" testName="ApplyAndBuy_ExistingRegisteredUserShoppingWithDebitCard_DebitCardSucessfullyAddedToWallet" computerName="MW00977477" duration="00:00:33.0267072" startTime="2015-12-26T17:32:02.9988354-08:00" endTime="2015-12-26T17:32:36.0311383-08:00" testType="13cdc9d9-ddb5-4fa4-a97d-d965ccfc6d4b" outcome="Failed" testListId="8c84fa94-04c1-424b-9868-57a2d4851a1d" relativeResultsDirectory="fccffba7-eae2-4584-bc7b-10b196c57a93">
      <Output>
        <DebugTrace>Page loaded succesfully with URL = https://tsecure.dev.nordstrom.com/signIn.aspx
Page loaded succesfully with URL = https://tsecure.dev.nordstrom.com/signIn.aspx
Page loaded succesfully with URL = https://tsecure.dev.nordstrom.com/signIn.aspx
Page loaded succesfully with URL = https://tsecure.dev.nordstrom.com/signIn.aspx
Timed out waiting for element Not to be visible with locator: By.CssSelector: #ctl00_backgroundOverlay
Page loaded succesfully with URL = https://tsecure.dev.nordstrom.com/signIn.aspx
Timed out waiting for element to be visible with locator: By.LinkText: Sign Out
</DebugTrace>
        <ErrorInfo>
          <Message>Test method Nordstrom.Web.Test.UI.LoyaltyWeb.ApplyAndBuyTests.ApplyAndBuy_ExistingRegisteredUserShoppingWithDebitCard_DebitCardSucessfullyAddedToWallet threw exception: 
System.Reflection.TargetInvocationException: Exception has been thrown by the target of an invocation. ---&gt; System.InvalidOperationException: unknown error: Element is not clickable at point (788, 973). Other element would receive the click: &lt;div id="ctl00_backgroundOverlayProgress" style="position: absolute; display: block; z-index: 10001; left: 0px; top: 0px;"&gt;...&lt;/div&gt;
  (Session info: chrome=47.0.2526.106)
  (Driver info: chromedriver=2.20.353145 (343b531d31eeb933ec778dbcf7081628a1396067),platform=Windows NT 6.1 SP1 x86_64)</Message>
          <StackTrace>    at OpenQA.Selenium.Remote.RemoteWebDriver.UnpackAndThrowOnError(Response errorResponse)
   at OpenQA.Selenium.Remote.RemoteWebDriver.Execute(String driverCommandToExecute, Dictionary`2 parameters)
   at OpenQA.Selenium.Remote.RemoteWebElement.Click()
 --- End of inner exception stack trace ---
    at System.RuntimeMethodHandle.InvokeMethod(Object target, Object[] arguments, Signature sig, Boolean constructor)
   at System.Reflection.RuntimeMethodInfo.UnsafeInvokeInternal(Object obj, Object[] parameters, Object[] arguments)
   at System.Reflection.RuntimeMethodInfo.Invoke(Object obj, BindingFlags invokeAttr, Binder binder, Object[] parameters, CultureInfo culture)
   at OpenQA.Selenium.Support.PageObjects.WebDriverObjectProxy.InvokeMethod(IMethodCallMessage msg, Object representedValue)
   at OpenQA.Selenium.Support.PageObjects.WebElementProxy.Invoke(IMessage msg)
   at System.Runtime.Remoting.Proxies.RealProxy.PrivateInvoke(MessageData&amp; msgData, Int32 type)
   at OpenQA.Selenium.IWebElement.Click()
   at Nordstrom.ECommerce.Test.SeleniumHelper.SeleniumActionHelper.Click(By locator, IWebElement element)
   at Nordstrom.Web.Test.UI.Common.PageObjects.Navigation.Footer.ClickOnApplyForNordstromCard() in c:\LoyaltyWebTest\Web\Test\UI\Common\PageObjects\Navigation\Footer.cs:line 54
   at Nordstrom.Web.Test.UI.LoyaltyWeb.ApplyAndBuyTests.ApplyDebitCardThroughIcaWithValidDetails(ApplyAndBuyApplicationCardsCard applyAndBuyCardDetails, Boolean isUserRegistered) in c:\LoyaltyWebTest\Web\Test\UI\LoyaltyWeb\LoyaltyWebTest\LoyaltyWebTest\ApplyAndBuyTests.cs:line 912
   at Nordstrom.Web.Test.UI.LoyaltyWeb.ApplyAndBuyTests.ApplyAndBuy_ExistingRegisteredUserShoppingWithDebitCard_DebitCardSucessfullyAddedToWallet() in c:\LoyaltyWebTest\Web\Test\UI\LoyaltyWeb\LoyaltyWebTest\LoyaltyWebTest\ApplyAndBuyTests.cs:line 794
</StackTrace>
        </ErrorInfo>
      </Output>
    </UnitTestResult>
    <UnitTestResult executionId="312af0b8-90c2-435b-ad58-c82d043849db" testId="3c220397-a949-a414-da8d-2d93343ec752" testName="ApplyAndBuy_ExistingRegisteredUserShoppingWithDebitCard_OrderSuccessfullyPlacedWithNewDebitCard" computerName="MW00977477" duration="00:00:53.4670134" startTime="2015-12-26T17:32:36.0331385-08:00" endTime="2015-12-26T17:33:29.5054852-08:00" testType="13cdc9d9-ddb5-4fa4-a97d-d965ccfc6d4b" outcome="Failed" testListId="8c84fa94-04c1-424b-9868-57a2d4851a1d" relativeResultsDirectory="312af0b8-90c2-435b-ad58-c82d043849db">
      <Output>
        <DebugTrace>Page loaded succesfully with URL = https://tsecure.dev.nordstrom.com/signIn.aspx
Page loaded succesfully with URL = https://tsecure.dev.nordstrom.com/signIn.aspx
Page loaded succesfully with URL = https://tsecure.dev.nordstrom.com/signIn.aspx
Page loaded succesfully with URL = https://tsecure.dev.nordstrom.com/signIn.aspx
Page loaded succesfully with URL = https://tsecure.dev.nordstrom.com/MyAccount/AccountSummary.aspx?origin=signin
Page loaded succesfully with URL = http://tshop.dev.nordstrom.com/c/rewards-cards?origin=footer
Page loaded succesfully with URL = https://tsecure.dev.nordstrom.com/InstantCreditApproval/ApplyForCredit.aspx?ProductSelectedForApplication=2
Page loaded succesfully with URL = https://tsecure.dev.nordstrom.com/InstantCreditApproval/ApplyForCredit.aspx?ProductSelectedForApplication=2
Page loaded succesfully with URL = https://tsecure.dev.nordstrom.com/InstantCreditApproval/ApplyForCredit.aspx?ProductSelectedForApplication=2
Element is not Valid: Exception =Could not find element by: By.Id: ctl00_mainContentPlaceholder_ContactInformation1_validatorFirstNameRequired
Element is not Valid: Exception =Could not find element by: By.Id: ctl00_mainContentPlaceholder_ContactInformation1_validatorLastNameRequired
Element is not Valid: Exception =Could not find element by: By.Id: ctl00_mainContentPlaceholder_ContactInformation1_validatorAddress1Required
Element is not Valid: Exception =Could not find element by: By.Id: ctl00_mainContentPlaceholder_ContactInformation1_validatorZipCodeRequired
Element is not Valid: Exception =Could not find element by: By.Id: ctl00_mainContentPlaceholder_ContactInformation1_validatorCityRequired
Element is not Valid: Exception =Could not find element by: By.Id: ctl00_mainContentPlaceholder_ContactInformation1_validatorStateProvinceRequired
Element is not Valid: Exception =Could not find element by: By.Id: ctl00_mainContentPlaceholder_ContactInformation1_validateTimeAddress
Element is not Valid: Exception =Could not find element by: By.Id: ctl00_mainContentPlaceholder_SecureFinancialInformation1_combinedSSNRequired
Element is not Valid: Exception =Could not find element by: By.Id: ctl00_mainContentPlaceholder_SecureFinancialInformation1_DobRequired
Element is not Valid: Exception =Could not find element by: By.Id: ctl00_mainContentPlaceholder_SecureFinancialInformation1_AnnualIncomeField
Element is not Valid: Exception =Could not find element by: By.Id: ctl00_mainContentPlaceholder_SecureFinancialInformation1_ValidatorIDNumberRequired
Element is not Valid: Exception =Could not find element by: By.Id: ctl00_mainContentPlaceholder_SecureFinancialInformation1_ValidatorStateFieldRequired
Element is not Valid: Exception =Could not find element by: By.Id: ctl00_mainContentPlaceholder_SecureFinancialInformation1_RequiredExpirationDate
Element is not Valid: Exception =Could not find element by: By.Id: ctl00_mainContentPlaceholder_SecureFinancialInformation1_emailValidator
Element is not Valid: Exception =Could not find element by: By.Id: ctl00_mainContentPlaceholder_SecureFinancialInformation1_confirmEmailValidator
Element is not Valid: Exception =Could not find element by: By.Id: ctl00_mainContentPlaceholder_SecureFinancialInformation1_phoneNumberRequired
Element is not Valid: Exception =Could not find element by: By.Id: ctl00_mainContentPlaceholder_SecureFinancialInformation1_PhoneTypeListRequired
Element is not Valid: Exception =Could not find element by: By.Id: ctl00_mainContentPlaceholder_ContactInformation1_validatorFirstNameRequired
Element is not Valid: Exception =Could not find element by: By.Id: ctl00_mainContentPlaceholder_ContactInformation1_validatorLastNameValid
Element is not Valid: Exception =Could not find element by: By.Id: ctl00_mainContentPlaceholder_ContactInformation1_CustomValidatorAddress1
Element is not Valid: Exception =Could not find element by: By.Id: ctl00_mainContentPlaceholder_ContactInformation1_ValidatorZipCodeValid
Element is not Valid: Exception =Could not find element by: By.Id: ctl00_mainContentPlaceholder_SecureFinancialInformation1_DOBValidator
Element is not Valid: Exception =Could not find element by: By.Id: ctl00_mainContentPlaceholder_SecureFinancialInformation1_AnnualIncomeCustomValidator
Element is not Valid: Exception =Could not find element by: By.Id: ctl00_mainContentPlaceholder_SecureFinancialInformation1_ValidateIdExpiration
Element is not Valid: Exception =Could not find element by: By.Id: ctl00_mainContentPlaceholder_SecureFinancialInformation1_phoneNumberValidation
Element is not Valid: Exception =Could not find element by: By.Id: ctl00_mainContentPlaceholder_SecureFinancialInformation1_emailRegularExpression
Element is not Valid: Exception =Could not find element by: By.Id: ctl00_mainContentPlaceholder_SecureFinancialInformation1_emailComparison
Element is not Valid: Exception =Could not find element by: By.Id: ctl00_mainContentPlaceholder_SecureFinancialInformation1_BankRoutingNumberRequired
Element is not Valid: Exception =Could not find element by: By.Id: ctl00_mainContentPlaceholder_SecureFinancialInformation1_ConfirmRoutingNumberRequired
Element is not Valid: Exception =Could not find element by: By.Id: ctl00_mainContentPlaceholder_SecureFinancialInformation1_BankAccountNumberRequired
Element is not Valid: Exception =Could not find element by: By.Id: ctl00_mainContentPlaceholder_SecureFinancialInformation1_ConfirmBankAccountNumberRequired
Element is not Valid: Exception =Could not find element by: By.Id: ctl00_mainContentPlaceholder_SecureFinancialInformation1_BankRoutingNumberCustom
Element is not Valid: Exception =Could not find element by: By.Id: ctl00_mainContentPlaceholder_SecureFinancialInformation1_ConfirmRoutingNumberCustom
Element is not Valid: Exception =Could not find element by: By.Id: ctl00_mainContentPlaceholder_SecureFinancialInformation1_ValidateConfirmAccountNumberCustom
Element is not Valid: Exception =Could not find element by: By.Id: ctl00_mainContentPlaceholder_SecureFinancialInformation1_ValidateAccountNumberCustom
Page loaded succesfully with URL = https://tsecure.dev.nordstrom.com/InstantCreditApproval/confirmation.aspx
Page loaded succesfully with URL = https://tsecure.dev.nordstrom.com/InstantCreditApproval/confirmation.aspx
Timed out waiting for element to be visible with locator: By.CssSelector: a[class*='continue-shopping']
Start Shopping button is not visible on credit card confirmation page.
</DebugTrace>
        <ErrorInfo>
          <Message>Assert.Fail failed. Navigation to Home page on clicking Start Shopping button on Credit card confirmation page failed</Message>
          <StackTrace>   at Nordstrom.Web.Test.UI.LoyaltyWeb.ApplyAndBuyTests.ApplyDebitCardThroughIcaWithValidDetails(ApplyAndBuyApplicationCardsCard applyAndBuyCardDetails, Boolean isUserRegistered) in c:\LoyaltyWebTest\Web\Test\UI\LoyaltyWeb\LoyaltyWebTest\LoyaltyWebTest\ApplyAndBuyTests.cs:line 939
   at Nordstrom.Web.Test.UI.LoyaltyWeb.ApplyAndBuyTests.ApplyAndBuy_ExistingRegisteredUserShoppingWithDebitCard_OrderSuccessfullyPlacedWithNewDebitCard() in c:\LoyaltyWebTest\Web\Test\UI\LoyaltyWeb\LoyaltyWebTest\LoyaltyWebTest\ApplyAndBuyTests.cs:line 260
</StackTrace>
        </ErrorInfo>
      </Output>
    </UnitTestResult>
    <UnitTestResult executionId="bd0a0b87-d0c8-4174-b150-094b220ae9e3" testId="8d3ad949-7353-0de2-34c9-eee78eec371f" testName="ApplyAndBuy_ExistingRegisteredUserShoppingWithNewRetailCard_OrderSuccessfullyPlacedWithNewRetailCard" computerName="MW00977477" duration="00:00:44.7726933" startTime="2015-12-26T17:33:29.5074854-08:00" endTime="2015-12-26T17:34:14.2849627-08:00" testType="13cdc9d9-ddb5-4fa4-a97d-d965ccfc6d4b" outcome="Failed" testListId="8c84fa94-04c1-424b-9868-57a2d4851a1d" relativeResultsDirectory="bd0a0b87-d0c8-4174-b150-094b220ae9e3">
      <Output>
        <DebugTrace>Page loaded succesfully with URL = https://tsecure.dev.nordstrom.com/signIn.aspx
Page loaded succesfully with URL = https://tsecure.dev.nordstrom.com/signIn.aspx
Page loaded succesfully with URL = https://tsecure.dev.nordstrom.com/signIn.aspx
Page loaded succesfully with URL = https://tsecure.dev.nordstrom.com/signIn.aspx
Page loaded succesfully with URL = https://tsecure.dev.nordstrom.com/MyAccount/AccountSummary.aspx?origin=signin
Page loaded succesfully with URL = http://tshop.dev.nordstrom.com/c/rewards-cards?origin=footer
Page loaded succesfully with URL = https://tsecure.dev.nordstrom.com/InstantCreditApproval/ApplyForCredit.aspx?ProductSelectedForApplication=1
Page loaded succesfully with URL = https://tsecure.dev.nordstrom.com/InstantCreditApproval/ApplyForCredit.aspx?ProductSelectedForApplication=1
Page loaded succesfully with URL = https://tsecure.dev.nordstrom.com/InstantCreditApproval/ApplyForCredit.aspx?ProductSelectedForApplication=1
Element is not Valid: Exception =Could not find element by: By.Id: ctl00_mainContentPlaceholder_ContactInformation1_validatorFirstNameRequired
Element is not Valid: Exception =Could not find element by: By.Id: ctl00_mainContentPlaceholder_ContactInformation1_validatorLastNameRequired
Element is not Valid: Exception =Could not find element by: By.Id: ctl00_mainContentPlaceholder_ContactInformation1_validatorAddress1Required
Element is not Valid: Exception =Could not find element by: By.Id: ctl00_mainContentPlaceholder_ContactInformation1_validatorZipCodeRequired
Element is not Valid: Exception =Could not find element by: By.Id: ctl00_mainContentPlaceholder_ContactInformation1_validatorCityRequired
Element is not Valid: Exception =Could not find element by: By.Id: ctl00_mainContentPlaceholder_ContactInformation1_validatorStateProvinceRequired
Element is not Valid: Exception =Could not find element by: By.Id: ctl00_mainContentPlaceholder_ContactInformation1_validateTimeAddress
Element is not Valid: Exception =Could not find element by: By.Id: ctl00_mainContentPlaceholder_SecureFinancialInformation1_combinedSSNRequired
Element is not Valid: Exception =Could not find element by: By.Id: ctl00_mainContentPlaceholder_SecureFinancialInformation1_DobRequired
Element is not Valid: Exception =Could not find element by: By.Id: ctl00_mainContentPlaceholder_SecureFinancialInformation1_AnnualIncomeField
Element is not Valid: Exception =Could not find element by: By.Id: ctl00_mainContentPlaceholder_SecureFinancialInformation1_ValidatorIDNumberRequired
Element is not Valid: Exception =Could not find element by: By.Id: ctl00_mainContentPlaceholder_SecureFinancialInformation1_ValidatorStateFieldRequired
Element is not Valid: Exception =Could not find element by: By.Id: ctl00_mainContentPlaceholder_SecureFinancialInformation1_RequiredExpirationDate
Element is not Valid: Exception =Could not find element by: By.Id: ctl00_mainContentPlaceholder_SecureFinancialInformation1_emailValidator
Element is not Valid: Exception =Could not find element by: By.Id: ctl00_mainContentPlaceholder_SecureFinancialInformation1_confirmEmailValidator
Element is not Valid: Exception =Could not find element by: By.Id: ctl00_mainContentPlaceholder_SecureFinancialInformation1_phoneNumberRequired
Element is not Valid: Exception =Could not find element by: By.Id: ctl00_mainContentPlaceholder_SecureFinancialInformation1_PhoneTypeListRequired
Element is not Valid: Exception =Could not find element by: By.Id: ctl00_mainContentPlaceholder_ContactInformation1_validatorFirstNameRequired
Element is not Valid: Exception =Could not find element by: By.Id: ctl00_mainContentPlaceholder_ContactInformation1_validatorLastNameValid
Element is not Valid: Exception =Could not find element by: By.Id: ctl00_mainContentPlaceholder_ContactInformation1_CustomValidatorAddress1
Element is not Valid: Exception =Could not find element by: By.Id: ctl00_mainContentPlaceholder_ContactInformation1_ValidatorZipCodeValid
Element is not Valid: Exception =Could not find element by: By.Id: ctl00_mainContentPlaceholder_SecureFinancialInformation1_DOBValidator
Element is not Valid: Exception =Could not find element by: By.Id: ctl00_mainContentPlaceholder_SecureFinancialInformation1_AnnualIncomeCustomValidator
Element is not Valid: Exception =Could not find element by: By.Id: ctl00_mainContentPlaceholder_SecureFinancialInformation1_ValidateIdExpiration
Element is not Valid: Exception =Could not find element by: By.Id: ctl00_mainContentPlaceholder_SecureFinancialInformation1_phoneNumberValidation
Element is not Valid: Exception =Could not find element by: By.Id: ctl00_mainContentPlaceholder_SecureFinancialInformation1_emailRegularExpression
Element is not Valid: Exception =Could not find element by: By.Id: ctl00_mainContentPlaceholder_SecureFinancialInformation1_emailComparison
Page loaded succesfully with URL = https://tsecure.dev.nordstrom.com/InstantCreditApproval/confirmation.aspx
Page loaded succesfully with URL = https://tsecure.dev.nordstrom.com/InstantCreditApproval/confirmation.aspx
Timed out waiting for element to be visible with locator: By.Id: AcceptRetailOnlyCard
Accept Retail Only Offer button is not loaded
Element Not found with the given locator (By.Id: AcceptRetailCard)
Element not found with given locator By.Id: AcceptRetailCard
Accept retail card button is not rendered/found.
</DebugTrace>
        <ErrorInfo>
          <Message>Assert.IsTrue failed. Unable to navigate to the Credit Card Confirmation Page after accepting Retail Card</Message>
          <StackTrace>   at Nordstrom.Web.Test.UI.LoyaltyWeb.ApplyAndBuyTests.NavigateToCreditCardConfirmationPageThroughIca(ApplyAndBuyApplicationCardsCard applyAndBuyCardDetails, Boolean isUserRegistered, Boolean isVisaCard) in c:\LoyaltyWebTest\Web\Test\UI\LoyaltyWeb\LoyaltyWebTest\LoyaltyWebTest\ApplyAndBuyTests.cs:line 971
   at Nordstrom.Web.Test.UI.LoyaltyWeb.ApplyAndBuyTests.ApplyCreditCardThroughIcaWithValidDetails(ApplyAndBuyApplicationCardsCard applyAndBuyCardDetails, Boolean isUserRegistered, Boolean isVisaCard) in c:\LoyaltyWebTest\Web\Test\UI\LoyaltyWeb\LoyaltyWebTest\LoyaltyWebTest\ApplyAndBuyTests.cs:line 842
   at Nordstrom.Web.Test.UI.LoyaltyWeb.ApplyAndBuyTests.ApplyAndBuy_ExistingRegisteredUserShoppingWithNewRetailCard_OrderSuccessfullyPlacedWithNewRetailCard() in c:\LoyaltyWebTest\Web\Test\UI\LoyaltyWeb\LoyaltyWebTest\LoyaltyWebTest\ApplyAndBuyTests.cs:line 220
</StackTrace>
        </ErrorInfo>
      </Output>
    </UnitTestResult>
    <UnitTestResult executionId="3ef3c0a7-453c-45a0-8525-c363b052e27b" testId="89dfb266-1185-0c11-5767-27fb25f81a49" testName="ApplyAndBuy_ExistingRegisteredUserShoppingWithVisaCard_OrderSuccessfullyPlacedWithNewVisaCard" computerName="MW00977477" duration="00:00:43.6522351" startTime="2015-12-26T17:34:14.2869629-08:00" endTime="2015-12-26T17:34:57.9443282-08:00" testType="13cdc9d9-ddb5-4fa4-a97d-d965ccfc6d4b" outcome="Failed" testListId="8c84fa94-04c1-424b-9868-57a2d4851a1d" relativeResultsDirectory="3ef3c0a7-453c-45a0-8525-c363b052e27b">
      <Output>
        <DebugTrace>Page loaded succesfully with URL = https://tsecure.dev.nordstrom.com/signIn.aspx
Page loaded succesfully with URL = https://tsecure.dev.nordstrom.com/signIn.aspx
Page loaded succesfully with URL = https://tsecure.dev.nordstrom.com/signIn.aspx
Page loaded succesfully with URL = https://tsecure.dev.nordstrom.com/signIn.aspx
Page loaded succesfully with URL = https://tsecure.dev.nordstrom.com/MyAccount/AccountSummary.aspx?origin=signin
Page loaded succesfully with URL = http://tshop.dev.nordstrom.com/c/rewards-cards?origin=footer
Page loaded succesfully with URL = https://tsecure.dev.nordstrom.com/InstantCreditApproval/ApplyForCredit.aspx?ProductSelectedForApplication=1
Page loaded succesfully with URL = https://tsecure.dev.nordstrom.com/InstantCreditApproval/ApplyForCredit.aspx?ProductSelectedForApplication=1
Page loaded succesfully with URL = https://tsecure.dev.nordstrom.com/InstantCreditApproval/ApplyForCredit.aspx?ProductSelectedForApplication=1
Element is not Valid: Exception =Could not find element by: By.Id: ctl00_mainContentPlaceholder_ContactInformation1_validatorFirstNameRequired
Element is not Valid: Exception =Could not find element by: By.Id: ctl00_mainContentPlaceholder_ContactInformation1_validatorLastNameRequired
Element is not Valid: Exception =Could not find element by: By.Id: ctl00_mainContentPlaceholder_ContactInformation1_validatorAddress1Required
Element is not Valid: Exception =Could not find element by: By.Id: ctl00_mainContentPlaceholder_ContactInformation1_validatorZipCodeRequired
Element is not Valid: Exception =Could not find element by: By.Id: ctl00_mainContentPlaceholder_ContactInformation1_validatorCityRequired
Element is not Valid: Exception =Could not find element by: By.Id: ctl00_mainContentPlaceholder_ContactInformation1_validatorStateProvinceRequired
Element is not Valid: Exception =Could not find element by: By.Id: ctl00_mainContentPlaceholder_ContactInformation1_validateTimeAddress
Element is not Valid: Exception =Could not find element by: By.Id: ctl00_mainContentPlaceholder_SecureFinancialInformation1_combinedSSNRequired
Element is not Valid: Exception =Could not find element by: By.Id: ctl00_mainContentPlaceholder_SecureFinancialInformation1_DobRequired
Element is not Valid: Exception =Could not find element by: By.Id: ctl00_mainContentPlaceholder_SecureFinancialInformation1_AnnualIncomeField
Element is not Valid: Exception =Could not find element by: By.Id: ctl00_mainContentPlaceholder_SecureFinancialInformation1_ValidatorIDNumberRequired
Element is not Valid: Exception =Could not find element by: By.Id: ctl00_mainContentPlaceholder_SecureFinancialInformation1_ValidatorStateFieldRequired
Element is not Valid: Exception =Could not find element by: By.Id: ctl00_mainContentPlaceholder_SecureFinancialInformation1_RequiredExpirationDate
Element is not Valid: Exception =Could not find element by: By.Id: ctl00_mainContentPlaceholder_SecureFinancialInformation1_emailValidator
Element is not Valid: Exception =Could not find element by: By.Id: ctl00_mainContentPlaceholder_SecureFinancialInformation1_confirmEmailValidator
Element is not Valid: Exception =Could not find element by: By.Id: ctl00_mainContentPlaceholder_SecureFinancialInformation1_phoneNumberRequired
Element is not Valid: Exception =Could not find element by: By.Id: ctl00_mainContentPlaceholder_SecureFinancialInformation1_PhoneTypeListRequired
Element is not Valid: Exception =Could not find element by: By.Id: ctl00_mainContentPlaceholder_ContactInformation1_validatorFirstNameRequired
Element is not Valid: Exception =Could not find element by: By.Id: ctl00_mainContentPlaceholder_ContactInformation1_validatorLastNameValid
Element is not Valid: Exception =Could not find element by: By.Id: ctl00_mainContentPlaceholder_ContactInformation1_CustomValidatorAddress1
Element is not Valid: Exception =Could not find element by: By.Id: ctl00_mainContentPlaceholder_ContactInformation1_ValidatorZipCodeValid
Element is not Valid: Exception =Could not find element by: By.Id: ctl00_mainContentPlaceholder_SecureFinancialInformation1_DOBValidator
Element is not Valid: Exception =Could not find element by: By.Id: ctl00_mainContentPlaceholder_SecureFinancialInformation1_AnnualIncomeCustomValidator
Element is not Valid: Exception =Could not find element by: By.Id: ctl00_mainContentPlaceholder_SecureFinancialInformation1_ValidateIdExpiration
Element is not Valid: Exception =Could not find element by: By.Id: ctl00_mainContentPlaceholder_SecureFinancialInformation1_phoneNumberValidation
Element is not Valid: Exception =Could not find element by: By.Id: ctl00_mainContentPlaceholder_SecureFinancialInformation1_emailRegularExpression
Element is not Valid: Exception =Could not find element by: By.Id: ctl00_mainContentPlaceholder_SecureFinancialInformation1_emailComparison
Page loaded succesfully with URL = https://tsecure.dev.nordstrom.com/InstantCreditApproval/confirmation.aspx
Page loaded succesfully with URL = https://tsecure.dev.nordstrom.com/InstantCreditApproval/confirmation.aspx
Timed out waiting for element to be visible with locator: By.Id: AcceptRetailOnlyCard
Accept Retail Only Offer button is not loaded
Element Not found with the given locator (By.Id: AcceptVisaButton)
Element not found with given locator By.Id: AcceptVisaButton
Accept Visa card button is not rendered/found.
</DebugTrace>
        <ErrorInfo>
          <Message>Assert.IsTrue failed. Unable to navigate to the Credit Card Confirmation Page after accepting Visa Card</Message>
          <StackTrace>   at Nordstrom.Web.Test.UI.LoyaltyWeb.ApplyAndBuyTests.NavigateToCreditCardConfirmationPageThroughIca(ApplyAndBuyApplicationCardsCard applyAndBuyCardDetails, Boolean isUserRegistered, Boolean isVisaCard) in c:\LoyaltyWebTest\Web\Test\UI\LoyaltyWeb\LoyaltyWebTest\LoyaltyWebTest\ApplyAndBuyTests.cs:line 977
   at Nordstrom.Web.Test.UI.LoyaltyWeb.ApplyAndBuyTests.ApplyCreditCardThroughIcaWithValidDetails(ApplyAndBuyApplicationCardsCard applyAndBuyCardDetails, Boolean isUserRegistered, Boolean isVisaCard) in c:\LoyaltyWebTest\Web\Test\UI\LoyaltyWeb\LoyaltyWebTest\LoyaltyWebTest\ApplyAndBuyTests.cs:line 842
   at Nordstrom.Web.Test.UI.LoyaltyWeb.ApplyAndBuyTests.ApplyAndBuy_ExistingRegisteredUserShoppingWithVisaCard_OrderSuccessfullyPlacedWithNewVisaCard() in c:\LoyaltyWebTest\Web\Test\UI\LoyaltyWeb\LoyaltyWebTest\LoyaltyWebTest\ApplyAndBuyTests.cs:line 518
</StackTrace>
        </ErrorInfo>
      </Output>
    </UnitTestResult>
    <UnitTestResult executionId="291e732f-dd70-494e-b6e6-b18576384edd" testId="2cd47127-fcd1-036f-5d31-442446696e9a" testName="ApplyAndBuy_GuestUserApplyForDebitCardAndSignInConfirmationAsRegisteredUser_CardSucessfullyAddedToWallet" computerName="MW00977477" duration="00:00:19.7302255" startTime="2015-12-26T17:34:57.9463284-08:00" endTime="2015-12-26T17:35:17.6813017-08:00" testType="13cdc9d9-ddb5-4fa4-a97d-d965ccfc6d4b" outcome="Failed" testListId="8c84fa94-04c1-424b-9868-57a2d4851a1d" relativeResultsDirectory="291e732f-dd70-494e-b6e6-b18576384edd">
      <Output>
        <DebugTrace>Page loaded succesfully with URL = https://tsecure.dev.nordstrom.com/signIn.aspx
Page loaded succesfully with URL = https://tsecure.dev.nordstrom.com/signIn.aspx
Page loaded succesfully with URL = http://tshop.dev.nordstrom.com/c/rewards-cards?origin=footer
</DebugTrace>
        <ErrorInfo>
          <Message>Test method Nordstrom.Web.Test.UI.LoyaltyWeb.ApplyAndBuyTests.ApplyAndBuy_GuestUserApplyForDebitCardAndSignInConfirmationAsRegisteredUser_CardSucessfullyAddedToWallet threw exception: 
System.NullReferenceException: Object reference not set to an instance of an object.</Message>
          <StackTrace>    at Nordstrom.Web.Test.UI.Common.PageObjects.ApplyForNordCardsPage.ApplyAndBuySignIn(UsersUser user) in c:\LoyaltyWebTest\Web\Test\UI\Common\PageObjects\ApplyForNordCardsPage.cs:line 157
   at Nordstrom.Web.Test.UI.Common.PageObjects.ApplyForNordCardsPage.ClickOnApplyForDebitButton(Boolean isUserRegistered, UsersUser user) in c:\LoyaltyWebTest\Web\Test\UI\Common\PageObjects\ApplyForNordCardsPage.cs:line 139
   at Nordstrom.Web.Test.UI.LoyaltyWeb.ApplyAndBuyTests.ApplyDebitCardThroughIcaWithValidDetails(ApplyAndBuyApplicationCardsCard applyAndBuyCardDetails, Boolean isUserRegistered) in c:\LoyaltyWebTest\Web\Test\UI\LoyaltyWeb\LoyaltyWebTest\LoyaltyWebTest\ApplyAndBuyTests.cs:line 915
   at Nordstrom.Web.Test.UI.LoyaltyWeb.ApplyAndBuyTests.ApplyAndBuy_GuestUserApplyForDebitCardAndSignInConfirmationAsRegisteredUser_CardSucessfullyAddedToWallet() in c:\LoyaltyWebTest\Web\Test\UI\LoyaltyWeb\LoyaltyWebTest\LoyaltyWebTest\ApplyAndBuyTests.cs:line 776
</StackTrace>
        </ErrorInfo>
      </Output>
    </UnitTestResult>
    <UnitTestResult executionId="7d0dbdc0-42cb-4d78-8d95-39193fb3ba8c" testId="7e069a12-faf6-ada5-7c7e-730fdd13496c" testName="ApplyandBuy_GuestUserApplyForNewDebitCard_ShoppingSuccessfulWithNewDebitCardAddedToWallet" computerName="MW00977477" duration="00:00:23.8388052" startTime="2015-12-26T17:35:17.6843020-08:00" endTime="2015-12-26T17:35:41.5286862-08:00" testType="13cdc9d9-ddb5-4fa4-a97d-d965ccfc6d4b" outcome="Failed" testListId="8c84fa94-04c1-424b-9868-57a2d4851a1d" relativeResultsDirectory="7d0dbdc0-42cb-4d78-8d95-39193fb3ba8c">
      <Output>
        <DebugTrace>Page loaded succesfully with URL = https://tsecure.dev.nordstrom.com/signIn.aspx
Page loaded succesfully with URL = https://tsecure.dev.nordstrom.com/signIn.aspx
Page loaded succesfully with URL = http://tshop.dev.nordstrom.com/c/rewards-cards?origin=footer
</DebugTrace>
        <ErrorInfo>
          <Message>Test method Nordstrom.Web.Test.UI.LoyaltyWeb.ApplyAndBuyTests.ApplyandBuy_GuestUserApplyForNewDebitCard_ShoppingSuccessfulWithNewDebitCardAddedToWallet threw exception: 
System.NullReferenceException: Object reference not set to an instance of an object.</Message>
          <StackTrace>    at Nordstrom.Web.Test.UI.Common.PageObjects.ApplyForNordCardsPage.ApplyAndBuySignIn(UsersUser user) in c:\LoyaltyWebTest\Web\Test\UI\Common\PageObjects\ApplyForNordCardsPage.cs:line 157
   at Nordstrom.Web.Test.UI.Common.PageObjects.ApplyForNordCardsPage.ClickOnApplyForDebitButton(Boolean isUserRegistered, UsersUser user) in c:\LoyaltyWebTest\Web\Test\UI\Common\PageObjects\ApplyForNordCardsPage.cs:line 139
   at Nordstrom.Web.Test.UI.LoyaltyWeb.ApplyAndBuyTests.ApplyDebitCardThroughIcaWithValidDetails(ApplyAndBuyApplicationCardsCard applyAndBuyCardDetails, Boolean isUserRegistered) in c:\LoyaltyWebTest\Web\Test\UI\LoyaltyWeb\LoyaltyWebTest\LoyaltyWebTest\ApplyAndBuyTests.cs:line 915
   at Nordstrom.Web.Test.UI.LoyaltyWeb.ApplyAndBuyTests.ApplyandBuy_GuestUserApplyForNewDebitCard_ShoppingSuccessfulWithNewDebitCardAddedToWallet() in c:\LoyaltyWebTest\Web\Test\UI\LoyaltyWeb\LoyaltyWebTest\LoyaltyWebTest\ApplyAndBuyTests.cs:line 278
</StackTrace>
        </ErrorInfo>
      </Output>
    </UnitTestResult>
    <UnitTestResult executionId="57c08325-b9de-4350-9992-c670566cc478" testId="5e292389-75cf-17f7-6636-b9ebbfaf2ab9" testName="ApplyAndBuy_GuestUserApplyForNewDebitCardAndSignInAfterConfirmationAsNewUser_CardSuccessfullyAddedToWallet" computerName="MW00977477" duration="00:00:21.5987014" startTime="2015-12-26T17:35:41.5296863-08:00" endTime="2015-12-26T17:36:03.1318997-08:00" testType="13cdc9d9-ddb5-4fa4-a97d-d965ccfc6d4b" outcome="Failed" testListId="8c84fa94-04c1-424b-9868-57a2d4851a1d" relativeResultsDirectory="57c08325-b9de-4350-9992-c670566cc478">
      <Output>
        <DebugTrace>Page loaded succesfully with URL = https://tsecure.dev.nordstrom.com/signIn.aspx
Page loaded succesfully with URL = https://tsecure.dev.nordstrom.com/signIn.aspx
Page loaded succesfully with URL = http://tshop.dev.nordstrom.com/c/rewards-cards?origin=footer
</DebugTrace>
        <ErrorInfo>
          <Message>Test method Nordstrom.Web.Test.UI.LoyaltyWeb.ApplyAndBuyTests.ApplyAndBuy_GuestUserApplyForNewDebitCardAndSignInAfterConfirmationAsNewUser_CardSuccessfullyAddedToWallet threw exception: 
System.NullReferenceException: Object reference not set to an instance of an object.</Message>
          <StackTrace>    at Nordstrom.Web.Test.UI.Common.PageObjects.ApplyForNordCardsPage.ApplyAndBuySignIn(UsersUser user) in c:\LoyaltyWebTest\Web\Test\UI\Common\PageObjects\ApplyForNordCardsPage.cs:line 157
   at Nordstrom.Web.Test.UI.Common.PageObjects.ApplyForNordCardsPage.ClickOnApplyForDebitButton(Boolean isUserRegistered, UsersUser user) in c:\LoyaltyWebTest\Web\Test\UI\Common\PageObjects\ApplyForNordCardsPage.cs:line 139
   at Nordstrom.Web.Test.UI.LoyaltyWeb.ApplyAndBuyTests.ApplyDebitCardThroughIcaWithValidDetails(ApplyAndBuyApplicationCardsCard applyAndBuyCardDetails, Boolean isUserRegistered) in c:\LoyaltyWebTest\Web\Test\UI\LoyaltyWeb\LoyaltyWebTest\LoyaltyWebTest\ApplyAndBuyTests.cs:line 915
   at Nordstrom.Web.Test.UI.LoyaltyWeb.ApplyAndBuyTests.ApplyAndBuy_GuestUserApplyForNewDebitCardAndSignInAfterConfirmationAsNewUser_CardSuccessfullyAddedToWallet() in c:\LoyaltyWebTest\Web\Test\UI\LoyaltyWeb\LoyaltyWebTest\LoyaltyWebTest\ApplyAndBuyTests.cs:line 671
</StackTrace>
        </ErrorInfo>
      </Output>
    </UnitTestResult>
    <UnitTestResult executionId="ad1a74d0-9903-42a4-9de1-0f2f0cc24166" testId="19d3f5b7-1a42-16cf-9148-75f4af1915d8" testName="ApplyandBuy_GuestUserApplyForNewRetailCard_ShoppingSuccessfulWithNewRetailCardAddedToWallet" computerName="MW00977477" duration="00:00:21.2211481" startTime="2015-12-26T17:36:03.1328997-08:00" endTime="2015-12-26T17:36:24.3558997-08:00" testType="13cdc9d9-ddb5-4fa4-a97d-d965ccfc6d4b" outcome="Failed" testListId="8c84fa94-04c1-424b-9868-57a2d4851a1d" relativeResultsDirectory="ad1a74d0-9903-42a4-9de1-0f2f0cc24166">
      <Output>
        <DebugTrace>Page loaded succesfully with URL = https://tsecure.dev.nordstrom.com/signIn.aspx
Page loaded succesfully with URL = https://tsecure.dev.nordstrom.com/signIn.aspx
Page loaded succesfully with URL = http://tshop.dev.nordstrom.com/c/rewards-cards?origin=footer
</DebugTrace>
        <ErrorInfo>
          <Message>Test method Nordstrom.Web.Test.UI.LoyaltyWeb.ApplyAndBuyTests.ApplyandBuy_GuestUserApplyForNewRetailCard_ShoppingSuccessfulWithNewRetailCardAddedToWallet threw exception: 
System.NullReferenceException: Object reference not set to an instance of an object.</Message>
          <StackTrace>    at Nordstrom.Web.Test.UI.Common.PageObjects.ApplyForNordCardsPage.ApplyAndBuySignIn(UsersUser user) in c:\LoyaltyWebTest\Web\Test\UI\Common\PageObjects\ApplyForNordCardsPage.cs:line 157
   at Nordstrom.Web.Test.UI.Common.PageObjects.ApplyForNordCardsPage.ClickOnApplyForCreditButton(Boolean isUserRegistered, UsersUser user) in c:\LoyaltyWebTest\Web\Test\UI\Common\PageObjects\ApplyForNordCardsPage.cs:line 124
   at Nordstrom.Web.Test.UI.LoyaltyWeb.ApplyAndBuyTests.NavigateToCreditCardConfirmationPageThroughIca(ApplyAndBuyApplicationCardsCard applyAndBuyCardDetails, Boolean isUserRegistered, Boolean isVisaCard) in c:\LoyaltyWebTest\Web\Test\UI\LoyaltyWeb\LoyaltyWebTest\LoyaltyWebTest\ApplyAndBuyTests.cs:line 950
   at Nordstrom.Web.Test.UI.LoyaltyWeb.ApplyAndBuyTests.ApplyCreditCardThroughIcaWithValidDetails(ApplyAndBuyApplicationCardsCard applyAndBuyCardDetails, Boolean isUserRegistered, Boolean isVisaCard) in c:\LoyaltyWebTest\Web\Test\UI\LoyaltyWeb\LoyaltyWebTest\LoyaltyWebTest\ApplyAndBuyTests.cs:line 842
   at Nordstrom.Web.Test.UI.LoyaltyWeb.ApplyAndBuyTests.ApplyandBuy_GuestUserApplyForNewRetailCard_ShoppingSuccessfulWithNewRetailCardAddedToWallet() in c:\LoyaltyWebTest\Web\Test\UI\LoyaltyWeb\LoyaltyWebTest\LoyaltyWebTest\ApplyAndBuyTests.cs:line 238
</StackTrace>
        </ErrorInfo>
      </Output>
    </UnitTestResult>
    <UnitTestResult executionId="2803d94d-00d7-4efb-bb6e-7c9ff6bfdbc1" testId="09913320-6a43-f344-ad72-24ef5b9d5b08" testName="ApplyAndBuy_GuestUserApplyForNewRetailCardAndSignInAsReturningUserAfterCardConfirmation_OrderSuccessfullyPlacedWithNewRetailCard" computerName="MW00977477" duration="00:00:19.8148348" startTime="2015-12-26T17:36:24.3568997-08:00" endTime="2015-12-26T17:36:44.1738997-08:00" testType="13cdc9d9-ddb5-4fa4-a97d-d965ccfc6d4b" outcome="Failed" testListId="8c84fa94-04c1-424b-9868-57a2d4851a1d" relativeResultsDirectory="2803d94d-00d7-4efb-bb6e-7c9ff6bfdbc1">
      <Output>
        <DebugTrace>Page loaded succesfully with URL = https://tsecure.dev.nordstrom.com/signIn.aspx
Page loaded succesfully with URL = https://tsecure.dev.nordstrom.com/signIn.aspx
Page loaded succesfully with URL = http://tshop.dev.nordstrom.com/c/rewards-cards?origin=footer
</DebugTrace>
        <ErrorInfo>
          <Message>Test method Nordstrom.Web.Test.UI.LoyaltyWeb.ApplyAndBuyTests.ApplyAndBuy_GuestUserApplyForNewRetailCardAndSignInAsReturningUserAfterCardConfirmation_OrderSuccessfullyPlacedWithNewRetailCard threw exception: 
System.NullReferenceException: Object reference not set to an instance of an object.</Message>
          <StackTrace>    at Nordstrom.Web.Test.UI.Common.PageObjects.ApplyForNordCardsPage.ApplyAndBuySignIn(UsersUser user) in c:\LoyaltyWebTest\Web\Test\UI\Common\PageObjects\ApplyForNordCardsPage.cs:line 157
   at Nordstrom.Web.Test.UI.Common.PageObjects.ApplyForNordCardsPage.ClickOnApplyForCreditButton(Boolean isUserRegistered, UsersUser user) in c:\LoyaltyWebTest\Web\Test\UI\Common\PageObjects\ApplyForNordCardsPage.cs:line 124
   at Nordstrom.Web.Test.UI.LoyaltyWeb.ApplyAndBuyTests.NavigateToCreditCardConfirmationPageThroughIca(ApplyAndBuyApplicationCardsCard applyAndBuyCardDetails, Boolean isUserRegistered, Boolean isVisaCard) in c:\LoyaltyWebTest\Web\Test\UI\LoyaltyWeb\LoyaltyWebTest\LoyaltyWebTest\ApplyAndBuyTests.cs:line 950
   at Nordstrom.Web.Test.UI.LoyaltyWeb.ApplyAndBuyTests.ApplyCreditCardThroughIcaWithValidDetails(ApplyAndBuyApplicationCardsCard applyAndBuyCardDetails, Boolean isUserRegistered, Boolean isVisaCard) in c:\LoyaltyWebTest\Web\Test\UI\LoyaltyWeb\LoyaltyWebTest\LoyaltyWebTest\ApplyAndBuyTests.cs:line 842
   at Nordstrom.Web.Test.UI.LoyaltyWeb.ApplyAndBuyTests.ApplyAndBuy_GuestUserApplyForNewRetailCardAndSignInAsReturningUserAfterCardConfirmation_OrderSuccessfullyPlacedWithNewRetailCard() in c:\LoyaltyWebTest\Web\Test\UI\LoyaltyWeb\LoyaltyWebTest\LoyaltyWebTest\ApplyAndBuyTests.cs:line 649
</StackTrace>
        </ErrorInfo>
      </Output>
    </UnitTestResult>
    <UnitTestResult executionId="cf9c8684-64a7-48d9-ab67-d3bddb1a3352" testId="6a2c3389-c188-4773-e10b-4e29b62bf4bc" testName="ApplyAndBuy_GuestUserApplyForNewVisaCardAndRegisterAfterCardConfirmation_CardSuccessfullyAddedToWallet" computerName="MW00977477" duration="00:00:23.3744890" startTime="2015-12-26T17:36:44.1758997-08:00" endTime="2015-12-26T17:37:07.5518997-08:00" testType="13cdc9d9-ddb5-4fa4-a97d-d965ccfc6d4b" outcome="Failed" testListId="8c84fa94-04c1-424b-9868-57a2d4851a1d" relativeResultsDirectory="cf9c8684-64a7-48d9-ab67-d3bddb1a3352">
      <Output>
        <DebugTrace>Page loaded succesfully with URL = https://tsecure.dev.nordstrom.com/signIn.aspx
Page loaded succesfully with URL = https://tsecure.dev.nordstrom.com/signIn.aspx
Page loaded succesfully with URL = http://tshop.dev.nordstrom.com/c/rewards-cards?origin=footer
</DebugTrace>
        <ErrorInfo>
          <Message>Test method Nordstrom.Web.Test.UI.LoyaltyWeb.ApplyAndBuyTests.ApplyAndBuy_GuestUserApplyForNewVisaCardAndRegisterAfterCardConfirmation_CardSuccessfullyAddedToWallet threw exception: 
System.NullReferenceException: Object reference not set to an instance of an object.</Message>
          <StackTrace>    at Nordstrom.Web.Test.UI.Common.PageObjects.ApplyForNordCardsPage.ApplyAndBuySignIn(UsersUser user) in c:\LoyaltyWebTest\Web\Test\UI\Common\PageObjects\ApplyForNordCardsPage.cs:line 157
   at Nordstrom.Web.Test.UI.Common.PageObjects.ApplyForNordCardsPage.ClickOnApplyForCreditButton(Boolean isUserRegistered, UsersUser user) in c:\LoyaltyWebTest\Web\Test\UI\Common\PageObjects\ApplyForNordCardsPage.cs:line 124
   at Nordstrom.Web.Test.UI.LoyaltyWeb.ApplyAndBuyTests.NavigateToCreditCardConfirmationPageThroughIca(ApplyAndBuyApplicationCardsCard applyAndBuyCardDetails, Boolean isUserRegistered, Boolean isVisaCard) in c:\LoyaltyWebTest\Web\Test\UI\LoyaltyWeb\LoyaltyWebTest\LoyaltyWebTest\ApplyAndBuyTests.cs:line 950
   at Nordstrom.Web.Test.UI.LoyaltyWeb.ApplyAndBuyTests.ApplyCreditCardThroughIcaWithValidDetails(ApplyAndBuyApplicationCardsCard applyAndBuyCardDetails, Boolean isUserRegistered, Boolean isVisaCard) in c:\LoyaltyWebTest\Web\Test\UI\LoyaltyWeb\LoyaltyWebTest\LoyaltyWebTest\ApplyAndBuyTests.cs:line 842
   at Nordstrom.Web.Test.UI.LoyaltyWeb.ApplyAndBuyTests.ApplyAndBuy_GuestUserApplyForNewVisaCardAndRegisterAfterCardConfirmation_CardSuccessfullyAddedToWallet() in c:\LoyaltyWebTest\Web\Test\UI\LoyaltyWeb\LoyaltyWebTest\LoyaltyWebTest\ApplyAndBuyTests.cs:line 305
</StackTrace>
        </ErrorInfo>
      </Output>
    </UnitTestResult>
    <UnitTestResult executionId="2b6afb71-f882-4de2-bfbb-63d0481c26de" testId="29859a34-d2ec-6bf5-66bf-30f6009dcdd5" testName="ApplyAndBuy_GuestUserApplyForNewVisaCardAndRegisterAsANewUserAfterCardConfirmation_OrderSuccessfullyPlacedWithNewVisaCard" computerName="MW00977477" duration="00:00:23.0116169" startTime="2015-12-26T17:37:07.5538997-08:00" endTime="2015-12-26T17:37:30.5678997-08:00" testType="13cdc9d9-ddb5-4fa4-a97d-d965ccfc6d4b" outcome="Failed" testListId="8c84fa94-04c1-424b-9868-57a2d4851a1d" relativeResultsDirectory="2b6afb71-f882-4de2-bfbb-63d0481c26de">
      <Output>
        <DebugTrace>Page loaded succesfully with URL = https://tsecure.dev.nordstrom.com/signIn.aspx
Page loaded succesfully with URL = https://tsecure.dev.nordstrom.com/signIn.aspx
Page loaded succesfully with URL = http://tshop.dev.nordstrom.com/c/rewards-cards?origin=footer
</DebugTrace>
        <ErrorInfo>
          <Message>Test method Nordstrom.Web.Test.UI.LoyaltyWeb.ApplyAndBuyTests.ApplyAndBuy_GuestUserApplyForNewVisaCardAndRegisterAsANewUserAfterCardConfirmation_OrderSuccessfullyPlacedWithNewVisaCard threw exception: 
System.NullReferenceException: Object reference not set to an instance of an object.</Message>
          <StackTrace>    at Nordstrom.Web.Test.UI.Common.PageObjects.ApplyForNordCardsPage.ApplyAndBuySignIn(UsersUser user) in c:\LoyaltyWebTest\Web\Test\UI\Common\PageObjects\ApplyForNordCardsPage.cs:line 157
   at Nordstrom.Web.Test.UI.Common.PageObjects.ApplyForNordCardsPage.ClickOnApplyForCreditButton(Boolean isUserRegistered, UsersUser user) in c:\LoyaltyWebTest\Web\Test\UI\Common\PageObjects\ApplyForNordCardsPage.cs:line 124
   at Nordstrom.Web.Test.UI.LoyaltyWeb.ApplyAndBuyTests.NavigateToCreditCardConfirmationPageThroughIca(ApplyAndBuyApplicationCardsCard applyAndBuyCardDetails, Boolean isUserRegistered, Boolean isVisaCard) in c:\LoyaltyWebTest\Web\Test\UI\LoyaltyWeb\LoyaltyWebTest\LoyaltyWebTest\ApplyAndBuyTests.cs:line 950
   at Nordstrom.Web.Test.UI.LoyaltyWeb.ApplyAndBuyTests.ApplyCreditCardThroughIcaWithValidDetails(ApplyAndBuyApplicationCardsCard applyAndBuyCardDetails, Boolean isUserRegistered, Boolean isVisaCard) in c:\LoyaltyWebTest\Web\Test\UI\LoyaltyWeb\LoyaltyWebTest\LoyaltyWebTest\ApplyAndBuyTests.cs:line 842
   at Nordstrom.Web.Test.UI.LoyaltyWeb.ApplyAndBuyTests.ApplyAndBuy_GuestUserApplyForNewVisaCardAndRegisterAsANewUserAfterCardConfirmation_OrderSuccessfullyPlacedWithNewVisaCard() in c:\LoyaltyWebTest\Web\Test\UI\LoyaltyWeb\LoyaltyWebTest\LoyaltyWebTest\ApplyAndBuyTests.cs:line 550
</StackTrace>
        </ErrorInfo>
      </Output>
    </UnitTestResult>
    <UnitTestResult executionId="ce92a8c0-e015-4508-bcfd-ec182ecfdcdd" testId="caa293c4-490c-e422-2d38-ef52d14434a9" testName="ApplyAndBuy_GuestUserApplyForNewVisaCardAndSignInAfterCardConfirmation_CardSuccessfullyAddedToWallet" computerName="MW00977477" duration="00:00:20.5519271" startTime="2015-12-26T17:37:30.5698997-08:00" endTime="2015-12-26T17:37:51.1228997-08:00" testType="13cdc9d9-ddb5-4fa4-a97d-d965ccfc6d4b" outcome="Failed" testListId="8c84fa94-04c1-424b-9868-57a2d4851a1d" relativeResultsDirectory="ce92a8c0-e015-4508-bcfd-ec182ecfdcdd">
      <Output>
        <DebugTrace>Page loaded succesfully with URL = https://tsecure.dev.nordstrom.com/signIn.aspx
Page loaded succesfully with URL = https://tsecure.dev.nordstrom.com/signIn.aspx
Page loaded succesfully with URL = http://tshop.dev.nordstrom.com/c/rewards-cards?origin=footer
</DebugTrace>
        <ErrorInfo>
          <Message>Test method Nordstrom.Web.Test.UI.LoyaltyWeb.ApplyAndBuyTests.ApplyAndBuy_GuestUserApplyForNewVisaCardAndSignInAfterCardConfirmation_CardSuccessfullyAddedToWallet threw exception: 
System.NullReferenceException: Object reference not set to an instance of an object.</Message>
          <StackTrace>    at Nordstrom.Web.Test.UI.Common.PageObjects.ApplyForNordCardsPage.ApplyAndBuySignIn(UsersUser user) in c:\LoyaltyWebTest\Web\Test\UI\Common\PageObjects\ApplyForNordCardsPage.cs:line 157
   at Nordstrom.Web.Test.UI.Common.PageObjects.ApplyForNordCardsPage.ClickOnApplyForCreditButton(Boolean isUserRegistered, UsersUser user) in c:\LoyaltyWebTest\Web\Test\UI\Common\PageObjects\ApplyForNordCardsPage.cs:line 124
   at Nordstrom.Web.Test.UI.LoyaltyWeb.ApplyAndBuyTests.NavigateToCreditCardConfirmationPageThroughIca(ApplyAndBuyApplicationCardsCard applyAndBuyCardDetails, Boolean isUserRegistered, Boolean isVisaCard) in c:\LoyaltyWebTest\Web\Test\UI\LoyaltyWeb\LoyaltyWebTest\LoyaltyWebTest\ApplyAndBuyTests.cs:line 950
   at Nordstrom.Web.Test.UI.LoyaltyWeb.ApplyAndBuyTests.ApplyCreditCardThroughIcaWithValidDetails(ApplyAndBuyApplicationCardsCard applyAndBuyCardDetails, Boolean isUserRegistered, Boolean isVisaCard) in c:\LoyaltyWebTest\Web\Test\UI\LoyaltyWeb\LoyaltyWebTest\LoyaltyWebTest\ApplyAndBuyTests.cs:line 842
   at Nordstrom.Web.Test.UI.LoyaltyWeb.ApplyAndBuyTests.ApplyAndBuy_GuestUserApplyForNewVisaCardAndSignInAfterCardConfirmation_CardSuccessfullyAddedToWallet() in c:\LoyaltyWebTest\Web\Test\UI\LoyaltyWeb\LoyaltyWebTest\LoyaltyWebTest\ApplyAndBuyTests.cs:line 331
</StackTrace>
        </ErrorInfo>
      </Output>
    </UnitTestResult>
    <UnitTestResult executionId="33aceab9-e02f-4d85-b991-2787829a2ee2" testId="189abbc0-b0a5-ecf8-6664-bfda98bdb3a6" testName="ApplyAndBuy_GuestUserApplyForNewVisaCardAndSignInAsExistingUserAfterCardConfirmation_OrderSuccessfullyPlacedWithNewVisaCard" computerName="MW00977477" duration="00:00:22.6801315" startTime="2015-12-26T17:37:51.1248997-08:00" endTime="2015-12-26T17:38:13.8068997-08:00" testType="13cdc9d9-ddb5-4fa4-a97d-d965ccfc6d4b" outcome="Failed" testListId="8c84fa94-04c1-424b-9868-57a2d4851a1d" relativeResultsDirectory="33aceab9-e02f-4d85-b991-2787829a2ee2">
      <Output>
        <DebugTrace>Page loaded succesfully with URL = https://tsecure.dev.nordstrom.com/signIn.aspx
Page loaded succesfully with URL = https://tsecure.dev.nordstrom.com/signIn.aspx
Page loaded succesfully with URL = http://tshop.dev.nordstrom.com/c/rewards-cards?origin=footer
</DebugTrace>
        <ErrorInfo>
          <Message>Test method Nordstrom.Web.Test.UI.LoyaltyWeb.ApplyAndBuyTests.ApplyAndBuy_GuestUserApplyForNewVisaCardAndSignInAsExistingUserAfterCardConfirmation_OrderSuccessfullyPlacedWithNewVisaCard threw exception: 
System.NullReferenceException: Object reference not set to an instance of an object.</Message>
          <StackTrace>    at Nordstrom.Web.Test.UI.Common.PageObjects.ApplyForNordCardsPage.ApplyAndBuySignIn(UsersUser user) in c:\LoyaltyWebTest\Web\Test\UI\Common\PageObjects\ApplyForNordCardsPage.cs:line 157
   at Nordstrom.Web.Test.UI.Common.PageObjects.ApplyForNordCardsPage.ClickOnApplyForCreditButton(Boolean isUserRegistered, UsersUser user) in c:\LoyaltyWebTest\Web\Test\UI\Common\PageObjects\ApplyForNordCardsPage.cs:line 124
   at Nordstrom.Web.Test.UI.LoyaltyWeb.ApplyAndBuyTests.NavigateToCreditCardConfirmationPageThroughIca(ApplyAndBuyApplicationCardsCard applyAndBuyCardDetails, Boolean isUserRegistered, Boolean isVisaCard) in c:\LoyaltyWebTest\Web\Test\UI\LoyaltyWeb\LoyaltyWebTest\LoyaltyWebTest\ApplyAndBuyTests.cs:line 950
   at Nordstrom.Web.Test.UI.LoyaltyWeb.ApplyAndBuyTests.ApplyCreditCardThroughIcaWithValidDetails(ApplyAndBuyApplicationCardsCard applyAndBuyCardDetails, Boolean isUserRegistered, Boolean isVisaCard) in c:\LoyaltyWebTest\Web\Test\UI\LoyaltyWeb\LoyaltyWebTest\LoyaltyWebTest\ApplyAndBuyTests.cs:line 842
   at Nordstrom.Web.Test.UI.LoyaltyWeb.ApplyAndBuyTests.ApplyAndBuy_GuestUserApplyForNewVisaCardAndSignInAsExistingUserAfterCardConfirmation_OrderSuccessfullyPlacedWithNewVisaCard() in c:\LoyaltyWebTest\Web\Test\UI\LoyaltyWeb\LoyaltyWebTest\LoyaltyWebTest\ApplyAndBuyTests.cs:line 532
</StackTrace>
        </ErrorInfo>
      </Output>
    </UnitTestResult>
    <UnitTestResult executionId="eb2e3aa0-e611-4951-b0e7-b7aaf10c7a0c" testId="39f8cbb0-ec35-e92c-5fa3-224713efa2f4" testName="ApplyAndBuy_GuestUserApplyNewRetailCardAndSignInConfirmation_CardSuccessfullyAddedToWallet" computerName="MW00977477" duration="00:00:19.7501981" startTime="2015-12-26T17:38:13.8078997-08:00" endTime="2015-12-26T17:38:33.5598997-08:00" testType="13cdc9d9-ddb5-4fa4-a97d-d965ccfc6d4b" outcome="Failed" testListId="8c84fa94-04c1-424b-9868-57a2d4851a1d" relativeResultsDirectory="eb2e3aa0-e611-4951-b0e7-b7aaf10c7a0c">
      <Output>
        <DebugTrace>Page loaded succesfully with URL = https://tsecure.dev.nordstrom.com/signIn.aspx
Page loaded succesfully with URL = https://tsecure.dev.nordstrom.com/signIn.aspx
Page loaded succesfully with URL = http://tshop.dev.nordstrom.com/c/rewards-cards?origin=footer
</DebugTrace>
        <ErrorInfo>
          <Message>Test method Nordstrom.Web.Test.UI.LoyaltyWeb.ApplyAndBuyTests.ApplyAndBuy_GuestUserApplyNewRetailCardAndSignInConfirmation_CardSuccessfullyAddedToWallet threw exception: 
System.NullReferenceException: Object reference not set to an instance of an object.</Message>
          <StackTrace>    at Nordstrom.Web.Test.UI.Common.PageObjects.ApplyForNordCardsPage.ApplyAndBuySignIn(UsersUser user) in c:\LoyaltyWebTest\Web\Test\UI\Common\PageObjects\ApplyForNordCardsPage.cs:line 157
   at Nordstrom.Web.Test.UI.Common.PageObjects.ApplyForNordCardsPage.ClickOnApplyForCreditButton(Boolean isUserRegistered, UsersUser user) in c:\LoyaltyWebTest\Web\Test\UI\Common\PageObjects\ApplyForNordCardsPage.cs:line 124
   at Nordstrom.Web.Test.UI.LoyaltyWeb.ApplyAndBuyTests.NavigateToCreditCardConfirmationPageThroughIca(ApplyAndBuyApplicationCardsCard applyAndBuyCardDetails, Boolean isUserRegistered, Boolean isVisaCard) in c:\LoyaltyWebTest\Web\Test\UI\LoyaltyWeb\LoyaltyWebTest\LoyaltyWebTest\ApplyAndBuyTests.cs:line 950
   at Nordstrom.Web.Test.UI.LoyaltyWeb.ApplyAndBuyTests.ApplyCreditCardThroughIcaWithValidDetails(ApplyAndBuyApplicationCardsCard applyAndBuyCardDetails, Boolean isUserRegistered, Boolean isVisaCard) in c:\LoyaltyWebTest\Web\Test\UI\LoyaltyWeb\LoyaltyWebTest\LoyaltyWebTest\ApplyAndBuyTests.cs:line 842
   at Nordstrom.Web.Test.UI.LoyaltyWeb.ApplyAndBuyTests.ApplyAndBuy_GuestUserApplyNewRetailCardAndSignInConfirmation_CardSuccessfullyAddedToWallet() in c:\LoyaltyWebTest\Web\Test\UI\LoyaltyWeb\LoyaltyWebTest\LoyaltyWebTest\ApplyAndBuyTests.cs:line 725
</StackTrace>
        </ErrorInfo>
      </Output>
    </UnitTestResult>
    <UnitTestResult executionId="e4fb64c3-977e-46c7-a110-0460bf17b40f" testId="66d904d5-b7a6-fdbc-78da-2fd7a37dff81" testName="ApplyAndBuy_GuestUserApplyNewVisaCardAndSignInAfterConfirmation_CardSuccessfullyAddedToWallet" computerName="MW00977477" duration="00:00:21.2878981" startTime="2015-12-26T17:38:33.5648997-08:00" endTime="2015-12-26T17:38:54.8548997-08:00" testType="13cdc9d9-ddb5-4fa4-a97d-d965ccfc6d4b" outcome="Failed" testListId="8c84fa94-04c1-424b-9868-57a2d4851a1d" relativeResultsDirectory="e4fb64c3-977e-46c7-a110-0460bf17b40f">
      <Output>
        <DebugTrace>Page loaded succesfully with URL = https://tsecure.dev.nordstrom.com/signIn.aspx
Page loaded succesfully with URL = https://tsecure.dev.nordstrom.com/signIn.aspx
Page loaded succesfully with URL = http://tshop.dev.nordstrom.com/c/rewards-cards?origin=footer
</DebugTrace>
        <ErrorInfo>
          <Message>Test method Nordstrom.Web.Test.UI.LoyaltyWeb.ApplyAndBuyTests.ApplyAndBuy_GuestUserApplyNewVisaCardAndSignInAfterConfirmation_CardSuccessfullyAddedToWallet threw exception: 
System.NullReferenceException: Object reference not set to an instance of an object.</Message>
          <StackTrace>    at Nordstrom.Web.Test.UI.Common.PageObjects.ApplyForNordCardsPage.ApplyAndBuySignIn(UsersUser user) in c:\LoyaltyWebTest\Web\Test\UI\Common\PageObjects\ApplyForNordCardsPage.cs:line 157
   at Nordstrom.Web.Test.UI.Common.PageObjects.ApplyForNordCardsPage.ClickOnApplyForCreditButton(Boolean isUserRegistered, UsersUser user) in c:\LoyaltyWebTest\Web\Test\UI\Common\PageObjects\ApplyForNordCardsPage.cs:line 124
   at Nordstrom.Web.Test.UI.LoyaltyWeb.ApplyAndBuyTests.NavigateToCreditCardConfirmationPageThroughIca(ApplyAndBuyApplicationCardsCard applyAndBuyCardDetails, Boolean isUserRegistered, Boolean isVisaCard) in c:\LoyaltyWebTest\Web\Test\UI\LoyaltyWeb\LoyaltyWebTest\LoyaltyWebTest\ApplyAndBuyTests.cs:line 950
   at Nordstrom.Web.Test.UI.LoyaltyWeb.ApplyAndBuyTests.ApplyCreditCardThroughIcaWithValidDetails(ApplyAndBuyApplicationCardsCard applyAndBuyCardDetails, Boolean isUserRegistered, Boolean isVisaCard) in c:\LoyaltyWebTest\Web\Test\UI\LoyaltyWeb\LoyaltyWebTest\LoyaltyWebTest\ApplyAndBuyTests.cs:line 842
   at Nordstrom.Web.Test.UI.LoyaltyWeb.ApplyAndBuyTests.ApplyAndBuy_GuestUserApplyNewVisaCardAndSignInAfterConfirmation_CardSuccessfullyAddedToWallet() in c:\LoyaltyWebTest\Web\Test\UI\LoyaltyWeb\LoyaltyWebTest\LoyaltyWebTest\ApplyAndBuyTests.cs:line 698
</StackTrace>
        </ErrorInfo>
      </Output>
    </UnitTestResult>
    <UnitTestResult executionId="3a2a4a5c-6f80-47cc-8fc1-61fd8e5d88fa" testId="e9944a28-5031-d30d-4a12-0653110e1998" testName="ApplyAndBuy_GuestUserDeclineRetailCard_SuccessfulNavigationToHomePage" computerName="MW00977477" duration="00:00:20.5702840" startTime="2015-12-26T17:38:54.8558997-08:00" endTime="2015-12-26T17:39:15.4298997-08:00" testType="13cdc9d9-ddb5-4fa4-a97d-d965ccfc6d4b" outcome="Failed" testListId="8c84fa94-04c1-424b-9868-57a2d4851a1d" relativeResultsDirectory="3a2a4a5c-6f80-47cc-8fc1-61fd8e5d88fa">
      <Output>
        <DebugTrace>Page loaded succesfully with URL = https://tsecure.dev.nordstrom.com/signIn.aspx
Page loaded succesfully with URL = https://tsecure.dev.nordstrom.com/signIn.aspx
Page loaded succesfully with URL = http://tshop.dev.nordstrom.com/c/rewards-cards?origin=footer
</DebugTrace>
        <ErrorInfo>
          <Message>Test method Nordstrom.Web.Test.UI.LoyaltyWeb.ApplyAndBuyTests.ApplyAndBuy_GuestUserDeclineRetailCard_SuccessfulNavigationToHomePage threw exception: 
System.NullReferenceException: Object reference not set to an instance of an object.</Message>
          <StackTrace>    at Nordstrom.Web.Test.UI.Common.PageObjects.ApplyForNordCardsPage.ApplyAndBuySignIn(UsersUser user) in c:\LoyaltyWebTest\Web\Test\UI\Common\PageObjects\ApplyForNordCardsPage.cs:line 157
   at Nordstrom.Web.Test.UI.Common.PageObjects.ApplyForNordCardsPage.ClickOnApplyForCreditButton(Boolean isUserRegistered, UsersUser user) in c:\LoyaltyWebTest\Web\Test\UI\Common\PageObjects\ApplyForNordCardsPage.cs:line 124
   at Nordstrom.Web.Test.UI.LoyaltyWeb.ApplyAndBuyTests.DeclineTheCardsFromCardOfferPage(ApplyAndBuyApplicationCardsCard applyAndBuyCardDetails, Boolean isUserRegistered, Boolean isVisaCard) in c:\LoyaltyWebTest\Web\Test\UI\LoyaltyWeb\LoyaltyWebTest\LoyaltyWebTest\ApplyAndBuyTests.cs:line 1038
   at Nordstrom.Web.Test.UI.LoyaltyWeb.ApplyAndBuyTests.ApplyAndBuy_GuestUserDeclineRetailCard_SuccessfulNavigationToHomePage() in c:\LoyaltyWebTest\Web\Test\UI\LoyaltyWeb\LoyaltyWebTest\LoyaltyWebTest\ApplyAndBuyTests.cs:line 593
</StackTrace>
        </ErrorInfo>
      </Output>
    </UnitTestResult>
    <UnitTestResult executionId="ce6a7c46-ed14-44f0-8f20-a74242bb3ba1" testId="819b055e-d883-032e-dbe4-8a1f8c548dcd" testName="ApplyAndBuy_GuestUserDeclineVisaAndRetailCard_SuccessfulNavigationToHomePage" computerName="MW00977477" duration="00:00:28.7104883" startTime="2015-12-26T17:39:15.4318997-08:00" endTime="2015-12-26T17:39:44.1458997-08:00" testType="13cdc9d9-ddb5-4fa4-a97d-d965ccfc6d4b" outcome="Failed" testListId="8c84fa94-04c1-424b-9868-57a2d4851a1d" relativeResultsDirectory="ce6a7c46-ed14-44f0-8f20-a74242bb3ba1">
      <Output>
        <DebugTrace>Page loaded succesfully with URL = https://tsecure.dev.nordstrom.com/signIn.aspx
Page loaded succesfully with URL = https://tsecure.dev.nordstrom.com/signIn.aspx
Page loaded succesfully with URL = http://tshop.dev.nordstrom.com/c/rewards-cards?origin=footer
</DebugTrace>
        <ErrorInfo>
          <Message>Test method Nordstrom.Web.Test.UI.LoyaltyWeb.ApplyAndBuyTests.ApplyAndBuy_GuestUserDeclineVisaAndRetailCard_SuccessfulNavigationToHomePage threw exception: 
System.NullReferenceException: Object reference not set to an instance of an object.</Message>
          <StackTrace>    at Nordstrom.Web.Test.UI.Common.PageObjects.ApplyForNordCardsPage.ApplyAndBuySignIn(UsersUser user) in c:\LoyaltyWebTest\Web\Test\UI\Common\PageObjects\ApplyForNordCardsPage.cs:line 157
   at Nordstrom.Web.Test.UI.Common.PageObjects.ApplyForNordCardsPage.ClickOnApplyForCreditButton(Boolean isUserRegistered, UsersUser user) in c:\LoyaltyWebTest\Web\Test\UI\Common\PageObjects\ApplyForNordCardsPage.cs:line 124
   at Nordstrom.Web.Test.UI.LoyaltyWeb.ApplyAndBuyTests.DeclineTheCardsFromCardOfferPage(ApplyAndBuyApplicationCardsCard applyAndBuyCardDetails, Boolean isUserRegistered, Boolean isVisaCard) in c:\LoyaltyWebTest\Web\Test\UI\LoyaltyWeb\LoyaltyWebTest\LoyaltyWebTest\ApplyAndBuyTests.cs:line 1038
   at Nordstrom.Web.Test.UI.LoyaltyWeb.ApplyAndBuyTests.ApplyAndBuy_GuestUserDeclineVisaAndRetailCard_SuccessfulNavigationToHomePage() in c:\LoyaltyWebTest\Web\Test\UI\LoyaltyWeb\LoyaltyWebTest\LoyaltyWebTest\ApplyAndBuyTests.cs:line 603
</StackTrace>
        </ErrorInfo>
      </Output>
    </UnitTestResult>
    <UnitTestResult executionId="5b1e904c-cace-4f11-806f-0de1c6803647" testId="849e6579-ace1-c6d4-b6eb-a6e9b2bc24eb" testName="ApplyAndBuy_GuestUserNavigationToVisaCardConfirmationAndPageHeaderAndFooterLinksVerification_HeaderAndFooterLinksVerifiedSuccessfully" computerName="MW00977477" duration="00:00:32.5461869" startTime="2015-12-26T17:39:44.1478997-08:00" endTime="2015-12-26T17:40:16.6948997-08:00" testType="13cdc9d9-ddb5-4fa4-a97d-d965ccfc6d4b" outcome="Failed" testListId="8c84fa94-04c1-424b-9868-57a2d4851a1d" relativeResultsDirectory="5b1e904c-cace-4f11-806f-0de1c6803647">
      <Output>
        <DebugTrace>Page loaded succesfully with URL = https://tsecure.dev.nordstrom.com/signIn.aspx
Page loaded succesfully with URL = https://tsecure.dev.nordstrom.com/signIn.aspx
Page loaded succesfully with URL = http://tshop.dev.nordstrom.com/c/rewards-cards?origin=footer
</DebugTrace>
        <ErrorInfo>
          <Message>Test method Nordstrom.Web.Test.UI.LoyaltyWeb.ApplyAndBuyTests.ApplyAndBuy_GuestUserNavigationToVisaCardConfirmationAndPageHeaderAndFooterLinksVerification_HeaderAndFooterLinksVerifiedSuccessfully threw exception: 
System.NullReferenceException: Object reference not set to an instance of an object.</Message>
          <StackTrace>    at Nordstrom.Web.Test.UI.Common.PageObjects.ApplyForNordCardsPage.ApplyAndBuySignIn(UsersUser user) in c:\LoyaltyWebTest\Web\Test\UI\Common\PageObjects\ApplyForNordCardsPage.cs:line 157
   at Nordstrom.Web.Test.UI.Common.PageObjects.ApplyForNordCardsPage.ClickOnApplyForCreditButton(Boolean isUserRegistered, UsersUser user) in c:\LoyaltyWebTest\Web\Test\UI\Common\PageObjects\ApplyForNordCardsPage.cs:line 124
   at Nordstrom.Web.Test.UI.LoyaltyWeb.ApplyAndBuyTests.NavigateToCreditCardConfirmationPageThroughIca(ApplyAndBuyApplicationCardsCard applyAndBuyCardDetails, Boolean isUserRegistered, Boolean isVisaCard) in c:\LoyaltyWebTest\Web\Test\UI\LoyaltyWeb\LoyaltyWebTest\LoyaltyWebTest\ApplyAndBuyTests.cs:line 950
   at Nordstrom.Web.Test.UI.LoyaltyWeb.ApplyAndBuyTests.ApplyAndBuy_GuestUserNavigationToVisaCardConfirmationAndPageHeaderAndFooterLinksVerification_HeaderAndFooterLinksVerifiedSuccessfully() in c:\LoyaltyWebTest\Web\Test\UI\LoyaltyWeb\LoyaltyWebTest\LoyaltyWebTest\ApplyAndBuyTests.cs:line 619
</StackTrace>
        </ErrorInfo>
      </Output>
    </UnitTestResult>
    <UnitTestResult executionId="9bf017cb-5db0-453a-a199-cee691b5d68d" testId="b7c85bb0-32db-7de4-90bc-36d9f89bd678" testName="ApplyAndBuy_GuestUserShoppingDebit_ShouldBeAbleToDeclineTheOffer" computerName="MW00977477" duration="00:00:48.9846049" startTime="2015-12-26T17:40:16.6978997-08:00" endTime="2015-12-26T17:41:05.6828997-08:00" testType="13cdc9d9-ddb5-4fa4-a97d-d965ccfc6d4b" outcome="Passed" testListId="8c84fa94-04c1-424b-9868-57a2d4851a1d" relativeResultsDirectory="9bf017cb-5db0-453a-a199-cee691b5d68d">
      <Output>
        <DebugTrace>Page loaded succesfully with URL = http://tshop.dev.nordstrom.com/
Page loaded succesfully with URL = http://tshop.dev.nordstrom.com/c/rewards-cards
Page loaded succesfully with URL = https://tsecure.dev.nordstrom.com/instantcreditapproval/ICAsignin.aspx?ProductSelectedForApplication=2
Page loaded succesfully with URL = https://tsecure.dev.nordstrom.com/instantcreditapproval/ICAsignin.aspx?ProductSelectedForApplication=2
Element is not Valid: Exception =Could not find element by: By.CssSelector: ctl00_mainContentPlaceHolder_ResourceLabel5
Page loaded succesfully with URL = https://tsecure.dev.nordstrom.com/instantcreditapproval/ICAsignin.aspx?ProductSelectedForApplication=2
Page loaded succesfully with URL = https://tsecure.dev.nordstrom.com/instantcreditapproval/ICAsignin.aspx?ProductSelectedForApplication=2
Page loaded succesfully with URL = https://tsecure.dev.nordstrom.com/InstantCreditApproval/ApplyForCredit.aspx?ProductSelectedForApplication=2
Element is not Valid: Exception =Could not find element by: By.Id: ctl00_mainContentPlaceholder_ContactInformation1_validatorFirstNameRequired
Element is not Valid: Exception =Could not find element by: By.Id: ctl00_mainContentPlaceholder_ContactInformation1_validatorLastNameRequired
Element is not Valid: Exception =Could not find element by: By.Id: ctl00_mainContentPlaceholder_ContactInformation1_validatorAddress1Required
Element is not Valid: Exception =Could not find element by: By.Id: ctl00_mainContentPlaceholder_ContactInformation1_validatorZipCodeRequired
Element is not Valid: Exception =Could not find element by: By.Id: ctl00_mainContentPlaceholder_ContactInformation1_validatorCityRequired
Element is not Valid: Exception =Could not find element by: By.Id: ctl00_mainContentPlaceholder_ContactInformation1_validatorStateProvinceRequired
Element is not Valid: Exception =Could not find element by: By.Id: ctl00_mainContentPlaceholder_ContactInformation1_validateTimeAddress
Element is not Valid: Exception =Could not find element by: By.Id: ctl00_mainContentPlaceholder_SecureFinancialInformation1_combinedSSNRequired
Element is not Valid: Exception =Could not find element by: By.Id: ctl00_mainContentPlaceholder_SecureFinancialInformation1_DobRequired
Element is not Valid: Exception =Could not find element by: By.Id: ctl00_mainContentPlaceholder_SecureFinancialInformation1_AnnualIncomeField
Element is not Valid: Exception =Could not find element by: By.Id: ctl00_mainContentPlaceholder_SecureFinancialInformation1_ValidatorIDNumberRequired
Element is not Valid: Exception =Could not find element by: By.Id: ctl00_mainContentPlaceholder_SecureFinancialInformation1_ValidatorStateFieldRequired
Element is not Valid: Exception =Could not find element by: By.Id: ctl00_mainContentPlaceholder_SecureFinancialInformation1_RequiredExpirationDate
Element is not Valid: Exception =Could not find element by: By.Id: ctl00_mainContentPlaceholder_SecureFinancialInformation1_emailValidator
Element is not Valid: Exception =Could not find element by: By.Id: ctl00_mainContentPlaceholder_SecureFinancialInformation1_confirmEmailValidator
Element is not Valid: Exception =Could not find element by: By.Id: ctl00_mainContentPlaceholder_SecureFinancialInformation1_phoneNumberRequired
Element is not Valid: Exception =Could not find element by: By.Id: ctl00_mainContentPlaceholder_SecureFinancialInformation1_PhoneTypeListRequired
Element is not Valid: Exception =Could not find element by: By.Id: ctl00_mainContentPlaceholder_ContactInformation1_validatorFirstNameRequired
Element is not Valid: Exception =Could not find element by: By.Id: ctl00_mainContentPlaceholder_ContactInformation1_validatorLastNameValid
Element is not Valid: Exception =Could not find element by: By.Id: ctl00_mainContentPlaceholder_ContactInformation1_CustomValidatorAddress1
Element is not Valid: Exception =Could not find element by: By.Id: ctl00_mainContentPlaceholder_ContactInformation1_ValidatorZipCodeValid
Element is not Valid: Exception =Could not find element by: By.Id: ctl00_mainContentPlaceholder_SecureFinancialInformation1_DOBValidator
Element is not Valid: Exception =Could not find element by: By.Id: ctl00_mainContentPlaceholder_SecureFinancialInformation1_AnnualIncomeCustomValidator
Element is not Valid: Exception =Could not find element by: By.Id: ctl00_mainContentPlaceholder_SecureFinancialInformation1_ValidateIdExpiration
Element is not Valid: Exception =Could not find element by: By.Id: ctl00_mainContentPlaceholder_SecureFinancialInformation1_phoneNumberValidation
Element is not Valid: Exception =Could not find element by: By.Id: ctl00_mainContentPlaceholder_SecureFinancialInformation1_emailRegularExpression
Element is not Valid: Exception =Could not find element by: By.Id: ctl00_mainContentPlaceholder_SecureFinancialInformation1_emailComparison
Element is not Valid: Exception =Could not find element by: By.Id: ctl00_mainContentPlaceholder_SecureFinancialInformation1_BankRoutingNumberRequired
Element is not Valid: Exception =Could not find element by: By.Id: ctl00_mainContentPlaceholder_SecureFinancialInformation1_ConfirmRoutingNumberRequired
Element is not Valid: Exception =Could not find element by: By.Id: ctl00_mainContentPlaceholder_SecureFinancialInformation1_BankAccountNumberRequired
Element is not Valid: Exception =Could not find element by: By.Id: ctl00_mainContentPlaceholder_SecureFinancialInformation1_ConfirmBankAccountNumberRequired
Element is not Valid: Exception =Could not find element by: By.Id: ctl00_mainContentPlaceholder_SecureFinancialInformation1_BankRoutingNumberCustom
Element is not Valid: Exception =Could not find element by: By.Id: ctl00_mainContentPlaceholder_SecureFinancialInformation1_ConfirmRoutingNumberCustom
Element is not Valid: Exception =Could not find element by: By.Id: ctl00_mainContentPlaceholder_SecureFinancialInformation1_ValidateConfirmAccountNumberCustom
Element is not Valid: Exception =Could not find element by: By.Id: ctl00_mainContentPlaceholder_SecureFinancialInformation1_ValidateAccountNumberCustom
Page loaded succesfully with URL = https://tsecure.dev.nordstrom.com/InstantCreditApproval/confirmation.aspx
Page loaded succesfully with URL = https://tsecure.dev.nordstrom.com/InstantCreditApproval/confirmation.aspx
Timed out waiting for element to be visible with locator: By.Id: ApplyButton
Agree and Apply Button not found
Element Not found with the given locator (By.Id: AcceptRetailCard)
Element not found with given locator By.Id: AcceptRetailCard
Accept retail card button is not rendered/found.
</DebugTrace>
      </Output>
    </UnitTestResult>
    <UnitTestResult executionId="e205a349-cfe9-46d5-8457-8d8f10556025" testId="8c3aee05-1b0e-05c2-6e40-2dbbfe101a46" testName="ApplyAndBuy_GuestUserShoppingRetailCard_ShouldBeAbleToDeclineTheOffer" computerName="MW00977477" duration="00:00:54.0405103" startTime="2015-12-26T17:41:05.6858997-08:00" endTime="2015-12-26T17:41:59.7268997-08:00" testType="13cdc9d9-ddb5-4fa4-a97d-d965ccfc6d4b" outcome="Passed" testListId="8c84fa94-04c1-424b-9868-57a2d4851a1d" relativeResultsDirectory="e205a349-cfe9-46d5-8457-8d8f10556025">
      <Output>
        <DebugTrace>Page loaded succesfully with URL = http://tshop.dev.nordstrom.com/
Page loaded succesfully with URL = http://tshop.dev.nordstrom.com/c/rewards-cards
Page loaded succesfully with URL = https://tsecure.dev.nordstrom.com/instantcreditapproval/ICAsignin.aspx?ProductSelectedForApplication=1
Page loaded succesfully with URL = https://tsecure.dev.nordstrom.com/instantcreditapproval/ICAsignin.aspx?ProductSelectedForApplication=1
Element is not Valid: Exception =Could not find element by: By.CssSelector: ctl00_mainContentPlaceHolder_ResourceLabel5
Page loaded succesfully with URL = https://tsecure.dev.nordstrom.com/instantcreditapproval/ICAsignin.aspx?ProductSelectedForApplication=1
Page loaded succesfully with URL = https://tsecure.dev.nordstrom.com/instantcreditapproval/ICAsignin.aspx?ProductSelectedForApplication=1
Page loaded succesfully with URL = https://tsecure.dev.nordstrom.com/InstantCreditApproval/ApplyForCredit.aspx?ProductSelectedForApplication=1
Element is not Valid: Exception =Could not find element by: By.Id: ctl00_mainContentPlaceholder_ContactInformation1_validatorFirstNameRequired
Element is not Valid: Exception =Could not find element by: By.Id: ctl00_mainContentPlaceholder_ContactInformation1_validatorLastNameRequired
Element is not Valid: Exception =Could not find element by: By.Id: ctl00_mainContentPlaceholder_ContactInformation1_validatorAddress1Required
Element is not Valid: Exception =Could not find element by: By.Id: ctl00_mainContentPlaceholder_ContactInformation1_validatorZipCodeRequired
Element is not Valid: Exception =Could not find element by: By.Id: ctl00_mainContentPlaceholder_ContactInformation1_validatorCityRequired
Element is not Valid: Exception =Could not find element by: By.Id: ctl00_mainContentPlaceholder_ContactInformation1_validatorStateProvinceRequired
Element is not Valid: Exception =Could not find element by: By.Id: ctl00_mainContentPlaceholder_ContactInformation1_validateTimeAddress
Element is not Valid: Exception =Could not find element by: By.Id: ctl00_mainContentPlaceholder_SecureFinancialInformation1_combinedSSNRequired
Element is not Valid: Exception =Could not find element by: By.Id: ctl00_mainContentPlaceholder_SecureFinancialInformation1_DobRequired
Element is not Valid: Exception =Could not find element by: By.Id: ctl00_mainContentPlaceholder_SecureFinancialInformation1_AnnualIncomeField
Element is not Valid: Exception =Could not find element by: By.Id: ctl00_mainContentPlaceholder_SecureFinancialInformation1_ValidatorIDNumberRequired
Element is not Valid: Exception =Could not find element by: By.Id: ctl00_mainContentPlaceholder_SecureFinancialInformation1_ValidatorStateFieldRequired
Element is not Valid: Exception =Could not find element by: By.Id: ctl00_mainContentPlaceholder_SecureFinancialInformation1_RequiredExpirationDate
Element is not Valid: Exception =Could not find element by: By.Id: ctl00_mainContentPlaceholder_SecureFinancialInformation1_emailValidator
Element is not Valid: Exception =Could not find element by: By.Id: ctl00_mainContentPlaceholder_SecureFinancialInformation1_confirmEmailValidator
Element is not Valid: Exception =Could not find element by: By.Id: ctl00_mainContentPlaceholder_SecureFinancialInformation1_phoneNumberRequired
Element is not Valid: Exception =Could not find element by: By.Id: ctl00_mainContentPlaceholder_SecureFinancialInformation1_PhoneTypeListRequired
Element is not Valid: Exception =Could not find element by: By.Id: ctl00_mainContentPlaceholder_ContactInformation1_validatorFirstNameRequired
Element is not Valid: Exception =Could not find element by: By.Id: ctl00_mainContentPlaceholder_ContactInformation1_validatorLastNameValid
Element is not Valid: Exception =Could not find element by: By.Id: ctl00_mainContentPlaceholder_ContactInformation1_CustomValidatorAddress1
Element is not Valid: Exception =Could not find element by: By.Id: ctl00_mainContentPlaceholder_ContactInformation1_ValidatorZipCodeValid
Element is not Valid: Exception =Could not find element by: By.Id: ctl00_mainContentPlaceholder_SecureFinancialInformation1_DOBValidator
Element is not Valid: Exception =Could not find element by: By.Id: ctl00_mainContentPlaceholder_SecureFinancialInformation1_AnnualIncomeCustomValidator
Element is not Valid: Exception =Could not find element by: By.Id: ctl00_mainContentPlaceholder_SecureFinancialInformation1_ValidateIdExpiration
Element is not Valid: Exception =Could not find element by: By.Id: ctl00_mainContentPlaceholder_SecureFinancialInformation1_phoneNumberValidation
Element is not Valid: Exception =Could not find element by: By.Id: ctl00_mainContentPlaceholder_SecureFinancialInformation1_emailRegularExpression
Element is not Valid: Exception =Could not find element by: By.Id: ctl00_mainContentPlaceholder_SecureFinancialInformation1_emailComparison
Page loaded succesfully with URL = https://tsecure.dev.nordstrom.com/InstantCreditApproval/offerpage.aspx
Page loaded succesfully with URL = https://tsecure.dev.nordstrom.com/InstantCreditApproval/offerpage.aspx
Timed out waiting for element to be visible with locator: By.Id: AcceptRetailOnlyCard
Accept Retail Only Offer button is not loaded
Timed out waiting for element to be visible with locator: By.Id: ApplyButton
Agree and Apply Button not found
Page loaded succesfully with URL = https://tsecure.dev.nordstrom.com/InstantCreditApproval/offerpage.aspx
Page loaded succesfully with URL = https://tsecure.dev.nordstrom.com/InstantCreditApproval/offerpage.aspx
</DebugTrace>
      </Output>
    </UnitTestResult>
    <UnitTestResult executionId="1c31c8a3-0be1-4e0f-a9c7-00db047c36e1" testId="9af1ceb2-c057-28a6-e9eb-e98292d37e61" testName="ApplyAndBuy_GuestUserShoppingVisa_ShouldBeAbleToDeclineTheOffer" computerName="MW00977477" duration="00:00:49.9512112" startTime="2015-12-26T17:41:59.7298997-08:00" endTime="2015-12-26T17:42:49.6828997-08:00" testType="13cdc9d9-ddb5-4fa4-a97d-d965ccfc6d4b" outcome="Passed" testListId="8c84fa94-04c1-424b-9868-57a2d4851a1d" relativeResultsDirectory="1c31c8a3-0be1-4e0f-a9c7-00db047c36e1">
      <Output>
        <DebugTrace>Page loaded succesfully with URL = http://tshop.dev.nordstrom.com/
Page loaded succesfully with URL = http://tshop.dev.nordstrom.com/c/rewards-cards
Page loaded succesfully with URL = https://tsecure.dev.nordstrom.com/instantcreditapproval/ICAsignin.aspx?ProductSelectedForApplication=1
Page loaded succesfully with URL = https://tsecure.dev.nordstrom.com/instantcreditapproval/ICAsignin.aspx?ProductSelectedForApplication=1
Element is not Valid: Exception =Could not find element by: By.CssSelector: ctl00_mainContentPlaceHolder_ResourceLabel5
Page loaded succesfully with URL = https://tsecure.dev.nordstrom.com/instantcreditapproval/ICAsignin.aspx?ProductSelectedForApplication=1
Page loaded succesfully with URL = https://tsecure.dev.nordstrom.com/instantcreditapproval/ICAsignin.aspx?ProductSelectedForApplication=1
Page loaded succesfully with URL = https://tsecure.dev.nordstrom.com/InstantCreditApproval/ApplyForCredit.aspx?ProductSelectedForApplication=1
Element is not Valid: Exception =Could not find element by: By.Id: ctl00_mainContentPlaceholder_ContactInformation1_validatorFirstNameRequired
Element is not Valid: Exception =Could not find element by: By.Id: ctl00_mainContentPlaceholder_ContactInformation1_validatorLastNameRequired
Element is not Valid: Exception =Could not find element by: By.Id: ctl00_mainContentPlaceholder_ContactInformation1_validatorAddress1Required
Element is not Valid: Exception =Could not find element by: By.Id: ctl00_mainContentPlaceholder_ContactInformation1_validatorZipCodeRequired
Element is not Valid: Exception =Could not find element by: By.Id: ctl00_mainContentPlaceholder_ContactInformation1_validatorCityRequired
Element is not Valid: Exception =Could not find element by: By.Id: ctl00_mainContentPlaceholder_ContactInformation1_validatorStateProvinceRequired
Element is not Valid: Exception =Could not find element by: By.Id: ctl00_mainContentPlaceholder_ContactInformation1_validateTimeAddress
Element is not Valid: Exception =Could not find element by: By.Id: ctl00_mainContentPlaceholder_SecureFinancialInformation1_combinedSSNRequired
Element is not Valid: Exception =Could not find element by: By.Id: ctl00_mainContentPlaceholder_SecureFinancialInformation1_DobRequired
Element is not Valid: Exception =Could not find element by: By.Id: ctl00_mainContentPlaceholder_SecureFinancialInformation1_AnnualIncomeField
Element is not Valid: Exception =Could not find element by: By.Id: ctl00_mainContentPlaceholder_SecureFinancialInformation1_ValidatorIDNumberRequired
Element is not Valid: Exception =Could not find element by: By.Id: ctl00_mainContentPlaceholder_SecureFinancialInformation1_ValidatorStateFieldRequired
Element is not Valid: Exception =Could not find element by: By.Id: ctl00_mainContentPlaceholder_SecureFinancialInformation1_RequiredExpirationDate
Element is not Valid: Exception =Could not find element by: By.Id: ctl00_mainContentPlaceholder_SecureFinancialInformation1_emailValidator
Element is not Valid: Exception =Could not find element by: By.Id: ctl00_mainContentPlaceholder_SecureFinancialInformation1_confirmEmailValidator
Element is not Valid: Exception =Could not find element by: By.Id: ctl00_mainContentPlaceholder_SecureFinancialInformation1_phoneNumberRequired
Element is not Valid: Exception =Could not find element by: By.Id: ctl00_mainContentPlaceholder_SecureFinancialInformation1_PhoneTypeListRequired
Element is not Valid: Exception =Could not find element by: By.Id: ctl00_mainContentPlaceholder_ContactInformation1_validatorFirstNameRequired
Element is not Valid: Exception =Could not find element by: By.Id: ctl00_mainContentPlaceholder_ContactInformation1_validatorLastNameValid
Element is not Valid: Exception =Could not find element by: By.Id: ctl00_mainContentPlaceholder_ContactInformation1_CustomValidatorAddress1
Element is not Valid: Exception =Could not find element by: By.Id: ctl00_mainContentPlaceholder_ContactInformation1_ValidatorZipCodeValid
Element is not Valid: Exception =Could not find element by: By.Id: ctl00_mainContentPlaceholder_SecureFinancialInformation1_DOBValidator
Element is not Valid: Exception =Could not find element by: By.Id: ctl00_mainContentPlaceholder_SecureFinancialInformation1_AnnualIncomeCustomValidator
Element is not Valid: Exception =Could not find element by: By.Id: ctl00_mainContentPlaceholder_SecureFinancialInformation1_ValidateIdExpiration
Element is not Valid: Exception =Could not find element by: By.Id: ctl00_mainContentPlaceholder_SecureFinancialInformation1_phoneNumberValidation
Element is not Valid: Exception =Could not find element by: By.Id: ctl00_mainContentPlaceholder_SecureFinancialInformation1_emailRegularExpression
Element is not Valid: Exception =Could not find element by: By.Id: ctl00_mainContentPlaceholder_SecureFinancialInformation1_emailComparison
Page loaded succesfully with URL = https://tsecure.dev.nordstrom.com/InstantCreditApproval/confirmation.aspx
Page loaded succesfully with URL = https://tsecure.dev.nordstrom.com/InstantCreditApproval/confirmation.aspx
Timed out waiting for element to be visible with locator: By.Id: AcceptRetailOnlyCard
Accept Retail Only Offer button is not loaded
Timed out waiting for element to be visible with locator: By.Id: ApplyButton
Agree and Apply Button not found
Element Not found with the given locator (By.Id: AcceptVisaButton)
Element not found with given locator By.Id: AcceptVisaButton
Accept Visa card button is not rendered/found.
</DebugTrace>
      </Output>
    </UnitTestResult>
    <UnitTestResult executionId="b9e2a125-1489-4a5a-909b-089811849597" testId="13a119ab-0405-049f-795b-9bce04cc1177" testName="ApplyAndBuy_GuestUserShoppingVisa_ShouldGetReferralMessage" computerName="MW00977477" duration="00:00:52.5860906" startTime="2015-12-26T17:42:49.6838997-08:00" endTime="2015-12-26T17:43:42.2718997-08:00" testType="13cdc9d9-ddb5-4fa4-a97d-d965ccfc6d4b" outcome="Passed" testListId="8c84fa94-04c1-424b-9868-57a2d4851a1d" relativeResultsDirectory="b9e2a125-1489-4a5a-909b-089811849597">
      <Output>
        <DebugTrace>Page loaded succesfully with URL = http://tshop.dev.nordstrom.com/
Page loaded succesfully with URL = http://tshop.dev.nordstrom.com/c/rewards-cards
Page loaded succesfully with URL = https://tsecure.dev.nordstrom.com/instantcreditapproval/ICAsignin.aspx?ProductSelectedForApplication=1
Page loaded succesfully with URL = https://tsecure.dev.nordstrom.com/instantcreditapproval/ICAsignin.aspx?ProductSelectedForApplication=1
Element is not Valid: Exception =Could not find element by: By.CssSelector: ctl00_mainContentPlaceHolder_ResourceLabel5
Page loaded succesfully with URL = https://tsecure.dev.nordstrom.com/instantcreditapproval/ICAsignin.aspx?ProductSelectedForApplication=1
Page loaded succesfully with URL = https://tsecure.dev.nordstrom.com/instantcreditapproval/ICAsignin.aspx?ProductSelectedForApplication=1
Page loaded succesfully with URL = https://tsecure.dev.nordstrom.com/InstantCreditApproval/ApplyForCredit.aspx?ProductSelectedForApplication=1
Element is not Valid: Exception =Could not find element by: By.Id: ctl00_mainContentPlaceholder_ContactInformation1_validatorFirstNameRequired
Element is not Valid: Exception =Could not find element by: By.Id: ctl00_mainContentPlaceholder_ContactInformation1_validatorLastNameRequired
Element is not Valid: Exception =Could not find element by: By.Id: ctl00_mainContentPlaceholder_ContactInformation1_validatorAddress1Required
Element is not Valid: Exception =Could not find element by: By.Id: ctl00_mainContentPlaceholder_ContactInformation1_validatorZipCodeRequired
Element is not Valid: Exception =Could not find element by: By.Id: ctl00_mainContentPlaceholder_ContactInformation1_validatorCityRequired
Element is not Valid: Exception =Could not find element by: By.Id: ctl00_mainContentPlaceholder_ContactInformation1_validatorStateProvinceRequired
Element is not Valid: Exception =Could not find element by: By.Id: ctl00_mainContentPlaceholder_ContactInformation1_validateTimeAddress
Element is not Valid: Exception =Could not find element by: By.Id: ctl00_mainContentPlaceholder_SecureFinancialInformation1_combinedSSNRequired
Element is not Valid: Exception =Could not find element by: By.Id: ctl00_mainContentPlaceholder_SecureFinancialInformation1_DobRequired
Element is not Valid: Exception =Could not find element by: By.Id: ctl00_mainContentPlaceholder_SecureFinancialInformation1_AnnualIncomeField
Element is not Valid: Exception =Could not find element by: By.Id: ctl00_mainContentPlaceholder_SecureFinancialInformation1_ValidatorIDNumberRequired
Element is not Valid: Exception =Could not find element by: By.Id: ctl00_mainContentPlaceholder_SecureFinancialInformation1_ValidatorStateFieldRequired
Element is not Valid: Exception =Could not find element by: By.Id: ctl00_mainContentPlaceholder_SecureFinancialInformation1_RequiredExpirationDate
Element is not Valid: Exception =Could not find element by: By.Id: ctl00_mainContentPlaceholder_SecureFinancialInformation1_emailValidator
Element is not Valid: Exception =Could not find element by: By.Id: ctl00_mainContentPlaceholder_SecureFinancialInformation1_confirmEmailValidator
Element is not Valid: Exception =Could not find element by: By.Id: ctl00_mainContentPlaceholder_SecureFinancialInformation1_phoneNumberRequired
Element is not Valid: Exception =Could not find element by: By.Id: ctl00_mainContentPlaceholder_SecureFinancialInformation1_PhoneTypeListRequired
Element is not Valid: Exception =Could not find element by: By.Id: ctl00_mainContentPlaceholder_ContactInformation1_validatorFirstNameRequired
Element is not Valid: Exception =Could not find element by: By.Id: ctl00_mainContentPlaceholder_ContactInformation1_validatorLastNameValid
Element is not Valid: Exception =Could not find element by: By.Id: ctl00_mainContentPlaceholder_ContactInformation1_CustomValidatorAddress1
Element is not Valid: Exception =Could not find element by: By.Id: ctl00_mainContentPlaceholder_ContactInformation1_ValidatorZipCodeValid
Element is not Valid: Exception =Could not find element by: By.Id: ctl00_mainContentPlaceholder_SecureFinancialInformation1_DOBValidator
Element is not Valid: Exception =Could not find element by: By.Id: ctl00_mainContentPlaceholder_SecureFinancialInformation1_AnnualIncomeCustomValidator
Element is not Valid: Exception =Could not find element by: By.Id: ctl00_mainContentPlaceholder_SecureFinancialInformation1_ValidateIdExpiration
Element is not Valid: Exception =Could not find element by: By.Id: ctl00_mainContentPlaceholder_SecureFinancialInformation1_phoneNumberValidation
Element is not Valid: Exception =Could not find element by: By.Id: ctl00_mainContentPlaceholder_SecureFinancialInformation1_emailRegularExpression
Element is not Valid: Exception =Could not find element by: By.Id: ctl00_mainContentPlaceholder_SecureFinancialInformation1_emailComparison
Page loaded succesfully with URL = https://tsecure.dev.nordstrom.com/InstantCreditApproval/confirmation.aspx
Page loaded succesfully with URL = https://tsecure.dev.nordstrom.com/InstantCreditApproval/confirmation.aspx
Timed out waiting for element to be visible with locator: By.Id: AcceptRetailOnlyCard
Accept Retail Only Offer button is not loaded
Timed out waiting for element to be visible with locator: By.Id: ApplyButton
Agree and Apply Button not found
Element not found with given locator By.Id: ICA_Offer_Header
</DebugTrace>
      </Output>
    </UnitTestResult>
    <UnitTestResult executionId="7839cdd8-e08a-46f7-8dfc-475add9710d5" testId="8692b55a-e6f7-c447-3076-92b555d04832" testName="ApplyAndBuy_NewlyRegisteredUserShoppingWithNewDebitCard_DebitCardSucessfullyAddedToWallet" computerName="MW00977477" duration="00:00:48.2264614" startTime="2015-12-26T17:43:42.2728997-08:00" endTime="2015-12-26T17:44:30.5018997-08:00" testType="13cdc9d9-ddb5-4fa4-a97d-d965ccfc6d4b" outcome="Failed" testListId="8c84fa94-04c1-424b-9868-57a2d4851a1d" relativeResultsDirectory="7839cdd8-e08a-46f7-8dfc-475add9710d5">
      <Output>
        <DebugTrace>Page loaded succesfully with URL = https://tsecure.dev.nordstrom.com/signIn.aspx
Page loaded succesfully with URL = https://tsecure.dev.nordstrom.com/signIn.aspx
Page loaded succesfully with URL = https://tsecure.dev.nordstrom.com/signIn.aspx
Page loaded succesfully with URL = https://tsecure.dev.nordstrom.com/signIn.aspx
WaitForElementToDisappear: progresss indicator appeared/went away
Element is not Valid: Exception =Could not find element by: By.Id: ctl00_mainContentPlaceHolder_accountProfileForm_validatorFirstNameRequired
Element is not Valid: Exception =Could not find element by: By.Id: ctl00_mainContentPlaceHolder_signIn_validatorEmailAddressRequired
Element is not Valid: Exception =Could not find element by: By.Id: ctl00_mainContentPlaceHolder_accountProfileForm_validatorEmail2Required
Element is not Valid: Exception =Could not find element by: By.Id: ctl00_mainContentPlaceHolder_signIn_validatorPasswordRequired
Element is not Valid: Exception =Could not find element by: By.Id: ctl00_mainContentPlaceHolder_accountProfileForm_validatorGenderRequired
Page loaded succesfully with URL = http://tshop.dev.nordstrom.com/c/rewards-cards?origin=footer
Page loaded succesfully with URL = https://tsecure.dev.nordstrom.com/InstantCreditApproval/ApplyForCredit.aspx?ProductSelectedForApplication=2
Page loaded succesfully with URL = https://tsecure.dev.nordstrom.com/InstantCreditApproval/ApplyForCredit.aspx?ProductSelectedForApplication=2
Page loaded succesfully with URL = https://tsecure.dev.nordstrom.com/InstantCreditApproval/ApplyForCredit.aspx?ProductSelectedForApplication=2
Element is not Valid: Exception =Could not find element by: By.Id: ctl00_mainContentPlaceholder_ContactInformation1_validatorFirstNameRequired
Element is not Valid: Exception =Could not find element by: By.Id: ctl00_mainContentPlaceholder_ContactInformation1_validatorLastNameRequired
Element is not Valid: Exception =Could not find element by: By.Id: ctl00_mainContentPlaceholder_ContactInformation1_validatorAddress1Required
Element is not Valid: Exception =Could not find element by: By.Id: ctl00_mainContentPlaceholder_ContactInformation1_validatorZipCodeRequired
Element is not Valid: Exception =Could not find element by: By.Id: ctl00_mainContentPlaceholder_ContactInformation1_validatorCityRequired
Element is not Valid: Exception =Could not find element by: By.Id: ctl00_mainContentPlaceholder_ContactInformation1_validatorStateProvinceRequired
Element is not Valid: Exception =Could not find element by: By.Id: ctl00_mainContentPlaceholder_ContactInformation1_validateTimeAddress
Element is not Valid: Exception =Could not find element by: By.Id: ctl00_mainContentPlaceholder_SecureFinancialInformation1_combinedSSNRequired
Element is not Valid: Exception =Could not find element by: By.Id: ctl00_mainContentPlaceholder_SecureFinancialInformation1_DobRequired
Element is not Valid: Exception =Could not find element by: By.Id: ctl00_mainContentPlaceholder_SecureFinancialInformation1_AnnualIncomeField
Element is not Valid: Exception =Could not find element by: By.Id: ctl00_mainContentPlaceholder_SecureFinancialInformation1_ValidatorIDNumberRequired
Element is not Valid: Exception =Could not find element by: By.Id: ctl00_mainContentPlaceholder_SecureFinancialInformation1_ValidatorStateFieldRequired
Element is not Valid: Exception =Could not find element by: By.Id: ctl00_mainContentPlaceholder_SecureFinancialInformation1_RequiredExpirationDate
Element is not Valid: Exception =Could not find element by: By.Id: ctl00_mainContentPlaceholder_SecureFinancialInformation1_emailValidator
Element is not Valid: Exception =Could not find element by: By.Id: ctl00_mainContentPlaceholder_SecureFinancialInformation1_confirmEmailValidator
Element is not Valid: Exception =Could not find element by: By.Id: ctl00_mainContentPlaceholder_SecureFinancialInformation1_phoneNumberRequired
Element is not Valid: Exception =Could not find element by: By.Id: ctl00_mainContentPlaceholder_SecureFinancialInformation1_PhoneTypeListRequired
Element is not Valid: Exception =Could not find element by: By.Id: ctl00_mainContentPlaceholder_ContactInformation1_validatorFirstNameRequired
Element is not Valid: Exception =Could not find element by: By.Id: ctl00_mainContentPlaceholder_ContactInformation1_validatorLastNameValid
Element is not Valid: Exception =Could not find element by: By.Id: ctl00_mainContentPlaceholder_ContactInformation1_CustomValidatorAddress1
Element is not Valid: Exception =Could not find element by: By.Id: ctl00_mainContentPlaceholder_ContactInformation1_ValidatorZipCodeValid
Element is not Valid: Exception =Could not find element by: By.Id: ctl00_mainContentPlaceholder_SecureFinancialInformation1_DOBValidator
Element is not Valid: Exception =Could not find element by: By.Id: ctl00_mainContentPlaceholder_SecureFinancialInformation1_AnnualIncomeCustomValidator
Element is not Valid: Exception =Could not find element by: By.Id: ctl00_mainContentPlaceholder_SecureFinancialInformation1_ValidateIdExpiration
Element is not Valid: Exception =Could not find element by: By.Id: ctl00_mainContentPlaceholder_SecureFinancialInformation1_phoneNumberValidation
Element is not Valid: Exception =Could not find element by: By.Id: ctl00_mainContentPlaceholder_SecureFinancialInformation1_emailRegularExpression
Element is not Valid: Exception =Could not find element by: By.Id: ctl00_mainContentPlaceholder_SecureFinancialInformation1_emailComparison
Element is not Valid: Exception =Could not find element by: By.Id: ctl00_mainContentPlaceholder_SecureFinancialInformation1_BankRoutingNumberRequired
Element is not Valid: Exception =Could not find element by: By.Id: ctl00_mainContentPlaceholder_SecureFinancialInformation1_ConfirmRoutingNumberRequired
Element is not Valid: Exception =Could not find element by: By.Id: ctl00_mainContentPlaceholder_SecureFinancialInformation1_BankAccountNumberRequired
Element is not Valid: Exception =Could not find element by: By.Id: ctl00_mainContentPlaceholder_SecureFinancialInformation1_ConfirmBankAccountNumberRequired
Element is not Valid: Exception =Could not find element by: By.Id: ctl00_mainContentPlaceholder_SecureFinancialInformation1_BankRoutingNumberCustom
Element is not Valid: Exception =Could not find element by: By.Id: ctl00_mainContentPlaceholder_SecureFinancialInformation1_ConfirmRoutingNumberCustom
Element is not Valid: Exception =Could not find element by: By.Id: ctl00_mainContentPlaceholder_SecureFinancialInformation1_ValidateConfirmAccountNumberCustom
Element is not Valid: Exception =Could not find element by: By.Id: ctl00_mainContentPlaceholder_SecureFinancialInformation1_ValidateAccountNumberCustom
Page loaded succesfully with URL = https://tsecure.dev.nordstrom.com/InstantCreditApproval/confirmation.aspx
Page loaded succesfully with URL = https://tsecure.dev.nordstrom.com/InstantCreditApproval/confirmation.aspx
Timed out waiting for element to be visible with locator: By.CssSelector: a[class*='continue-shopping']
Start Shopping button is not visible on credit card confirmation page.
</DebugTrace>
        <ErrorInfo>
          <Message>Assert.Fail failed. Navigation to Home page on clicking Start Shopping button on Credit card confirmation page failed</Message>
          <StackTrace>   at Nordstrom.Web.Test.UI.LoyaltyWeb.ApplyAndBuyTests.ApplyDebitCardThroughIcaWithValidDetails(ApplyAndBuyApplicationCardsCard applyAndBuyCardDetails, Boolean isUserRegistered) in c:\LoyaltyWebTest\Web\Test\UI\LoyaltyWeb\LoyaltyWebTest\LoyaltyWebTest\ApplyAndBuyTests.cs:line 939
   at Nordstrom.Web.Test.UI.LoyaltyWeb.ApplyAndBuyTests.ApplyAndBuy_NewlyRegisteredUserShoppingWithNewDebitCard_DebitCardSucessfullyAddedToWallet() in c:\LoyaltyWebTest\Web\Test\UI\LoyaltyWeb\LoyaltyWebTest\LoyaltyWebTest\ApplyAndBuyTests.cs:line 806
</StackTrace>
        </ErrorInfo>
      </Output>
    </UnitTestResult>
    <UnitTestResult executionId="8238d074-6a7a-4eb8-a443-9de2876ee24e" testId="4a867fd7-5351-1b0b-fae9-ebba76d4f45c" testName="ApplyAndBuy_NewlyRegisteredUserShoppingWithNewRetailCard_CardSucessfullyAddedToWallet" computerName="MW00977477" duration="00:00:44.5107493" startTime="2015-12-26T17:44:30.5028997-08:00" endTime="2015-12-26T17:45:15.0178997-08:00" testType="13cdc9d9-ddb5-4fa4-a97d-d965ccfc6d4b" outcome="Failed" testListId="8c84fa94-04c1-424b-9868-57a2d4851a1d" relativeResultsDirectory="8238d074-6a7a-4eb8-a443-9de2876ee24e">
      <Output>
        <DebugTrace>Page loaded succesfully with URL = https://tsecure.dev.nordstrom.com/signIn.aspx
Page loaded succesfully with URL = https://tsecure.dev.nordstrom.com/signIn.aspx
Page loaded succesfully with URL = https://tsecure.dev.nordstrom.com/signIn.aspx
Page loaded succesfully with URL = https://tsecure.dev.nordstrom.com/signIn.aspx
WaitForElementToDisappear: progresss indicator appeared/went away
Element is not Valid: Exception =Could not find element by: By.Id: ctl00_mainContentPlaceHolder_accountProfileForm_validatorFirstNameRequired
Element is not Valid: Exception =Could not find element by: By.Id: ctl00_mainContentPlaceHolder_signIn_validatorEmailAddressRequired
Element is not Valid: Exception =Could not find element by: By.Id: ctl00_mainContentPlaceHolder_accountProfileForm_validatorEmail2Required
Element is not Valid: Exception =Could not find element by: By.Id: ctl00_mainContentPlaceHolder_signIn_validatorPasswordRequired
Element is not Valid: Exception =Could not find element by: By.Id: ctl00_mainContentPlaceHolder_accountProfileForm_validatorGenderRequired
Page loaded succesfully with URL = http://tshop.dev.nordstrom.com/c/rewards-cards?origin=footer
Page loaded succesfully with URL = https://tsecure.dev.nordstrom.com/InstantCreditApproval/ApplyForCredit.aspx?ProductSelectedForApplication=1
Page loaded succesfully with URL = https://tsecure.dev.nordstrom.com/InstantCreditApproval/ApplyForCredit.aspx?ProductSelectedForApplication=1
Page loaded succesfully with URL = https://tsecure.dev.nordstrom.com/InstantCreditApproval/ApplyForCredit.aspx?ProductSelectedForApplication=1
Element is not Valid: Exception =Could not find element by: By.Id: ctl00_mainContentPlaceholder_ContactInformation1_validatorFirstNameRequired
Element is not Valid: Exception =Could not find element by: By.Id: ctl00_mainContentPlaceholder_ContactInformation1_validatorLastNameRequired
Element is not Valid: Exception =Could not find element by: By.Id: ctl00_mainContentPlaceholder_ContactInformation1_validatorAddress1Required
Element is not Valid: Exception =Could not find element by: By.Id: ctl00_mainContentPlaceholder_ContactInformation1_validatorZipCodeRequired
Element is not Valid: Exception =Could not find element by: By.Id: ctl00_mainContentPlaceholder_ContactInformation1_validatorCityRequired
Element is not Valid: Exception =Could not find element by: By.Id: ctl00_mainContentPlaceholder_ContactInformation1_validatorStateProvinceRequired
Element is not Valid: Exception =Could not find element by: By.Id: ctl00_mainContentPlaceholder_ContactInformation1_validateTimeAddress
Element is not Valid: Exception =Could not find element by: By.Id: ctl00_mainContentPlaceholder_SecureFinancialInformation1_combinedSSNRequired
Element is not Valid: Exception =Could not find element by: By.Id: ctl00_mainContentPlaceholder_SecureFinancialInformation1_DobRequired
Element is not Valid: Exception =Could not find element by: By.Id: ctl00_mainContentPlaceholder_SecureFinancialInformation1_AnnualIncomeField
Element is not Valid: Exception =Could not find element by: By.Id: ctl00_mainContentPlaceholder_SecureFinancialInformation1_ValidatorIDNumberRequired
Element is not Valid: Exception =Could not find element by: By.Id: ctl00_mainContentPlaceholder_SecureFinancialInformation1_ValidatorStateFieldRequired
Element is not Valid: Exception =Could not find element by: By.Id: ctl00_mainContentPlaceholder_SecureFinancialInformation1_RequiredExpirationDate
Element is not Valid: Exception =Could not find element by: By.Id: ctl00_mainContentPlaceholder_SecureFinancialInformation1_emailValidator
Element is not Valid: Exception =Could not find element by: By.Id: ctl00_mainContentPlaceholder_SecureFinancialInformation1_confirmEmailValidator
Element is not Valid: Exception =Could not find element by: By.Id: ctl00_mainContentPlaceholder_SecureFinancialInformation1_phoneNumberRequired
Element is not Valid: Exception =Could not find element by: By.Id: ctl00_mainContentPlaceholder_SecureFinancialInformation1_PhoneTypeListRequired
Element is not Valid: Exception =Could not find element by: By.Id: ctl00_mainContentPlaceholder_ContactInformation1_validatorFirstNameRequired
Element is not Valid: Exception =Could not find element by: By.Id: ctl00_mainContentPlaceholder_ContactInformation1_validatorLastNameValid
Element is not Valid: Exception =Could not find element by: By.Id: ctl00_mainContentPlaceholder_ContactInformation1_CustomValidatorAddress1
Element is not Valid: Exception =Could not find element by: By.Id: ctl00_mainContentPlaceholder_ContactInformation1_ValidatorZipCodeValid
Element is not Valid: Exception =Could not find element by: By.Id: ctl00_mainContentPlaceholder_SecureFinancialInformation1_DOBValidator
Element is not Valid: Exception =Could not find element by: By.Id: ctl00_mainContentPlaceholder_SecureFinancialInformation1_AnnualIncomeCustomValidator
Element is not Valid: Exception =Could not find element by: By.Id: ctl00_mainContentPlaceholder_SecureFinancialInformation1_ValidateIdExpiration
Element is not Valid: Exception =Could not find element by: By.Id: ctl00_mainContentPlaceholder_SecureFinancialInformation1_phoneNumberValidation
Element is not Valid: Exception =Could not find element by: By.Id: ctl00_mainContentPlaceholder_SecureFinancialInformation1_emailRegularExpression
Element is not Valid: Exception =Could not find element by: By.Id: ctl00_mainContentPlaceholder_SecureFinancialInformation1_emailComparison
Page loaded succesfully with URL = https://tsecure.dev.nordstrom.com/InstantCreditApproval/confirmation.aspx
Page loaded succesfully with URL = https://tsecure.dev.nordstrom.com/InstantCreditApproval/confirmation.aspx
Timed out waiting for element to be visible with locator: By.Id: AcceptRetailOnlyCard
Accept Retail Only Offer button is not loaded
Element Not found with the given locator (By.Id: AcceptRetailCard)
Element not found with given locator By.Id: AcceptRetailCard
Accept retail card button is not rendered/found.
</DebugTrace>
        <ErrorInfo>
          <Message>Assert.IsTrue failed. Unable to navigate to the Credit Card Confirmation Page after accepting Retail Card</Message>
          <StackTrace>   at Nordstrom.Web.Test.UI.LoyaltyWeb.ApplyAndBuyTests.NavigateToCreditCardConfirmationPageThroughIca(ApplyAndBuyApplicationCardsCard applyAndBuyCardDetails, Boolean isUserRegistered, Boolean isVisaCard) in c:\LoyaltyWebTest\Web\Test\UI\LoyaltyWeb\LoyaltyWebTest\LoyaltyWebTest\ApplyAndBuyTests.cs:line 971
   at Nordstrom.Web.Test.UI.LoyaltyWeb.ApplyAndBuyTests.ApplyCreditCardThroughIcaWithValidDetails(ApplyAndBuyApplicationCardsCard applyAndBuyCardDetails, Boolean isUserRegistered, Boolean isVisaCard) in c:\LoyaltyWebTest\Web\Test\UI\LoyaltyWeb\LoyaltyWebTest\LoyaltyWebTest\ApplyAndBuyTests.cs:line 842
   at Nordstrom.Web.Test.UI.LoyaltyWeb.ApplyAndBuyTests.ApplyAndBuy_NewlyRegisteredUserShoppingWithNewRetailCard_CardSucessfullyAddedToWallet() in c:\LoyaltyWebTest\Web\Test\UI\LoyaltyWeb\LoyaltyWebTest\LoyaltyWebTest\ApplyAndBuyTests.cs:line 830
</StackTrace>
        </ErrorInfo>
      </Output>
    </UnitTestResult>
    <UnitTestResult executionId="81669cdf-e335-4067-a576-ea67684596d0" testId="cbf9b4ca-09be-98f7-9cf0-92684d4c487c" testName="ApplyAndBuy_NewlyRegisteredUserShoppingWithNewRetailCard_OrderSuccessfullyPlacedWithNewRetailCard" computerName="MW00977477" duration="00:00:46.5832048" startTime="2015-12-26T17:45:15.0188997-08:00" endTime="2015-12-26T17:46:01.6028997-08:00" testType="13cdc9d9-ddb5-4fa4-a97d-d965ccfc6d4b" outcome="Failed" testListId="8c84fa94-04c1-424b-9868-57a2d4851a1d" relativeResultsDirectory="81669cdf-e335-4067-a576-ea67684596d0">
      <Output>
        <DebugTrace>Page loaded succesfully with URL = https://tsecure.dev.nordstrom.com/signIn.aspx
Page loaded succesfully with URL = https://tsecure.dev.nordstrom.com/signIn.aspx
Page loaded succesfully with URL = https://tsecure.dev.nordstrom.com/signIn.aspx
Page loaded succesfully with URL = https://tsecure.dev.nordstrom.com/signIn.aspx
WaitForElementToDisappear: progresss indicator appeared/went away
Element is not Valid: Exception =Could not find element by: By.Id: ctl00_mainContentPlaceHolder_accountProfileForm_validatorFirstNameRequired
Element is not Valid: Exception =Could not find element by: By.Id: ctl00_mainContentPlaceHolder_signIn_validatorEmailAddressRequired
Element is not Valid: Exception =Could not find element by: By.Id: ctl00_mainContentPlaceHolder_accountProfileForm_validatorEmail2Required
Element is not Valid: Exception =Could not find element by: By.Id: ctl00_mainContentPlaceHolder_signIn_validatorPasswordRequired
Element is not Valid: Exception =Could not find element by: By.Id: ctl00_mainContentPlaceHolder_accountProfileForm_validatorGenderRequired
Page loaded succesfully with URL = http://tshop.dev.nordstrom.com/c/rewards-cards?origin=footer
Page loaded succesfully with URL = https://tsecure.dev.nordstrom.com/InstantCreditApproval/ApplyForCredit.aspx?ProductSelectedForApplication=1
Page loaded succesfully with URL = https://tsecure.dev.nordstrom.com/InstantCreditApproval/ApplyForCredit.aspx?ProductSelectedForApplication=1
Page loaded succesfully with URL = https://tsecure.dev.nordstrom.com/InstantCreditApproval/ApplyForCredit.aspx?ProductSelectedForApplication=1
Element is not Valid: Exception =Could not find element by: By.Id: ctl00_mainContentPlaceholder_ContactInformation1_validatorFirstNameRequired
Element is not Valid: Exception =Could not find element by: By.Id: ctl00_mainContentPlaceholder_ContactInformation1_validatorLastNameRequired
Element is not Valid: Exception =Could not find element by: By.Id: ctl00_mainContentPlaceholder_ContactInformation1_validatorAddress1Required
Element is not Valid: Exception =Could not find element by: By.Id: ctl00_mainContentPlaceholder_ContactInformation1_validatorZipCodeRequired
Element is not Valid: Exception =Could not find element by: By.Id: ctl00_mainContentPlaceholder_ContactInformation1_validatorCityRequired
Element is not Valid: Exception =Could not find element by: By.Id: ctl00_mainContentPlaceholder_ContactInformation1_validatorStateProvinceRequired
Element is not Valid: Exception =Could not find element by: By.Id: ctl00_mainContentPlaceholder_ContactInformation1_validateTimeAddress
Element is not Valid: Exception =Could not find element by: By.Id: ctl00_mainContentPlaceholder_SecureFinancialInformation1_combinedSSNRequired
Element is not Valid: Exception =Could not find element by: By.Id: ctl00_mainContentPlaceholder_SecureFinancialInformation1_DobRequired
Element is not Valid: Exception =Could not find element by: By.Id: ctl00_mainContentPlaceholder_SecureFinancialInformation1_AnnualIncomeField
Element is not Valid: Exception =Could not find element by: By.Id: ctl00_mainContentPlaceholder_SecureFinancialInformation1_ValidatorIDNumberRequired
Element is not Valid: Exception =Could not find element by: By.Id: ctl00_mainContentPlaceholder_SecureFinancialInformation1_ValidatorStateFieldRequired
Element is not Valid: Exception =Could not find element by: By.Id: ctl00_mainContentPlaceholder_SecureFinancialInformation1_RequiredExpirationDate
Element is not Valid: Exception =Could not find element by: By.Id: ctl00_mainContentPlaceholder_SecureFinancialInformation1_emailValidator
Element is not Valid: Exception =Could not find element by: By.Id: ctl00_mainContentPlaceholder_SecureFinancialInformation1_confirmEmailValidator
Element is not Valid: Exception =Could not find element by: By.Id: ctl00_mainContentPlaceholder_SecureFinancialInformation1_phoneNumberRequired
Element is not Valid: Exception =Could not find element by: By.Id: ctl00_mainContentPlaceholder_SecureFinancialInformation1_PhoneTypeListRequired
Element is not Valid: Exception =Could not find element by: By.Id: ctl00_mainContentPlaceholder_ContactInformation1_validatorFirstNameRequired
Element is not Valid: Exception =Could not find element by: By.Id: ctl00_mainContentPlaceholder_ContactInformation1_validatorLastNameValid
Element is not Valid: Exception =Could not find element by: By.Id: ctl00_mainContentPlaceholder_ContactInformation1_CustomValidatorAddress1
Element is not Valid: Exception =Could not find element by: By.Id: ctl00_mainContentPlaceholder_ContactInformation1_ValidatorZipCodeValid
Element is not Valid: Exception =Could not find element by: By.Id: ctl00_mainContentPlaceholder_SecureFinancialInformation1_DOBValidator
Element is not Valid: Exception =Could not find element by: By.Id: ctl00_mainContentPlaceholder_SecureFinancialInformation1_AnnualIncomeCustomValidator
Element is not Valid: Exception =Could not find element by: By.Id: ctl00_mainContentPlaceholder_SecureFinancialInformation1_ValidateIdExpiration
Element is not Valid: Exception =Could not find element by: By.Id: ctl00_mainContentPlaceholder_SecureFinancialInformation1_phoneNumberValidation
Element is not Valid: Exception =Could not find element by: By.Id: ctl00_mainContentPlaceholder_SecureFinancialInformation1_emailRegularExpression
Element is not Valid: Exception =Could not find element by: By.Id: ctl00_mainContentPlaceholder_SecureFinancialInformation1_emailComparison
Page loaded succesfully with URL = https://tsecure.dev.nordstrom.com/InstantCreditApproval/confirmation.aspx
Page loaded succesfully with URL = https://tsecure.dev.nordstrom.com/InstantCreditApproval/confirmation.aspx
Timed out waiting for element to be visible with locator: By.Id: AcceptRetailOnlyCard
Accept Retail Only Offer button is not loaded
Element Not found with the given locator (By.Id: AcceptRetailCard)
Element not found with given locator By.Id: AcceptRetailCard
Accept retail card button is not rendered/found.
</DebugTrace>
        <ErrorInfo>
          <Message>Assert.IsTrue failed. Unable to navigate to the Credit Card Confirmation Page after accepting Retail Card</Message>
          <StackTrace>   at Nordstrom.Web.Test.UI.LoyaltyWeb.ApplyAndBuyTests.NavigateToCreditCardConfirmationPageThroughIca(ApplyAndBuyApplicationCardsCard applyAndBuyCardDetails, Boolean isUserRegistered, Boolean isVisaCard) in c:\LoyaltyWebTest\Web\Test\UI\LoyaltyWeb\LoyaltyWebTest\LoyaltyWebTest\ApplyAndBuyTests.cs:line 971
   at Nordstrom.Web.Test.UI.LoyaltyWeb.ApplyAndBuyTests.ApplyCreditCardThroughIcaWithValidDetails(ApplyAndBuyApplicationCardsCard applyAndBuyCardDetails, Boolean isUserRegistered, Boolean isVisaCard) in c:\LoyaltyWebTest\Web\Test\UI\LoyaltyWeb\LoyaltyWebTest\LoyaltyWebTest\ApplyAndBuyTests.cs:line 842
   at Nordstrom.Web.Test.UI.LoyaltyWeb.ApplyAndBuyTests.ApplyAndBuy_NewlyRegisteredUserShoppingWithNewRetailCard_OrderSuccessfullyPlacedWithNewRetailCard() in c:\LoyaltyWebTest\Web\Test\UI\LoyaltyWeb\LoyaltyWebTest\LoyaltyWebTest\ApplyAndBuyTests.cs:line 207
</StackTrace>
        </ErrorInfo>
      </Output>
    </UnitTestResult>
    <UnitTestResult executionId="b8060e0b-60f0-45a4-82c9-f1cedec870e0" testId="3e0ba6be-6f62-1dd4-4740-d0e4ed39c4d4" testName="ApplyAndBuy_NewlyRegisteredUserShoppingWithNewVisaCard_CardSucessfullyAddedToWallet" computerName="MW00977477" duration="00:00:46.7552307" startTime="2015-12-26T17:46:01.6058997-08:00" endTime="2015-12-26T17:46:48.3638997-08:00" testType="13cdc9d9-ddb5-4fa4-a97d-d965ccfc6d4b" outcome="Failed" testListId="8c84fa94-04c1-424b-9868-57a2d4851a1d" relativeResultsDirectory="b8060e0b-60f0-45a4-82c9-f1cedec870e0">
      <Output>
        <DebugTrace>Page loaded succesfully with URL = https://tsecure.dev.nordstrom.com/signIn.aspx
Page loaded succesfully with URL = https://tsecure.dev.nordstrom.com/signIn.aspx
Page loaded succesfully with URL = https://tsecure.dev.nordstrom.com/signIn.aspx
Page loaded succesfully with URL = https://tsecure.dev.nordstrom.com/signIn.aspx
WaitForElementToDisappear: progresss indicator appeared/went away
Element is not Valid: Exception =Could not find element by: By.Id: ctl00_mainContentPlaceHolder_accountProfileForm_validatorFirstNameRequired
Element is not Valid: Exception =Could not find element by: By.Id: ctl00_mainContentPlaceHolder_signIn_validatorEmailAddressRequired
Element is not Valid: Exception =Could not find element by: By.Id: ctl00_mainContentPlaceHolder_accountProfileForm_validatorEmail2Required
Element is not Valid: Exception =Could not find element by: By.Id: ctl00_mainContentPlaceHolder_signIn_validatorPasswordRequired
Element is not Valid: Exception =Could not find element by: By.Id: ctl00_mainContentPlaceHolder_accountProfileForm_validatorGenderRequired
Page loaded succesfully with URL = http://tshop.dev.nordstrom.com/c/rewards-cards?origin=footer
Page loaded succesfully with URL = https://tsecure.dev.nordstrom.com/InstantCreditApproval/ApplyForCredit.aspx?ProductSelectedForApplication=1
Page loaded succesfully with URL = https://tsecure.dev.nordstrom.com/InstantCreditApproval/ApplyForCredit.aspx?ProductSelectedForApplication=1
Page loaded succesfully with URL = https://tsecure.dev.nordstrom.com/InstantCreditApproval/ApplyForCredit.aspx?ProductSelectedForApplication=1
Element is not Valid: Exception =Could not find element by: By.Id: ctl00_mainContentPlaceholder_ContactInformation1_validatorFirstNameRequired
Element is not Valid: Exception =Could not find element by: By.Id: ctl00_mainContentPlaceholder_ContactInformation1_validatorLastNameRequired
Element is not Valid: Exception =Could not find element by: By.Id: ctl00_mainContentPlaceholder_ContactInformation1_validatorAddress1Required
Element is not Valid: Exception =Could not find element by: By.Id: ctl00_mainContentPlaceholder_ContactInformation1_validatorZipCodeRequired
Element is not Valid: Exception =Could not find element by: By.Id: ctl00_mainContentPlaceholder_ContactInformation1_validatorCityRequired
Element is not Valid: Exception =Could not find element by: By.Id: ctl00_mainContentPlaceholder_ContactInformation1_validatorStateProvinceRequired
Element is not Valid: Exception =Could not find element by: By.Id: ctl00_mainContentPlaceholder_ContactInformation1_validateTimeAddress
Element is not Valid: Exception =Could not find element by: By.Id: ctl00_mainContentPlaceholder_SecureFinancialInformation1_combinedSSNRequired
Element is not Valid: Exception =Could not find element by: By.Id: ctl00_mainContentPlaceholder_SecureFinancialInformation1_DobRequired
Element is not Valid: Exception =Could not find element by: By.Id: ctl00_mainContentPlaceholder_SecureFinancialInformation1_AnnualIncomeField
Element is not Valid: Exception =Could not find element by: By.Id: ctl00_mainContentPlaceholder_SecureFinancialInformation1_ValidatorIDNumberRequired
Element is not Valid: Exception =Could not find element by: By.Id: ctl00_mainContentPlaceholder_SecureFinancialInformation1_ValidatorStateFieldRequired
Element is not Valid: Exception =Could not find element by: By.Id: ctl00_mainContentPlaceholder_SecureFinancialInformation1_RequiredExpirationDate
Element is not Valid: Exception =Could not find element by: By.Id: ctl00_mainContentPlaceholder_SecureFinancialInformation1_emailValidator
Element is not Valid: Exception =Could not find element by: By.Id: ctl00_mainContentPlaceholder_SecureFinancialInformation1_confirmEmailValidator
Element is not Valid: Exception =Could not find element by: By.Id: ctl00_mainContentPlaceholder_SecureFinancialInformation1_phoneNumberRequired
Element is not Valid: Exception =Could not find element by: By.Id: ctl00_mainContentPlaceholder_SecureFinancialInformation1_PhoneTypeListRequired
Element is not Valid: Exception =Could not find element by: By.Id: ctl00_mainContentPlaceholder_ContactInformation1_validatorFirstNameRequired
Element is not Valid: Exception =Could not find element by: By.Id: ctl00_mainContentPlaceholder_ContactInformation1_validatorLastNameValid
Element is not Valid: Exception =Could not find element by: By.Id: ctl00_mainContentPlaceholder_ContactInformation1_CustomValidatorAddress1
Element is not Valid: Exception =Could not find element by: By.Id: ctl00_mainContentPlaceholder_ContactInformation1_ValidatorZipCodeValid
Element is not Valid: Exception =Could not find element by: By.Id: ctl00_mainContentPlaceholder_SecureFinancialInformation1_DOBValidator
Element is not Valid: Exception =Could not find element by: By.Id: ctl00_mainContentPlaceholder_SecureFinancialInformation1_AnnualIncomeCustomValidator
Element is not Valid: Exception =Could not find element by: By.Id: ctl00_mainContentPlaceholder_SecureFinancialInformation1_ValidateIdExpiration
Element is not Valid: Exception =Could not find element by: By.Id: ctl00_mainContentPlaceholder_SecureFinancialInformation1_phoneNumberValidation
Element is not Valid: Exception =Could not find element by: By.Id: ctl00_mainContentPlaceholder_SecureFinancialInformation1_emailRegularExpression
Element is not Valid: Exception =Could not find element by: By.Id: ctl00_mainContentPlaceholder_SecureFinancialInformation1_emailComparison
Page loaded succesfully with URL = https://tsecure.dev.nordstrom.com/InstantCreditApproval/confirmation.aspx
Page loaded succesfully with URL = https://tsecure.dev.nordstrom.com/InstantCreditApproval/confirmation.aspx
Timed out waiting for element to be visible with locator: By.Id: AcceptRetailOnlyCard
Accept Retail Only Offer button is not loaded
Element Not found with the given locator (By.Id: AcceptVisaButton)
Element not found with given locator By.Id: AcceptVisaButton
Accept Visa card button is not rendered/found.
</DebugTrace>
        <ErrorInfo>
          <Message>Assert.IsTrue failed. Unable to navigate to the Credit Card Confirmation Page after accepting Visa Card</Message>
          <StackTrace>   at Nordstrom.Web.Test.UI.LoyaltyWeb.ApplyAndBuyTests.NavigateToCreditCardConfirmationPageThroughIca(ApplyAndBuyApplicationCardsCard applyAndBuyCardDetails, Boolean isUserRegistered, Boolean isVisaCard) in c:\LoyaltyWebTest\Web\Test\UI\LoyaltyWeb\LoyaltyWebTest\LoyaltyWebTest\ApplyAndBuyTests.cs:line 977
   at Nordstrom.Web.Test.UI.LoyaltyWeb.ApplyAndBuyTests.ApplyCreditCardThroughIcaWithValidDetails(ApplyAndBuyApplicationCardsCard applyAndBuyCardDetails, Boolean isUserRegistered, Boolean isVisaCard) in c:\LoyaltyWebTest\Web\Test\UI\LoyaltyWeb\LoyaltyWebTest\LoyaltyWebTest\ApplyAndBuyTests.cs:line 842
   at Nordstrom.Web.Test.UI.LoyaltyWeb.ApplyAndBuyTests.ApplyAndBuy_NewlyRegisteredUserShoppingWithNewVisaCard_CardSucessfullyAddedToWallet() in c:\LoyaltyWebTest\Web\Test\UI\LoyaltyWeb\LoyaltyWebTest\LoyaltyWebTest\ApplyAndBuyTests.cs:line 818
</StackTrace>
        </ErrorInfo>
      </Output>
    </UnitTestResult>
    <UnitTestResult executionId="c2a21fdf-ccb6-42b2-b3f6-f07067ed488f" testId="f893727f-a97f-c3cb-2a9a-9aa48c01d2da" testName="ApplyAndBuy_NewlyRegisteredUserShoppingWithNewVisaCard_OrderSuccessfullyPlacedWithNewVisaCard" computerName="MW00977477" duration="00:00:46.0372061" startTime="2015-12-26T17:46:48.3648997-08:00" endTime="2015-12-26T17:47:34.4048997-08:00" testType="13cdc9d9-ddb5-4fa4-a97d-d965ccfc6d4b" outcome="Failed" testListId="8c84fa94-04c1-424b-9868-57a2d4851a1d" relativeResultsDirectory="c2a21fdf-ccb6-42b2-b3f6-f07067ed488f">
      <Output>
        <DebugTrace>Page loaded succesfully with URL = https://tsecure.dev.nordstrom.com/signIn.aspx
Page loaded succesfully with URL = https://tsecure.dev.nordstrom.com/signIn.aspx
Page loaded succesfully with URL = https://tsecure.dev.nordstrom.com/signIn.aspx
Page loaded succesfully with URL = https://tsecure.dev.nordstrom.com/signIn.aspx
WaitForElementToDisappear: progresss indicator appeared/went away
Element is not Valid: Exception =Could not find element by: By.Id: ctl00_mainContentPlaceHolder_accountProfileForm_validatorFirstNameRequired
Element is not Valid: Exception =Could not find element by: By.Id: ctl00_mainContentPlaceHolder_signIn_validatorEmailAddressRequired
Element is not Valid: Exception =Could not find element by: By.Id: ctl00_mainContentPlaceHolder_accountProfileForm_validatorEmail2Required
Element is not Valid: Exception =Could not find element by: By.Id: ctl00_mainContentPlaceHolder_signIn_validatorPasswordRequired
Element is not Valid: Exception =Could not find element by: By.Id: ctl00_mainContentPlaceHolder_accountProfileForm_validatorGenderRequired
Page loaded succesfully with URL = http://tshop.dev.nordstrom.com/c/rewards-cards?origin=footer
Page loaded succesfully with URL = https://tsecure.dev.nordstrom.com/InstantCreditApproval/ApplyForCredit.aspx?ProductSelectedForApplication=1
Page loaded succesfully with URL = https://tsecure.dev.nordstrom.com/InstantCreditApproval/ApplyForCredit.aspx?ProductSelectedForApplication=1
Page loaded succesfully with URL = https://tsecure.dev.nordstrom.com/InstantCreditApproval/ApplyForCredit.aspx?ProductSelectedForApplication=1
Element is not Valid: Exception =Could not find element by: By.Id: ctl00_mainContentPlaceholder_ContactInformation1_validatorFirstNameRequired
Element is not Valid: Exception =Could not find element by: By.Id: ctl00_mainContentPlaceholder_ContactInformation1_validatorLastNameRequired
Element is not Valid: Exception =Could not find element by: By.Id: ctl00_mainContentPlaceholder_ContactInformation1_validatorAddress1Required
Element is not Valid: Exception =Could not find element by: By.Id: ctl00_mainContentPlaceholder_ContactInformation1_validatorZipCodeRequired
Element is not Valid: Exception =Could not find element by: By.Id: ctl00_mainContentPlaceholder_ContactInformation1_validatorCityRequired
Element is not Valid: Exception =Could not find element by: By.Id: ctl00_mainContentPlaceholder_ContactInformation1_validatorStateProvinceRequired
Element is not Valid: Exception =Could not find element by: By.Id: ctl00_mainContentPlaceholder_ContactInformation1_validateTimeAddress
Element is not Valid: Exception =Could not find element by: By.Id: ctl00_mainContentPlaceholder_SecureFinancialInformation1_combinedSSNRequired
Element is not Valid: Exception =Could not find element by: By.Id: ctl00_mainContentPlaceholder_SecureFinancialInformation1_DobRequired
Element is not Valid: Exception =Could not find element by: By.Id: ctl00_mainContentPlaceholder_SecureFinancialInformation1_AnnualIncomeField
Element is not Valid: Exception =Could not find element by: By.Id: ctl00_mainContentPlaceholder_SecureFinancialInformation1_ValidatorIDNumberRequired
Element is not Valid: Exception =Could not find element by: By.Id: ctl00_mainContentPlaceholder_SecureFinancialInformation1_ValidatorStateFieldRequired
Element is not Valid: Exception =Could not find element by: By.Id: ctl00_mainContentPlaceholder_SecureFinancialInformation1_RequiredExpirationDate
Element is not Valid: Exception =Could not find element by: By.Id: ctl00_mainContentPlaceholder_SecureFinancialInformation1_emailValidator
Element is not Valid: Exception =Could not find element by: By.Id: ctl00_mainContentPlaceholder_SecureFinancialInformation1_confirmEmailValidator
Element is not Valid: Exception =Could not find element by: By.Id: ctl00_mainContentPlaceholder_SecureFinancialInformation1_phoneNumberRequired
Element is not Valid: Exception =Could not find element by: By.Id: ctl00_mainContentPlaceholder_SecureFinancialInformation1_PhoneTypeListRequired
Element is not Valid: Exception =Could not find element by: By.Id: ctl00_mainContentPlaceholder_ContactInformation1_validatorFirstNameRequired
Element is not Valid: Exception =Could not find element by: By.Id: ctl00_mainContentPlaceholder_ContactInformation1_validatorLastNameValid
Element is not Valid: Exception =Could not find element by: By.Id: ctl00_mainContentPlaceholder_ContactInformation1_CustomValidatorAddress1
Element is not Valid: Exception =Could not find element by: By.Id: ctl00_mainContentPlaceholder_ContactInformation1_ValidatorZipCodeValid
Element is not Valid: Exception =Could not find element by: By.Id: ctl00_mainContentPlaceholder_SecureFinancialInformation1_DOBValidator
Element is not Valid: Exception =Could not find element by: By.Id: ctl00_mainContentPlaceholder_SecureFinancialInformation1_AnnualIncomeCustomValidator
Element is not Valid: Exception =Could not find element by: By.Id: ctl00_mainContentPlaceholder_SecureFinancialInformation1_ValidateIdExpiration
Element is not Valid: Exception =Could not find element by: By.Id: ctl00_mainContentPlaceholder_SecureFinancialInformation1_phoneNumberValidation
Element is not Valid: Exception =Could not find element by: By.Id: ctl00_mainContentPlaceholder_SecureFinancialInformation1_emailRegularExpression
Element is not Valid: Exception =Could not find element by: By.Id: ctl00_mainContentPlaceholder_SecureFinancialInformation1_emailComparison
Page loaded succesfully with URL = https://tsecure.dev.nordstrom.com/InstantCreditApproval/confirmation.aspx
Page loaded succesfully with URL = https://tsecure.dev.nordstrom.com/InstantCreditApproval/confirmation.aspx
Timed out waiting for element to be visible with locator: By.Id: AcceptRetailOnlyCard
Accept Retail Only Offer button is not loaded
Element Not found with the given locator (By.Id: AcceptVisaButton)
Element not found with given locator By.Id: AcceptVisaButton
Accept Visa card button is not rendered/found.
</DebugTrace>
        <ErrorInfo>
          <Message>Assert.IsTrue failed. Unable to navigate to the Credit Card Confirmation Page after accepting Visa Card</Message>
          <StackTrace>   at Nordstrom.Web.Test.UI.LoyaltyWeb.ApplyAndBuyTests.NavigateToCreditCardConfirmationPageThroughIca(ApplyAndBuyApplicationCardsCard applyAndBuyCardDetails, Boolean isUserRegistered, Boolean isVisaCard) in c:\LoyaltyWebTest\Web\Test\UI\LoyaltyWeb\LoyaltyWebTest\LoyaltyWebTest\ApplyAndBuyTests.cs:line 977
   at Nordstrom.Web.Test.UI.LoyaltyWeb.ApplyAndBuyTests.ApplyCreditCardThroughIcaWithValidDetails(ApplyAndBuyApplicationCardsCard applyAndBuyCardDetails, Boolean isUserRegistered, Boolean isVisaCard) in c:\LoyaltyWebTest\Web\Test\UI\LoyaltyWeb\LoyaltyWebTest\LoyaltyWebTest\ApplyAndBuyTests.cs:line 842
   at Nordstrom.Web.Test.UI.LoyaltyWeb.ApplyAndBuyTests.ApplyAndBuy_NewlyRegisteredUserShoppingWithNewVisaCard_OrderSuccessfullyPlacedWithNewVisaCard() in c:\LoyaltyWebTest\Web\Test\UI\LoyaltyWeb\LoyaltyWebTest\LoyaltyWebTest\ApplyAndBuyTests.cs:line 194
</StackTrace>
        </ErrorInfo>
      </Output>
    </UnitTestResult>
    <UnitTestResult executionId="6a7ae717-c585-46b3-ac61-2abc0517d433" testId="2b62e82b-c9b1-2d2b-8ab6-337c9e608c0f" testName="ApplyAndBuy_RegisteredUserApplyForRetailCard_CardSucessfullyAddedToWallet" computerName="MW00977477" duration="00:00:46.7127438" startTime="2015-12-26T17:47:34.4058997-08:00" endTime="2015-12-26T17:48:21.1198997-08:00" testType="13cdc9d9-ddb5-4fa4-a97d-d965ccfc6d4b" outcome="Failed" testListId="8c84fa94-04c1-424b-9868-57a2d4851a1d" relativeResultsDirectory="6a7ae717-c585-46b3-ac61-2abc0517d433">
      <Output>
        <DebugTrace>Page loaded succesfully with URL = https://tsecure.dev.nordstrom.com/signIn.aspx
Page loaded succesfully with URL = https://tsecure.dev.nordstrom.com/signIn.aspx
Page loaded succesfully with URL = https://tsecure.dev.nordstrom.com/signIn.aspx
Page loaded succesfully with URL = https://tsecure.dev.nordstrom.com/signIn.aspx
Page loaded succesfully with URL = https://tsecure.dev.nordstrom.com/MyAccount/AccountSummary.aspx?origin=signin
Page loaded succesfully with URL = http://tshop.dev.nordstrom.com/c/rewards-cards?origin=footer
Page loaded succesfully with URL = https://tsecure.dev.nordstrom.com/InstantCreditApproval/ApplyForCredit.aspx?ProductSelectedForApplication=1
Page loaded succesfully with URL = https://tsecure.dev.nordstrom.com/InstantCreditApproval/ApplyForCredit.aspx?ProductSelectedForApplication=1
Page loaded succesfully with URL = https://tsecure.dev.nordstrom.com/InstantCreditApproval/ApplyForCredit.aspx?ProductSelectedForApplication=1
</DebugTrace>
        <ErrorInfo>
          <Message>Test method Nordstrom.Web.Test.UI.LoyaltyWeb.ApplyAndBuyTests.ApplyAndBuy_RegisteredUserApplyForRetailCard_CardSucessfullyAddedToWallet threw exception: 
System.Reflection.TargetInvocationException: Exception has been thrown by the target of an invocation. ---&gt; OpenQA.Selenium.InvalidElementStateException: invalid element state
  (Session info: chrome=47.0.2526.106)
  (Driver info: chromedriver=2.20.353145 (343b531d31eeb933ec778dbcf7081628a1396067),platform=Windows NT 6.1 SP1 x86_64)</Message>
          <StackTrace>    at OpenQA.Selenium.Remote.RemoteWebDriver.UnpackAndThrowOnError(Response errorResponse)
   at OpenQA.Selenium.Remote.RemoteWebDriver.Execute(String driverCommandToExecute, Dictionary`2 parameters)
   at OpenQA.Selenium.Remote.RemoteWebElement.SendKeys(String text)
 --- End of inner exception stack trace ---
    at System.RuntimeMethodHandle.InvokeMethod(Object target, Object[] arguments, Signature sig, Boolean constructor)
   at System.Reflection.RuntimeMethodInfo.UnsafeInvokeInternal(Object obj, Object[] parameters, Object[] arguments)
   at System.Reflection.RuntimeMethodInfo.Invoke(Object obj, BindingFlags invokeAttr, Binder binder, Object[] parameters, CultureInfo culture)
   at OpenQA.Selenium.Support.PageObjects.WebDriverObjectProxy.InvokeMethod(IMethodCallMessage msg, Object representedValue)
   at OpenQA.Selenium.Support.PageObjects.WebElementProxy.Invoke(IMessage msg)
   at System.Runtime.Remoting.Proxies.RealProxy.PrivateInvoke(MessageData&amp; msgData, Int32 type)
   at OpenQA.Selenium.IWebElement.SendKeys(String text)
   at Nordstrom.Web.Test.UI.Common.PageObjects.CreditCardApplicationPage.FillApplyAndBuyCardApplication(CardType applyAndBuyCardType, ApplyAndBuyApplicationCardsCard cardDetails) in c:\LoyaltyWebTest\Web\Test\UI\Common\PageObjects\CreditCardApplicationPage.cs:line 469
   at Nordstrom.Web.Test.UI.Common.PageObjects.CreditCardApplicationPage.AgreeAndApplyCardApplication(CardType applyAndBuyCardType, ApplyAndBuyApplicationCardsCard cardDetails) in c:\LoyaltyWebTest\Web\Test\UI\Common\PageObjects\CreditCardApplicationPage.cs:line 422
   at Nordstrom.Web.Test.UI.LoyaltyWeb.ApplyAndBuyTests.NavigateToCreditCardConfirmationPageThroughIca(ApplyAndBuyApplicationCardsCard applyAndBuyCardDetails, Boolean isUserRegistered, Boolean isVisaCard) in c:\LoyaltyWebTest\Web\Test\UI\LoyaltyWeb\LoyaltyWebTest\LoyaltyWebTest\ApplyAndBuyTests.cs:line 958
   at Nordstrom.Web.Test.UI.LoyaltyWeb.ApplyAndBuyTests.ApplyCreditCardThroughIcaWithValidDetails(ApplyAndBuyApplicationCardsCard applyAndBuyCardDetails, Boolean isUserRegistered, Boolean isVisaCard) in c:\LoyaltyWebTest\Web\Test\UI\LoyaltyWeb\LoyaltyWebTest\LoyaltyWebTest\ApplyAndBuyTests.cs:line 842
   at Nordstrom.Web.Test.UI.LoyaltyWeb.ApplyAndBuyTests.ApplyAndBuy_RegisteredUserApplyForRetailCard_CardSucessfullyAddedToWallet() in c:\LoyaltyWebTest\Web\Test\UI\LoyaltyWeb\LoyaltyWebTest\LoyaltyWebTest\ApplyAndBuyTests.cs:line 760
</StackTrace>
        </ErrorInfo>
      </Output>
    </UnitTestResult>
    <UnitTestResult executionId="a01a1f96-a504-4cdc-8b26-65b91f69f95b" testId="9b828aac-d9ed-23f8-d63b-2b5dbf76c464" testName="ApplyAndBuy_RegisteredUserApplyForVisaCard_CardSucessfullyAddedToWallet" computerName="MW00977477" duration="00:05:05.9800600" startTime="2015-12-26T17:48:21.1228997-08:00" endTime="2015-12-26T17:53:27.1082476-08:00" testType="13cdc9d9-ddb5-4fa4-a97d-d965ccfc6d4b" outcome="Failed" testListId="8c84fa94-04c1-424b-9868-57a2d4851a1d" relativeResultsDirectory="a01a1f96-a504-4cdc-8b26-65b91f69f95b">
      <Output>
        <DebugTrace>The HTTP request to the remote WebDriver server for URL http://localhost:2740/session/cb754c9a82eb6a651a33225c988290c6/execute timed out after 60 seconds.
Page did not finish loading within the timeout(30sec), URL= 
The HTTP request to the remote WebDriver server for URL http://localhost:2740/session/cb754c9a82eb6a651a33225c988290c6/execute timed out after 60 seconds.
Page did not finish loading within the timeout(30sec), URL= 
The HTTP request to the remote WebDriver server for URL http://localhost:2740/session/cb754c9a82eb6a651a33225c988290c6/execute timed out after 60 seconds.
Page did not finish loading within the timeout(30sec), URL= 
</DebugTrace>
        <ErrorInfo>
          <Message>Test method Nordstrom.Web.Test.UI.LoyaltyWeb.ApplyAndBuyTests.ApplyAndBuy_RegisteredUserApplyForVisaCard_CardSucessfullyAddedToWallet threw exception: 
OpenQA.Selenium.WebDriverException: The HTTP request to the remote WebDriver server for URL http://localhost:2740/session/cb754c9a82eb6a651a33225c988290c6/url timed out after 60 seconds. ---&gt; System.Net.WebException: The operation has timed out</Message>
          <StackTrace>    at System.Net.HttpWebRequest.GetResponse()
   at OpenQA.Selenium.Remote.HttpCommandExecutor.CreateResponse(WebRequest request)
 --- End of inner exception stack trace ---
    at OpenQA.Selenium.Remote.HttpCommandExecutor.CreateResponse(WebRequest request)
   at OpenQA.Selenium.Remote.HttpCommandExecutor.Execute(Command commandToExecute)
   at OpenQA.Selenium.Remote.DriverServiceCommandExecutor.Execute(Command commandToExecute)
   at OpenQA.Selenium.Remote.RemoteWebDriver.Execute(String driverCommandToExecute, Dictionary`2 parameters)
   at OpenQA.Selenium.Remote.RemoteWebDriver.get_Url()
   at Nordstrom.Web.Test.UI.Common.PageObjects.PageObjectBase.get_Url() in c:\LoyaltyWebTest\Web\Test\UI\Common\PageObjects\PageObjectBase.cs:line 132
   at Nordstrom.Web.Test.UI.Common.CommonHelper.SignIn(String user, String password) in c:\LoyaltyWebTest\Web\Test\UI\Common\CommonHelper.cs:line 99
   at Nordstrom.Web.Test.UI.LoyaltyWeb.ApplyAndBuyTests.ApplyAndBuy_RegisteredUserApplyForVisaCard_CardSucessfullyAddedToWallet() in c:\LoyaltyWebTest\Web\Test\UI\LoyaltyWeb\LoyaltyWebTest\LoyaltyWebTest\ApplyAndBuyTests.cs:line 746
</StackTrace>
        </ErrorInfo>
      </Output>
    </UnitTestResult>
    <UnitTestResult executionId="9889a96d-b7f0-44d3-9c81-9839b03a8005" testId="968d66bd-881b-d4d7-de09-4a1507bf6626" testName="ApplyAndBuy_RegisteredUserNavigationToRetailCardConfirmationAndPageHeaderAndFooterLinksVerification_HeaderAndFooterLinksVerifiedSuccessfully" computerName="MW00977477" duration="00:01:05.0845350" startTime="2015-12-26T17:53:27.1092477-08:00" endTime="2015-12-26T17:54:32.2007562-08:00" testType="13cdc9d9-ddb5-4fa4-a97d-d965ccfc6d4b" outcome="Failed" testListId="8c84fa94-04c1-424b-9868-57a2d4851a1d" relativeResultsDirectory="9889a96d-b7f0-44d3-9c81-9839b03a8005">
      <Output>
        <DebugTrace>Page loaded succesfully with URL = https://tsecure.dev.nordstrom.com/signIn.aspx
Page loaded succesfully with URL = https://tsecure.dev.nordstrom.com/signIn.aspx
Page loaded succesfully with URL = https://tsecure.dev.nordstrom.com/signIn.aspx
Page loaded succesfully with URL = https://tsecure.dev.nordstrom.com/signIn.aspx
WaitForElementToDisappear: progresss indicator appeared/went away
Element is not Valid: Exception =Could not find element by: By.Id: ctl00_mainContentPlaceHolder_accountProfileForm_validatorFirstNameRequired
Element is not Valid: Exception =Could not find element by: By.Id: ctl00_mainContentPlaceHolder_signIn_validatorEmailAddressRequired
Element is not Valid: Exception =Could not find element by: By.Id: ctl00_mainContentPlaceHolder_accountProfileForm_validatorEmail2Required
Element is not Valid: Exception =Could not find element by: By.Id: ctl00_mainContentPlaceHolder_signIn_validatorPasswordRequired
Element is not Valid: Exception =Could not find element by: By.Id: ctl00_mainContentPlaceHolder_accountProfileForm_validatorGenderRequired
Page loaded succesfully with URL = http://tshop.dev.nordstrom.com/c/rewards-cards?origin=footer
Page loaded succesfully with URL = https://tsecure.dev.nordstrom.com/InstantCreditApproval/ApplyForCredit.aspx?ProductSelectedForApplication=1
Page loaded succesfully with URL = https://tsecure.dev.nordstrom.com/InstantCreditApproval/ApplyForCredit.aspx?ProductSelectedForApplication=1
Page loaded succesfully with URL = https://tsecure.dev.nordstrom.com/InstantCreditApproval/ApplyForCredit.aspx?ProductSelectedForApplication=1
Element is not Valid: Exception =Could not find element by: By.Id: ctl00_mainContentPlaceholder_ContactInformation1_validatorFirstNameRequired
Element is not Valid: Exception =Could not find element by: By.Id: ctl00_mainContentPlaceholder_ContactInformation1_validatorLastNameRequired
Element is not Valid: Exception =Could not find element by: By.Id: ctl00_mainContentPlaceholder_ContactInformation1_validatorAddress1Required
Element is not Valid: Exception =Could not find element by: By.Id: ctl00_mainContentPlaceholder_ContactInformation1_validatorZipCodeRequired
Element is not Valid: Exception =Could not find element by: By.Id: ctl00_mainContentPlaceholder_ContactInformation1_validatorCityRequired
Element is not Valid: Exception =Could not find element by: By.Id: ctl00_mainContentPlaceholder_ContactInformation1_validatorStateProvinceRequired
Element is not Valid: Exception =Could not find element by: By.Id: ctl00_mainContentPlaceholder_ContactInformation1_validateTimeAddress
Element is not Valid: Exception =Could not find element by: By.Id: ctl00_mainContentPlaceholder_SecureFinancialInformation1_combinedSSNRequired
Element is not Valid: Exception =Could not find element by: By.Id: ctl00_mainContentPlaceholder_SecureFinancialInformation1_DobRequired
Element is not Valid: Exception =Could not find element by: By.Id: ctl00_mainContentPlaceholder_SecureFinancialInformation1_AnnualIncomeField
Element is not Valid: Exception =Could not find element by: By.Id: ctl00_mainContentPlaceholder_SecureFinancialInformation1_ValidatorIDNumberRequired
Element is not Valid: Exception =Could not find element by: By.Id: ctl00_mainContentPlaceholder_SecureFinancialInformation1_ValidatorStateFieldRequired
Element is not Valid: Exception =Could not find element by: By.Id: ctl00_mainContentPlaceholder_SecureFinancialInformation1_RequiredExpirationDate
Element is not Valid: Exception =Could not find element by: By.Id: ctl00_mainContentPlaceholder_SecureFinancialInformation1_emailValidator
Element is not Valid: Exception =Could not find element by: By.Id: ctl00_mainContentPlaceholder_SecureFinancialInformation1_confirmEmailValidator
Element is not Valid: Exception =Could not find element by: By.Id: ctl00_mainContentPlaceholder_SecureFinancialInformation1_phoneNumberRequired
Element is not Valid: Exception =Could not find element by: By.Id: ctl00_mainContentPlaceholder_SecureFinancialInformation1_PhoneTypeListRequired
Element is not Valid: Exception =Could not find element by: By.Id: ctl00_mainContentPlaceholder_ContactInformation1_validatorFirstNameRequired
Element is not Valid: Exception =Could not find element by: By.Id: ctl00_mainContentPlaceholder_ContactInformation1_validatorLastNameValid
Element is not Valid: Exception =Could not find element by: By.Id: ctl00_mainContentPlaceholder_ContactInformation1_CustomValidatorAddress1
Element is not Valid: Exception =Could not find element by: By.Id: ctl00_mainContentPlaceholder_ContactInformation1_ValidatorZipCodeValid
Element is not Valid: Exception =Could not find element by: By.Id: ctl00_mainContentPlaceholder_SecureFinancialInformation1_DOBValidator
Element is not Valid: Exception =Could not find element by: By.Id: ctl00_mainContentPlaceholder_SecureFinancialInformation1_AnnualIncomeCustomValidator
Element is not Valid: Exception =Could not find element by: By.Id: ctl00_mainContentPlaceholder_SecureFinancialInformation1_ValidateIdExpiration
Element is not Valid: Exception =Could not find element by: By.Id: ctl00_mainContentPlaceholder_SecureFinancialInformation1_phoneNumberValidation
Element is not Valid: Exception =Could not find element by: By.Id: ctl00_mainContentPlaceholder_SecureFinancialInformation1_emailRegularExpression
Element is not Valid: Exception =Could not find element by: By.Id: ctl00_mainContentPlaceholder_SecureFinancialInformation1_emailComparison
Page loaded succesfully with URL = https://tsecure.dev.nordstrom.com/InstantCreditApproval/confirmation.aspx
Page loaded succesfully with URL = https://tsecure.dev.nordstrom.com/InstantCreditApproval/confirmation.aspx
Timed out waiting for element to be visible with locator: By.Id: AcceptRetailOnlyCard
Accept Retail Only Offer button is not loaded
Element Not found with the given locator (By.Id: AcceptRetailCard)
Element not found with given locator By.Id: AcceptRetailCard
Accept retail card button is not rendered/found.
</DebugTrace>
        <ErrorInfo>
          <Message>Assert.IsTrue failed. Unable to navigate to the Credit Card Confirmation Page after accepting Retail Card</Message>
          <StackTrace>   at Nordstrom.Web.Test.UI.LoyaltyWeb.ApplyAndBuyTests.NavigateToCreditCardConfirmationPageThroughIca(ApplyAndBuyApplicationCardsCard applyAndBuyCardDetails, Boolean isUserRegistered, Boolean isVisaCard) in c:\LoyaltyWebTest\Web\Test\UI\LoyaltyWeb\LoyaltyWebTest\LoyaltyWebTest\ApplyAndBuyTests.cs:line 971
   at Nordstrom.Web.Test.UI.LoyaltyWeb.ApplyAndBuyTests.ApplyAndBuy_RegisteredUserNavigationToRetailCardConfirmationAndPageHeaderAndFooterLinksVerification_HeaderAndFooterLinksVerifiedSuccessfully() in c:\LoyaltyWebTest\Web\Test\UI\LoyaltyWeb\LoyaltyWebTest\LoyaltyWebTest\ApplyAndBuyTests.cs:line 349
</StackTrace>
        </ErrorInfo>
      </Output>
    </UnitTestResult>
    <UnitTestResult executionId="76634f52-e354-48ba-8ecc-d246f85c035d" testId="626e255c-bb2f-0974-17c4-02b1ec8a9b1c" testName="ApplyAndBuy_RegisteredUserNavigationToRetailCardOfferPageAndLinkVerification_SeeMoreBenefitsLinkVerifiedSuccessfully" computerName="MW00977477" duration="00:04:08.1473933" startTime="2015-12-26T17:54:32.2047566-08:00" endTime="2015-12-26T17:58:40.3705707-08:00" testType="13cdc9d9-ddb5-4fa4-a97d-d965ccfc6d4b" outcome="Failed" testListId="8c84fa94-04c1-424b-9868-57a2d4851a1d" relativeResultsDirectory="76634f52-e354-48ba-8ecc-d246f85c035d">
      <Output>
        <DebugTrace>The HTTP request to the remote WebDriver server for URL http://localhost:21314/session/3dbc0ac366c4104097b98c6fc39359e0/execute timed out after 60 seconds.
Page did not finish loading within the timeout(30sec), URL= 
The HTTP request to the remote WebDriver server for URL http://localhost:21314/session/3dbc0ac366c4104097b98c6fc39359e0/execute timed out after 60 seconds.
Page did not finish loading within the timeout(30sec), URL= 
Page loaded succesfully with URL = https://tsecure.dev.nordstrom.com/signIn.aspx
Page loaded succesfully with URL = https://tsecure.dev.nordstrom.com/signIn.aspx
WaitForElementToDisappear: progresss indicator appeared/went away
Element is not Valid: Exception =Could not find element by: By.Id: ctl00_mainContentPlaceHolder_accountProfileForm_validatorFirstNameRequired
Element is not Valid: Exception =Could not find element by: By.Id: ctl00_mainContentPlaceHolder_signIn_validatorEmailAddressRequired
Element is not Valid: Exception =Could not find element by: By.Id: ctl00_mainContentPlaceHolder_accountProfileForm_validatorEmail2Required
Element is not Valid: Exception =Could not find element by: By.Id: ctl00_mainContentPlaceHolder_signIn_validatorPasswordRequired
Element is not Valid: Exception =Could not find element by: By.Id: ctl00_mainContentPlaceHolder_accountProfileForm_validatorGenderRequired
Page loaded succesfully with URL = http://tshop.dev.nordstrom.com/c/rewards-cards?origin=footer
Page loaded succesfully with URL = https://tsecure.dev.nordstrom.com/InstantCreditApproval/ApplyForCredit.aspx?ProductSelectedForApplication=1
Page loaded succesfully with URL = https://tsecure.dev.nordstrom.com/InstantCreditApproval/ApplyForCredit.aspx?ProductSelectedForApplication=1
Page loaded succesfully with URL = https://tsecure.dev.nordstrom.com/InstantCreditApproval/ApplyForCredit.aspx?ProductSelectedForApplication=1
Element is not Valid: Exception =Could not find element by: By.Id: ctl00_mainContentPlaceholder_ContactInformation1_validatorFirstNameRequired
Element is not Valid: Exception =Could not find element by: By.Id: ctl00_mainContentPlaceholder_ContactInformation1_validatorLastNameRequired
Element is not Valid: Exception =Could not find element by: By.Id: ctl00_mainContentPlaceholder_ContactInformation1_validatorAddress1Required
Element is not Valid: Exception =Could not find element by: By.Id: ctl00_mainContentPlaceholder_ContactInformation1_validatorZipCodeRequired
Element is not Valid: Exception =Could not find element by: By.Id: ctl00_mainContentPlaceholder_ContactInformation1_validatorCityRequired
Element is not Valid: Exception =Could not find element by: By.Id: ctl00_mainContentPlaceholder_ContactInformation1_validatorStateProvinceRequired
Element is not Valid: Exception =Could not find element by: By.Id: ctl00_mainContentPlaceholder_ContactInformation1_validateTimeAddress
Element is not Valid: Exception =Could not find element by: By.Id: ctl00_mainContentPlaceholder_SecureFinancialInformation1_combinedSSNRequired
Element is not Valid: Exception =Could not find element by: By.Id: ctl00_mainContentPlaceholder_SecureFinancialInformation1_DobRequired
Element is not Valid: Exception =Could not find element by: By.Id: ctl00_mainContentPlaceholder_SecureFinancialInformation1_AnnualIncomeField
Element is not Valid: Exception =Could not find element by: By.Id: ctl00_mainContentPlaceholder_SecureFinancialInformation1_ValidatorIDNumberRequired
Element is not Valid: Exception =Could not find element by: By.Id: ctl00_mainContentPlaceholder_SecureFinancialInformation1_ValidatorStateFieldRequired
Element is not Valid: Exception =Could not find element by: By.Id: ctl00_mainContentPlaceholder_SecureFinancialInformation1_RequiredExpirationDate
Element is not Valid: Exception =Could not find element by: By.Id: ctl00_mainContentPlaceholder_SecureFinancialInformation1_emailValidator
Element is not Valid: Exception =Could not find element by: By.Id: ctl00_mainContentPlaceholder_SecureFinancialInformation1_confirmEmailValidator
Element is not Valid: Exception =Could not find element by: By.Id: ctl00_mainContentPlaceholder_SecureFinancialInformation1_phoneNumberRequired
Element is not Valid: Exception =Could not find element by: By.Id: ctl00_mainContentPlaceholder_SecureFinancialInformation1_PhoneTypeListRequired
Element is not Valid: Exception =Could not find element by: By.Id: ctl00_mainContentPlaceholder_ContactInformation1_validatorFirstNameRequired
Element is not Valid: Exception =Could not find element by: By.Id: ctl00_mainContentPlaceholder_ContactInformation1_validatorLastNameValid
Element is not Valid: Exception =Could not find element by: By.Id: ctl00_mainContentPlaceholder_ContactInformation1_CustomValidatorAddress1
Element is not Valid: Exception =Could not find element by: By.Id: ctl00_mainContentPlaceholder_ContactInformation1_ValidatorZipCodeValid
Element is not Valid: Exception =Could not find element by: By.Id: ctl00_mainContentPlaceholder_SecureFinancialInformation1_DOBValidator
Element is not Valid: Exception =Could not find element by: By.Id: ctl00_mainContentPlaceholder_SecureFinancialInformation1_AnnualIncomeCustomValidator
Element is not Valid: Exception =Could not find element by: By.Id: ctl00_mainContentPlaceholder_SecureFinancialInformation1_ValidateIdExpiration
Element is not Valid: Exception =Could not find element by: By.Id: ctl00_mainContentPlaceholder_SecureFinancialInformation1_phoneNumberValidation
Element is not Valid: Exception =Could not find element by: By.Id: ctl00_mainContentPlaceholder_SecureFinancialInformation1_emailRegularExpression
Element is not Valid: Exception =Could not find element by: By.Id: ctl00_mainContentPlaceholder_SecureFinancialInformation1_emailComparison
Page loaded succesfully with URL = https://tsecure.dev.nordstrom.com/InstantCreditApproval/confirmation.aspx
Page loaded succesfully with URL = https://tsecure.dev.nordstrom.com/InstantCreditApproval/confirmation.aspx
Timed out waiting for element to be visible with locator: By.Id: AcceptRetailOnlyCard
Accept Retail Only Offer button is not loaded
Timed out waiting for element to be visible with locator: By.CssSelector: a[href*='ShowRetailBenefits']
See More Benefits Link For Retail Card is not visible
</DebugTrace>
        <ErrorInfo>
          <Message>Assert.IsTrue failed. Retail See More Benefits Link is not verified successfully</Message>
          <StackTrace>   at Nordstrom.Web.Test.UI.LoyaltyWeb.ApplyAndBuyTests.ApplyAndBuy_RegisteredUserNavigationToRetailCardOfferPageAndLinkVerification_SeeMoreBenefitsLinkVerifiedSuccessfully() in c:\LoyaltyWebTest\Web\Test\UI\LoyaltyWeb\LoyaltyWebTest\LoyaltyWebTest\ApplyAndBuyTests.cs:line 399
</StackTrace>
        </ErrorInfo>
      </Output>
    </UnitTestResult>
    <UnitTestResult executionId="d54ba857-efec-4cdc-b3f4-b4715248f709" testId="5699d43b-bfa7-481f-0474-9a9301ddbef0" testName="ApplyAndBuy_RegisteredUserNavigationToVisaCardConfirmationAndLinksVerification_LinksVerifiedSuccessfully" computerName="MW00977477" duration="00:00:44.0380074" startTime="2015-12-26T17:58:40.3725709-08:00" endTime="2015-12-26T17:59:24.4169749-08:00" testType="13cdc9d9-ddb5-4fa4-a97d-d965ccfc6d4b" outcome="Failed" testListId="8c84fa94-04c1-424b-9868-57a2d4851a1d" relativeResultsDirectory="d54ba857-efec-4cdc-b3f4-b4715248f709">
      <Output>
        <DebugTrace>Page loaded succesfully with URL = https://tsecure.dev.nordstrom.com/signIn.aspx
Page loaded succesfully with URL = https://tsecure.dev.nordstrom.com/signIn.aspx
Page loaded succesfully with URL = https://tsecure.dev.nordstrom.com/signIn.aspx
Page loaded succesfully with URL = https://tsecure.dev.nordstrom.com/signIn.aspx
WaitForElementToDisappear: progresss indicator appeared/went away
Element is not Valid: Exception =Could not find element by: By.Id: ctl00_mainContentPlaceHolder_accountProfileForm_validatorFirstNameRequired
Element is not Valid: Exception =Could not find element by: By.Id: ctl00_mainContentPlaceHolder_signIn_validatorEmailAddressRequired
Element is not Valid: Exception =Could not find element by: By.Id: ctl00_mainContentPlaceHolder_accountProfileForm_validatorEmail2Required
Element is not Valid: Exception =Could not find element by: By.Id: ctl00_mainContentPlaceHolder_signIn_validatorPasswordRequired
Element is not Valid: Exception =Could not find element by: By.Id: ctl00_mainContentPlaceHolder_accountProfileForm_validatorGenderRequired
Page loaded succesfully with URL = http://tshop.dev.nordstrom.com/c/rewards-cards?origin=footer
Page loaded succesfully with URL = https://tsecure.dev.nordstrom.com/InstantCreditApproval/ApplyForCredit.aspx?ProductSelectedForApplication=1
Page loaded succesfully with URL = https://tsecure.dev.nordstrom.com/InstantCreditApproval/ApplyForCredit.aspx?ProductSelectedForApplication=1
Page loaded succesfully with URL = https://tsecure.dev.nordstrom.com/InstantCreditApproval/ApplyForCredit.aspx?ProductSelectedForApplication=1
Element is not Valid: Exception =Could not find element by: By.Id: ctl00_mainContentPlaceholder_ContactInformation1_validatorFirstNameRequired
Element is not Valid: Exception =Could not find element by: By.Id: ctl00_mainContentPlaceholder_ContactInformation1_validatorLastNameRequired
Element is not Valid: Exception =Could not find element by: By.Id: ctl00_mainContentPlaceholder_ContactInformation1_validatorAddress1Required
Element is not Valid: Exception =Could not find element by: By.Id: ctl00_mainContentPlaceholder_ContactInformation1_validatorZipCodeRequired
Element is not Valid: Exception =Could not find element by: By.Id: ctl00_mainContentPlaceholder_ContactInformation1_validatorCityRequired
Element is not Valid: Exception =Could not find element by: By.Id: ctl00_mainContentPlaceholder_ContactInformation1_validatorStateProvinceRequired
Element is not Valid: Exception =Could not find element by: By.Id: ctl00_mainContentPlaceholder_ContactInformation1_validateTimeAddress
Element is not Valid: Exception =Could not find element by: By.Id: ctl00_mainContentPlaceholder_SecureFinancialInformation1_combinedSSNRequired
Element is not Valid: Exception =Could not find element by: By.Id: ctl00_mainContentPlaceholder_SecureFinancialInformation1_DobRequired
Element is not Valid: Exception =Could not find element by: By.Id: ctl00_mainContentPlaceholder_SecureFinancialInformation1_AnnualIncomeField
Element is not Valid: Exception =Could not find element by: By.Id: ctl00_mainContentPlaceholder_SecureFinancialInformation1_ValidatorIDNumberRequired
Element is not Valid: Exception =Could not find element by: By.Id: ctl00_mainContentPlaceholder_SecureFinancialInformation1_ValidatorStateFieldRequired
Element is not Valid: Exception =Could not find element by: By.Id: ctl00_mainContentPlaceholder_SecureFinancialInformation1_RequiredExpirationDate
Element is not Valid: Exception =Could not find element by: By.Id: ctl00_mainContentPlaceholder_SecureFinancialInformation1_emailValidator
Element is not Valid: Exception =Could not find element by: By.Id: ctl00_mainContentPlaceholder_SecureFinancialInformation1_confirmEmailValidator
Element is not Valid: Exception =Could not find element by: By.Id: ctl00_mainContentPlaceholder_SecureFinancialInformation1_phoneNumberRequired
Element is not Valid: Exception =Could not find element by: By.Id: ctl00_mainContentPlaceholder_SecureFinancialInformation1_PhoneTypeListRequired
Element is not Valid: Exception =Could not find element by: By.Id: ctl00_mainContentPlaceholder_ContactInformation1_validatorFirstNameRequired
Element is not Valid: Exception =Could not find element by: By.Id: ctl00_mainContentPlaceholder_ContactInformation1_validatorLastNameValid
Element is not Valid: Exception =Could not find element by: By.Id: ctl00_mainContentPlaceholder_ContactInformation1_CustomValidatorAddress1
Element is not Valid: Exception =Could not find element by: By.Id: ctl00_mainContentPlaceholder_ContactInformation1_ValidatorZipCodeValid
Element is not Valid: Exception =Could not find element by: By.Id: ctl00_mainContentPlaceholder_SecureFinancialInformation1_DOBValidator
Element is not Valid: Exception =Could not find element by: By.Id: ctl00_mainContentPlaceholder_SecureFinancialInformation1_AnnualIncomeCustomValidator
Element is not Valid: Exception =Could not find element by: By.Id: ctl00_mainContentPlaceholder_SecureFinancialInformation1_ValidateIdExpiration
Element is not Valid: Exception =Could not find element by: By.Id: ctl00_mainContentPlaceholder_SecureFinancialInformation1_phoneNumberValidation
Element is not Valid: Exception =Could not find element by: By.Id: ctl00_mainContentPlaceholder_SecureFinancialInformation1_emailRegularExpression
Element is not Valid: Exception =Could not find element by: By.Id: ctl00_mainContentPlaceholder_SecureFinancialInformation1_emailComparison
Page loaded succesfully with URL = https://tsecure.dev.nordstrom.com/InstantCreditApproval/confirmation.aspx
Page loaded succesfully with URL = https://tsecure.dev.nordstrom.com/InstantCreditApproval/confirmation.aspx
Timed out waiting for element to be visible with locator: By.Id: AcceptRetailOnlyCard
Accept Retail Only Offer button is not loaded
Element Not found with the given locator (By.Id: AcceptVisaButton)
Element not found with given locator By.Id: AcceptVisaButton
Accept Visa card button is not rendered/found.
</DebugTrace>
        <ErrorInfo>
          <Message>Assert.IsTrue failed. Unable to navigate to the Credit Card Confirmation Page after accepting Visa Card</Message>
          <StackTrace>   at Nordstrom.Web.Test.UI.LoyaltyWeb.ApplyAndBuyTests.NavigateToCreditCardConfirmationPageThroughIca(ApplyAndBuyApplicationCardsCard applyAndBuyCardDetails, Boolean isUserRegistered, Boolean isVisaCard) in c:\LoyaltyWebTest\Web\Test\UI\LoyaltyWeb\LoyaltyWebTest\LoyaltyWebTest\ApplyAndBuyTests.cs:line 977
   at Nordstrom.Web.Test.UI.LoyaltyWeb.ApplyAndBuyTests.ApplyAndBuy_RegisteredUserNavigationToVisaCardConfirmationAndLinksVerification_LinksVerifiedSuccessfully() in c:\LoyaltyWebTest\Web\Test\UI\LoyaltyWeb\LoyaltyWebTest\LoyaltyWebTest\ApplyAndBuyTests.cs:line 375
</StackTrace>
        </ErrorInfo>
      </Output>
    </UnitTestResult>
    <UnitTestResult executionId="41fd5804-c627-48a8-8a0b-7b16557050d4" testId="5bea4530-c796-d98c-b37e-0bf9834bb016" testName="ApplyAndBuy_RegisteredUserNavigationToVisaCardConfirmationAndPageHeaderAndFooterLinksVerification_HeaderAndFooterLinksVerifiedSuccessfully" computerName="MW00977477" duration="00:00:52.1158498" startTime="2015-12-26T17:59:24.4199752-08:00" endTime="2015-12-26T18:00:16.5421869-08:00" testType="13cdc9d9-ddb5-4fa4-a97d-d965ccfc6d4b" outcome="Failed" testListId="8c84fa94-04c1-424b-9868-57a2d4851a1d" relativeResultsDirectory="41fd5804-c627-48a8-8a0b-7b16557050d4">
      <Output>
        <DebugTrace>Page loaded succesfully with URL = https://tsecure.dev.nordstrom.com/signIn.aspx
Page loaded succesfully with URL = https://tsecure.dev.nordstrom.com/signIn.aspx
Page loaded succesfully with URL = https://tsecure.dev.nordstrom.com/signIn.aspx
Page loaded succesfully with URL = https://tsecure.dev.nordstrom.com/signIn.aspx
WaitForElementToDisappear: progresss indicator appeared/went away
Element is not Valid: Exception =Could not find element by: By.Id: ctl00_mainContentPlaceHolder_accountProfileForm_validatorFirstNameRequired
Element is not Valid: Exception =Could not find element by: By.Id: ctl00_mainContentPlaceHolder_signIn_validatorEmailAddressRequired
Element is not Valid: Exception =Could not find element by: By.Id: ctl00_mainContentPlaceHolder_accountProfileForm_validatorEmail2Required
Element is not Valid: Exception =Could not find element by: By.Id: ctl00_mainContentPlaceHolder_signIn_validatorPasswordRequired
Element is not Valid: Exception =Could not find element by: By.Id: ctl00_mainContentPlaceHolder_accountProfileForm_validatorGenderRequired
Page loaded succesfully with URL = http://tshop.dev.nordstrom.com/c/rewards-cards?origin=footer
Page loaded succesfully with URL = https://tsecure.dev.nordstrom.com/InstantCreditApproval/ApplyForCredit.aspx?ProductSelectedForApplication=1
Page loaded succesfully with URL = https://tsecure.dev.nordstrom.com/InstantCreditApproval/ApplyForCredit.aspx?ProductSelectedForApplication=1
Page loaded succesfully with URL = https://tsecure.dev.nordstrom.com/InstantCreditApproval/ApplyForCredit.aspx?ProductSelectedForApplication=1
Element is not Valid: Exception =Could not find element by: By.Id: ctl00_mainContentPlaceholder_ContactInformation1_validatorFirstNameRequired
Element is not Valid: Exception =Could not find element by: By.Id: ctl00_mainContentPlaceholder_ContactInformation1_validatorLastNameRequired
Element is not Valid: Exception =Could not find element by: By.Id: ctl00_mainContentPlaceholder_ContactInformation1_validatorAddress1Required
Element is not Valid: Exception =Could not find element by: By.Id: ctl00_mainContentPlaceholder_ContactInformation1_validatorZipCodeRequired
Element is not Valid: Exception =Could not find element by: By.Id: ctl00_mainContentPlaceholder_ContactInformation1_validatorCityRequired
Element is not Valid: Exception =Could not find element by: By.Id: ctl00_mainContentPlaceholder_ContactInformation1_validatorStateProvinceRequired
Element is not Valid: Exception =Could not find element by: By.Id: ctl00_mainContentPlaceholder_ContactInformation1_validateTimeAddress
Element is not Valid: Exception =Could not find element by: By.Id: ctl00_mainContentPlaceholder_SecureFinancialInformation1_combinedSSNRequired
Element is not Valid: Exception =Could not find element by: By.Id: ctl00_mainContentPlaceholder_SecureFinancialInformation1_DobRequired
Element is not Valid: Exception =Could not find element by: By.Id: ctl00_mainContentPlaceholder_SecureFinancialInformation1_AnnualIncomeField
Element is not Valid: Exception =Could not find element by: By.Id: ctl00_mainContentPlaceholder_SecureFinancialInformation1_ValidatorIDNumberRequired
Element is not Valid: Exception =Could not find element by: By.Id: ctl00_mainContentPlaceholder_SecureFinancialInformation1_ValidatorStateFieldRequired
Element is not Valid: Exception =Could not find element by: By.Id: ctl00_mainContentPlaceholder_SecureFinancialInformation1_RequiredExpirationDate
Element is not Valid: Exception =Could not find element by: By.Id: ctl00_mainContentPlaceholder_SecureFinancialInformation1_emailValidator
Element is not Valid: Exception =Could not find element by: By.Id: ctl00_mainContentPlaceholder_SecureFinancialInformation1_confirmEmailValidator
Element is not Valid: Exception =Could not find element by: By.Id: ctl00_mainContentPlaceholder_SecureFinancialInformation1_phoneNumberRequired
Element is not Valid: Exception =Could not find element by: By.Id: ctl00_mainContentPlaceholder_SecureFinancialInformation1_PhoneTypeListRequired
Element is not Valid: Exception =Could not find element by: By.Id: ctl00_mainContentPlaceholder_ContactInformation1_validatorFirstNameRequired
Element is not Valid: Exception =Could not find element by: By.Id: ctl00_mainContentPlaceholder_ContactInformation1_validatorLastNameValid
Element is not Valid: Exception =Could not find element by: By.Id: ctl00_mainContentPlaceholder_ContactInformation1_CustomValidatorAddress1
Element is not Valid: Exception =Could not find element by: By.Id: ctl00_mainContentPlaceholder_ContactInformation1_ValidatorZipCodeValid
Element is not Valid: Exception =Could not find element by: By.Id: ctl00_mainContentPlaceholder_SecureFinancialInformation1_DOBValidator
Element is not Valid: Exception =Could not find element by: By.Id: ctl00_mainContentPlaceholder_SecureFinancialInformation1_AnnualIncomeCustomValidator
Element is not Valid: Exception =Could not find element by: By.Id: ctl00_mainContentPlaceholder_SecureFinancialInformation1_ValidateIdExpiration
Element is not Valid: Exception =Could not find element by: By.Id: ctl00_mainContentPlaceholder_SecureFinancialInformation1_phoneNumberValidation
Element is not Valid: Exception =Could not find element by: By.Id: ctl00_mainContentPlaceholder_SecureFinancialInformation1_emailRegularExpression
Element is not Valid: Exception =Could not find element by: By.Id: ctl00_mainContentPlaceholder_SecureFinancialInformation1_emailComparison
Page loaded succesfully with URL = https://tsecure.dev.nordstrom.com/InstantCreditApproval/confirmation.aspx
Page loaded succesfully with URL = https://tsecure.dev.nordstrom.com/InstantCreditApproval/confirmation.aspx
Timed out waiting for element to be visible with locator: By.Id: AcceptRetailOnlyCard
Accept Retail Only Offer button is not loaded
Element Not found with the given locator (By.Id: AcceptVisaButton)
Element not found with given locator By.Id: AcceptVisaButton
Accept Visa card button is not rendered/found.
</DebugTrace>
        <ErrorInfo>
          <Message>Assert.IsTrue failed. Unable to navigate to the Credit Card Confirmation Page after accepting Visa Card</Message>
          <StackTrace>   at Nordstrom.Web.Test.UI.LoyaltyWeb.ApplyAndBuyTests.NavigateToCreditCardConfirmationPageThroughIca(ApplyAndBuyApplicationCardsCard applyAndBuyCardDetails, Boolean isUserRegistered, Boolean isVisaCard) in c:\LoyaltyWebTest\Web\Test\UI\LoyaltyWeb\LoyaltyWebTest\LoyaltyWebTest\ApplyAndBuyTests.cs:line 977
   at Nordstrom.Web.Test.UI.LoyaltyWeb.ApplyAndBuyTests.ApplyAndBuy_RegisteredUserNavigationToVisaCardConfirmationAndPageHeaderAndFooterLinksVerification_HeaderAndFooterLinksVerifiedSuccessfully() in c:\LoyaltyWebTest\Web\Test\UI\LoyaltyWeb\LoyaltyWebTest\LoyaltyWebTest\ApplyAndBuyTests.cs:line 362
</StackTrace>
        </ErrorInfo>
      </Output>
    </UnitTestResult>
    <UnitTestResult executionId="94d8cc07-3a8b-4eb6-b188-fb9e10a1fc91" testId="ea181725-304e-4cc4-8bcb-5182bd646448" testName="ApplyAndBuy_RegisteredUserNavigationToVisaCardOfferPageAndLinkVerification_SeeMoreBenefitsLinkVerifiedSuccessfully" computerName="MW00977477" duration="00:01:02.8664075" startTime="2015-12-26T18:00:16.5441871-08:00" endTime="2015-12-26T18:01:19.4164737-08:00" testType="13cdc9d9-ddb5-4fa4-a97d-d965ccfc6d4b" outcome="Failed" testListId="8c84fa94-04c1-424b-9868-57a2d4851a1d" relativeResultsDirectory="94d8cc07-3a8b-4eb6-b188-fb9e10a1fc91">
      <Output>
        <DebugTrace>Page loaded succesfully with URL = https://tsecure.dev.nordstrom.com/signIn.aspx
Page loaded succesfully with URL = https://tsecure.dev.nordstrom.com/signIn.aspx
Page loaded succesfully with URL = https://tsecure.dev.nordstrom.com/signIn.aspx
Page loaded succesfully with URL = https://tsecure.dev.nordstrom.com/signIn.aspx
WaitForElementToDisappear: progresss indicator appeared/went away
Element is not Valid: Exception =Could not find element by: By.Id: ctl00_mainContentPlaceHolder_accountProfileForm_validatorFirstNameRequired
Element is not Valid: Exception =Could not find element by: By.Id: ctl00_mainContentPlaceHolder_signIn_validatorEmailAddressRequired
Element is not Valid: Exception =Could not find element by: By.Id: ctl00_mainContentPlaceHolder_accountProfileForm_validatorEmail2Required
Element is not Valid: Exception =Could not find element by: By.Id: ctl00_mainContentPlaceHolder_signIn_validatorPasswordRequired
Element is not Valid: Exception =Could not find element by: By.Id: ctl00_mainContentPlaceHolder_accountProfileForm_validatorGenderRequired
Page loaded succesfully with URL = http://tshop.dev.nordstrom.com/c/rewards-cards?origin=footer
Page loaded succesfully with URL = https://tsecure.dev.nordstrom.com/InstantCreditApproval/ApplyForCredit.aspx?ProductSelectedForApplication=1
Page loaded succesfully with URL = https://tsecure.dev.nordstrom.com/InstantCreditApproval/ApplyForCredit.aspx?ProductSelectedForApplication=1
Page loaded succesfully with URL = https://tsecure.dev.nordstrom.com/InstantCreditApproval/ApplyForCredit.aspx?ProductSelectedForApplication=1
Element is not Valid: Exception =Could not find element by: By.Id: ctl00_mainContentPlaceholder_ContactInformation1_validatorFirstNameRequired
Element is not Valid: Exception =Could not find element by: By.Id: ctl00_mainContentPlaceholder_ContactInformation1_validatorLastNameRequired
Element is not Valid: Exception =Could not find element by: By.Id: ctl00_mainContentPlaceholder_ContactInformation1_validatorAddress1Required
Element is not Valid: Exception =Could not find element by: By.Id: ctl00_mainContentPlaceholder_ContactInformation1_validatorZipCodeRequired
Element is not Valid: Exception =Could not find element by: By.Id: ctl00_mainContentPlaceholder_ContactInformation1_validatorCityRequired
Element is not Valid: Exception =Could not find element by: By.Id: ctl00_mainContentPlaceholder_ContactInformation1_validatorStateProvinceRequired
Element is not Valid: Exception =Could not find element by: By.Id: ctl00_mainContentPlaceholder_ContactInformation1_validateTimeAddress
Element is not Valid: Exception =Could not find element by: By.Id: ctl00_mainContentPlaceholder_SecureFinancialInformation1_combinedSSNRequired
Element is not Valid: Exception =Could not find element by: By.Id: ctl00_mainContentPlaceholder_SecureFinancialInformation1_DobRequired
Element is not Valid: Exception =Could not find element by: By.Id: ctl00_mainContentPlaceholder_SecureFinancialInformation1_AnnualIncomeField
Element is not Valid: Exception =Could not find element by: By.Id: ctl00_mainContentPlaceholder_SecureFinancialInformation1_ValidatorIDNumberRequired
Element is not Valid: Exception =Could not find element by: By.Id: ctl00_mainContentPlaceholder_SecureFinancialInformation1_ValidatorStateFieldRequired
Element is not Valid: Exception =Could not find element by: By.Id: ctl00_mainContentPlaceholder_SecureFinancialInformation1_RequiredExpirationDate
Element is not Valid: Exception =Could not find element by: By.Id: ctl00_mainContentPlaceholder_SecureFinancialInformation1_emailValidator
Element is not Valid: Exception =Could not find element by: By.Id: ctl00_mainContentPlaceholder_SecureFinancialInformation1_confirmEmailValidator
Element is not Valid: Exception =Could not find element by: By.Id: ctl00_mainContentPlaceholder_SecureFinancialInformation1_phoneNumberRequired
Element is not Valid: Exception =Could not find element by: By.Id: ctl00_mainContentPlaceholder_SecureFinancialInformation1_PhoneTypeListRequired
Element is not Valid: Exception =Could not find element by: By.Id: ctl00_mainContentPlaceholder_ContactInformation1_validatorFirstNameRequired
Element is not Valid: Exception =Could not find element by: By.Id: ctl00_mainContentPlaceholder_ContactInformation1_validatorLastNameValid
Element is not Valid: Exception =Could not find element by: By.Id: ctl00_mainContentPlaceholder_ContactInformation1_CustomValidatorAddress1
Element is not Valid: Exception =Could not find element by: By.Id: ctl00_mainContentPlaceholder_ContactInformation1_ValidatorZipCodeValid
Element is not Valid: Exception =Could not find element by: By.Id: ctl00_mainContentPlaceholder_SecureFinancialInformation1_DOBValidator
Element is not Valid: Exception =Could not find element by: By.Id: ctl00_mainContentPlaceholder_SecureFinancialInformation1_AnnualIncomeCustomValidator
Element is not Valid: Exception =Could not find element by: By.Id: ctl00_mainContentPlaceholder_SecureFinancialInformation1_ValidateIdExpiration
Element is not Valid: Exception =Could not find element by: By.Id: ctl00_mainContentPlaceholder_SecureFinancialInformation1_phoneNumberValidation
Element is not Valid: Exception =Could not find element by: By.Id: ctl00_mainContentPlaceholder_SecureFinancialInformation1_emailRegularExpression
Element is not Valid: Exception =Could not find element by: By.Id: ctl00_mainContentPlaceholder_SecureFinancialInformation1_emailComparison
Page loaded succesfully with URL = https://tsecure.dev.nordstrom.com/InstantCreditApproval/confirmation.aspx
Page loaded succesfully with URL = https://tsecure.dev.nordstrom.com/InstantCreditApproval/confirmation.aspx
Timed out waiting for element to be visible with locator: By.Id: AcceptRetailOnlyCard
Accept Retail Only Offer button is not loaded
Timed out waiting for element to be visible with locator: By.CssSelector: a[href*='ShowCreditBenefits']
See More Benefits Link For Visa Card is not visible
</DebugTrace>
        <ErrorInfo>
          <Message>Assert.IsTrue failed. Visa See More Benefits Link is not verified successfully</Message>
          <StackTrace>   at Nordstrom.Web.Test.UI.LoyaltyWeb.ApplyAndBuyTests.ApplyAndBuy_RegisteredUserNavigationToVisaCardOfferPageAndLinkVerification_SeeMoreBenefitsLinkVerifiedSuccessfully() in c:\LoyaltyWebTest\Web\Test\UI\LoyaltyWeb\LoyaltyWebTest\LoyaltyWebTest\ApplyAndBuyTests.cs:line 422
</StackTrace>
        </ErrorInfo>
      </Output>
    </UnitTestResult>
    <UnitTestResult executionId="ce4eef9e-d4c3-477c-b8c4-e5ce8ca01fe4" testId="2820d625-609e-8df1-be2e-54f45f94116b" testName="NavigationToLoyaltyWebPage_TenderNeutralEnrollAssociationFeatureFlagOn_UserLandOnLoyaltyWebPageSuccessful" computerName="MW00977477" duration="00:00:24.4537344" startTime="2015-12-26T18:01:19.4194740-08:00" endTime="2015-12-26T18:01:43.8789197-08:00" testType="13cdc9d9-ddb5-4fa4-a97d-d965ccfc6d4b" outcome="Passed" testListId="8c84fa94-04c1-424b-9868-57a2d4851a1d" relativeResultsDirectory="ce4eef9e-d4c3-477c-b8c4-e5ce8ca01fe4">
      <Output>
        <DebugTrace>Page loaded succesfully with URL = https://tsecure.dev.nordstrom.com/Rewards/association.aspx
Page loaded succesfully with URL = https://tsecure.dev.nordstrom.com/Rewards/association.aspx
</DebugTrace>
      </Output>
    </UnitTestResult>
    <UnitTestResult executionId="5220e599-6d85-4380-94f7-8880ec4a2fd8" testId="4510ccf7-36db-8e02-5028-6ef595ef9238" testName="TenderNeutralAssociation_AlreadyAssociatedEnrolledCustomerComesToAssociationPageAsRecognizedUser_ShouldGetYouAreSetMessage" computerName="MW00977477" duration="00:00:34.1471941" startTime="2015-12-26T18:01:43.8809199-08:00" endTime="2015-12-26T18:02:18.0343349-08:00" testType="13cdc9d9-ddb5-4fa4-a97d-d965ccfc6d4b" outcome="Failed" testListId="8c84fa94-04c1-424b-9868-57a2d4851a1d" relativeResultsDirectory="5220e599-6d85-4380-94f7-8880ec4a2fd8">
      <Output>
        <DebugTrace>Store customer is successfully created.Page loaded succesfully with URL = https://tsecure.dev.nordstrom.com/Rewards/association.aspx
Page loaded succesfully with URL = https://tsecure.dev.nordstrom.com/Rewards/association.aspx
Page loaded succesfully with URL = https://tsecure.dev.nordstrom.com/Rewards/association.aspx
Page loaded succesfully with URL = https://tsecure.dev.nordstrom.com/Rewards/association.aspx
Page loaded succesfully with URL = https://tsecure.dev.nordstrom.com/Rewards/association.aspx
Page loaded succesfully with URL = https://tsecure.dev.nordstrom.com/Rewards/association.aspx
Failed to set focus for the control with locator 'By.Id: txtUserPassword'
element not visible
  (Session info: chrome=47.0.2526.106)
  (Driver info: chromedriver=2.20.353145 (343b531d31eeb933ec778dbcf7081628a1396067),platform=Windows NT 6.1 SP1 x86_64)
</DebugTrace>
        <ErrorInfo>
          <Message>Test method Nordstrom.Web.Test.UI.LoyaltyWeb.LoyaltyAssociationTests.TenderNeutralAssociation_AlreadyAssociatedEnrolledCustomerComesToAssociationPageAsRecognizedUser_ShouldGetYouAreSetMessage threw exception: 
OpenQA.Selenium.InvalidElementStateException: invalid element state: Element is not currently interactable and may not be manipulated
  (Session info: chrome=47.0.2526.106)
  (Driver info: chromedriver=2.20.353145 (343b531d31eeb933ec778dbcf7081628a1396067),platform=Windows NT 6.1 SP1 x86_64)</Message>
          <StackTrace>    at OpenQA.Selenium.Remote.RemoteWebDriver.UnpackAndThrowOnError(Response errorResponse)
   at OpenQA.Selenium.Remote.RemoteWebDriver.Execute(String driverCommandToExecute, Dictionary`2 parameters)
   at OpenQA.Selenium.Remote.RemoteWebElement.Clear()
   at Nordstrom.ECommerce.Test.SeleniumHelper.SeleniumActionHelper.SendKeys(String text, By locator, IWebElement element, Boolean clearField)
   at Nordstrom.Web.Test.UI.Common.PageObjects.LoyaltyAssociationPage.FillTheForm(UsersUser enrolledUser, UserType type, String confirmPasswordString) in c:\LoyaltyWebTest\Web\Test\UI\Common\PageObjects\LoyaltyAssociationPage.cs:line 253
   at Nordstrom.Web.Test.UI.LoyaltyWeb.LoyaltyAssociationTests.TenderNeutralAssociation_AlreadyAssociatedEnrolledCustomerComesToAssociationPageAsRecognizedUser_ShouldGetYouAreSetMessage() in c:\LoyaltyWebTest\Web\Test\UI\LoyaltyWeb\LoyaltyWebTest\LoyaltyWebTest\LoyaltyAssociationTests.cs:line 223
</StackTrace>
        </ErrorInfo>
      </Output>
    </UnitTestResult>
    <UnitTestResult executionId="2522a82c-dd43-487e-bf13-1bcc16d81ae4" testId="523b92f4-898d-7cc7-e689-d5975b8374ee" testName="TenderNeutralAssociation_AssociatedEnrollMemberTryToAssociateAgain_ShouldGetRightMessage" computerName="MW00977477" duration="00:00:56.0093978" startTime="2015-12-26T18:02:18.0363351-08:00" endTime="2015-12-26T18:03:14.0529362-08:00" testType="13cdc9d9-ddb5-4fa4-a97d-d965ccfc6d4b" outcome="Failed" testListId="8c84fa94-04c1-424b-9868-57a2d4851a1d" relativeResultsDirectory="2522a82c-dd43-487e-bf13-1bcc16d81ae4">
      <Output>
        <DebugTrace>Store customer is successfully created.Page loaded succesfully with URL = https://tsecure.dev.nordstrom.com/Rewards/association.aspx
Page loaded succesfully with URL = https://tsecure.dev.nordstrom.com/Rewards/association.aspx
Page loaded succesfully with URL = https://tsecure.dev.nordstrom.com/Rewards/association.aspx
Page loaded succesfully with URL = https://tsecure.dev.nordstrom.com/Rewards/association.aspx
Element Not found with the given locator (By.LinkText: Sign Out)
Element not found with given locator By.LinkText: Sign Out
Element Not found with the given locator (By.LinkText: Not You?)
Element not found with given locator By.LinkText: Not You?
Page loaded succesfully with URL = https://tsecure.dev.nordstrom.com/Rewards/association.aspx
Page loaded succesfully with URL = https://tsecure.dev.nordstrom.com/Rewards/association.aspx
Page loaded succesfully with URL = https://tsecure.dev.nordstrom.com/Rewards/association.aspx
Timed out waiting for element to be visible with locator: By.Id: ctl00_mainContentPlaceHolder_lblEmailErrorMessage
Existing Web account message is not shown in Assocation page.
</DebugTrace>
        <ErrorInfo>
          <Message>Assert.IsTrue failed. The existing email user typed does not trigger the message shown.</Message>
          <StackTrace>   at Nordstrom.Web.Test.UI.LoyaltyWeb.LoyaltyAssociationTests.TenderNeutralAssociation_AssociatedEnrollMemberTryToAssociateAgain_ShouldGetRightMessage() in c:\LoyaltyWebTest\Web\Test\UI\LoyaltyWeb\LoyaltyWebTest\LoyaltyWebTest\LoyaltyAssociationTests.cs:line 198
</StackTrace>
        </ErrorInfo>
      </Output>
    </UnitTestResult>
    <UnitTestResult executionId="ab445e5a-2108-4da5-960d-4736e38b093b" testId="ff928513-162d-e085-f145-dee35035d811" testName="TenderNeutralAssociation_AuthenticateddUserEnrolledFromStoreGoToWebAssociationPage_ShouldSucceed" computerName="MW00977477" duration="00:00:57.5279560" startTime="2015-12-26T18:03:14.0549364-08:00" endTime="2015-12-26T18:04:11.5896893-08:00" testType="13cdc9d9-ddb5-4fa4-a97d-d965ccfc6d4b" outcome="Passed" testListId="8c84fa94-04c1-424b-9868-57a2d4851a1d" relativeResultsDirectory="ab445e5a-2108-4da5-960d-4736e38b093b">
      <Output>
        <DebugTrace>Page loaded succesfully with URL = https://tsecure.dev.nordstrom.com/signIn.aspx
Page loaded succesfully with URL = https://tsecure.dev.nordstrom.com/signIn.aspx
Page loaded succesfully with URL = https://tsecure.dev.nordstrom.com/signIn.aspx
Page loaded succesfully with URL = https://tsecure.dev.nordstrom.com/signIn.aspx
Timed out waiting for element to be visible with locator: By.CssSelector: #ctl00_backgroundOverlay
WaitForElementToDisappear: Given Locator did not appear after 10 seconds - but ok - locator id: By.CssSelector: #ctl00_backgroundOverlay
Timed out waiting for element to be visible with locator: By.LinkText: Sign Out
Timed out waiting for element to be visible with locator: By.LinkText: Sign Out
VerifyCreatedAccount: sign out link is not visible
CreateNordAccount: Exception occured when creating new account: exception = 'Assert.IsTrue failed. Verify a new account has been created successfully'
Store customer is successfully created.Page loaded succesfully with URL = https://tsecure.dev.nordstrom.com/Rewards/association.aspx
Page loaded succesfully with URL = https://tsecure.dev.nordstrom.com/Rewards/association.aspx
Page loaded succesfully with URL = https://tsecure.dev.nordstrom.com/Rewards/association.aspx
Page loaded succesfully with URL = https://tsecure.dev.nordstrom.com/Rewards/association.aspx
</DebugTrace>
      </Output>
    </UnitTestResult>
    <UnitTestResult executionId="5ac9f4d4-19c3-47ec-a562-14fc58fbf027" testId="56bc2a30-7431-366f-3cd8-0390dd04c1b6" testName="TenderNeutralAssociation_AuthenticatedUser_ConfirmationForNordAccountAndRewardsMembershipSuccessfullyLinked" computerName="MW00977477" duration="00:00:56.9573152" startTime="2015-12-26T18:04:11.5916895-08:00" endTime="2015-12-26T18:05:08.5573855-08:00" testType="13cdc9d9-ddb5-4fa4-a97d-d965ccfc6d4b" outcome="Failed" testListId="8c84fa94-04c1-424b-9868-57a2d4851a1d" relativeResultsDirectory="5ac9f4d4-19c3-47ec-a562-14fc58fbf027">
      <Output>
        <DebugTrace>Page loaded succesfully with URL = https://tsecure.dev.nordstrom.com/signIn.aspx
Page loaded succesfully with URL = https://tsecure.dev.nordstrom.com/signIn.aspx
Page loaded succesfully with URL = https://tsecure.dev.nordstrom.com/signIn.aspx
Page loaded succesfully with URL = https://tsecure.dev.nordstrom.com/signIn.aspx
Timed out waiting for element to be visible with locator: By.CssSelector: #ctl00_backgroundOverlay
WaitForElementToDisappear: Given Locator did not appear after 10 seconds - but ok - locator id: By.CssSelector: #ctl00_backgroundOverlay
Timed out waiting for element to be visible with locator: By.LinkText: Sign Out
Timed out waiting for element to be visible with locator: By.LinkText: Sign Out
VerifyCreatedAccount: sign out link is not visible
CreateNordAccount: Exception occured when creating new account: exception = 'Assert.IsTrue failed. Verify a new account has been created successfully'
Store customer is successfully created.Page loaded succesfully with URL = https://tsecure.dev.nordstrom.com/Rewards/association.aspx
Page loaded succesfully with URL = https://tsecure.dev.nordstrom.com/Rewards/association.aspx
</DebugTrace>
        <ErrorInfo>
          <Message>Test method Nordstrom.Web.Test.UI.LoyaltyWeb.LoyaltyAssociationTests.TenderNeutralAssociation_AuthenticatedUser_ConfirmationForNordAccountAndRewardsMembershipSuccessfullyLinked threw exception: 
System.InvalidOperationException: The certificate dwtcuscs is not present in the trusted root certificate authority.</Message>
          <StackTrace>    at Nordstrom.Web.Test.UI.LoyaltyWeb.HelperExtensions.GetCertificate() in c:\LoyaltyWebTest\Web\Test\UI\LoyaltyWeb\LoyaltyWebTest\LoyaltyWebTest\HelperExtensions.cs:line 420
   at Nordstrom.Web.Test.UI.LoyaltyWeb.HelperExtensions.CallCivsAPIToGetAValidCode(String phoneNumber) in c:\LoyaltyWebTest\Web\Test\UI\LoyaltyWeb\LoyaltyWebTest\LoyaltyWebTest\HelperExtensions.cs:line 350
   at Nordstrom.Web.Test.UI.LoyaltyWeb.LoyaltyAssociationTests.TenderNeutralAssociation_AuthenticatedUser_ConfirmationForNordAccountAndRewardsMembershipSuccessfullyLinked() in c:\LoyaltyWebTest\Web\Test\UI\LoyaltyWeb\LoyaltyWebTest\LoyaltyWebTest\LoyaltyAssociationTests.cs:line 414
</StackTrace>
        </ErrorInfo>
      </Output>
    </UnitTestResult>
    <UnitTestResult executionId="b4c6e36b-578e-473b-ab51-5dba7c632f7d" testId="e1e324d5-1895-b2a5-51fc-f5669f42b364" testName="TenderNeutralAssociation_AuthenticatedUserEnrolledinLoyaltyFromServiceCenterToToWebAssociationPage_ShouldSucceed" computerName="MW00977477" duration="00:00:54.7442169" startTime="2015-12-26T18:05:08.5613859-08:00" endTime="2015-12-26T18:06:03.3108603-08:00" testType="13cdc9d9-ddb5-4fa4-a97d-d965ccfc6d4b" outcome="Failed" testListId="8c84fa94-04c1-424b-9868-57a2d4851a1d" relativeResultsDirectory="b4c6e36b-578e-473b-ab51-5dba7c632f7d">
      <Output>
        <DebugTrace>Page loaded succesfully with URL = https://tsecure.dev.nordstrom.com/signIn.aspx
Page loaded succesfully with URL = https://tsecure.dev.nordstrom.com/signIn.aspx
Page loaded succesfully with URL = https://tsecure.dev.nordstrom.com/signIn.aspx
Page loaded succesfully with URL = https://tsecure.dev.nordstrom.com/signIn.aspx
Timed out waiting for element to be visible with locator: By.CssSelector: #ctl00_backgroundOverlay
WaitForElementToDisappear: Given Locator did not appear after 10 seconds - but ok - locator id: By.CssSelector: #ctl00_backgroundOverlay
Timed out waiting for element to be visible with locator: By.LinkText: Sign Out
Timed out waiting for element to be visible with locator: By.LinkText: Sign Out
VerifyCreatedAccount: sign out link is not visible
CreateNordAccount: Exception occured when creating new account: exception = 'Assert.IsTrue failed. Verify a new account has been created successfully'
</DebugTrace>
        <ErrorInfo>
          <Message>Test method Nordstrom.Web.Test.UI.LoyaltyWeb.LoyaltyAssociationTests.TenderNeutralAssociation_AuthenticatedUserEnrolledinLoyaltyFromServiceCenterToToWebAssociationPage_ShouldSucceed threw exception: 
System.Net.WebException: The remote server returned an error: (500) Internal Server Error.</Message>
          <StackTrace>    at System.Net.HttpWebRequest.GetResponse()
   at Nordstrom.Web.Test.UI.LoyaltyWeb.HelperExtensions.CreateServiceCenterCustomer(UsersUser testUser) in c:\LoyaltyWebTest\Web\Test\UI\LoyaltyWeb\LoyaltyWebTest\LoyaltyWebTest\HelperExtensions.cs:line 331
   at Nordstrom.Web.Test.UI.LoyaltyWeb.LoyaltyAssociationTests.TenderNeutralAssociation_AuthenticatedUserEnrolledinLoyaltyFromServiceCenterToToWebAssociationPage_ShouldSucceed() in c:\LoyaltyWebTest\Web\Test\UI\LoyaltyWeb\LoyaltyWebTest\LoyaltyWebTest\LoyaltyAssociationTests.cs:line 114
</StackTrace>
        </ErrorInfo>
      </Output>
    </UnitTestResult>
    <UnitTestResult executionId="56a7dd6c-793c-4ecf-861f-d142473cc309" testId="420b8e42-f39e-d346-0c12-1e07533b1984" testName="TenderNeutralAssociation_ClickOnLinksAndLogosRedirectedToCorresponingPageForAuthenticatedUser" computerName="MW00977477" duration="00:00:57.4063719" startTime="2015-12-26T18:06:03.3128605-08:00" endTime="2015-12-26T18:07:00.7256012-08:00" testType="13cdc9d9-ddb5-4fa4-a97d-d965ccfc6d4b" outcome="Failed" testListId="8c84fa94-04c1-424b-9868-57a2d4851a1d" relativeResultsDirectory="56a7dd6c-793c-4ecf-861f-d142473cc309">
      <Output>
        <DebugTrace>Page loaded succesfully with URL = https://tsecure.dev.nordstrom.com/signIn.aspx
Page loaded succesfully with URL = https://tsecure.dev.nordstrom.com/signIn.aspx
Page loaded succesfully with URL = https://tsecure.dev.nordstrom.com/signIn.aspx
Page loaded succesfully with URL = https://tsecure.dev.nordstrom.com/signIn.aspx
Timed out waiting for element to be visible with locator: By.CssSelector: #ctl00_backgroundOverlay
WaitForElementToDisappear: Given Locator did not appear after 10 seconds - but ok - locator id: By.CssSelector: #ctl00_backgroundOverlay
Timed out waiting for element to be visible with locator: By.LinkText: Sign Out
Timed out waiting for element to be visible with locator: By.LinkText: Sign Out
VerifyCreatedAccount: sign out link is not visible
CreateNordAccount: Exception occured when creating new account: exception = 'Assert.IsTrue failed. Verify a new account has been created successfully'
Store customer is successfully created.Page loaded succesfully with URL = https://tsecure.dev.nordstrom.com/Rewards/association.aspx
Page loaded succesfully with URL = https://tsecure.dev.nordstrom.com/Rewards/association.aspx
</DebugTrace>
        <ErrorInfo>
          <Message>Test method Nordstrom.Web.Test.UI.LoyaltyWeb.LoyaltyAssociationTests.TenderNeutralAssociation_ClickOnLinksAndLogosRedirectedToCorresponingPageForAuthenticatedUser threw exception: 
System.InvalidOperationException: The certificate dwtcuscs is not present in the trusted root certificate authority.</Message>
          <StackTrace>    at Nordstrom.Web.Test.UI.LoyaltyWeb.HelperExtensions.GetCertificate() in c:\LoyaltyWebTest\Web\Test\UI\LoyaltyWeb\LoyaltyWebTest\LoyaltyWebTest\HelperExtensions.cs:line 420
   at Nordstrom.Web.Test.UI.LoyaltyWeb.HelperExtensions.CallCivsAPIToGetAValidCode(String phoneNumber) in c:\LoyaltyWebTest\Web\Test\UI\LoyaltyWeb\LoyaltyWebTest\LoyaltyWebTest\HelperExtensions.cs:line 350
   at Nordstrom.Web.Test.UI.LoyaltyWeb.LoyaltyAssociationTests.TenderNeutralAssociation_ClickOnLinksAndLogosRedirectedToCorresponingPageForAuthenticatedUser() in c:\LoyaltyWebTest\Web\Test\UI\LoyaltyWeb\LoyaltyWebTest\LoyaltyWebTest\LoyaltyAssociationTests.cs:line 434
</StackTrace>
        </ErrorInfo>
      </Output>
    </UnitTestResult>
    <UnitTestResult executionId="2e5eafbb-53ef-44ed-a731-fd90b11114c8" testId="ddc0ef36-7f91-531c-b15e-3ce594d4effc" testName="TenderNeutralAssociation_EnrolledCustomerComesToAssociationPageUsingDifferentPhoneNumber_ShouldGetErrorMessage" computerName="MW00977477" duration="00:00:38.9077644" startTime="2015-12-26T18:07:00.7276014-08:00" endTime="2015-12-26T18:07:39.6394922-08:00" testType="13cdc9d9-ddb5-4fa4-a97d-d965ccfc6d4b" outcome="Failed" testListId="8c84fa94-04c1-424b-9868-57a2d4851a1d" relativeResultsDirectory="2e5eafbb-53ef-44ed-a731-fd90b11114c8">
      <Output>
        <DebugTrace>Store customer is successfully created.Page loaded succesfully with URL = https://tsecure.dev.nordstrom.com/Rewards/association.aspx
Page loaded succesfully with URL = https://tsecure.dev.nordstrom.com/Rewards/association.aspx
Timed out waiting for element to be visible with locator: By.Id: subMessageHeader
Message is not shown
</DebugTrace>
        <ErrorInfo>
          <Message>Assert.IsTrue failed. Error phone message is not shown properly.</Message>
          <StackTrace>   at Nordstrom.Web.Test.UI.LoyaltyWeb.LoyaltyAssociationTests.TenderNeutralAssociation_EnrolledCustomerComesToAssociationPageUsingDifferentPhoneNumber_ShouldGetErrorMessage() in c:\LoyaltyWebTest\Web\Test\UI\LoyaltyWeb\LoyaltyWebTest\LoyaltyWebTest\LoyaltyAssociationTests.cs:line 275
</StackTrace>
        </ErrorInfo>
      </Output>
    </UnitTestResult>
    <UnitTestResult executionId="40676853-5991-4e52-bd68-9835838b5656" testId="bf20d9b1-26e6-819b-2980-c3bcb8cd5366" testName="TenderNeutralAssociation_ExistingLoyaltyCustomerComesToAssociationPageUsingDifferentWebAccount_ShouldGetErrorMessage" computerName="MW00977477" duration="00:00:35.7321055" startTime="2015-12-26T18:07:39.6414924-08:00" endTime="2015-12-26T18:08:15.3780657-08:00" testType="13cdc9d9-ddb5-4fa4-a97d-d965ccfc6d4b" outcome="Failed" testListId="8c84fa94-04c1-424b-9868-57a2d4851a1d" relativeResultsDirectory="40676853-5991-4e52-bd68-9835838b5656">
      <Output>
        <DebugTrace>Store customer is successfully created.Page loaded succesfully with URL = https://tsecure.dev.nordstrom.com/Rewards/association.aspx
Page loaded succesfully with URL = https://tsecure.dev.nordstrom.com/Rewards/association.aspx
Timed out waiting for element to be visible with locator: By.Id: ctl00_mainContentPlaceHolder_lblEmailErrorMessage
Message is not shown
</DebugTrace>
        <ErrorInfo>
          <Message>Assert.IsTrue failed. Error email  message is not shown properly.</Message>
          <StackTrace>   at Nordstrom.Web.Test.UI.LoyaltyWeb.LoyaltyAssociationTests.TenderNeutralAssociation_ExistingLoyaltyCustomerComesToAssociationPageUsingDifferentWebAccount_ShouldGetErrorMessage() in c:\LoyaltyWebTest\Web\Test\UI\LoyaltyWeb\LoyaltyWebTest\LoyaltyWebTest\LoyaltyAssociationTests.cs:line 252
</StackTrace>
        </ErrorInfo>
      </Output>
    </UnitTestResult>
    <UnitTestResult executionId="46ce3c01-d3be-477d-b09b-d5bfdd6a7add" testId="191d4ad9-bdce-2138-a783-33aefedbfec7" testName="TenderNeutralAssociation_GuestUserEnrolledInLoyatyProgramFromServiceCenterGotoAssociationPage_ShouldSucceed" computerName="MW00977477" duration="00:00:14.0144135" startTime="2015-12-26T18:08:15.3800659-08:00" endTime="2015-12-26T18:08:29.3994677-08:00" testType="13cdc9d9-ddb5-4fa4-a97d-d965ccfc6d4b" outcome="Failed" testListId="8c84fa94-04c1-424b-9868-57a2d4851a1d" relativeResultsDirectory="46ce3c01-d3be-477d-b09b-d5bfdd6a7add">
      <Output>
        <ErrorInfo>
          <Message>Test method Nordstrom.Web.Test.UI.LoyaltyWeb.LoyaltyAssociationTests.TenderNeutralAssociation_GuestUserEnrolledInLoyatyProgramFromServiceCenterGotoAssociationPage_ShouldSucceed threw exception: 
System.Net.WebException: The remote server returned an error: (500) Internal Server Error.</Message>
          <StackTrace>    at System.Net.HttpWebRequest.GetResponse()
   at Nordstrom.Web.Test.UI.LoyaltyWeb.HelperExtensions.CreateServiceCenterCustomer(UsersUser testUser) in c:\LoyaltyWebTest\Web\Test\UI\LoyaltyWeb\LoyaltyWebTest\LoyaltyWebTest\HelperExtensions.cs:line 331
   at Nordstrom.Web.Test.UI.LoyaltyWeb.LoyaltyAssociationTests.TenderNeutralAssociation_GuestUserEnrolledInLoyatyProgramFromServiceCenterGotoAssociationPage_ShouldSucceed() in c:\LoyaltyWebTest\Web\Test\UI\LoyaltyWeb\LoyaltyWebTest\LoyaltyWebTest\LoyaltyAssociationTests.cs:line 73
</StackTrace>
        </ErrorInfo>
      </Output>
    </UnitTestResult>
    <UnitTestResult executionId="9cf13fbd-f273-498b-9b87-834316f4811a" testId="f99a3847-1f69-481e-31a1-d2fbcc2facd4" testName="TenderNeutralAssociation_PageContentShouldBeloadedSuccessfully" computerName="MW00977477" duration="00:00:20.3283567" startTime="2015-12-26T18:08:29.4014679-08:00" endTime="2015-12-26T18:08:49.7335009-08:00" testType="13cdc9d9-ddb5-4fa4-a97d-d965ccfc6d4b" outcome="Passed" testListId="8c84fa94-04c1-424b-9868-57a2d4851a1d" relativeResultsDirectory="9cf13fbd-f273-498b-9b87-834316f4811a">
      <Output>
        <DebugTrace>Page loaded succesfully with URL = https://tsecure.dev.nordstrom.com/Rewards/association.aspx
Page loaded succesfully with URL = https://tsecure.dev.nordstrom.com/Rewards/association.aspx
</DebugTrace>
      </Output>
    </UnitTestResult>
    <UnitTestResult executionId="abc8da1e-2a2c-49fc-bc4c-33cfa8c3670c" testId="0e2f18c3-d10a-4d1b-1605-98e29230b088" testName="TenderNeutralAssociation_RecognizedUserEnrolledFromStoreGoToWebAssociationPage_ShouldSucceed" computerName="MW00977477" duration="00:00:59.7559549" startTime="2015-12-26T18:08:49.7355011-08:00" endTime="2015-12-26T18:09:49.4984768-08:00" testType="13cdc9d9-ddb5-4fa4-a97d-d965ccfc6d4b" outcome="Failed" testListId="8c84fa94-04c1-424b-9868-57a2d4851a1d" relativeResultsDirectory="abc8da1e-2a2c-49fc-bc4c-33cfa8c3670c">
      <Output>
        <DebugTrace>Page loaded succesfully with URL = https://tsecure.dev.nordstrom.com/signIn.aspx
Page loaded succesfully with URL = https://tsecure.dev.nordstrom.com/signIn.aspx
Page loaded succesfully with URL = https://tsecure.dev.nordstrom.com/signIn.aspx
Page loaded succesfully with URL = https://tsecure.dev.nordstrom.com/signIn.aspx
Timed out waiting for element to be visible with locator: By.CssSelector: #ctl00_backgroundOverlay
WaitForElementToDisappear: Given Locator did not appear after 10 seconds - but ok - locator id: By.CssSelector: #ctl00_backgroundOverlay
Timed out waiting for element to be visible with locator: By.LinkText: Sign Out
Timed out waiting for element to be visible with locator: By.LinkText: Sign Out
VerifyCreatedAccount: sign out link is not visible
CreateNordAccount: Exception occured when creating new account: exception = 'Assert.IsTrue failed. Verify a new account has been created successfully'
Store customer is successfully created.Page loaded succesfully with URL = https://tsecure.dev.nordstrom.com/Rewards/association.aspx
Page loaded succesfully with URL = https://tsecure.dev.nordstrom.com/Rewards/association.aspx
Failed to set focus for the control with locator 'By.Id: txtUserPassword'
element not visible
  (Session info: chrome=47.0.2526.106)
  (Driver info: chromedriver=2.20.353145 (343b531d31eeb933ec778dbcf7081628a1396067),platform=Windows NT 6.1 SP1 x86_64)
</DebugTrace>
        <ErrorInfo>
          <Message>Test method Nordstrom.Web.Test.UI.LoyaltyWeb.LoyaltyAssociationTests.TenderNeutralAssociation_RecognizedUserEnrolledFromStoreGoToWebAssociationPage_ShouldSucceed threw exception: 
OpenQA.Selenium.InvalidElementStateException: invalid element state: Element is not currently interactable and may not be manipulated
  (Session info: chrome=47.0.2526.106)
  (Driver info: chromedriver=2.20.353145 (343b531d31eeb933ec778dbcf7081628a1396067),platform=Windows NT 6.1 SP1 x86_64)</Message>
          <StackTrace>    at OpenQA.Selenium.Remote.RemoteWebDriver.UnpackAndThrowOnError(Response errorResponse)
   at OpenQA.Selenium.Remote.RemoteWebDriver.Execute(String driverCommandToExecute, Dictionary`2 parameters)
   at OpenQA.Selenium.Remote.RemoteWebElement.Clear()
   at Nordstrom.ECommerce.Test.SeleniumHelper.SeleniumActionHelper.SendKeys(String text, By locator, IWebElement element, Boolean clearField)
   at Nordstrom.Web.Test.UI.Common.PageObjects.LoyaltyAssociationPage.FillTheForm(UsersUser enrolledUser, UserType type, String confirmPasswordString) in c:\LoyaltyWebTest\Web\Test\UI\Common\PageObjects\LoyaltyAssociationPage.cs:line 253
   at Nordstrom.Web.Test.UI.LoyaltyWeb.LoyaltyAssociationTests.TenderNeutralAssociation_RecognizedUserEnrolledFromStoreGoToWebAssociationPage_ShouldSucceed() in c:\LoyaltyWebTest\Web\Test\UI\LoyaltyWeb\LoyaltyWebTest\LoyaltyWebTest\LoyaltyAssociationTests.cs:line 140
</StackTrace>
        </ErrorInfo>
      </Output>
    </UnitTestResult>
    <UnitTestResult executionId="511d9f0a-2fc0-469a-9c05-85b5e5ffb812" testId="07c18028-e476-f9b9-b536-4f84edee61f4" testName="TenderNeutralAssociation_RecognizedUserEnrolledinLoyaltyFromServiceCenterToToWebAssociationPage_ShouldSucceed" computerName="MW00977477" duration="00:00:55.0446578" startTime="2015-12-26T18:09:49.5004770-08:00" endTime="2015-12-26T18:10:44.5466936-08:00" testType="13cdc9d9-ddb5-4fa4-a97d-d965ccfc6d4b" outcome="Failed" testListId="8c84fa94-04c1-424b-9868-57a2d4851a1d" relativeResultsDirectory="511d9f0a-2fc0-469a-9c05-85b5e5ffb812">
      <Output>
        <DebugTrace>Page loaded succesfully with URL = https://tsecure.dev.nordstrom.com/signIn.aspx
Page loaded succesfully with URL = https://tsecure.dev.nordstrom.com/signIn.aspx
Page loaded succesfully with URL = https://tsecure.dev.nordstrom.com/signIn.aspx
Page loaded succesfully with URL = https://tsecure.dev.nordstrom.com/signIn.aspx
Timed out waiting for element to be visible with locator: By.CssSelector: #ctl00_backgroundOverlay
WaitForElementToDisappear: Given Locator did not appear after 10 seconds - but ok - locator id: By.CssSelector: #ctl00_backgroundOverlay
Timed out waiting for element to be visible with locator: By.LinkText: Sign Out
Timed out waiting for element to be visible with locator: By.LinkText: Sign Out
VerifyCreatedAccount: sign out link is not visible
CreateNordAccount: Exception occured when creating new account: exception = 'Assert.IsTrue failed. Verify a new account has been created successfully'
</DebugTrace>
        <ErrorInfo>
          <Message>Test method Nordstrom.Web.Test.UI.LoyaltyWeb.LoyaltyAssociationTests.TenderNeutralAssociation_RecognizedUserEnrolledinLoyaltyFromServiceCenterToToWebAssociationPage_ShouldSucceed threw exception: 
System.Net.WebException: The remote server returned an error: (500) Internal Server Error.</Message>
          <StackTrace>    at System.Net.HttpWebRequest.GetResponse()
   at Nordstrom.Web.Test.UI.LoyaltyWeb.HelperExtensions.CreateServiceCenterCustomer(UsersUser testUser) in c:\LoyaltyWebTest\Web\Test\UI\LoyaltyWeb\LoyaltyWebTest\LoyaltyWebTest\HelperExtensions.cs:line 331
   at Nordstrom.Web.Test.UI.LoyaltyWeb.LoyaltyAssociationTests.TenderNeutralAssociation_RecognizedUserEnrolledinLoyaltyFromServiceCenterToToWebAssociationPage_ShouldSucceed() in c:\LoyaltyWebTest\Web\Test\UI\LoyaltyWeb\LoyaltyWebTest\LoyaltyWebTest\LoyaltyAssociationTests.cs:line 156
</StackTrace>
        </ErrorInfo>
      </Output>
    </UnitTestResult>
    <UnitTestResult executionId="0b98ca22-e1a9-4a07-b52c-024d77cd5cb2" testId="0f205b7b-b7e4-d1b8-1e8c-26d1b4231555" testName="TenderNeutralAssociation_WebAccountAssociationFromStoreCustomer_ShouldSucceed" computerName="MW00977477" duration="00:00:26.1046675" startTime="2015-12-26T18:10:44.5486936-08:00" endTime="2015-12-26T18:11:10.6556936-08:00" testType="13cdc9d9-ddb5-4fa4-a97d-d965ccfc6d4b" outcome="Passed" testListId="8c84fa94-04c1-424b-9868-57a2d4851a1d" relativeResultsDirectory="0b98ca22-e1a9-4a07-b52c-024d77cd5cb2">
      <Output>
        <DebugTrace>Store customer is successfully created.Page loaded succesfully with URL = https://tsecure.dev.nordstrom.com/Rewards/association.aspx
Page loaded succesfully with URL = https://tsecure.dev.nordstrom.com/Rewards/association.aspx
Page loaded succesfully with URL = https://tsecure.dev.nordstrom.com/Rewards/association.aspx
Page loaded succesfully with URL = https://tsecure.dev.nordstrom.com/Rewards/association.aspx
</DebugTrace>
      </Output>
    </UnitTestResult>
    <UnitTestResult executionId="0168017c-29ab-4107-b031-9d0e0ef44bad" testId="460c058b-7131-2fcc-6c34-dc0936a6c442" testName="TenderNeutralAssociation_WebAssociatedEnrolledCustomerComesToAssociationPageAsRegisteredUser_ShouldGetYouAreSetMessage" computerName="MW00977477" duration="00:00:49.1592732" startTime="2015-12-26T18:11:10.6576936-08:00" endTime="2015-12-26T18:11:59.8176936-08:00" testType="13cdc9d9-ddb5-4fa4-a97d-d965ccfc6d4b" outcome="Failed" testListId="8c84fa94-04c1-424b-9868-57a2d4851a1d" relativeResultsDirectory="0168017c-29ab-4107-b031-9d0e0ef44bad">
      <Output>
        <DebugTrace>Page loaded succesfully with URL = https://tsecure.dev.nordstrom.com/Rewards/join.aspx
Timed out waiting for element to be visible with locator: By.Id: ctl00_backgroundOverlayProgress
Page loaded succesfully with URL = https://tsecure.dev.nordstrom.com/Rewards/join.aspx
Page loaded succesfully with URL = https://tsecure.dev.nordstrom.com/Rewards/join.aspx
Timed out waiting for element to be visible with locator: By.Id: ctl00_mainContentPlaceHolder_btnVerify
</DebugTrace>
        <ErrorInfo>
          <Message>Test method Nordstrom.Web.Test.UI.LoyaltyWeb.LoyaltyAssociationTests.TenderNeutralAssociation_WebAssociatedEnrolledCustomerComesToAssociationPageAsRegisteredUser_ShouldGetYouAreSetMessage threw exception: 
System.InvalidOperationException: The certificate dwtcuscs is not present in the trusted root certificate authority.</Message>
          <StackTrace>    at Nordstrom.Web.Test.UI.LoyaltyWeb.HelperExtensions.GetCertificate() in c:\LoyaltyWebTest\Web\Test\UI\LoyaltyWeb\LoyaltyWebTest\LoyaltyWebTest\HelperExtensions.cs:line 420
   at Nordstrom.Web.Test.UI.LoyaltyWeb.HelperExtensions.CallCivsAPIToGetAValidCode(String phoneNumber) in c:\LoyaltyWebTest\Web\Test\UI\LoyaltyWeb\LoyaltyWebTest\LoyaltyWebTest\HelperExtensions.cs:line 350
   at Nordstrom.Web.Test.UI.LoyaltyWeb.LoyaltyAssociationTests.TenderNeutralAssociation_WebAssociatedEnrolledCustomerComesToAssociationPageAsRegisteredUser_ShouldGetYouAreSetMessage() in c:\LoyaltyWebTest\Web\Test\UI\LoyaltyWeb\LoyaltyWebTest\LoyaltyWebTest\LoyaltyAssociationTests.cs:line 336
</StackTrace>
        </ErrorInfo>
      </Output>
    </UnitTestResult>
    <UnitTestResult executionId="9508bec5-214b-489e-8260-68da0d77ddcf" testId="f7d013bf-844c-5140-5447-28322266c549" testName="TenderNeutralAssociation_WebAssociatedEnrollMemberTryToAssociateAgain_ShouldGetRightMessage" computerName="MW00977477" duration="00:00:51.0809289" startTime="2015-12-26T18:11:59.8186936-08:00" endTime="2015-12-26T18:12:50.8996936-08:00" testType="13cdc9d9-ddb5-4fa4-a97d-d965ccfc6d4b" outcome="Failed" testListId="8c84fa94-04c1-424b-9868-57a2d4851a1d" relativeResultsDirectory="9508bec5-214b-489e-8260-68da0d77ddcf">
      <Output>
        <DebugTrace>Page loaded succesfully with URL = https://tsecure.dev.nordstrom.com/Rewards/join.aspx
Timed out waiting for element to be visible with locator: By.Id: ctl00_backgroundOverlayProgress
Page loaded succesfully with URL = https://tsecure.dev.nordstrom.com/Rewards/join.aspx
Page loaded succesfully with URL = https://tsecure.dev.nordstrom.com/Rewards/join.aspx
Timed out waiting for element to be visible with locator: By.Id: ctl00_mainContentPlaceHolder_btnVerify
</DebugTrace>
        <ErrorInfo>
          <Message>Test method Nordstrom.Web.Test.UI.LoyaltyWeb.LoyaltyAssociationTests.TenderNeutralAssociation_WebAssociatedEnrollMemberTryToAssociateAgain_ShouldGetRightMessage threw exception: 
System.InvalidOperationException: The certificate dwtcuscs is not present in the trusted root certificate authority.</Message>
          <StackTrace>    at Nordstrom.Web.Test.UI.LoyaltyWeb.HelperExtensions.GetCertificate() in c:\LoyaltyWebTest\Web\Test\UI\LoyaltyWeb\LoyaltyWebTest\LoyaltyWebTest\HelperExtensions.cs:line 420
   at Nordstrom.Web.Test.UI.LoyaltyWeb.HelperExtensions.CallCivsAPIToGetAValidCode(String phoneNumber) in c:\LoyaltyWebTest\Web\Test\UI\LoyaltyWeb\LoyaltyWebTest\LoyaltyWebTest\HelperExtensions.cs:line 350
   at Nordstrom.Web.Test.UI.LoyaltyWeb.LoyaltyAssociationTests.TenderNeutralAssociation_WebAssociatedEnrollMemberTryToAssociateAgain_ShouldGetRightMessage() in c:\LoyaltyWebTest\Web\Test\UI\LoyaltyWeb\LoyaltyWebTest\LoyaltyWebTest\LoyaltyAssociationTests.cs:line 299
</StackTrace>
        </ErrorInfo>
      </Output>
    </UnitTestResult>
    <UnitTestResult executionId="60428253-0bfc-4daa-9802-56c1ee2781ca" testId="58e6c602-14c2-9d55-77c9-65e620bc43e6" testName="TenderNeutralAssociationPage_TenderNeutralAssociationFeatureFlagOff_UserRedirectedToHomePage" computerName="MW00977477" duration="00:00:29.2971410" startTime="2015-12-26T18:12:50.9006936-08:00" endTime="2015-12-26T18:13:20.2006936-08:00" testType="13cdc9d9-ddb5-4fa4-a97d-d965ccfc6d4b" outcome="Failed" testListId="8c84fa94-04c1-424b-9868-57a2d4851a1d" relativeResultsDirectory="60428253-0bfc-4daa-9802-56c1ee2781ca">
      <Output>
        <DebugTrace>Page loaded succesfully with URL = http://tshop.dev.nordstrom.com/
Page loaded succesfully with URL = http://tshop.dev.nordstrom.com/
</DebugTrace>
        <ErrorInfo>
          <Message>Assert.AreEqual failed. Expected:&lt;http://Tshop.dev.nordstrom.com/&gt;. Actual:&lt;http://tshop.dev.nordstrom.com/&gt;. User is not redirected to the Home page when associationPage flag off</Message>
          <StackTrace>   at Nordstrom.Web.Test.UI.LoyaltyWeb.LoyaltyAssociationTests.TenderNeutralAssociationPage_TenderNeutralAssociationFeatureFlagOff_UserRedirectedToHomePage() in c:\LoyaltyWebTest\Web\Test\UI\LoyaltyWeb\LoyaltyWebTest\LoyaltyWebTest\LoyaltyAssociationTests.cs:line 371
</StackTrace>
        </ErrorInfo>
      </Output>
    </UnitTestResult>
    <UnitTestResult executionId="65234658-e98a-4d6e-b1c1-b76ed90383fc" testId="0fb17184-6c18-b606-f6a7-af0c56cff16d" testName="TenderNeutralEarn_AuthenticatedUserNotLinkedNordAccountAndTNNumber_ClickingOnEarnPointsLinkOpenedupTheModuleSuccessfully" computerName="MW00977477" duration="00:02:12.4005918" startTime="2015-12-26T18:13:20.2056936-08:00" endTime="2015-12-26T18:15:32.6046936-08:00" testType="13cdc9d9-ddb5-4fa4-a97d-d965ccfc6d4b" outcome="Failed" testListId="8c84fa94-04c1-424b-9868-57a2d4851a1d" relativeResultsDirectory="65234658-e98a-4d6e-b1c1-b76ed90383fc">
      <Output>
        <DebugTrace>Page loaded succesfully with URL = https://tsecure.dev.nordstrom.com/signIn.aspx
Page loaded succesfully with URL = https://tsecure.dev.nordstrom.com/signIn.aspx
Page loaded succesfully with URL = https://tsecure.dev.nordstrom.com/signIn.aspx
Page loaded succesfully with URL = https://tsecure.dev.nordstrom.com/signIn.aspx
Timed out waiting for element to be visible with locator: By.CssSelector: #ctl00_backgroundOverlay
WaitForElementToDisappear: Given Locator did not appear after 10 seconds - but ok - locator id: By.CssSelector: #ctl00_backgroundOverlay
Timed out waiting for element to be visible with locator: By.LinkText: Sign Out
Timed out waiting for element to be visible with locator: By.LinkText: Sign Out
VerifyCreatedAccount: sign out link is not visible
CreateNordAccount: Exception occured when creating new account: exception = 'Assert.IsTrue failed. Verify a new account has been created successfully'
Store customer is successfully created.Element is not Valid: Exception =Could not find element by: By.Id: Checkout
Page loaded succesfully with URL = http://tshop.dev.nordstrom.com/c/choose-three-free-samples?postaction=os
Page loaded succesfully with URL = http://tshop.dev.nordstrom.com/c/choose-three-free-samples?postaction=os
Page loaded succesfully with URL = http://tshop.dev.nordstrom.com/c/choose-three-free-samples?postaction=os
Element is not Valid: Exception =Could not find element by: By.Id: //*[@id='noThanksButton']
Page loaded succesfully with URL = https://tsecure.dev.nordstrom.com/os
Page loaded succesfully with URL = https://tsecure.dev.nordstrom.com/os
Timed out waiting for element to be visible with locator: By.CssSelector: section[id='shipping-address'] div.actions input.continue.button.primary
Shipping Address: Save &amp; Continue button is not visible.
Timed out waiting for element to be visible with locator: By.CssSelector: #shipping-address &gt; form &gt; div.actions &gt; input:nth-child(2)
Failed to find the Shipping address save and continue button
</DebugTrace>
        <ErrorInfo>
          <Message>Test method Nordstrom.Web.Test.UI.LoyaltyWeb.LoyaltyEarnTests.TenderNeutralEarn_AuthenticatedUserNotLinkedNordAccountAndTNNumber_ClickingOnEarnPointsLinkOpenedupTheModuleSuccessfully threw exception: 
OpenQA.Selenium.ElementNotVisibleException: element not visible
  (Session info: chrome=47.0.2526.106)
  (Driver info: chromedriver=2.20.353145 (343b531d31eeb933ec778dbcf7081628a1396067),platform=Windows NT 6.1 SP1 x86_64)</Message>
          <StackTrace>    at OpenQA.Selenium.Remote.RemoteWebDriver.UnpackAndThrowOnError(Response errorResponse)
   at OpenQA.Selenium.Remote.RemoteWebDriver.Execute(String driverCommandToExecute, Dictionary`2 parameters)
   at OpenQA.Selenium.Remote.RemoteWebElement.Click()
   at Nordstrom.ECommerce.Test.SeleniumHelper.SeleniumActionHelper.Click(By locator, IWebElement element)
   at Nordstrom.Web.Test.UI.Common.PageObjects.OrderSubmitPage.ClickSaveAndContinue() in c:\LoyaltyWebTest\Web\Test\UI\Common\PageObjects\OrderSubmitPage.cs:line 393
   at Nordstrom.Web.Test.UI.LoyaltyWeb.LoyaltyEarnTests.TenderNeutralEarn_AuthenticatedUserNotLinkedNordAccountAndTNNumber_ClickingOnEarnPointsLinkOpenedupTheModuleSuccessfully() in c:\LoyaltyWebTest\Web\Test\UI\LoyaltyWeb\LoyaltyWebTest\LoyaltyWebTest\LoyaltyEarnTests.cs:line 150
</StackTrace>
        </ErrorInfo>
      </Output>
    </UnitTestResult>
    <UnitTestResult executionId="fee6507a-a3ed-4345-9df3-74646e780f04" testId="57d2f222-dabf-1931-f74a-107500e05da4" testName="TenderNeutralEarn_AuthenticatedUserNotLinkedNordAccountAndTNNumber_ClickingOnPayNordCardLinkNavigatesToPaymentSectionSuccessfully" computerName="MW00977477" duration="00:01:22.7861793" startTime="2015-12-26T18:15:32.6056936-08:00" endTime="2015-12-26T18:16:55.3936936-08:00" testType="13cdc9d9-ddb5-4fa4-a97d-d965ccfc6d4b" outcome="Failed" testListId="8c84fa94-04c1-424b-9868-57a2d4851a1d" relativeResultsDirectory="fee6507a-a3ed-4345-9df3-74646e780f04">
      <Output>
        <DebugTrace>Store customer is successfully created.Element is not Valid: Exception =Could not find element by: By.Id: Checkout
Page loaded succesfully with URL = http://tshop.dev.nordstrom.com/c/choose-three-free-samples?postaction=os
Page loaded succesfully with URL = http://tshop.dev.nordstrom.com/c/choose-three-free-samples?postaction=os
Page loaded succesfully with URL = http://tshop.dev.nordstrom.com/c/choose-three-free-samples?postaction=os
Element is not Valid: Exception =Could not find element by: By.Id: //*[@id='noThanksButton']
Page loaded succesfully with URL = https://tsecure.dev.nordstrom.com/os
Page loaded succesfully with URL = https://tsecure.dev.nordstrom.com/os
Timed out waiting for element to be visible with locator: By.CssSelector: section[id='shipping-address'] div.actions input.continue.button.primary
Shipping Address: Save &amp; Continue button is not visible.
Timed out waiting for element to be visible with locator: By.CssSelector: #shipping-address &gt; form &gt; div.actions &gt; input:nth-child(2)
Failed to find the Shipping address save and continue button
</DebugTrace>
        <ErrorInfo>
          <Message>Test method Nordstrom.Web.Test.UI.LoyaltyWeb.LoyaltyEarnTests.TenderNeutralEarn_AuthenticatedUserNotLinkedNordAccountAndTNNumber_ClickingOnPayNordCardLinkNavigatesToPaymentSectionSuccessfully threw exception: 
OpenQA.Selenium.ElementNotVisibleException: element not visible
  (Session info: chrome=47.0.2526.106)
  (Driver info: chromedriver=2.20.353145 (343b531d31eeb933ec778dbcf7081628a1396067),platform=Windows NT 6.1 SP1 x86_64)</Message>
          <StackTrace>    at OpenQA.Selenium.Remote.RemoteWebDriver.UnpackAndThrowOnError(Response errorResponse)
   at OpenQA.Selenium.Remote.RemoteWebDriver.Execute(String driverCommandToExecute, Dictionary`2 parameters)
   at OpenQA.Selenium.Remote.RemoteWebElement.Click()
   at Nordstrom.ECommerce.Test.SeleniumHelper.SeleniumActionHelper.Click(By locator, IWebElement element)
   at Nordstrom.Web.Test.UI.Common.PageObjects.OrderSubmitPage.ClickSaveAndContinue() in c:\LoyaltyWebTest\Web\Test\UI\Common\PageObjects\OrderSubmitPage.cs:line 393
   at Nordstrom.Web.Test.UI.LoyaltyWeb.LoyaltyEarnTests.TenderNeutralEarn_AuthenticatedUserNotLinkedNordAccountAndTNNumber_ClickingOnPayNordCardLinkNavigatesToPaymentSectionSuccessfully() in c:\LoyaltyWebTest\Web\Test\UI\LoyaltyWeb\LoyaltyWebTest\LoyaltyWebTest\LoyaltyEarnTests.cs:line 124
</StackTrace>
        </ErrorInfo>
      </Output>
    </UnitTestResult>
    <UnitTestResult executionId="e3f361a2-1af6-4837-9db9-19c9d272af90" testId="5c6698e8-7f51-b362-71a2-8ce939c3580d" testName="TenderNeutralEarn_AuthenticatedUserNotLinkedNordAccountAndTNNumber_RewardsSectionDispayedInOrderSubmitPage" computerName="MW00977477" duration="00:00:54.1129601" startTime="2015-12-26T18:16:55.3946936-08:00" endTime="2015-12-26T18:17:49.5076936-08:00" testType="13cdc9d9-ddb5-4fa4-a97d-d965ccfc6d4b" outcome="Failed" testListId="8c84fa94-04c1-424b-9868-57a2d4851a1d" relativeResultsDirectory="e3f361a2-1af6-4837-9db9-19c9d272af90">
      <Output>
        <DebugTrace>Store customer is successfully created.Element is not Valid: Exception =Could not find element by: By.Id: Checkout
Page loaded succesfully with URL = http://tshop.dev.nordstrom.com/c/choose-three-free-samples?postaction=os
Page loaded succesfully with URL = http://tshop.dev.nordstrom.com/c/choose-three-free-samples?postaction=os
Page loaded succesfully with URL = http://tshop.dev.nordstrom.com/c/choose-three-free-samples?postaction=os
Element is not Valid: Exception =Could not find element by: By.Id: //*[@id='noThanksButton']
Page loaded succesfully with URL = https://tsecure.dev.nordstrom.com/os
Page loaded succesfully with URL = https://tsecure.dev.nordstrom.com/os
Timed out waiting for element to be visible with locator: By.CssSelector: section[id='shipping-address'] div.actions input.continue.button.primary
Shipping Address: Save &amp; Continue button is not visible.
Timed out waiting for element to be visible with locator: By.CssSelector: #shipping-address &gt; form &gt; div.actions &gt; input:nth-child(2)
Failed to find the Shipping address save and continue button
</DebugTrace>
        <ErrorInfo>
          <Message>Test method Nordstrom.Web.Test.UI.LoyaltyWeb.LoyaltyEarnTests.TenderNeutralEarn_AuthenticatedUserNotLinkedNordAccountAndTNNumber_RewardsSectionDispayedInOrderSubmitPage threw exception: 
OpenQA.Selenium.ElementNotVisibleException: element not visible
  (Session info: chrome=47.0.2526.106)
  (Driver info: chromedriver=2.20.353145 (343b531d31eeb933ec778dbcf7081628a1396067),platform=Windows NT 6.1 SP1 x86_64)</Message>
          <StackTrace>    at OpenQA.Selenium.Remote.RemoteWebDriver.UnpackAndThrowOnError(Response errorResponse)
   at OpenQA.Selenium.Remote.RemoteWebDriver.Execute(String driverCommandToExecute, Dictionary`2 parameters)
   at OpenQA.Selenium.Remote.RemoteWebElement.Click()
   at Nordstrom.ECommerce.Test.SeleniumHelper.SeleniumActionHelper.Click(By locator, IWebElement element)
   at Nordstrom.Web.Test.UI.Common.PageObjects.OrderSubmitPage.ClickSaveAndContinue() in c:\LoyaltyWebTest\Web\Test\UI\Common\PageObjects\OrderSubmitPage.cs:line 393
   at Nordstrom.Web.Test.UI.LoyaltyWeb.LoyaltyEarnTests.TenderNeutralEarn_AuthenticatedUserNotLinkedNordAccountAndTNNumber_RewardsSectionDispayedInOrderSubmitPage() in c:\LoyaltyWebTest\Web\Test\UI\LoyaltyWeb\LoyaltyWebTest\LoyaltyWebTest\LoyaltyEarnTests.cs:line 101
</StackTrace>
        </ErrorInfo>
      </Output>
    </UnitTestResult>
    <UnitTestResult executionId="a2f1f19b-040c-4b91-8ce9-9e2470450e1b" testId="127aa9dd-cc04-d0e2-0746-e44f2e070db9" testName="TenderNeutralEarn_AuthenticatedUserSeesRewardsSectionInOrderSubmitPage_Successfully" computerName="MW00977477" duration="00:01:20.1954888" startTime="2015-12-26T18:17:49.5096936-08:00" endTime="2015-12-26T18:19:09.7046936-08:00" testType="13cdc9d9-ddb5-4fa4-a97d-d965ccfc6d4b" outcome="Passed" testListId="8c84fa94-04c1-424b-9868-57a2d4851a1d" relativeResultsDirectory="a2f1f19b-040c-4b91-8ce9-9e2470450e1b">
      <Output>
        <DebugTrace>Page loaded succesfully with URL = https://tsecure.dev.nordstrom.com/signIn.aspx
Page loaded succesfully with URL = https://tsecure.dev.nordstrom.com/signIn.aspx
Page loaded succesfully with URL = https://tsecure.dev.nordstrom.com/signIn.aspx
Page loaded succesfully with URL = https://tsecure.dev.nordstrom.com/signIn.aspx
Timed out waiting for element to be visible with locator: By.CssSelector: #ctl00_backgroundOverlay
WaitForElementToDisappear: Given Locator did not appear after 10 seconds - but ok - locator id: By.CssSelector: #ctl00_backgroundOverlay
Timed out waiting for element to be visible with locator: By.LinkText: Sign Out
Timed out waiting for element to be visible with locator: By.LinkText: Sign Out
VerifyCreatedAccount: sign out link is not visible
CreateNordAccount: Exception occured when creating new account: exception = 'Assert.IsTrue failed. Verify a new account has been created successfully'
Element is not Valid: Exception =Could not find element by: By.Id: Checkout
Page loaded succesfully with URL = http://tshop.dev.nordstrom.com/c/choose-three-free-samples?postaction=os
Page loaded succesfully with URL = http://tshop.dev.nordstrom.com/c/choose-three-free-samples?postaction=os
Page loaded succesfully with URL = http://tshop.dev.nordstrom.com/c/choose-three-free-samples?postaction=os
Element is not Valid: Exception =Could not find element by: By.Id: //*[@id='noThanksButton']
Page loaded succesfully with URL = https://tsecure.dev.nordstrom.com/os
</DebugTrace>
      </Output>
    </UnitTestResult>
    <UnitTestResult executionId="796febbc-92f9-4939-b48f-92d0edfc492f" testId="08bfd4d5-ccd5-3644-2ed4-aa87ee903c9f" testName="TenderNeutralEarn_EnrolledGuestUser_RewardsSectionNotDispayedInOrderSubmitPage" computerName="MW00977477" duration="00:00:56.8215791" startTime="2015-12-26T18:19:09.7066936-08:00" endTime="2015-12-26T18:20:06.5286936-08:00" testType="13cdc9d9-ddb5-4fa4-a97d-d965ccfc6d4b" outcome="Failed" testListId="8c84fa94-04c1-424b-9868-57a2d4851a1d" relativeResultsDirectory="796febbc-92f9-4939-b48f-92d0edfc492f">
      <Output>
        <DebugTrace>Page loaded succesfully with URL = https://tsecure.dev.nordstrom.com/Rewards/join.aspx
Timed out waiting for element to be visible with locator: By.Id: ctl00_backgroundOverlayProgress
Page loaded succesfully with URL = https://tsecure.dev.nordstrom.com/Rewards/join.aspx
Page loaded succesfully with URL = https://tsecure.dev.nordstrom.com/Rewards/join.aspx
Timed out waiting for element to be visible with locator: By.Id: ctl00_mainContentPlaceHolder_btnVerify
</DebugTrace>
        <ErrorInfo>
          <Message>Test method Nordstrom.Web.Test.UI.LoyaltyWeb.LoyaltyEarnTests.TenderNeutralEarn_EnrolledGuestUser_RewardsSectionNotDispayedInOrderSubmitPage threw exception: 
System.InvalidOperationException: The certificate dwtcuscs is not present in the trusted root certificate authority.</Message>
          <StackTrace>    at Nordstrom.Web.Test.UI.LoyaltyWeb.HelperExtensions.GetCertificate() in c:\LoyaltyWebTest\Web\Test\UI\LoyaltyWeb\LoyaltyWebTest\LoyaltyWebTest\HelperExtensions.cs:line 420
   at Nordstrom.Web.Test.UI.LoyaltyWeb.HelperExtensions.CallCivsAPIToGetAValidCode(String phoneNumber) in c:\LoyaltyWebTest\Web\Test\UI\LoyaltyWeb\LoyaltyWebTest\LoyaltyWebTest\HelperExtensions.cs:line 350
   at Nordstrom.Web.Test.UI.LoyaltyWeb.LoyaltyEarnTests.EnrollInWeb(UserType usertype) in c:\LoyaltyWebTest\Web\Test\UI\LoyaltyWeb\LoyaltyWebTest\LoyaltyWebTest\LoyaltyEarnTests.cs:line 245
   at Nordstrom.Web.Test.UI.LoyaltyWeb.LoyaltyEarnTests.TenderNeutralEarn_EnrolledGuestUser_RewardsSectionNotDispayedInOrderSubmitPage() in c:\LoyaltyWebTest\Web\Test\UI\LoyaltyWeb\LoyaltyWebTest\LoyaltyWebTest\LoyaltyEarnTests.cs:line 78
</StackTrace>
        </ErrorInfo>
      </Output>
    </UnitTestResult>
    <UnitTestResult executionId="b55fe892-430a-4cf0-b3ed-9448cc0742e9" testId="ab97186a-ec5a-c908-5c1d-428ddbe44d2b" testName="TenderNeutralEarn_GuestUserCannotSeeRewardsSectionInOrderSubmitPage_Successfully" computerName="MW00977477" duration="00:00:39.6821428" startTime="2015-12-26T18:20:06.5296936-08:00" endTime="2015-12-26T18:20:46.2146936-08:00" testType="13cdc9d9-ddb5-4fa4-a97d-d965ccfc6d4b" outcome="Passed" testListId="8c84fa94-04c1-424b-9868-57a2d4851a1d" relativeResultsDirectory="b55fe892-430a-4cf0-b3ed-9448cc0742e9">
      <Output>
        <DebugTrace>Element is not Valid: Exception =Could not find element by: By.Id: Checkout
Page loaded succesfully with URL = http://tshop.dev.nordstrom.com/c/choose-three-free-samples?postaction=os
Page loaded succesfully with URL = http://tshop.dev.nordstrom.com/c/choose-three-free-samples?postaction=os
Page loaded succesfully with URL = http://tshop.dev.nordstrom.com/c/choose-three-free-samples?postaction=os
Element is not Valid: Exception =Could not find element by: By.Id: //*[@id='noThanksButton']
Page loaded succesfully with URL = https://tsecure.dev.nordstrom.com/os
</DebugTrace>
      </Output>
    </UnitTestResult>
    <UnitTestResult executionId="401c0eb0-2591-4c1c-97f2-afcb31afd55e" testId="1b9e4056-ae08-6178-83f0-22316d897d12" testName="TenderNeutralEarn_RecognisedUserCanSeeRewardsSectionInOrderSubmitPageAfterSignInFromCheckout_Successfully" computerName="MW00977477" duration="00:01:19.6341333" startTime="2015-12-26T18:20:46.2156936-08:00" endTime="2015-12-26T18:22:05.8496936-08:00" testType="13cdc9d9-ddb5-4fa4-a97d-d965ccfc6d4b" outcome="Passed" testListId="8c84fa94-04c1-424b-9868-57a2d4851a1d" relativeResultsDirectory="401c0eb0-2591-4c1c-97f2-afcb31afd55e">
      <Output>
        <DebugTrace>Page loaded succesfully with URL = https://tsecure.dev.nordstrom.com/signIn.aspx
Page loaded succesfully with URL = https://tsecure.dev.nordstrom.com/signIn.aspx
Page loaded succesfully with URL = https://tsecure.dev.nordstrom.com/signIn.aspx
Page loaded succesfully with URL = https://tsecure.dev.nordstrom.com/signIn.aspx
Timed out waiting for element to be visible with locator: By.CssSelector: #ctl00_backgroundOverlay
WaitForElementToDisappear: Given Locator did not appear after 10 seconds - but ok - locator id: By.CssSelector: #ctl00_backgroundOverlay
Timed out waiting for element to be visible with locator: By.LinkText: Sign Out
Timed out waiting for element to be visible with locator: By.LinkText: Sign Out
VerifyCreatedAccount: sign out link is not visible
CreateNordAccount: Exception occured when creating new account: exception = 'Assert.IsTrue failed. Verify a new account has been created successfully'
Element is not Valid: Exception =Could not find element by: By.Id: Checkout
Page loaded succesfully with URL = http://tshop.dev.nordstrom.com/c/choose-three-free-samples?postaction=os
Page loaded succesfully with URL = http://tshop.dev.nordstrom.com/c/choose-three-free-samples?postaction=os
Page loaded succesfully with URL = http://tshop.dev.nordstrom.com/c/choose-three-free-samples?postaction=os
Element is not Valid: Exception =Could not find element by: By.Id: //*[@id='noThanksButton']
Page loaded succesfully with URL = https://tsecure.dev.nordstrom.com/os
</DebugTrace>
      </Output>
    </UnitTestResult>
    <UnitTestResult executionId="14bde250-1c1d-418a-a13d-03f11d131d5c" testId="4fc82fd8-184f-1840-0105-855fe51690c6" testName="TenderNeutralEarn_RegisteredSigningInAsGuestCanSeeRewardsSectionInOrderSubmitPage_Successfully" computerName="MW00977477" duration="00:01:06.8033956" startTime="2015-12-26T18:22:05.8506936-08:00" endTime="2015-12-26T18:23:12.6546936-08:00" testType="13cdc9d9-ddb5-4fa4-a97d-d965ccfc6d4b" outcome="Passed" testListId="8c84fa94-04c1-424b-9868-57a2d4851a1d" relativeResultsDirectory="14bde250-1c1d-418a-a13d-03f11d131d5c">
      <Output>
        <DebugTrace>Page loaded succesfully with URL = https://tsecure.dev.nordstrom.com/signIn.aspx
Page loaded succesfully with URL = https://tsecure.dev.nordstrom.com/signIn.aspx
Page loaded succesfully with URL = https://tsecure.dev.nordstrom.com/signIn.aspx
Page loaded succesfully with URL = https://tsecure.dev.nordstrom.com/signIn.aspx
Page loaded succesfully with URL = https://tsecure.dev.nordstrom.com/signIn.aspx
Timed out waiting for element to be visible with locator: By.LinkText: Sign Out
Element is not Valid: Exception =Could not find element by: By.Id: Checkout
Page loaded succesfully with URL = http://tshop.dev.nordstrom.com/c/choose-three-free-samples?postaction=os
Page loaded succesfully with URL = http://tshop.dev.nordstrom.com/c/choose-three-free-samples?postaction=os
Page loaded succesfully with URL = http://tshop.dev.nordstrom.com/c/choose-three-free-samples?postaction=os
Element is not Valid: Exception =Could not find element by: By.Id: //*[@id='noThanksButton']
Page loaded succesfully with URL = https://tsecure.dev.nordstrom.com/os
</DebugTrace>
      </Output>
    </UnitTestResult>
    <UnitTestResult executionId="ba36175d-7f25-48c4-a8e6-78516c8fd089" testId="396e64f4-4b9f-1a79-1cda-28380d13b0bc" testName="LoyaltyLearnPage_ClickAlterationsLinkOnLearnPage_NavigatesToBenifitsPageSucessfully" computerName="MW00977477" duration="00:01:00.2772880" startTime="2015-12-26T18:23:12.6556936-08:00" endTime="2015-12-26T18:24:12.9336936-08:00" testType="13cdc9d9-ddb5-4fa4-a97d-d965ccfc6d4b" outcome="Passed" testListId="8c84fa94-04c1-424b-9868-57a2d4851a1d" relativeResultsDirectory="ba36175d-7f25-48c4-a8e6-78516c8fd089">
      <Output>
        <DebugTrace>Page loaded succesfully with URL = http://d.aws.loyaltyweb.dev.nordstrom.com/Rewards/
Page loaded succesfully with URL = http://d.aws.loyaltyweb.dev.nordstrom.com/Rewards/
Page loaded succesfully with URL = http://d.aws.loyaltyweb.dev.nordstrom.com/Rewards/
Page loaded succesfully with URL = http://d.aws.loyaltyweb.dev.nordstrom.com/Rewards/
Page loaded succesfully with URL = http://tshop.dev.nordstrom.com/c/rewards-benefits
</DebugTrace>
      </Output>
    </UnitTestResult>
    <UnitTestResult executionId="95ed7dc2-4f58-4ff0-88ee-f033b4edfb4a" testId="cca0fcc7-ae32-cae3-80e1-d419dbf11c2f" testName="LoyaltyLearnPage_ClickAnniversarySaleEarlyAccessLink_RedirectToRelevantPageSuccessfully" computerName="MW00977477" duration="00:00:45.3305836" startTime="2015-12-26T18:24:12.9356936-08:00" endTime="2015-12-26T18:24:58.2666936-08:00" testType="13cdc9d9-ddb5-4fa4-a97d-d965ccfc6d4b" outcome="Passed" testListId="8c84fa94-04c1-424b-9868-57a2d4851a1d" relativeResultsDirectory="95ed7dc2-4f58-4ff0-88ee-f033b4edfb4a">
      <Output>
        <DebugTrace>Page loaded succesfully with URL = http://d.aws.loyaltyweb.dev.nordstrom.com/Rewards/
Page loaded succesfully with URL = http://d.aws.loyaltyweb.dev.nordstrom.com/Rewards/
Page loaded succesfully with URL = http://d.aws.loyaltyweb.dev.nordstrom.com/Rewards/
Page loaded succesfully with URL = http://d.aws.loyaltyweb.dev.nordstrom.com/Rewards/
Page loaded succesfully with URL = http://tshop.dev.nordstrom.com/c/rewards-anniversary-sale-early-access
</DebugTrace>
      </Output>
    </UnitTestResult>
    <UnitTestResult executionId="2aed106c-7a02-445b-8f1f-7600df74e33a" testId="85cd42cc-a7e8-0a2a-4d93-d04e6a850a49" testName="LoyaltyLearnPage_ClickExclusiveBenefitsOnLearnPage_NavigatesToBenifitsPage" computerName="MW00977477" duration="00:00:33.0672667" startTime="2015-12-26T18:24:58.2686936-08:00" endTime="2015-12-26T18:25:31.3376936-08:00" testType="13cdc9d9-ddb5-4fa4-a97d-d965ccfc6d4b" outcome="Passed" testListId="8c84fa94-04c1-424b-9868-57a2d4851a1d" relativeResultsDirectory="2aed106c-7a02-445b-8f1f-7600df74e33a">
      <Output>
        <DebugTrace>Page loaded succesfully with URL = http://d.aws.loyaltyweb.dev.nordstrom.com/Rewards/
Page loaded succesfully with URL = http://d.aws.loyaltyweb.dev.nordstrom.com/Rewards/
Page loaded succesfully with URL = http://d.aws.loyaltyweb.dev.nordstrom.com/Rewards/
Page loaded succesfully with URL = http://d.aws.loyaltyweb.dev.nordstrom.com/Rewards/
Page loaded succesfully with URL = http://tshop.dev.nordstrom.com/c/rewards-benefits
</DebugTrace>
      </Output>
    </UnitTestResult>
    <UnitTestResult executionId="bd61a847-b761-4ba5-a5b6-2da2e2642788" testId="79b567e2-f99e-8fc8-39fc-28d1643a0d21" testName="LoyaltyLearnPage_ClickGiveUsFeedbackLink_NavigatesToRelevantPageSuccessfully" computerName="MW00977477" duration="00:00:36.0489951" startTime="2015-12-26T18:25:31.3396936-08:00" endTime="2015-12-26T18:26:07.3926936-08:00" testType="13cdc9d9-ddb5-4fa4-a97d-d965ccfc6d4b" outcome="Passed" testListId="8c84fa94-04c1-424b-9868-57a2d4851a1d" relativeResultsDirectory="bd61a847-b761-4ba5-a5b6-2da2e2642788">
      <Output>
        <DebugTrace>Page loaded succesfully with URL = http://d.aws.loyaltyweb.dev.nordstrom.com/Rewards/
Page loaded succesfully with URL = http://d.aws.loyaltyweb.dev.nordstrom.com/Rewards/
Page loaded succesfully with URL = http://d.aws.loyaltyweb.dev.nordstrom.com/Rewards/
Page loaded succesfully with URL = http://d.aws.loyaltyweb.dev.nordstrom.com/Rewards/
</DebugTrace>
      </Output>
    </UnitTestResult>
    <UnitTestResult executionId="83dd07e5-5b06-492c-ba5b-661ad482a8bb" testId="b7e89f3b-eb65-20d1-c839-79102d768b48" testName="LoyaltyLearnPage_ClickOnBecomeAMemberLink_NavigatesToRelevantPageSuccessfully" computerName="MW00977477" duration="00:00:54.5928455" startTime="2015-12-26T18:26:07.3956936-08:00" endTime="2015-12-26T18:27:01.9916936-08:00" testType="13cdc9d9-ddb5-4fa4-a97d-d965ccfc6d4b" outcome="Passed" testListId="8c84fa94-04c1-424b-9868-57a2d4851a1d" relativeResultsDirectory="83dd07e5-5b06-492c-ba5b-661ad482a8bb">
      <Output>
        <DebugTrace>Page loaded succesfully with URL = http://d.aws.loyaltyweb.dev.nordstrom.com/Rewards/
Page loaded succesfully with URL = http://d.aws.loyaltyweb.dev.nordstrom.com/Rewards/
Page loaded succesfully with URL = http://d.aws.loyaltyweb.dev.nordstrom.com/Rewards/
Page loaded succesfully with URL = http://d.aws.loyaltyweb.dev.nordstrom.com/Rewards/
Page loaded succesfully with URL = https://tsecure.dev.nordstrom.com/Rewards/Join.aspx
Page loaded succesfully with URL = https://tsecure.dev.nordstrom.com/Rewards/Join.aspx
</DebugTrace>
      </Output>
    </UnitTestResult>
    <UnitTestResult executionId="cc88948d-641e-4ae7-af9a-720df0bda55a" testId="ef8e8c46-de6b-76b6-9c0f-cdce9dce6662" testName="LoyaltyLearnPage_ClickPersonalTriplePointsDayLinkOnLearnPage_NavigatesToBenifitsPage" computerName="MW00977477" duration="00:00:43.3260517" startTime="2015-12-26T18:27:01.9936936-08:00" endTime="2015-12-26T18:27:45.3256590-08:00" testType="13cdc9d9-ddb5-4fa4-a97d-d965ccfc6d4b" outcome="Passed" testListId="8c84fa94-04c1-424b-9868-57a2d4851a1d" relativeResultsDirectory="cc88948d-641e-4ae7-af9a-720df0bda55a">
      <Output>
        <DebugTrace>Page loaded succesfully with URL = http://d.aws.loyaltyweb.dev.nordstrom.com/Rewards/
Page loaded succesfully with URL = http://d.aws.loyaltyweb.dev.nordstrom.com/Rewards/
Page loaded succesfully with URL = http://d.aws.loyaltyweb.dev.nordstrom.com/Rewards/
Page loaded succesfully with URL = http://d.aws.loyaltyweb.dev.nordstrom.com/Rewards/
Page loaded succesfully with URL = http://tshop.dev.nordstrom.com/c/rewards-benefits
</DebugTrace>
      </Output>
    </UnitTestResult>
    <UnitTestResult executionId="bf621a4d-29e0-4a15-8c7f-cfb6d08626a5" testId="ac89fe1d-27a2-5a25-ac33-e635cfdb3c90" testName="LoyaltyLearnPage_ClickPrivacyPolicy_NavigatesToRelevantPageSuccessfully" computerName="MW00977477" duration="00:00:37.1274399" startTime="2015-12-26T18:27:45.3266591-08:00" endTime="2015-12-26T18:28:22.4583719-08:00" testType="13cdc9d9-ddb5-4fa4-a97d-d965ccfc6d4b" outcome="Passed" testListId="8c84fa94-04c1-424b-9868-57a2d4851a1d" relativeResultsDirectory="bf621a4d-29e0-4a15-8c7f-cfb6d08626a5">
      <Output>
        <DebugTrace>Page loaded succesfully with URL = http://d.aws.loyaltyweb.dev.nordstrom.com/Rewards/
Page loaded succesfully with URL = http://d.aws.loyaltyweb.dev.nordstrom.com/Rewards/
Page loaded succesfully with URL = http://d.aws.loyaltyweb.dev.nordstrom.com/Rewards/
Page loaded succesfully with URL = http://d.aws.loyaltyweb.dev.nordstrom.com/Rewards/
Page loaded succesfully with URL = http://tshop.dev.nordstrom.com/c/nordstrom-privacy
</DebugTrace>
      </Output>
    </UnitTestResult>
    <UnitTestResult executionId="05573fe3-94e7-4959-bdbc-6f61ebca4504" testId="5b4f0f6b-7500-9d3a-dc13-e34405e8b22f" testName="LoyaltyLearnPage_ClickRewardsTermsAndConditionsLink_NavigatesToRelevantPageSuccessfully" computerName="MW00977477" duration="00:00:35.3174827" startTime="2015-12-26T18:28:22.4603721-08:00" endTime="2015-12-26T18:28:57.7839041-08:00" testType="13cdc9d9-ddb5-4fa4-a97d-d965ccfc6d4b" outcome="Passed" testListId="8c84fa94-04c1-424b-9868-57a2d4851a1d" relativeResultsDirectory="05573fe3-94e7-4959-bdbc-6f61ebca4504">
      <Output>
        <DebugTrace>Page loaded succesfully with URL = http://d.aws.loyaltyweb.dev.nordstrom.com/Rewards/
Page loaded succesfully with URL = http://d.aws.loyaltyweb.dev.nordstrom.com/Rewards/
Page loaded succesfully with URL = http://d.aws.loyaltyweb.dev.nordstrom.com/Rewards/
Page loaded succesfully with URL = http://d.aws.loyaltyweb.dev.nordstrom.com/Rewards/
Page loaded succesfully with URL = http://tshop.dev.nordstrom.com/c/rewards-terms-conditions
</DebugTrace>
      </Output>
    </UnitTestResult>
    <UnitTestResult executionId="d939ae0b-4c70-4007-9650-8804c00c2714" testId="e8313b37-cad0-8bea-af01-abb87214c79f" testName="LoyaltyLearnPage_ClickSignInLink_NavigatesToSignInPageSuccessfully" computerName="MW00977477" duration="00:00:40.9475750" startTime="2015-12-26T18:28:57.7849042-08:00" endTime="2015-12-26T18:29:38.7369990-08:00" testType="13cdc9d9-ddb5-4fa4-a97d-d965ccfc6d4b" outcome="Passed" testListId="8c84fa94-04c1-424b-9868-57a2d4851a1d" relativeResultsDirectory="d939ae0b-4c70-4007-9650-8804c00c2714">
      <Output>
        <DebugTrace>Page loaded succesfully with URL = http://d.aws.loyaltyweb.dev.nordstrom.com/Rewards/
Page loaded succesfully with URL = http://d.aws.loyaltyweb.dev.nordstrom.com/Rewards/
Page loaded succesfully with URL = http://d.aws.loyaltyweb.dev.nordstrom.com/Rewards/
Page loaded succesfully with URL = http://d.aws.loyaltyweb.dev.nordstrom.com/Rewards/
Page loaded succesfully with URL = https://tsecure.dev.nordstrom.com/SignIn.aspx
Page loaded succesfully with URL = https://tsecure.dev.nordstrom.com/SignIn.aspx
</DebugTrace>
      </Output>
    </UnitTestResult>
    <UnitTestResult executionId="caf2ac56-767d-4375-b983-88ced2457480" testId="2379f2a4-5f07-a34f-3a1d-5e919cd412d7" testName="LoyaltyLearnPage_ClickVIPAccessToInstoreEventsLink_NavigateToRelevantPageSuccessfully" computerName="MW00977477" duration="00:00:34.4975075" startTime="2015-12-26T18:29:38.7389992-08:00" endTime="2015-12-26T18:30:13.2414491-08:00" testType="13cdc9d9-ddb5-4fa4-a97d-d965ccfc6d4b" outcome="Passed" testListId="8c84fa94-04c1-424b-9868-57a2d4851a1d" relativeResultsDirectory="caf2ac56-767d-4375-b983-88ced2457480">
      <Output>
        <DebugTrace>Page loaded succesfully with URL = http://d.aws.loyaltyweb.dev.nordstrom.com/Rewards/
Page loaded succesfully with URL = http://d.aws.loyaltyweb.dev.nordstrom.com/Rewards/
Page loaded succesfully with URL = http://d.aws.loyaltyweb.dev.nordstrom.com/Rewards/
Page loaded succesfully with URL = http://d.aws.loyaltyweb.dev.nordstrom.com/Rewards/
Page loaded succesfully with URL = http://tshop.dev.nordstrom.com/c/rewards-vip-event-access
</DebugTrace>
      </Output>
    </UnitTestResult>
    <UnitTestResult executionId="7ddb1800-6bf9-4d7d-9571-adcfea5935d6" testId="5e694850-8294-57c8-4195-a3f1001f6ca7" testName="LoyaltyLearnPage_WhenTypeRightURL_ShouldRenderLearnPage" computerName="MW00977477" duration="00:00:55.5556443" startTime="2015-12-26T18:30:13.2444494-08:00" endTime="2015-12-26T18:31:08.8060050-08:00" testType="13cdc9d9-ddb5-4fa4-a97d-d965ccfc6d4b" outcome="Passed" testListId="8c84fa94-04c1-424b-9868-57a2d4851a1d" relativeResultsDirectory="7ddb1800-6bf9-4d7d-9571-adcfea5935d6">
      <Output>
        <DebugTrace>Page loaded succesfully with URL = http://d.aws.loyaltyweb.dev.nordstrom.com/Rewards/
Page loaded succesfully with URL = http://d.aws.loyaltyweb.dev.nordstrom.com/Rewards/
Page loaded succesfully with URL = http://d.aws.loyaltyweb.dev.nordstrom.com/Rewards/
Page loaded succesfully with URL = http://d.aws.loyaltyweb.dev.nordstrom.com/Rewards/
Page loaded succesfully with URL = https://tsecure.dev.nordstrom.com/Rewards/Join.aspx
Page loaded succesfully with URL = https://tsecure.dev.nordstrom.com/Rewards/Join.aspx
</DebugTrace>
      </Output>
    </UnitTestResult>
    <UnitTestResult executionId="da89a714-74f9-471e-a94c-5d5b9da4b31b" testId="2d317ff8-6ca3-bc10-25ad-dac6170b3fb0" testName="NavigationToLoyaltyWebPage_TenderNeutralEnrollFeatureFlagOff_UserRedirectedToHomePage" computerName="MW00977477" duration="00:00:26.7071172" startTime="2015-12-26T18:31:08.8070051-08:00" endTime="2015-12-26T18:31:35.5216763-08:00" testType="13cdc9d9-ddb5-4fa4-a97d-d965ccfc6d4b" outcome="Passed" testListId="8c84fa94-04c1-424b-9868-57a2d4851a1d" relativeResultsDirectory="da89a714-74f9-471e-a94c-5d5b9da4b31b">
    </UnitTestResult>
    <UnitTestResult executionId="88add089-9c8d-4176-8577-7c4f32319e1f" testId="1898efd5-196a-37ac-00c2-cf7bfac58602" testName="NavigationToLoyaltyWebPage_TenderNeutralEnrollFeatureFlagOn_UserLandOnLoyaltyWebPageSuccessful" computerName="MW00977477" duration="00:00:38.5716919" startTime="2015-12-26T18:31:35.5236765-08:00" endTime="2015-12-26T18:32:14.1015339-08:00" testType="13cdc9d9-ddb5-4fa4-a97d-d965ccfc6d4b" outcome="Failed" testListId="8c84fa94-04c1-424b-9868-57a2d4851a1d" relativeResultsDirectory="88add089-9c8d-4176-8577-7c4f32319e1f">
      <Output>
        <DebugTrace>Page loaded succesfully with URL = https://tsecure.dev.nordstrom.com/Rewards/join.aspx
Element is not Valid: Exception =Could not find element by: By.CssSelector: span[id='ctl00_mainContentPlaceHolder_cvCheckBoxRequired']
</DebugTrace>
        <ErrorInfo>
          <Message>Assert.IsFalse failed. Error shows which it is not supposed to.</Message>
          <StackTrace>   at Nordstrom.Web.Test.UI.LoyaltyWeb.LoyaltyRegisterTests.NavigationToLoyaltyWebPage_TenderNeutralEnrollFeatureFlagOn_UserLandOnLoyaltyWebPageSuccessful() in c:\LoyaltyWebTest\Web\Test\UI\LoyaltyWeb\LoyaltyWebTest\LoyaltyWebTest\LoyaltyRegisterTests.cs:line 587
</StackTrace>
        </ErrorInfo>
      </Output>
    </UnitTestResult>
    <UnitTestResult executionId="e3a3ff46-9bda-41af-866d-ccd539631140" testId="9cf5e211-bf76-77a7-1a51-2660dd37747b" testName="TenderNeutralRewardsEnroll_AuthenticatedUserVerifyLinksOnThePage_LinksShouldNavigatetoCorrectUrls" computerName="MW00977477" duration="00:02:04.9548880" startTime="2015-12-26T18:32:14.1035341-08:00" endTime="2015-12-26T18:34:19.0680293-08:00" testType="13cdc9d9-ddb5-4fa4-a97d-d965ccfc6d4b" outcome="Passed" testListId="8c84fa94-04c1-424b-9868-57a2d4851a1d" relativeResultsDirectory="e3a3ff46-9bda-41af-866d-ccd539631140">
      <Output>
        <DebugTrace>Page loaded succesfully with URL = https://tsecure.dev.nordstrom.com/signIn.aspx
Page loaded succesfully with URL = https://tsecure.dev.nordstrom.com/signIn.aspx
Page loaded succesfully with URL = https://tsecure.dev.nordstrom.com/signIn.aspx
Page loaded succesfully with URL = https://tsecure.dev.nordstrom.com/signIn.aspx
Timed out waiting for element Not to be visible with locator: By.CssSelector: #ctl00_backgroundOverlay
WaitForElementToDisappear: Given locator not going away after 30 seconds - locator id: By.CssSelector: #ctl00_backgroundOverlay
Timed out waiting for element to be visible with locator: By.LinkText: Sign Out
Page loaded succesfully with URL = https://tsecure.dev.nordstrom.com/Rewards/join.aspx
Timed out waiting for element to be visible with locator: By.CssSelector: h1:contains('Terms &amp; Conditions')
Timed out waiting for element to be visible with locator: By.CssSelector: h2:contains('Get started by applying for a credit or debit card.')
Timed out waiting for element to be visible with locator: By.CssSelector: h1:contains('The Best Days to Splurge')
</DebugTrace>
      </Output>
    </UnitTestResult>
    <UnitTestResult executionId="0ee9fac7-ce01-4cbf-ac0f-6107252c7456" testId="1162438d-489e-5b8c-425b-42278f400ae0" testName="TenderNeutralRewardsEnroll_EnrollingRecognizedUser_ShouldPassInEnroll" computerName="MW00977477" duration="00:01:17.2533676" startTime="2015-12-26T18:34:19.0700295-08:00" endTime="2015-12-26T18:35:36.3317549-08:00" testType="13cdc9d9-ddb5-4fa4-a97d-d965ccfc6d4b" outcome="Failed" testListId="8c84fa94-04c1-424b-9868-57a2d4851a1d" relativeResultsDirectory="0ee9fac7-ce01-4cbf-ac0f-6107252c7456">
      <Output>
        <DebugTrace>Page loaded succesfully with URL = https://tsecure.dev.nordstrom.com/signIn.aspx
Page loaded succesfully with URL = https://tsecure.dev.nordstrom.com/signIn.aspx
Page loaded succesfully with URL = https://tsecure.dev.nordstrom.com/signIn.aspx
Page loaded succesfully with URL = https://tsecure.dev.nordstrom.com/signIn.aspx
WaitForElementToDisappear: progresss indicator appeared/went away
Element is not Valid: Exception =Could not find element by: By.Id: ctl00_mainContentPlaceHolder_accountProfileForm_validatorFirstNameRequired
Element is not Valid: Exception =Could not find element by: By.Id: ctl00_mainContentPlaceHolder_signIn_validatorEmailAddressRequired
Element is not Valid: Exception =Could not find element by: By.Id: ctl00_mainContentPlaceHolder_accountProfileForm_validatorEmail2Required
Element is not Valid: Exception =Could not find element by: By.Id: ctl00_mainContentPlaceHolder_signIn_validatorPasswordRequired
Element is not Valid: Exception =Could not find element by: By.Id: ctl00_mainContentPlaceHolder_accountProfileForm_validatorGenderRequired
Page loaded succesfully with URL = https://tsecure.dev.nordstrom.com/Rewards/join.aspx
Element is not Valid: Exception =Could not find element by: By.CssSelector: span[id='ctl00_mainContentPlaceHolder_cvCheckBoxRequired']
Element is not Valid: Exception =Could not find element by: By.Id: ctl00_mainContentPlaceHolder_CreatePasswordResource
Element is not Valid: Exception =Could not find element by: By.CssSelector: span[id='ctl00_mainContentPlaceHolder_ResourceLabel17']
Element is not Valid: Exception =Could not find element by: By.CssSelector: span[id='ctl00_mainContentPlaceHolder_ResourceLabel18']
Timed out waiting for element Not to be visible with locator: By.Id: ctl00_backgroundOverlayProgress
Page loaded succesfully with URL = https://tsecure.dev.nordstrom.com/Rewards/join.aspx
Page loaded succesfully with URL = https://tsecure.dev.nordstrom.com/Rewards/join.aspx
Timed out waiting for element to be visible with locator: By.Id: ctl00_mainContentPlaceHolder_btnVerify
</DebugTrace>
        <ErrorInfo>
          <Message>Assert.IsTrue failed. Navigation to mobile verification page on clicking Join button is not successful</Message>
          <StackTrace>   at Nordstrom.Web.Test.UI.LoyaltyWeb.LoyaltyRegisterTests.TenderNeutralRewardsEnroll_EnrollingRecognizedUser_ShouldPassInEnroll() in c:\LoyaltyWebTest\Web\Test\UI\LoyaltyWeb\LoyaltyWebTest\LoyaltyWebTest\LoyaltyRegisterTests.cs:line 426
</StackTrace>
        </ErrorInfo>
      </Output>
    </UnitTestResult>
    <UnitTestResult executionId="4e29f9af-d94f-496e-adc5-0e84aff39f58" testId="d4e6916d-b5c3-4e34-a42a-88ee7c6ccaa9" testName="TenderNeutralRewardsEnroll_EnrollingWebAuthenticatedUser_LoyaltyWebAccountCreatedSuccessfully" computerName="MW00977477" duration="00:00:33.5649445" startTime="2015-12-26T18:35:36.3337551-08:00" endTime="2015-12-26T18:36:09.9041118-08:00" testType="13cdc9d9-ddb5-4fa4-a97d-d965ccfc6d4b" outcome="Failed" testListId="8c84fa94-04c1-424b-9868-57a2d4851a1d" relativeResultsDirectory="4e29f9af-d94f-496e-adc5-0e84aff39f58">
      <Output>
        <DebugTrace>Page loaded succesfully with URL = https://tsecure.dev.nordstrom.com/Rewards/join.aspx
Element is not Valid: Exception =Could not find element by: By.CssSelector: span[id='ctl00_mainContentPlaceHolder_cvCheckBoxRequired']
</DebugTrace>
        <ErrorInfo>
          <Message>Assert.IsFalse failed. Client side error occured on Loyalty Tender Neutral Enroll Page</Message>
          <StackTrace>   at Nordstrom.Web.Test.UI.LoyaltyWeb.LoyaltyRegisterTests.TenderNeutralRewardsEnroll_EnrollingWebAuthenticatedUser_LoyaltyWebAccountCreatedSuccessfully() in c:\LoyaltyWebTest\Web\Test\UI\LoyaltyWeb\LoyaltyWebTest\LoyaltyWebTest\LoyaltyRegisterTests.cs:line 397
</StackTrace>
        </ErrorInfo>
      </Output>
    </UnitTestResult>
    <UnitTestResult executionId="ebf2c13c-e25c-40d9-b00f-df93b0603610" testId="d2a5ca71-63b3-74b7-abd6-f4ce50c7e642" testName="TenderNeutralRewardsEnroll_EnrollingWebGuestUserWithMoreThan16CharactersInFirstName_ThrowsError" computerName="MW00977477" duration="00:00:30.4217085" startTime="2015-12-26T18:36:09.9051119-08:00" endTime="2015-12-26T18:36:40.3311542-08:00" testType="13cdc9d9-ddb5-4fa4-a97d-d965ccfc6d4b" outcome="Passed" testListId="8c84fa94-04c1-424b-9868-57a2d4851a1d" relativeResultsDirectory="ebf2c13c-e25c-40d9-b00f-df93b0603610">
      <Output>
        <DebugTrace>Page loaded succesfully with URL = https://tsecure.dev.nordstrom.com/Rewards/join.aspx
</DebugTrace>
      </Output>
    </UnitTestResult>
    <UnitTestResult executionId="c2c82699-bb50-42c5-864b-2533394dfea3" testId="ed78253e-5e7b-e7fd-c865-316f069a0d67" testName="TenderNeutralRewardsEnroll_EnrollingWebGuestUserWithMoreThan16CharactersInLastName_ThrowsError" computerName="MW00977477" duration="00:00:32.3811373" startTime="2015-12-26T18:36:40.3331544-08:00" endTime="2015-12-26T18:37:12.7183926-08:00" testType="13cdc9d9-ddb5-4fa4-a97d-d965ccfc6d4b" outcome="Passed" testListId="8c84fa94-04c1-424b-9868-57a2d4851a1d" relativeResultsDirectory="c2c82699-bb50-42c5-864b-2533394dfea3">
      <Output>
        <DebugTrace>Page loaded succesfully with URL = https://tsecure.dev.nordstrom.com/Rewards/join.aspx
</DebugTrace>
      </Output>
    </UnitTestResult>
    <UnitTestResult executionId="2b2d5250-7ec8-4550-9e37-80af18de250c" testId="4d638e32-5855-1388-3e9e-cde5f0a77c27" testName="TenderNeutralRewardsEnroll_EnrollingWebGuestUserWithSpecialCharacterInFirstName_ThrowsError" computerName="MW00977477" duration="00:00:36.9059425" startTime="2015-12-26T18:37:12.7193927-08:00" endTime="2015-12-26T18:37:49.6310835-08:00" testType="13cdc9d9-ddb5-4fa4-a97d-d965ccfc6d4b" outcome="Passed" testListId="8c84fa94-04c1-424b-9868-57a2d4851a1d" relativeResultsDirectory="2b2d5250-7ec8-4550-9e37-80af18de250c">
      <Output>
        <DebugTrace>Page loaded succesfully with URL = https://tsecure.dev.nordstrom.com/Rewards/join.aspx
</DebugTrace>
      </Output>
    </UnitTestResult>
    <UnitTestResult executionId="eea7f595-5130-4f69-aaa5-b3aeebe94608" testId="d8d2522c-d687-f307-5915-98cd323cb3f9" testName="TenderNeutralRewardsEnroll_EnrollingWebGuestUserWithSpecialCharacterInLastName_ThrowsError" computerName="MW00977477" duration="00:00:32.4197730" startTime="2015-12-26T18:37:49.6330837-08:00" endTime="2015-12-26T18:38:22.0573258-08:00" testType="13cdc9d9-ddb5-4fa4-a97d-d965ccfc6d4b" outcome="Passed" testListId="8c84fa94-04c1-424b-9868-57a2d4851a1d" relativeResultsDirectory="eea7f595-5130-4f69-aaa5-b3aeebe94608">
      <Output>
        <DebugTrace>Page loaded succesfully with URL = https://tsecure.dev.nordstrom.com/Rewards/join.aspx
</DebugTrace>
      </Output>
    </UnitTestResult>
    <UnitTestResult executionId="a5455089-6747-4ba3-9584-7299484352c4" testId="dc336b25-76b0-1ed1-8abe-705617b468be" testName="TenderNeutralRewardsEnroll_GuestUserVerifyLinksOnThePage_LinksShouldNavigatetoCorrectUrls" computerName="MW00977477" duration="00:01:46.2157753" startTime="2015-12-26T18:38:22.0603261-08:00" endTime="2015-12-26T18:40:08.2849475-08:00" testType="13cdc9d9-ddb5-4fa4-a97d-d965ccfc6d4b" outcome="Failed" testListId="8c84fa94-04c1-424b-9868-57a2d4851a1d" relativeResultsDirectory="a5455089-6747-4ba3-9584-7299484352c4">
      <Output>
        <DebugTrace>Page loaded succesfully with URL = https://tsecure.dev.nordstrom.com/Rewards/join.aspx
Element is not Valid: Exception =Could not find element by: By.Id: ctl00_mainContentPlaceHolder_PasswrodSubhead
Timed out waiting for element to be visible with locator: By.CssSelector: h1:contains('Terms &amp; Conditions')
Timed out waiting for element to be visible with locator: By.CssSelector: h2:contains('Get started by applying for a credit or debit card.')
Timed out waiting for element to be visible with locator: By.CssSelector: h1:contains('The Best Days to Splurge')
Timed out waiting for element to be visible with locator: By.CssSelector: a[href*='PasswordReminder.aspx']
Forgot your Password link is not visible</DebugTrace>
        <ErrorInfo>
          <Message>Assert.IsTrue failed. Forgot your password Link is not navigated to the relevant page successfully</Message>
          <StackTrace>   at Nordstrom.Web.Test.UI.LoyaltyWeb.LoyaltyRegisterTests.TenderNeutralRewardsEnroll_GuestUserVerifyLinksOnThePage_LinksShouldNavigatetoCorrectUrls() in c:\LoyaltyWebTest\Web\Test\UI\LoyaltyWeb\LoyaltyWebTest\LoyaltyWebTest\LoyaltyRegisterTests.cs:line 1053
</StackTrace>
        </ErrorInfo>
      </Output>
    </UnitTestResult>
    <UnitTestResult executionId="d7924703-d3f3-42f7-ad7d-82809647e624" testId="d3ba0755-91e1-30c5-315a-f25399e3023a" testName="TenderNeutralRewardsEnroll_LoyaltyTenderNeutralGuestUserConfirmPasswordField_MismatchErrorMessageDisplayedSuccessfully" computerName="MW00977477" duration="00:00:51.1138343" startTime="2015-12-26T18:40:08.2869477-08:00" endTime="2015-12-26T18:40:59.4070592-08:00" testType="13cdc9d9-ddb5-4fa4-a97d-d965ccfc6d4b" outcome="Passed" testListId="8c84fa94-04c1-424b-9868-57a2d4851a1d" relativeResultsDirectory="d7924703-d3f3-42f7-ad7d-82809647e624">
      <Output>
        <DebugTrace>Page loaded succesfully with URL = https://tsecure.dev.nordstrom.com/Rewards/join.aspx
</DebugTrace>
      </Output>
    </UnitTestResult>
    <UnitTestResult executionId="5785c206-b0ca-4bab-a840-724ac65d8f60" testId="c9d681f3-7d2a-3b30-6a06-24588c794ac5" testName="TenderNeutralRewardsEnroll_LoyaltyTenderNeutralGuestUserEmailField_ErrorMessageDisplayedSuccessfully" computerName="MW00977477" duration="00:00:44.1618699" startTime="2015-12-26T18:40:59.4090594-08:00" endTime="2015-12-26T18:41:43.5764757-08:00" testType="13cdc9d9-ddb5-4fa4-a97d-d965ccfc6d4b" outcome="Passed" testListId="8c84fa94-04c1-424b-9868-57a2d4851a1d" relativeResultsDirectory="5785c206-b0ca-4bab-a840-724ac65d8f60">
      <Output>
        <DebugTrace>Page loaded succesfully with URL = https://tsecure.dev.nordstrom.com/Rewards/join.aspx
</DebugTrace>
      </Output>
    </UnitTestResult>
    <UnitTestResult executionId="ae19c135-ef5e-4134-9e74-e9b9941caae1" testId="b6897335-ba4e-a142-6fbc-5f99f55eddfb" testName="TenderNeutralRewardsEnroll_LoyaltyTenderNeutralGuestUserInvalidPhoneNumberFieldEntry_ErrorMessageDisplayedSuccessfully" computerName="MW00977477" duration="00:01:02.5675394" startTime="2015-12-26T18:41:43.5814762-08:00" endTime="2015-12-26T18:42:46.1557330-08:00" testType="13cdc9d9-ddb5-4fa4-a97d-d965ccfc6d4b" outcome="Passed" testListId="8c84fa94-04c1-424b-9868-57a2d4851a1d" relativeResultsDirectory="ae19c135-ef5e-4134-9e74-e9b9941caae1">
      <Output>
        <DebugTrace>Page loaded succesfully with URL = https://tsecure.dev.nordstrom.com/Rewards/join.aspx
</DebugTrace>
      </Output>
    </UnitTestResult>
    <UnitTestResult executionId="a7562fb8-00d8-4f92-8d7e-d53f2f12278c" testId="98f3b8cc-a409-a327-2cce-f0ebee095d09" testName="TenderNeutralRewardsEnroll_LoyaltyTenderNeutralGuestUserPasswordFieldSpecialCharactersEntry_ErrorMessageDisplayedSuccessfully" computerName="MW00977477" duration="00:00:36.0192962" startTime="2015-12-26T18:42:46.1577332-08:00" endTime="2015-12-26T18:43:22.1853356-08:00" testType="13cdc9d9-ddb5-4fa4-a97d-d965ccfc6d4b" outcome="Passed" testListId="8c84fa94-04c1-424b-9868-57a2d4851a1d" relativeResultsDirectory="a7562fb8-00d8-4f92-8d7e-d53f2f12278c">
      <Output>
        <DebugTrace>Page loaded succesfully with URL = https://tsecure.dev.nordstrom.com/Rewards/join.aspx
</DebugTrace>
      </Output>
    </UnitTestResult>
    <UnitTestResult executionId="7559395d-3040-4a86-b472-4a62ef9718ed" testId="c0b34bd0-4b58-a51d-1f25-53756c16dc68" testName="TenderNeutralRewardsEnroll_LoyaltyTenderNeutralGuestUserPhoneNumberFieldSpecialCharactersEntry_ErrorMessageDisplayedSuccessfully" computerName="MW00977477" duration="00:00:40.3448669" startTime="2015-12-26T18:43:22.1883359-08:00" endTime="2015-12-26T18:44:02.5393706-08:00" testType="13cdc9d9-ddb5-4fa4-a97d-d965ccfc6d4b" outcome="Passed" testListId="8c84fa94-04c1-424b-9868-57a2d4851a1d" relativeResultsDirectory="7559395d-3040-4a86-b472-4a62ef9718ed">
      <Output>
        <DebugTrace>Page loaded succesfully with URL = https://tsecure.dev.nordstrom.com/Rewards/join.aspx
</DebugTrace>
      </Output>
    </UnitTestResult>
    <UnitTestResult executionId="4f4595ef-7261-43ba-a6ef-4a2980e43353" testId="f70e1f82-15d8-1be1-b2b4-b9f0d083e660" testName="TenderNeutralRewardsEnroll_LoyaltyTenderNeutralRegisteredAuthenticatedUser_EmailPrePopulationVerificationSuccessful" computerName="MW00977477" duration="00:01:10.4295910" startTime="2015-12-26T18:44:02.5413708-08:00" endTime="2015-12-26T18:45:12.9730835-08:00" testType="13cdc9d9-ddb5-4fa4-a97d-d965ccfc6d4b" outcome="Passed" testListId="8c84fa94-04c1-424b-9868-57a2d4851a1d" relativeResultsDirectory="4f4595ef-7261-43ba-a6ef-4a2980e43353">
      <Output>
        <DebugTrace>Page loaded succesfully with URL = https://tsecure.dev.nordstrom.com/signIn.aspx
Page loaded succesfully with URL = https://tsecure.dev.nordstrom.com/signIn.aspx
Page loaded succesfully with URL = https://tsecure.dev.nordstrom.com/signIn.aspx
Page loaded succesfully with URL = https://tsecure.dev.nordstrom.com/signIn.aspx
Timed out waiting for element to be visible with locator: By.CssSelector: #ctl00_backgroundOverlay
WaitForElementToDisappear: Given Locator did not appear after 10 seconds - but ok - locator id: By.CssSelector: #ctl00_backgroundOverlay
Timed out waiting for element to be visible with locator: By.LinkText: Sign Out
Timed out waiting for element to be visible with locator: By.LinkText: Sign Out
VerifyCreatedAccount: sign out link is not visible
CreateNordAccount: Exception occured when creating new account: exception = 'Assert.IsTrue failed. Verify a new account has been created successfully'
Page loaded succesfully with URL = https://tsecure.dev.nordstrom.com/Rewards/join.aspx
</DebugTrace>
      </Output>
    </UnitTestResult>
    <UnitTestResult executionId="5d72e3f2-34f8-477e-84e1-7bcd75dfb22c" testId="5c6e6cca-5cd4-1632-9ca1-9c14b9dbd1c4" testName="TenderNeutralRewardsEnroll_LoyaltyTenderNeutralRegisteredAuthenticatedUser_MandatoryFieldsDisplaySuccessful" computerName="MW00977477" duration="00:01:13.4047252" startTime="2015-12-26T18:45:12.9750835-08:00" endTime="2015-12-26T18:46:26.3800835-08:00" testType="13cdc9d9-ddb5-4fa4-a97d-d965ccfc6d4b" outcome="Failed" testListId="8c84fa94-04c1-424b-9868-57a2d4851a1d" relativeResultsDirectory="5d72e3f2-34f8-477e-84e1-7bcd75dfb22c">
      <Output>
        <DebugTrace>Page loaded succesfully with URL = https://tsecure.dev.nordstrom.com/signIn.aspx
Page loaded succesfully with URL = https://tsecure.dev.nordstrom.com/signIn.aspx
Page loaded succesfully with URL = https://tsecure.dev.nordstrom.com/signIn.aspx
Page loaded succesfully with URL = https://tsecure.dev.nordstrom.com/signIn.aspx
Timed out waiting for element to be visible with locator: By.CssSelector: #ctl00_backgroundOverlay
WaitForElementToDisappear: Given Locator did not appear after 10 seconds - but ok - locator id: By.CssSelector: #ctl00_backgroundOverlay
Timed out waiting for element to be visible with locator: By.LinkText: Sign Out
Timed out waiting for element to be visible with locator: By.LinkText: Sign Out
VerifyCreatedAccount: sign out link is not visible
CreateNordAccount: Exception occured when creating new account: exception = 'Assert.IsTrue failed. Verify a new account has been created successfully'
Page loaded succesfully with URL = https://tsecure.dev.nordstrom.com/Rewards/join.aspx
</DebugTrace>
        <ErrorInfo>
          <Message>Assert.IsTrue failed. Pre- populated email field is not present on the loyalty enroll page</Message>
          <StackTrace>   at Nordstrom.Web.Test.UI.Common.PageObjects.LoyaltyRegisterPage.VerifyingMandatoryFieldsOnLoyaltyTenderNeutralRewardsPages(String decisiveparam) in c:\LoyaltyWebTest\Web\Test\UI\Common\PageObjects\LoyaltyRegisterPage.cs:line 507
   at Nordstrom.Web.Test.UI.LoyaltyWeb.LoyaltyRegisterTests.TenderNeutralRewardsEnroll_LoyaltyTenderNeutralRegisteredAuthenticatedUser_MandatoryFieldsDisplaySuccessful() in c:\LoyaltyWebTest\Web\Test\UI\LoyaltyWeb\LoyaltyWebTest\LoyaltyWebTest\LoyaltyRegisterTests.cs:line 365
</StackTrace>
        </ErrorInfo>
      </Output>
    </UnitTestResult>
    <UnitTestResult executionId="a81b35e8-cf7e-405a-9310-1c07dc71bea6" testId="12446332-be04-0a8f-d8db-23e5eb680c27" testName="TenderNeutralRewardsEnroll_LoyaltyTenderNeutralUnrecognisedUserLeaveFieldsBlank_ErrorMessageDisplayedSuccessfully" computerName="MW00977477" duration="00:00:34.3633247" startTime="2015-12-26T18:46:26.3810835-08:00" endTime="2015-12-26T18:47:00.7470835-08:00" testType="13cdc9d9-ddb5-4fa4-a97d-d965ccfc6d4b" outcome="Passed" testListId="8c84fa94-04c1-424b-9868-57a2d4851a1d" relativeResultsDirectory="a81b35e8-cf7e-405a-9310-1c07dc71bea6">
      <Output>
        <DebugTrace>Page loaded succesfully with URL = https://tsecure.dev.nordstrom.com/Rewards/join.aspx
</DebugTrace>
      </Output>
    </UnitTestResult>
    <UnitTestResult executionId="f59df452-27b1-4ba8-a59e-58ac72d53e9e" testId="eaf85329-ca0a-c954-261a-a3bcb16c9517" testName="TenderNeutralRewardsEnroll_LoyaltyTenderNeutralUnrecognisedUserLeaveFirstNameFieldBlank_ErrorMessageDisplayedSuccessfully" computerName="MW00977477" duration="00:00:44.0184386" startTime="2015-12-26T18:47:00.7490835-08:00" endTime="2015-12-26T18:47:44.7680835-08:00" testType="13cdc9d9-ddb5-4fa4-a97d-d965ccfc6d4b" outcome="Passed" testListId="8c84fa94-04c1-424b-9868-57a2d4851a1d" relativeResultsDirectory="f59df452-27b1-4ba8-a59e-58ac72d53e9e">
      <Output>
        <DebugTrace>Page loaded succesfully with URL = https://tsecure.dev.nordstrom.com/Rewards/join.aspx
</DebugTrace>
      </Output>
    </UnitTestResult>
    <UnitTestResult executionId="1e4e2d5f-ae94-448f-841d-34b31e9296fe" testId="32087f87-3ab9-f41c-43c0-e6fe3bc56d49" testName="TenderNeutralRewardsEnroll_LoyaltyTenderNeutralUnrecognisedUserLeaveFirstNameFieldBlankTabOut_ErrorMessageDisplayedSuccessfully" computerName="MW00977477" duration="00:00:35.3033688" startTime="2015-12-26T18:47:44.7720835-08:00" endTime="2015-12-26T18:48:20.0760835-08:00" testType="13cdc9d9-ddb5-4fa4-a97d-d965ccfc6d4b" outcome="Passed" testListId="8c84fa94-04c1-424b-9868-57a2d4851a1d" relativeResultsDirectory="1e4e2d5f-ae94-448f-841d-34b31e9296fe">
      <Output>
        <DebugTrace>Page loaded succesfully with URL = https://tsecure.dev.nordstrom.com/Rewards/join.aspx
</DebugTrace>
      </Output>
    </UnitTestResult>
    <UnitTestResult executionId="2ed78da3-8fa1-4ee8-b9a0-37cceef98c2e" testId="cf957190-74f0-1644-0567-383976a0bbbf" testName="TenderNeutralRewardsEnroll_LoyaltyTenderNeutralUnrecognisedUserLeaveLastNameFieldBlank_ErrorMessageDisplayedSuccessfully" computerName="MW00977477" duration="00:00:34.8121830" startTime="2015-12-26T18:48:20.0780835-08:00" endTime="2015-12-26T18:48:54.8920835-08:00" testType="13cdc9d9-ddb5-4fa4-a97d-d965ccfc6d4b" outcome="Passed" testListId="8c84fa94-04c1-424b-9868-57a2d4851a1d" relativeResultsDirectory="2ed78da3-8fa1-4ee8-b9a0-37cceef98c2e">
      <Output>
        <DebugTrace>Page loaded succesfully with URL = https://tsecure.dev.nordstrom.com/Rewards/join.aspx
</DebugTrace>
      </Output>
    </UnitTestResult>
    <UnitTestResult executionId="28dab595-2d0c-4283-b04c-31a310bd5c9d" testId="f8f31b6e-9a57-18ef-ecb2-7d1dc23e1ba3" testName="TenderNeutralRewardsEnroll_LoyaltyTenderNeutralUnrecognisedUserLeavePasswordFieldBlank_ErrorMessageDisplayedSuccessfully" computerName="MW00977477" duration="00:00:37.8696398" startTime="2015-12-26T18:48:54.8950835-08:00" endTime="2015-12-26T18:49:32.7670835-08:00" testType="13cdc9d9-ddb5-4fa4-a97d-d965ccfc6d4b" outcome="Passed" testListId="8c84fa94-04c1-424b-9868-57a2d4851a1d" relativeResultsDirectory="28dab595-2d0c-4283-b04c-31a310bd5c9d">
      <Output>
        <DebugTrace>Page loaded succesfully with URL = https://tsecure.dev.nordstrom.com/Rewards/join.aspx
</DebugTrace>
      </Output>
    </UnitTestResult>
    <UnitTestResult executionId="1a0102ad-8906-4c74-bf57-700bfc3d874b" testId="2c5acb84-e512-ccac-4b8b-8ea6b0d3920c" testName="TenderNeutralRewardsEnroll_LoyaltyTenderNeutralUnrecognisedUserLeavePhoneNumberFieldBlank_ErrorMessageDisplayedSuccessfully" computerName="MW00977477" duration="00:00:37.7813728" startTime="2015-12-26T18:49:32.7700835-08:00" endTime="2015-12-26T18:50:10.5560835-08:00" testType="13cdc9d9-ddb5-4fa4-a97d-d965ccfc6d4b" outcome="Passed" testListId="8c84fa94-04c1-424b-9868-57a2d4851a1d" relativeResultsDirectory="1a0102ad-8906-4c74-bf57-700bfc3d874b">
      <Output>
        <DebugTrace>Page loaded succesfully with URL = https://tsecure.dev.nordstrom.com/Rewards/join.aspx
</DebugTrace>
      </Output>
    </UnitTestResult>
    <UnitTestResult executionId="e81028b1-c3bb-4443-962a-f0436b18b590" testId="3328ea28-7cd9-8126-b497-abe963133f32" testName="TenderNeutralRewardsEnroll_LoyaltyTNAuthenticatedUserLeaveFieldsBlank_ErrorMessageDisplayedSuccessfully" computerName="MW00977477" duration="00:00:58.2219978" startTime="2015-12-26T18:50:10.5570835-08:00" endTime="2015-12-26T18:51:08.7790835-08:00" testType="13cdc9d9-ddb5-4fa4-a97d-d965ccfc6d4b" outcome="Passed" testListId="8c84fa94-04c1-424b-9868-57a2d4851a1d" relativeResultsDirectory="e81028b1-c3bb-4443-962a-f0436b18b590">
      <Output>
        <DebugTrace>Page loaded succesfully with URL = https://tsecure.dev.nordstrom.com/signIn.aspx
Page loaded succesfully with URL = https://tsecure.dev.nordstrom.com/signIn.aspx
Page loaded succesfully with URL = https://tsecure.dev.nordstrom.com/signIn.aspx
Page loaded succesfully with URL = https://tsecure.dev.nordstrom.com/signIn.aspx
Timed out waiting for element to be visible with locator: By.CssSelector: #ctl00_backgroundOverlay
WaitForElementToDisappear: Given Locator did not appear after 10 seconds - but ok - locator id: By.CssSelector: #ctl00_backgroundOverlay
Timed out waiting for element to be visible with locator: By.LinkText: Sign Out
VerifyCreatedAccount: some kind of client Error is visible
CreateNordAccount: Exception occured when creating new account: exception = 'Assert.IsTrue failed. Verify a new account has been created successfully'
Page loaded succesfully with URL = https://tsecure.dev.nordstrom.com/Rewards/join.aspx
</DebugTrace>
      </Output>
    </UnitTestResult>
    <UnitTestResult executionId="397508c9-2f72-4749-a218-931cbcd9160d" testId="f10986fe-03bc-a93b-c860-23e4c247fc73" testName="TenderNeutralRewardsEnroll_LoyaltyTNGuestUser_ErrorMessageVanishesOnValidEntry" computerName="MW00977477" duration="00:00:56.3369622" startTime="2015-12-26T18:51:08.7850835-08:00" endTime="2015-12-26T18:52:05.1220835-08:00" testType="13cdc9d9-ddb5-4fa4-a97d-d965ccfc6d4b" outcome="Failed" testListId="8c84fa94-04c1-424b-9868-57a2d4851a1d" relativeResultsDirectory="397508c9-2f72-4749-a218-931cbcd9160d">
      <Output>
        <DebugTrace>Page loaded succesfully with URL = https://tsecure.dev.nordstrom.com/Rewards/join.aspx
Timed out waiting for element to be visible with locator: By.Id: ctl00_backgroundOverlayProgress
Page loaded succesfully with URL = https://tsecure.dev.nordstrom.com/Rewards/join.aspx
Page loaded succesfully with URL = https://tsecure.dev.nordstrom.com/Rewards/join.aspx
Timed out waiting for element to be visible with locator: By.Id: ctl00_mainContentPlaceHolder_btnVerify
</DebugTrace>
        <ErrorInfo>
          <Message>Assert.IsFalse failed. Client side error occured on Loyalty Tender Neutral Enroll Page</Message>
          <StackTrace>   at Nordstrom.Web.Test.UI.LoyaltyWeb.LoyaltyRegisterTests.TenderNeutralRewardsEnroll_LoyaltyTNGuestUser_ErrorMessageVanishesOnValidEntry() in c:\LoyaltyWebTest\Web\Test\UI\LoyaltyWeb\LoyaltyWebTest\LoyaltyWebTest\LoyaltyRegisterTests.cs:line 638
</StackTrace>
        </ErrorInfo>
      </Output>
    </UnitTestResult>
    <UnitTestResult executionId="07acb7f9-5356-42ff-ae59-4a9cd7601c23" testId="62822ede-d7ae-a303-deb5-5de2d01d3518" testName="TenderNeutralRewardsEnroll_LoyaltyTNRecognisedUserLeaveFieldsBlank_ErrorMessageDisplayedSuccessfully" computerName="MW00977477" duration="00:01:01.5183571" startTime="2015-12-26T18:52:05.1240835-08:00" endTime="2015-12-26T18:53:06.6430835-08:00" testType="13cdc9d9-ddb5-4fa4-a97d-d965ccfc6d4b" outcome="Passed" testListId="8c84fa94-04c1-424b-9868-57a2d4851a1d" relativeResultsDirectory="07acb7f9-5356-42ff-ae59-4a9cd7601c23">
      <Output>
        <DebugTrace>Page loaded succesfully with URL = https://tsecure.dev.nordstrom.com/signIn.aspx
Page loaded succesfully with URL = https://tsecure.dev.nordstrom.com/signIn.aspx
Page loaded succesfully with URL = https://tsecure.dev.nordstrom.com/signIn.aspx
Page loaded succesfully with URL = https://tsecure.dev.nordstrom.com/signIn.aspx
Timed out waiting for element to be visible with locator: By.CssSelector: #ctl00_backgroundOverlay
WaitForElementToDisappear: Given Locator did not appear after 10 seconds - but ok - locator id: By.CssSelector: #ctl00_backgroundOverlay
Timed out waiting for element to be visible with locator: By.LinkText: Sign Out
VerifyCreatedAccount: some kind of client Error is visible
CreateNordAccount: Exception occured when creating new account: exception = 'Assert.IsTrue failed. Verify a new account has been created successfully'
Page loaded succesfully with URL = https://tsecure.dev.nordstrom.com/Rewards/join.aspx
</DebugTrace>
      </Output>
    </UnitTestResult>
    <UnitTestResult executionId="885e4713-d19b-4264-859e-3719352c5033" testId="d4223cb2-795f-acc3-97c9-3a959ae1fbec" testName="TenderNeutralRewardsEnroll_MarketingPreferenceForAuthenticatedUser_MarketingPreferenceNotDisplayed" computerName="MW00977477" duration="00:00:59.8012285" startTime="2015-12-26T18:53:06.6450835-08:00" endTime="2015-12-26T18:54:06.4460835-08:00" testType="13cdc9d9-ddb5-4fa4-a97d-d965ccfc6d4b" outcome="Failed" testListId="8c84fa94-04c1-424b-9868-57a2d4851a1d" relativeResultsDirectory="885e4713-d19b-4264-859e-3719352c5033">
      <Output>
        <DebugTrace>Page loaded succesfully with URL = https://tsecure.dev.nordstrom.com/signIn.aspx
Page loaded succesfully with URL = https://tsecure.dev.nordstrom.com/signIn.aspx
Page loaded succesfully with URL = https://tsecure.dev.nordstrom.com/signIn.aspx
Page loaded succesfully with URL = https://tsecure.dev.nordstrom.com/signIn.aspx
Timed out waiting for element to be visible with locator: By.CssSelector: #ctl00_backgroundOverlay
WaitForElementToDisappear: Given Locator did not appear after 10 seconds - but ok - locator id: By.CssSelector: #ctl00_backgroundOverlay
Timed out waiting for element to be visible with locator: By.LinkText: Sign Out
VerifyCreatedAccount: some kind of client Error is visible
CreateNordAccount: Exception occured when creating new account: exception = 'Assert.IsTrue failed. Verify a new account has been created successfully'
Page loaded succesfully with URL = https://tsecure.dev.nordstrom.com/Rewards/join.aspx
</DebugTrace>
        <ErrorInfo>
          <Message>Assert.IsTrue failed. Marketing Preference is displayed on Loyalty enroll page for a registered, authenticated user </Message>
          <StackTrace>   at Nordstrom.Web.Test.UI.LoyaltyWeb.LoyaltyRegisterTests.TenderNeutralRewardsEnroll_MarketingPreferenceForAuthenticatedUser_MarketingPreferenceNotDisplayed() in c:\LoyaltyWebTest\Web\Test\UI\LoyaltyWeb\LoyaltyWebTest\LoyaltyWebTest\LoyaltyRegisterTests.cs:line 447
</StackTrace>
        </ErrorInfo>
      </Output>
    </UnitTestResult>
    <UnitTestResult executionId="5278bc18-074b-4746-b3ff-8c4aa8ce6481" testId="01347002-569a-eb94-de92-c8249c2837bc" testName="TenderNeutralRewardsEnroll_MarketingPreferenceForRecognizedUser_MarketingPreferenceNotDisplayed" computerName="MW00977477" duration="00:01:06.1125662" startTime="2015-12-26T18:54:06.4480835-08:00" endTime="2015-12-26T18:55:12.5600835-08:00" testType="13cdc9d9-ddb5-4fa4-a97d-d965ccfc6d4b" outcome="Failed" testListId="8c84fa94-04c1-424b-9868-57a2d4851a1d" relativeResultsDirectory="5278bc18-074b-4746-b3ff-8c4aa8ce6481">
      <Output>
        <DebugTrace>Page loaded succesfully with URL = http://tshop.dev.nordstrom.com/
Page loaded succesfully with URL = https://tsecure.dev.nordstrom.com/signIn.aspx
Page loaded succesfully with URL = https://tsecure.dev.nordstrom.com/signIn.aspx
Page loaded succesfully with URL = https://tsecure.dev.nordstrom.com/signIn.aspx
Page loaded succesfully with URL = https://tsecure.dev.nordstrom.com/signIn.aspx
Timed out waiting for element to be visible with locator: By.CssSelector: #ctl00_backgroundOverlay
WaitForElementToDisappear: Given Locator did not appear after 10 seconds - but ok - locator id: By.CssSelector: #ctl00_backgroundOverlay
Timed out waiting for element to be visible with locator: By.LinkText: Sign Out
VerifyCreatedAccount: some kind of client Error is visible
CreateNordAccount: Exception occured when creating new account: exception = 'Assert.IsTrue failed. Verify a new account has been created successfully'
Page loaded succesfully with URL = https://tsecure.dev.nordstrom.com/Rewards/join.aspx
</DebugTrace>
        <ErrorInfo>
          <Message>Assert.IsTrue failed. Marketing Preference is displayed on Loyalty register page for a recognized user</Message>
          <StackTrace>   at Nordstrom.Web.Test.UI.LoyaltyWeb.LoyaltyRegisterTests.TenderNeutralRewardsEnroll_MarketingPreferenceForRecognizedUser_MarketingPreferenceNotDisplayed() in c:\LoyaltyWebTest\Web\Test\UI\LoyaltyWeb\LoyaltyWebTest\LoyaltyWebTest\LoyaltyRegisterTests.cs:line 469
</StackTrace>
        </ErrorInfo>
      </Output>
    </UnitTestResult>
    <UnitTestResult executionId="b9a6b505-9d29-474d-912f-d38d7a394741" testId="62c23b49-01d5-ec14-64fa-60b14f5b3266" testName="TenderNeutralRewardsEnroll_MultipleUserScenariosBasic_EnrollShouldBeSucceedInTheEnd" computerName="MW00977477" duration="00:01:35.2253169" startTime="2015-12-26T18:55:12.5630835-08:00" endTime="2015-12-26T18:56:47.7870835-08:00" testType="13cdc9d9-ddb5-4fa4-a97d-d965ccfc6d4b" outcome="Failed" testListId="8c84fa94-04c1-424b-9868-57a2d4851a1d" relativeResultsDirectory="b9a6b505-9d29-474d-912f-d38d7a394741">
      <Output>
        <DebugTrace>Page loaded succesfully with URL = https://tsecure.dev.nordstrom.com/signIn.aspx
Page loaded succesfully with URL = https://tsecure.dev.nordstrom.com/signIn.aspx
Page loaded succesfully with URL = https://tsecure.dev.nordstrom.com/signIn.aspx
Page loaded succesfully with URL = https://tsecure.dev.nordstrom.com/signIn.aspx
Timed out waiting for element to be visible with locator: By.CssSelector: #ctl00_backgroundOverlay
WaitForElementToDisappear: Given Locator did not appear after 10 seconds - but ok - locator id: By.CssSelector: #ctl00_backgroundOverlay
Timed out waiting for element to be visible with locator: By.LinkText: Sign Out
VerifyCreatedAccount: some kind of client Error is visible
CreateNordAccount: Exception occured when creating new account: exception = 'Assert.IsTrue failed. Verify a new account has been created successfully'
Page loaded succesfully with URL = https://tsecure.dev.nordstrom.com/Rewards/join.aspx
Timed out waiting for element to be visible with locator: By.Id: ctl00_backgroundOverlayProgress
Page loaded succesfully with URL = https://tsecure.dev.nordstrom.com/Rewards/join.aspx
Page loaded succesfully with URL = https://tsecure.dev.nordstrom.com/Rewards/join.aspx
Timed out waiting for element to be visible with locator: By.Id: ctl00_mainContentPlaceHolder_btnVerify
Element Not found with the given locator (By.LinkText: Sign Out)
Element not found with given locator By.LinkText: Sign Out
Element Not found with the given locator (By.LinkText: Not You?)
Element not found with given locator By.LinkText: Not You?
Page loaded succesfully with URL = https://tsecure.dev.nordstrom.com/Rewards/join.aspx
Page loaded succesfully with URL = https://tsecure.dev.nordstrom.com/Rewards/join.aspx
Timed out waiting for element to be visible with locator: By.Id: subMessageHeader
</DebugTrace>
        <ErrorInfo>
          <Message>Test method Nordstrom.Web.Test.UI.LoyaltyWeb.LoyaltyRegisterTests.TenderNeutralRewardsEnroll_MultipleUserScenariosBasic_EnrollShouldBeSucceedInTheEnd threw exception: 
OpenQA.Selenium.NoSuchElementException: Could not find element by: By.Id: subMessageHeader</Message>
          <StackTrace>    at OpenQA.Selenium.Support.PageObjects.DefaultElementLocator.LocateElement(IEnumerable`1 bys)
   at OpenQA.Selenium.Support.PageObjects.WebElementProxy.get_Element()
   at OpenQA.Selenium.Support.PageObjects.WebElementProxy.Invoke(IMessage msg)
   at System.Runtime.Remoting.Proxies.RealProxy.PrivateInvoke(MessageData&amp; msgData, Int32 type)
   at OpenQA.Selenium.IWebElement.get_Text()
   at Nordstrom.Web.Test.UI.Common.PageObjects.LoyaltyRegisterPage.VerifyExistingEnrollUserGotRightMessageWhenEnrollAgain() in c:\LoyaltyWebTest\Web\Test\UI\Common\PageObjects\LoyaltyRegisterPage.cs:line 906
   at Nordstrom.Web.Test.UI.LoyaltyWeb.LoyaltyRegisterTests.TenderNeutralRewardsEnroll_MultipleUserScenariosBasic_EnrollShouldBeSucceedInTheEnd() in c:\LoyaltyWebTest\Web\Test\UI\LoyaltyWeb\LoyaltyWebTest\LoyaltyWebTest\LoyaltyRegisterTests.cs:line 1030
</StackTrace>
        </ErrorInfo>
      </Output>
    </UnitTestResult>
    <UnitTestResult executionId="11f63174-031e-4e4d-acd6-8d89d4a86c2e" testId="e870b60f-b9cd-9456-770e-be1a0622deb5" testName="TenderNeutralRewardsEnroll_RecognizedUserVerifyLinksOnThePage_LinksShouldNavigatetoCorrectUrls" computerName="MW00977477" duration="00:01:58.9914100" startTime="2015-12-26T18:56:47.7910835-08:00" endTime="2015-12-26T18:58:46.7810835-08:00" testType="13cdc9d9-ddb5-4fa4-a97d-d965ccfc6d4b" outcome="Failed" testListId="8c84fa94-04c1-424b-9868-57a2d4851a1d" relativeResultsDirectory="11f63174-031e-4e4d-acd6-8d89d4a86c2e">
      <Output>
        <DebugTrace>Page loaded succesfully with URL = https://tsecure.dev.nordstrom.com/signIn.aspx
Page loaded succesfully with URL = https://tsecure.dev.nordstrom.com/signIn.aspx
Page loaded succesfully with URL = https://tsecure.dev.nordstrom.com/signIn.aspx
Page loaded succesfully with URL = https://tsecure.dev.nordstrom.com/signIn.aspx
Timed out waiting for element to be visible with locator: By.CssSelector: #ctl00_backgroundOverlay
WaitForElementToDisappear: Given Locator did not appear after 10 seconds - but ok - locator id: By.CssSelector: #ctl00_backgroundOverlay
Timed out waiting for element to be visible with locator: By.LinkText: Sign Out
VerifyCreatedAccount: some kind of client Error is visible
CreateNordAccount: Exception occured when creating new account: exception = 'Assert.IsTrue failed. Verify a new account has been created successfully'
Page loaded succesfully with URL = https://tsecure.dev.nordstrom.com/Rewards/join.aspx
Timed out waiting for element to be visible with locator: By.CssSelector: h1:contains('Terms &amp; Conditions')
Timed out waiting for element to be visible with locator: By.CssSelector: h2:contains('Get started by applying for a credit or debit card.')
Timed out waiting for element to be visible with locator: By.CssSelector: h1:contains('The Best Days to Splurge')
Timed out waiting for element to be visible with locator: By.CssSelector: a[href*='PasswordReminder.aspx']
Forgot your Password link is not visible</DebugTrace>
        <ErrorInfo>
          <Message>Assert.IsTrue failed. Forgot your password Link is not navigated to the relevant page successfully</Message>
          <StackTrace>   at Nordstrom.Web.Test.UI.LoyaltyWeb.LoyaltyRegisterTests.TenderNeutralRewardsEnroll_RecognizedUserVerifyLinksOnThePage_LinksShouldNavigatetoCorrectUrls() in c:\LoyaltyWebTest\Web\Test\UI\LoyaltyWeb\LoyaltyWebTest\LoyaltyWebTest\LoyaltyRegisterTests.cs:line 1089
</StackTrace>
        </ErrorInfo>
      </Output>
    </UnitTestResult>
    <UnitTestResult executionId="e282d236-e025-4ba7-a57b-e6ecaf65d35a" testId="b9382f39-7336-6f35-11b0-2a8908162fac" testName="TenderNeutralRewardsRegister_GuestUserEnrollAsExistingAccountWhenHaveNoExistingWebAccount_ShouldFailInEnroll" computerName="MW00977477" duration="00:01:14.6969174" startTime="2015-12-26T18:58:46.7820835-08:00" endTime="2015-12-26T19:00:01.4810835-08:00" testType="13cdc9d9-ddb5-4fa4-a97d-d965ccfc6d4b" outcome="Failed" testListId="8c84fa94-04c1-424b-9868-57a2d4851a1d" relativeResultsDirectory="e282d236-e025-4ba7-a57b-e6ecaf65d35a">
      <Output>
        <DebugTrace>Page loaded succesfully with URL = https://tsecure.dev.nordstrom.com/signIn.aspx
Page loaded succesfully with URL = https://tsecure.dev.nordstrom.com/signIn.aspx
Page loaded succesfully with URL = https://tsecure.dev.nordstrom.com/signIn.aspx
Page loaded succesfully with URL = https://tsecure.dev.nordstrom.com/signIn.aspx
Timed out waiting for element to be visible with locator: By.CssSelector: #ctl00_backgroundOverlay
WaitForElementToDisappear: Given Locator did not appear after 10 seconds - but ok - locator id: By.CssSelector: #ctl00_backgroundOverlay
Timed out waiting for element to be visible with locator: By.LinkText: Sign Out
Timed out waiting for element to be visible with locator: By.LinkText: Sign Out
VerifyCreatedAccount: sign out link is not visible
CreateNordAccount: Exception occured when creating new account: exception = 'Assert.IsTrue failed. Verify a new account has been created successfully'
Element Not found with the given locator (By.LinkText: Sign Out)
Element not found with given locator By.LinkText: Sign Out
Element Not found with the given locator (By.LinkText: Not You?)
Element not found with given locator By.LinkText: Not You?
Page loaded succesfully with URL = https://tsecure.dev.nordstrom.com/signIn.aspx
Page loaded succesfully with URL = https://tsecure.dev.nordstrom.com/Rewards/join.aspx
</DebugTrace>
        <ErrorInfo>
          <Message>Assert.IsFalse failed. Success Message for loyalty Account creation for a new customer is not displayed.</Message>
          <StackTrace>   at Nordstrom.Web.Test.UI.LoyaltyWeb.LoyaltyRegisterTests.TenderNeutralRewardsRegister_GuestUserEnrollAsExistingAccountWhenHaveNoExistingWebAccount_ShouldFailInEnroll() in c:\LoyaltyWebTest\Web\Test\UI\LoyaltyWeb\LoyaltyWebTest\LoyaltyWebTest\LoyaltyRegisterTests.cs:line 287
</StackTrace>
        </ErrorInfo>
      </Output>
    </UnitTestResult>
    <UnitTestResult executionId="d1e0989e-0ddf-4028-b56f-7bc1f9893526" testId="0d9db47e-d139-26d1-245c-06168dee7980" testName="TenderNeutralRewardsRegister_GuestUserEnrollsWithExistingWebAccount_ShouldFailInEnroll" computerName="MW00977477" duration="00:01:25.2088877" startTime="2015-12-26T19:00:01.4830835-08:00" endTime="2015-12-26T19:01:26.6923857-08:00" testType="13cdc9d9-ddb5-4fa4-a97d-d965ccfc6d4b" outcome="Failed" testListId="8c84fa94-04c1-424b-9868-57a2d4851a1d" relativeResultsDirectory="d1e0989e-0ddf-4028-b56f-7bc1f9893526">
      <Output>
        <DebugTrace>Page loaded succesfully with URL = https://tsecure.dev.nordstrom.com/signIn.aspx
Page loaded succesfully with URL = https://tsecure.dev.nordstrom.com/signIn.aspx
Page loaded succesfully with URL = https://tsecure.dev.nordstrom.com/signIn.aspx
Page loaded succesfully with URL = https://tsecure.dev.nordstrom.com/signIn.aspx
Timed out waiting for element to be visible with locator: By.CssSelector: #ctl00_backgroundOverlay
WaitForElementToDisappear: Given Locator did not appear after 10 seconds - but ok - locator id: By.CssSelector: #ctl00_backgroundOverlay
Timed out waiting for element to be visible with locator: By.LinkText: Sign Out
Timed out waiting for element to be visible with locator: By.LinkText: Sign Out
VerifyCreatedAccount: sign out link is not visible
CreateNordAccount: Exception occured when creating new account: exception = 'Assert.IsTrue failed. Verify a new account has been created successfully'
Element Not found with the given locator (By.LinkText: Sign Out)
Element not found with given locator By.LinkText: Sign Out
Element Not found with the given locator (By.LinkText: Not You?)
Element not found with given locator By.LinkText: Not You?
Page loaded succesfully with URL = https://tsecure.dev.nordstrom.com/signIn.aspx
Page loaded succesfully with URL = https://tsecure.dev.nordstrom.com/Rewards/join.aspx
Timed out waiting for element to be visible with locator: By.Id: ctl00_mainContentPlaceHolder_lblEmailErrorMessage
</DebugTrace>
        <ErrorInfo>
          <Message>Test method Nordstrom.Web.Test.UI.LoyaltyWeb.LoyaltyRegisterTests.TenderNeutralRewardsRegister_GuestUserEnrollsWithExistingWebAccount_ShouldFailInEnroll threw exception: 
OpenQA.Selenium.NoSuchElementException: Could not find element by: By.Id: ctl00_mainContentPlaceHolder_lblEmailErrorMessage</Message>
          <StackTrace>    at OpenQA.Selenium.Support.PageObjects.DefaultElementLocator.LocateElement(IEnumerable`1 bys)
   at OpenQA.Selenium.Support.PageObjects.WebElementProxy.get_Element()
   at OpenQA.Selenium.Support.PageObjects.WebElementProxy.Invoke(IMessage msg)
   at System.Runtime.Remoting.Proxies.RealProxy.PrivateInvoke(MessageData&amp; msgData, Int32 type)
   at OpenQA.Selenium.IWebElement.get_Text()
   at Nordstrom.Web.Test.UI.Common.PageObjects.LoyaltyRegisterPage.VerifyEnrollPageAlreadyExistingWebAccount() in c:\LoyaltyWebTest\Web\Test\UI\Common\PageObjects\LoyaltyRegisterPage.cs:line 700
   at Nordstrom.Web.Test.UI.LoyaltyWeb.LoyaltyRegisterTests.TenderNeutralRewardsRegister_GuestUserEnrollsWithExistingWebAccount_ShouldFailInEnroll() in c:\LoyaltyWebTest\Web\Test\UI\LoyaltyWeb\LoyaltyWebTest\LoyaltyWebTest\LoyaltyRegisterTests.cs:line 229
</StackTrace>
        </ErrorInfo>
      </Output>
    </UnitTestResult>
    <UnitTestResult executionId="9b07263b-0e0d-4388-a696-655d1e840408" testId="8f46b4dc-24ba-0a98-6e75-5962fc8b7e13" testName="TenderNeutralRewardsRegister_GuestUserEnrollWhenEmailPreferenceCheckboxUnchecked_ShouldFailEnroll" computerName="MW00977477" duration="00:00:54.8578127" startTime="2015-12-26T19:01:26.6943859-08:00" endTime="2015-12-26T19:02:21.5578717-08:00" testType="13cdc9d9-ddb5-4fa4-a97d-d965ccfc6d4b" outcome="Passed" testListId="8c84fa94-04c1-424b-9868-57a2d4851a1d" relativeResultsDirectory="9b07263b-0e0d-4388-a696-655d1e840408">
      <Output>
        <DebugTrace>Page loaded succesfully with URL = https://tsecure.dev.nordstrom.com/Rewards/join.aspx
Timed out waiting for element to be visible with locator: By.Id: ctl00_backgroundOverlayProgress
Page loaded succesfully with URL = https://tsecure.dev.nordstrom.com/Rewards/join.aspx
Page loaded succesfully with URL = https://tsecure.dev.nordstrom.com/Rewards/join.aspx
Timed out waiting for element to be visible with locator: By.Id: ctl00_mainContentPlaceHolder_btnVerify
</DebugTrace>
      </Output>
    </UnitTestResult>
    <UnitTestResult executionId="6898a715-3a71-4e93-a58c-8ea2a77547ec" testId="a6eb5918-3ab1-9078-7b27-8e40be1748bf" testName="TenderNeutralRewardsRegister_GuestUserEnrollWithExistingEmailButDifferentPhoneNumberInTheLoyaltyProgram_ShouldFailInEnroll" computerName="MW00977477" duration="00:01:03.5281283" startTime="2015-12-26T19:02:21.5608720-08:00" endTime="2015-12-26T19:03:25.0952248-08:00" testType="13cdc9d9-ddb5-4fa4-a97d-d965ccfc6d4b" outcome="Inconclusive" testListId="8c84fa94-04c1-424b-9868-57a2d4851a1d" relativeResultsDirectory="6898a715-3a71-4e93-a58c-8ea2a77547ec">
      <Output>
        <DebugTrace>Page loaded succesfully with URL = https://tsecure.dev.nordstrom.com/Rewards/join.aspx
Timed out waiting for element to be visible with locator: By.Id: ctl00_backgroundOverlayProgress
Page loaded succesfully with URL = https://tsecure.dev.nordstrom.com/Rewards/join.aspx
Page loaded succesfully with URL = https://tsecure.dev.nordstrom.com/Rewards/join.aspx
Timed out waiting for element to be visible with locator: By.Id: ctl00_mainContentPlaceHolder_btnVerify
Element Not found with the given locator (By.LinkText: Sign Out)
Element not found with given locator By.LinkText: Sign Out
Element Not found with the given locator (By.LinkText: Not You?)
Element not found with given locator By.LinkText: Not You?
Page loaded succesfully with URL = https://tsecure.dev.nordstrom.com/Rewards/join.aspx
Page loaded succesfully with URL = https://tsecure.dev.nordstrom.com/Rewards/join.aspx
</DebugTrace>
        <ErrorInfo>
          <Message>Assert.Inconclusive failed. Page could not loaded with right css so could not continue with the tests.</Message>
          <StackTrace>   at Nordstrom.Web.Test.UI.LoyaltyWeb.LoyaltyRegisterTests.TenderNeutralRewardsRegister_GuestUserEnrollWithExistingEmailButDifferentPhoneNumberInTheLoyaltyProgram_ShouldFailInEnroll() in c:\LoyaltyWebTest\Web\Test\UI\LoyaltyWeb\LoyaltyWebTest\LoyaltyWebTest\LoyaltyRegisterTests.cs:line 92
</StackTrace>
        </ErrorInfo>
      </Output>
    </UnitTestResult>
    <UnitTestResult executionId="16fbb960-6af7-4eb4-bd0a-36aca6870ad4" testId="16b9e740-57f9-b3e8-d3d8-86b65bd85034" testName="TenderNeutralRewardsRegister_GuestUserEnrollWithExistingPhoneAndEmailinEnrollProgram_ShouldFailInEnroll" computerName="MW00977477" duration="00:01:12.5885571" startTime="2015-12-26T19:03:25.0982251-08:00" endTime="2015-12-26T19:04:37.6944840-08:00" testType="13cdc9d9-ddb5-4fa4-a97d-d965ccfc6d4b" outcome="Inconclusive" testListId="8c84fa94-04c1-424b-9868-57a2d4851a1d" relativeResultsDirectory="16fbb960-6af7-4eb4-bd0a-36aca6870ad4">
      <Output>
        <DebugTrace>Page loaded succesfully with URL = https://tsecure.dev.nordstrom.com/Rewards/join.aspx
Timed out waiting for element to be visible with locator: By.Id: ctl00_backgroundOverlayProgress
Page loaded succesfully with URL = https://tsecure.dev.nordstrom.com/Rewards/join.aspx
Page loaded succesfully with URL = https://tsecure.dev.nordstrom.com/Rewards/join.aspx
Timed out waiting for element to be visible with locator: By.Id: ctl00_mainContentPlaceHolder_btnVerify
Element Not found with the given locator (By.LinkText: Sign Out)
Element not found with given locator By.LinkText: Sign Out
Element Not found with the given locator (By.LinkText: Not You?)
Element not found with given locator By.LinkText: Not You?
Page loaded succesfully with URL = https://tsecure.dev.nordstrom.com/Rewards/join.aspx
Element Not found with the given locator (By.LinkText: Sign Out)
Element not found with given locator By.LinkText: Sign Out
Element Not found with the given locator (By.LinkText: Not You?)
Element not found with given locator By.LinkText: Not You?
Page loaded succesfully with URL = https://tsecure.dev.nordstrom.com/Rewards/join.aspx
Page loaded succesfully with URL = https://tsecure.dev.nordstrom.com/Rewards/join.aspx
</DebugTrace>
        <ErrorInfo>
          <Message>Assert.Inconclusive failed. Page could not loaded with right css so could not continue with the tests.</Message>
          <StackTrace>   at Nordstrom.Web.Test.UI.LoyaltyWeb.LoyaltyRegisterTests.TenderNeutralRewardsRegister_GuestUserEnrollWithExistingPhoneAndEmailinEnrollProgram_ShouldFailInEnroll() in c:\LoyaltyWebTest\Web\Test\UI\LoyaltyWeb\LoyaltyWebTest\LoyaltyWebTest\LoyaltyRegisterTests.cs:line 134
</StackTrace>
        </ErrorInfo>
      </Output>
    </UnitTestResult>
    <UnitTestResult executionId="9128a9c4-afb5-4474-9add-32da2fafe5f3" testId="156ad963-ef4e-d174-5b3c-8f7b12cb6828" testName="TenderNeutralRewardsRegister_GuestUserEnrollWithExistingPhoneButDifferentEmailinEnrollProgram_ShouldFailInEnroll" computerName="MW00977477" duration="00:01:07.9379060" startTime="2015-12-26T19:04:37.6974843-08:00" endTime="2015-12-26T19:05:45.6432782-08:00" testType="13cdc9d9-ddb5-4fa4-a97d-d965ccfc6d4b" outcome="Inconclusive" testListId="8c84fa94-04c1-424b-9868-57a2d4851a1d" relativeResultsDirectory="9128a9c4-afb5-4474-9add-32da2fafe5f3">
      <Output>
        <DebugTrace>Page loaded succesfully with URL = https://tsecure.dev.nordstrom.com/Rewards/join.aspx
Timed out waiting for element to be visible with locator: By.Id: ctl00_backgroundOverlayProgress
Page loaded succesfully with URL = https://tsecure.dev.nordstrom.com/Rewards/join.aspx
Page loaded succesfully with URL = https://tsecure.dev.nordstrom.com/Rewards/join.aspx
Timed out waiting for element to be visible with locator: By.Id: ctl00_mainContentPlaceHolder_btnVerify
Element Not found with the given locator (By.LinkText: Sign Out)
Element not found with given locator By.LinkText: Sign Out
Element Not found with the given locator (By.LinkText: Not You?)
Element not found with given locator By.LinkText: Not You?
Page loaded succesfully with URL = https://tsecure.dev.nordstrom.com/Rewards/join.aspx
Page loaded succesfully with URL = https://tsecure.dev.nordstrom.com/Rewards/join.aspx
</DebugTrace>
        <ErrorInfo>
          <Message>Assert.Inconclusive failed. Page could not loaded with right css so could not continue with the tests.</Message>
          <StackTrace>   at Nordstrom.Web.Test.UI.LoyaltyWeb.LoyaltyRegisterTests.TenderNeutralRewardsRegister_GuestUserEnrollWithExistingPhoneButDifferentEmailinEnrollProgram_ShouldFailInEnroll() in c:\LoyaltyWebTest\Web\Test\UI\LoyaltyWeb\LoyaltyWebTest\LoyaltyWebTest\LoyaltyRegisterTests.cs:line 52
</StackTrace>
        </ErrorInfo>
      </Output>
    </UnitTestResult>
    <UnitTestResult executionId="a97a801f-21b2-4da2-9b4c-35a7d3bba831" testId="3de12998-9393-9903-170e-284355b304ad" testName="TenderNeutralRewardsRegister_GuestUserRegisterWithShorterPhoneNumber_ShouldGetEnrollErrorMessageButWebAccountCreatedSuccessfully" computerName="MW00977477" duration="00:00:37.2394094" startTime="2015-12-26T19:05:45.6442783-08:00" endTime="2015-12-26T19:06:22.8910026-08:00" testType="13cdc9d9-ddb5-4fa4-a97d-d965ccfc6d4b" outcome="Failed" testListId="8c84fa94-04c1-424b-9868-57a2d4851a1d" relativeResultsDirectory="a97a801f-21b2-4da2-9b4c-35a7d3bba831">
      <Output>
        <DebugTrace>Page loaded succesfully with URL = https://tsecure.dev.nordstrom.com/Rewards/join.aspx
</DebugTrace>
        <ErrorInfo>
          <Message>Assert.IsFalse failed. Success Message for loyalty Account creation for a new customer is not displayed.</Message>
          <StackTrace>   at Nordstrom.Web.Test.UI.LoyaltyWeb.LoyaltyRegisterTests.TenderNeutralRewardsRegister_GuestUserRegisterWithShorterPhoneNumber_ShouldGetEnrollErrorMessageButWebAccountCreatedSuccessfully() in c:\LoyaltyWebTest\Web\Test\UI\LoyaltyWeb\LoyaltyWebTest\LoyaltyWebTest\LoyaltyRegisterTests.cs:line 184
</StackTrace>
        </ErrorInfo>
      </Output>
    </UnitTestResult>
    <UnitTestResult executionId="897de9ce-e1a4-4b0f-9de4-599931fc43ff" testId="da679504-2dbb-78ee-d7fc-01f27c75e0cc" testName="TenderNeutralRewardsRegister_GuestUserRegistrationForTenderNeutral_LoyaltyAndNordAccountSuccessfulCreation" computerName="MW00977477" duration="00:00:35.4124331" startTime="2015-12-26T19:06:22.8930028-08:00" endTime="2015-12-26T19:06:58.3095441-08:00" testType="13cdc9d9-ddb5-4fa4-a97d-d965ccfc6d4b" outcome="Failed" testListId="8c84fa94-04c1-424b-9868-57a2d4851a1d" relativeResultsDirectory="897de9ce-e1a4-4b0f-9de4-599931fc43ff">
      <Output>
        <DebugTrace>Page loaded succesfully with URL = https://tsecure.dev.nordstrom.com/Rewards/join.aspx
</DebugTrace>
        <ErrorInfo>
          <Message>Assert.IsFalse failed. Success Message for loyalty Account creation for a new customer is not displayed.</Message>
          <StackTrace>   at Nordstrom.Web.Test.UI.LoyaltyWeb.LoyaltyRegisterTests.TenderNeutralRewardsRegister_GuestUserRegistrationForTenderNeutral_LoyaltyAndNordAccountSuccessfulCreation() in c:\LoyaltyWebTest\Web\Test\UI\LoyaltyWeb\LoyaltyWebTest\LoyaltyWebTest\LoyaltyRegisterTests.cs:line 332
</StackTrace>
        </ErrorInfo>
      </Output>
    </UnitTestResult>
    <UnitTestResult executionId="7d0f186d-e84c-47c6-b446-2957b259095d" testId="86c93201-f1f8-1299-bf26-243f1336a5e7" testName="TenderNeutralRewardsRegister_GuestUserRegistrationForTenderNeutral_MandatoryFieldsDisplaySuccessful" computerName="MW00977477" duration="00:00:32.9447451" startTime="2015-12-26T19:06:58.3125444-08:00" endTime="2015-12-26T19:07:31.2628391-08:00" testType="13cdc9d9-ddb5-4fa4-a97d-d965ccfc6d4b" outcome="Passed" testListId="8c84fa94-04c1-424b-9868-57a2d4851a1d" relativeResultsDirectory="7d0f186d-e84c-47c6-b446-2957b259095d">
      <Output>
        <DebugTrace>Page loaded succesfully with URL = https://tsecure.dev.nordstrom.com/Rewards/join.aspx
</DebugTrace>
      </Output>
    </UnitTestResult>
    <UnitTestResult executionId="96c76e09-1cf1-4213-b191-901ca696819b" testId="17fba494-c246-d3ef-ffcd-fd9dfdae82dd" testName="TenderNeutralRewardsRegister_GuestUserRegistrationWithLongerPhoneNumber_ShouldGetErrorMessageButWebAccountCreatedSuccessfully" computerName="MW00977477" duration="00:00:36.2633809" startTime="2015-12-26T19:07:31.2648393-08:00" endTime="2015-12-26T19:08:07.5344659-08:00" testType="13cdc9d9-ddb5-4fa4-a97d-d965ccfc6d4b" outcome="Failed" testListId="8c84fa94-04c1-424b-9868-57a2d4851a1d" relativeResultsDirectory="96c76e09-1cf1-4213-b191-901ca696819b">
      <Output>
        <DebugTrace>Page loaded succesfully with URL = https://tsecure.dev.nordstrom.com/Rewards/join.aspx
</DebugTrace>
        <ErrorInfo>
          <Message>Assert.IsFalse failed. Success Message for loyalty Account creation for a new customer is not displayed.</Message>
          <StackTrace>   at Nordstrom.Web.Test.UI.LoyaltyWeb.LoyaltyRegisterTests.TenderNeutralRewardsRegister_GuestUserRegistrationWithLongerPhoneNumber_ShouldGetErrorMessageButWebAccountCreatedSuccessfully() in c:\LoyaltyWebTest\Web\Test\UI\LoyaltyWeb\LoyaltyWebTest\LoyaltyWebTest\LoyaltyRegisterTests.cs:line 208
</StackTrace>
        </ErrorInfo>
      </Output>
    </UnitTestResult>
    <UnitTestResult executionId="718ca6aa-0935-4126-8b7a-3dea5f3eb7e2" testId="f6bf3045-329d-5362-b062-36ec5089da9b" testName="TenderNeutralRewardsRegister_GuestUserSignIntoYourNordstromComAccountSelected_MarketingPreferenceNotDisplayed" computerName="MW00977477" duration="00:00:35.8789747" startTime="2015-12-26T19:08:07.5364661-08:00" endTime="2015-12-26T19:08:43.4190540-08:00" testType="13cdc9d9-ddb5-4fa4-a97d-d965ccfc6d4b" outcome="Passed" testListId="8c84fa94-04c1-424b-9868-57a2d4851a1d" relativeResultsDirectory="718ca6aa-0935-4126-8b7a-3dea5f3eb7e2">
      <Output>
        <DebugTrace>Page loaded succesfully with URL = https://tsecure.dev.nordstrom.com/Rewards/join.aspx
</DebugTrace>
      </Output>
    </UnitTestResult>
    <UnitTestResult executionId="46902f9e-5566-4f0c-928c-d0369496c9f4" testId="21295eb5-b67c-57fc-2827-af49702d43cb" testName="TenderNeutralRewardsRegister_MarketingPreferenceUpdateCheckedDuringTenderNeutralEnrollment_MarketingPreferenceSuccessfulUpdateToYesForNordAccount" computerName="MW00977477" duration="00:00:30.5567442" startTime="2015-12-26T19:08:43.4210542-08:00" endTime="2015-12-26T19:09:13.9841102-08:00" testType="13cdc9d9-ddb5-4fa4-a97d-d965ccfc6d4b" outcome="Failed" testListId="8c84fa94-04c1-424b-9868-57a2d4851a1d" relativeResultsDirectory="46902f9e-5566-4f0c-928c-d0369496c9f4">
      <Output>
        <DebugTrace>Page loaded succesfully with URL = https://tsecure.dev.nordstrom.com/Rewards/join.aspx
</DebugTrace>
        <ErrorInfo>
          <Message>Assert.IsFalse failed. Client side error occured on Loyalty Tender Neutral Register Page</Message>
          <StackTrace>   at Nordstrom.Web.Test.UI.LoyaltyWeb.LoyaltyRegisterTests.TenderNeutralRewardsRegister_MarketingPreferenceUpdateCheckedDuringTenderNeutralEnrollment_MarketingPreferenceSuccessfulUpdateToYesForNordAccount() in c:\LoyaltyWebTest\Web\Test\UI\LoyaltyWeb\LoyaltyWebTest\LoyaltyWebTest\LoyaltyRegisterTests.cs:line 506
</StackTrace>
        </ErrorInfo>
      </Output>
    </UnitTestResult>
    <UnitTestResult executionId="b60dcdf8-2c80-42bc-8aae-d8813e12b5c1" testId="31d09e3d-7f4d-771c-fcf2-17618432c75c" testName="TenderNeutralRewardsRegister_MarketingPreferenceUpdateUncheckedDuringTenderNeutralEnrollment_MarketingPreferenceSuccessfulUpdateToNoForNordAccount" computerName="MW00977477" duration="00:00:33.8499164" startTime="2015-12-26T19:09:13.9851103-08:00" endTime="2015-12-26T19:09:47.8424957-08:00" testType="13cdc9d9-ddb5-4fa4-a97d-d965ccfc6d4b" outcome="Failed" testListId="8c84fa94-04c1-424b-9868-57a2d4851a1d" relativeResultsDirectory="b60dcdf8-2c80-42bc-8aae-d8813e12b5c1">
      <Output>
        <DebugTrace>Page loaded succesfully with URL = https://tsecure.dev.nordstrom.com/Rewards/join.aspx
</DebugTrace>
        <ErrorInfo>
          <Message>Assert.IsFalse failed. Client side error occured on Loyalty Tender Neutral Register Page</Message>
          <StackTrace>   at Nordstrom.Web.Test.UI.LoyaltyWeb.LoyaltyRegisterTests.TenderNeutralRewardsRegister_MarketingPreferenceUpdateUncheckedDuringTenderNeutralEnrollment_MarketingPreferenceSuccessfulUpdateToNoForNordAccount() in c:\LoyaltyWebTest\Web\Test\UI\LoyaltyWeb\LoyaltyWebTest\LoyaltyWebTest\LoyaltyRegisterTests.cs:line 538
</StackTrace>
        </ErrorInfo>
      </Output>
    </UnitTestResult>
    <UnitTestResult executionId="73b886dc-9be0-4cb7-a391-668e5b855404" testId="3436681d-5283-dca4-7aad-db3743bc4bf6" testName="TenderNeutralRewardsRegister_RecognizedUserEnrollWithWrongPassword_ShouldFailInEnroll" computerName="MW00977477" duration="00:01:01.2947542" startTime="2015-12-26T19:09:47.8444959-08:00" endTime="2015-12-26T19:10:49.1456254-08:00" testType="13cdc9d9-ddb5-4fa4-a97d-d965ccfc6d4b" outcome="Failed" testListId="8c84fa94-04c1-424b-9868-57a2d4851a1d" relativeResultsDirectory="73b886dc-9be0-4cb7-a391-668e5b855404">
      <Output>
        <DebugTrace>Page loaded succesfully with URL = https://tsecure.dev.nordstrom.com/signIn.aspx
Page loaded succesfully with URL = https://tsecure.dev.nordstrom.com/signIn.aspx
Page loaded succesfully with URL = https://tsecure.dev.nordstrom.com/signIn.aspx
Page loaded succesfully with URL = https://tsecure.dev.nordstrom.com/signIn.aspx
Timed out waiting for element to be visible with locator: By.CssSelector: #ctl00_backgroundOverlay
WaitForElementToDisappear: Given Locator did not appear after 10 seconds - but ok - locator id: By.CssSelector: #ctl00_backgroundOverlay
Timed out waiting for element to be visible with locator: By.LinkText: Sign Out
VerifyCreatedAccount: some kind of client Error is visible
CreateNordAccount: Exception occured when creating new account: exception = 'Assert.IsTrue failed. Verify a new account has been created successfully'
Page loaded succesfully with URL = https://tsecure.dev.nordstrom.com/Rewards/join.aspx
Failed to set focus for the control with locator 'By.Id: txtUserPassword'
element not visible
  (Session info: chrome=47.0.2526.106)
  (Driver info: chromedriver=2.20.353145 (343b531d31eeb933ec778dbcf7081628a1396067),platform=Windows NT 6.1 SP1 x86_64)
</DebugTrace>
        <ErrorInfo>
          <Message>Test method Nordstrom.Web.Test.UI.LoyaltyWeb.LoyaltyRegisterTests.TenderNeutralRewardsRegister_RecognizedUserEnrollWithWrongPassword_ShouldFailInEnroll threw exception: 
OpenQA.Selenium.InvalidElementStateException: invalid element state: Element is not currently interactable and may not be manipulated
  (Session info: chrome=47.0.2526.106)
  (Driver info: chromedriver=2.20.353145 (343b531d31eeb933ec778dbcf7081628a1396067),platform=Windows NT 6.1 SP1 x86_64)</Message>
          <StackTrace>    at OpenQA.Selenium.Remote.RemoteWebDriver.UnpackAndThrowOnError(Response errorResponse)
   at OpenQA.Selenium.Remote.RemoteWebDriver.Execute(String driverCommandToExecute, Dictionary`2 parameters)
   at OpenQA.Selenium.Remote.RemoteWebElement.Clear()
   at Nordstrom.ECommerce.Test.SeleniumHelper.SeleniumActionHelper.SendKeys(String text, By locator, IWebElement element, Boolean clearField)
   at Nordstrom.Web.Test.UI.Common.PageObjects.LoyaltyRegisterPage.FillEnrollForm(UsersUser user, UserType usertype, String confirmPassword) in c:\LoyaltyWebTest\Web\Test\UI\Common\PageObjects\LoyaltyRegisterPage.cs:line 412
   at Nordstrom.Web.Test.UI.LoyaltyWeb.LoyaltyRegisterTests.TenderNeutralRewardsRegister_RecognizedUserEnrollWithWrongPassword_ShouldFailInEnroll() in c:\LoyaltyWebTest\Web\Test\UI\LoyaltyWeb\LoyaltyWebTest\LoyaltyWebTest\LoyaltyRegisterTests.cs:line 161
</StackTrace>
        </ErrorInfo>
      </Output>
    </UnitTestResult>
    <UnitTestResult executionId="9eb5912b-1542-4e06-99a6-0ffb2d3f0086" testId="98f3ba08-a10b-9949-a79e-150238875d08" testName="TenderNeutralRewardsRegister_TheUserWhoSucceedsInEnrollWithHisWebAccountEnrollsAgainWithSameWebAccount_ShouldFailBothEnrollAndAccountCreation" computerName="MW00977477" duration="00:01:18.1734738" startTime="2015-12-26T19:10:49.1476256-08:00" endTime="2015-12-26T19:12:07.3294430-08:00" testType="13cdc9d9-ddb5-4fa4-a97d-d965ccfc6d4b" outcome="Inconclusive" testListId="8c84fa94-04c1-424b-9868-57a2d4851a1d" relativeResultsDirectory="9eb5912b-1542-4e06-99a6-0ffb2d3f0086">
      <Output>
        <DebugTrace>Page loaded succesfully with URL = https://tsecure.dev.nordstrom.com/signIn.aspx
Page loaded succesfully with URL = https://tsecure.dev.nordstrom.com/signIn.aspx
Page loaded succesfully with URL = https://tsecure.dev.nordstrom.com/signIn.aspx
Page loaded succesfully with URL = https://tsecure.dev.nordstrom.com/signIn.aspx
Timed out waiting for element to be visible with locator: By.CssSelector: #ctl00_backgroundOverlay
WaitForElementToDisappear: Given Locator did not appear after 10 seconds - but ok - locator id: By.CssSelector: #ctl00_backgroundOverlay
Timed out waiting for element to be visible with locator: By.LinkText: Sign Out
Timed out waiting for element to be visible with locator: By.LinkText: Sign Out
VerifyCreatedAccount: sign out link is not visible
CreateNordAccount: Exception occured when creating new account: exception = 'Assert.IsTrue failed. Verify a new account has been created successfully'
Element Not found with the given locator (By.LinkText: Sign Out)
Element not found with given locator By.LinkText: Sign Out
Element Not found with the given locator (By.LinkText: Not You?)
Element not found with given locator By.LinkText: Not You?
Page loaded succesfully with URL = https://tsecure.dev.nordstrom.com/signIn.aspx
Page loaded succesfully with URL = https://tsecure.dev.nordstrom.com/Rewards/join.aspx
Element Not found with the given locator (By.LinkText: Sign Out)
Element not found with given locator By.LinkText: Sign Out
Element Not found with the given locator (By.LinkText: Not You?)
Element not found with given locator By.LinkText: Not You?
Page loaded succesfully with URL = https://tsecure.dev.nordstrom.com/Rewards/join.aspx
Page loaded succesfully with URL = https://tsecure.dev.nordstrom.com/Rewards/join.aspx
</DebugTrace>
        <ErrorInfo>
          <Message>Assert.Inconclusive failed. Page could not loaded with right css so could not continue with the tests.</Message>
          <StackTrace>   at Nordstrom.Web.Test.UI.LoyaltyWeb.LoyaltyRegisterTests.TenderNeutralRewardsRegister_TheUserWhoSucceedsInEnrollWithHisWebAccountEnrollsAgainWithSameWebAccount_ShouldFailBothEnrollAndAccountCreation() in c:\LoyaltyWebTest\Web\Test\UI\LoyaltyWeb\LoyaltyWebTest\LoyaltyWebTest\LoyaltyRegisterTests.cs:line 257
</StackTrace>
        </ErrorInfo>
      </Output>
    </UnitTestResult>
    <UnitTestResult executionId="fc1d6bcb-c49d-492c-924c-be335b08d425" testId="49a974b3-ec64-d3af-0151-561a64779c12" testName="MobileVerificationPage_WhenEnrolledUserTypeExpiredCode_ShouldGetExpiredErrorMessage" computerName="MW00977477" duration="00:01:00.7970176" startTime="2015-12-26T19:12:07.3314432-08:00" endTime="2015-12-26T19:13:08.1345229-08:00" testType="13cdc9d9-ddb5-4fa4-a97d-d965ccfc6d4b" outcome="Inconclusive" testListId="8c84fa94-04c1-424b-9868-57a2d4851a1d" relativeResultsDirectory="fc1d6bcb-c49d-492c-924c-be335b08d425">
      <Output>
        <DebugTrace>Page loaded succesfully with URL = https://tsecure.dev.nordstrom.com/Rewards/join.aspx
Timed out waiting for element to be visible with locator: By.Id: ctl00_backgroundOverlayProgress
Page loaded succesfully with URL = https://tsecure.dev.nordstrom.com/Rewards/join.aspx
Page loaded succesfully with URL = https://tsecure.dev.nordstrom.com/Rewards/join.aspx
Timed out waiting for element to be visible with locator: By.Id: ctl00_mainContentPlaceHolder_btnVerify
User could not redirect to Verification page.
</DebugTrace>
        <ErrorInfo>
          <Message>Assert.Inconclusive failed. User could not redirect to Verification page.</Message>
          <StackTrace>   at Nordstrom.Web.Test.UI.LoyaltyWeb.LoyaltyTenderNeutralMobileVerificationPageTests.MobileVerificationPage_WhenEnrolledUserTypeExpiredCode_ShouldGetExpiredErrorMessage() in c:\LoyaltyWebTest\Web\Test\UI\LoyaltyWeb\LoyaltyWebTest\LoyaltyWebTest\LoyaltyTenderNeutralMobileVerificationPageTests.cs:line 351
</StackTrace>
        </ErrorInfo>
      </Output>
    </UnitTestResult>
    <UnitTestResult executionId="ef2a3658-1311-4d0b-bc97-f32998a27295" testId="0292a43c-fff5-8a73-f216-496011be59f2" testName="MobileVerificationPage_WhenEnrolledUserTypeValidDigitCode_ShouldLaunchWelcomePage" computerName="MW00977477" duration="00:00:59.5442885" startTime="2015-12-26T19:13:08.1425237-08:00" endTime="2015-12-26T19:14:07.6934782-08:00" testType="13cdc9d9-ddb5-4fa4-a97d-d965ccfc6d4b" outcome="Failed" testListId="8c84fa94-04c1-424b-9868-57a2d4851a1d" relativeResultsDirectory="ef2a3658-1311-4d0b-bc97-f32998a27295">
      <Output>
        <DebugTrace>Page loaded succesfully with URL = https://tsecure.dev.nordstrom.com/Rewards/join.aspx
Timed out waiting for element to be visible with locator: By.Id: ctl00_backgroundOverlayProgress
Page loaded succesfully with URL = https://tsecure.dev.nordstrom.com/Rewards/join.aspx
Page loaded succesfully with URL = https://tsecure.dev.nordstrom.com/Rewards/join.aspx
Timed out waiting for element to be visible with locator: By.Id: ctl00_mainContentPlaceHolder_btnVerify
User could not redirect to Verification page.
</DebugTrace>
        <ErrorInfo>
          <Message>Assert.AreEqual failed. Expected:&lt;1&gt;. Actual:&lt;2&gt;. User could not redirect to Verification page.</Message>
          <StackTrace>   at Nordstrom.Web.Test.UI.LoyaltyWeb.LoyaltyTenderNeutralMobileVerificationPageTests.MobileVerificationPage_WhenEnrolledUserTypeValidDigitCode_ShouldLaunchWelcomePage() in c:\LoyaltyWebTest\Web\Test\UI\LoyaltyWeb\LoyaltyWebTest\LoyaltyWebTest\LoyaltyTenderNeutralMobileVerificationPageTests.cs:line 317
</StackTrace>
        </ErrorInfo>
      </Output>
    </UnitTestResult>
    <UnitTestResult executionId="5e50af4e-e437-465c-af71-9b996eb900c3" testId="d0f4ec86-2b86-2cd8-ac68-409545882993" testName="MobileVerificationPage_WhenEnrolledUserTypeWrongDigitCode_ShouldGetWrongCodeMessage" computerName="MW00977477" duration="00:01:00.9606491" startTime="2015-12-26T19:14:07.6954784-08:00" endTime="2015-12-26T19:15:08.6655748-08:00" testType="13cdc9d9-ddb5-4fa4-a97d-d965ccfc6d4b" outcome="Inconclusive" testListId="8c84fa94-04c1-424b-9868-57a2d4851a1d" relativeResultsDirectory="5e50af4e-e437-465c-af71-9b996eb900c3">
      <Output>
        <DebugTrace>Page loaded succesfully with URL = https://tsecure.dev.nordstrom.com/Rewards/join.aspx
Timed out waiting for element to be visible with locator: By.Id: ctl00_backgroundOverlayProgress
Page loaded succesfully with URL = https://tsecure.dev.nordstrom.com/Rewards/join.aspx
Page loaded succesfully with URL = https://tsecure.dev.nordstrom.com/Rewards/join.aspx
Timed out waiting for element to be visible with locator: By.Id: ctl00_mainContentPlaceHolder_btnVerify
</DebugTrace>
        <ErrorInfo>
          <Message>Assert.Inconclusive failed. User could not redirect to Verification page.</Message>
          <StackTrace>   at Nordstrom.Web.Test.UI.LoyaltyWeb.LoyaltyTenderNeutralMobileVerificationPageTests.MobileVerificationPage_WhenEnrolledUserTypeWrongDigitCode_ShouldGetWrongCodeMessage() in c:\LoyaltyWebTest\Web\Test\UI\LoyaltyWeb\LoyaltyWebTest\LoyaltyWebTest\LoyaltyTenderNeutralMobileVerificationPageTests.cs:line 279
</StackTrace>
        </ErrorInfo>
      </Output>
    </UnitTestResult>
    <UnitTestResult executionId="88830e43-53cd-4aa4-93ff-c83efd10c89c" testId="4a24944e-583e-e01a-529b-88059ce4229f" testName="MobileVerificationPageModalPopupsValidation_AuthenticatedUserGetANewCodeModalContentValidation_GetANewCodeModalContentValidatedSuccessfully" computerName="MW00977477" duration="00:01:04.1963761" startTime="2015-12-26T19:15:08.6665749-08:00" endTime="2015-12-26T19:16:12.8709947-08:00" testType="13cdc9d9-ddb5-4fa4-a97d-d965ccfc6d4b" outcome="Failed" testListId="8c84fa94-04c1-424b-9868-57a2d4851a1d" relativeResultsDirectory="88830e43-53cd-4aa4-93ff-c83efd10c89c">
      <Output>
        <DebugTrace>Page loaded succesfully with URL = https://tsecure.dev.nordstrom.com/signIn.aspx
Page loaded succesfully with URL = https://tsecure.dev.nordstrom.com/signIn.aspx
Page loaded succesfully with URL = https://tsecure.dev.nordstrom.com/signIn.aspx
Page loaded succesfully with URL = https://tsecure.dev.nordstrom.com/signIn.aspx
Timed out waiting for element to be visible with locator: By.CssSelector: #ctl00_backgroundOverlay
WaitForElementToDisappear: Given Locator did not appear after 10 seconds - but ok - locator id: By.CssSelector: #ctl00_backgroundOverlay
Timed out waiting for element to be visible with locator: By.LinkText: Sign Out
VerifyCreatedAccount: some kind of client Error is visible
CreateNordAccount: Exception occured when creating new account: exception = 'Assert.IsTrue failed. Verify a new account has been created successfully'
Page loaded succesfully with URL = https://tsecure.dev.nordstrom.com/Rewards/join.aspx
</DebugTrace>
        <ErrorInfo>
          <Message>Assert.IsFalse failed. Client side error occured on Loyalty Tender Neutral Register Page</Message>
          <StackTrace>   at Nordstrom.Web.Test.UI.LoyaltyWeb.LoyaltyTenderNeutralMobileVerificationPageTests.EnrollInLoyaltyTenderNeutralRewards(UserType userType) in c:\LoyaltyWebTest\Web\Test\UI\LoyaltyWeb\LoyaltyWebTest\LoyaltyWebTest\LoyaltyTenderNeutralMobileVerificationPageTests.cs:line 638
   at Nordstrom.Web.Test.UI.LoyaltyWeb.LoyaltyTenderNeutralMobileVerificationPageTests.MobileVerificationPageModalPopupsValidation_AuthenticatedUserGetANewCodeModalContentValidation_GetANewCodeModalContentValidatedSuccessfully() in c:\LoyaltyWebTest\Web\Test\UI\LoyaltyWeb\LoyaltyWebTest\LoyaltyWebTest\LoyaltyTenderNeutralMobileVerificationPageTests.cs:line 103
</StackTrace>
        </ErrorInfo>
      </Output>
    </UnitTestResult>
    <UnitTestResult executionId="f5557f58-4b1c-4e60-8668-334d4235753f" testId="5c0ec21b-359a-7e0f-4182-44eb294aa758" testName="MobileVerificationPageModalPopupsValidation_AuthenticatedUserMaximumLimitGetACodeClickValidation_ThrowsError" computerName="MW00977477" duration="00:01:08.2878348" startTime="2015-12-26T19:16:12.8719948-08:00" endTime="2015-12-26T19:17:21.1590784-08:00" testType="13cdc9d9-ddb5-4fa4-a97d-d965ccfc6d4b" outcome="Failed" testListId="8c84fa94-04c1-424b-9868-57a2d4851a1d" relativeResultsDirectory="f5557f58-4b1c-4e60-8668-334d4235753f">
      <Output>
        <DebugTrace>Page loaded succesfully with URL = https://tsecure.dev.nordstrom.com/signIn.aspx
Page loaded succesfully with URL = https://tsecure.dev.nordstrom.com/signIn.aspx
Page loaded succesfully with URL = https://tsecure.dev.nordstrom.com/signIn.aspx
Page loaded succesfully with URL = https://tsecure.dev.nordstrom.com/signIn.aspx
Timed out waiting for element to be visible with locator: By.CssSelector: #ctl00_backgroundOverlay
WaitForElementToDisappear: Given Locator did not appear after 10 seconds - but ok - locator id: By.CssSelector: #ctl00_backgroundOverlay
Timed out waiting for element to be visible with locator: By.LinkText: Sign Out
VerifyCreatedAccount: some kind of client Error is visible
CreateNordAccount: Exception occured when creating new account: exception = 'Assert.IsTrue failed. Verify a new account has been created successfully'
Page loaded succesfully with URL = https://tsecure.dev.nordstrom.com/Rewards/join.aspx
</DebugTrace>
        <ErrorInfo>
          <Message>Assert.IsFalse failed. Client side error occured on Loyalty Tender Neutral Register Page</Message>
          <StackTrace>   at Nordstrom.Web.Test.UI.LoyaltyWeb.LoyaltyTenderNeutralMobileVerificationPageTests.EnrollInLoyaltyTenderNeutralRewards(UserType userType) in c:\LoyaltyWebTest\Web\Test\UI\LoyaltyWeb\LoyaltyWebTest\LoyaltyWebTest\LoyaltyTenderNeutralMobileVerificationPageTests.cs:line 638
   at Nordstrom.Web.Test.UI.LoyaltyWeb.LoyaltyTenderNeutralMobileVerificationPageTests.MobileVerificationPageModalPopupsValidation_AuthenticatedUserMaximumLimitGetACodeClickValidation_ThrowsError() in c:\LoyaltyWebTest\Web\Test\UI\LoyaltyWeb\LoyaltyWebTest\LoyaltyWebTest\LoyaltyTenderNeutralMobileVerificationPageTests.cs:line 397
</StackTrace>
        </ErrorInfo>
      </Output>
    </UnitTestResult>
    <UnitTestResult executionId="03206634-4120-442e-ae70-de156bcb5a53" testId="23010815-be15-7fb0-5f11-ae62528f19b0" testName="MobileVerificationPageModalPopupsValidation_CloseButtonInDidntGetACodeModalValidation_CloseButtonInDidntGetACodeModalClosedModalSuccessfully" computerName="MW00977477" duration="00:00:48.1136368" startTime="2015-12-26T19:17:21.1620784-08:00" endTime="2015-12-26T19:18:09.2770784-08:00" testType="13cdc9d9-ddb5-4fa4-a97d-d965ccfc6d4b" outcome="Failed" testListId="8c84fa94-04c1-424b-9868-57a2d4851a1d" relativeResultsDirectory="03206634-4120-442e-ae70-de156bcb5a53">
      <Output>
        <DebugTrace>Page loaded succesfully with URL = https://tsecure.dev.nordstrom.com/Rewards/join.aspx
</DebugTrace>
        <ErrorInfo>
          <Message>Assert.IsFalse failed. Client side error occured on Loyalty Tender Neutral Register Page</Message>
          <StackTrace>   at Nordstrom.Web.Test.UI.LoyaltyWeb.LoyaltyTenderNeutralMobileVerificationPageTests.EnrollInLoyaltyTenderNeutralRewards(UserType userType) in c:\LoyaltyWebTest\Web\Test\UI\LoyaltyWeb\LoyaltyWebTest\LoyaltyWebTest\LoyaltyTenderNeutralMobileVerificationPageTests.cs:line 616
   at Nordstrom.Web.Test.UI.LoyaltyWeb.LoyaltyTenderNeutralMobileVerificationPageTests.MobileVerificationPageModalPopupsValidation_CloseButtonInDidntGetACodeModalValidation_CloseButtonInDidntGetACodeModalClosedModalSuccessfully() in c:\LoyaltyWebTest\Web\Test\UI\LoyaltyWeb\LoyaltyWebTest\LoyaltyWebTest\LoyaltyTenderNeutralMobileVerificationPageTests.cs:line 50
</StackTrace>
        </ErrorInfo>
      </Output>
    </UnitTestResult>
    <UnitTestResult executionId="fbb8d581-87d3-4b36-8aa9-5faef2dc99c4" testId="2dc10e4d-0215-3f23-67b5-47a4fe1b7ab1" testName="MobileVerificationPageModalPopupsValidation_CloseButtonInGetANewCodeModalValidation_CloseButtonInGetANewCodeModalClosesModalSuccessfully" computerName="MW00977477" duration="00:00:40.8485475" startTime="2015-12-26T19:18:09.2790784-08:00" endTime="2015-12-26T19:18:50.1280784-08:00" testType="13cdc9d9-ddb5-4fa4-a97d-d965ccfc6d4b" outcome="Failed" testListId="8c84fa94-04c1-424b-9868-57a2d4851a1d" relativeResultsDirectory="fbb8d581-87d3-4b36-8aa9-5faef2dc99c4">
      <Output>
        <DebugTrace>Page loaded succesfully with URL = https://tsecure.dev.nordstrom.com/Rewards/join.aspx
</DebugTrace>
        <ErrorInfo>
          <Message>Assert.IsFalse failed. Client side error occured on Loyalty Tender Neutral Register Page</Message>
          <StackTrace>   at Nordstrom.Web.Test.UI.LoyaltyWeb.LoyaltyTenderNeutralMobileVerificationPageTests.EnrollInLoyaltyTenderNeutralRewards(UserType userType) in c:\LoyaltyWebTest\Web\Test\UI\LoyaltyWeb\LoyaltyWebTest\LoyaltyWebTest\LoyaltyTenderNeutralMobileVerificationPageTests.cs:line 616
   at Nordstrom.Web.Test.UI.LoyaltyWeb.LoyaltyTenderNeutralMobileVerificationPageTests.MobileVerificationPageModalPopupsValidation_CloseButtonInGetANewCodeModalValidation_CloseButtonInGetANewCodeModalClosesModalSuccessfully() in c:\LoyaltyWebTest\Web\Test\UI\LoyaltyWeb\LoyaltyWebTest\LoyaltyWebTest\LoyaltyTenderNeutralMobileVerificationPageTests.cs:line 77
</StackTrace>
        </ErrorInfo>
      </Output>
    </UnitTestResult>
    <UnitTestResult executionId="b480be27-ae06-47f1-9043-0b78d11fbe59" testId="b8760095-196b-9486-9ec7-d0fcb8b1c53c" testName="MobileVerificationPageModalPopupsValidation_DidntGetACodeModalContentValidation_DidntGetACodeModalContentValidatedSuccessfully" computerName="MW00977477" duration="00:00:41.6582945" startTime="2015-12-26T19:18:50.1300784-08:00" endTime="2015-12-26T19:19:31.7910784-08:00" testType="13cdc9d9-ddb5-4fa4-a97d-d965ccfc6d4b" outcome="Failed" testListId="8c84fa94-04c1-424b-9868-57a2d4851a1d" relativeResultsDirectory="b480be27-ae06-47f1-9043-0b78d11fbe59">
      <Output>
        <DebugTrace>Page loaded succesfully with URL = https://tsecure.dev.nordstrom.com/Rewards/join.aspx
</DebugTrace>
        <ErrorInfo>
          <Message>Assert.IsFalse failed. Client side error occured on Loyalty Tender Neutral Register Page</Message>
          <StackTrace>   at Nordstrom.Web.Test.UI.LoyaltyWeb.LoyaltyTenderNeutralMobileVerificationPageTests.EnrollInLoyaltyTenderNeutralRewards(UserType userType) in c:\LoyaltyWebTest\Web\Test\UI\LoyaltyWeb\LoyaltyWebTest\LoyaltyWebTest\LoyaltyTenderNeutralMobileVerificationPageTests.cs:line 616
   at Nordstrom.Web.Test.UI.LoyaltyWeb.LoyaltyTenderNeutralMobileVerificationPageTests.MobileVerificationPageModalPopupsValidation_DidntGetACodeModalContentValidation_DidntGetACodeModalContentValidatedSuccessfully() in c:\LoyaltyWebTest\Web\Test\UI\LoyaltyWeb\LoyaltyWebTest\LoyaltyWebTest\LoyaltyTenderNeutralMobileVerificationPageTests.cs:line 37
</StackTrace>
        </ErrorInfo>
      </Output>
    </UnitTestResult>
    <UnitTestResult executionId="2a653885-5f9d-4960-95a3-17a7dbb28636" testId="d618c68d-88ae-88f4-1bc5-f56301e716ed" testName="MobileVerificationPageModalPopupsValidation_GuestUserGetANewCodeModalContentValidation_GetANewCodeModalContentValidatedSuccessfully" computerName="MW00977477" duration="00:00:38.8520828" startTime="2015-12-26T19:19:31.7930784-08:00" endTime="2015-12-26T19:20:10.6460784-08:00" testType="13cdc9d9-ddb5-4fa4-a97d-d965ccfc6d4b" outcome="Failed" testListId="8c84fa94-04c1-424b-9868-57a2d4851a1d" relativeResultsDirectory="2a653885-5f9d-4960-95a3-17a7dbb28636">
      <Output>
        <DebugTrace>Page loaded succesfully with URL = https://tsecure.dev.nordstrom.com/Rewards/join.aspx
</DebugTrace>
        <ErrorInfo>
          <Message>Assert.IsFalse failed. Client side error occured on Loyalty Tender Neutral Register Page</Message>
          <StackTrace>   at Nordstrom.Web.Test.UI.LoyaltyWeb.LoyaltyTenderNeutralMobileVerificationPageTests.EnrollInLoyaltyTenderNeutralRewards(UserType userType) in c:\LoyaltyWebTest\Web\Test\UI\LoyaltyWeb\LoyaltyWebTest\LoyaltyWebTest\LoyaltyTenderNeutralMobileVerificationPageTests.cs:line 616
   at Nordstrom.Web.Test.UI.LoyaltyWeb.LoyaltyTenderNeutralMobileVerificationPageTests.MobileVerificationPageModalPopupsValidation_GuestUserGetANewCodeModalContentValidation_GetANewCodeModalContentValidatedSuccessfully() in c:\LoyaltyWebTest\Web\Test\UI\LoyaltyWeb\LoyaltyWebTest\LoyaltyWebTest\LoyaltyTenderNeutralMobileVerificationPageTests.cs:line 116
</StackTrace>
        </ErrorInfo>
      </Output>
    </UnitTestResult>
    <UnitTestResult executionId="7f56680f-900f-4b8c-a5ca-732d3a3da883" testId="899e75ac-735e-e41d-941c-31a4337e1cb7" testName="MobileVerificationPageModalPopupsValidation_OkButtonInDidntGetACodeModalValidation_OkButtonInDidntGetACodeModalClosedModalSuccessfully" computerName="MW00977477" duration="00:00:38.3703011" startTime="2015-12-26T19:20:10.6480784-08:00" endTime="2015-12-26T19:20:49.0190784-08:00" testType="13cdc9d9-ddb5-4fa4-a97d-d965ccfc6d4b" outcome="Failed" testListId="8c84fa94-04c1-424b-9868-57a2d4851a1d" relativeResultsDirectory="7f56680f-900f-4b8c-a5ca-732d3a3da883">
      <Output>
        <DebugTrace>Page loaded succesfully with URL = https://tsecure.dev.nordstrom.com/Rewards/join.aspx
</DebugTrace>
        <ErrorInfo>
          <Message>Assert.IsFalse failed. Client side error occured on Loyalty Tender Neutral Register Page</Message>
          <StackTrace>   at Nordstrom.Web.Test.UI.LoyaltyWeb.LoyaltyTenderNeutralMobileVerificationPageTests.EnrollInLoyaltyTenderNeutralRewards(UserType userType) in c:\LoyaltyWebTest\Web\Test\UI\LoyaltyWeb\LoyaltyWebTest\LoyaltyWebTest\LoyaltyTenderNeutralMobileVerificationPageTests.cs:line 616
   at Nordstrom.Web.Test.UI.LoyaltyWeb.LoyaltyTenderNeutralMobileVerificationPageTests.MobileVerificationPageModalPopupsValidation_OkButtonInDidntGetACodeModalValidation_OkButtonInDidntGetACodeModalClosedModalSuccessfully() in c:\LoyaltyWebTest\Web\Test\UI\LoyaltyWeb\LoyaltyWebTest\LoyaltyWebTest\LoyaltyTenderNeutralMobileVerificationPageTests.cs:line 63
</StackTrace>
        </ErrorInfo>
      </Output>
    </UnitTestResult>
    <UnitTestResult executionId="55b347d6-12ca-47d8-a39b-8a2502b1cd4c" testId="a69eddad-1d10-e519-4d70-67bf86829651" testName="MobileVerificationPageModalPopupsValidation_OkButtonInGetANewCodeModalValidation_OkButtonInGetANewCodeModalClosesModalSuccessfully" computerName="MW00977477" duration="00:00:47.8489382" startTime="2015-12-26T19:20:49.0210784-08:00" endTime="2015-12-26T19:21:36.8710784-08:00" testType="13cdc9d9-ddb5-4fa4-a97d-d965ccfc6d4b" outcome="Failed" testListId="8c84fa94-04c1-424b-9868-57a2d4851a1d" relativeResultsDirectory="55b347d6-12ca-47d8-a39b-8a2502b1cd4c">
      <Output>
        <DebugTrace>Page loaded succesfully with URL = https://tsecure.dev.nordstrom.com/Rewards/join.aspx
</DebugTrace>
        <ErrorInfo>
          <Message>Assert.IsFalse failed. Client side error occured on Loyalty Tender Neutral Register Page</Message>
          <StackTrace>   at Nordstrom.Web.Test.UI.LoyaltyWeb.LoyaltyTenderNeutralMobileVerificationPageTests.EnrollInLoyaltyTenderNeutralRewards(UserType userType) in c:\LoyaltyWebTest\Web\Test\UI\LoyaltyWeb\LoyaltyWebTest\LoyaltyWebTest\LoyaltyTenderNeutralMobileVerificationPageTests.cs:line 616
   at Nordstrom.Web.Test.UI.LoyaltyWeb.LoyaltyTenderNeutralMobileVerificationPageTests.MobileVerificationPageModalPopupsValidation_OkButtonInGetANewCodeModalValidation_OkButtonInGetANewCodeModalClosesModalSuccessfully() in c:\LoyaltyWebTest\Web\Test\UI\LoyaltyWeb\LoyaltyWebTest\LoyaltyWebTest\LoyaltyTenderNeutralMobileVerificationPageTests.cs:line 90
</StackTrace>
        </ErrorInfo>
      </Output>
    </UnitTestResult>
    <UnitTestResult executionId="74d36814-1a5e-406d-a134-942d1ccc0234" testId="d0950b0b-ed3c-7fe5-5ab1-a2a80aa43ac2" testName="SuccessAssociationPageModalPopupsValidation_AuthenticatedUserDidntGetACodeModalContentValidation_DidntGetACodeModalContentValidatedSuccessfully" computerName="MW00977477" duration="00:01:07.7515769" startTime="2015-12-26T19:21:36.8750784-08:00" endTime="2015-12-26T19:22:44.6260784-08:00" testType="13cdc9d9-ddb5-4fa4-a97d-d965ccfc6d4b" outcome="Failed" testListId="8c84fa94-04c1-424b-9868-57a2d4851a1d" relativeResultsDirectory="74d36814-1a5e-406d-a134-942d1ccc0234">
      <Output>
        <DebugTrace>Page loaded succesfully with URL = https://tsecure.dev.nordstrom.com/signIn.aspx
Page loaded succesfully with URL = https://tsecure.dev.nordstrom.com/signIn.aspx
Page loaded succesfully with URL = https://tsecure.dev.nordstrom.com/signIn.aspx
Page loaded succesfully with URL = https://tsecure.dev.nordstrom.com/signIn.aspx
Timed out waiting for element to be visible with locator: By.CssSelector: #ctl00_backgroundOverlay
WaitForElementToDisappear: Given Locator did not appear after 10 seconds - but ok - locator id: By.CssSelector: #ctl00_backgroundOverlay
Timed out waiting for element to be visible with locator: By.LinkText: Sign Out
Timed out waiting for element to be visible with locator: By.LinkText: Sign Out
VerifyCreatedAccount: sign out link is not visible
CreateNordAccount: Exception occured when creating new account: exception = 'Assert.IsTrue failed. Verify a new account has been created successfully'
Store customer is successfully created.Page loaded succesfully with URL = https://tsecure.dev.nordstrom.com/Rewards/association.aspx
Page loaded succesfully with URL = https://tsecure.dev.nordstrom.com/Rewards/association.aspx
Page loaded succesfully with URL = https://tsecure.dev.nordstrom.com/Rewards/association.aspx
Page loaded succesfully with URL = https://tsecure.dev.nordstrom.com/Rewards/association.aspx
Element is not Valid: Exception =Could not find element by: By.Id: lnkCodeNotReceived
'Didnt Get a code link is not visible on the Loyalty Tender Neutral mobile verification page
</DebugTrace>
        <ErrorInfo>
          <Message>Assert.IsTrue failed. Didn't get a code link is not present on mobile verification page</Message>
          <StackTrace>   at Nordstrom.Web.Test.UI.LoyaltyWeb.LoyaltyTenderNeutralMobileVerificationPageTests.SuccessAssociationPageModalPopupsValidation_AuthenticatedUserDidntGetACodeModalContentValidation_DidntGetACodeModalContentValidatedSuccessfully() in c:\LoyaltyWebTest\Web\Test\UI\LoyaltyWeb\LoyaltyWebTest\LoyaltyWebTest\LoyaltyTenderNeutralMobileVerificationPageTests.cs:line 428
</StackTrace>
        </ErrorInfo>
      </Output>
    </UnitTestResult>
    <UnitTestResult executionId="19d4e090-2794-4b3c-878c-cff53f9c8c7e" testId="aa85e4af-cb36-19c8-0057-a6b24c106f4d" testName="SuccessAssociationPageModalPopupsValidation_AuthenticatedUserGetANewCodeModalContentValidation_GetANewCodeModalContentValidatedSuccessfully" computerName="MW00977477" duration="00:00:40.1611486" startTime="2015-12-26T19:22:44.6280784-08:00" endTime="2015-12-26T19:23:24.7900784-08:00" testType="13cdc9d9-ddb5-4fa4-a97d-d965ccfc6d4b" outcome="Failed" testListId="8c84fa94-04c1-424b-9868-57a2d4851a1d" relativeResultsDirectory="19d4e090-2794-4b3c-878c-cff53f9c8c7e">
      <Output>
        <DebugTrace>Store customer is successfully created.Page loaded succesfully with URL = https://tsecure.dev.nordstrom.com/Rewards/association.aspx
Page loaded succesfully with URL = https://tsecure.dev.nordstrom.com/Rewards/association.aspx
Store customer is successfully created.Page loaded succesfully with URL = https://tsecure.dev.nordstrom.com/Rewards/association.aspx
Page loaded succesfully with URL = https://tsecure.dev.nordstrom.com/Rewards/association.aspx
</DebugTrace>
        <ErrorInfo>
          <Message>Test method Nordstrom.Web.Test.UI.LoyaltyWeb.LoyaltyTenderNeutralMobileVerificationPageTests.SuccessAssociationPageModalPopupsValidation_AuthenticatedUserGetANewCodeModalContentValidation_GetANewCodeModalContentValidatedSuccessfully threw exception: 
System.InvalidOperationException: The certificate dwtcuscs is not present in the trusted root certificate authority.</Message>
          <StackTrace>    at Nordstrom.Web.Test.UI.LoyaltyWeb.HelperExtensions.GetCertificate() in c:\LoyaltyWebTest\Web\Test\UI\LoyaltyWeb\LoyaltyWebTest\LoyaltyWebTest\HelperExtensions.cs:line 420
   at Nordstrom.Web.Test.UI.LoyaltyWeb.HelperExtensions.CallCivsAPIToGetAValidCode(String phoneNumber) in c:\LoyaltyWebTest\Web\Test\UI\LoyaltyWeb\LoyaltyWebTest\LoyaltyWebTest\HelperExtensions.cs:line 350
   at Nordstrom.Web.Test.UI.LoyaltyWeb.LoyaltyTenderNeutralMobileVerificationPageTests.SuccessAssociationPageModalPopupsValidation_AuthenticatedUserGetANewCodeModalContentValidation_GetANewCodeModalContentValidatedSuccessfully() in c:\LoyaltyWebTest\Web\Test\UI\LoyaltyWeb\LoyaltyWebTest\LoyaltyWebTest\LoyaltyTenderNeutralMobileVerificationPageTests.cs:line 535
</StackTrace>
        </ErrorInfo>
      </Output>
    </UnitTestResult>
    <UnitTestResult executionId="e3750816-9160-4850-aa45-35a270bc61bb" testId="f908d2f2-d10f-a35a-dcc7-beef8d7bcb26" testName="SuccessAssociationPageModalPopupsValidation_AuthenticatedUserSpecialCharacterinCodeField_ThrowsError" computerName="MW00977477" duration="00:01:26.5648227" startTime="2015-12-26T19:23:24.7930784-08:00" endTime="2015-12-26T19:24:51.3570784-08:00" testType="13cdc9d9-ddb5-4fa4-a97d-d965ccfc6d4b" outcome="Failed" testListId="8c84fa94-04c1-424b-9868-57a2d4851a1d" relativeResultsDirectory="e3750816-9160-4850-aa45-35a270bc61bb">
      <Output>
        <DebugTrace>Page loaded succesfully with URL = https://tsecure.dev.nordstrom.com/signIn.aspx
Page loaded succesfully with URL = https://tsecure.dev.nordstrom.com/signIn.aspx
Page loaded succesfully with URL = https://tsecure.dev.nordstrom.com/signIn.aspx
Page loaded succesfully with URL = https://tsecure.dev.nordstrom.com/signIn.aspx
Timed out waiting for element to be visible with locator: By.CssSelector: #ctl00_backgroundOverlay
WaitForElementToDisappear: Given Locator did not appear after 10 seconds - but ok - locator id: By.CssSelector: #ctl00_backgroundOverlay
Timed out waiting for element to be visible with locator: By.LinkText: Sign Out
Timed out waiting for element to be visible with locator: By.LinkText: Sign Out
VerifyCreatedAccount: sign out link is not visible
CreateNordAccount: Exception occured when creating new account: exception = 'Assert.IsTrue failed. Verify a new account has been created successfully'
Store customer is successfully created.Page loaded succesfully with URL = https://tsecure.dev.nordstrom.com/Rewards/association.aspx
Page loaded succesfully with URL = https://tsecure.dev.nordstrom.com/Rewards/association.aspx
Page loaded succesfully with URL = https://tsecure.dev.nordstrom.com/Rewards/association.aspx
Page loaded succesfully with URL = https://tsecure.dev.nordstrom.com/Rewards/association.aspx
Timed out waiting for element to be visible with locator: By.Id: txtMobileCode
Mobile Verification Code Text box is not persent in the page
Timed out waiting for element to be visible with locator: By.Id: txtMobileCode
Mobile Verification Code Text box is not persent in the page
Element is not Valid: Exception =Could not find element by: By.Id: ctl00_EndOfDomContent_confirmMobileNumberModal_btnVerify
Confirm Button is not able to locate.
Element is not Valid: Exception =Could not find element by: By.Id: ctl00_mainContentPlaceHolder_mobileCodeRequired
Element is not Valid: Exception =Could not find element by: By.Id: ctl00_mainContentPlaceHolder_codeInvalid
</DebugTrace>
        <ErrorInfo>
          <Message>Assert.IsTrue failed. No client side error message was thrown on entering special characters in the verification code field</Message>
          <StackTrace>   at Nordstrom.Web.Test.UI.LoyaltyWeb.LoyaltyTenderNeutralMobileVerificationPageTests.SuccessAssociationPageModalPopupsValidation_AuthenticatedUserSpecialCharacterinCodeField_ThrowsError() in c:\LoyaltyWebTest\Web\Test\UI\LoyaltyWeb\LoyaltyWebTest\LoyaltyWebTest\LoyaltyTenderNeutralMobileVerificationPageTests.cs:line 561
</StackTrace>
        </ErrorInfo>
      </Output>
    </UnitTestResult>
    <UnitTestResult executionId="85af7d0a-ab6d-4852-bf21-2e0d314d8238" testId="8d07d365-e6b3-65ac-7ac7-e1c25fe2e0cb" testName="SuccessAssociationPageModalPopupsValidation_CloseButtonGetANewCodeModalValidation_CloseButtonInGetANewCodeModalClosedModalSuccessfully" computerName="MW00977477" duration="00:00:32.4010087" startTime="2015-12-26T19:24:51.3600784-08:00" endTime="2015-12-26T19:25:23.7620784-08:00" testType="13cdc9d9-ddb5-4fa4-a97d-d965ccfc6d4b" outcome="Failed" testListId="8c84fa94-04c1-424b-9868-57a2d4851a1d" relativeResultsDirectory="85af7d0a-ab6d-4852-bf21-2e0d314d8238">
      <Output>
        <DebugTrace>Store customer is successfully created.Page loaded succesfully with URL = https://tsecure.dev.nordstrom.com/Rewards/association.aspx
Page loaded succesfully with URL = https://tsecure.dev.nordstrom.com/Rewards/association.aspx
</DebugTrace>
        <ErrorInfo>
          <Message>Test method Nordstrom.Web.Test.UI.LoyaltyWeb.LoyaltyTenderNeutralMobileVerificationPageTests.SuccessAssociationPageModalPopupsValidation_CloseButtonGetANewCodeModalValidation_CloseButtonInGetANewCodeModalClosedModalSuccessfully threw exception: 
System.InvalidOperationException: The certificate dwtcuscs is not present in the trusted root certificate authority.</Message>
          <StackTrace>    at Nordstrom.Web.Test.UI.LoyaltyWeb.HelperExtensions.GetCertificate() in c:\LoyaltyWebTest\Web\Test\UI\LoyaltyWeb\LoyaltyWebTest\LoyaltyWebTest\HelperExtensions.cs:line 420
   at Nordstrom.Web.Test.UI.LoyaltyWeb.HelperExtensions.CallCivsAPIToGetAValidCode(String phoneNumber) in c:\LoyaltyWebTest\Web\Test\UI\LoyaltyWeb\LoyaltyWebTest\LoyaltyWebTest\HelperExtensions.cs:line 350
   at Nordstrom.Web.Test.UI.LoyaltyWeb.LoyaltyTenderNeutralMobileVerificationPageTests.SuccessAssociationPageModalPopupsValidation_CloseButtonGetANewCodeModalValidation_CloseButtonInGetANewCodeModalClosedModalSuccessfully() in c:\LoyaltyWebTest\Web\Test\UI\LoyaltyWeb\LoyaltyWebTest\LoyaltyWebTest\LoyaltyTenderNeutralMobileVerificationPageTests.cs:line 467
</StackTrace>
        </ErrorInfo>
      </Output>
    </UnitTestResult>
    <UnitTestResult executionId="89d0195b-db7f-4d38-9626-c161e5770df6" testId="8814ad4a-610b-1476-179c-7964a75f96e9" testName="SuccessAssociationPageModalPopupsValidation_CloseButtonInDidntGetACodeModalValidation_CloseButtonInDidntGetACodeModalClosedModalSuccessfully" computerName="MW00977477" duration="00:00:32.7357530" startTime="2015-12-26T19:25:23.7640784-08:00" endTime="2015-12-26T19:25:56.5020784-08:00" testType="13cdc9d9-ddb5-4fa4-a97d-d965ccfc6d4b" outcome="Failed" testListId="8c84fa94-04c1-424b-9868-57a2d4851a1d" relativeResultsDirectory="89d0195b-db7f-4d38-9626-c161e5770df6">
      <Output>
        <DebugTrace>Store customer is successfully created.Page loaded succesfully with URL = https://tsecure.dev.nordstrom.com/Rewards/association.aspx
Page loaded succesfully with URL = https://tsecure.dev.nordstrom.com/Rewards/association.aspx
Element is not Valid: Exception =Could not find element by: By.Id: lnkCodeNotReceived
'Didnt Get a code link is not visible on the Loyalty Tender Neutral mobile verification page
</DebugTrace>
        <ErrorInfo>
          <Message>Assert.IsTrue failed. Didn't get a code link is not present on mobile verification page</Message>
          <StackTrace>   at Nordstrom.Web.Test.UI.LoyaltyWeb.LoyaltyTenderNeutralMobileVerificationPageTests.SuccessAssociationPageModalPopupsValidation_CloseButtonInDidntGetACodeModalValidation_CloseButtonInDidntGetACodeModalClosedModalSuccessfully() in c:\LoyaltyWebTest\Web\Test\UI\LoyaltyWeb\LoyaltyWebTest\LoyaltyWebTest\LoyaltyTenderNeutralMobileVerificationPageTests.cs:line 441
</StackTrace>
        </ErrorInfo>
      </Output>
    </UnitTestResult>
    <UnitTestResult executionId="4d96eeb5-4fd5-4cfc-8b67-ca50542ca8e6" testId="837239c5-67a3-15ad-e8a9-edc4254dd4db" testName="SuccessAssociationPageModalPopupsValidation_GuestUserDidntGetACodeModalContentValidation_DidntGetACodeModalContentValidatedSuccessfully" computerName="MW00977477" duration="00:00:30.4869385" startTime="2015-12-26T19:25:56.5030784-08:00" endTime="2015-12-26T19:26:26.9920784-08:00" testType="13cdc9d9-ddb5-4fa4-a97d-d965ccfc6d4b" outcome="Failed" testListId="8c84fa94-04c1-424b-9868-57a2d4851a1d" relativeResultsDirectory="4d96eeb5-4fd5-4cfc-8b67-ca50542ca8e6">
      <Output>
        <DebugTrace>Store customer is successfully created.Page loaded succesfully with URL = https://tsecure.dev.nordstrom.com/Rewards/association.aspx
Page loaded succesfully with URL = https://tsecure.dev.nordstrom.com/Rewards/association.aspx
Element is not Valid: Exception =Could not find element by: By.Id: lnkCodeNotReceived
'Didnt Get a code link is not visible on the Loyalty Tender Neutral mobile verification page
</DebugTrace>
        <ErrorInfo>
          <Message>Assert.IsTrue failed. Didn't get a code link is not present on mobile verification page</Message>
          <StackTrace>   at Nordstrom.Web.Test.UI.LoyaltyWeb.LoyaltyTenderNeutralMobileVerificationPageTests.SuccessAssociationPageModalPopupsValidation_GuestUserDidntGetACodeModalContentValidation_DidntGetACodeModalContentValidatedSuccessfully() in c:\LoyaltyWebTest\Web\Test\UI\LoyaltyWeb\LoyaltyWebTest\LoyaltyWebTest\LoyaltyTenderNeutralMobileVerificationPageTests.cs:line 414
</StackTrace>
        </ErrorInfo>
      </Output>
    </UnitTestResult>
    <UnitTestResult executionId="af46961f-6445-4366-bd9a-348301a8e679" testId="d7776958-df7b-aafc-c999-c6ac276b3cb8" testName="SuccessAssociationPageModalPopupsValidation_GuestUserGetANewCodeModalContentValidation_GetANewCodeModalContentValidatedSuccessfully" computerName="MW00977477" duration="00:00:45.7642291" startTime="2015-12-26T19:26:26.9950784-08:00" endTime="2015-12-26T19:27:12.7610784-08:00" testType="13cdc9d9-ddb5-4fa4-a97d-d965ccfc6d4b" outcome="Failed" testListId="8c84fa94-04c1-424b-9868-57a2d4851a1d" relativeResultsDirectory="af46961f-6445-4366-bd9a-348301a8e679">
      <Output>
        <DebugTrace>Store customer is successfully created.Page loaded succesfully with URL = https://tsecure.dev.nordstrom.com/Rewards/association.aspx
Page loaded succesfully with URL = https://tsecure.dev.nordstrom.com/Rewards/association.aspx
Store customer is successfully created.Page loaded succesfully with URL = https://tsecure.dev.nordstrom.com/Rewards/association.aspx
Page loaded succesfully with URL = https://tsecure.dev.nordstrom.com/Rewards/association.aspx
</DebugTrace>
        <ErrorInfo>
          <Message>Test method Nordstrom.Web.Test.UI.LoyaltyWeb.LoyaltyTenderNeutralMobileVerificationPageTests.SuccessAssociationPageModalPopupsValidation_GuestUserGetANewCodeModalContentValidation_GetANewCodeModalContentValidatedSuccessfully threw exception: 
System.InvalidOperationException: The certificate dwtcuscs is not present in the trusted root certificate authority.</Message>
          <StackTrace>    at Nordstrom.Web.Test.UI.LoyaltyWeb.HelperExtensions.GetCertificate() in c:\LoyaltyWebTest\Web\Test\UI\LoyaltyWeb\LoyaltyWebTest\LoyaltyWebTest\HelperExtensions.cs:line 420
   at Nordstrom.Web.Test.UI.LoyaltyWeb.HelperExtensions.CallCivsAPIToGetAValidCode(String phoneNumber) in c:\LoyaltyWebTest\Web\Test\UI\LoyaltyWeb\LoyaltyWebTest\LoyaltyWebTest\HelperExtensions.cs:line 350
   at Nordstrom.Web.Test.UI.LoyaltyWeb.LoyaltyTenderNeutralMobileVerificationPageTests.SuccessAssociationPageModalPopupsValidation_GuestUserGetANewCodeModalContentValidation_GetANewCodeModalContentValidatedSuccessfully() in c:\LoyaltyWebTest\Web\Test\UI\LoyaltyWeb\LoyaltyWebTest\LoyaltyWebTest\LoyaltyTenderNeutralMobileVerificationPageTests.cs:line 511
</StackTrace>
        </ErrorInfo>
      </Output>
    </UnitTestResult>
    <UnitTestResult executionId="8a2a6356-9521-4097-b9ac-e1c42d6a2e0c" testId="70b5096a-4d76-50d1-927f-d842acd0d8ad" testName="SuccessAssociationPageModalPopupsValidation_GuestUserGetANewCodePhoneNumberValidation_PhoneNumberToAssociateValidatedSuccessfully" computerName="MW00977477" duration="00:00:42.7270056" startTime="2015-12-26T19:27:12.7640784-08:00" endTime="2015-12-26T19:27:55.4930784-08:00" testType="13cdc9d9-ddb5-4fa4-a97d-d965ccfc6d4b" outcome="Failed" testListId="8c84fa94-04c1-424b-9868-57a2d4851a1d" relativeResultsDirectory="8a2a6356-9521-4097-b9ac-e1c42d6a2e0c">
      <Output>
        <DebugTrace>Store customer is successfully created.Page loaded succesfully with URL = https://tsecure.dev.nordstrom.com/Rewards/association.aspx
Page loaded succesfully with URL = https://tsecure.dev.nordstrom.com/Rewards/association.aspx
</DebugTrace>
        <ErrorInfo>
          <Message>Test method Nordstrom.Web.Test.UI.LoyaltyWeb.LoyaltyTenderNeutralMobileVerificationPageTests.SuccessAssociationPageModalPopupsValidation_GuestUserGetANewCodePhoneNumberValidation_PhoneNumberToAssociateValidatedSuccessfully threw exception: 
System.InvalidOperationException: The certificate dwtcuscs is not present in the trusted root certificate authority.</Message>
          <StackTrace>    at Nordstrom.Web.Test.UI.LoyaltyWeb.HelperExtensions.GetCertificate() in c:\LoyaltyWebTest\Web\Test\UI\LoyaltyWeb\LoyaltyWebTest\LoyaltyWebTest\HelperExtensions.cs:line 420
   at Nordstrom.Web.Test.UI.LoyaltyWeb.HelperExtensions.CallCivsAPIToGetAValidCode(String phoneNumber) in c:\LoyaltyWebTest\Web\Test\UI\LoyaltyWeb\LoyaltyWebTest\LoyaltyWebTest\HelperExtensions.cs:line 350
   at Nordstrom.Web.Test.UI.LoyaltyWeb.LoyaltyTenderNeutralMobileVerificationPageTests.SuccessAssociationPageModalPopupsValidation_GuestUserGetANewCodePhoneNumberValidation_PhoneNumberToAssociateValidatedSuccessfully() in c:\LoyaltyWebTest\Web\Test\UI\LoyaltyWeb\LoyaltyWebTest\LoyaltyWebTest\LoyaltyTenderNeutralMobileVerificationPageTests.cs:line 570
</StackTrace>
        </ErrorInfo>
      </Output>
    </UnitTestResult>
    <UnitTestResult executionId="8c101dd2-12b3-4515-9b53-79155c09a1dd" testId="17ddc304-caf1-92fb-26b0-9e5ce0e35f12" testName="SuccessAssociationPageModalPopupsValidation_GuestUserMaximumLimitGetANewCodeClickValidation_ValidMessageDisplayedSuccessfully" computerName="MW00977477" duration="00:00:58.5251275" startTime="2015-12-26T19:27:55.4960784-08:00" endTime="2015-12-26T19:28:54.0220784-08:00" testType="13cdc9d9-ddb5-4fa4-a97d-d965ccfc6d4b" outcome="Failed" testListId="8c84fa94-04c1-424b-9868-57a2d4851a1d" relativeResultsDirectory="8c101dd2-12b3-4515-9b53-79155c09a1dd">
      <Output>
        <DebugTrace>Store customer is successfully created.Page loaded succesfully with URL = https://tsecure.dev.nordstrom.com/Rewards/association.aspx
Page loaded succesfully with URL = https://tsecure.dev.nordstrom.com/Rewards/association.aspx
</DebugTrace>
        <ErrorInfo>
          <Message>Test method Nordstrom.Web.Test.UI.LoyaltyWeb.LoyaltyTenderNeutralMobileVerificationPageTests.SuccessAssociationPageModalPopupsValidation_GuestUserMaximumLimitGetANewCodeClickValidation_ValidMessageDisplayedSuccessfully threw exception: 
System.InvalidOperationException: The certificate dwtcuscs is not present in the trusted root certificate authority.</Message>
          <StackTrace>    at Nordstrom.Web.Test.UI.LoyaltyWeb.HelperExtensions.GetCertificate() in c:\LoyaltyWebTest\Web\Test\UI\LoyaltyWeb\LoyaltyWebTest\LoyaltyWebTest\HelperExtensions.cs:line 420
   at Nordstrom.Web.Test.UI.LoyaltyWeb.HelperExtensions.CallCivsAPIToGetAValidCode(String phoneNumber) in c:\LoyaltyWebTest\Web\Test\UI\LoyaltyWeb\LoyaltyWebTest\LoyaltyWebTest\HelperExtensions.cs:line 350
   at Nordstrom.Web.Test.UI.LoyaltyWeb.LoyaltyTenderNeutralMobileVerificationPageTests.SuccessAssociationPageModalPopupsValidation_GuestUserMaximumLimitGetANewCodeClickValidation_ValidMessageDisplayedSuccessfully() in c:\LoyaltyWebTest\Web\Test\UI\LoyaltyWeb\LoyaltyWebTest\LoyaltyWebTest\LoyaltyTenderNeutralMobileVerificationPageTests.cs:line 587
</StackTrace>
        </ErrorInfo>
      </Output>
    </UnitTestResult>
    <UnitTestResult executionId="5bb2b7ec-9950-4b81-a3df-154879a0a94d" testId="47b1dee1-d457-b144-965d-3ecfde9a5fd1" testName="SuccessAssociationPageModalPopupsValidation_OkButtonGetANewCodeModalValidation_OkButtonInGetANewCodeModalClosedModalSuccessfully" computerName="MW00977477" duration="00:01:02.8612103" startTime="2015-12-26T19:28:54.0230784-08:00" endTime="2015-12-26T19:29:56.8850784-08:00" testType="13cdc9d9-ddb5-4fa4-a97d-d965ccfc6d4b" outcome="Failed" testListId="8c84fa94-04c1-424b-9868-57a2d4851a1d" relativeResultsDirectory="5bb2b7ec-9950-4b81-a3df-154879a0a94d">
      <Output>
        <DebugTrace>Store customer is successfully created.Page loaded succesfully with URL = https://tsecure.dev.nordstrom.com/Rewards/association.aspx
Page loaded succesfully with URL = https://tsecure.dev.nordstrom.com/Rewards/association.aspx
Store customer is successfully created.Page loaded succesfully with URL = https://tsecure.dev.nordstrom.com/Rewards/association.aspx
Page loaded succesfully with URL = https://tsecure.dev.nordstrom.com/Rewards/association.aspx
</DebugTrace>
        <ErrorInfo>
          <Message>Test method Nordstrom.Web.Test.UI.LoyaltyWeb.LoyaltyTenderNeutralMobileVerificationPageTests.SuccessAssociationPageModalPopupsValidation_OkButtonGetANewCodeModalValidation_OkButtonInGetANewCodeModalClosedModalSuccessfully threw exception: 
System.InvalidOperationException: The certificate dwtcuscs is not present in the trusted root certificate authority.</Message>
          <StackTrace>    at Nordstrom.Web.Test.UI.LoyaltyWeb.HelperExtensions.GetCertificate() in c:\LoyaltyWebTest\Web\Test\UI\LoyaltyWeb\LoyaltyWebTest\LoyaltyWebTest\HelperExtensions.cs:line 420
   at Nordstrom.Web.Test.UI.LoyaltyWeb.HelperExtensions.CallCivsAPIToGetAValidCode(String phoneNumber) in c:\LoyaltyWebTest\Web\Test\UI\LoyaltyWeb\LoyaltyWebTest\LoyaltyWebTest\HelperExtensions.cs:line 350
   at Nordstrom.Web.Test.UI.LoyaltyWeb.LoyaltyTenderNeutralMobileVerificationPageTests.SuccessAssociationPageModalPopupsValidation_OkButtonGetANewCodeModalValidation_OkButtonInGetANewCodeModalClosedModalSuccessfully() in c:\LoyaltyWebTest\Web\Test\UI\LoyaltyWeb\LoyaltyWebTest\LoyaltyWebTest\LoyaltyTenderNeutralMobileVerificationPageTests.cs:line 487
</StackTrace>
        </ErrorInfo>
      </Output>
    </UnitTestResult>
    <UnitTestResult executionId="0382e5b4-f535-4bab-81b1-b964ad2a8f98" testId="bc8bcbad-6dab-8a10-872a-1cd128e497ce" testName="SuccessAssociationPageModalPopupsValidation_OkButtonInDidntGetACodeModalValidation_OkButtonInDidntGetACodeModalClosedModalSuccessfully" computerName="MW00977477" duration="00:01:07.3559067" startTime="2015-12-26T19:29:56.8870784-08:00" endTime="2015-12-26T19:31:04.2430784-08:00" testType="13cdc9d9-ddb5-4fa4-a97d-d965ccfc6d4b" outcome="Failed" testListId="8c84fa94-04c1-424b-9868-57a2d4851a1d" relativeResultsDirectory="0382e5b4-f535-4bab-81b1-b964ad2a8f98">
      <Output>
        <ErrorInfo>
          <Message>Initialization method Nordstrom.Web.Test.UI.LoyaltyWeb.LoyaltyTenderNeutralMobileVerificationPageTests.Init threw exception. System.Reflection.TargetInvocationException: System.Reflection.TargetInvocationException: Exception has been thrown by the target of an invocation. ---&gt; OpenQA.Selenium.WebDriverException: The HTTP request to the remote WebDriver server for URL http://localhost:29613/session/09ef5d2553a356ef28ccf69a9d31ba10/element/0.15778895211406052-4/click timed out after 60 seconds. ---&gt; System.Net.WebException: The operation has timed out.</Message>
          <StackTrace>    at System.Net.HttpWebRequest.GetResponse()
   at OpenQA.Selenium.Remote.HttpCommandExecutor.CreateResponse(WebRequest request)
 --- End of inner exception stack trace ---
    at OpenQA.Selenium.Remote.HttpCommandExecutor.CreateResponse(WebRequest request)
   at OpenQA.Selenium.Remote.HttpCommandExecutor.Execute(Command commandToExecute)
   at OpenQA.Selenium.Remote.DriverServiceCommandExecutor.Execute(Command commandToExecute)
   at OpenQA.Selenium.Remote.RemoteWebDriver.Execute(String driverCommandToExecute, Dictionary`2 parameters)
   at OpenQA.Selenium.Remote.RemoteWebElement.Click()
 --- End of inner exception stack trace ---
    at System.RuntimeMethodHandle.InvokeMethod(Object target, Object[] arguments, Signature sig, Boolean constructor)
   at System.Reflection.RuntimeMethodInfo.UnsafeInvokeInternal(Object obj, Object[] parameters, Object[] arguments)
   at System.Reflection.RuntimeMethodInfo.Invoke(Object obj, BindingFlags invokeAttr, Binder binder, Object[] parameters, CultureInfo culture)
   at OpenQA.Selenium.Support.PageObjects.WebDriverObjectProxy.InvokeMethod(IMethodCallMessage msg, Object representedValue)
   at OpenQA.Selenium.Support.PageObjects.WebElementProxy.Invoke(IMessage msg)
   at System.Runtime.Remoting.Proxies.RealProxy.PrivateInvoke(MessageData&amp; msgData, Int32 type)
   at OpenQA.Selenium.IWebElement.Click()
   at Nordstrom.ECommerce.Test.SeleniumHelper.SeleniumActionHelper.Click(By locator, IWebElement element)
   at Nordstrom.Web.Test.UI.Common.PageObjects.AdminPage.SetSettings(String settingName, String newValue) in c:\LoyaltyWebTest\Web\Test\UI\Common\PageObjects\AdminPage.cs:line 76
   at Nordstrom.Web.Test.UI.Common.CommonHelper.SetFlagValueOnAdminConsolePage(String setting, String newValue) in c:\LoyaltyWebTest\Web\Test\UI\Common\CommonHelper.cs:line 87
   at Nordstrom.Web.Test.UI.LoyaltyWeb.LoyaltyTenderNeutralMobileVerificationPageTests.Init() in c:\LoyaltyWebTest\Web\Test\UI\LoyaltyWeb\LoyaltyWebTest\LoyaltyWebTest\LoyaltyTenderNeutralMobileVerificationPageTests.cs:line 23
</StackTrace>
        </ErrorInfo>
      </Output>
    </UnitTestResult>
    <UnitTestResult executionId="b4883a29-1a9e-4f03-a0d3-a653175c98eb" testId="882fb25a-af60-c1a9-9ac5-8c717310c276" testName="TenderNeutralRewardsEnroll_LoyaltyTenderNeutralRegisteredAuthenticatedUser_EmailPrePopulationVerificationSuccessful" computerName="MW00977477" duration="00:01:22.8723983" startTime="2015-12-26T19:31:04.2480784-08:00" endTime="2015-12-26T19:32:27.1230784-08:00" testType="13cdc9d9-ddb5-4fa4-a97d-d965ccfc6d4b" outcome="Failed" testListId="8c84fa94-04c1-424b-9868-57a2d4851a1d" relativeResultsDirectory="b4883a29-1a9e-4f03-a0d3-a653175c98eb">
      <Output>
        <DebugTrace>Page loaded succesfully with URL = https://tsecure.dev.nordstrom.com/signIn.aspx
Page loaded succesfully with URL = https://tsecure.dev.nordstrom.com/signIn.aspx
Page loaded succesfully with URL = https://tsecure.dev.nordstrom.com/signIn.aspx
Page loaded succesfully with URL = https://tsecure.dev.nordstrom.com/signIn.aspx
Timed out waiting for element to be visible with locator: By.CssSelector: #ctl00_backgroundOverlay
WaitForElementToDisappear: Given Locator did not appear after 10 seconds - but ok - locator id: By.CssSelector: #ctl00_backgroundOverlay
Timed out waiting for element to be visible with locator: By.LinkText: Sign Out
VerifyCreatedAccount: some kind of client Error is visible
CreateNordAccount: Exception occured when creating new account: exception = 'Assert.IsTrue failed. Verify a new account has been created successfully'
Page loaded succesfully with URL = https://tsecure.dev.nordstrom.com/Rewards/join.aspx
</DebugTrace>
        <ErrorInfo>
          <Message>Assert.IsFalse failed. Client side error occured on Loyalty Tender Neutral Register Page</Message>
          <StackTrace>   at Nordstrom.Web.Test.UI.LoyaltyWeb.LoyaltyTenderNeutralMobileVerificationPageTests.TenderNeutralRewardsEnroll_LoyaltyTenderNeutralRegisteredAuthenticatedUser_EmailPrePopulationVerificationSuccessful() in c:\LoyaltyWebTest\Web\Test\UI\LoyaltyWeb\LoyaltyWebTest\LoyaltyWebTest\LoyaltyTenderNeutralMobileVerificationPageTests.cs:line 142
</StackTrace>
        </ErrorInfo>
      </Output>
    </UnitTestResult>
    <UnitTestResult executionId="80a6a505-f973-4f82-9262-2ede9b5b0287" testId="a7a8df94-1db0-153a-c800-e2df07e46ab8" testName="TenderNeutralRewardsEnroll_LoyaltyTNAuthenticatedUserAlphanumericCharacterInCodeField_ThrowseError" computerName="MW00977477" duration="00:01:24.6199204" startTime="2015-12-26T19:32:27.1250784-08:00" endTime="2015-12-26T19:33:51.7440784-08:00" testType="13cdc9d9-ddb5-4fa4-a97d-d965ccfc6d4b" outcome="Failed" testListId="8c84fa94-04c1-424b-9868-57a2d4851a1d" relativeResultsDirectory="80a6a505-f973-4f82-9262-2ede9b5b0287">
      <Output>
        <DebugTrace>Page loaded succesfully with URL = https://tsecure.dev.nordstrom.com/signIn.aspx
Page loaded succesfully with URL = https://tsecure.dev.nordstrom.com/signIn.aspx
Page loaded succesfully with URL = https://tsecure.dev.nordstrom.com/signIn.aspx
Page loaded succesfully with URL = https://tsecure.dev.nordstrom.com/signIn.aspx
Timed out waiting for element to be visible with locator: By.CssSelector: #ctl00_backgroundOverlay
WaitForElementToDisappear: Given Locator did not appear after 10 seconds - but ok - locator id: By.CssSelector: #ctl00_backgroundOverlay
Timed out waiting for element to be visible with locator: By.LinkText: Sign Out
VerifyCreatedAccount: some kind of client Error is visible
CreateNordAccount: Exception occured when creating new account: exception = 'Assert.IsTrue failed. Verify a new account has been created successfully'
Page loaded succesfully with URL = https://tsecure.dev.nordstrom.com/Rewards/join.aspx
Timed out waiting for element to be visible with locator: By.Id: ctl00_backgroundOverlayProgress
Page loaded succesfully with URL = https://tsecure.dev.nordstrom.com/Rewards/join.aspx
Page loaded succesfully with URL = https://tsecure.dev.nordstrom.com/Rewards/join.aspx
Timed out waiting for element to be visible with locator: By.Id: ctl00_mainContentPlaceHolder_btnVerify
</DebugTrace>
        <ErrorInfo>
          <Message>Assert.IsTrue failed. Navigation to mobile verification page after clicking on Join button on Loyalty Register page is not successful</Message>
          <StackTrace>   at Nordstrom.Web.Test.UI.LoyaltyWeb.LoyaltyTenderNeutralMobileVerificationPageTests.TenderNeutralRewardsEnroll_LoyaltyTNAuthenticatedUserAlphanumericCharacterInCodeField_ThrowseError() in c:\LoyaltyWebTest\Web\Test\UI\LoyaltyWeb\LoyaltyWebTest\LoyaltyWebTest\LoyaltyTenderNeutralMobileVerificationPageTests.cs:line 184
</StackTrace>
        </ErrorInfo>
      </Output>
    </UnitTestResult>
    <UnitTestResult executionId="5876b523-f78e-410c-8734-dab15f716d08" testId="884a4ca8-cd4f-64c9-09ad-1d353ec31c8c" testName="TenderNeutralRewardsEnroll_LoyaltyTNAuthenticatedUserFBlankCodeField_ThrowseError" computerName="MW00977477" duration="00:01:24.3386961" startTime="2015-12-26T19:33:51.7450784-08:00" endTime="2015-12-26T19:35:16.0840784-08:00" testType="13cdc9d9-ddb5-4fa4-a97d-d965ccfc6d4b" outcome="Failed" testListId="8c84fa94-04c1-424b-9868-57a2d4851a1d" relativeResultsDirectory="5876b523-f78e-410c-8734-dab15f716d08">
      <Output>
        <DebugTrace>Page loaded succesfully with URL = https://tsecure.dev.nordstrom.com/signIn.aspx
Page loaded succesfully with URL = https://tsecure.dev.nordstrom.com/signIn.aspx
Page loaded succesfully with URL = https://tsecure.dev.nordstrom.com/signIn.aspx
Page loaded succesfully with URL = https://tsecure.dev.nordstrom.com/signIn.aspx
Timed out waiting for element to be visible with locator: By.CssSelector: #ctl00_backgroundOverlay
WaitForElementToDisappear: Given Locator did not appear after 10 seconds - but ok - locator id: By.CssSelector: #ctl00_backgroundOverlay
Timed out waiting for element to be visible with locator: By.LinkText: Sign Out
VerifyCreatedAccount: some kind of client Error is visible
CreateNordAccount: Exception occured when creating new account: exception = 'Assert.IsTrue failed. Verify a new account has been created successfully'
Page loaded succesfully with URL = https://tsecure.dev.nordstrom.com/Rewards/join.aspx
Timed out waiting for element to be visible with locator: By.Id: ctl00_backgroundOverlayProgress
Page loaded succesfully with URL = https://tsecure.dev.nordstrom.com/Rewards/join.aspx
Page loaded succesfully with URL = https://tsecure.dev.nordstrom.com/Rewards/join.aspx
Timed out waiting for element to be visible with locator: By.Id: ctl00_mainContentPlaceHolder_btnVerify
</DebugTrace>
        <ErrorInfo>
          <Message>Assert.IsTrue failed. Navigation to mobile verification page after clicking on Join button on Loyalty Register page is not successful</Message>
          <StackTrace>   at Nordstrom.Web.Test.UI.LoyaltyWeb.LoyaltyTenderNeutralMobileVerificationPageTests.TenderNeutralRewardsEnroll_LoyaltyTNAuthenticatedUserFBlankCodeField_ThrowseError() in c:\LoyaltyWebTest\Web\Test\UI\LoyaltyWeb\LoyaltyWebTest\LoyaltyWebTest\LoyaltyTenderNeutralMobileVerificationPageTests.cs:line 252
</StackTrace>
        </ErrorInfo>
      </Output>
    </UnitTestResult>
    <UnitTestResult executionId="480a4299-b697-41c9-9c27-bc0f3e7fa47b" testId="f95a6f19-ee3b-53de-cf88-883fcaddfe39" testName="TenderNeutralRewardsEnroll_LoyaltyTNAuthenticatedUserFiveDigitsInCodeField_ThrowseError" computerName="MW00977477" duration="00:01:35.7364948" startTime="2015-12-26T19:35:16.0850784-08:00" endTime="2015-12-26T19:36:51.8290922-08:00" testType="13cdc9d9-ddb5-4fa4-a97d-d965ccfc6d4b" outcome="Failed" testListId="8c84fa94-04c1-424b-9868-57a2d4851a1d" relativeResultsDirectory="480a4299-b697-41c9-9c27-bc0f3e7fa47b">
      <Output>
        <DebugTrace>Page loaded succesfully with URL = https://tsecure.dev.nordstrom.com/signIn.aspx
Page loaded succesfully with URL = https://tsecure.dev.nordstrom.com/signIn.aspx
Page loaded succesfully with URL = https://tsecure.dev.nordstrom.com/signIn.aspx
Page loaded succesfully with URL = https://tsecure.dev.nordstrom.com/signIn.aspx
Timed out waiting for element to be visible with locator: By.CssSelector: #ctl00_backgroundOverlay
WaitForElementToDisappear: Given Locator did not appear after 10 seconds - but ok - locator id: By.CssSelector: #ctl00_backgroundOverlay
Timed out waiting for element to be visible with locator: By.LinkText: Sign Out
VerifyCreatedAccount: some kind of client Error is visible
CreateNordAccount: Exception occured when creating new account: exception = 'Assert.IsTrue failed. Verify a new account has been created successfully'
Page loaded succesfully with URL = https://tsecure.dev.nordstrom.com/Rewards/join.aspx
Timed out waiting for element to be visible with locator: By.Id: ctl00_backgroundOverlayProgress
Page loaded succesfully with URL = https://tsecure.dev.nordstrom.com/Rewards/join.aspx
Page loaded succesfully with URL = https://tsecure.dev.nordstrom.com/Rewards/join.aspx
Timed out waiting for element to be visible with locator: By.Id: ctl00_mainContentPlaceHolder_btnVerify
</DebugTrace>
        <ErrorInfo>
          <Message>Assert.IsTrue failed. Navigation to mobile verification page after clicking on Join button on Loyalty Register page is not successful</Message>
          <StackTrace>   at Nordstrom.Web.Test.UI.LoyaltyWeb.LoyaltyTenderNeutralMobileVerificationPageTests.TenderNeutralRewardsEnroll_LoyaltyTNAuthenticatedUserFiveDigitsInCodeField_ThrowseError() in c:\LoyaltyWebTest\Web\Test\UI\LoyaltyWeb\LoyaltyWebTest\LoyaltyWebTest\LoyaltyTenderNeutralMobileVerificationPageTests.cs:line 235
</StackTrace>
        </ErrorInfo>
      </Output>
    </UnitTestResult>
    <UnitTestResult executionId="3eaa3618-a0b1-4e5e-8a53-ca5cf4504787" testId="3757ab62-2418-b96f-a6e8-6a2ddff7f5be" testName="TenderNeutralRewardsEnroll_LoyaltyTNAuthenticatedUserLessThanSixDigitsInCodeField_ThrowseError" computerName="MW00977477" duration="00:01:28.5790346" startTime="2015-12-26T19:36:51.8310924-08:00" endTime="2015-12-26T19:38:20.4189503-08:00" testType="13cdc9d9-ddb5-4fa4-a97d-d965ccfc6d4b" outcome="Failed" testListId="8c84fa94-04c1-424b-9868-57a2d4851a1d" relativeResultsDirectory="3eaa3618-a0b1-4e5e-8a53-ca5cf4504787">
      <Output>
        <DebugTrace>Page loaded succesfully with URL = https://tsecure.dev.nordstrom.com/signIn.aspx
Page loaded succesfully with URL = https://tsecure.dev.nordstrom.com/signIn.aspx
Page loaded succesfully with URL = https://tsecure.dev.nordstrom.com/signIn.aspx
Page loaded succesfully with URL = https://tsecure.dev.nordstrom.com/signIn.aspx
Timed out waiting for element to be visible with locator: By.CssSelector: #ctl00_backgroundOverlay
WaitForElementToDisappear: Given Locator did not appear after 10 seconds - but ok - locator id: By.CssSelector: #ctl00_backgroundOverlay
Timed out waiting for element to be visible with locator: By.LinkText: Sign Out
VerifyCreatedAccount: some kind of client Error is visible
CreateNordAccount: Exception occured when creating new account: exception = 'Assert.IsTrue failed. Verify a new account has been created successfully'
Page loaded succesfully with URL = https://tsecure.dev.nordstrom.com/Rewards/join.aspx
Timed out waiting for element to be visible with locator: By.Id: ctl00_backgroundOverlayProgress
Page loaded succesfully with URL = https://tsecure.dev.nordstrom.com/Rewards/join.aspx
Page loaded succesfully with URL = https://tsecure.dev.nordstrom.com/Rewards/join.aspx
Timed out waiting for element to be visible with locator: By.Id: ctl00_mainContentPlaceHolder_btnVerify
</DebugTrace>
        <ErrorInfo>
          <Message>Assert.IsTrue failed. Navigation to mobile verification page after clicking on Join button on Loyalty Register page is not successful</Message>
          <StackTrace>   at Nordstrom.Web.Test.UI.LoyaltyWeb.LoyaltyTenderNeutralMobileVerificationPageTests.TenderNeutralRewardsEnroll_LoyaltyTNAuthenticatedUserLessThanSixDigitsInCodeField_ThrowseError() in c:\LoyaltyWebTest\Web\Test\UI\LoyaltyWeb\LoyaltyWebTest\LoyaltyWebTest\LoyaltyTenderNeutralMobileVerificationPageTests.cs:line 201
</StackTrace>
        </ErrorInfo>
      </Output>
    </UnitTestResult>
    <UnitTestResult executionId="0520e929-5fc0-4823-920d-17dc876ab8ed" testId="ee8371a4-6a8c-8220-7b9b-c4b425e74e47" testName="TenderNeutralRewardsEnroll_LoyaltyTNAuthenticatedUserMaximumInvlaidEntryinCodeField_ThrowsError" computerName="MW00977477" duration="00:01:23.0687620" startTime="2015-12-26T19:38:20.4219506-08:00" endTime="2015-12-26T19:39:43.4992575-08:00" testType="13cdc9d9-ddb5-4fa4-a97d-d965ccfc6d4b" outcome="Failed" testListId="8c84fa94-04c1-424b-9868-57a2d4851a1d" relativeResultsDirectory="0520e929-5fc0-4823-920d-17dc876ab8ed">
      <Output>
        <DebugTrace>Page loaded succesfully with URL = https://tsecure.dev.nordstrom.com/signIn.aspx
Page loaded succesfully with URL = https://tsecure.dev.nordstrom.com/signIn.aspx
Page loaded succesfully with URL = https://tsecure.dev.nordstrom.com/signIn.aspx
Page loaded succesfully with URL = https://tsecure.dev.nordstrom.com/signIn.aspx
Timed out waiting for element to be visible with locator: By.CssSelector: #ctl00_backgroundOverlay
WaitForElementToDisappear: Given Locator did not appear after 10 seconds - but ok - locator id: By.CssSelector: #ctl00_backgroundOverlay
Timed out waiting for element to be visible with locator: By.LinkText: Sign Out
VerifyCreatedAccount: some kind of client Error is visible
CreateNordAccount: Exception occured when creating new account: exception = 'Assert.IsTrue failed. Verify a new account has been created successfully'
Page loaded succesfully with URL = https://tsecure.dev.nordstrom.com/Rewards/join.aspx
Timed out waiting for element to be visible with locator: By.Id: ctl00_backgroundOverlayProgress
Page loaded succesfully with URL = https://tsecure.dev.nordstrom.com/Rewards/join.aspx
Page loaded succesfully with URL = https://tsecure.dev.nordstrom.com/Rewards/join.aspx
Timed out waiting for element to be visible with locator: By.Id: ctl00_mainContentPlaceHolder_btnVerify
</DebugTrace>
        <ErrorInfo>
          <Message>Assert.IsTrue failed. Navigation to mobile verification page after clicking on Join button on Loyalty Register page is not successful</Message>
          <StackTrace>   at Nordstrom.Web.Test.UI.LoyaltyWeb.LoyaltyTenderNeutralMobileVerificationPageTests.TenderNeutralRewardsEnroll_LoyaltyTNAuthenticatedUserMaximumInvlaidEntryinCodeField_ThrowsError() in c:\LoyaltyWebTest\Web\Test\UI\LoyaltyWeb\LoyaltyWebTest\LoyaltyWebTest\LoyaltyTenderNeutralMobileVerificationPageTests.cs:line 386
</StackTrace>
        </ErrorInfo>
      </Output>
    </UnitTestResult>
    <UnitTestResult executionId="bb0109fa-e836-4dc5-9626-079ecd5d675d" testId="5d94c71d-df20-d6cd-d92c-a694e0aa36bf" testName="TenderNeutralRewardsEnroll_LoyaltyTNAuthenticatedUserSevenDigitsInCodeField_ThrowseError" computerName="MW00977477" duration="00:01:25.9755560" startTime="2015-12-26T19:39:43.5022578-08:00" endTime="2015-12-26T19:41:09.4868554-08:00" testType="13cdc9d9-ddb5-4fa4-a97d-d965ccfc6d4b" outcome="Failed" testListId="8c84fa94-04c1-424b-9868-57a2d4851a1d" relativeResultsDirectory="bb0109fa-e836-4dc5-9626-079ecd5d675d">
      <Output>
        <DebugTrace>Page loaded succesfully with URL = https://tsecure.dev.nordstrom.com/signIn.aspx
Page loaded succesfully with URL = https://tsecure.dev.nordstrom.com/signIn.aspx
Page loaded succesfully with URL = https://tsecure.dev.nordstrom.com/signIn.aspx
Page loaded succesfully with URL = https://tsecure.dev.nordstrom.com/signIn.aspx
Timed out waiting for element to be visible with locator: By.CssSelector: #ctl00_backgroundOverlay
WaitForElementToDisappear: Given Locator did not appear after 10 seconds - but ok - locator id: By.CssSelector: #ctl00_backgroundOverlay
Timed out waiting for element to be visible with locator: By.LinkText: Sign Out
VerifyCreatedAccount: some kind of client Error is visible
CreateNordAccount: Exception occured when creating new account: exception = 'Assert.IsTrue failed. Verify a new account has been created successfully'
Page loaded succesfully with URL = https://tsecure.dev.nordstrom.com/Rewards/join.aspx
Timed out waiting for element to be visible with locator: By.Id: ctl00_backgroundOverlayProgress
Page loaded succesfully with URL = https://tsecure.dev.nordstrom.com/Rewards/join.aspx
Page loaded succesfully with URL = https://tsecure.dev.nordstrom.com/Rewards/join.aspx
Timed out waiting for element to be visible with locator: By.Id: ctl00_mainContentPlaceHolder_btnVerify
</DebugTrace>
        <ErrorInfo>
          <Message>Assert.IsTrue failed. Navigation to mobile verification page after clicking on Join button on Loyalty Register page is not successful</Message>
          <StackTrace>   at Nordstrom.Web.Test.UI.LoyaltyWeb.LoyaltyTenderNeutralMobileVerificationPageTests.TenderNeutralRewardsEnroll_LoyaltyTNAuthenticatedUserSevenDigitsInCodeField_ThrowseError() in c:\LoyaltyWebTest\Web\Test\UI\LoyaltyWeb\LoyaltyWebTest\LoyaltyWebTest\LoyaltyTenderNeutralMobileVerificationPageTests.cs:line 218
</StackTrace>
        </ErrorInfo>
      </Output>
    </UnitTestResult>
    <UnitTestResult executionId="355a626f-3d62-4c54-9e76-7e9521fde16a" testId="7003bcc1-5465-4329-b7ef-878c9e819482" testName="TenderNeutralRewardsEnroll_LoyaltyTNAuthenticatedUserSpecialCharacterinCodeField_ThrowseError" computerName="MW00977477" duration="00:01:22.7043730" startTime="2015-12-26T19:41:09.4888556-08:00" endTime="2015-12-26T19:42:32.2021261-08:00" testType="13cdc9d9-ddb5-4fa4-a97d-d965ccfc6d4b" outcome="Failed" testListId="8c84fa94-04c1-424b-9868-57a2d4851a1d" relativeResultsDirectory="355a626f-3d62-4c54-9e76-7e9521fde16a">
      <Output>
        <DebugTrace>Page loaded succesfully with URL = https://tsecure.dev.nordstrom.com/signIn.aspx
Page loaded succesfully with URL = https://tsecure.dev.nordstrom.com/signIn.aspx
Page loaded succesfully with URL = https://tsecure.dev.nordstrom.com/signIn.aspx
Page loaded succesfully with URL = https://tsecure.dev.nordstrom.com/signIn.aspx
Timed out waiting for element to be visible with locator: By.CssSelector: #ctl00_backgroundOverlay
WaitForElementToDisappear: Given Locator did not appear after 10 seconds - but ok - locator id: By.CssSelector: #ctl00_backgroundOverlay
Timed out waiting for element to be visible with locator: By.LinkText: Sign Out
VerifyCreatedAccount: some kind of client Error is visible
CreateNordAccount: Exception occured when creating new account: exception = 'Assert.IsTrue failed. Verify a new account has been created successfully'
Page loaded succesfully with URL = https://tsecure.dev.nordstrom.com/Rewards/join.aspx
Timed out waiting for element to be visible with locator: By.Id: ctl00_backgroundOverlayProgress
Page loaded succesfully with URL = https://tsecure.dev.nordstrom.com/Rewards/join.aspx
Page loaded succesfully with URL = https://tsecure.dev.nordstrom.com/Rewards/join.aspx
Timed out waiting for element to be visible with locator: By.Id: ctl00_mainContentPlaceHolder_btnVerify
</DebugTrace>
        <ErrorInfo>
          <Message>Assert.IsTrue failed. Navigation to mobile verification page after clicking on Join button on Loyalty Register page is not successful</Message>
          <StackTrace>   at Nordstrom.Web.Test.UI.LoyaltyWeb.LoyaltyTenderNeutralMobileVerificationPageTests.TenderNeutralRewardsEnroll_LoyaltyTNAuthenticatedUserSpecialCharacterinCodeField_ThrowseError() in c:\LoyaltyWebTest\Web\Test\UI\LoyaltyWeb\LoyaltyWebTest\LoyaltyWebTest\LoyaltyTenderNeutralMobileVerificationPageTests.cs:line 162
</StackTrace>
        </ErrorInfo>
      </Output>
    </UnitTestResult>
    <UnitTestResult executionId="16e6b3d9-0fcf-4242-b17b-44ffc2d164b3" testId="f2fbd149-e2af-5637-9417-20622b33fae0" testName="LoyaltyWelcomePage_BonusPointEventsLink_ShouldHaveValidURL" computerName="MW00977477" duration="00:00:52.2642484" startTime="2015-12-26T19:42:32.2041263-08:00" endTime="2015-12-26T19:43:24.4743528-08:00" testType="13cdc9d9-ddb5-4fa4-a97d-d965ccfc6d4b" outcome="Passed" testListId="8c84fa94-04c1-424b-9868-57a2d4851a1d" relativeResultsDirectory="16e6b3d9-0fcf-4242-b17b-44ffc2d164b3">
      <Output>
        <DebugTrace>Page loaded succesfully with URL = https://tsecure.dev.nordstrom.com/signIn.aspx
Page loaded succesfully with URL = https://tsecure.dev.nordstrom.com/signIn.aspx
Page loaded succesfully with URL = https://tsecure.dev.nordstrom.com/signIn.aspx
Page loaded succesfully with URL = https://tsecure.dev.nordstrom.com/signIn.aspx
Timed out waiting for element to be visible with locator: By.CssSelector: #ctl00_backgroundOverlay
WaitForElementToDisappear: Given Locator did not appear after 10 seconds - but ok - locator id: By.CssSelector: #ctl00_backgroundOverlay
Timed out waiting for element to be visible with locator: By.LinkText: Sign Out
VerifyCreatedAccount: some kind of client Error is visible
CreateNordAccount: Exception occured when creating new account: exception = 'Assert.IsTrue failed. Verify a new account has been created successfully'
Page loaded succesfully with URL = http://d.aws.loyaltyweb.dev.nordstrom.com/Rewards/Welcome
Page loaded succesfully with URL = http://d.aws.loyaltyweb.dev.nordstrom.com/Rewards/Welcome
Page loaded succesfully with URL = http://d.aws.loyaltyweb.dev.nordstrom.com/Rewards/Welcome
Page loaded succesfully with URL = http://d.aws.loyaltyweb.dev.nordstrom.com/Rewards/Welcome
</DebugTrace>
      </Output>
    </UnitTestResult>
    <UnitTestResult executionId="b823b335-f867-49d3-a1f1-c29ba506faf2" testId="a4820a9f-81f2-f74a-e78b-327ea50d8b48" testName="LoyaltyWelcomePage_HauteLookLogo_ShouldRender" computerName="MW00977477" duration="00:00:41.6855099" startTime="2015-12-26T19:43:24.4763530-08:00" endTime="2015-12-26T19:44:06.1685218-08:00" testType="13cdc9d9-ddb5-4fa4-a97d-d965ccfc6d4b" outcome="Passed" testListId="8c84fa94-04c1-424b-9868-57a2d4851a1d" relativeResultsDirectory="b823b335-f867-49d3-a1f1-c29ba506faf2">
      <Output>
        <DebugTrace>Page loaded succesfully with URL = https://tsecure.dev.nordstrom.com/signIn.aspx
Page loaded succesfully with URL = https://tsecure.dev.nordstrom.com/signIn.aspx
Page loaded succesfully with URL = https://tsecure.dev.nordstrom.com/signIn.aspx
Page loaded succesfully with URL = https://tsecure.dev.nordstrom.com/signIn.aspx
Timed out waiting for element to be visible with locator: By.CssSelector: #ctl00_backgroundOverlay
WaitForElementToDisappear: Given Locator did not appear after 10 seconds - but ok - locator id: By.CssSelector: #ctl00_backgroundOverlay
Timed out waiting for element to be visible with locator: By.LinkText: Sign Out
VerifyCreatedAccount: some kind of client Error is visible
CreateNordAccount: Exception occured when creating new account: exception = 'Assert.IsTrue failed. Verify a new account has been created successfully'
Page loaded succesfully with URL = http://d.aws.loyaltyweb.dev.nordstrom.com/Rewards/Welcome
Page loaded succesfully with URL = http://d.aws.loyaltyweb.dev.nordstrom.com/Rewards/Welcome
Page loaded succesfully with URL = http://d.aws.loyaltyweb.dev.nordstrom.com/Rewards/Welcome
Page loaded succesfully with URL = http://d.aws.loyaltyweb.dev.nordstrom.com/Rewards/Welcome
</DebugTrace>
      </Output>
    </UnitTestResult>
    <UnitTestResult executionId="33753876-2cbd-4482-bbd8-08c68c710a8f" testId="6e08402d-8997-90dc-9b66-886438ad27db" testName="LoyaltyWelcomePage_NordstromLogo_ShouldRender" computerName="MW00977477" duration="00:00:39.1075388" startTime="2015-12-26T19:44:06.1695219-08:00" endTime="2015-12-26T19:44:45.2824328-08:00" testType="13cdc9d9-ddb5-4fa4-a97d-d965ccfc6d4b" outcome="Passed" testListId="8c84fa94-04c1-424b-9868-57a2d4851a1d" relativeResultsDirectory="33753876-2cbd-4482-bbd8-08c68c710a8f">
      <Output>
        <DebugTrace>Page loaded succesfully with URL = https://tsecure.dev.nordstrom.com/signIn.aspx
Page loaded succesfully with URL = https://tsecure.dev.nordstrom.com/signIn.aspx
Page loaded succesfully with URL = https://tsecure.dev.nordstrom.com/signIn.aspx
Page loaded succesfully with URL = https://tsecure.dev.nordstrom.com/signIn.aspx
Timed out waiting for element to be visible with locator: By.CssSelector: #ctl00_backgroundOverlay
WaitForElementToDisappear: Given Locator did not appear after 10 seconds - but ok - locator id: By.CssSelector: #ctl00_backgroundOverlay
Timed out waiting for element to be visible with locator: By.LinkText: Sign Out
VerifyCreatedAccount: some kind of client Error is visible
CreateNordAccount: Exception occured when creating new account: exception = 'Assert.IsTrue failed. Verify a new account has been created successfully'
Page loaded succesfully with URL = http://d.aws.loyaltyweb.dev.nordstrom.com/Rewards/Welcome
Page loaded succesfully with URL = http://d.aws.loyaltyweb.dev.nordstrom.com/Rewards/Welcome
Page loaded succesfully with URL = http://d.aws.loyaltyweb.dev.nordstrom.com/Rewards/Welcome
Page loaded succesfully with URL = http://d.aws.loyaltyweb.dev.nordstrom.com/Rewards/Welcome
</DebugTrace>
      </Output>
    </UnitTestResult>
    <UnitTestResult executionId="25c0398b-57ba-421c-a1a9-c7f7594dbf13" testId="c03a005c-b69d-99fa-b651-b26bd5d00566" testName="LoyaltyWelcomePage_RackLogo_ShouldRender" computerName="MW00977477" duration="00:00:40.3259653" startTime="2015-12-26T19:44:45.2844330-08:00" endTime="2015-12-26T19:45:25.6154657-08:00" testType="13cdc9d9-ddb5-4fa4-a97d-d965ccfc6d4b" outcome="Passed" testListId="8c84fa94-04c1-424b-9868-57a2d4851a1d" relativeResultsDirectory="25c0398b-57ba-421c-a1a9-c7f7594dbf13">
      <Output>
        <DebugTrace>Page loaded succesfully with URL = https://tsecure.dev.nordstrom.com/signIn.aspx
Page loaded succesfully with URL = https://tsecure.dev.nordstrom.com/signIn.aspx
Page loaded succesfully with URL = https://tsecure.dev.nordstrom.com/signIn.aspx
Page loaded succesfully with URL = https://tsecure.dev.nordstrom.com/signIn.aspx
Timed out waiting for element to be visible with locator: By.CssSelector: #ctl00_backgroundOverlay
WaitForElementToDisappear: Given Locator did not appear after 10 seconds - but ok - locator id: By.CssSelector: #ctl00_backgroundOverlay
Timed out waiting for element to be visible with locator: By.LinkText: Sign Out
VerifyCreatedAccount: some kind of client Error is visible
CreateNordAccount: Exception occured when creating new account: exception = 'Assert.IsTrue failed. Verify a new account has been created successfully'
Page loaded succesfully with URL = http://d.aws.loyaltyweb.dev.nordstrom.com/Rewards/Welcome
Page loaded succesfully with URL = http://d.aws.loyaltyweb.dev.nordstrom.com/Rewards/Welcome
Page loaded succesfully with URL = http://d.aws.loyaltyweb.dev.nordstrom.com/Rewards/Welcome
Page loaded succesfully with URL = http://d.aws.loyaltyweb.dev.nordstrom.com/Rewards/Welcome
</DebugTrace>
      </Output>
    </UnitTestResult>
    <UnitTestResult executionId="ed62002e-8418-49f0-b733-74ba45f4629c" testId="e3a562d7-b300-5f52-06c2-7be31e66bd96" testName="LoyaltyWelcomePage_WhenTypeRightURL_ShouldRenderWelcomePage" computerName="MW00977477" duration="00:00:42.2472699" startTime="2015-12-26T19:45:25.6174659-08:00" endTime="2015-12-26T19:46:07.8706908-08:00" testType="13cdc9d9-ddb5-4fa4-a97d-d965ccfc6d4b" outcome="Passed" testListId="8c84fa94-04c1-424b-9868-57a2d4851a1d" relativeResultsDirectory="ed62002e-8418-49f0-b733-74ba45f4629c">
      <Output>
        <DebugTrace>Page loaded succesfully with URL = https://tsecure.dev.nordstrom.com/signIn.aspx
Page loaded succesfully with URL = https://tsecure.dev.nordstrom.com/signIn.aspx
Page loaded succesfully with URL = https://tsecure.dev.nordstrom.com/signIn.aspx
Page loaded succesfully with URL = https://tsecure.dev.nordstrom.com/signIn.aspx
Timed out waiting for element to be visible with locator: By.CssSelector: #ctl00_backgroundOverlay
WaitForElementToDisappear: Given Locator did not appear after 10 seconds - but ok - locator id: By.CssSelector: #ctl00_backgroundOverlay
Timed out waiting for element to be visible with locator: By.LinkText: Sign Out
VerifyCreatedAccount: some kind of client Error is visible
CreateNordAccount: Exception occured when creating new account: exception = 'Assert.IsTrue failed. Verify a new account has been created successfully'
Page loaded succesfully with URL = http://d.aws.loyaltyweb.dev.nordstrom.com/Rewards/Welcome
Page loaded succesfully with URL = http://d.aws.loyaltyweb.dev.nordstrom.com/Rewards/Welcome
Page loaded succesfully with URL = http://d.aws.loyaltyweb.dev.nordstrom.com/Rewards/Welcome
Page loaded succesfully with URL = http://d.aws.loyaltyweb.dev.nordstrom.com/Rewards/Welcome
</DebugTrace>
      </Output>
    </UnitTestResult>
    <UnitTestResult executionId="a304bd9d-1c64-4f97-9663-7f62fc006fbb" testId="e7dc9dd3-4cd3-3bf6-c7c0-12fcc1c1c5cd" testName="TenderNeutralAssociation_When15MinutesPassAsAuthenticatedUser_ChangeToRecognizeUserAndInfoDisappear" computerName="MW00977477" duration="00:01:01.3477192" startTime="2015-12-26T19:46:07.8736911-08:00" endTime="2015-12-26T19:47:09.2278259-08:00" testType="13cdc9d9-ddb5-4fa4-a97d-d965ccfc6d4b" outcome="Failed" testListId="8c84fa94-04c1-424b-9868-57a2d4851a1d" relativeResultsDirectory="a304bd9d-1c64-4f97-9663-7f62fc006fbb">
      <Output>
        <DebugTrace>Store customer is successfully created.Page loaded succesfully with URL = https://tsecure.dev.nordstrom.com/signIn.aspx
Page loaded succesfully with URL = https://tsecure.dev.nordstrom.com/signIn.aspx
Page loaded succesfully with URL = https://tsecure.dev.nordstrom.com/signIn.aspx
Timed out waiting for element to be visible with locator: By.CssSelector: #ctl00_backgroundOverlay
WaitForElementToDisappear: Given Locator did not appear after 10 seconds - but ok - locator id: By.CssSelector: #ctl00_backgroundOverlay
Timed out waiting for element to be visible with locator: By.LinkText: Sign Out
Timed out waiting for element to be visible with locator: By.LinkText: Sign Out
VerifyCreatedAccount: sign out link is not visible
</DebugTrace>
        <ErrorInfo>
          <Message>Assert.IsTrue failed. A new account failed to create an account.</Message>
          <StackTrace>   at Nordstrom.Web.Test.UI.LoyaltyWeb.UserSensitiveDataCases.TenderNeutralAssociation_When15MinutesPassAsAuthenticatedUser_ChangeToRecognizeUserAndInfoDisappear() in c:\LoyaltyWebTest\Web\Test\UI\LoyaltyWeb\LoyaltyWebTest\LoyaltyWebTest\UserSensitiveDataCases.cs:line 94
</StackTrace>
        </ErrorInfo>
      </Output>
    </UnitTestResult>
    <UnitTestResult executionId="7f0f7865-1c34-4d4f-b661-2f39437b7c82" testId="dea7da76-cc4d-9db9-653c-019847e5cc46" testName="TenderNeutralAssociation_When15MinutesPassAsGuestUser_EnteredInfoDisappear" computerName="MW00977477" duration="00:01:32.3316471" startTime="2015-12-26T19:47:09.2298261-08:00" endTime="2015-12-26T19:48:41.5710593-08:00" testType="13cdc9d9-ddb5-4fa4-a97d-d965ccfc6d4b" outcome="Passed" testListId="8c84fa94-04c1-424b-9868-57a2d4851a1d" relativeResultsDirectory="7f0f7865-1c34-4d4f-b661-2f39437b7c82">
      <Output>
        <DebugTrace>Store customer is successfully created.Page loaded succesfully with URL = https://tsecure.dev.nordstrom.com/Rewards/association.aspx
Page loaded succesfully with URL = https://tsecure.dev.nordstrom.com/Rewards/association.aspx
</DebugTrace>
      </Output>
    </UnitTestResult>
    <UnitTestResult executionId="d05aff6e-1724-4d6f-95e2-f8a5810e199f" testId="988daa97-185a-b36c-e2bb-1662c7eee467" testName="TenderNeutralEnroll_When15MinutesPassWithoutAuthenticatedUserActivity_ExpectSessionTimeoutInfoShowAndUserInfoDisappear" computerName="MW00977477" duration="00:02:11.3548159" startTime="2015-12-26T19:48:41.5750597-08:00" endTime="2015-12-26T19:50:52.9411950-08:00" testType="13cdc9d9-ddb5-4fa4-a97d-d965ccfc6d4b" outcome="Failed" testListId="8c84fa94-04c1-424b-9868-57a2d4851a1d" relativeResultsDirectory="d05aff6e-1724-4d6f-95e2-f8a5810e199f">
      <Output>
        <DebugTrace>Page loaded succesfully with URL = https://tsecure.dev.nordstrom.com/signIn.aspx
Page loaded succesfully with URL = https://tsecure.dev.nordstrom.com/signIn.aspx
Page loaded succesfully with URL = https://tsecure.dev.nordstrom.com/signIn.aspx
Page loaded succesfully with URL = https://tsecure.dev.nordstrom.com/signIn.aspx
Timed out waiting for element to be visible with locator: By.CssSelector: #ctl00_backgroundOverlay
WaitForElementToDisappear: Given Locator did not appear after 10 seconds - but ok - locator id: By.CssSelector: #ctl00_backgroundOverlay
Timed out waiting for element to be visible with locator: By.LinkText: Sign Out
Timed out waiting for element to be visible with locator: By.LinkText: Sign Out
VerifyCreatedAccount: sign out link is not visible
CreateNordAccount: Exception occured when creating new account: exception = 'Assert.IsTrue failed. Verify a new account has been created successfully'
Page loaded succesfully with URL = https://tsecure.dev.nordstrom.com/Rewards/join.aspx
</DebugTrace>
        <ErrorInfo>
          <Message>Test method Nordstrom.Web.Test.UI.LoyaltyWeb.UserSensitiveDataCases.TenderNeutralEnroll_When15MinutesPassWithoutAuthenticatedUserActivity_ExpectSessionTimeoutInfoShowAndUserInfoDisappear threw exception: 
OpenQA.Selenium.NoSuchElementException: Could not find element by: By.CssSelector: ctl00_mainContentPlaceHolder_FirstNameResource</Message>
          <StackTrace>    at OpenQA.Selenium.Support.PageObjects.DefaultElementLocator.LocateElement(IEnumerable`1 bys)
   at OpenQA.Selenium.Support.PageObjects.WebElementProxy.get_Element()
   at OpenQA.Selenium.Support.PageObjects.WebElementProxy.Invoke(IMessage msg)
   at System.Runtime.Remoting.Proxies.RealProxy.PrivateInvoke(MessageData&amp; msgData, Int32 type)
   at OpenQA.Selenium.IWebElement.get_Text()
   at Nordstrom.Web.Test.UI.Common.PageObjects.LoyaltyRegisterPage.VerifyEnrollPageForAuthenticatedUserSensitiveDataDisappear() in c:\LoyaltyWebTest\Web\Test\UI\Common\PageObjects\LoyaltyRegisterPage.cs:line 647
   at Nordstrom.Web.Test.UI.LoyaltyWeb.UserSensitiveDataCases.TenderNeutralEnroll_When15MinutesPassWithoutAuthenticatedUserActivity_ExpectSessionTimeoutInfoShowAndUserInfoDisappear() in c:\LoyaltyWebTest\Web\Test\UI\LoyaltyWeb\LoyaltyWebTest\LoyaltyWebTest\UserSensitiveDataCases.cs:line 43
</StackTrace>
        </ErrorInfo>
      </Output>
    </UnitTestResult>
    <UnitTestResult executionId="0ad787dc-5992-4d9f-b848-35ec0c96597b" testId="dbe39e81-54e6-8534-594e-60312842c80d" testName="TenderNeutralEnroll_When15MinutesPassWithoutUserActivityAndTestSecureShopperSessionFeatureFlagOff_ExpectSessionTimeoutInfoShowAndUserInfoDisappear" computerName="MW00977477" duration="00:02:21.6201855" startTime="2015-12-26T19:50:52.9421951-08:00" endTime="2015-12-26T19:53:14.5684683-08:00" testType="13cdc9d9-ddb5-4fa4-a97d-d965ccfc6d4b" outcome="Failed" testListId="8c84fa94-04c1-424b-9868-57a2d4851a1d" relativeResultsDirectory="0ad787dc-5992-4d9f-b848-35ec0c96597b">
      <Output>
        <DebugTrace>Page loaded succesfully with URL = https://tsecure.dev.nordstrom.com/signIn.aspx
Page loaded succesfully with URL = https://tsecure.dev.nordstrom.com/signIn.aspx
Page loaded succesfully with URL = https://tsecure.dev.nordstrom.com/signIn.aspx
Page loaded succesfully with URL = https://tsecure.dev.nordstrom.com/signIn.aspx
Timed out waiting for element to be visible with locator: By.CssSelector: #ctl00_backgroundOverlay
WaitForElementToDisappear: Given Locator did not appear after 10 seconds - but ok - locator id: By.CssSelector: #ctl00_backgroundOverlay
Timed out waiting for element to be visible with locator: By.LinkText: Sign Out
Timed out waiting for element to be visible with locator: By.LinkText: Sign Out
VerifyCreatedAccount: sign out link is not visible
CreateNordAccount: Exception occured when creating new account: exception = 'Assert.IsTrue failed. Verify a new account has been created successfully'
Page loaded succesfully with URL = https://tsecure.dev.nordstrom.com/Rewards/join.aspx
</DebugTrace>
        <ErrorInfo>
          <Message>Test method Nordstrom.Web.Test.UI.LoyaltyWeb.UserSensitiveDataCases.TenderNeutralEnroll_When15MinutesPassWithoutUserActivityAndTestSecureShopperSessionFeatureFlagOff_ExpectSessionTimeoutInfoShowAndUserInfoDisappear threw exception: 
OpenQA.Selenium.NoSuchElementException: Could not find element by: By.CssSelector: ctl00_mainContentPlaceHolder_FirstNameResource</Message>
          <StackTrace>    at OpenQA.Selenium.Support.PageObjects.DefaultElementLocator.LocateElement(IEnumerable`1 bys)
   at OpenQA.Selenium.Support.PageObjects.WebElementProxy.get_Element()
   at OpenQA.Selenium.Support.PageObjects.WebElementProxy.Invoke(IMessage msg)
   at System.Runtime.Remoting.Proxies.RealProxy.PrivateInvoke(MessageData&amp; msgData, Int32 type)
   at OpenQA.Selenium.IWebElement.get_Text()
   at Nordstrom.Web.Test.UI.Common.PageObjects.LoyaltyRegisterPage.VerifyEnrollPageForAuthenticatedUserSensitiveDataDisappear() in c:\LoyaltyWebTest\Web\Test\UI\Common\PageObjects\LoyaltyRegisterPage.cs:line 647
   at Nordstrom.Web.Test.UI.LoyaltyWeb.UserSensitiveDataCases.TenderNeutralEnroll_When15MinutesPassWithoutUserActivityAndTestSecureShopperSessionFeatureFlagOff_ExpectSessionTimeoutInfoShowAndUserInfoDisappear() in c:\LoyaltyWebTest\Web\Test\UI\LoyaltyWeb\LoyaltyWebTest\LoyaltyWebTest\UserSensitiveDataCases.cs:line 68
</StackTrace>
        </ErrorInfo>
      </Output>
    </UnitTestResult>
  </Results>
</TestRun>