<?xml version="1.0" encoding="UTF-8"?>
<TestRun id="d21236b2-13d8-4819-8bc3-21ea0260bfa1" name="x3g9@U00979650 2016-03-09 10:56:39" runUser="NORD\x3g9" xmlns="http://microsoft.com/schemas/VisualStudio/TeamTest/2010">
  <TestSettings name="Default Test Settings" id="1e1d68db-cba0-4072-99f7-6ae6061b2bde">
    <Execution>
      <TestTypeSpecific />
      <AgentRule name="Execution Agents">
      </AgentRule>
    </Execution>
    <Deployment runDeploymentRoot="x3g9_U00979650 2016-03-09 10_56_39" />
    <Properties />
  </TestSettings>
  <Times creation="2016-03-09T10:56:39.3200141-08:00" queuing="2016-03-09T10:56:40.2851106-08:00" start="2016-03-09T10:56:40.3841205-08:00" finish="2016-03-09T13:37:55.2745157-08:00" />
  <ResultSummary outcome="Failed">
    <Counters total="163" executed="163" passed="41" error="0" failed="85" timeout="0" aborted="0" inconclusive="37" passedButRunAborted="0" notRunnable="0" notExecuted="0" disconnected="0" warning="0" completed="0" inProgress="0" pending="0" />
    <Output>
      <DebugTrace>Exception: The remote server returned an error: (404) Not Found.Exception: The remote server returned an error: (404) Not Found.Exception: The remote server returned an error: (404) Not Found.Exception: The remote server returned an error: (404) Not Found.Exception: The remote server returned an error: (404) Not Found.Exception: The remote server returned an error: (404) Not Found.Exception: The remote server returned an error: (404) Not Found.Exception: The remote server returned an error: (404) Not Found.Exception: The remote server returned an error: (404) Not Found.Exception: The remote server returned an error: (404) Not Found.Exception: The remote server returned an error: (404) Not Found.Exception: The remote server returned an error: (404) Not Found.Exception: The remote server returned an error: (404) Not Found.Exception: The remote server returned an error: (404) Not Found.Exception: The remote server returned an error: (404) Not Found.Exception: The remote server returned an error: (404) Not Found.Exception: The remote server returned an error: (404) Not Found.Exception: The remote server returned an error: (404) Not Found.Exception: The remote server returned an error: (404) Not Found.Exception: The remote server returned an error: (404) Not Found.Exception: The remote server returned an error: (404) Not Found.Exception: The remote server returned an error: (404) Not Found.Exception: The remote server returned an error: (404) Not Found.Exception: The remote server returned an error: (404) Not Found.Exception: The remote server returned an error: (404) Not Found.Exception: The remote server returned an error: (404) Not Found.Exception: The remote server returned an error: (404) Not Found.Exception: The remote server returned an error: (404) Not Found.Exception: The remote server returned an error: (404) Not Found.Exception: The remote server returned an error: (404) Not Found.Exception: The remote server returned an error: (404) Not Found.Exception: The remote server returned an error: (404) Not Found.Exception: The remote server returned an error: (404) Not Found.Exception: The remote server returned an error: (404) Not Found.Exception: The remote server returned an error: (404) Not Found.Exception: The remote server returned an error: (404) Not Found.Exception: The remote server returned an error: (404) Not Found.Exception: The remote server returned an error: (404) Not Found.Exception: The remote server returned an error: (404) Not Found.Exception: The remote server returned an error: (404) Not Found.Exception: The remote server returned an error: (404) Not Found.Exception: The remote server returned an error: (404) Not Found.Exception: The remote server returned an error: (404) Not Found.Exception: The remote server returned an error: (404) Not Found.Exception: The remote server returned an error: (404) Not Found.Exception: The remote server returned an error: (404) Not Found.Exception: The remote server returned an error: (404) Not Found.Exception: The remote server returned an error: (404) Not Found.Exception: The remote server returned an error: (404) Not Found.Exception: The remote server returned an error: (404) Not Found.Exception: The remote server returned an error: (404) Not Found.Exception: The remote server returned an error: (404) Not Found.Exception: The remote server returned an error: (404) Not Found.Exception: The remote server returned an error: (404) Not Found.Exception: The remote server returned an error: (404) Not Found.Exception: The remote server returned an error: (404) Not Found.Exception: The remote server returned an error: (404) Not Found.Exception: The remote server returned an error: (404) Not Found.Exception: The remote server returned an error: (404) Not Found.Exception: The remote server returned an error: (404) Not Found.Exception: The remote server returned an error: (404) Not Found.Exception: The remote server returned an error: (404) Not Found.Exception: The remote server returned an error: (404) Not Found.Exception: The remote server returned an error: (404) Not Found.Exception: The remote server returned an error: (404) Not Found.Exception: The remote server returned an error: (404) Not Found.Exception: The remote server returned an error: (404) Not Found.Exception: The remote server returned an error: (404) Not Found.Exception: The remote server returned an error: (404) Not Found.Exception: The remote server returned an error: (404) Not Found.Exception: The remote server returned an error: (404) Not Found.Exception: The remote server returned an error: (404) Not Found.Exception: The remote server returned an error: (404) Not Found.Exception: The remote server returned an error: (404) Not Found.Exception: The remote server returned an error: (404) Not Found.Exception: The remote server returned an error: (404) Not Found.Exception: The remote server returned an error: (404) Not Found.Exception: The remote server returned an error: (404) Not Found.Exception: The remote server returned an error: (404) Not Found.Exception: The remote server returned an error: (404) Not Found.Exception: The remote server returned an error: (404) Not Found.Exception: The remote server returned an error: (404) Not Found.Exception: The remote server returned an error: (404) Not Found.Exception: The remote server returned an error: (404) Not Found.Exception: The remote server returned an error: (404) Not Found.Exception: The remote server returned an error: (404) Not Found.Exception: The remote server returned an error: (404) Not Found.Exception: The remote server returned an error: (404) Not Found.Exception: The remote server returned an error: (404) Not Found.Exception: The remote server returned an error: (404) Not Found.Exception: The remote server returned an error: (404) Not Found.Exception: The remote server returned an error: (404) Not Found.Exception: The remote server returned an error: (404) Not Found.Exception: The remote server returned an error: (404) Not Found.Exception: The remote server returned an error: (404) Not Found.Exception: The remote server returned an error: (404) Not Found.Exception: The remote server returned an error: (404) Not Found.Exception: The remote server returned an error: (404) Not Found.Exception: The remote server returned an error: (404) Not Found.Exception: The remote server returned an error: (404) Not Found.Exception: The remote server returned an error: (404) Not Found.Exception: The remote server returned an error: (404) Not Found.Exception: The remote server returned an error: (404) Not Found.Exception: The remote server returned an error: (404) Not Found.Exception: The remote server returned an error: (404) Not Found.Exception: The remote server returned an error: (404) Not Found.Exception: The remote server returned an error: (404) Not Found.Exception: The remote server returned an error: (404) Not Found.Exception: The remote server returned an error: (404) Not Found.Exception: The remote server returned an error: (404) Not Found.Exception: The remote server returned an error: (404) Not Found.Exception: The remote server returned an error: (404) Not Found.Exception: The remote server returned an error: (404) Not Found.Exception: The remote server returned an error: (404) Not Found.Exception: The remote server returned an error: (404) Not Found.Exception: The remote server returned an error: (404) Not Found.Exception: The remote server returned an error: (404) Not Found.Exception: The remote server returned an error: (404) Not Found.Exception: The remote server returned an error: (404) Not Found.Exception: The remote server returned an error: (404) Not Found.Exception: The remote server returned an error: (404) Not Found.Exception: The remote server returned an error: (404) Not Found.Exception: The remote server returned an error: (404) Not Found.Exception: The remote server returned an error: (404) Not Found.Exception: The remote server returned an error: (404) Not Found.Exception: The remote server returned an error: (404) Not Found.Exception: The remote server returned an error: (404) Not Found.Exception: The remote server returned an error: (404) Not Found.Exception: The remote server returned an error: (404) Not Found.Exception: The remote server returned an error: (404) Not Found.Exception: The remote server returned an error: (404) Not Found.Exception: The remote server returned an error: (404) Not Found.Exception: The remote server returned an error: (404) Not Found.Exception: The remote server returned an error: (404) Not Found.Exception: The remote server returned an error: (404) Not Found.Exception: The remote server returned an error: (404) Not Found.Exception: The remote server returned an error: (404) Not Found.Exception: The remote server returned an error: (404) Not Found.Exception: The remote server returned an error: (404) Not Found.Exception: The remote server returned an error: (404) Not Found.Exception: The remote server returned an error: (404) Not Found.Exception: The remote server returned an error: (404) Not Found.Exception: The remote server returned an error: (404) Not Found.Exception: The remote server returned an error: (404) Not Found.Exception: The remote server returned an error: (404) Not Found.Exception: The remote server returned an error: (404) Not Found.Exception: The remote server returned an error: (404) Not Found.Exception: The remote server returned an error: (404) Not Found.Exception: The remote server returned an error: (404) Not Found.Exception: The remote server returned an error: (404) Not Found.Exception: The remote server returned an error: (404) Not Found.Exception: The remote server returned an error: (404) Not Found.Exception: The remote server returned an error: (404) Not Found.Exception: The remote server returned an error: (404) Not Found.Exception: The remote server returned an error: (404) Not Found.Exception: The remote server returned an error: (404) Not Found.Exception: The remote server returned an error: (404) Not Found.Exception: The remote server returned an error: (404) Not Found.Exception: The remote server returned an error: (404) Not Found.Exception: The remote server returned an error: (404) Not Found.Exception: The remote server returned an error: (404) Not Found.</DebugTrace>
    </Output>
  </ResultSummary>
  <TestDefinitions>
    <UnitTest name="TenderNeutralManage_RecognisedUser_ErrorMessageDisplayedForPendingUserWhenTryingToEnrollDisplayedSuccessfully" storage="c:\ecommerce\web\test\ui\loyaltyweb\loyaltywebtest\loyaltywebtest\bin\debug\nordstrom.web.test.ui.loyaltyweb.dll" id="180eedfd-4f3f-877f-423b-892845b5350a">
      <Description>Verify that when a user in Pending Closed status tries to enroll from web as recognised user, proper error message is displayed</Description>
      <TestCategory>
        <TestCategoryItem TestCategory="Manage" />
        <TestCategoryItem TestCategory="LoyaltyTenderNeutral" />
      </TestCategory>
      <DeploymentItems>
        <DeploymentItem filename="ExternalBinaries" outputDirectory=".\ExternalBinaries" />
        <DeploymentItem filename="TestData" outputDirectory=".\TestData" />
        <DeploymentItem filename="TestRunConfig" outputDirectory=".\TestRunConfig" />
      </DeploymentItems>
      <Execution id="cb0e9258-693a-456d-b310-a88c88bfd645" />
      <TestMethod codeBase="C:/Ecommerce/Web/Test/UI/LoyaltyWeb/LoyaltyWebTest/LoyaltyWebTest/bin/Debug/Nordstrom.Web.Test.UI.LoyaltyWeb.DLL" adapterTypeName="Microsoft.VisualStudio.TestTools.TestTypes.Unit.UnitTestAdapter, Microsoft.VisualStudio.QualityTools.Tips.UnitTest.Adapter, Version=12.0.0.0, Culture=neutral, PublicKeyToken=b03f5f7f11d50a3a" className="Nordstrom.Web.Test.UI.LoyaltyWeb.Tests.LoyaltyManageTests, Nordstrom.Web.Test.UI.LoyaltyWeb, Version=1.0.0.0, Culture=neutral, PublicKeyToken=null" name="TenderNeutralManage_RecognisedUser_ErrorMessageDisplayedForPendingUserWhenTryingToEnrollDisplayedSuccessfully" />
    </UnitTest>
    <UnitTest name="SuccessAssociationPageModalPopupsValidation_AuthenticatedUserGetANewCodeModalContentValidation_GetANewCodeModalContentValidatedSuccessfully" storage="c:\ecommerce\web\test\ui\loyaltyweb\loyaltywebtest\loyaltywebtest\bin\debug\nordstrom.web.test.ui.loyaltyweb.dll" id="e8c74ba0-3f21-2110-b31c-f350dcd56668">
      <Description>Get a new code Modal Popup Content Validation for Association mobile verification modal</Description>
      <TestCategory>
        <TestCategoryItem TestCategory="LoyaltyTenderNeutral" />
        <TestCategoryItem TestCategory="MobileVerification" />
      </TestCategory>
      <DeploymentItems>
        <DeploymentItem filename="ExternalBinaries" outputDirectory=".\ExternalBinaries" />
        <DeploymentItem filename="TestData" outputDirectory=".\TestData" />
        <DeploymentItem filename="TestRunConfig" outputDirectory=".\TestRunConfig" />
      </DeploymentItems>
      <Execution id="6b7beab9-0b32-442d-b978-f30a7324f3d4" />
      <TestMethod codeBase="C:/Ecommerce/Web/Test/UI/LoyaltyWeb/LoyaltyWebTest/LoyaltyWebTest/bin/Debug/Nordstrom.Web.Test.UI.LoyaltyWeb.DLL" adapterTypeName="Microsoft.VisualStudio.TestTools.TestTypes.Unit.UnitTestAdapter, Microsoft.VisualStudio.QualityTools.Tips.UnitTest.Adapter, Version=12.0.0.0, Culture=neutral, PublicKeyToken=b03f5f7f11d50a3a" className="Nordstrom.Web.Test.UI.LoyaltyWeb.Tests.LoyaltyTenderNeutralMobileVerificationPageTests, Nordstrom.Web.Test.UI.LoyaltyWeb, Version=1.0.0.0, Culture=neutral, PublicKeyToken=null" name="SuccessAssociationPageModalPopupsValidation_AuthenticatedUserGetANewCodeModalContentValidation_GetANewCodeModalContentValidatedSuccessfully" />
    </UnitTest>
    <UnitTest name="SuccessAssociationPageModalPopupsValidation_CloseButtonInDidntGetACodeModalValidation_CloseButtonInDidntGetACodeModalClosedModalSuccessfully" storage="c:\ecommerce\web\test\ui\loyaltyweb\loyaltywebtest\loyaltywebtest\bin\debug\nordstrom.web.test.ui.loyaltyweb.dll" id="86084d11-bf9e-b1c5-f883-3905b34952b2">
      <Description>Didn't Get A Code Modal Popup Close Button Functionality verification</Description>
      <TestCategory>
        <TestCategoryItem TestCategory="LoyaltyTenderNeutral" />
        <TestCategoryItem TestCategory="MobileVerification" />
      </TestCategory>
      <DeploymentItems>
        <DeploymentItem filename="ExternalBinaries" outputDirectory=".\ExternalBinaries" />
        <DeploymentItem filename="TestData" outputDirectory=".\TestData" />
        <DeploymentItem filename="TestRunConfig" outputDirectory=".\TestRunConfig" />
      </DeploymentItems>
      <Execution id="0b519d48-0dcb-433a-b686-6564b1d31948" />
      <TestMethod codeBase="C:/Ecommerce/Web/Test/UI/LoyaltyWeb/LoyaltyWebTest/LoyaltyWebTest/bin/Debug/Nordstrom.Web.Test.UI.LoyaltyWeb.DLL" adapterTypeName="Microsoft.VisualStudio.TestTools.TestTypes.Unit.UnitTestAdapter, Microsoft.VisualStudio.QualityTools.Tips.UnitTest.Adapter, Version=12.0.0.0, Culture=neutral, PublicKeyToken=b03f5f7f11d50a3a" className="Nordstrom.Web.Test.UI.LoyaltyWeb.Tests.LoyaltyTenderNeutralMobileVerificationPageTests, Nordstrom.Web.Test.UI.LoyaltyWeb, Version=1.0.0.0, Culture=neutral, PublicKeyToken=null" name="SuccessAssociationPageModalPopupsValidation_CloseButtonInDidntGetACodeModalValidation_CloseButtonInDidntGetACodeModalClosedModalSuccessfully" />
    </UnitTest>
    <UnitTest name="NavigationToLoyaltyWebPage_TenderNeutralEnrollFeatureFlagOff_UserRedirectedToHomePage" storage="c:\ecommerce\web\test\ui\loyaltyweb\loyaltywebtest\loyaltywebtest\bin\debug\nordstrom.web.test.ui.loyaltyweb.dll" id="2fba05dc-8e32-230c-4c32-6d3e035edf6b">
      <Description>Verify that user is redirected to Home page of the env while navigating to Loyalty web page , given feature flag : TenderNeutralEnroll is off</Description>
      <TestCategory>
        <TestCategoryItem TestCategory="LoyaltyTenderNeutral" />
        <TestCategoryItem TestCategory="Enroll" />
      </TestCategory>
      <DeploymentItems>
        <DeploymentItem filename="ExternalBinaries" outputDirectory=".\ExternalBinaries" />
        <DeploymentItem filename="TestData" outputDirectory=".\TestData" />
        <DeploymentItem filename="TestRunConfig" outputDirectory=".\TestRunConfig" />
      </DeploymentItems>
      <Execution id="47ed299b-00b3-446d-9a65-019c765e6943" />
      <TestMethod codeBase="C:/Ecommerce/Web/Test/UI/LoyaltyWeb/LoyaltyWebTest/LoyaltyWebTest/bin/Debug/Nordstrom.Web.Test.UI.LoyaltyWeb.DLL" adapterTypeName="Microsoft.VisualStudio.TestTools.TestTypes.Unit.UnitTestAdapter, Microsoft.VisualStudio.QualityTools.Tips.UnitTest.Adapter, Version=12.0.0.0, Culture=neutral, PublicKeyToken=b03f5f7f11d50a3a" className="Nordstrom.Web.Test.UI.LoyaltyWeb.Tests.LoyaltyRegisterTests, Nordstrom.Web.Test.UI.LoyaltyWeb, Version=1.0.0.0, Culture=neutral, PublicKeyToken=null" name="NavigationToLoyaltyWebPage_TenderNeutralEnrollFeatureFlagOff_UserRedirectedToHomePage" />
    </UnitTest>
    <UnitTest name="TenderNeutralRewardsEnroll_EnrollingRecognizedUser_ShouldPassInEnroll" storage="c:\ecommerce\web\test\ui\loyaltyweb\loyaltywebtest\loyaltywebtest\bin\debug\nordstrom.web.test.ui.loyaltyweb.dll" id="4c12be88-4a9f-f28b-49f5-85832c4c7a5f">
      <Description>Verify the creation of a new loyalty web account for a N.com recognized user</Description>
      <TestCategory>
        <TestCategoryItem TestCategory="LoyaltyTenderNeutral" />
        <TestCategoryItem TestCategory="Enroll" />
      </TestCategory>
      <DeploymentItems>
        <DeploymentItem filename="ExternalBinaries" outputDirectory=".\ExternalBinaries" />
        <DeploymentItem filename="TestData" outputDirectory=".\TestData" />
        <DeploymentItem filename="TestRunConfig" outputDirectory=".\TestRunConfig" />
      </DeploymentItems>
      <Execution id="e20c518a-1d39-4b38-87d4-ee325c64dbd2" />
      <TestMethod codeBase="C:/Ecommerce/Web/Test/UI/LoyaltyWeb/LoyaltyWebTest/LoyaltyWebTest/bin/Debug/Nordstrom.Web.Test.UI.LoyaltyWeb.DLL" adapterTypeName="Microsoft.VisualStudio.TestTools.TestTypes.Unit.UnitTestAdapter, Microsoft.VisualStudio.QualityTools.Tips.UnitTest.Adapter, Version=12.0.0.0, Culture=neutral, PublicKeyToken=b03f5f7f11d50a3a" className="Nordstrom.Web.Test.UI.LoyaltyWeb.Tests.LoyaltyRegisterTests, Nordstrom.Web.Test.UI.LoyaltyWeb, Version=1.0.0.0, Culture=neutral, PublicKeyToken=null" name="TenderNeutralRewardsEnroll_EnrollingRecognizedUser_ShouldPassInEnroll" />
    </UnitTest>
    <UnitTest name="MobileVerificationPage_WhenEnrolledUserTypeWrongDigitCode_ShouldGetWrongCodeMessage" storage="c:\ecommerce\web\test\ui\loyaltyweb\loyaltywebtest\loyaltywebtest\bin\debug\nordstrom.web.test.ui.loyaltyweb.dll" id="a60f89e0-09aa-247e-6f2d-b55c6e6d4e39">
      <Description>Enrolled User should see wrong digit code message when typing wrong 6 digit code in verificaiton page.</Description>
      <TestCategory>
        <TestCategoryItem TestCategory="LoyaltyTenderNeutral" />
        <TestCategoryItem TestCategory="MobileVerification" />
      </TestCategory>
      <DeploymentItems>
        <DeploymentItem filename="ExternalBinaries" outputDirectory=".\ExternalBinaries" />
        <DeploymentItem filename="TestData" outputDirectory=".\TestData" />
        <DeploymentItem filename="TestRunConfig" outputDirectory=".\TestRunConfig" />
      </DeploymentItems>
      <Execution id="87932129-062c-411c-b272-0117271e3aa1" />
      <TestMethod codeBase="C:/Ecommerce/Web/Test/UI/LoyaltyWeb/LoyaltyWebTest/LoyaltyWebTest/bin/Debug/Nordstrom.Web.Test.UI.LoyaltyWeb.DLL" adapterTypeName="Microsoft.VisualStudio.TestTools.TestTypes.Unit.UnitTestAdapter, Microsoft.VisualStudio.QualityTools.Tips.UnitTest.Adapter, Version=12.0.0.0, Culture=neutral, PublicKeyToken=b03f5f7f11d50a3a" className="Nordstrom.Web.Test.UI.LoyaltyWeb.Tests.LoyaltyTenderNeutralMobileVerificationPageTests, Nordstrom.Web.Test.UI.LoyaltyWeb, Version=1.0.0.0, Culture=neutral, PublicKeyToken=null" name="MobileVerificationPage_WhenEnrolledUserTypeWrongDigitCode_ShouldGetWrongCodeMessage" />
    </UnitTest>
    <UnitTest name="TenderNeutralRewardsRegister_MigratedRecognizedLoyatyUser_ShouldSeeErrorMessage" storage="c:\ecommerce\web\test\ui\loyaltyweb\loyaltywebtest\loyaltywebtest\bin\debug\nordstrom.web.test.ui.loyaltyweb.dll" id="c6b4418f-b9ed-bd71-07ec-f66acbe245f3">
      <Description>Migrated recognized User should be able to see error messages.</Description>
      <TestCategory>
        <TestCategoryItem TestCategory="LoyaltyTenderNeutral" />
        <TestCategoryItem TestCategory="Enroll" />
      </TestCategory>
      <DeploymentItems>
        <DeploymentItem filename="ExternalBinaries" outputDirectory=".\ExternalBinaries" />
        <DeploymentItem filename="TestData" outputDirectory=".\TestData" />
        <DeploymentItem filename="TestRunConfig" outputDirectory=".\TestRunConfig" />
      </DeploymentItems>
      <Execution id="cc9e062f-6a13-405d-bfde-17012bb35cda" />
      <TestMethod codeBase="C:/Ecommerce/Web/Test/UI/LoyaltyWeb/LoyaltyWebTest/LoyaltyWebTest/bin/Debug/Nordstrom.Web.Test.UI.LoyaltyWeb.DLL" adapterTypeName="Microsoft.VisualStudio.TestTools.TestTypes.Unit.UnitTestAdapter, Microsoft.VisualStudio.QualityTools.Tips.UnitTest.Adapter, Version=12.0.0.0, Culture=neutral, PublicKeyToken=b03f5f7f11d50a3a" className="Nordstrom.Web.Test.UI.LoyaltyWeb.Tests.LoyaltyRegisterTests, Nordstrom.Web.Test.UI.LoyaltyWeb, Version=1.0.0.0, Culture=neutral, PublicKeyToken=null" name="TenderNeutralRewardsRegister_MigratedRecognizedLoyatyUser_ShouldSeeErrorMessage" />
    </UnitTest>
    <UnitTest name="TenderNeutralRedeem_LoyaltyUserWithMultipleTNNotes_VerifyAllNotesAreVisible" storage="c:\ecommerce\web\test\ui\loyaltyweb\loyaltywebtest\loyaltywebtest\bin\debug\nordstrom.web.test.ui.loyaltyweb.dll" id="22909370-6345-6e89-a2f4-eb0af6da776a">
      <Description>Verify the associated and mobile verified loyalty user with three TN notes can see his three TN notes</Description>
      <TestCategory>
        <TestCategoryItem TestCategory="Redeem" />
      </TestCategory>
      <DeploymentItems>
        <DeploymentItem filename="ExternalBinaries" outputDirectory=".\ExternalBinaries" />
        <DeploymentItem filename="TestData" outputDirectory=".\TestData" />
        <DeploymentItem filename="TestRunConfig" outputDirectory=".\TestRunConfig" />
      </DeploymentItems>
      <Execution id="c5a5ea4e-5ca4-4c33-938f-5e7b2595e8d9" />
      <TestMethod codeBase="C:/Ecommerce/Web/Test/UI/LoyaltyWeb/LoyaltyWebTest/LoyaltyWebTest/bin/Debug/Nordstrom.Web.Test.UI.LoyaltyWeb.DLL" adapterTypeName="Microsoft.VisualStudio.TestTools.TestTypes.Unit.UnitTestAdapter, Microsoft.VisualStudio.QualityTools.Tips.UnitTest.Adapter, Version=12.0.0.0, Culture=neutral, PublicKeyToken=b03f5f7f11d50a3a" className="Nordstrom.Web.Test.UI.LoyaltyWeb.Tests.LoyaltyRedeemTests, Nordstrom.Web.Test.UI.LoyaltyWeb, Version=1.0.0.0, Culture=neutral, PublicKeyToken=null" name="TenderNeutralRedeem_LoyaltyUserWithMultipleTNNotes_VerifyAllNotesAreVisible" />
    </UnitTest>
    <UnitTest name="USStoreLoyaltyAccountCreation" storage="c:\ecommerce\web\test\ui\loyaltyweb\loyaltywebtest\loyaltywebtest\bin\debug\nordstrom.web.test.ui.loyaltyweb.dll" id="24636a1e-6764-986f-5b54-452cfb6c990c">
      <Description>Create A loyalty customer from US store</Description>
      <TestCategory>
        <TestCategoryItem TestCategory="Creator" />
      </TestCategory>
      <DeploymentItems>
        <DeploymentItem filename="ExternalBinaries" outputDirectory=".\ExternalBinaries" />
        <DeploymentItem filename="TestData" outputDirectory=".\TestData" />
        <DeploymentItem filename="TestRunConfig" outputDirectory=".\TestRunConfig" />
      </DeploymentItems>
      <Execution id="f66ec898-8742-4af7-a0c9-2065ad970039" />
      <TestMethod codeBase="C:/Ecommerce/Web/Test/UI/LoyaltyWeb/LoyaltyWebTest/LoyaltyWebTest/bin/Debug/Nordstrom.Web.Test.UI.LoyaltyWeb.DLL" adapterTypeName="Microsoft.VisualStudio.TestTools.TestTypes.Unit.UnitTestAdapter, Microsoft.VisualStudio.QualityTools.Tips.UnitTest.Adapter, Version=12.0.0.0, Culture=neutral, PublicKeyToken=b03f5f7f11d50a3a" className="Nordstrom.Web.Test.UI.LoyaltyWeb.AccountCreator, Nordstrom.Web.Test.UI.LoyaltyWeb, Version=1.0.0.0, Culture=neutral, PublicKeyToken=null" name="USStoreLoyaltyAccountCreation" />
    </UnitTest>
    <UnitTest name="TenderNeutralAssociation_ExistingLoyaltyCustomerComesToAssociationPageUsingDifferentWebAccount_ShouldGetErrorMessage" storage="c:\ecommerce\web\test\ui\loyaltyweb\loyaltywebtest\loyaltywebtest\bin\debug\nordstrom.web.test.ui.loyaltyweb.dll" id="dd8e2eb9-9040-a3cb-43c3-86db586eae89">
      <Description>Customer enrolled in store. As guest customer types wrong email, he got error message right message.</Description>
      <TestCategory>
        <TestCategoryItem TestCategory="LoyaltyTenderNeutral" />
        <TestCategoryItem TestCategory="Association" />
      </TestCategory>
      <DeploymentItems>
        <DeploymentItem filename="ExternalBinaries" outputDirectory=".\ExternalBinaries" />
        <DeploymentItem filename="TestData" outputDirectory=".\TestData" />
        <DeploymentItem filename="TestRunConfig" outputDirectory=".\TestRunConfig" />
      </DeploymentItems>
      <Execution id="2074a1a7-9856-446c-94cc-d5fa822a0596" />
      <TestMethod codeBase="C:/Ecommerce/Web/Test/UI/LoyaltyWeb/LoyaltyWebTest/LoyaltyWebTest/bin/Debug/Nordstrom.Web.Test.UI.LoyaltyWeb.DLL" adapterTypeName="Microsoft.VisualStudio.TestTools.TestTypes.Unit.UnitTestAdapter, Microsoft.VisualStudio.QualityTools.Tips.UnitTest.Adapter, Version=12.0.0.0, Culture=neutral, PublicKeyToken=b03f5f7f11d50a3a" className="Nordstrom.Web.Test.UI.LoyaltyWeb.Tests.LoyaltyAssociationTests, Nordstrom.Web.Test.UI.LoyaltyWeb, Version=1.0.0.0, Culture=neutral, PublicKeyToken=null" name="TenderNeutralAssociation_ExistingLoyaltyCustomerComesToAssociationPageUsingDifferentWebAccount_ShouldGetErrorMessage" />
    </UnitTest>
    <UnitTest name="TNEarn_AuthenticatedUnassociatedUserEntersValidNumberInRewardsSection_PlaceTheOrderSuccessfully" storage="c:\ecommerce\web\test\ui\loyaltyweb\loyaltywebtest\loyaltywebtest\bin\debug\nordstrom.web.test.ui.loyaltyweb.dll" id="47268004-574c-e7a3-f8ba-f05ec5cbe13c">
      <Description>Verify Place Order for authenticated unassociated user after he enters rewards number in rewards section and saves it on checkout page</Description>
      <TestCategory>
        <TestCategoryItem TestCategory="EarnTests" />
      </TestCategory>
      <DeploymentItems>
        <DeploymentItem filename="ExternalBinaries" outputDirectory=".\ExternalBinaries" />
        <DeploymentItem filename="TestData" outputDirectory=".\TestData" />
        <DeploymentItem filename="TestRunConfig" outputDirectory=".\TestRunConfig" />
      </DeploymentItems>
      <Execution id="f57d0b5d-15b5-4372-af96-b9f71c6e3553" />
      <TestMethod codeBase="C:/Ecommerce/Web/Test/UI/LoyaltyWeb/LoyaltyWebTest/LoyaltyWebTest/bin/Debug/Nordstrom.Web.Test.UI.LoyaltyWeb.DLL" adapterTypeName="Microsoft.VisualStudio.TestTools.TestTypes.Unit.UnitTestAdapter, Microsoft.VisualStudio.QualityTools.Tips.UnitTest.Adapter, Version=12.0.0.0, Culture=neutral, PublicKeyToken=b03f5f7f11d50a3a" className="Nordstrom.Web.Test.UI.LoyaltyWeb.LoyaltyEarnTests, Nordstrom.Web.Test.UI.LoyaltyWeb, Version=1.0.0.0, Culture=neutral, PublicKeyToken=null" name="TNEarn_AuthenticatedUnassociatedUserEntersValidNumberInRewardsSection_PlaceTheOrderSuccessfully" />
    </UnitTest>
    <UnitTest name="LoyaltyWelcomePage_WhenTypeRightURL_ShouldRenderWelcomePage" storage="c:\ecommerce\web\test\ui\loyaltyweb\loyaltywebtest\loyaltywebtest\bin\debug\nordstrom.web.test.ui.loyaltyweb.dll" id="ab82e5a7-4cf0-8cf2-b9b4-4363a2c5bd45">
      <Description>Authenticated User should remain authenticated when goes to Welcome page</Description>
      <TestCategory>
        <TestCategoryItem TestCategory="LoyaltyTenderNeutral" />
        <TestCategoryItem TestCategory="Welcome" />
      </TestCategory>
      <DeploymentItems>
        <DeploymentItem filename="ExternalBinaries" outputDirectory=".\ExternalBinaries" />
        <DeploymentItem filename="TestData" outputDirectory=".\TestData" />
        <DeploymentItem filename="TestRunConfig" outputDirectory=".\TestRunConfig" />
      </DeploymentItems>
      <Execution id="485496b6-a07b-459a-9987-a65f35665014" />
      <TestMethod codeBase="C:/Ecommerce/Web/Test/UI/LoyaltyWeb/LoyaltyWebTest/LoyaltyWebTest/bin/Debug/Nordstrom.Web.Test.UI.LoyaltyWeb.DLL" adapterTypeName="Microsoft.VisualStudio.TestTools.TestTypes.Unit.UnitTestAdapter, Microsoft.VisualStudio.QualityTools.Tips.UnitTest.Adapter, Version=12.0.0.0, Culture=neutral, PublicKeyToken=b03f5f7f11d50a3a" className="Nordstrom.Web.Test.UI.LoyaltyWeb.Tests.LoyaltyWelcomeTests, Nordstrom.Web.Test.UI.LoyaltyWeb, Version=1.0.0.0, Culture=neutral, PublicKeyToken=null" name="LoyaltyWelcomePage_WhenTypeRightURL_ShouldRenderWelcomePage" />
    </UnitTest>
    <UnitTest name="TenderNeutralAssociation_AuthenticatedUser_ConfirmationForNordAccountAndRewardsMembershipSuccessfullyLinked" storage="c:\ecommerce\web\test\ui\loyaltyweb\loyaltywebtest\loyaltywebtest\bin\debug\nordstrom.web.test.ui.loyaltyweb.dll" id="7ce97ded-40b2-b5e9-34ec-a0fe6755660f">
      <Description>Authenticated user gets confirmation after successful web association</Description>
      <TestCategory>
        <TestCategoryItem TestCategory="LoyaltyTenderNeutral" />
        <TestCategoryItem TestCategory="Association" />
      </TestCategory>
      <DeploymentItems>
        <DeploymentItem filename="ExternalBinaries" outputDirectory=".\ExternalBinaries" />
        <DeploymentItem filename="TestData" outputDirectory=".\TestData" />
        <DeploymentItem filename="TestRunConfig" outputDirectory=".\TestRunConfig" />
      </DeploymentItems>
      <Execution id="ae3a5818-5b08-40ee-828d-6ba7c25c2a2e" />
      <TestMethod codeBase="C:/Ecommerce/Web/Test/UI/LoyaltyWeb/LoyaltyWebTest/LoyaltyWebTest/bin/Debug/Nordstrom.Web.Test.UI.LoyaltyWeb.DLL" adapterTypeName="Microsoft.VisualStudio.TestTools.TestTypes.Unit.UnitTestAdapter, Microsoft.VisualStudio.QualityTools.Tips.UnitTest.Adapter, Version=12.0.0.0, Culture=neutral, PublicKeyToken=b03f5f7f11d50a3a" className="Nordstrom.Web.Test.UI.LoyaltyWeb.Tests.LoyaltyAssociationTests, Nordstrom.Web.Test.UI.LoyaltyWeb, Version=1.0.0.0, Culture=neutral, PublicKeyToken=null" name="TenderNeutralAssociation_AuthenticatedUser_ConfirmationForNordAccountAndRewardsMembershipSuccessfullyLinked" />
    </UnitTest>
    <UnitTest name="NavigationToLoyaltyWebPage_TenderNeutralEnrollFeatureFlagOn_UserLandOnLoyaltyWebPageSuccessful" storage="c:\ecommerce\web\test\ui\loyaltyweb\loyaltywebtest\loyaltywebtest\bin\debug\nordstrom.web.test.ui.loyaltyweb.dll" id="91fc2c54-fa00-de8f-2c58-70556aad52af">
      <Description>Verify that user is redirected to Loyalty web page , given feature flag : TenderNeutralEnroll is on</Description>
      <TestCategory>
        <TestCategoryItem TestCategory="LoyaltyTenderNeutral" />
        <TestCategoryItem TestCategory="Enroll" />
      </TestCategory>
      <DeploymentItems>
        <DeploymentItem filename="ExternalBinaries" outputDirectory=".\ExternalBinaries" />
        <DeploymentItem filename="TestData" outputDirectory=".\TestData" />
        <DeploymentItem filename="TestRunConfig" outputDirectory=".\TestRunConfig" />
      </DeploymentItems>
      <Execution id="82239a0c-c831-430c-8a38-3d1351aef96d" />
      <TestMethod codeBase="C:/Ecommerce/Web/Test/UI/LoyaltyWeb/LoyaltyWebTest/LoyaltyWebTest/bin/Debug/Nordstrom.Web.Test.UI.LoyaltyWeb.DLL" adapterTypeName="Microsoft.VisualStudio.TestTools.TestTypes.Unit.UnitTestAdapter, Microsoft.VisualStudio.QualityTools.Tips.UnitTest.Adapter, Version=12.0.0.0, Culture=neutral, PublicKeyToken=b03f5f7f11d50a3a" className="Nordstrom.Web.Test.UI.LoyaltyWeb.Tests.LoyaltyRegisterTests, Nordstrom.Web.Test.UI.LoyaltyWeb, Version=1.0.0.0, Culture=neutral, PublicKeyToken=null" name="NavigationToLoyaltyWebPage_TenderNeutralEnrollFeatureFlagOn_UserLandOnLoyaltyWebPageSuccessful" />
    </UnitTest>
    <UnitTest name="MobileVerificationPageModalPopupsValidation_DidntGetACodeModalContentValidation_DidntGetACodeModalContentValidatedSuccessfully" storage="c:\ecommerce\web\test\ui\loyaltyweb\loyaltywebtest\loyaltywebtest\bin\debug\nordstrom.web.test.ui.loyaltyweb.dll" id="1739156d-1c90-8ba1-2d01-f385a3b4a9df">
      <Description>Didn't Get A Code Modal Popup Content Validation</Description>
      <TestCategory>
        <TestCategoryItem TestCategory="LoyaltyTenderNeutral" />
        <TestCategoryItem TestCategory="MobileVerification" />
      </TestCategory>
      <DeploymentItems>
        <DeploymentItem filename="ExternalBinaries" outputDirectory=".\ExternalBinaries" />
        <DeploymentItem filename="TestData" outputDirectory=".\TestData" />
        <DeploymentItem filename="TestRunConfig" outputDirectory=".\TestRunConfig" />
      </DeploymentItems>
      <Execution id="4a113bbd-0130-434f-8665-3f2efcc082f8" />
      <TestMethod codeBase="C:/Ecommerce/Web/Test/UI/LoyaltyWeb/LoyaltyWebTest/LoyaltyWebTest/bin/Debug/Nordstrom.Web.Test.UI.LoyaltyWeb.DLL" adapterTypeName="Microsoft.VisualStudio.TestTools.TestTypes.Unit.UnitTestAdapter, Microsoft.VisualStudio.QualityTools.Tips.UnitTest.Adapter, Version=12.0.0.0, Culture=neutral, PublicKeyToken=b03f5f7f11d50a3a" className="Nordstrom.Web.Test.UI.LoyaltyWeb.Tests.LoyaltyTenderNeutralMobileVerificationPageTests, Nordstrom.Web.Test.UI.LoyaltyWeb, Version=1.0.0.0, Culture=neutral, PublicKeyToken=null" name="MobileVerificationPageModalPopupsValidation_DidntGetACodeModalContentValidation_DidntGetACodeModalContentValidatedSuccessfully" />
    </UnitTest>
    <UnitTest name="TenderNeutralRewardsEnroll_LoyaltyTenderNeutralGuestUserInvalidPhoneNumberFieldEntry_ErrorMessageDisplayedSuccessfully" storage="c:\ecommerce\web\test\ui\loyaltyweb\loyaltywebtest\loyaltywebtest\bin\debug\nordstrom.web.test.ui.loyaltyweb.dll" id="c8a4a135-d987-2e7d-2a98-5bd08c54a876">
      <Description>Verify the error message displayed for the invalid entry of phone number field</Description>
      <TestCategory>
        <TestCategoryItem TestCategory="Enroll" />
        <TestCategoryItem TestCategory="LoyaltyTenderNeutral" />
      </TestCategory>
      <DeploymentItems>
        <DeploymentItem filename="ExternalBinaries" outputDirectory=".\ExternalBinaries" />
        <DeploymentItem filename="TestData" outputDirectory=".\TestData" />
        <DeploymentItem filename="TestRunConfig" outputDirectory=".\TestRunConfig" />
      </DeploymentItems>
      <Execution id="6478afff-1d63-43a2-95f9-5aad64a466a2" />
      <TestMethod codeBase="C:/Ecommerce/Web/Test/UI/LoyaltyWeb/LoyaltyWebTest/LoyaltyWebTest/bin/Debug/Nordstrom.Web.Test.UI.LoyaltyWeb.DLL" adapterTypeName="Microsoft.VisualStudio.TestTools.TestTypes.Unit.UnitTestAdapter, Microsoft.VisualStudio.QualityTools.Tips.UnitTest.Adapter, Version=12.0.0.0, Culture=neutral, PublicKeyToken=b03f5f7f11d50a3a" className="Nordstrom.Web.Test.UI.LoyaltyWeb.Tests.LoyaltyRegisterTests, Nordstrom.Web.Test.UI.LoyaltyWeb, Version=1.0.0.0, Culture=neutral, PublicKeyToken=null" name="TenderNeutralRewardsEnroll_LoyaltyTenderNeutralGuestUserInvalidPhoneNumberFieldEntry_ErrorMessageDisplayedSuccessfully" />
    </UnitTest>
    <UnitTest name="MobileVerificationPageModalPopupsValidation_OkButtonInGetANewCodeModalValidation_OkButtonInGetANewCodeModalClosesModalSuccessfully" storage="c:\ecommerce\web\test\ui\loyaltyweb\loyaltywebtest\loyaltywebtest\bin\debug\nordstrom.web.test.ui.loyaltyweb.dll" id="cb583331-3896-44d1-cc05-a2ba3e66fac5">
      <Description>'Get a new code' Modal Popup OK Button Modal dismissal behavior validation</Description>
      <TestCategory>
        <TestCategoryItem TestCategory="LoyaltyTenderNeutral" />
        <TestCategoryItem TestCategory="MobileVerification" />
      </TestCategory>
      <DeploymentItems>
        <DeploymentItem filename="ExternalBinaries" outputDirectory=".\ExternalBinaries" />
        <DeploymentItem filename="TestData" outputDirectory=".\TestData" />
        <DeploymentItem filename="TestRunConfig" outputDirectory=".\TestRunConfig" />
      </DeploymentItems>
      <Execution id="fb25561b-e415-4803-a7bc-8c615bf05622" />
      <TestMethod codeBase="C:/Ecommerce/Web/Test/UI/LoyaltyWeb/LoyaltyWebTest/LoyaltyWebTest/bin/Debug/Nordstrom.Web.Test.UI.LoyaltyWeb.DLL" adapterTypeName="Microsoft.VisualStudio.TestTools.TestTypes.Unit.UnitTestAdapter, Microsoft.VisualStudio.QualityTools.Tips.UnitTest.Adapter, Version=12.0.0.0, Culture=neutral, PublicKeyToken=b03f5f7f11d50a3a" className="Nordstrom.Web.Test.UI.LoyaltyWeb.Tests.LoyaltyTenderNeutralMobileVerificationPageTests, Nordstrom.Web.Test.UI.LoyaltyWeb, Version=1.0.0.0, Culture=neutral, PublicKeyToken=null" name="MobileVerificationPageModalPopupsValidation_OkButtonInGetANewCodeModalValidation_OkButtonInGetANewCodeModalClosesModalSuccessfully" />
    </UnitTest>
    <UnitTest name="TenderNeutralRewardsRegister_GuestUserEnrollWithExistingPhoneAndEmailinLoyaltyProgram_ShouldFail" storage="c:\ecommerce\web\test\ui\loyaltyweb\loyaltywebtest\loyaltywebtest\bin\debug\nordstrom.web.test.ui.loyaltyweb.dll" id="de6110ca-211d-f943-5d85-a0c7f3d89012">
      <Description>Guest user enrolling with existing loyalty email and phone would fail in enrollment.</Description>
      <TestCategory>
        <TestCategoryItem TestCategory="LoyaltyTenderNeutral" />
        <TestCategoryItem TestCategory="Enroll" />
      </TestCategory>
      <DeploymentItems>
        <DeploymentItem filename="ExternalBinaries" outputDirectory=".\ExternalBinaries" />
        <DeploymentItem filename="TestData" outputDirectory=".\TestData" />
        <DeploymentItem filename="TestRunConfig" outputDirectory=".\TestRunConfig" />
      </DeploymentItems>
      <Execution id="2c5cd391-e655-45b7-9e3d-446c164a2bd0" />
      <TestMethod codeBase="C:/Ecommerce/Web/Test/UI/LoyaltyWeb/LoyaltyWebTest/LoyaltyWebTest/bin/Debug/Nordstrom.Web.Test.UI.LoyaltyWeb.DLL" adapterTypeName="Microsoft.VisualStudio.TestTools.TestTypes.Unit.UnitTestAdapter, Microsoft.VisualStudio.QualityTools.Tips.UnitTest.Adapter, Version=12.0.0.0, Culture=neutral, PublicKeyToken=b03f5f7f11d50a3a" className="Nordstrom.Web.Test.UI.LoyaltyWeb.Tests.LoyaltyRegisterTests, Nordstrom.Web.Test.UI.LoyaltyWeb, Version=1.0.0.0, Culture=neutral, PublicKeyToken=null" name="TenderNeutralRewardsRegister_GuestUserEnrollWithExistingPhoneAndEmailinLoyaltyProgram_ShouldFail" />
    </UnitTest>
    <UnitTest name="TenderNeutralAssociation_MigratedGuestLoyatyUser_ShouldSeeErrorMessage" storage="c:\ecommerce\web\test\ui\loyaltyweb\loyaltywebtest\loyaltywebtest\bin\debug\nordstrom.web.test.ui.loyaltyweb.dll" id="0ec0595a-ed09-d8b1-2419-ec5d905e6185">
      <Description>Migrated guest loyalty User should be able to see error messages.</Description>
      <TestCategory>
        <TestCategoryItem TestCategory="LoyaltyTenderNeutral" />
        <TestCategoryItem TestCategory="Association" />
      </TestCategory>
      <DeploymentItems>
        <DeploymentItem filename="ExternalBinaries" outputDirectory=".\ExternalBinaries" />
        <DeploymentItem filename="TestData" outputDirectory=".\TestData" />
        <DeploymentItem filename="TestRunConfig" outputDirectory=".\TestRunConfig" />
      </DeploymentItems>
      <Execution id="26c6b9a1-20c1-4f45-87a8-6e92efe7cec6" />
      <TestMethod codeBase="C:/Ecommerce/Web/Test/UI/LoyaltyWeb/LoyaltyWebTest/LoyaltyWebTest/bin/Debug/Nordstrom.Web.Test.UI.LoyaltyWeb.DLL" adapterTypeName="Microsoft.VisualStudio.TestTools.TestTypes.Unit.UnitTestAdapter, Microsoft.VisualStudio.QualityTools.Tips.UnitTest.Adapter, Version=12.0.0.0, Culture=neutral, PublicKeyToken=b03f5f7f11d50a3a" className="Nordstrom.Web.Test.UI.LoyaltyWeb.Tests.LoyaltyAssociationTests, Nordstrom.Web.Test.UI.LoyaltyWeb, Version=1.0.0.0, Culture=neutral, PublicKeyToken=null" name="TenderNeutralAssociation_MigratedGuestLoyatyUser_ShouldSeeErrorMessage" />
    </UnitTest>
    <UnitTest name="TenderNeutralAssociation_When15MinutesPassAsAuthenticatedUser_ChangeToRecognizeUserAndInfoDisappear" storage="c:\ecommerce\web\test\ui\loyaltyweb\loyaltywebtest\loyaltywebtest\bin\debug\nordstrom.web.test.ui.loyaltyweb.dll" id="68c8ebf3-12cd-214b-2838-aa7cf478cae6">
      <Description>Verify that when 15 minutes pass, authenticated user changes to recognized user and his phone info clears up</Description>
      <TestCategory>
        <TestCategoryItem TestCategory="SensitiveData" />
        <TestCategoryItem TestCategory="LoyaltyTenderNeutral" />
      </TestCategory>
      <DeploymentItems>
        <DeploymentItem filename="ExternalBinaries" outputDirectory=".\ExternalBinaries" />
        <DeploymentItem filename="TestData" outputDirectory=".\TestData" />
        <DeploymentItem filename="TestRunConfig" outputDirectory=".\TestRunConfig" />
      </DeploymentItems>
      <Execution id="3689e45e-0780-41dc-b770-c92e27a4d6c0" />
      <TestMethod codeBase="C:/Ecommerce/Web/Test/UI/LoyaltyWeb/LoyaltyWebTest/LoyaltyWebTest/bin/Debug/Nordstrom.Web.Test.UI.LoyaltyWeb.DLL" adapterTypeName="Microsoft.VisualStudio.TestTools.TestTypes.Unit.UnitTestAdapter, Microsoft.VisualStudio.QualityTools.Tips.UnitTest.Adapter, Version=12.0.0.0, Culture=neutral, PublicKeyToken=b03f5f7f11d50a3a" className="Nordstrom.Web.Test.UI.LoyaltyWeb.Tests.UserSensitiveDataCases, Nordstrom.Web.Test.UI.LoyaltyWeb, Version=1.0.0.0, Culture=neutral, PublicKeyToken=null" name="TenderNeutralAssociation_When15MinutesPassAsAuthenticatedUser_ChangeToRecognizeUserAndInfoDisappear" />
    </UnitTest>
    <UnitTest name="LoyaltyLearnPage_ClickGiveUsFeedbackLink_NavigatesToRelevantPageSuccessfully" storage="c:\ecommerce\web\test\ui\loyaltyweb\loyaltywebtest\loyaltywebtest\bin\debug\nordstrom.web.test.ui.loyaltyweb.dll" id="3f6c5ba7-383a-e523-bfeb-582429459e86">
      <Description>To verify Give us feedback link on Learn Page is navigated to the relevant page successfully</Description>
      <TestCategory>
        <TestCategoryItem TestCategory="Learn" />
        <TestCategoryItem TestCategory="LoyaltyTenderNeutral" />
      </TestCategory>
      <DeploymentItems>
        <DeploymentItem filename="ExternalBinaries" outputDirectory=".\ExternalBinaries" />
        <DeploymentItem filename="TestData" outputDirectory=".\TestData" />
        <DeploymentItem filename="TestRunConfig" outputDirectory=".\TestRunConfig" />
      </DeploymentItems>
      <Execution id="177e6485-bf61-470b-b6a0-9ae63870eee4" />
      <TestMethod codeBase="C:/Ecommerce/Web/Test/UI/LoyaltyWeb/LoyaltyWebTest/LoyaltyWebTest/bin/Debug/Nordstrom.Web.Test.UI.LoyaltyWeb.DLL" adapterTypeName="Microsoft.VisualStudio.TestTools.TestTypes.Unit.UnitTestAdapter, Microsoft.VisualStudio.QualityTools.Tips.UnitTest.Adapter, Version=12.0.0.0, Culture=neutral, PublicKeyToken=b03f5f7f11d50a3a" className="Nordstrom.Web.Test.UI.LoyaltyWeb.Tests.LoyaltyLearnTests, Nordstrom.Web.Test.UI.LoyaltyWeb, Version=1.0.0.0, Culture=neutral, PublicKeyToken=null" name="LoyaltyLearnPage_ClickGiveUsFeedbackLink_NavigatesToRelevantPageSuccessfully" />
    </UnitTest>
    <UnitTest name="TenderNeutralAssociation_WebAssociatedEnrollMemberTryToAssociateAgain_ShouldGetRightMessage" storage="c:\ecommerce\web\test\ui\loyaltyweb\loyaltywebtest\loyaltywebtest\bin\debug\nordstrom.web.test.ui.loyaltyweb.dll" id="dc9c8778-9740-9954-1ba8-7258cb77325a">
      <Description>When existing web associated guest memeber wants to associate again and he got the error message</Description>
      <TestCategory>
        <TestCategoryItem TestCategory="LoyaltyTenderNeutral" />
        <TestCategoryItem TestCategory="Association" />
      </TestCategory>
      <DeploymentItems>
        <DeploymentItem filename="ExternalBinaries" outputDirectory=".\ExternalBinaries" />
        <DeploymentItem filename="TestData" outputDirectory=".\TestData" />
        <DeploymentItem filename="TestRunConfig" outputDirectory=".\TestRunConfig" />
      </DeploymentItems>
      <Execution id="860e31e4-4a95-414f-a0fc-592598d3d04b" />
      <TestMethod codeBase="C:/Ecommerce/Web/Test/UI/LoyaltyWeb/LoyaltyWebTest/LoyaltyWebTest/bin/Debug/Nordstrom.Web.Test.UI.LoyaltyWeb.DLL" adapterTypeName="Microsoft.VisualStudio.TestTools.TestTypes.Unit.UnitTestAdapter, Microsoft.VisualStudio.QualityTools.Tips.UnitTest.Adapter, Version=12.0.0.0, Culture=neutral, PublicKeyToken=b03f5f7f11d50a3a" className="Nordstrom.Web.Test.UI.LoyaltyWeb.Tests.LoyaltyAssociationTests, Nordstrom.Web.Test.UI.LoyaltyWeb, Version=1.0.0.0, Culture=neutral, PublicKeyToken=null" name="TenderNeutralAssociation_WebAssociatedEnrollMemberTryToAssociateAgain_ShouldGetRightMessage" />
    </UnitTest>
    <UnitTest name="TenderNeutralAssociation_EnrolledCustomerComesToAssociationPageUsingDifferentPhoneNumber_ShouldGetErrorMessage" storage="c:\ecommerce\web\test\ui\loyaltyweb\loyaltywebtest\loyaltywebtest\bin\debug\nordstrom.web.test.ui.loyaltyweb.dll" id="0f16a984-42ea-bdc5-cb74-28babf045917">
      <Description>Customer enrolled in store. As he types wrong phone, he got right error message.</Description>
      <TestCategory>
        <TestCategoryItem TestCategory="LoyaltyTenderNeutral" />
        <TestCategoryItem TestCategory="Association" />
      </TestCategory>
      <DeploymentItems>
        <DeploymentItem filename="ExternalBinaries" outputDirectory=".\ExternalBinaries" />
        <DeploymentItem filename="TestData" outputDirectory=".\TestData" />
        <DeploymentItem filename="TestRunConfig" outputDirectory=".\TestRunConfig" />
      </DeploymentItems>
      <Execution id="cc91e7de-58e0-474c-ba80-bdd52b9ccc44" />
      <TestMethod codeBase="C:/Ecommerce/Web/Test/UI/LoyaltyWeb/LoyaltyWebTest/LoyaltyWebTest/bin/Debug/Nordstrom.Web.Test.UI.LoyaltyWeb.DLL" adapterTypeName="Microsoft.VisualStudio.TestTools.TestTypes.Unit.UnitTestAdapter, Microsoft.VisualStudio.QualityTools.Tips.UnitTest.Adapter, Version=12.0.0.0, Culture=neutral, PublicKeyToken=b03f5f7f11d50a3a" className="Nordstrom.Web.Test.UI.LoyaltyWeb.Tests.LoyaltyAssociationTests, Nordstrom.Web.Test.UI.LoyaltyWeb, Version=1.0.0.0, Culture=neutral, PublicKeyToken=null" name="TenderNeutralAssociation_EnrolledCustomerComesToAssociationPageUsingDifferentPhoneNumber_ShouldGetErrorMessage" />
    </UnitTest>
    <UnitTest name="LoyaltyLearnPage_ClickAlterationsLinkOnLearnPage_NavigatesToBenifitsPageSucessfully" storage="c:\ecommerce\web\test\ui\loyaltyweb\loyaltywebtest\loyaltywebtest\bin\debug\nordstrom.web.test.ui.loyaltyweb.dll" id="ab610072-1281-04a1-51c0-1e483cf3fcf7">
      <Description>To verify Alterations link on Learn Page is navigated to the relevant page successfully</Description>
      <TestCategory>
        <TestCategoryItem TestCategory="LoyaltyTenderNeutral" />
        <TestCategoryItem TestCategory="Learn" />
      </TestCategory>
      <DeploymentItems>
        <DeploymentItem filename="ExternalBinaries" outputDirectory=".\ExternalBinaries" />
        <DeploymentItem filename="TestData" outputDirectory=".\TestData" />
        <DeploymentItem filename="TestRunConfig" outputDirectory=".\TestRunConfig" />
      </DeploymentItems>
      <Execution id="811dec56-4109-4bda-9fcf-88a35bd2f7c3" />
      <TestMethod codeBase="C:/Ecommerce/Web/Test/UI/LoyaltyWeb/LoyaltyWebTest/LoyaltyWebTest/bin/Debug/Nordstrom.Web.Test.UI.LoyaltyWeb.DLL" adapterTypeName="Microsoft.VisualStudio.TestTools.TestTypes.Unit.UnitTestAdapter, Microsoft.VisualStudio.QualityTools.Tips.UnitTest.Adapter, Version=12.0.0.0, Culture=neutral, PublicKeyToken=b03f5f7f11d50a3a" className="Nordstrom.Web.Test.UI.LoyaltyWeb.Tests.LoyaltyLearnTests, Nordstrom.Web.Test.UI.LoyaltyWeb, Version=1.0.0.0, Culture=neutral, PublicKeyToken=null" name="LoyaltyLearnPage_ClickAlterationsLinkOnLearnPage_NavigatesToBenifitsPageSucessfully" />
    </UnitTest>
    <UnitTest name="TenderNeutralRewardsRegister_GuestUserRegistersWithLongerPhoneNumber_ShouldGetErrorMessageButWebAccountCreatedSuccessfully" storage="c:\ecommerce\web\test\ui\loyaltyweb\loyaltywebtest\loyaltywebtest\bin\debug\nordstrom.web.test.ui.loyaltyweb.dll" id="255988e0-354f-aca6-8726-d21411c565fc">
      <Description>Guest user enrolling with longer phone will get error message for enroll but create web account successfully.</Description>
      <TestCategory>
        <TestCategoryItem TestCategory="LoyaltyTenderNeutral" />
        <TestCategoryItem TestCategory="Enroll" />
      </TestCategory>
      <DeploymentItems>
        <DeploymentItem filename="ExternalBinaries" outputDirectory=".\ExternalBinaries" />
        <DeploymentItem filename="TestData" outputDirectory=".\TestData" />
        <DeploymentItem filename="TestRunConfig" outputDirectory=".\TestRunConfig" />
      </DeploymentItems>
      <Execution id="b76d6683-a6d0-4554-a70a-ea3201c99dd2" />
      <TestMethod codeBase="C:/Ecommerce/Web/Test/UI/LoyaltyWeb/LoyaltyWebTest/LoyaltyWebTest/bin/Debug/Nordstrom.Web.Test.UI.LoyaltyWeb.DLL" adapterTypeName="Microsoft.VisualStudio.TestTools.TestTypes.Unit.UnitTestAdapter, Microsoft.VisualStudio.QualityTools.Tips.UnitTest.Adapter, Version=12.0.0.0, Culture=neutral, PublicKeyToken=b03f5f7f11d50a3a" className="Nordstrom.Web.Test.UI.LoyaltyWeb.Tests.LoyaltyRegisterTests, Nordstrom.Web.Test.UI.LoyaltyWeb, Version=1.0.0.0, Culture=neutral, PublicKeyToken=null" name="TenderNeutralRewardsRegister_GuestUserRegistersWithLongerPhoneNumber_ShouldGetErrorMessageButWebAccountCreatedSuccessfully" />
    </UnitTest>
    <UnitTest name="TenderNeutralRewardsEnroll_LoyaltyTenderNeutralUnrecognisedUserLeaveFieldsBlank_ErrorMessageDisplayedSuccessfully" storage="c:\ecommerce\web\test\ui\loyaltyweb\loyaltywebtest\loyaltywebtest\bin\debug\nordstrom.web.test.ui.loyaltyweb.dll" id="f54f617a-b2b4-874b-3adb-ecec948db0b7">
      <Description>Verify that error messages appear for all required fields when Join button is clicked leaving all fields blank for an unrecognised user</Description>
      <TestCategory>
        <TestCategoryItem TestCategory="Enroll" />
        <TestCategoryItem TestCategory="LoyaltyTenderNeutral" />
      </TestCategory>
      <DeploymentItems>
        <DeploymentItem filename="ExternalBinaries" outputDirectory=".\ExternalBinaries" />
        <DeploymentItem filename="TestData" outputDirectory=".\TestData" />
        <DeploymentItem filename="TestRunConfig" outputDirectory=".\TestRunConfig" />
      </DeploymentItems>
      <Execution id="50e05ff3-dafe-4b93-af9e-03204244ceec" />
      <TestMethod codeBase="C:/Ecommerce/Web/Test/UI/LoyaltyWeb/LoyaltyWebTest/LoyaltyWebTest/bin/Debug/Nordstrom.Web.Test.UI.LoyaltyWeb.DLL" adapterTypeName="Microsoft.VisualStudio.TestTools.TestTypes.Unit.UnitTestAdapter, Microsoft.VisualStudio.QualityTools.Tips.UnitTest.Adapter, Version=12.0.0.0, Culture=neutral, PublicKeyToken=b03f5f7f11d50a3a" className="Nordstrom.Web.Test.UI.LoyaltyWeb.Tests.LoyaltyRegisterTests, Nordstrom.Web.Test.UI.LoyaltyWeb, Version=1.0.0.0, Culture=neutral, PublicKeyToken=null" name="TenderNeutralRewardsEnroll_LoyaltyTenderNeutralUnrecognisedUserLeaveFieldsBlank_ErrorMessageDisplayedSuccessfully" />
    </UnitTest>
    <UnitTest name="TenderNeutralRewardsEnroll_EnrollingWebGuestUserWithMoreThan16CharactersInFirstName_ThrowsError" storage="c:\ecommerce\web\test\ui\loyaltyweb\loyaltywebtest\loyaltywebtest\bin\debug\nordstrom.web.test.ui.loyaltyweb.dll" id="e9ae877f-4183-675d-0b5d-a08e0f4a7357">
      <Description>Verify that First Name field cannot take more than 16 characters</Description>
      <TestCategory>
        <TestCategoryItem TestCategory="Enroll" />
        <TestCategoryItem TestCategory="LoyaltyTenderNeutral" />
      </TestCategory>
      <DeploymentItems>
        <DeploymentItem filename="ExternalBinaries" outputDirectory=".\ExternalBinaries" />
        <DeploymentItem filename="TestData" outputDirectory=".\TestData" />
        <DeploymentItem filename="TestRunConfig" outputDirectory=".\TestRunConfig" />
      </DeploymentItems>
      <Execution id="379aa9d3-eab0-41f8-b898-29785fb10dc3" />
      <TestMethod codeBase="C:/Ecommerce/Web/Test/UI/LoyaltyWeb/LoyaltyWebTest/LoyaltyWebTest/bin/Debug/Nordstrom.Web.Test.UI.LoyaltyWeb.DLL" adapterTypeName="Microsoft.VisualStudio.TestTools.TestTypes.Unit.UnitTestAdapter, Microsoft.VisualStudio.QualityTools.Tips.UnitTest.Adapter, Version=12.0.0.0, Culture=neutral, PublicKeyToken=b03f5f7f11d50a3a" className="Nordstrom.Web.Test.UI.LoyaltyWeb.Tests.LoyaltyRegisterTests, Nordstrom.Web.Test.UI.LoyaltyWeb, Version=1.0.0.0, Culture=neutral, PublicKeyToken=null" name="TenderNeutralRewardsEnroll_EnrollingWebGuestUserWithMoreThan16CharactersInFirstName_ThrowsError" />
    </UnitTest>
    <UnitTest name="TenderNeutralRewardsEnroll_EnrollingWebGuestUserWithSpecialCharacterInFirstName_ThrowsError" storage="c:\ecommerce\web\test\ui\loyaltyweb\loyaltywebtest\loyaltywebtest\bin\debug\nordstrom.web.test.ui.loyaltyweb.dll" id="064f54e5-c571-f70a-9341-343431e2ecb1">
      <Description>Verify that Invalid Special Character in First Name throws error</Description>
      <TestCategory>
        <TestCategoryItem TestCategory="Enroll" />
        <TestCategoryItem TestCategory="LoyaltyTenderNeutral" />
      </TestCategory>
      <DeploymentItems>
        <DeploymentItem filename="ExternalBinaries" outputDirectory=".\ExternalBinaries" />
        <DeploymentItem filename="TestData" outputDirectory=".\TestData" />
        <DeploymentItem filename="TestRunConfig" outputDirectory=".\TestRunConfig" />
      </DeploymentItems>
      <Execution id="3ed0f516-07ca-45b5-81bf-a9cc1ee797f1" />
      <TestMethod codeBase="C:/Ecommerce/Web/Test/UI/LoyaltyWeb/LoyaltyWebTest/LoyaltyWebTest/bin/Debug/Nordstrom.Web.Test.UI.LoyaltyWeb.DLL" adapterTypeName="Microsoft.VisualStudio.TestTools.TestTypes.Unit.UnitTestAdapter, Microsoft.VisualStudio.QualityTools.Tips.UnitTest.Adapter, Version=12.0.0.0, Culture=neutral, PublicKeyToken=b03f5f7f11d50a3a" className="Nordstrom.Web.Test.UI.LoyaltyWeb.Tests.LoyaltyRegisterTests, Nordstrom.Web.Test.UI.LoyaltyWeb, Version=1.0.0.0, Culture=neutral, PublicKeyToken=null" name="TenderNeutralRewardsEnroll_EnrollingWebGuestUserWithSpecialCharacterInFirstName_ThrowsError" />
    </UnitTest>
    <UnitTest name="TenderNeutralAssociation_AssociatedEnrollMemberTryToAssociateAgain_ShouldGetRightMessage" storage="c:\ecommerce\web\test\ui\loyaltyweb\loyaltywebtest\loyaltywebtest\bin\debug\nordstrom.web.test.ui.loyaltyweb.dll" id="ddc0d2eb-254c-dd19-2d14-6b1da7927e8f">
      <Description>When existing associated guest member wants to associate again as a guest userand he got the error message</Description>
      <TestCategory>
        <TestCategoryItem TestCategory="LoyaltyTenderNeutral" />
        <TestCategoryItem TestCategory="Association" />
      </TestCategory>
      <DeploymentItems>
        <DeploymentItem filename="ExternalBinaries" outputDirectory=".\ExternalBinaries" />
        <DeploymentItem filename="TestData" outputDirectory=".\TestData" />
        <DeploymentItem filename="TestRunConfig" outputDirectory=".\TestRunConfig" />
      </DeploymentItems>
      <Execution id="5941638b-3773-4881-b386-eab5198f9143" />
      <TestMethod codeBase="C:/Ecommerce/Web/Test/UI/LoyaltyWeb/LoyaltyWebTest/LoyaltyWebTest/bin/Debug/Nordstrom.Web.Test.UI.LoyaltyWeb.DLL" adapterTypeName="Microsoft.VisualStudio.TestTools.TestTypes.Unit.UnitTestAdapter, Microsoft.VisualStudio.QualityTools.Tips.UnitTest.Adapter, Version=12.0.0.0, Culture=neutral, PublicKeyToken=b03f5f7f11d50a3a" className="Nordstrom.Web.Test.UI.LoyaltyWeb.Tests.LoyaltyAssociationTests, Nordstrom.Web.Test.UI.LoyaltyWeb, Version=1.0.0.0, Culture=neutral, PublicKeyToken=null" name="TenderNeutralAssociation_AssociatedEnrollMemberTryToAssociateAgain_ShouldGetRightMessage" />
    </UnitTest>
    <UnitTest name="TNEarn_AuthenticatedUnassociatedUserEntersValidNumberInRewardsSection_FirstNameInThanksMessageMatchesRewardsUserFirstName" storage="c:\ecommerce\web\test\ui\loyaltyweb\loyaltywebtest\loyaltywebtest\bin\debug\nordstrom.web.test.ui.loyaltyweb.dll" id="d25644d3-0bb7-fabb-599a-453ed1d010ef">
      <Description>Verify the name displayed in confirmation message matches that from Rewards enrollment</Description>
      <TestCategory>
        <TestCategoryItem TestCategory="EarnTests" />
      </TestCategory>
      <DeploymentItems>
        <DeploymentItem filename="ExternalBinaries" outputDirectory=".\ExternalBinaries" />
        <DeploymentItem filename="TestData" outputDirectory=".\TestData" />
        <DeploymentItem filename="TestRunConfig" outputDirectory=".\TestRunConfig" />
      </DeploymentItems>
      <Execution id="b8d76705-3441-4499-8cc2-dd358bb59642" />
      <TestMethod codeBase="C:/Ecommerce/Web/Test/UI/LoyaltyWeb/LoyaltyWebTest/LoyaltyWebTest/bin/Debug/Nordstrom.Web.Test.UI.LoyaltyWeb.DLL" adapterTypeName="Microsoft.VisualStudio.TestTools.TestTypes.Unit.UnitTestAdapter, Microsoft.VisualStudio.QualityTools.Tips.UnitTest.Adapter, Version=12.0.0.0, Culture=neutral, PublicKeyToken=b03f5f7f11d50a3a" className="Nordstrom.Web.Test.UI.LoyaltyWeb.LoyaltyEarnTests, Nordstrom.Web.Test.UI.LoyaltyWeb, Version=1.0.0.0, Culture=neutral, PublicKeyToken=null" name="TNEarn_AuthenticatedUnassociatedUserEntersValidNumberInRewardsSection_FirstNameInThanksMessageMatchesRewardsUserFirstName" />
    </UnitTest>
    <UnitTest name="TenderNeutralRewardsEnroll_EnrollingWebGuestUserWithSpecialCharacterInLastName_ThrowsError" storage="c:\ecommerce\web\test\ui\loyaltyweb\loyaltywebtest\loyaltywebtest\bin\debug\nordstrom.web.test.ui.loyaltyweb.dll" id="61937339-be54-ec8c-0d21-df5984f59c3c">
      <Description>Verify that Invalid Special Character in Last Name throws error</Description>
      <TestCategory>
        <TestCategoryItem TestCategory="LoyaltyTenderNeutral" />
        <TestCategoryItem TestCategory="Enroll" />
      </TestCategory>
      <DeploymentItems>
        <DeploymentItem filename="ExternalBinaries" outputDirectory=".\ExternalBinaries" />
        <DeploymentItem filename="TestData" outputDirectory=".\TestData" />
        <DeploymentItem filename="TestRunConfig" outputDirectory=".\TestRunConfig" />
      </DeploymentItems>
      <Execution id="d261bd00-983a-4df8-8d85-51fed5c1a907" />
      <TestMethod codeBase="C:/Ecommerce/Web/Test/UI/LoyaltyWeb/LoyaltyWebTest/LoyaltyWebTest/bin/Debug/Nordstrom.Web.Test.UI.LoyaltyWeb.DLL" adapterTypeName="Microsoft.VisualStudio.TestTools.TestTypes.Unit.UnitTestAdapter, Microsoft.VisualStudio.QualityTools.Tips.UnitTest.Adapter, Version=12.0.0.0, Culture=neutral, PublicKeyToken=b03f5f7f11d50a3a" className="Nordstrom.Web.Test.UI.LoyaltyWeb.Tests.LoyaltyRegisterTests, Nordstrom.Web.Test.UI.LoyaltyWeb, Version=1.0.0.0, Culture=neutral, PublicKeyToken=null" name="TenderNeutralRewardsEnroll_EnrollingWebGuestUserWithSpecialCharacterInLastName_ThrowsError" />
    </UnitTest>
    <UnitTest name="TNEarn_AuthenticatedAndAssociatedRewardsUser_PlaceTheOrderWithTenderNeutralCardSuccessfully" storage="c:\ecommerce\web\test\ui\loyaltyweb\loyaltywebtest\loyaltywebtest\bin\debug\nordstrom.web.test.ui.loyaltyweb.dll" id="e686901b-6686-80e7-08a3-ba83d5827a1d">
      <Description>Verify Place Order for Authenticated and associated tender neutral rewards user with a tender neutral Card</Description>
      <TestCategory>
        <TestCategoryItem TestCategory="EarnTests" />
      </TestCategory>
      <DeploymentItems>
        <DeploymentItem filename="ExternalBinaries" outputDirectory=".\ExternalBinaries" />
        <DeploymentItem filename="TestData" outputDirectory=".\TestData" />
        <DeploymentItem filename="TestRunConfig" outputDirectory=".\TestRunConfig" />
      </DeploymentItems>
      <Execution id="6f9c7730-7896-425f-ba85-564bd803ea9e" />
      <TestMethod codeBase="C:/Ecommerce/Web/Test/UI/LoyaltyWeb/LoyaltyWebTest/LoyaltyWebTest/bin/Debug/Nordstrom.Web.Test.UI.LoyaltyWeb.DLL" adapterTypeName="Microsoft.VisualStudio.TestTools.TestTypes.Unit.UnitTestAdapter, Microsoft.VisualStudio.QualityTools.Tips.UnitTest.Adapter, Version=12.0.0.0, Culture=neutral, PublicKeyToken=b03f5f7f11d50a3a" className="Nordstrom.Web.Test.UI.LoyaltyWeb.LoyaltyEarnTests, Nordstrom.Web.Test.UI.LoyaltyWeb, Version=1.0.0.0, Culture=neutral, PublicKeyToken=null" name="TNEarn_AuthenticatedAndAssociatedRewardsUser_PlaceTheOrderWithTenderNeutralCardSuccessfully" />
    </UnitTest>
    <UnitTest name="TenderNeutralRewardsRegister_TheUserWhoSucceedsInEnrollWithHisWebAccountEnrollsAgainWithSameWebAccount_ShouldFailBothEnrollAndAccountCreation" storage="c:\ecommerce\web\test\ui\loyaltyweb\loyaltywebtest\loyaltywebtest\bin\debug\nordstrom.web.test.ui.loyaltyweb.dll" id="92b927ed-4173-8eba-d7c2-edaf2906a7f7">
      <Description>Guest user with enrollment account enrolls with same web account (connected with enrollment previously) should not succeed.</Description>
      <TestCategory>
        <TestCategoryItem TestCategory="LoyaltyTenderNeutral" />
        <TestCategoryItem TestCategory="Enroll" />
      </TestCategory>
      <DeploymentItems>
        <DeploymentItem filename="ExternalBinaries" outputDirectory=".\ExternalBinaries" />
        <DeploymentItem filename="TestData" outputDirectory=".\TestData" />
        <DeploymentItem filename="TestRunConfig" outputDirectory=".\TestRunConfig" />
      </DeploymentItems>
      <Execution id="358a2e53-16dd-4bb2-8b9d-38e47ffa8c65" />
      <TestMethod codeBase="C:/Ecommerce/Web/Test/UI/LoyaltyWeb/LoyaltyWebTest/LoyaltyWebTest/bin/Debug/Nordstrom.Web.Test.UI.LoyaltyWeb.DLL" adapterTypeName="Microsoft.VisualStudio.TestTools.TestTypes.Unit.UnitTestAdapter, Microsoft.VisualStudio.QualityTools.Tips.UnitTest.Adapter, Version=12.0.0.0, Culture=neutral, PublicKeyToken=b03f5f7f11d50a3a" className="Nordstrom.Web.Test.UI.LoyaltyWeb.Tests.LoyaltyRegisterTests, Nordstrom.Web.Test.UI.LoyaltyWeb, Version=1.0.0.0, Culture=neutral, PublicKeyToken=null" name="TenderNeutralRewardsRegister_TheUserWhoSucceedsInEnrollWithHisWebAccountEnrollsAgainWithSameWebAccount_ShouldFailBothEnrollAndAccountCreation" />
    </UnitTest>
    <UnitTest name="TenderNeutralAssociation_ClickOnLinksAndLogosRedirectedToCorresponingPageForAuthenticatedUser" storage="c:\ecommerce\web\test\ui\loyaltyweb\loyaltywebtest\loyaltywebtest\bin\debug\nordstrom.web.test.ui.loyaltyweb.dll" id="2033df00-884b-175e-0501-f243d029fbc3">
      <Description>Authenticated user verifies the links and logos in success association page</Description>
      <TestCategory>
        <TestCategoryItem TestCategory="LoyaltyTenderNeutral" />
        <TestCategoryItem TestCategory="Association" />
      </TestCategory>
      <DeploymentItems>
        <DeploymentItem filename="ExternalBinaries" outputDirectory=".\ExternalBinaries" />
        <DeploymentItem filename="TestData" outputDirectory=".\TestData" />
        <DeploymentItem filename="TestRunConfig" outputDirectory=".\TestRunConfig" />
      </DeploymentItems>
      <Execution id="5b3e1f34-5419-490a-9fc9-59e7be77ee08" />
      <TestMethod codeBase="C:/Ecommerce/Web/Test/UI/LoyaltyWeb/LoyaltyWebTest/LoyaltyWebTest/bin/Debug/Nordstrom.Web.Test.UI.LoyaltyWeb.DLL" adapterTypeName="Microsoft.VisualStudio.TestTools.TestTypes.Unit.UnitTestAdapter, Microsoft.VisualStudio.QualityTools.Tips.UnitTest.Adapter, Version=12.0.0.0, Culture=neutral, PublicKeyToken=b03f5f7f11d50a3a" className="Nordstrom.Web.Test.UI.LoyaltyWeb.Tests.LoyaltyAssociationTests, Nordstrom.Web.Test.UI.LoyaltyWeb, Version=1.0.0.0, Culture=neutral, PublicKeyToken=null" name="TenderNeutralAssociation_ClickOnLinksAndLogosRedirectedToCorresponingPageForAuthenticatedUser" />
    </UnitTest>
    <UnitTest name="TenderNeutralRewardsRegister_GuestUserEnrollAsExistingAccountWhenHaveNoExistingWebAccount_ShouldFailInEnroll" storage="c:\ecommerce\web\test\ui\loyaltyweb\loyaltywebtest\loyaltywebtest\bin\debug\nordstrom.web.test.ui.loyaltyweb.dll" id="410dae98-05e2-616d-84b3-8cd95e7d0ebd">
      <Description>Guest user enrolls as existing user but supplied all none existing info.</Description>
      <TestCategory>
        <TestCategoryItem TestCategory="LoyaltyTenderNeutral" />
        <TestCategoryItem TestCategory="Enroll" />
      </TestCategory>
      <DeploymentItems>
        <DeploymentItem filename="ExternalBinaries" outputDirectory=".\ExternalBinaries" />
        <DeploymentItem filename="TestData" outputDirectory=".\TestData" />
        <DeploymentItem filename="TestRunConfig" outputDirectory=".\TestRunConfig" />
      </DeploymentItems>
      <Execution id="7a695606-4a9c-46ef-9c4e-344353d59f3e" />
      <TestMethod codeBase="C:/Ecommerce/Web/Test/UI/LoyaltyWeb/LoyaltyWebTest/LoyaltyWebTest/bin/Debug/Nordstrom.Web.Test.UI.LoyaltyWeb.DLL" adapterTypeName="Microsoft.VisualStudio.TestTools.TestTypes.Unit.UnitTestAdapter, Microsoft.VisualStudio.QualityTools.Tips.UnitTest.Adapter, Version=12.0.0.0, Culture=neutral, PublicKeyToken=b03f5f7f11d50a3a" className="Nordstrom.Web.Test.UI.LoyaltyWeb.Tests.LoyaltyRegisterTests, Nordstrom.Web.Test.UI.LoyaltyWeb, Version=1.0.0.0, Culture=neutral, PublicKeyToken=null" name="TenderNeutralRewardsRegister_GuestUserEnrollAsExistingAccountWhenHaveNoExistingWebAccount_ShouldFailInEnroll" />
    </UnitTest>
    <UnitTest name="TenderNeutralEnroll_When15MinutesPassWithoutAuthenticatedUserActivity_ExpectSessionTimeoutInfoShowAndUserInfoDisappear" storage="c:\ecommerce\web\test\ui\loyaltyweb\loyaltywebtest\loyaltywebtest\bin\debug\nordstrom.web.test.ui.loyaltyweb.dll" id="c4e618af-8c26-0c2f-dc63-4afd169cc976">
      <Description>Verify that when 15 minutes pass without authenticated user input, session time out area is shown and existing user personal info disappear.</Description>
      <TestCategory>
        <TestCategoryItem TestCategory="SensitiveData" />
        <TestCategoryItem TestCategory="LoyaltyTenderNeutral" />
      </TestCategory>
      <DeploymentItems>
        <DeploymentItem filename="ExternalBinaries" outputDirectory=".\ExternalBinaries" />
        <DeploymentItem filename="TestData" outputDirectory=".\TestData" />
        <DeploymentItem filename="TestRunConfig" outputDirectory=".\TestRunConfig" />
      </DeploymentItems>
      <Execution id="344272a6-7b82-4818-82ae-f3439716da1e" />
      <TestMethod codeBase="C:/Ecommerce/Web/Test/UI/LoyaltyWeb/LoyaltyWebTest/LoyaltyWebTest/bin/Debug/Nordstrom.Web.Test.UI.LoyaltyWeb.DLL" adapterTypeName="Microsoft.VisualStudio.TestTools.TestTypes.Unit.UnitTestAdapter, Microsoft.VisualStudio.QualityTools.Tips.UnitTest.Adapter, Version=12.0.0.0, Culture=neutral, PublicKeyToken=b03f5f7f11d50a3a" className="Nordstrom.Web.Test.UI.LoyaltyWeb.Tests.UserSensitiveDataCases, Nordstrom.Web.Test.UI.LoyaltyWeb, Version=1.0.0.0, Culture=neutral, PublicKeyToken=null" name="TenderNeutralEnroll_When15MinutesPassWithoutAuthenticatedUserActivity_ExpectSessionTimeoutInfoShowAndUserInfoDisappear" />
    </UnitTest>
    <UnitTest name="MigratedServiceCenterLoyaltyAccountCreation" storage="c:\ecommerce\web\test\ui\loyaltyweb\loyaltywebtest\loyaltywebtest\bin\debug\nordstrom.web.test.ui.loyaltyweb.dll" id="15ed11f1-7aed-0d4e-aca5-31f77d3917f4">
      <Description>Create A Migrated Service Center loyalty customer</Description>
      <TestCategory>
        <TestCategoryItem TestCategory="Creator" />
      </TestCategory>
      <DeploymentItems>
        <DeploymentItem filename="ExternalBinaries" outputDirectory=".\ExternalBinaries" />
        <DeploymentItem filename="TestData" outputDirectory=".\TestData" />
        <DeploymentItem filename="TestRunConfig" outputDirectory=".\TestRunConfig" />
      </DeploymentItems>
      <Execution id="308e673a-8e10-4218-a64e-bee698fb8738" />
      <TestMethod codeBase="C:/Ecommerce/Web/Test/UI/LoyaltyWeb/LoyaltyWebTest/LoyaltyWebTest/bin/Debug/Nordstrom.Web.Test.UI.LoyaltyWeb.DLL" adapterTypeName="Microsoft.VisualStudio.TestTools.TestTypes.Unit.UnitTestAdapter, Microsoft.VisualStudio.QualityTools.Tips.UnitTest.Adapter, Version=12.0.0.0, Culture=neutral, PublicKeyToken=b03f5f7f11d50a3a" className="Nordstrom.Web.Test.UI.LoyaltyWeb.AccountCreator, Nordstrom.Web.Test.UI.LoyaltyWeb, Version=1.0.0.0, Culture=neutral, PublicKeyToken=null" name="MigratedServiceCenterLoyaltyAccountCreation" />
    </UnitTest>
    <UnitTest name="TNEarn_OrderPlacedWithoutLoyaltyDetailsInX33_InformativeMessageExpectedOnOrderConfirmationPage" storage="c:\ecommerce\web\test\ui\loyaltyweb\loyaltywebtest\loyaltywebtest\bin\debug\nordstrom.web.test.ui.loyaltyweb.dll" id="fe046f46-4503-36cb-cbb0-c8ade5f466c2">
      <Description>Verify that on placing the order if loyalty details are not passed in X33,then the customer should be shown the error message in Thank you page/Order confirmation page</Description>
      <TestCategory>
        <TestCategoryItem TestCategory="EarnTests" />
      </TestCategory>
      <DeploymentItems>
        <DeploymentItem filename="ExternalBinaries" outputDirectory=".\ExternalBinaries" />
        <DeploymentItem filename="TestData" outputDirectory=".\TestData" />
        <DeploymentItem filename="TestRunConfig" outputDirectory=".\TestRunConfig" />
      </DeploymentItems>
      <Execution id="32b6c497-1117-47d0-896c-368440655377" />
      <TestMethod codeBase="C:/Ecommerce/Web/Test/UI/LoyaltyWeb/LoyaltyWebTest/LoyaltyWebTest/bin/Debug/Nordstrom.Web.Test.UI.LoyaltyWeb.DLL" adapterTypeName="Microsoft.VisualStudio.TestTools.TestTypes.Unit.UnitTestAdapter, Microsoft.VisualStudio.QualityTools.Tips.UnitTest.Adapter, Version=12.0.0.0, Culture=neutral, PublicKeyToken=b03f5f7f11d50a3a" className="Nordstrom.Web.Test.UI.LoyaltyWeb.LoyaltyEarnTests, Nordstrom.Web.Test.UI.LoyaltyWeb, Version=1.0.0.0, Culture=neutral, PublicKeyToken=null" name="TNEarn_OrderPlacedWithoutLoyaltyDetailsInX33_InformativeMessageExpectedOnOrderConfirmationPage" />
    </UnitTest>
    <UnitTest name="TenderNeutralRewardsEnroll_LoyaltyTenderNeutralRegisteredAuthenticatedUser_EmailPrePopulationVerificationSuccessful" storage="c:\ecommerce\web\test\ui\loyaltyweb\loyaltywebtest\loyaltywebtest\bin\debug\nordstrom.web.test.ui.loyaltyweb.dll" id="bc66fcba-3c56-1b4a-55c9-75ebfb58fee2">
      <Description>Verify pre-population of mobile number on loyalty mobile verification page for a TN enrolled user</Description>
      <TestCategory>
        <TestCategoryItem TestCategory="LoyaltyTenderNeutral" />
        <TestCategoryItem TestCategory="MobileVerification" />
      </TestCategory>
      <DeploymentItems>
        <DeploymentItem filename="ExternalBinaries" outputDirectory=".\ExternalBinaries" />
        <DeploymentItem filename="TestData" outputDirectory=".\TestData" />
        <DeploymentItem filename="TestRunConfig" outputDirectory=".\TestRunConfig" />
      </DeploymentItems>
      <Execution id="d38e7072-378f-42f3-b76d-a29ffcb2efe0" />
      <TestMethod codeBase="C:/Ecommerce/Web/Test/UI/LoyaltyWeb/LoyaltyWebTest/LoyaltyWebTest/bin/Debug/Nordstrom.Web.Test.UI.LoyaltyWeb.DLL" adapterTypeName="Microsoft.VisualStudio.TestTools.TestTypes.Unit.UnitTestAdapter, Microsoft.VisualStudio.QualityTools.Tips.UnitTest.Adapter, Version=12.0.0.0, Culture=neutral, PublicKeyToken=b03f5f7f11d50a3a" className="Nordstrom.Web.Test.UI.LoyaltyWeb.Tests.LoyaltyTenderNeutralMobileVerificationPageTests, Nordstrom.Web.Test.UI.LoyaltyWeb, Version=1.0.0.0, Culture=neutral, PublicKeyToken=null" name="TenderNeutralRewardsEnroll_LoyaltyTenderNeutralRegisteredAuthenticatedUser_EmailPrePopulationVerificationSuccessful" />
    </UnitTest>
    <UnitTest name="TenderNeutralRewardsEnroll_LoyaltyUserEnrollAgainWithSameProfile_EnrollShouldFailWithErrorMessagePopulated" storage="c:\ecommerce\web\test\ui\loyaltyweb\loyaltywebtest\loyaltywebtest\bin\debug\nordstrom.web.test.ui.loyaltyweb.dll" id="1262eade-73e8-889e-1610-c0ebcac93d87">
      <Description>A end to end user scenarios test</Description>
      <TestCategory>
        <TestCategoryItem TestCategory="Enroll" />
        <TestCategoryItem TestCategory="LoyaltyTenderNeutral" />
      </TestCategory>
      <DeploymentItems>
        <DeploymentItem filename="ExternalBinaries" outputDirectory=".\ExternalBinaries" />
        <DeploymentItem filename="TestData" outputDirectory=".\TestData" />
        <DeploymentItem filename="TestRunConfig" outputDirectory=".\TestRunConfig" />
      </DeploymentItems>
      <Execution id="b94a7463-6e3b-4574-8bd4-927ece55a011" />
      <TestMethod codeBase="C:/Ecommerce/Web/Test/UI/LoyaltyWeb/LoyaltyWebTest/LoyaltyWebTest/bin/Debug/Nordstrom.Web.Test.UI.LoyaltyWeb.DLL" adapterTypeName="Microsoft.VisualStudio.TestTools.TestTypes.Unit.UnitTestAdapter, Microsoft.VisualStudio.QualityTools.Tips.UnitTest.Adapter, Version=12.0.0.0, Culture=neutral, PublicKeyToken=b03f5f7f11d50a3a" className="Nordstrom.Web.Test.UI.LoyaltyWeb.Tests.LoyaltyRegisterTests, Nordstrom.Web.Test.UI.LoyaltyWeb, Version=1.0.0.0, Culture=neutral, PublicKeyToken=null" name="TenderNeutralRewardsEnroll_LoyaltyUserEnrollAgainWithSameProfile_EnrollShouldFailWithErrorMessagePopulated" />
    </UnitTest>
    <UnitTest name="TenderNeutralRewardsRegister_MigratedLoyaltyGuestUser_ShouldSeeErrorMessage" storage="c:\ecommerce\web\test\ui\loyaltyweb\loyaltywebtest\loyaltywebtest\bin\debug\nordstrom.web.test.ui.loyaltyweb.dll" id="01251113-7a0b-5e5c-8bee-18fe750a194b">
      <Description>Migrated guest User should be able to see error messages.</Description>
      <TestCategory>
        <TestCategoryItem TestCategory="LoyaltyTenderNeutral" />
        <TestCategoryItem TestCategory="Enroll" />
      </TestCategory>
      <DeploymentItems>
        <DeploymentItem filename="ExternalBinaries" outputDirectory=".\ExternalBinaries" />
        <DeploymentItem filename="TestData" outputDirectory=".\TestData" />
        <DeploymentItem filename="TestRunConfig" outputDirectory=".\TestRunConfig" />
      </DeploymentItems>
      <Execution id="24303985-d3da-474c-b2f0-763f7e51e988" />
      <TestMethod codeBase="C:/Ecommerce/Web/Test/UI/LoyaltyWeb/LoyaltyWebTest/LoyaltyWebTest/bin/Debug/Nordstrom.Web.Test.UI.LoyaltyWeb.DLL" adapterTypeName="Microsoft.VisualStudio.TestTools.TestTypes.Unit.UnitTestAdapter, Microsoft.VisualStudio.QualityTools.Tips.UnitTest.Adapter, Version=12.0.0.0, Culture=neutral, PublicKeyToken=b03f5f7f11d50a3a" className="Nordstrom.Web.Test.UI.LoyaltyWeb.Tests.LoyaltyRegisterTests, Nordstrom.Web.Test.UI.LoyaltyWeb, Version=1.0.0.0, Culture=neutral, PublicKeyToken=null" name="TenderNeutralRewardsRegister_MigratedLoyaltyGuestUser_ShouldSeeErrorMessage" />
    </UnitTest>
    <UnitTest name="TenderNeutralRewardsEnroll_LoyaltyTenderNeutralGuestUserEmailField_ErrorMessageDisplayedSuccessfully" storage="c:\ecommerce\web\test\ui\loyaltyweb\loyaltywebtest\loyaltywebtest\bin\debug\nordstrom.web.test.ui.loyaltyweb.dll" id="148b8285-3f85-b0e9-45c5-e3a35357648d">
      <Description>Verify the error message displayed for the invalid entry of Email field</Description>
      <TestCategory>
        <TestCategoryItem TestCategory="Enroll" />
        <TestCategoryItem TestCategory="LoyaltyTenderNeutral" />
      </TestCategory>
      <DeploymentItems>
        <DeploymentItem filename="ExternalBinaries" outputDirectory=".\ExternalBinaries" />
        <DeploymentItem filename="TestData" outputDirectory=".\TestData" />
        <DeploymentItem filename="TestRunConfig" outputDirectory=".\TestRunConfig" />
      </DeploymentItems>
      <Execution id="555a566d-0b74-4263-9ca3-bc352e6d0ae0" />
      <TestMethod codeBase="C:/Ecommerce/Web/Test/UI/LoyaltyWeb/LoyaltyWebTest/LoyaltyWebTest/bin/Debug/Nordstrom.Web.Test.UI.LoyaltyWeb.DLL" adapterTypeName="Microsoft.VisualStudio.TestTools.TestTypes.Unit.UnitTestAdapter, Microsoft.VisualStudio.QualityTools.Tips.UnitTest.Adapter, Version=12.0.0.0, Culture=neutral, PublicKeyToken=b03f5f7f11d50a3a" className="Nordstrom.Web.Test.UI.LoyaltyWeb.Tests.LoyaltyRegisterTests, Nordstrom.Web.Test.UI.LoyaltyWeb, Version=1.0.0.0, Culture=neutral, PublicKeyToken=null" name="TenderNeutralRewardsEnroll_LoyaltyTenderNeutralGuestUserEmailField_ErrorMessageDisplayedSuccessfully" />
    </UnitTest>
    <UnitTest name="TenderNeutralRewardsRegister_GuestUserRegisterWithShorterPhoneNumber_ShouldGetEnrollErrorMessageButWebAccountCreatedSuccessfully" storage="c:\ecommerce\web\test\ui\loyaltyweb\loyaltywebtest\loyaltywebtest\bin\debug\nordstrom.web.test.ui.loyaltyweb.dll" id="9c169b1f-0461-c4cb-88b0-c01730fb59b2">
      <Description>Guest user enrolling with shorter phone will get error message for enroll but can create web account successfully.</Description>
      <TestCategory>
        <TestCategoryItem TestCategory="LoyaltyTenderNeutral" />
        <TestCategoryItem TestCategory="Enroll" />
      </TestCategory>
      <DeploymentItems>
        <DeploymentItem filename="ExternalBinaries" outputDirectory=".\ExternalBinaries" />
        <DeploymentItem filename="TestData" outputDirectory=".\TestData" />
        <DeploymentItem filename="TestRunConfig" outputDirectory=".\TestRunConfig" />
      </DeploymentItems>
      <Execution id="3488bb2b-039d-49b6-9aba-297033f51b39" />
      <TestMethod codeBase="C:/Ecommerce/Web/Test/UI/LoyaltyWeb/LoyaltyWebTest/LoyaltyWebTest/bin/Debug/Nordstrom.Web.Test.UI.LoyaltyWeb.DLL" adapterTypeName="Microsoft.VisualStudio.TestTools.TestTypes.Unit.UnitTestAdapter, Microsoft.VisualStudio.QualityTools.Tips.UnitTest.Adapter, Version=12.0.0.0, Culture=neutral, PublicKeyToken=b03f5f7f11d50a3a" className="Nordstrom.Web.Test.UI.LoyaltyWeb.Tests.LoyaltyRegisterTests, Nordstrom.Web.Test.UI.LoyaltyWeb, Version=1.0.0.0, Culture=neutral, PublicKeyToken=null" name="TenderNeutralRewardsRegister_GuestUserRegisterWithShorterPhoneNumber_ShouldGetEnrollErrorMessageButWebAccountCreatedSuccessfully" />
    </UnitTest>
    <UnitTest name="TenderNeutralAssociation_WebAssociatedEnrolledCustomerComesToAssociationPageAsRegisteredUser_ShouldGetYouAreSetMessage" storage="c:\ecommerce\web\test\ui\loyaltyweb\loyaltywebtest\loyaltywebtest\bin\debug\nordstrom.web.test.ui.loyaltyweb.dll" id="362454c8-a200-0615-b79c-176c62c6b4a9">
      <Description>When web associated customer wants to associate again in registered sign in state, he got the all set message.</Description>
      <TestCategory>
        <TestCategoryItem TestCategory="LoyaltyTenderNeutral" />
        <TestCategoryItem TestCategory="Association" />
      </TestCategory>
      <DeploymentItems>
        <DeploymentItem filename="ExternalBinaries" outputDirectory=".\ExternalBinaries" />
        <DeploymentItem filename="TestData" outputDirectory=".\TestData" />
        <DeploymentItem filename="TestRunConfig" outputDirectory=".\TestRunConfig" />
      </DeploymentItems>
      <Execution id="04b5916d-263c-436b-8b99-a84920058166" />
      <TestMethod codeBase="C:/Ecommerce/Web/Test/UI/LoyaltyWeb/LoyaltyWebTest/LoyaltyWebTest/bin/Debug/Nordstrom.Web.Test.UI.LoyaltyWeb.DLL" adapterTypeName="Microsoft.VisualStudio.TestTools.TestTypes.Unit.UnitTestAdapter, Microsoft.VisualStudio.QualityTools.Tips.UnitTest.Adapter, Version=12.0.0.0, Culture=neutral, PublicKeyToken=b03f5f7f11d50a3a" className="Nordstrom.Web.Test.UI.LoyaltyWeb.Tests.LoyaltyAssociationTests, Nordstrom.Web.Test.UI.LoyaltyWeb, Version=1.0.0.0, Culture=neutral, PublicKeyToken=null" name="TenderNeutralAssociation_WebAssociatedEnrolledCustomerComesToAssociationPageAsRegisteredUser_ShouldGetYouAreSetMessage" />
    </UnitTest>
    <UnitTest name="SuccessAssociationPageModalPopupsValidation_AuthenticatedUserSpecialCharacterinCodeField_ThrowsError" storage="c:\ecommerce\web\test\ui\loyaltyweb\loyaltywebtest\loyaltywebtest\bin\debug\nordstrom.web.test.ui.loyaltyweb.dll" id="9212b987-2150-c7b8-e693-a4bb0ac620a5">
      <Description>Verify that error message is displayed when special characters are entered in association mobile verification code pop up</Description>
      <TestCategory>
        <TestCategoryItem TestCategory="LoyaltyTenderNeutral" />
        <TestCategoryItem TestCategory="MobileVerification" />
      </TestCategory>
      <DeploymentItems>
        <DeploymentItem filename="ExternalBinaries" outputDirectory=".\ExternalBinaries" />
        <DeploymentItem filename="TestData" outputDirectory=".\TestData" />
        <DeploymentItem filename="TestRunConfig" outputDirectory=".\TestRunConfig" />
      </DeploymentItems>
      <Execution id="970728be-233c-4ea9-bdf6-08e05ec0fa32" />
      <TestMethod codeBase="C:/Ecommerce/Web/Test/UI/LoyaltyWeb/LoyaltyWebTest/LoyaltyWebTest/bin/Debug/Nordstrom.Web.Test.UI.LoyaltyWeb.DLL" adapterTypeName="Microsoft.VisualStudio.TestTools.TestTypes.Unit.UnitTestAdapter, Microsoft.VisualStudio.QualityTools.Tips.UnitTest.Adapter, Version=12.0.0.0, Culture=neutral, PublicKeyToken=b03f5f7f11d50a3a" className="Nordstrom.Web.Test.UI.LoyaltyWeb.Tests.LoyaltyTenderNeutralMobileVerificationPageTests, Nordstrom.Web.Test.UI.LoyaltyWeb, Version=1.0.0.0, Culture=neutral, PublicKeyToken=null" name="SuccessAssociationPageModalPopupsValidation_AuthenticatedUserSpecialCharacterinCodeField_ThrowsError" />
    </UnitTest>
    <UnitTest name="TenderNeutralRewardsEnroll_LoyaltyTNAuthenticatedUserFiveDigitsInCodeField_ThrowseError" storage="c:\ecommerce\web\test\ui\loyaltyweb\loyaltywebtest\loyaltywebtest\bin\debug\nordstrom.web.test.ui.loyaltyweb.dll" id="d49116cf-5920-a340-5b35-da990901ac37">
      <Description>Verify that error message is displayed when a five digit number is entered in mobile vrification code field</Description>
      <TestCategory>
        <TestCategoryItem TestCategory="LoyaltyTenderNeutral" />
        <TestCategoryItem TestCategory="MobileVerification" />
      </TestCategory>
      <DeploymentItems>
        <DeploymentItem filename="ExternalBinaries" outputDirectory=".\ExternalBinaries" />
        <DeploymentItem filename="TestData" outputDirectory=".\TestData" />
        <DeploymentItem filename="TestRunConfig" outputDirectory=".\TestRunConfig" />
      </DeploymentItems>
      <Execution id="115b7c8f-454e-4139-abf5-0ef4d9e17cb9" />
      <TestMethod codeBase="C:/Ecommerce/Web/Test/UI/LoyaltyWeb/LoyaltyWebTest/LoyaltyWebTest/bin/Debug/Nordstrom.Web.Test.UI.LoyaltyWeb.DLL" adapterTypeName="Microsoft.VisualStudio.TestTools.TestTypes.Unit.UnitTestAdapter, Microsoft.VisualStudio.QualityTools.Tips.UnitTest.Adapter, Version=12.0.0.0, Culture=neutral, PublicKeyToken=b03f5f7f11d50a3a" className="Nordstrom.Web.Test.UI.LoyaltyWeb.Tests.LoyaltyTenderNeutralMobileVerificationPageTests, Nordstrom.Web.Test.UI.LoyaltyWeb, Version=1.0.0.0, Culture=neutral, PublicKeyToken=null" name="TenderNeutralRewardsEnroll_LoyaltyTNAuthenticatedUserFiveDigitsInCodeField_ThrowseError" />
    </UnitTest>
    <UnitTest name="SuccessAssociationPageModalPopupsValidation_GuestUserGetANewCodeModalContentValidation_GetANewCodeModalContentValidatedSuccessfully" storage="c:\ecommerce\web\test\ui\loyaltyweb\loyaltywebtest\loyaltywebtest\bin\debug\nordstrom.web.test.ui.loyaltyweb.dll" id="6b0af17a-7bb4-58c2-b06a-443221deca29">
      <Description>Get a new code Modal Popup Content Validation for Association mobile verification modal</Description>
      <TestCategory>
        <TestCategoryItem TestCategory="LoyaltyTenderNeutral" />
        <TestCategoryItem TestCategory="MobileVerification" />
      </TestCategory>
      <DeploymentItems>
        <DeploymentItem filename="ExternalBinaries" outputDirectory=".\ExternalBinaries" />
        <DeploymentItem filename="TestData" outputDirectory=".\TestData" />
        <DeploymentItem filename="TestRunConfig" outputDirectory=".\TestRunConfig" />
      </DeploymentItems>
      <Execution id="d526ff03-5d91-4073-a496-0b59faea0463" />
      <TestMethod codeBase="C:/Ecommerce/Web/Test/UI/LoyaltyWeb/LoyaltyWebTest/LoyaltyWebTest/bin/Debug/Nordstrom.Web.Test.UI.LoyaltyWeb.DLL" adapterTypeName="Microsoft.VisualStudio.TestTools.TestTypes.Unit.UnitTestAdapter, Microsoft.VisualStudio.QualityTools.Tips.UnitTest.Adapter, Version=12.0.0.0, Culture=neutral, PublicKeyToken=b03f5f7f11d50a3a" className="Nordstrom.Web.Test.UI.LoyaltyWeb.Tests.LoyaltyTenderNeutralMobileVerificationPageTests, Nordstrom.Web.Test.UI.LoyaltyWeb, Version=1.0.0.0, Culture=neutral, PublicKeyToken=null" name="SuccessAssociationPageModalPopupsValidation_GuestUserGetANewCodeModalContentValidation_GetANewCodeModalContentValidatedSuccessfully" />
    </UnitTest>
    <UnitTest name="TenderNeutralAssociation_RecognizedUserEnrolledinLoyaltyFromServiceCenterToToWebAssociationPage_ShouldSucceed" storage="c:\ecommerce\web\test\ui\loyaltyweb\loyaltywebtest\loyaltywebtest\bin\debug\nordstrom.web.test.ui.loyaltyweb.dll" id="27f3ca3a-fe37-e245-4f3b-a0a1a217b934">
      <Description>Verify that when recognized user enrolled from  Service Center goes to Association page, he can type in his email and phone number and associate to loyalty program.</Description>
      <TestCategory>
        <TestCategoryItem TestCategory="LoyaltyTenderNeutral" />
        <TestCategoryItem TestCategory="Association" />
      </TestCategory>
      <DeploymentItems>
        <DeploymentItem filename="ExternalBinaries" outputDirectory=".\ExternalBinaries" />
        <DeploymentItem filename="TestData" outputDirectory=".\TestData" />
        <DeploymentItem filename="TestRunConfig" outputDirectory=".\TestRunConfig" />
      </DeploymentItems>
      <Execution id="e3e067e7-5c09-406c-b957-51012b0e22a0" />
      <TestMethod codeBase="C:/Ecommerce/Web/Test/UI/LoyaltyWeb/LoyaltyWebTest/LoyaltyWebTest/bin/Debug/Nordstrom.Web.Test.UI.LoyaltyWeb.DLL" adapterTypeName="Microsoft.VisualStudio.TestTools.TestTypes.Unit.UnitTestAdapter, Microsoft.VisualStudio.QualityTools.Tips.UnitTest.Adapter, Version=12.0.0.0, Culture=neutral, PublicKeyToken=b03f5f7f11d50a3a" className="Nordstrom.Web.Test.UI.LoyaltyWeb.Tests.LoyaltyAssociationTests, Nordstrom.Web.Test.UI.LoyaltyWeb, Version=1.0.0.0, Culture=neutral, PublicKeyToken=null" name="TenderNeutralAssociation_RecognizedUserEnrolledinLoyaltyFromServiceCenterToToWebAssociationPage_ShouldSucceed" />
    </UnitTest>
    <UnitTest name="TenderNeutralManage_GuestUser_ErrorMessageDisplayedForPendingUserWhenTryingToEnrollDisplayedSuccessfully" storage="c:\ecommerce\web\test\ui\loyaltyweb\loyaltywebtest\loyaltywebtest\bin\debug\nordstrom.web.test.ui.loyaltyweb.dll" id="03f020d8-e988-f92d-0457-a7f489cd6a41">
      <Description>Verify that when a user in Pending Closed status tries to enroll from web as guest user, proper error message is displayed</Description>
      <TestCategory>
        <TestCategoryItem TestCategory="Manage" />
        <TestCategoryItem TestCategory="LoyaltyTenderNeutral" />
      </TestCategory>
      <DeploymentItems>
        <DeploymentItem filename="ExternalBinaries" outputDirectory=".\ExternalBinaries" />
        <DeploymentItem filename="TestData" outputDirectory=".\TestData" />
        <DeploymentItem filename="TestRunConfig" outputDirectory=".\TestRunConfig" />
      </DeploymentItems>
      <Execution id="cd47b5ee-9e20-4fc7-888f-ef7d2b5e2bcc" />
      <TestMethod codeBase="C:/Ecommerce/Web/Test/UI/LoyaltyWeb/LoyaltyWebTest/LoyaltyWebTest/bin/Debug/Nordstrom.Web.Test.UI.LoyaltyWeb.DLL" adapterTypeName="Microsoft.VisualStudio.TestTools.TestTypes.Unit.UnitTestAdapter, Microsoft.VisualStudio.QualityTools.Tips.UnitTest.Adapter, Version=12.0.0.0, Culture=neutral, PublicKeyToken=b03f5f7f11d50a3a" className="Nordstrom.Web.Test.UI.LoyaltyWeb.Tests.LoyaltyManageTests, Nordstrom.Web.Test.UI.LoyaltyWeb, Version=1.0.0.0, Culture=neutral, PublicKeyToken=null" name="TenderNeutralManage_GuestUser_ErrorMessageDisplayedForPendingUserWhenTryingToEnrollDisplayedSuccessfully" />
    </UnitTest>
    <UnitTest name="TenderNeutralManage_GuestUser_ErrorMessageDisplayedForPendingUserWhenTryingToAssociateDisplayedSuccessfully" storage="c:\ecommerce\web\test\ui\loyaltyweb\loyaltywebtest\loyaltywebtest\bin\debug\nordstrom.web.test.ui.loyaltyweb.dll" id="a88aefa5-b2bc-5b05-fcfb-b068eb81c583">
      <Description>Verify that when a user in Pending Closed status tries to asscoiate from web as guest user, proper error message is displayed</Description>
      <TestCategory>
        <TestCategoryItem TestCategory="Manage" />
        <TestCategoryItem TestCategory="LoyaltyTenderNeutral" />
      </TestCategory>
      <DeploymentItems>
        <DeploymentItem filename="ExternalBinaries" outputDirectory=".\ExternalBinaries" />
        <DeploymentItem filename="TestData" outputDirectory=".\TestData" />
        <DeploymentItem filename="TestRunConfig" outputDirectory=".\TestRunConfig" />
      </DeploymentItems>
      <Execution id="8d1164d6-3851-4bcd-a570-03677ff63d64" />
      <TestMethod codeBase="C:/Ecommerce/Web/Test/UI/LoyaltyWeb/LoyaltyWebTest/LoyaltyWebTest/bin/Debug/Nordstrom.Web.Test.UI.LoyaltyWeb.DLL" adapterTypeName="Microsoft.VisualStudio.TestTools.TestTypes.Unit.UnitTestAdapter, Microsoft.VisualStudio.QualityTools.Tips.UnitTest.Adapter, Version=12.0.0.0, Culture=neutral, PublicKeyToken=b03f5f7f11d50a3a" className="Nordstrom.Web.Test.UI.LoyaltyWeb.Tests.LoyaltyManageTests, Nordstrom.Web.Test.UI.LoyaltyWeb, Version=1.0.0.0, Culture=neutral, PublicKeyToken=null" name="TenderNeutralManage_GuestUser_ErrorMessageDisplayedForPendingUserWhenTryingToAssociateDisplayedSuccessfully" />
    </UnitTest>
    <UnitTest name="TenderNeutralRewardsEnroll_LoyaltyTNAuthenticatedUserLeaveFieldsBlank_ErrorMessageDisplayedSuccessfully" storage="c:\ecommerce\web\test\ui\loyaltyweb\loyaltywebtest\loyaltywebtest\bin\debug\nordstrom.web.test.ui.loyaltyweb.dll" id="4d7af099-cdeb-472c-ec24-b80dbf848f37">
      <Description>Verify that error messages appear for all required fields when Join button is clicked leaving all fields blank for an authenticated user</Description>
      <TestCategory>
        <TestCategoryItem TestCategory="LoyaltyTenderNeutral" />
        <TestCategoryItem TestCategory="Enroll" />
      </TestCategory>
      <DeploymentItems>
        <DeploymentItem filename="ExternalBinaries" outputDirectory=".\ExternalBinaries" />
        <DeploymentItem filename="TestData" outputDirectory=".\TestData" />
        <DeploymentItem filename="TestRunConfig" outputDirectory=".\TestRunConfig" />
      </DeploymentItems>
      <Execution id="1597fa4b-4f1a-431e-ac1e-180e8e7feb94" />
      <TestMethod codeBase="C:/Ecommerce/Web/Test/UI/LoyaltyWeb/LoyaltyWebTest/LoyaltyWebTest/bin/Debug/Nordstrom.Web.Test.UI.LoyaltyWeb.DLL" adapterTypeName="Microsoft.VisualStudio.TestTools.TestTypes.Unit.UnitTestAdapter, Microsoft.VisualStudio.QualityTools.Tips.UnitTest.Adapter, Version=12.0.0.0, Culture=neutral, PublicKeyToken=b03f5f7f11d50a3a" className="Nordstrom.Web.Test.UI.LoyaltyWeb.Tests.LoyaltyRegisterTests, Nordstrom.Web.Test.UI.LoyaltyWeb, Version=1.0.0.0, Culture=neutral, PublicKeyToken=null" name="TenderNeutralRewardsEnroll_LoyaltyTNAuthenticatedUserLeaveFieldsBlank_ErrorMessageDisplayedSuccessfully" />
    </UnitTest>
    <UnitTest name="TenderNeutralAssociation_MigratedAuthenticatedLoyatyUser_ShouldSeeErrorMessage" storage="c:\ecommerce\web\test\ui\loyaltyweb\loyaltywebtest\loyaltywebtest\bin\debug\nordstrom.web.test.ui.loyaltyweb.dll" id="26a0be8d-3448-cc9f-f046-3109a80b8c53">
      <Description>Migrated authenciated loyalty User should be able to see error messages.</Description>
      <TestCategory>
        <TestCategoryItem TestCategory="LoyaltyTenderNeutral" />
        <TestCategoryItem TestCategory="Association" />
      </TestCategory>
      <DeploymentItems>
        <DeploymentItem filename="ExternalBinaries" outputDirectory=".\ExternalBinaries" />
        <DeploymentItem filename="TestData" outputDirectory=".\TestData" />
        <DeploymentItem filename="TestRunConfig" outputDirectory=".\TestRunConfig" />
      </DeploymentItems>
      <Execution id="0e253248-3196-4284-aa94-29bbf1048294" />
      <TestMethod codeBase="C:/Ecommerce/Web/Test/UI/LoyaltyWeb/LoyaltyWebTest/LoyaltyWebTest/bin/Debug/Nordstrom.Web.Test.UI.LoyaltyWeb.DLL" adapterTypeName="Microsoft.VisualStudio.TestTools.TestTypes.Unit.UnitTestAdapter, Microsoft.VisualStudio.QualityTools.Tips.UnitTest.Adapter, Version=12.0.0.0, Culture=neutral, PublicKeyToken=b03f5f7f11d50a3a" className="Nordstrom.Web.Test.UI.LoyaltyWeb.Tests.LoyaltyAssociationTests, Nordstrom.Web.Test.UI.LoyaltyWeb, Version=1.0.0.0, Culture=neutral, PublicKeyToken=null" name="TenderNeutralAssociation_MigratedAuthenticatedLoyatyUser_ShouldSeeErrorMessage" />
    </UnitTest>
    <UnitTest name="TenderNeutralRewardsEnroll_EnrollingWebGuestUserWithMoreThan16CharactersInLastName_ThrowsError" storage="c:\ecommerce\web\test\ui\loyaltyweb\loyaltywebtest\loyaltywebtest\bin\debug\nordstrom.web.test.ui.loyaltyweb.dll" id="38cd08a7-bad1-f6a2-46e6-36fcd5a41d05">
      <Description>Verify that Last Name field cannot take more than 16 characters</Description>
      <TestCategory>
        <TestCategoryItem TestCategory="LoyaltyTenderNeutral" />
        <TestCategoryItem TestCategory="Enroll" />
      </TestCategory>
      <DeploymentItems>
        <DeploymentItem filename="ExternalBinaries" outputDirectory=".\ExternalBinaries" />
        <DeploymentItem filename="TestData" outputDirectory=".\TestData" />
        <DeploymentItem filename="TestRunConfig" outputDirectory=".\TestRunConfig" />
      </DeploymentItems>
      <Execution id="fde16524-e4ba-4654-bb26-7fef98e114a5" />
      <TestMethod codeBase="C:/Ecommerce/Web/Test/UI/LoyaltyWeb/LoyaltyWebTest/LoyaltyWebTest/bin/Debug/Nordstrom.Web.Test.UI.LoyaltyWeb.DLL" adapterTypeName="Microsoft.VisualStudio.TestTools.TestTypes.Unit.UnitTestAdapter, Microsoft.VisualStudio.QualityTools.Tips.UnitTest.Adapter, Version=12.0.0.0, Culture=neutral, PublicKeyToken=b03f5f7f11d50a3a" className="Nordstrom.Web.Test.UI.LoyaltyWeb.Tests.LoyaltyRegisterTests, Nordstrom.Web.Test.UI.LoyaltyWeb, Version=1.0.0.0, Culture=neutral, PublicKeyToken=null" name="TenderNeutralRewardsEnroll_EnrollingWebGuestUserWithMoreThan16CharactersInLastName_ThrowsError" />
    </UnitTest>
    <UnitTest name="TenderNeutralRewardsEnroll_LoyaltyTenderNeutralUnrecognisedUserLeavePasswordFieldBlank_ErrorMessageDisplayedSuccessfully" storage="c:\ecommerce\web\test\ui\loyaltyweb\loyaltywebtest\loyaltywebtest\bin\debug\nordstrom.web.test.ui.loyaltyweb.dll" id="bebc16b7-af0f-2197-b74b-ac81802270f3">
      <Description>Verify that error message appear for phone number field when it is left blank for unrecognised user</Description>
      <TestCategory>
        <TestCategoryItem TestCategory="LoyaltyTenderNeutral" />
        <TestCategoryItem TestCategory="Enroll" />
      </TestCategory>
      <DeploymentItems>
        <DeploymentItem filename="ExternalBinaries" outputDirectory=".\ExternalBinaries" />
        <DeploymentItem filename="TestData" outputDirectory=".\TestData" />
        <DeploymentItem filename="TestRunConfig" outputDirectory=".\TestRunConfig" />
      </DeploymentItems>
      <Execution id="f7fd3510-b04c-4353-a6e1-920becf766c4" />
      <TestMethod codeBase="C:/Ecommerce/Web/Test/UI/LoyaltyWeb/LoyaltyWebTest/LoyaltyWebTest/bin/Debug/Nordstrom.Web.Test.UI.LoyaltyWeb.DLL" adapterTypeName="Microsoft.VisualStudio.TestTools.TestTypes.Unit.UnitTestAdapter, Microsoft.VisualStudio.QualityTools.Tips.UnitTest.Adapter, Version=12.0.0.0, Culture=neutral, PublicKeyToken=b03f5f7f11d50a3a" className="Nordstrom.Web.Test.UI.LoyaltyWeb.Tests.LoyaltyRegisterTests, Nordstrom.Web.Test.UI.LoyaltyWeb, Version=1.0.0.0, Culture=neutral, PublicKeyToken=null" name="TenderNeutralRewardsEnroll_LoyaltyTenderNeutralUnrecognisedUserLeavePasswordFieldBlank_ErrorMessageDisplayedSuccessfully" />
    </UnitTest>
    <UnitTest name="TenderNeutralRewardsEnroll_LoyaltyTenderNeutralRegisteredAuthenticatedUser_MandatoryFieldsDisplaySuccessful" storage="c:\ecommerce\web\test\ui\loyaltyweb\loyaltywebtest\loyaltywebtest\bin\debug\nordstrom.web.test.ui.loyaltyweb.dll" id="1eff8dc9-7032-189f-0d21-2aa4669342e3">
      <Description>Verify presence of mandatory fields on loyalty enroll page for N.com Registered user</Description>
      <TestCategory>
        <TestCategoryItem TestCategory="Enroll" />
        <TestCategoryItem TestCategory="LoyaltyTenderNeutral" />
      </TestCategory>
      <DeploymentItems>
        <DeploymentItem filename="ExternalBinaries" outputDirectory=".\ExternalBinaries" />
        <DeploymentItem filename="TestData" outputDirectory=".\TestData" />
        <DeploymentItem filename="TestRunConfig" outputDirectory=".\TestRunConfig" />
      </DeploymentItems>
      <Execution id="09c71fee-7321-4e56-b319-eb2c29d73cf9" />
      <TestMethod codeBase="C:/Ecommerce/Web/Test/UI/LoyaltyWeb/LoyaltyWebTest/LoyaltyWebTest/bin/Debug/Nordstrom.Web.Test.UI.LoyaltyWeb.DLL" adapterTypeName="Microsoft.VisualStudio.TestTools.TestTypes.Unit.UnitTestAdapter, Microsoft.VisualStudio.QualityTools.Tips.UnitTest.Adapter, Version=12.0.0.0, Culture=neutral, PublicKeyToken=b03f5f7f11d50a3a" className="Nordstrom.Web.Test.UI.LoyaltyWeb.Tests.LoyaltyRegisterTests, Nordstrom.Web.Test.UI.LoyaltyWeb, Version=1.0.0.0, Culture=neutral, PublicKeyToken=null" name="TenderNeutralRewardsEnroll_LoyaltyTenderNeutralRegisteredAuthenticatedUser_MandatoryFieldsDisplaySuccessful" />
    </UnitTest>
    <UnitTest name="TenderNeutralRewardsRegister_GuestUserSignIntoYourNordstromComAccountSelected_MarketingPreferenceNotDisplayed" storage="c:\ecommerce\web\test\ui\loyaltyweb\loyaltywebtest\loyaltywebtest\bin\debug\nordstrom.web.test.ui.loyaltyweb.dll" id="273d16c7-648e-88d2-b3b2-17cedb22aba9">
      <Description>Verify that the marketing preference is not displayed on enroll page as a guest user, when 'Sign In' option is selected</Description>
      <TestCategory>
        <TestCategoryItem TestCategory="LoyaltyTenderNeutral" />
        <TestCategoryItem TestCategory="Enroll" />
      </TestCategory>
      <DeploymentItems>
        <DeploymentItem filename="ExternalBinaries" outputDirectory=".\ExternalBinaries" />
        <DeploymentItem filename="TestData" outputDirectory=".\TestData" />
        <DeploymentItem filename="TestRunConfig" outputDirectory=".\TestRunConfig" />
      </DeploymentItems>
      <Execution id="f71eafa2-0889-44e5-825e-aa4030bdf721" />
      <TestMethod codeBase="C:/Ecommerce/Web/Test/UI/LoyaltyWeb/LoyaltyWebTest/LoyaltyWebTest/bin/Debug/Nordstrom.Web.Test.UI.LoyaltyWeb.DLL" adapterTypeName="Microsoft.VisualStudio.TestTools.TestTypes.Unit.UnitTestAdapter, Microsoft.VisualStudio.QualityTools.Tips.UnitTest.Adapter, Version=12.0.0.0, Culture=neutral, PublicKeyToken=b03f5f7f11d50a3a" className="Nordstrom.Web.Test.UI.LoyaltyWeb.Tests.LoyaltyRegisterTests, Nordstrom.Web.Test.UI.LoyaltyWeb, Version=1.0.0.0, Culture=neutral, PublicKeyToken=null" name="TenderNeutralRewardsRegister_GuestUserSignIntoYourNordstromComAccountSelected_MarketingPreferenceNotDisplayed" />
    </UnitTest>
    <UnitTest name="MobileVerificationPageModalPopupsValidation_OkButtonInDidntGetACodeModalValidation_OkButtonInDidntGetACodeModalClosedModalSuccessfully" storage="c:\ecommerce\web\test\ui\loyaltyweb\loyaltywebtest\loyaltywebtest\bin\debug\nordstrom.web.test.ui.loyaltyweb.dll" id="3bee3d0c-7154-4dcc-90cc-2f4423d4c4cb">
      <Description>Didn't Get A Code Modal Popup OK Button Functionality verification</Description>
      <TestCategory>
        <TestCategoryItem TestCategory="LoyaltyTenderNeutral" />
        <TestCategoryItem TestCategory="MobileVerification" />
      </TestCategory>
      <DeploymentItems>
        <DeploymentItem filename="ExternalBinaries" outputDirectory=".\ExternalBinaries" />
        <DeploymentItem filename="TestData" outputDirectory=".\TestData" />
        <DeploymentItem filename="TestRunConfig" outputDirectory=".\TestRunConfig" />
      </DeploymentItems>
      <Execution id="956d89b9-18b6-4ac7-99b8-459b020c1bd6" />
      <TestMethod codeBase="C:/Ecommerce/Web/Test/UI/LoyaltyWeb/LoyaltyWebTest/LoyaltyWebTest/bin/Debug/Nordstrom.Web.Test.UI.LoyaltyWeb.DLL" adapterTypeName="Microsoft.VisualStudio.TestTools.TestTypes.Unit.UnitTestAdapter, Microsoft.VisualStudio.QualityTools.Tips.UnitTest.Adapter, Version=12.0.0.0, Culture=neutral, PublicKeyToken=b03f5f7f11d50a3a" className="Nordstrom.Web.Test.UI.LoyaltyWeb.Tests.LoyaltyTenderNeutralMobileVerificationPageTests, Nordstrom.Web.Test.UI.LoyaltyWeb, Version=1.0.0.0, Culture=neutral, PublicKeyToken=null" name="MobileVerificationPageModalPopupsValidation_OkButtonInDidntGetACodeModalValidation_OkButtonInDidntGetACodeModalClosedModalSuccessfully" />
    </UnitTest>
    <UnitTest name="MobileVerificationPageModalPopupsValidation_CloseButtonInDidntGetACodeModalValidation_CloseButtonInDidntGetACodeModalClosedModalSuccessfully" storage="c:\ecommerce\web\test\ui\loyaltyweb\loyaltywebtest\loyaltywebtest\bin\debug\nordstrom.web.test.ui.loyaltyweb.dll" id="ce572bd9-5672-05db-ace5-da65f4ad130f">
      <Description>Didn't Get A Code Modal Popup Close Button Functionality verification</Description>
      <TestCategory>
        <TestCategoryItem TestCategory="LoyaltyTenderNeutral" />
        <TestCategoryItem TestCategory="MobileVerification" />
      </TestCategory>
      <DeploymentItems>
        <DeploymentItem filename="ExternalBinaries" outputDirectory=".\ExternalBinaries" />
        <DeploymentItem filename="TestData" outputDirectory=".\TestData" />
        <DeploymentItem filename="TestRunConfig" outputDirectory=".\TestRunConfig" />
      </DeploymentItems>
      <Execution id="3cdd1f4e-8952-4a06-84b4-b2a5af6dcfaf" />
      <TestMethod codeBase="C:/Ecommerce/Web/Test/UI/LoyaltyWeb/LoyaltyWebTest/LoyaltyWebTest/bin/Debug/Nordstrom.Web.Test.UI.LoyaltyWeb.DLL" adapterTypeName="Microsoft.VisualStudio.TestTools.TestTypes.Unit.UnitTestAdapter, Microsoft.VisualStudio.QualityTools.Tips.UnitTest.Adapter, Version=12.0.0.0, Culture=neutral, PublicKeyToken=b03f5f7f11d50a3a" className="Nordstrom.Web.Test.UI.LoyaltyWeb.Tests.LoyaltyTenderNeutralMobileVerificationPageTests, Nordstrom.Web.Test.UI.LoyaltyWeb, Version=1.0.0.0, Culture=neutral, PublicKeyToken=null" name="MobileVerificationPageModalPopupsValidation_CloseButtonInDidntGetACodeModalValidation_CloseButtonInDidntGetACodeModalClosedModalSuccessfully" />
    </UnitTest>
    <UnitTest name="TenderNeutralRewardsEnroll_LoyaltyTNAuthenticatedUserLessThanSixDigitsInCodeField_ThrowseError" storage="c:\ecommerce\web\test\ui\loyaltyweb\loyaltywebtest\loyaltywebtest\bin\debug\nordstrom.web.test.ui.loyaltyweb.dll" id="49775a45-4080-6a0d-0975-fcd31fdb5ba5">
      <Description>Verify that error message is displayed when a number less than 6 digits are entered in mobile vrification code field</Description>
      <TestCategory>
        <TestCategoryItem TestCategory="LoyaltyTenderNeutral" />
        <TestCategoryItem TestCategory="MobileVerification" />
      </TestCategory>
      <DeploymentItems>
        <DeploymentItem filename="ExternalBinaries" outputDirectory=".\ExternalBinaries" />
        <DeploymentItem filename="TestData" outputDirectory=".\TestData" />
        <DeploymentItem filename="TestRunConfig" outputDirectory=".\TestRunConfig" />
      </DeploymentItems>
      <Execution id="789d52b9-51f6-4a94-b1f9-049715317f4e" />
      <TestMethod codeBase="C:/Ecommerce/Web/Test/UI/LoyaltyWeb/LoyaltyWebTest/LoyaltyWebTest/bin/Debug/Nordstrom.Web.Test.UI.LoyaltyWeb.DLL" adapterTypeName="Microsoft.VisualStudio.TestTools.TestTypes.Unit.UnitTestAdapter, Microsoft.VisualStudio.QualityTools.Tips.UnitTest.Adapter, Version=12.0.0.0, Culture=neutral, PublicKeyToken=b03f5f7f11d50a3a" className="Nordstrom.Web.Test.UI.LoyaltyWeb.Tests.LoyaltyTenderNeutralMobileVerificationPageTests, Nordstrom.Web.Test.UI.LoyaltyWeb, Version=1.0.0.0, Culture=neutral, PublicKeyToken=null" name="TenderNeutralRewardsEnroll_LoyaltyTNAuthenticatedUserLessThanSixDigitsInCodeField_ThrowseError" />
    </UnitTest>
    <UnitTest name="TenderNeutralRewardsEnroll_LoyaltyTenderNeutralGuestUserConfirmPasswordField_MismatchErrorMessageDisplayedSuccessfully" storage="c:\ecommerce\web\test\ui\loyaltyweb\loyaltywebtest\loyaltywebtest\bin\debug\nordstrom.web.test.ui.loyaltyweb.dll" id="169300af-c9d6-bea9-a1ff-7a9ed89bad16">
      <Description>Verify the mismatch error message displayed for the invalid entry of confirm Password field</Description>
      <TestCategory>
        <TestCategoryItem TestCategory="LoyaltyTenderNeutral" />
        <TestCategoryItem TestCategory="Enroll" />
      </TestCategory>
      <DeploymentItems>
        <DeploymentItem filename="ExternalBinaries" outputDirectory=".\ExternalBinaries" />
        <DeploymentItem filename="TestData" outputDirectory=".\TestData" />
        <DeploymentItem filename="TestRunConfig" outputDirectory=".\TestRunConfig" />
      </DeploymentItems>
      <Execution id="4284cd53-7d03-4576-996d-3a0224009d1d" />
      <TestMethod codeBase="C:/Ecommerce/Web/Test/UI/LoyaltyWeb/LoyaltyWebTest/LoyaltyWebTest/bin/Debug/Nordstrom.Web.Test.UI.LoyaltyWeb.DLL" adapterTypeName="Microsoft.VisualStudio.TestTools.TestTypes.Unit.UnitTestAdapter, Microsoft.VisualStudio.QualityTools.Tips.UnitTest.Adapter, Version=12.0.0.0, Culture=neutral, PublicKeyToken=b03f5f7f11d50a3a" className="Nordstrom.Web.Test.UI.LoyaltyWeb.Tests.LoyaltyRegisterTests, Nordstrom.Web.Test.UI.LoyaltyWeb, Version=1.0.0.0, Culture=neutral, PublicKeyToken=null" name="TenderNeutralRewardsEnroll_LoyaltyTenderNeutralGuestUserConfirmPasswordField_MismatchErrorMessageDisplayedSuccessfully" />
    </UnitTest>
    <UnitTest name="LoyaltyWebAccountCreationWithMobileVerified" storage="c:\ecommerce\web\test\ui\loyaltyweb\loyaltywebtest\loyaltywebtest\bin\debug\nordstrom.web.test.ui.loyaltyweb.dll" id="5963c0f3-a8a8-dfab-7471-beb2be3cb009">
      <Description>Create A Loyalty Web Account w/ Mobile Verified</Description>
      <TestCategory>
        <TestCategoryItem TestCategory="Creator" />
      </TestCategory>
      <DeploymentItems>
        <DeploymentItem filename="ExternalBinaries" outputDirectory=".\ExternalBinaries" />
        <DeploymentItem filename="TestData" outputDirectory=".\TestData" />
        <DeploymentItem filename="TestRunConfig" outputDirectory=".\TestRunConfig" />
      </DeploymentItems>
      <Execution id="345e5eb5-0bac-421f-ae14-b04d3e524eb7" />
      <TestMethod codeBase="C:/Ecommerce/Web/Test/UI/LoyaltyWeb/LoyaltyWebTest/LoyaltyWebTest/bin/Debug/Nordstrom.Web.Test.UI.LoyaltyWeb.DLL" adapterTypeName="Microsoft.VisualStudio.TestTools.TestTypes.Unit.UnitTestAdapter, Microsoft.VisualStudio.QualityTools.Tips.UnitTest.Adapter, Version=12.0.0.0, Culture=neutral, PublicKeyToken=b03f5f7f11d50a3a" className="Nordstrom.Web.Test.UI.LoyaltyWeb.AccountCreator, Nordstrom.Web.Test.UI.LoyaltyWeb, Version=1.0.0.0, Culture=neutral, PublicKeyToken=null" name="LoyaltyWebAccountCreationWithMobileVerified" />
    </UnitTest>
    <UnitTest name="TenderNeutralRewardsEnroll_LoyaltyTNAuthenticatedUserSevenDigitsInCodeField_ThrowseError" storage="c:\ecommerce\web\test\ui\loyaltyweb\loyaltywebtest\loyaltywebtest\bin\debug\nordstrom.web.test.ui.loyaltyweb.dll" id="d37d367b-7a81-b3b8-48a9-fdc863b48e75">
      <Description>Verify that error message is displayed when a seven digit number is entered in mobile vrification code field</Description>
      <TestCategory>
        <TestCategoryItem TestCategory="LoyaltyTenderNeutral" />
        <TestCategoryItem TestCategory="MobileVerification" />
      </TestCategory>
      <DeploymentItems>
        <DeploymentItem filename="ExternalBinaries" outputDirectory=".\ExternalBinaries" />
        <DeploymentItem filename="TestData" outputDirectory=".\TestData" />
        <DeploymentItem filename="TestRunConfig" outputDirectory=".\TestRunConfig" />
      </DeploymentItems>
      <Execution id="83983980-5182-49c7-ba0d-176e72f54ed3" />
      <TestMethod codeBase="C:/Ecommerce/Web/Test/UI/LoyaltyWeb/LoyaltyWebTest/LoyaltyWebTest/bin/Debug/Nordstrom.Web.Test.UI.LoyaltyWeb.DLL" adapterTypeName="Microsoft.VisualStudio.TestTools.TestTypes.Unit.UnitTestAdapter, Microsoft.VisualStudio.QualityTools.Tips.UnitTest.Adapter, Version=12.0.0.0, Culture=neutral, PublicKeyToken=b03f5f7f11d50a3a" className="Nordstrom.Web.Test.UI.LoyaltyWeb.Tests.LoyaltyTenderNeutralMobileVerificationPageTests, Nordstrom.Web.Test.UI.LoyaltyWeb, Version=1.0.0.0, Culture=neutral, PublicKeyToken=null" name="TenderNeutralRewardsEnroll_LoyaltyTNAuthenticatedUserSevenDigitsInCodeField_ThrowseError" />
    </UnitTest>
    <UnitTest name="MobileVerificationPage_WhenEnrolledUserTypeExpiredCode_ShouldGetExpiredErrorMessage" storage="c:\ecommerce\web\test\ui\loyaltyweb\loyaltywebtest\loyaltywebtest\bin\debug\nordstrom.web.test.ui.loyaltyweb.dll" id="3ed5e039-3897-6d86-5431-a4a317d8e264">
      <Description>One minute after valid code is passed, the user enters the code and get expired messages</Description>
      <TestCategory>
        <TestCategoryItem TestCategory="LoyaltyTenderNeutral" />
        <TestCategoryItem TestCategory="MobileVerification" />
      </TestCategory>
      <DeploymentItems>
        <DeploymentItem filename="ExternalBinaries" outputDirectory=".\ExternalBinaries" />
        <DeploymentItem filename="TestData" outputDirectory=".\TestData" />
        <DeploymentItem filename="TestRunConfig" outputDirectory=".\TestRunConfig" />
      </DeploymentItems>
      <Execution id="f47548a6-1c7f-484e-ab9e-ce57f80e7304" />
      <TestMethod codeBase="C:/Ecommerce/Web/Test/UI/LoyaltyWeb/LoyaltyWebTest/LoyaltyWebTest/bin/Debug/Nordstrom.Web.Test.UI.LoyaltyWeb.DLL" adapterTypeName="Microsoft.VisualStudio.TestTools.TestTypes.Unit.UnitTestAdapter, Microsoft.VisualStudio.QualityTools.Tips.UnitTest.Adapter, Version=12.0.0.0, Culture=neutral, PublicKeyToken=b03f5f7f11d50a3a" className="Nordstrom.Web.Test.UI.LoyaltyWeb.Tests.LoyaltyTenderNeutralMobileVerificationPageTests, Nordstrom.Web.Test.UI.LoyaltyWeb, Version=1.0.0.0, Culture=neutral, PublicKeyToken=null" name="MobileVerificationPage_WhenEnrolledUserTypeExpiredCode_ShouldGetExpiredErrorMessage" />
    </UnitTest>
    <UnitTest name="TNEarn_AuthenticatedUnassociatedUserEntersLessThanTenDigitsInRewardsPhoneNumberField_ErrorMessageDisplayedSuccessfully" storage="c:\ecommerce\web\test\ui\loyaltyweb\loyaltywebtest\loyaltywebtest\bin\debug\nordstrom.web.test.ui.loyaltyweb.dll" id="f882f3fc-ca0b-94e3-ee65-104ff82b6958">
      <Description>Verify the error message displayed when user enters less than 10 digits in Rewards Phone number field.</Description>
      <TestCategory>
        <TestCategoryItem TestCategory="EarnTests" />
      </TestCategory>
      <DeploymentItems>
        <DeploymentItem filename="ExternalBinaries" outputDirectory=".\ExternalBinaries" />
        <DeploymentItem filename="TestData" outputDirectory=".\TestData" />
        <DeploymentItem filename="TestRunConfig" outputDirectory=".\TestRunConfig" />
      </DeploymentItems>
      <Execution id="492cd895-3ca1-4ab1-a50a-2c1f5ea942f0" />
      <TestMethod codeBase="C:/Ecommerce/Web/Test/UI/LoyaltyWeb/LoyaltyWebTest/LoyaltyWebTest/bin/Debug/Nordstrom.Web.Test.UI.LoyaltyWeb.DLL" adapterTypeName="Microsoft.VisualStudio.TestTools.TestTypes.Unit.UnitTestAdapter, Microsoft.VisualStudio.QualityTools.Tips.UnitTest.Adapter, Version=12.0.0.0, Culture=neutral, PublicKeyToken=b03f5f7f11d50a3a" className="Nordstrom.Web.Test.UI.LoyaltyWeb.LoyaltyEarnTests, Nordstrom.Web.Test.UI.LoyaltyWeb, Version=1.0.0.0, Culture=neutral, PublicKeyToken=null" name="TNEarn_AuthenticatedUnassociatedUserEntersLessThanTenDigitsInRewardsPhoneNumberField_ErrorMessageDisplayedSuccessfully" />
    </UnitTest>
    <UnitTest name="TNEarn_AuthenticatedUnassociatedUserChangesPaymentMethodToNordCard_AppropriateFirstNameIsDisplayedInThanksMessage" storage="c:\ecommerce\web\test\ui\loyaltyweb\loyaltywebtest\loyaltywebtest\bin\debug\nordstrom.web.test.ui.loyaltyweb.dll" id="11d45f5b-0349-3c73-30fb-607169628a2a">
      <Description>Verify the First Name displayed in 'Thanks..' Message changes to user's billing address first name when user changes the payment method from a tender neutral card to a Nord card</Description>
      <TestCategory>
        <TestCategoryItem TestCategory="EarnTests" />
      </TestCategory>
      <DeploymentItems>
        <DeploymentItem filename="ExternalBinaries" outputDirectory=".\ExternalBinaries" />
        <DeploymentItem filename="TestData" outputDirectory=".\TestData" />
        <DeploymentItem filename="TestRunConfig" outputDirectory=".\TestRunConfig" />
      </DeploymentItems>
      <Execution id="00319107-3c70-44ef-937d-eb8743b561a5" />
      <TestMethod codeBase="C:/Ecommerce/Web/Test/UI/LoyaltyWeb/LoyaltyWebTest/LoyaltyWebTest/bin/Debug/Nordstrom.Web.Test.UI.LoyaltyWeb.DLL" adapterTypeName="Microsoft.VisualStudio.TestTools.TestTypes.Unit.UnitTestAdapter, Microsoft.VisualStudio.QualityTools.Tips.UnitTest.Adapter, Version=12.0.0.0, Culture=neutral, PublicKeyToken=b03f5f7f11d50a3a" className="Nordstrom.Web.Test.UI.LoyaltyWeb.LoyaltyEarnTests, Nordstrom.Web.Test.UI.LoyaltyWeb, Version=1.0.0.0, Culture=neutral, PublicKeyToken=null" name="TNEarn_AuthenticatedUnassociatedUserChangesPaymentMethodToNordCard_AppropriateFirstNameIsDisplayedInThanksMessage" />
    </UnitTest>
    <UnitTest name="TenderNeutralRewardsEnroll_GuestUserVerifyLinksOnThePage_LinksShouldNavigatetoCorrectUrls" storage="c:\ecommerce\web\test\ui\loyaltyweb\loyaltywebtest\loyaltywebtest\bin\debug\nordstrom.web.test.ui.loyaltyweb.dll" id="f72a1255-b107-03b4-c8f7-9fa5d6fa676d">
      <Description>Verify that links on the enroll page works for a guest user</Description>
      <TestCategory>
        <TestCategoryItem TestCategory="LoyaltyTenderNeutral" />
        <TestCategoryItem TestCategory="Enroll" />
      </TestCategory>
      <DeploymentItems>
        <DeploymentItem filename="ExternalBinaries" outputDirectory=".\ExternalBinaries" />
        <DeploymentItem filename="TestData" outputDirectory=".\TestData" />
        <DeploymentItem filename="TestRunConfig" outputDirectory=".\TestRunConfig" />
      </DeploymentItems>
      <Execution id="f6451c25-570a-48f4-8df2-c4c4eeda46b7" />
      <TestMethod codeBase="C:/Ecommerce/Web/Test/UI/LoyaltyWeb/LoyaltyWebTest/LoyaltyWebTest/bin/Debug/Nordstrom.Web.Test.UI.LoyaltyWeb.DLL" adapterTypeName="Microsoft.VisualStudio.TestTools.TestTypes.Unit.UnitTestAdapter, Microsoft.VisualStudio.QualityTools.Tips.UnitTest.Adapter, Version=12.0.0.0, Culture=neutral, PublicKeyToken=b03f5f7f11d50a3a" className="Nordstrom.Web.Test.UI.LoyaltyWeb.Tests.LoyaltyRegisterTests, Nordstrom.Web.Test.UI.LoyaltyWeb, Version=1.0.0.0, Culture=neutral, PublicKeyToken=null" name="TenderNeutralRewardsEnroll_GuestUserVerifyLinksOnThePage_LinksShouldNavigatetoCorrectUrls" />
    </UnitTest>
    <UnitTest name="TenderNeutralRewardsEnroll_LoyaltyTenderNeutralUnrecognisedUserLeaveFirstNameFieldBlank_ErrorMessageDisplayedSuccessfully" storage="c:\ecommerce\web\test\ui\loyaltyweb\loyaltywebtest\loyaltywebtest\bin\debug\nordstrom.web.test.ui.loyaltyweb.dll" id="d8021ea1-63ed-ec93-e1ae-0a4309938011">
      <Description>Verify that error message appear for first name field when it is left blank for unrecognised user</Description>
      <TestCategory>
        <TestCategoryItem TestCategory="LoyaltyTenderNeutral" />
        <TestCategoryItem TestCategory="Enroll" />
      </TestCategory>
      <DeploymentItems>
        <DeploymentItem filename="ExternalBinaries" outputDirectory=".\ExternalBinaries" />
        <DeploymentItem filename="TestData" outputDirectory=".\TestData" />
        <DeploymentItem filename="TestRunConfig" outputDirectory=".\TestRunConfig" />
      </DeploymentItems>
      <Execution id="54135631-76d0-44e9-9a38-393d9f4c1bfa" />
      <TestMethod codeBase="C:/Ecommerce/Web/Test/UI/LoyaltyWeb/LoyaltyWebTest/LoyaltyWebTest/bin/Debug/Nordstrom.Web.Test.UI.LoyaltyWeb.DLL" adapterTypeName="Microsoft.VisualStudio.TestTools.TestTypes.Unit.UnitTestAdapter, Microsoft.VisualStudio.QualityTools.Tips.UnitTest.Adapter, Version=12.0.0.0, Culture=neutral, PublicKeyToken=b03f5f7f11d50a3a" className="Nordstrom.Web.Test.UI.LoyaltyWeb.Tests.LoyaltyRegisterTests, Nordstrom.Web.Test.UI.LoyaltyWeb, Version=1.0.0.0, Culture=neutral, PublicKeyToken=null" name="TenderNeutralRewardsEnroll_LoyaltyTenderNeutralUnrecognisedUserLeaveFirstNameFieldBlank_ErrorMessageDisplayedSuccessfully" />
    </UnitTest>
    <UnitTest name="PendingClosedServiceCenterLoyaltyAccountCreation" storage="c:\ecommerce\web\test\ui\loyaltyweb\loyaltywebtest\loyaltywebtest\bin\debug\nordstrom.web.test.ui.loyaltyweb.dll" id="20736365-30a9-dab9-e43a-6af73f0ecf5a">
      <Description>Create A PendingClosed Service Center Loyalty Customer</Description>
      <TestCategory>
        <TestCategoryItem TestCategory="Creator" />
      </TestCategory>
      <DeploymentItems>
        <DeploymentItem filename="ExternalBinaries" outputDirectory=".\ExternalBinaries" />
        <DeploymentItem filename="TestData" outputDirectory=".\TestData" />
        <DeploymentItem filename="TestRunConfig" outputDirectory=".\TestRunConfig" />
      </DeploymentItems>
      <Execution id="72d96b0d-82c3-453c-861a-e456d258d957" />
      <TestMethod codeBase="C:/Ecommerce/Web/Test/UI/LoyaltyWeb/LoyaltyWebTest/LoyaltyWebTest/bin/Debug/Nordstrom.Web.Test.UI.LoyaltyWeb.DLL" adapterTypeName="Microsoft.VisualStudio.TestTools.TestTypes.Unit.UnitTestAdapter, Microsoft.VisualStudio.QualityTools.Tips.UnitTest.Adapter, Version=12.0.0.0, Culture=neutral, PublicKeyToken=b03f5f7f11d50a3a" className="Nordstrom.Web.Test.UI.LoyaltyWeb.AccountCreator, Nordstrom.Web.Test.UI.LoyaltyWeb, Version=1.0.0.0, Culture=neutral, PublicKeyToken=null" name="PendingClosedServiceCenterLoyaltyAccountCreation" />
    </UnitTest>
    <UnitTest name="TenderNeutralEnroll_When15MinutesPassWithoutUserActivityAndTestSecureShopperSessionFeatureFlagOff_ExpectSessionTimeoutInfoShowAndUserInfoDisappear" storage="c:\ecommerce\web\test\ui\loyaltyweb\loyaltywebtest\loyaltywebtest\bin\debug\nordstrom.web.test.ui.loyaltyweb.dll" id="46dfd772-4afa-9ef2-f8c6-0d812a6c3d20">
      <Description>Verify that when 15 minutes pass without authenticated user input, session time out area is shown and existing user personal info disappear.</Description>
      <TestCategory>
        <TestCategoryItem TestCategory="SensitiveData" />
        <TestCategoryItem TestCategory="LoyaltyTenderNeutral" />
      </TestCategory>
      <DeploymentItems>
        <DeploymentItem filename="ExternalBinaries" outputDirectory=".\ExternalBinaries" />
        <DeploymentItem filename="TestData" outputDirectory=".\TestData" />
        <DeploymentItem filename="TestRunConfig" outputDirectory=".\TestRunConfig" />
      </DeploymentItems>
      <Execution id="88417720-645d-4e4b-8d86-7d8adc72f4d7" />
      <TestMethod codeBase="C:/Ecommerce/Web/Test/UI/LoyaltyWeb/LoyaltyWebTest/LoyaltyWebTest/bin/Debug/Nordstrom.Web.Test.UI.LoyaltyWeb.DLL" adapterTypeName="Microsoft.VisualStudio.TestTools.TestTypes.Unit.UnitTestAdapter, Microsoft.VisualStudio.QualityTools.Tips.UnitTest.Adapter, Version=12.0.0.0, Culture=neutral, PublicKeyToken=b03f5f7f11d50a3a" className="Nordstrom.Web.Test.UI.LoyaltyWeb.Tests.UserSensitiveDataCases, Nordstrom.Web.Test.UI.LoyaltyWeb, Version=1.0.0.0, Culture=neutral, PublicKeyToken=null" name="TenderNeutralEnroll_When15MinutesPassWithoutUserActivityAndTestSecureShopperSessionFeatureFlagOff_ExpectSessionTimeoutInfoShowAndUserInfoDisappear" />
    </UnitTest>
    <UnitTest name="MobileVerificationPageModalPopupsValidation_CloseButtonInGetANewCodeModalValidation_CloseButtonInGetANewCodeModalClosesModalSuccessfully" storage="c:\ecommerce\web\test\ui\loyaltyweb\loyaltywebtest\loyaltywebtest\bin\debug\nordstrom.web.test.ui.loyaltyweb.dll" id="d82ebd9e-3451-df7a-0b58-d8b52bcb1cf8">
      <Description>'Get a new code' Modal Popup Close Button Modal dismissal behavior validation</Description>
      <TestCategory>
        <TestCategoryItem TestCategory="LoyaltyTenderNeutral" />
        <TestCategoryItem TestCategory="MobileVerification" />
      </TestCategory>
      <DeploymentItems>
        <DeploymentItem filename="ExternalBinaries" outputDirectory=".\ExternalBinaries" />
        <DeploymentItem filename="TestData" outputDirectory=".\TestData" />
        <DeploymentItem filename="TestRunConfig" outputDirectory=".\TestRunConfig" />
      </DeploymentItems>
      <Execution id="0360507f-1c70-468f-bdbc-a98cf151afd0" />
      <TestMethod codeBase="C:/Ecommerce/Web/Test/UI/LoyaltyWeb/LoyaltyWebTest/LoyaltyWebTest/bin/Debug/Nordstrom.Web.Test.UI.LoyaltyWeb.DLL" adapterTypeName="Microsoft.VisualStudio.TestTools.TestTypes.Unit.UnitTestAdapter, Microsoft.VisualStudio.QualityTools.Tips.UnitTest.Adapter, Version=12.0.0.0, Culture=neutral, PublicKeyToken=b03f5f7f11d50a3a" className="Nordstrom.Web.Test.UI.LoyaltyWeb.Tests.LoyaltyTenderNeutralMobileVerificationPageTests, Nordstrom.Web.Test.UI.LoyaltyWeb, Version=1.0.0.0, Culture=neutral, PublicKeyToken=null" name="MobileVerificationPageModalPopupsValidation_CloseButtonInGetANewCodeModalValidation_CloseButtonInGetANewCodeModalClosesModalSuccessfully" />
    </UnitTest>
    <UnitTest name="CanadaStoreLoyaltyAccountCreation" storage="c:\ecommerce\web\test\ui\loyaltyweb\loyaltywebtest\loyaltywebtest\bin\debug\nordstrom.web.test.ui.loyaltyweb.dll" id="c3469f47-11d2-0f6d-01e4-b5ee4ad521c5">
      <Description>Create A loyalty customer from Canada store</Description>
      <TestCategory>
        <TestCategoryItem TestCategory="Creator" />
      </TestCategory>
      <DeploymentItems>
        <DeploymentItem filename="ExternalBinaries" outputDirectory=".\ExternalBinaries" />
        <DeploymentItem filename="TestData" outputDirectory=".\TestData" />
        <DeploymentItem filename="TestRunConfig" outputDirectory=".\TestRunConfig" />
      </DeploymentItems>
      <Execution id="83b3591a-e5c1-4a95-b4fc-cb4acdc41f8e" />
      <TestMethod codeBase="C:/Ecommerce/Web/Test/UI/LoyaltyWeb/LoyaltyWebTest/LoyaltyWebTest/bin/Debug/Nordstrom.Web.Test.UI.LoyaltyWeb.DLL" adapterTypeName="Microsoft.VisualStudio.TestTools.TestTypes.Unit.UnitTestAdapter, Microsoft.VisualStudio.QualityTools.Tips.UnitTest.Adapter, Version=12.0.0.0, Culture=neutral, PublicKeyToken=b03f5f7f11d50a3a" className="Nordstrom.Web.Test.UI.LoyaltyWeb.AccountCreator, Nordstrom.Web.Test.UI.LoyaltyWeb, Version=1.0.0.0, Culture=neutral, PublicKeyToken=null" name="CanadaStoreLoyaltyAccountCreation" />
    </UnitTest>
    <UnitTest name="LoyaltyWelcomePage_BonusPointEventsLink_ShouldHaveValidURL" storage="c:\ecommerce\web\test\ui\loyaltyweb\loyaltywebtest\loyaltywebtest\bin\debug\nordstrom.web.test.ui.loyaltyweb.dll" id="0785d944-d30a-cd02-2045-b06c23eb6102">
      <Description>Bonus Point Events link navigates to the right URL</Description>
      <TestCategory>
        <TestCategoryItem TestCategory="LoyaltyTenderNeutral" />
        <TestCategoryItem TestCategory="Welcome" />
      </TestCategory>
      <DeploymentItems>
        <DeploymentItem filename="ExternalBinaries" outputDirectory=".\ExternalBinaries" />
        <DeploymentItem filename="TestData" outputDirectory=".\TestData" />
        <DeploymentItem filename="TestRunConfig" outputDirectory=".\TestRunConfig" />
      </DeploymentItems>
      <Execution id="b94ed6f5-2208-4c3a-bfd1-106c234d03f1" />
      <TestMethod codeBase="C:/Ecommerce/Web/Test/UI/LoyaltyWeb/LoyaltyWebTest/LoyaltyWebTest/bin/Debug/Nordstrom.Web.Test.UI.LoyaltyWeb.DLL" adapterTypeName="Microsoft.VisualStudio.TestTools.TestTypes.Unit.UnitTestAdapter, Microsoft.VisualStudio.QualityTools.Tips.UnitTest.Adapter, Version=12.0.0.0, Culture=neutral, PublicKeyToken=b03f5f7f11d50a3a" className="Nordstrom.Web.Test.UI.LoyaltyWeb.Tests.LoyaltyWelcomeTests, Nordstrom.Web.Test.UI.LoyaltyWeb, Version=1.0.0.0, Culture=neutral, PublicKeyToken=null" name="LoyaltyWelcomePage_BonusPointEventsLink_ShouldHaveValidURL" />
    </UnitTest>
    <UnitTest name="TNEarn_RegisteredSigningInAsGuestNavigatesToCheckoutPage_RewardsSectionDisplayedSuccessfully" storage="c:\ecommerce\web\test\ui\loyaltyweb\loyaltywebtest\loyaltywebtest\bin\debug\nordstrom.web.test.ui.loyaltyweb.dll" id="9c870baa-0174-d7d8-19b5-6331f7c3b419">
      <Description>Verify that a registered(unassociated) user signing in from checkout page is able to see Rewards section on Ordersubmit page.</Description>
      <TestCategory>
        <TestCategoryItem TestCategory="EarnTests" />
        <TestCategoryItem TestCategory="LoyaltyTenderNeutral" />
      </TestCategory>
      <DeploymentItems>
        <DeploymentItem filename="ExternalBinaries" outputDirectory=".\ExternalBinaries" />
        <DeploymentItem filename="TestData" outputDirectory=".\TestData" />
        <DeploymentItem filename="TestRunConfig" outputDirectory=".\TestRunConfig" />
      </DeploymentItems>
      <Execution id="910cd946-9712-4ffa-b2b4-583d7697d0a4" />
      <TestMethod codeBase="C:/Ecommerce/Web/Test/UI/LoyaltyWeb/LoyaltyWebTest/LoyaltyWebTest/bin/Debug/Nordstrom.Web.Test.UI.LoyaltyWeb.DLL" adapterTypeName="Microsoft.VisualStudio.TestTools.TestTypes.Unit.UnitTestAdapter, Microsoft.VisualStudio.QualityTools.Tips.UnitTest.Adapter, Version=12.0.0.0, Culture=neutral, PublicKeyToken=b03f5f7f11d50a3a" className="Nordstrom.Web.Test.UI.LoyaltyWeb.LoyaltyEarnTests, Nordstrom.Web.Test.UI.LoyaltyWeb, Version=1.0.0.0, Culture=neutral, PublicKeyToken=null" name="TNEarn_RegisteredSigningInAsGuestNavigatesToCheckoutPage_RewardsSectionDisplayedSuccessfully" />
    </UnitTest>
    <UnitTest name="TenderNeutralAssociation_AlreadyAssociatedEnrolledCustomerComesToAssociationPageAsRecognizedUser_ShouldGetYouAreSetMessage" storage="c:\ecommerce\web\test\ui\loyaltyweb\loyaltywebtest\loyaltywebtest\bin\debug\nordstrom.web.test.ui.loyaltyweb.dll" id="2a331da7-1079-e07a-4b7f-e32c407ac20c">
      <Description>When associated customer wants to associate again in recognized state, he got the all set message.</Description>
      <TestCategory>
        <TestCategoryItem TestCategory="LoyaltyTenderNeutral" />
        <TestCategoryItem TestCategory="Association" />
      </TestCategory>
      <DeploymentItems>
        <DeploymentItem filename="ExternalBinaries" outputDirectory=".\ExternalBinaries" />
        <DeploymentItem filename="TestData" outputDirectory=".\TestData" />
        <DeploymentItem filename="TestRunConfig" outputDirectory=".\TestRunConfig" />
      </DeploymentItems>
      <Execution id="757185b1-41bb-4d56-b2ee-115cf8e69cdb" />
      <TestMethod codeBase="C:/Ecommerce/Web/Test/UI/LoyaltyWeb/LoyaltyWebTest/LoyaltyWebTest/bin/Debug/Nordstrom.Web.Test.UI.LoyaltyWeb.DLL" adapterTypeName="Microsoft.VisualStudio.TestTools.TestTypes.Unit.UnitTestAdapter, Microsoft.VisualStudio.QualityTools.Tips.UnitTest.Adapter, Version=12.0.0.0, Culture=neutral, PublicKeyToken=b03f5f7f11d50a3a" className="Nordstrom.Web.Test.UI.LoyaltyWeb.Tests.LoyaltyAssociationTests, Nordstrom.Web.Test.UI.LoyaltyWeb, Version=1.0.0.0, Culture=neutral, PublicKeyToken=null" name="TenderNeutralAssociation_AlreadyAssociatedEnrolledCustomerComesToAssociationPageAsRecognizedUser_ShouldGetYouAreSetMessage" />
    </UnitTest>
    <UnitTest name="LoyaltyLearnPage_ClickRewardsTermsAndConditionsLink_NavigatesToRelevantPageSuccessfully" storage="c:\ecommerce\web\test\ui\loyaltyweb\loyaltywebtest\loyaltywebtest\bin\debug\nordstrom.web.test.ui.loyaltyweb.dll" id="ed1ebb9c-9e01-8c19-acdc-7330fb8df0d6">
      <Description>To verify Nordstrion Rewards Terms and Conditions link on Learn Page is navigated to the relevant page successfully</Description>
      <TestCategory>
        <TestCategoryItem TestCategory="Learn" />
        <TestCategoryItem TestCategory="LoyaltyTenderNeutral" />
      </TestCategory>
      <DeploymentItems>
        <DeploymentItem filename="ExternalBinaries" outputDirectory=".\ExternalBinaries" />
        <DeploymentItem filename="TestData" outputDirectory=".\TestData" />
        <DeploymentItem filename="TestRunConfig" outputDirectory=".\TestRunConfig" />
      </DeploymentItems>
      <Execution id="08aef95a-b11e-46d8-baac-e94c67c4006f" />
      <TestMethod codeBase="C:/Ecommerce/Web/Test/UI/LoyaltyWeb/LoyaltyWebTest/LoyaltyWebTest/bin/Debug/Nordstrom.Web.Test.UI.LoyaltyWeb.DLL" adapterTypeName="Microsoft.VisualStudio.TestTools.TestTypes.Unit.UnitTestAdapter, Microsoft.VisualStudio.QualityTools.Tips.UnitTest.Adapter, Version=12.0.0.0, Culture=neutral, PublicKeyToken=b03f5f7f11d50a3a" className="Nordstrom.Web.Test.UI.LoyaltyWeb.Tests.LoyaltyLearnTests, Nordstrom.Web.Test.UI.LoyaltyWeb, Version=1.0.0.0, Culture=neutral, PublicKeyToken=null" name="LoyaltyLearnPage_ClickRewardsTermsAndConditionsLink_NavigatesToRelevantPageSuccessfully" />
    </UnitTest>
    <UnitTest name="SuccessAssociationPageModalPopupsValidation_GuestUserGetANewCodePhoneNumberValidation_PhoneNumberToAssociateValidatedSuccessfully" storage="c:\ecommerce\web\test\ui\loyaltyweb\loyaltywebtest\loyaltywebtest\bin\debug\nordstrom.web.test.ui.loyaltyweb.dll" id="f227413d-d993-40f4-cded-d06f3c98923a">
      <Description>Verify that the phone number used to associate is displayed in the Get a new code pop in success mobile verification page</Description>
      <TestCategory>
        <TestCategoryItem TestCategory="LoyaltyTenderNeutral" />
        <TestCategoryItem TestCategory="MobileVerification" />
      </TestCategory>
      <DeploymentItems>
        <DeploymentItem filename="ExternalBinaries" outputDirectory=".\ExternalBinaries" />
        <DeploymentItem filename="TestData" outputDirectory=".\TestData" />
        <DeploymentItem filename="TestRunConfig" outputDirectory=".\TestRunConfig" />
      </DeploymentItems>
      <Execution id="9ea480fb-95ca-4b27-ae8d-36497a4aa898" />
      <TestMethod codeBase="C:/Ecommerce/Web/Test/UI/LoyaltyWeb/LoyaltyWebTest/LoyaltyWebTest/bin/Debug/Nordstrom.Web.Test.UI.LoyaltyWeb.DLL" adapterTypeName="Microsoft.VisualStudio.TestTools.TestTypes.Unit.UnitTestAdapter, Microsoft.VisualStudio.QualityTools.Tips.UnitTest.Adapter, Version=12.0.0.0, Culture=neutral, PublicKeyToken=b03f5f7f11d50a3a" className="Nordstrom.Web.Test.UI.LoyaltyWeb.Tests.LoyaltyTenderNeutralMobileVerificationPageTests, Nordstrom.Web.Test.UI.LoyaltyWeb, Version=1.0.0.0, Culture=neutral, PublicKeyToken=null" name="SuccessAssociationPageModalPopupsValidation_GuestUserGetANewCodePhoneNumberValidation_PhoneNumberToAssociateValidatedSuccessfully" />
    </UnitTest>
    <UnitTest name="TenderNeutralAssociation_AuthenticateddUserEnrolledFromStoreGoToWebAssociationPage_ShouldSucceed" storage="c:\ecommerce\web\test\ui\loyaltyweb\loyaltywebtest\loyaltywebtest\bin\debug\nordstrom.web.test.ui.loyaltyweb.dll" id="780b7f14-e815-0723-e3b8-d8dd8dd06d51">
      <Description>Verify that when authenticated user enrolled into loyalty from Store  goes to Association page, he can type in his email and phone number and associate to loyalty program.</Description>
      <TestCategory>
        <TestCategoryItem TestCategory="LoyaltyTenderNeutral" />
        <TestCategoryItem TestCategory="Association" />
      </TestCategory>
      <DeploymentItems>
        <DeploymentItem filename="ExternalBinaries" outputDirectory=".\ExternalBinaries" />
        <DeploymentItem filename="TestData" outputDirectory=".\TestData" />
        <DeploymentItem filename="TestRunConfig" outputDirectory=".\TestRunConfig" />
      </DeploymentItems>
      <Execution id="c9e4219c-bdb3-4349-9f92-7b35c5989179" />
      <TestMethod codeBase="C:/Ecommerce/Web/Test/UI/LoyaltyWeb/LoyaltyWebTest/LoyaltyWebTest/bin/Debug/Nordstrom.Web.Test.UI.LoyaltyWeb.DLL" adapterTypeName="Microsoft.VisualStudio.TestTools.TestTypes.Unit.UnitTestAdapter, Microsoft.VisualStudio.QualityTools.Tips.UnitTest.Adapter, Version=12.0.0.0, Culture=neutral, PublicKeyToken=b03f5f7f11d50a3a" className="Nordstrom.Web.Test.UI.LoyaltyWeb.Tests.LoyaltyAssociationTests, Nordstrom.Web.Test.UI.LoyaltyWeb, Version=1.0.0.0, Culture=neutral, PublicKeyToken=null" name="TenderNeutralAssociation_AuthenticateddUserEnrolledFromStoreGoToWebAssociationPage_ShouldSucceed" />
    </UnitTest>
    <UnitTest name="TNEarn_AuthenticatedUnassociatedUserEntersSpecialCharactersInRewardsPhoneNumberField_ErrorMessageDisplayedSuccessfully" storage="c:\ecommerce\web\test\ui\loyaltyweb\loyaltywebtest\loyaltywebtest\bin\debug\nordstrom.web.test.ui.loyaltyweb.dll" id="f438ddb1-cfb4-b627-ffb1-3c374e68f425">
      <Description>Verify the error message displayed when special character are entered in Rewards Phone number field.</Description>
      <TestCategory>
        <TestCategoryItem TestCategory="EarnTests" />
      </TestCategory>
      <DeploymentItems>
        <DeploymentItem filename="ExternalBinaries" outputDirectory=".\ExternalBinaries" />
        <DeploymentItem filename="TestData" outputDirectory=".\TestData" />
        <DeploymentItem filename="TestRunConfig" outputDirectory=".\TestRunConfig" />
      </DeploymentItems>
      <Execution id="6891ad0a-9571-4b64-92e7-177858d899ca" />
      <TestMethod codeBase="C:/Ecommerce/Web/Test/UI/LoyaltyWeb/LoyaltyWebTest/LoyaltyWebTest/bin/Debug/Nordstrom.Web.Test.UI.LoyaltyWeb.DLL" adapterTypeName="Microsoft.VisualStudio.TestTools.TestTypes.Unit.UnitTestAdapter, Microsoft.VisualStudio.QualityTools.Tips.UnitTest.Adapter, Version=12.0.0.0, Culture=neutral, PublicKeyToken=b03f5f7f11d50a3a" className="Nordstrom.Web.Test.UI.LoyaltyWeb.LoyaltyEarnTests, Nordstrom.Web.Test.UI.LoyaltyWeb, Version=1.0.0.0, Culture=neutral, PublicKeyToken=null" name="TNEarn_AuthenticatedUnassociatedUserEntersSpecialCharactersInRewardsPhoneNumberField_ErrorMessageDisplayedSuccessfully" />
    </UnitTest>
    <UnitTest name="TNEarn_AuthenticatedUnassociatedUserNavigatesToCheckoutPage_SkipMessageDisplayedSuccessfullyAfterSelectingSkipOption" storage="c:\ecommerce\web\test\ui\loyaltyweb\loyaltywebtest\loyaltywebtest\bin\debug\nordstrom.web.test.ui.loyaltyweb.dll" id="2ba616ed-60c3-9e03-52a7-71206c95a861">
      <Description>Verify that selecting Skip for now and clicking on Save and continue will close the 'Rewards' module with an 'Edit' button and a message 'You’ve skipped this step for now.'and the customer can review the order.</Description>
      <TestCategory>
        <TestCategoryItem TestCategory="EarnTests" />
      </TestCategory>
      <DeploymentItems>
        <DeploymentItem filename="ExternalBinaries" outputDirectory=".\ExternalBinaries" />
        <DeploymentItem filename="TestData" outputDirectory=".\TestData" />
        <DeploymentItem filename="TestRunConfig" outputDirectory=".\TestRunConfig" />
      </DeploymentItems>
      <Execution id="6fb749b0-72d9-4a5f-bc28-799e1c130840" />
      <TestMethod codeBase="C:/Ecommerce/Web/Test/UI/LoyaltyWeb/LoyaltyWebTest/LoyaltyWebTest/bin/Debug/Nordstrom.Web.Test.UI.LoyaltyWeb.DLL" adapterTypeName="Microsoft.VisualStudio.TestTools.TestTypes.Unit.UnitTestAdapter, Microsoft.VisualStudio.QualityTools.Tips.UnitTest.Adapter, Version=12.0.0.0, Culture=neutral, PublicKeyToken=b03f5f7f11d50a3a" className="Nordstrom.Web.Test.UI.LoyaltyWeb.LoyaltyEarnTests, Nordstrom.Web.Test.UI.LoyaltyWeb, Version=1.0.0.0, Culture=neutral, PublicKeyToken=null" name="TNEarn_AuthenticatedUnassociatedUserNavigatesToCheckoutPage_SkipMessageDisplayedSuccessfullyAfterSelectingSkipOption" />
    </UnitTest>
    <UnitTest name="TNEarn_AuthenticatedUnassociatedUserNavigatesToRewardsSection_RewardsSectionRetainedAfterEditingPaymentDetails" storage="c:\ecommerce\web\test\ui\loyaltyweb\loyaltywebtest\loyaltywebtest\bin\debug\nordstrom.web.test.ui.loyaltyweb.dll" id="0dd72646-d663-b38c-5553-0b6bda192036">
      <Description>Verify that the saved details in rewards section are retained after user edits the Payment details.</Description>
      <TestCategory>
        <TestCategoryItem TestCategory="EarnTests" />
      </TestCategory>
      <DeploymentItems>
        <DeploymentItem filename="ExternalBinaries" outputDirectory=".\ExternalBinaries" />
        <DeploymentItem filename="TestData" outputDirectory=".\TestData" />
        <DeploymentItem filename="TestRunConfig" outputDirectory=".\TestRunConfig" />
      </DeploymentItems>
      <Execution id="d09a93b4-1e15-4a83-9d4e-3ab7fd93e814" />
      <TestMethod codeBase="C:/Ecommerce/Web/Test/UI/LoyaltyWeb/LoyaltyWebTest/LoyaltyWebTest/bin/Debug/Nordstrom.Web.Test.UI.LoyaltyWeb.DLL" adapterTypeName="Microsoft.VisualStudio.TestTools.TestTypes.Unit.UnitTestAdapter, Microsoft.VisualStudio.QualityTools.Tips.UnitTest.Adapter, Version=12.0.0.0, Culture=neutral, PublicKeyToken=b03f5f7f11d50a3a" className="Nordstrom.Web.Test.UI.LoyaltyWeb.LoyaltyEarnTests, Nordstrom.Web.Test.UI.LoyaltyWeb, Version=1.0.0.0, Culture=neutral, PublicKeyToken=null" name="TNEarn_AuthenticatedUnassociatedUserNavigatesToRewardsSection_RewardsSectionRetainedAfterEditingPaymentDetails" />
    </UnitTest>
    <UnitTest name="TenderNeutralRewardsEnroll_LoyaltyTenderNeutralUnrecognisedUserLeavePhoneNumberFieldBlank_ErrorMessageDisplayedSuccessfully" storage="c:\ecommerce\web\test\ui\loyaltyweb\loyaltywebtest\loyaltywebtest\bin\debug\nordstrom.web.test.ui.loyaltyweb.dll" id="bc6b573c-24fe-6064-63da-147f9221448d">
      <Description>Verify that error message appear for phone number field when it is left blank for unrecognised user</Description>
      <TestCategory>
        <TestCategoryItem TestCategory="Enroll" />
        <TestCategoryItem TestCategory="LoyaltyTenderNeutral" />
      </TestCategory>
      <DeploymentItems>
        <DeploymentItem filename="ExternalBinaries" outputDirectory=".\ExternalBinaries" />
        <DeploymentItem filename="TestData" outputDirectory=".\TestData" />
        <DeploymentItem filename="TestRunConfig" outputDirectory=".\TestRunConfig" />
      </DeploymentItems>
      <Execution id="470f8d79-b886-41b5-96e4-353b75efac18" />
      <TestMethod codeBase="C:/Ecommerce/Web/Test/UI/LoyaltyWeb/LoyaltyWebTest/LoyaltyWebTest/bin/Debug/Nordstrom.Web.Test.UI.LoyaltyWeb.DLL" adapterTypeName="Microsoft.VisualStudio.TestTools.TestTypes.Unit.UnitTestAdapter, Microsoft.VisualStudio.QualityTools.Tips.UnitTest.Adapter, Version=12.0.0.0, Culture=neutral, PublicKeyToken=b03f5f7f11d50a3a" className="Nordstrom.Web.Test.UI.LoyaltyWeb.Tests.LoyaltyRegisterTests, Nordstrom.Web.Test.UI.LoyaltyWeb, Version=1.0.0.0, Culture=neutral, PublicKeyToken=null" name="TenderNeutralRewardsEnroll_LoyaltyTenderNeutralUnrecognisedUserLeavePhoneNumberFieldBlank_ErrorMessageDisplayedSuccessfully" />
    </UnitTest>
    <UnitTest name="TNEarn_AuthenticatedUnassociatedUserNavigatesAwayFromCheckoutPage_RewardsSectionSavedDetailsAreNotRetained" storage="c:\ecommerce\web\test\ui\loyaltyweb\loyaltywebtest\loyaltywebtest\bin\debug\nordstrom.web.test.ui.loyaltyweb.dll" id="000bc424-a9b2-5b76-70bc-5586c78c1866">
      <Description>Verify that saved details under rewards section are not retained when a user navigates away from checkout page and returns back</Description>
      <TestCategory>
        <TestCategoryItem TestCategory="EarnTests" />
      </TestCategory>
      <DeploymentItems>
        <DeploymentItem filename="ExternalBinaries" outputDirectory=".\ExternalBinaries" />
        <DeploymentItem filename="TestData" outputDirectory=".\TestData" />
        <DeploymentItem filename="TestRunConfig" outputDirectory=".\TestRunConfig" />
      </DeploymentItems>
      <Execution id="910f5396-3ebf-48dd-ba58-b74dc9f5d174" />
      <TestMethod codeBase="C:/Ecommerce/Web/Test/UI/LoyaltyWeb/LoyaltyWebTest/LoyaltyWebTest/bin/Debug/Nordstrom.Web.Test.UI.LoyaltyWeb.DLL" adapterTypeName="Microsoft.VisualStudio.TestTools.TestTypes.Unit.UnitTestAdapter, Microsoft.VisualStudio.QualityTools.Tips.UnitTest.Adapter, Version=12.0.0.0, Culture=neutral, PublicKeyToken=b03f5f7f11d50a3a" className="Nordstrom.Web.Test.UI.LoyaltyWeb.LoyaltyEarnTests, Nordstrom.Web.Test.UI.LoyaltyWeb, Version=1.0.0.0, Culture=neutral, PublicKeyToken=null" name="TNEarn_AuthenticatedUnassociatedUserNavigatesAwayFromCheckoutPage_RewardsSectionSavedDetailsAreNotRetained" />
    </UnitTest>
    <UnitTest name="LoyaltyLearnPage_WhenTypeRightURL_ShouldRenderLearnPage" storage="c:\ecommerce\web\test\ui\loyaltyweb\loyaltywebtest\loyaltywebtest\bin\debug\nordstrom.web.test.ui.loyaltyweb.dll" id="6a8b719d-e213-39d7-1052-2c67708b346d">
      <Description>Learn Page can be rendered correctly</Description>
      <TestCategory>
        <TestCategoryItem TestCategory="Learn" />
        <TestCategoryItem TestCategory="LoyaltyTenderNeutral" />
      </TestCategory>
      <DeploymentItems>
        <DeploymentItem filename="ExternalBinaries" outputDirectory=".\ExternalBinaries" />
        <DeploymentItem filename="TestData" outputDirectory=".\TestData" />
        <DeploymentItem filename="TestRunConfig" outputDirectory=".\TestRunConfig" />
      </DeploymentItems>
      <Execution id="624c8827-80bc-46a0-940c-024e0dbec179" />
      <TestMethod codeBase="C:/Ecommerce/Web/Test/UI/LoyaltyWeb/LoyaltyWebTest/LoyaltyWebTest/bin/Debug/Nordstrom.Web.Test.UI.LoyaltyWeb.DLL" adapterTypeName="Microsoft.VisualStudio.TestTools.TestTypes.Unit.UnitTestAdapter, Microsoft.VisualStudio.QualityTools.Tips.UnitTest.Adapter, Version=12.0.0.0, Culture=neutral, PublicKeyToken=b03f5f7f11d50a3a" className="Nordstrom.Web.Test.UI.LoyaltyWeb.Tests.LoyaltyLearnTests, Nordstrom.Web.Test.UI.LoyaltyWeb, Version=1.0.0.0, Culture=neutral, PublicKeyToken=null" name="LoyaltyLearnPage_WhenTypeRightURL_ShouldRenderLearnPage" />
    </UnitTest>
    <UnitTest name="TenderNeutralManage_AuthenticatedUser_ErrorMessageDisplayedForPendingUserWhenTryingToAssociateDisplayedSuccessfully" storage="c:\ecommerce\web\test\ui\loyaltyweb\loyaltywebtest\loyaltywebtest\bin\debug\nordstrom.web.test.ui.loyaltyweb.dll" id="76afe1b0-aa00-7a67-3485-c6dce60f67cf">
      <Description>Verify that when a user in Pending Closed status tries to asscoiate from web as authenticated user, proper error message is displayed</Description>
      <TestCategory>
        <TestCategoryItem TestCategory="Manage" />
        <TestCategoryItem TestCategory="LoyaltyTenderNeutral" />
      </TestCategory>
      <DeploymentItems>
        <DeploymentItem filename="ExternalBinaries" outputDirectory=".\ExternalBinaries" />
        <DeploymentItem filename="TestData" outputDirectory=".\TestData" />
        <DeploymentItem filename="TestRunConfig" outputDirectory=".\TestRunConfig" />
      </DeploymentItems>
      <Execution id="4442d52c-2891-4303-8664-dfd0d03c6b63" />
      <TestMethod codeBase="C:/Ecommerce/Web/Test/UI/LoyaltyWeb/LoyaltyWebTest/LoyaltyWebTest/bin/Debug/Nordstrom.Web.Test.UI.LoyaltyWeb.DLL" adapterTypeName="Microsoft.VisualStudio.TestTools.TestTypes.Unit.UnitTestAdapter, Microsoft.VisualStudio.QualityTools.Tips.UnitTest.Adapter, Version=12.0.0.0, Culture=neutral, PublicKeyToken=b03f5f7f11d50a3a" className="Nordstrom.Web.Test.UI.LoyaltyWeb.Tests.LoyaltyManageTests, Nordstrom.Web.Test.UI.LoyaltyWeb, Version=1.0.0.0, Culture=neutral, PublicKeyToken=null" name="TenderNeutralManage_AuthenticatedUser_ErrorMessageDisplayedForPendingUserWhenTryingToAssociateDisplayedSuccessfully" />
    </UnitTest>
    <UnitTest name="LoyaltyLearnPage_ClickVIPAccessToInstoreEventsLink_NavigateToRelevantPageSuccessfully" storage="c:\ecommerce\web\test\ui\loyaltyweb\loyaltywebtest\loyaltywebtest\bin\debug\nordstrom.web.test.ui.loyaltyweb.dll" id="2e0abc29-eb20-04d7-d06d-b4c962bff0f8">
      <Description>To verify VIP access to Instore Events link on Learn Page is navigated to the relevant page successfully</Description>
      <TestCategory>
        <TestCategoryItem TestCategory="LoyaltyTenderNeutral" />
        <TestCategoryItem TestCategory="Learn" />
      </TestCategory>
      <DeploymentItems>
        <DeploymentItem filename="ExternalBinaries" outputDirectory=".\ExternalBinaries" />
        <DeploymentItem filename="TestData" outputDirectory=".\TestData" />
        <DeploymentItem filename="TestRunConfig" outputDirectory=".\TestRunConfig" />
      </DeploymentItems>
      <Execution id="a498692a-d307-4fd7-ae8d-6b22c50d0473" />
      <TestMethod codeBase="C:/Ecommerce/Web/Test/UI/LoyaltyWeb/LoyaltyWebTest/LoyaltyWebTest/bin/Debug/Nordstrom.Web.Test.UI.LoyaltyWeb.DLL" adapterTypeName="Microsoft.VisualStudio.TestTools.TestTypes.Unit.UnitTestAdapter, Microsoft.VisualStudio.QualityTools.Tips.UnitTest.Adapter, Version=12.0.0.0, Culture=neutral, PublicKeyToken=b03f5f7f11d50a3a" className="Nordstrom.Web.Test.UI.LoyaltyWeb.Tests.LoyaltyLearnTests, Nordstrom.Web.Test.UI.LoyaltyWeb, Version=1.0.0.0, Culture=neutral, PublicKeyToken=null" name="LoyaltyLearnPage_ClickVIPAccessToInstoreEventsLink_NavigateToRelevantPageSuccessfully" />
    </UnitTest>
    <UnitTest name="NavigationToLoyaltyWebPage_TenderNeutralEnrollAssociationFeatureFlagOn_UserLandOnLoyaltyWebPageSuccessful" storage="c:\ecommerce\web\test\ui\loyaltyweb\loyaltywebtest\loyaltywebtest\bin\debug\nordstrom.web.test.ui.loyaltyweb.dll" id="55a3993c-2db1-9211-5aa0-390ed114f4b8">
      <Description>Verify that user is redirected to Loyalty Association page , given feature TenderNeutralEnroll flag is on</Description>
      <TestCategory>
        <TestCategoryItem TestCategory="LoyaltyTenderNeutral" />
        <TestCategoryItem TestCategory="Association" />
      </TestCategory>
      <DeploymentItems>
        <DeploymentItem filename="ExternalBinaries" outputDirectory=".\ExternalBinaries" />
        <DeploymentItem filename="TestData" outputDirectory=".\TestData" />
        <DeploymentItem filename="TestRunConfig" outputDirectory=".\TestRunConfig" />
      </DeploymentItems>
      <Execution id="1b4f8f71-65f5-49a7-ad25-edfb4f83eaf6" />
      <TestMethod codeBase="C:/Ecommerce/Web/Test/UI/LoyaltyWeb/LoyaltyWebTest/LoyaltyWebTest/bin/Debug/Nordstrom.Web.Test.UI.LoyaltyWeb.DLL" adapterTypeName="Microsoft.VisualStudio.TestTools.TestTypes.Unit.UnitTestAdapter, Microsoft.VisualStudio.QualityTools.Tips.UnitTest.Adapter, Version=12.0.0.0, Culture=neutral, PublicKeyToken=b03f5f7f11d50a3a" className="Nordstrom.Web.Test.UI.LoyaltyWeb.Tests.LoyaltyAssociationTests, Nordstrom.Web.Test.UI.LoyaltyWeb, Version=1.0.0.0, Culture=neutral, PublicKeyToken=null" name="NavigationToLoyaltyWebPage_TenderNeutralEnrollAssociationFeatureFlagOn_UserLandOnLoyaltyWebPageSuccessful" />
    </UnitTest>
    <UnitTest name="TenderNeutralRedeem_LoyaltyUserHavingVisaTNNotes_CanApplyTNNotes" storage="c:\ecommerce\web\test\ui\loyaltyweb\loyaltywebtest\loyaltywebtest\bin\debug\nordstrom.web.test.ui.loyaltyweb.dll" id="a95a4486-3ea5-c3fc-11e6-f776c56fa481">
      <Description>Verify the loyalty user with multiple TN notes can apply  his TN note.</Description>
      <TestCategory>
        <TestCategoryItem TestCategory="Redeem" />
      </TestCategory>
      <DeploymentItems>
        <DeploymentItem filename="ExternalBinaries" outputDirectory=".\ExternalBinaries" />
        <DeploymentItem filename="TestData" outputDirectory=".\TestData" />
        <DeploymentItem filename="TestRunConfig" outputDirectory=".\TestRunConfig" />
      </DeploymentItems>
      <Execution id="37c1197f-5d43-4977-bd01-acbcf6ce2c61" />
      <TestMethod codeBase="C:/Ecommerce/Web/Test/UI/LoyaltyWeb/LoyaltyWebTest/LoyaltyWebTest/bin/Debug/Nordstrom.Web.Test.UI.LoyaltyWeb.DLL" adapterTypeName="Microsoft.VisualStudio.TestTools.TestTypes.Unit.UnitTestAdapter, Microsoft.VisualStudio.QualityTools.Tips.UnitTest.Adapter, Version=12.0.0.0, Culture=neutral, PublicKeyToken=b03f5f7f11d50a3a" className="Nordstrom.Web.Test.UI.LoyaltyWeb.Tests.LoyaltyRedeemTests, Nordstrom.Web.Test.UI.LoyaltyWeb, Version=1.0.0.0, Culture=neutral, PublicKeyToken=null" name="TenderNeutralRedeem_LoyaltyUserHavingVisaTNNotes_CanApplyTNNotes" />
    </UnitTest>
    <UnitTest name="LoyaltyLearnPage_ClickSignInLink_NavigatesToSignInPageSuccessfully" storage="c:\ecommerce\web\test\ui\loyaltyweb\loyaltywebtest\loyaltywebtest\bin\debug\nordstrom.web.test.ui.loyaltyweb.dll" id="b3a516d6-48f5-fdac-3c3f-d8ab2c32b2ae">
      <Description>To verify SignIn link on Learn Page is navigated to the relevant page successfully</Description>
      <TestCategory>
        <TestCategoryItem TestCategory="LoyaltyTenderNeutral" />
        <TestCategoryItem TestCategory="Learn" />
      </TestCategory>
      <DeploymentItems>
        <DeploymentItem filename="ExternalBinaries" outputDirectory=".\ExternalBinaries" />
        <DeploymentItem filename="TestData" outputDirectory=".\TestData" />
        <DeploymentItem filename="TestRunConfig" outputDirectory=".\TestRunConfig" />
      </DeploymentItems>
      <Execution id="d70b849a-3b18-434c-ac30-5aa6cd40b57e" />
      <TestMethod codeBase="C:/Ecommerce/Web/Test/UI/LoyaltyWeb/LoyaltyWebTest/LoyaltyWebTest/bin/Debug/Nordstrom.Web.Test.UI.LoyaltyWeb.DLL" adapterTypeName="Microsoft.VisualStudio.TestTools.TestTypes.Unit.UnitTestAdapter, Microsoft.VisualStudio.QualityTools.Tips.UnitTest.Adapter, Version=12.0.0.0, Culture=neutral, PublicKeyToken=b03f5f7f11d50a3a" className="Nordstrom.Web.Test.UI.LoyaltyWeb.Tests.LoyaltyLearnTests, Nordstrom.Web.Test.UI.LoyaltyWeb, Version=1.0.0.0, Culture=neutral, PublicKeyToken=null" name="LoyaltyLearnPage_ClickSignInLink_NavigatesToSignInPageSuccessfully" />
    </UnitTest>
    <UnitTest name="TenderNeutralRedeem_LoyaltyUserWithNoNotes_VerifyNoTNNotesVisibleButThanksForBeingRewardMemberMessage" storage="c:\ecommerce\web\test\ui\loyaltyweb\loyaltywebtest\loyaltywebtest\bin\debug\nordstrom.web.test.ui.loyaltyweb.dll" id="55968c58-287a-9941-89e4-749ee48e02f2">
      <Description>Verify the loyalty user with no notes can not see any notes in checkout page.</Description>
      <TestCategory>
        <TestCategoryItem TestCategory="Redeem" />
      </TestCategory>
      <DeploymentItems>
        <DeploymentItem filename="ExternalBinaries" outputDirectory=".\ExternalBinaries" />
        <DeploymentItem filename="TestData" outputDirectory=".\TestData" />
        <DeploymentItem filename="TestRunConfig" outputDirectory=".\TestRunConfig" />
      </DeploymentItems>
      <Execution id="cb0064f3-9e94-43e3-b59c-bf4cdde33cdb" />
      <TestMethod codeBase="C:/Ecommerce/Web/Test/UI/LoyaltyWeb/LoyaltyWebTest/LoyaltyWebTest/bin/Debug/Nordstrom.Web.Test.UI.LoyaltyWeb.DLL" adapterTypeName="Microsoft.VisualStudio.TestTools.TestTypes.Unit.UnitTestAdapter, Microsoft.VisualStudio.QualityTools.Tips.UnitTest.Adapter, Version=12.0.0.0, Culture=neutral, PublicKeyToken=b03f5f7f11d50a3a" className="Nordstrom.Web.Test.UI.LoyaltyWeb.Tests.LoyaltyRedeemTests, Nordstrom.Web.Test.UI.LoyaltyWeb, Version=1.0.0.0, Culture=neutral, PublicKeyToken=null" name="TenderNeutralRedeem_LoyaltyUserWithNoNotes_VerifyNoTNNotesVisibleButThanksForBeingRewardMemberMessage" />
    </UnitTest>
    <UnitTest name="TenderNeutralAssociation_AuthenticatedUserEnrolledinLoyaltyFromServiceCenterToToWebAssociationPage_ShouldSucceed" storage="c:\ecommerce\web\test\ui\loyaltyweb\loyaltywebtest\loyaltywebtest\bin\debug\nordstrom.web.test.ui.loyaltyweb.dll" id="bffdf662-4bf2-9dc5-e959-c3ba46d638ab">
      <Description>Verify that when authenticated user from Service Center loyalty enrollment program goes to Association page, he can type in his email and phone number and associate to loyalty program.</Description>
      <TestCategory>
        <TestCategoryItem TestCategory="LoyaltyTenderNeutral" />
        <TestCategoryItem TestCategory="Association" />
      </TestCategory>
      <DeploymentItems>
        <DeploymentItem filename="ExternalBinaries" outputDirectory=".\ExternalBinaries" />
        <DeploymentItem filename="TestData" outputDirectory=".\TestData" />
        <DeploymentItem filename="TestRunConfig" outputDirectory=".\TestRunConfig" />
      </DeploymentItems>
      <Execution id="c9bab8b9-a6b6-4f42-9adf-107ac7dafd4f" />
      <TestMethod codeBase="C:/Ecommerce/Web/Test/UI/LoyaltyWeb/LoyaltyWebTest/LoyaltyWebTest/bin/Debug/Nordstrom.Web.Test.UI.LoyaltyWeb.DLL" adapterTypeName="Microsoft.VisualStudio.TestTools.TestTypes.Unit.UnitTestAdapter, Microsoft.VisualStudio.QualityTools.Tips.UnitTest.Adapter, Version=12.0.0.0, Culture=neutral, PublicKeyToken=b03f5f7f11d50a3a" className="Nordstrom.Web.Test.UI.LoyaltyWeb.Tests.LoyaltyAssociationTests, Nordstrom.Web.Test.UI.LoyaltyWeb, Version=1.0.0.0, Culture=neutral, PublicKeyToken=null" name="TenderNeutralAssociation_AuthenticatedUserEnrolledinLoyaltyFromServiceCenterToToWebAssociationPage_ShouldSucceed" />
    </UnitTest>
    <UnitTest name="TenderNeutralRedeem_LoyaltyUserNotAssociatedButHavingOneTNNote_VerifyNoNoteIsVisible" storage="c:\ecommerce\web\test\ui\loyaltyweb\loyaltywebtest\loyaltywebtest\bin\debug\nordstrom.web.test.ui.loyaltyweb.dll" id="2f3eccac-4502-8517-62a8-7c06b3c32b81">
      <Description>Verify the loyalty user with one TN note but not associated can not see his solo note.</Description>
      <TestCategory>
        <TestCategoryItem TestCategory="Redeem" />
      </TestCategory>
      <DeploymentItems>
        <DeploymentItem filename="ExternalBinaries" outputDirectory=".\ExternalBinaries" />
        <DeploymentItem filename="TestData" outputDirectory=".\TestData" />
        <DeploymentItem filename="TestRunConfig" outputDirectory=".\TestRunConfig" />
      </DeploymentItems>
      <Execution id="e74ebe6d-bf8d-49b7-8c86-7dfda42aea0b" />
      <TestMethod codeBase="C:/Ecommerce/Web/Test/UI/LoyaltyWeb/LoyaltyWebTest/LoyaltyWebTest/bin/Debug/Nordstrom.Web.Test.UI.LoyaltyWeb.DLL" adapterTypeName="Microsoft.VisualStudio.TestTools.TestTypes.Unit.UnitTestAdapter, Microsoft.VisualStudio.QualityTools.Tips.UnitTest.Adapter, Version=12.0.0.0, Culture=neutral, PublicKeyToken=b03f5f7f11d50a3a" className="Nordstrom.Web.Test.UI.LoyaltyWeb.Tests.LoyaltyRedeemTests, Nordstrom.Web.Test.UI.LoyaltyWeb, Version=1.0.0.0, Culture=neutral, PublicKeyToken=null" name="TenderNeutralRedeem_LoyaltyUserNotAssociatedButHavingOneTNNote_VerifyNoNoteIsVisible" />
    </UnitTest>
    <UnitTest name="TenderNeutralRewardsEnroll_LoyaltyTenderNeutralGuestUserPhoneNumberFieldSpecialCharactersEntry_ErrorMessageDisplayedSuccessfully" storage="c:\ecommerce\web\test\ui\loyaltyweb\loyaltywebtest\loyaltywebtest\bin\debug\nordstrom.web.test.ui.loyaltyweb.dll" id="d6a678c1-9a2a-211a-0a65-b35f90d48e7a">
      <Description>Verify the error message displayed for the invalid entry of special characters in phone number field</Description>
      <TestCategory>
        <TestCategoryItem TestCategory="LoyaltyTenderNeutral" />
        <TestCategoryItem TestCategory="Enroll" />
      </TestCategory>
      <DeploymentItems>
        <DeploymentItem filename="ExternalBinaries" outputDirectory=".\ExternalBinaries" />
        <DeploymentItem filename="TestData" outputDirectory=".\TestData" />
        <DeploymentItem filename="TestRunConfig" outputDirectory=".\TestRunConfig" />
      </DeploymentItems>
      <Execution id="f8d3b1ff-20c4-4f3d-9822-6636744f7bc2" />
      <TestMethod codeBase="C:/Ecommerce/Web/Test/UI/LoyaltyWeb/LoyaltyWebTest/LoyaltyWebTest/bin/Debug/Nordstrom.Web.Test.UI.LoyaltyWeb.DLL" adapterTypeName="Microsoft.VisualStudio.TestTools.TestTypes.Unit.UnitTestAdapter, Microsoft.VisualStudio.QualityTools.Tips.UnitTest.Adapter, Version=12.0.0.0, Culture=neutral, PublicKeyToken=b03f5f7f11d50a3a" className="Nordstrom.Web.Test.UI.LoyaltyWeb.Tests.LoyaltyRegisterTests, Nordstrom.Web.Test.UI.LoyaltyWeb, Version=1.0.0.0, Culture=neutral, PublicKeyToken=null" name="TenderNeutralRewardsEnroll_LoyaltyTenderNeutralGuestUserPhoneNumberFieldSpecialCharactersEntry_ErrorMessageDisplayedSuccessfully" />
    </UnitTest>
    <UnitTest name="TNEarn_AuthenticatedUnassociatedUserNavigatestoCheckoutPage_ClickingOnPayNordCardLinkNavigatesToPaymentSectionSuccessfully" storage="c:\ecommerce\web\test\ui\loyaltyweb\loyaltywebtest\loyaltywebtest\bin\debug\nordstrom.web.test.ui.loyaltyweb.dll" id="d545375e-e268-6000-157b-37e839955f09">
      <Description>Verify that clicking on 'Pay with your Nordstrom card' link in Rewards section, it navigates to Payment information with the fields open and editable.</Description>
      <TestCategory>
        <TestCategoryItem TestCategory="LoyaltyTenderNeutral" />
        <TestCategoryItem TestCategory="EarnTests" />
      </TestCategory>
      <DeploymentItems>
        <DeploymentItem filename="ExternalBinaries" outputDirectory=".\ExternalBinaries" />
        <DeploymentItem filename="TestData" outputDirectory=".\TestData" />
        <DeploymentItem filename="TestRunConfig" outputDirectory=".\TestRunConfig" />
      </DeploymentItems>
      <Execution id="843b08d8-8e1c-4bf7-b3ac-e1b25f6ae061" />
      <TestMethod codeBase="C:/Ecommerce/Web/Test/UI/LoyaltyWeb/LoyaltyWebTest/LoyaltyWebTest/bin/Debug/Nordstrom.Web.Test.UI.LoyaltyWeb.DLL" adapterTypeName="Microsoft.VisualStudio.TestTools.TestTypes.Unit.UnitTestAdapter, Microsoft.VisualStudio.QualityTools.Tips.UnitTest.Adapter, Version=12.0.0.0, Culture=neutral, PublicKeyToken=b03f5f7f11d50a3a" className="Nordstrom.Web.Test.UI.LoyaltyWeb.LoyaltyEarnTests, Nordstrom.Web.Test.UI.LoyaltyWeb, Version=1.0.0.0, Culture=neutral, PublicKeyToken=null" name="TNEarn_AuthenticatedUnassociatedUserNavigatestoCheckoutPage_ClickingOnPayNordCardLinkNavigatesToPaymentSectionSuccessfully" />
    </UnitTest>
    <UnitTest name="TenderNeutralRewardsRegister_GuestUserEnrollWithExistingPhoneButDifferentEmailinEnrollProgram_ShouldFailInEnroll" storage="c:\ecommerce\web\test\ui\loyaltyweb\loyaltywebtest\loyaltywebtest\bin\debug\nordstrom.web.test.ui.loyaltyweb.dll" id="86b3b541-dee1-c250-cbd7-09a1f3b9bec9">
      <Description>Guest user enrolling with existing enroll phone number but different email would fail</Description>
      <TestCategory>
        <TestCategoryItem TestCategory="LoyaltyTenderNeutral" />
        <TestCategoryItem TestCategory="Enroll" />
      </TestCategory>
      <DeploymentItems>
        <DeploymentItem filename="ExternalBinaries" outputDirectory=".\ExternalBinaries" />
        <DeploymentItem filename="TestData" outputDirectory=".\TestData" />
        <DeploymentItem filename="TestRunConfig" outputDirectory=".\TestRunConfig" />
      </DeploymentItems>
      <Execution id="e21409d0-525a-4b68-9607-ec4bf51ba84f" />
      <TestMethod codeBase="C:/Ecommerce/Web/Test/UI/LoyaltyWeb/LoyaltyWebTest/LoyaltyWebTest/bin/Debug/Nordstrom.Web.Test.UI.LoyaltyWeb.DLL" adapterTypeName="Microsoft.VisualStudio.TestTools.TestTypes.Unit.UnitTestAdapter, Microsoft.VisualStudio.QualityTools.Tips.UnitTest.Adapter, Version=12.0.0.0, Culture=neutral, PublicKeyToken=b03f5f7f11d50a3a" className="Nordstrom.Web.Test.UI.LoyaltyWeb.Tests.LoyaltyRegisterTests, Nordstrom.Web.Test.UI.LoyaltyWeb, Version=1.0.0.0, Culture=neutral, PublicKeyToken=null" name="TenderNeutralRewardsRegister_GuestUserEnrollWithExistingPhoneButDifferentEmailinEnrollProgram_ShouldFailInEnroll" />
    </UnitTest>
    <UnitTest name="TenderNeutralRewardsRegister_GuestUserRegistrationForTenderNeutral_MandatoryFieldsDisplaySuccessful" storage="c:\ecommerce\web\test\ui\loyaltyweb\loyaltywebtest\loyaltywebtest\bin\debug\nordstrom.web.test.ui.loyaltyweb.dll" id="57e5b47e-e59d-7388-f5c6-b74d7f6dfb86">
      <Description>Verify presence of mandatory fields on Loyalty Tender Neutral Register page for a guest user</Description>
      <TestCategory>
        <TestCategoryItem TestCategory="LoyaltyTenderNeutral" />
        <TestCategoryItem TestCategory="Enroll" />
      </TestCategory>
      <DeploymentItems>
        <DeploymentItem filename="ExternalBinaries" outputDirectory=".\ExternalBinaries" />
        <DeploymentItem filename="TestData" outputDirectory=".\TestData" />
        <DeploymentItem filename="TestRunConfig" outputDirectory=".\TestRunConfig" />
      </DeploymentItems>
      <Execution id="acf67ee6-3aae-42aa-b994-a4ee50198f9d" />
      <TestMethod codeBase="C:/Ecommerce/Web/Test/UI/LoyaltyWeb/LoyaltyWebTest/LoyaltyWebTest/bin/Debug/Nordstrom.Web.Test.UI.LoyaltyWeb.DLL" adapterTypeName="Microsoft.VisualStudio.TestTools.TestTypes.Unit.UnitTestAdapter, Microsoft.VisualStudio.QualityTools.Tips.UnitTest.Adapter, Version=12.0.0.0, Culture=neutral, PublicKeyToken=b03f5f7f11d50a3a" className="Nordstrom.Web.Test.UI.LoyaltyWeb.Tests.LoyaltyRegisterTests, Nordstrom.Web.Test.UI.LoyaltyWeb, Version=1.0.0.0, Culture=neutral, PublicKeyToken=null" name="TenderNeutralRewardsRegister_GuestUserRegistrationForTenderNeutral_MandatoryFieldsDisplaySuccessful" />
    </UnitTest>
    <UnitTest name="TenderNeutralRewardsEnroll_LoyaltyTNGuestUser_ErrorMessageVanishesOnValidEntry" storage="c:\ecommerce\web\test\ui\loyaltyweb\loyaltywebtest\loyaltywebtest\bin\debug\nordstrom.web.test.ui.loyaltyweb.dll" id="7defdc68-14ff-6a42-1380-f1652ccd0ecf">
      <Description>Verify that error messages vanish after user enters valid data in all fields</Description>
      <TestCategory>
        <TestCategoryItem TestCategory="LoyaltyTenderNeutral" />
        <TestCategoryItem TestCategory="Enroll" />
      </TestCategory>
      <DeploymentItems>
        <DeploymentItem filename="ExternalBinaries" outputDirectory=".\ExternalBinaries" />
        <DeploymentItem filename="TestData" outputDirectory=".\TestData" />
        <DeploymentItem filename="TestRunConfig" outputDirectory=".\TestRunConfig" />
      </DeploymentItems>
      <Execution id="f606fc6d-618f-4410-a75e-a19f365af7de" />
      <TestMethod codeBase="C:/Ecommerce/Web/Test/UI/LoyaltyWeb/LoyaltyWebTest/LoyaltyWebTest/bin/Debug/Nordstrom.Web.Test.UI.LoyaltyWeb.DLL" adapterTypeName="Microsoft.VisualStudio.TestTools.TestTypes.Unit.UnitTestAdapter, Microsoft.VisualStudio.QualityTools.Tips.UnitTest.Adapter, Version=12.0.0.0, Culture=neutral, PublicKeyToken=b03f5f7f11d50a3a" className="Nordstrom.Web.Test.UI.LoyaltyWeb.Tests.LoyaltyRegisterTests, Nordstrom.Web.Test.UI.LoyaltyWeb, Version=1.0.0.0, Culture=neutral, PublicKeyToken=null" name="TenderNeutralRewardsEnroll_LoyaltyTNGuestUser_ErrorMessageVanishesOnValidEntry" />
    </UnitTest>
    <UnitTest name="TNEarn_AuthenticatedUnassociatedUserPaysPartiallyWithGiftCard_PlaceTheOrderSuccessfully" storage="c:\ecommerce\web\test\ui\loyaltyweb\loyaltywebtest\loyaltywebtest\bin\debug\nordstrom.web.test.ui.loyaltyweb.dll" id="380b4276-ee3c-ffbc-814e-c860ea944171">
      <Description>Verify Place Order for authenticated unassociated user after he enters rewards number in rewards section and saves it on checkout page and uses a gift card for transaction</Description>
      <TestCategory>
        <TestCategoryItem TestCategory="EarnTests" />
      </TestCategory>
      <DeploymentItems>
        <DeploymentItem filename="ExternalBinaries" outputDirectory=".\ExternalBinaries" />
        <DeploymentItem filename="TestData" outputDirectory=".\TestData" />
        <DeploymentItem filename="TestRunConfig" outputDirectory=".\TestRunConfig" />
      </DeploymentItems>
      <Execution id="f4597d0d-2194-434f-84f1-91995ca17b9b" />
      <TestMethod codeBase="C:/Ecommerce/Web/Test/UI/LoyaltyWeb/LoyaltyWebTest/LoyaltyWebTest/bin/Debug/Nordstrom.Web.Test.UI.LoyaltyWeb.DLL" adapterTypeName="Microsoft.VisualStudio.TestTools.TestTypes.Unit.UnitTestAdapter, Microsoft.VisualStudio.QualityTools.Tips.UnitTest.Adapter, Version=12.0.0.0, Culture=neutral, PublicKeyToken=b03f5f7f11d50a3a" className="Nordstrom.Web.Test.UI.LoyaltyWeb.LoyaltyEarnTests, Nordstrom.Web.Test.UI.LoyaltyWeb, Version=1.0.0.0, Culture=neutral, PublicKeyToken=null" name="TNEarn_AuthenticatedUnassociatedUserPaysPartiallyWithGiftCard_PlaceTheOrderSuccessfully" />
    </UnitTest>
    <UnitTest name="TenderNeutralAssociationPage_TenderNeutralAssociationFeatureFlagOff_UserRedirectedToHomePage" storage="c:\ecommerce\web\test\ui\loyaltyweb\loyaltywebtest\loyaltywebtest\bin\debug\nordstrom.web.test.ui.loyaltyweb.dll" id="f2fa7c18-835c-4dbb-8e35-b0961c4ab56f">
      <Description>Verify that user is redirected to Home page when TenderNeutralAssociation featureflag is off</Description>
      <TestCategory>
        <TestCategoryItem TestCategory="LoyaltyTenderNeutral" />
        <TestCategoryItem TestCategory="Association" />
      </TestCategory>
      <DeploymentItems>
        <DeploymentItem filename="ExternalBinaries" outputDirectory=".\ExternalBinaries" />
        <DeploymentItem filename="TestData" outputDirectory=".\TestData" />
        <DeploymentItem filename="TestRunConfig" outputDirectory=".\TestRunConfig" />
      </DeploymentItems>
      <Execution id="7f4c2bae-4e47-4ada-9ba9-02b1a85b8624" />
      <TestMethod codeBase="C:/Ecommerce/Web/Test/UI/LoyaltyWeb/LoyaltyWebTest/LoyaltyWebTest/bin/Debug/Nordstrom.Web.Test.UI.LoyaltyWeb.DLL" adapterTypeName="Microsoft.VisualStudio.TestTools.TestTypes.Unit.UnitTestAdapter, Microsoft.VisualStudio.QualityTools.Tips.UnitTest.Adapter, Version=12.0.0.0, Culture=neutral, PublicKeyToken=b03f5f7f11d50a3a" className="Nordstrom.Web.Test.UI.LoyaltyWeb.Tests.LoyaltyAssociationTests, Nordstrom.Web.Test.UI.LoyaltyWeb, Version=1.0.0.0, Culture=neutral, PublicKeyToken=null" name="TenderNeutralAssociationPage_TenderNeutralAssociationFeatureFlagOff_UserRedirectedToHomePage" />
    </UnitTest>
    <UnitTest name="TenderNeutralRewardsRegister_RecognizedUserEnrollWithWrongPassword_ShouldFailInEnroll" storage="c:\ecommerce\web\test\ui\loyaltyweb\loyaltywebtest\loyaltywebtest\bin\debug\nordstrom.web.test.ui.loyaltyweb.dll" id="516f9ab9-64b9-443c-e877-727862ab585e">
      <Description>Recognized user enrolling with wrong password would fail in enrollment.</Description>
      <TestCategory>
        <TestCategoryItem TestCategory="LoyaltyTenderNeutral" />
        <TestCategoryItem TestCategory="Enroll" />
      </TestCategory>
      <DeploymentItems>
        <DeploymentItem filename="ExternalBinaries" outputDirectory=".\ExternalBinaries" />
        <DeploymentItem filename="TestData" outputDirectory=".\TestData" />
        <DeploymentItem filename="TestRunConfig" outputDirectory=".\TestRunConfig" />
      </DeploymentItems>
      <Execution id="a96d0413-f727-40e3-a732-e3ec566daa33" />
      <TestMethod codeBase="C:/Ecommerce/Web/Test/UI/LoyaltyWeb/LoyaltyWebTest/LoyaltyWebTest/bin/Debug/Nordstrom.Web.Test.UI.LoyaltyWeb.DLL" adapterTypeName="Microsoft.VisualStudio.TestTools.TestTypes.Unit.UnitTestAdapter, Microsoft.VisualStudio.QualityTools.Tips.UnitTest.Adapter, Version=12.0.0.0, Culture=neutral, PublicKeyToken=b03f5f7f11d50a3a" className="Nordstrom.Web.Test.UI.LoyaltyWeb.Tests.LoyaltyRegisterTests, Nordstrom.Web.Test.UI.LoyaltyWeb, Version=1.0.0.0, Culture=neutral, PublicKeyToken=null" name="TenderNeutralRewardsRegister_RecognizedUserEnrollWithWrongPassword_ShouldFailInEnroll" />
    </UnitTest>
    <UnitTest name="TenderNeutralRedeem_LoyaltyUserWithThreeTNCanadianNotes_VerifyThreeTNNotesAreNotVisible" storage="c:\ecommerce\web\test\ui\loyaltyweb\loyaltywebtest\loyaltywebtest\bin\debug\nordstrom.web.test.ui.loyaltyweb.dll" id="90d9a6fa-b79f-0afe-7e63-74c4de4a3610">
      <Description>Verify the loyalty user with one 20 dollars Canadian note and 4000 points can not see his TN note.</Description>
      <TestCategory>
        <TestCategoryItem TestCategory="Redeem" />
      </TestCategory>
      <DeploymentItems>
        <DeploymentItem filename="ExternalBinaries" outputDirectory=".\ExternalBinaries" />
        <DeploymentItem filename="TestData" outputDirectory=".\TestData" />
        <DeploymentItem filename="TestRunConfig" outputDirectory=".\TestRunConfig" />
      </DeploymentItems>
      <Execution id="dd500c3f-7e19-49cd-91a0-354fc8280b26" />
      <TestMethod codeBase="C:/Ecommerce/Web/Test/UI/LoyaltyWeb/LoyaltyWebTest/LoyaltyWebTest/bin/Debug/Nordstrom.Web.Test.UI.LoyaltyWeb.DLL" adapterTypeName="Microsoft.VisualStudio.TestTools.TestTypes.Unit.UnitTestAdapter, Microsoft.VisualStudio.QualityTools.Tips.UnitTest.Adapter, Version=12.0.0.0, Culture=neutral, PublicKeyToken=b03f5f7f11d50a3a" className="Nordstrom.Web.Test.UI.LoyaltyWeb.Tests.LoyaltyRedeemTests, Nordstrom.Web.Test.UI.LoyaltyWeb, Version=1.0.0.0, Culture=neutral, PublicKeyToken=null" name="TenderNeutralRedeem_LoyaltyUserWithThreeTNCanadianNotes_VerifyThreeTNNotesAreNotVisible" />
    </UnitTest>
    <UnitTest name="TenderNeutralAssociation_MigratedRecognizedLoyatyUser_ShouldSeeErrorMessage" storage="c:\ecommerce\web\test\ui\loyaltyweb\loyaltywebtest\loyaltywebtest\bin\debug\nordstrom.web.test.ui.loyaltyweb.dll" id="3bbf2bb7-a19a-4c71-f847-eefde8af1036">
      <Description>Migrated recongized loyalty User should be able to see error messages.</Description>
      <TestCategory>
        <TestCategoryItem TestCategory="LoyaltyTenderNeutral" />
        <TestCategoryItem TestCategory="Association" />
      </TestCategory>
      <DeploymentItems>
        <DeploymentItem filename="ExternalBinaries" outputDirectory=".\ExternalBinaries" />
        <DeploymentItem filename="TestData" outputDirectory=".\TestData" />
        <DeploymentItem filename="TestRunConfig" outputDirectory=".\TestRunConfig" />
      </DeploymentItems>
      <Execution id="29ad59ad-921b-4b02-ab39-efeb984d3385" />
      <TestMethod codeBase="C:/Ecommerce/Web/Test/UI/LoyaltyWeb/LoyaltyWebTest/LoyaltyWebTest/bin/Debug/Nordstrom.Web.Test.UI.LoyaltyWeb.DLL" adapterTypeName="Microsoft.VisualStudio.TestTools.TestTypes.Unit.UnitTestAdapter, Microsoft.VisualStudio.QualityTools.Tips.UnitTest.Adapter, Version=12.0.0.0, Culture=neutral, PublicKeyToken=b03f5f7f11d50a3a" className="Nordstrom.Web.Test.UI.LoyaltyWeb.Tests.LoyaltyAssociationTests, Nordstrom.Web.Test.UI.LoyaltyWeb, Version=1.0.0.0, Culture=neutral, PublicKeyToken=null" name="TenderNeutralAssociation_MigratedRecognizedLoyatyUser_ShouldSeeErrorMessage" />
    </UnitTest>
    <UnitTest name="LoyaltyLearnPage_ClickOnBecomeAMemberLink_NavigatesToRelevantPageSuccessfully" storage="c:\ecommerce\web\test\ui\loyaltyweb\loyaltywebtest\loyaltywebtest\bin\debug\nordstrom.web.test.ui.loyaltyweb.dll" id="8dd5d845-97f6-d5b6-1eef-4998468e841a">
      <Description>To verify Become a Member link on Learn Page is navigated to the relevant page successfully</Description>
      <TestCategory>
        <TestCategoryItem TestCategory="LoyaltyTenderNeutral" />
        <TestCategoryItem TestCategory="Learn" />
      </TestCategory>
      <DeploymentItems>
        <DeploymentItem filename="ExternalBinaries" outputDirectory=".\ExternalBinaries" />
        <DeploymentItem filename="TestData" outputDirectory=".\TestData" />
        <DeploymentItem filename="TestRunConfig" outputDirectory=".\TestRunConfig" />
      </DeploymentItems>
      <Execution id="1263c9a8-cab0-4b12-82dc-fbf9c5648d3a" />
      <TestMethod codeBase="C:/Ecommerce/Web/Test/UI/LoyaltyWeb/LoyaltyWebTest/LoyaltyWebTest/bin/Debug/Nordstrom.Web.Test.UI.LoyaltyWeb.DLL" adapterTypeName="Microsoft.VisualStudio.TestTools.TestTypes.Unit.UnitTestAdapter, Microsoft.VisualStudio.QualityTools.Tips.UnitTest.Adapter, Version=12.0.0.0, Culture=neutral, PublicKeyToken=b03f5f7f11d50a3a" className="Nordstrom.Web.Test.UI.LoyaltyWeb.Tests.LoyaltyLearnTests, Nordstrom.Web.Test.UI.LoyaltyWeb, Version=1.0.0.0, Culture=neutral, PublicKeyToken=null" name="LoyaltyLearnPage_ClickOnBecomeAMemberLink_NavigatesToRelevantPageSuccessfully" />
    </UnitTest>
    <UnitTest name="SuccessAssociationPageModalPopupsValidation_GuestUserMaximumLimitGetANewCodeClickValidation_ValidMessageDisplayedSuccessfully" storage="c:\ecommerce\web\test\ui\loyaltyweb\loyaltywebtest\loyaltywebtest\bin\debug\nordstrom.web.test.ui.loyaltyweb.dll" id="6c0db2f8-dfd1-2cc3-3897-b223110f3534">
      <Description>Click on 'Get a new code' at maximum limit and verifying the valid message displayed successfully</Description>
      <TestCategory>
        <TestCategoryItem TestCategory="LoyaltyTenderNeutral" />
        <TestCategoryItem TestCategory="MobileVerification" />
      </TestCategory>
      <DeploymentItems>
        <DeploymentItem filename="ExternalBinaries" outputDirectory=".\ExternalBinaries" />
        <DeploymentItem filename="TestData" outputDirectory=".\TestData" />
        <DeploymentItem filename="TestRunConfig" outputDirectory=".\TestRunConfig" />
      </DeploymentItems>
      <Execution id="ef680f98-52c9-439c-93d5-981555e4340d" />
      <TestMethod codeBase="C:/Ecommerce/Web/Test/UI/LoyaltyWeb/LoyaltyWebTest/LoyaltyWebTest/bin/Debug/Nordstrom.Web.Test.UI.LoyaltyWeb.DLL" adapterTypeName="Microsoft.VisualStudio.TestTools.TestTypes.Unit.UnitTestAdapter, Microsoft.VisualStudio.QualityTools.Tips.UnitTest.Adapter, Version=12.0.0.0, Culture=neutral, PublicKeyToken=b03f5f7f11d50a3a" className="Nordstrom.Web.Test.UI.LoyaltyWeb.Tests.LoyaltyTenderNeutralMobileVerificationPageTests, Nordstrom.Web.Test.UI.LoyaltyWeb, Version=1.0.0.0, Culture=neutral, PublicKeyToken=null" name="SuccessAssociationPageModalPopupsValidation_GuestUserMaximumLimitGetANewCodeClickValidation_ValidMessageDisplayedSuccessfully" />
    </UnitTest>
    <UnitTest name="TenderNeutralRewardsEnroll_LoyaltyTNAuthenticatedUserSpecialCharacterinCodeField_ThrowseError" storage="c:\ecommerce\web\test\ui\loyaltyweb\loyaltywebtest\loyaltywebtest\bin\debug\nordstrom.web.test.ui.loyaltyweb.dll" id="9491376b-429f-5684-34ce-4b9a38c69111">
      <Description>Verify that error message is displayed when special characters are entered in mobile verification code field</Description>
      <TestCategory>
        <TestCategoryItem TestCategory="LoyaltyTenderNeutral" />
        <TestCategoryItem TestCategory="MobileVerification" />
      </TestCategory>
      <DeploymentItems>
        <DeploymentItem filename="ExternalBinaries" outputDirectory=".\ExternalBinaries" />
        <DeploymentItem filename="TestData" outputDirectory=".\TestData" />
        <DeploymentItem filename="TestRunConfig" outputDirectory=".\TestRunConfig" />
      </DeploymentItems>
      <Execution id="23a40a97-f526-4ce0-ac2e-40e0d0a0afdf" />
      <TestMethod codeBase="C:/Ecommerce/Web/Test/UI/LoyaltyWeb/LoyaltyWebTest/LoyaltyWebTest/bin/Debug/Nordstrom.Web.Test.UI.LoyaltyWeb.DLL" adapterTypeName="Microsoft.VisualStudio.TestTools.TestTypes.Unit.UnitTestAdapter, Microsoft.VisualStudio.QualityTools.Tips.UnitTest.Adapter, Version=12.0.0.0, Culture=neutral, PublicKeyToken=b03f5f7f11d50a3a" className="Nordstrom.Web.Test.UI.LoyaltyWeb.Tests.LoyaltyTenderNeutralMobileVerificationPageTests, Nordstrom.Web.Test.UI.LoyaltyWeb, Version=1.0.0.0, Culture=neutral, PublicKeyToken=null" name="TenderNeutralRewardsEnroll_LoyaltyTNAuthenticatedUserSpecialCharacterinCodeField_ThrowseError" />
    </UnitTest>
    <UnitTest name="TNEarn_AuthenticatedAndAssociatedUserNavigatesToCheckoutPage_ThanksMessageDisplayedOnUsingNordstromCard" storage="c:\ecommerce\web\test\ui\loyaltyweb\loyaltywebtest\loyaltywebtest\bin\debug\nordstrom.web.test.ui.loyaltyweb.dll" id="693eb4ff-b205-ddd7-2b5e-73f1986122c9">
      <Description>Verify the Thanks message is displayed for an authenticated and associated user using Nordstrom card in payment section</Description>
      <TestCategory>
        <TestCategoryItem TestCategory="EarnTests" />
      </TestCategory>
      <DeploymentItems>
        <DeploymentItem filename="ExternalBinaries" outputDirectory=".\ExternalBinaries" />
        <DeploymentItem filename="TestData" outputDirectory=".\TestData" />
        <DeploymentItem filename="TestRunConfig" outputDirectory=".\TestRunConfig" />
      </DeploymentItems>
      <Execution id="030d41be-dca5-46ec-a8f0-f211674e78c8" />
      <TestMethod codeBase="C:/Ecommerce/Web/Test/UI/LoyaltyWeb/LoyaltyWebTest/LoyaltyWebTest/bin/Debug/Nordstrom.Web.Test.UI.LoyaltyWeb.DLL" adapterTypeName="Microsoft.VisualStudio.TestTools.TestTypes.Unit.UnitTestAdapter, Microsoft.VisualStudio.QualityTools.Tips.UnitTest.Adapter, Version=12.0.0.0, Culture=neutral, PublicKeyToken=b03f5f7f11d50a3a" className="Nordstrom.Web.Test.UI.LoyaltyWeb.LoyaltyEarnTests, Nordstrom.Web.Test.UI.LoyaltyWeb, Version=1.0.0.0, Culture=neutral, PublicKeyToken=null" name="TNEarn_AuthenticatedAndAssociatedUserNavigatesToCheckoutPage_ThanksMessageDisplayedOnUsingNordstromCard" />
    </UnitTest>
    <UnitTest name="TNEarn_AuthenticatedUnassociatedUserNavigatestoCheckoutPage_ClickingOnEarnPointsLinkOpensRewardsModuleSuccessfully" storage="c:\ecommerce\web\test\ui\loyaltyweb\loyaltywebtest\loyaltywebtest\bin\debug\nordstrom.web.test.ui.loyaltyweb.dll" id="e742020b-6600-e27d-4ee6-ea80fd4144e2">
      <Description>Verify that by clicking on 'earn points with your Rewards number' link, opens up the module with two radio buttons</Description>
      <TestCategory>
        <TestCategoryItem TestCategory="LoyaltyTenderNeutral" />
        <TestCategoryItem TestCategory="EarnTests" />
      </TestCategory>
      <DeploymentItems>
        <DeploymentItem filename="ExternalBinaries" outputDirectory=".\ExternalBinaries" />
        <DeploymentItem filename="TestData" outputDirectory=".\TestData" />
        <DeploymentItem filename="TestRunConfig" outputDirectory=".\TestRunConfig" />
      </DeploymentItems>
      <Execution id="93ce79f0-3543-4829-96b1-6825063a99db" />
      <TestMethod codeBase="C:/Ecommerce/Web/Test/UI/LoyaltyWeb/LoyaltyWebTest/LoyaltyWebTest/bin/Debug/Nordstrom.Web.Test.UI.LoyaltyWeb.DLL" adapterTypeName="Microsoft.VisualStudio.TestTools.TestTypes.Unit.UnitTestAdapter, Microsoft.VisualStudio.QualityTools.Tips.UnitTest.Adapter, Version=12.0.0.0, Culture=neutral, PublicKeyToken=b03f5f7f11d50a3a" className="Nordstrom.Web.Test.UI.LoyaltyWeb.LoyaltyEarnTests, Nordstrom.Web.Test.UI.LoyaltyWeb, Version=1.0.0.0, Culture=neutral, PublicKeyToken=null" name="TNEarn_AuthenticatedUnassociatedUserNavigatestoCheckoutPage_ClickingOnEarnPointsLinkOpensRewardsModuleSuccessfully" />
    </UnitTest>
    <UnitTest name="TNEarn_LoyaltyWebEnrolledUserNavigatesToCheckoutPage_RewardsSectionHasThanksMessageDisplayed" storage="c:\ecommerce\web\test\ui\loyaltyweb\loyaltywebtest\loyaltywebtest\bin\debug\nordstrom.web.test.ui.loyaltyweb.dll" id="cde4d37b-0211-be04-3e2f-a68ba4a27e2e">
      <Description>Verify that a user after enrolling as a guest user in loyalty web is able to see Rewards section with Thank you message in Order submit page.</Description>
      <TestCategory>
        <TestCategoryItem TestCategory="LoyaltyTenderNeutral" />
        <TestCategoryItem TestCategory="EarnTests" />
      </TestCategory>
      <DeploymentItems>
        <DeploymentItem filename="ExternalBinaries" outputDirectory=".\ExternalBinaries" />
        <DeploymentItem filename="TestData" outputDirectory=".\TestData" />
        <DeploymentItem filename="TestRunConfig" outputDirectory=".\TestRunConfig" />
      </DeploymentItems>
      <Execution id="81c7e42c-2543-4663-93e0-6629c6d8b9d9" />
      <TestMethod codeBase="C:/Ecommerce/Web/Test/UI/LoyaltyWeb/LoyaltyWebTest/LoyaltyWebTest/bin/Debug/Nordstrom.Web.Test.UI.LoyaltyWeb.DLL" adapterTypeName="Microsoft.VisualStudio.TestTools.TestTypes.Unit.UnitTestAdapter, Microsoft.VisualStudio.QualityTools.Tips.UnitTest.Adapter, Version=12.0.0.0, Culture=neutral, PublicKeyToken=b03f5f7f11d50a3a" className="Nordstrom.Web.Test.UI.LoyaltyWeb.LoyaltyEarnTests, Nordstrom.Web.Test.UI.LoyaltyWeb, Version=1.0.0.0, Culture=neutral, PublicKeyToken=null" name="TNEarn_LoyaltyWebEnrolledUserNavigatesToCheckoutPage_RewardsSectionHasThanksMessageDisplayed" />
    </UnitTest>
    <UnitTest name="TNEarn_AuthenticatedUnassociatedUserEntersPhoneNumberInRewardsSection_PhoneNumberIsDisplayedSuccessfully" storage="c:\ecommerce\web\test\ui\loyaltyweb\loyaltywebtest\loyaltywebtest\bin\debug\nordstrom.web.test.ui.loyaltyweb.dll" id="d4d81efe-8fca-97fe-febd-54dbc2158b45">
      <Description>Verify that the phone number is successfully displayed after saving the phone number in Rewards Section</Description>
      <TestCategory>
        <TestCategoryItem TestCategory="EarnTests" />
      </TestCategory>
      <DeploymentItems>
        <DeploymentItem filename="ExternalBinaries" outputDirectory=".\ExternalBinaries" />
        <DeploymentItem filename="TestData" outputDirectory=".\TestData" />
        <DeploymentItem filename="TestRunConfig" outputDirectory=".\TestRunConfig" />
      </DeploymentItems>
      <Execution id="f2cddb06-30d3-440d-91c5-02de566f7674" />
      <TestMethod codeBase="C:/Ecommerce/Web/Test/UI/LoyaltyWeb/LoyaltyWebTest/LoyaltyWebTest/bin/Debug/Nordstrom.Web.Test.UI.LoyaltyWeb.DLL" adapterTypeName="Microsoft.VisualStudio.TestTools.TestTypes.Unit.UnitTestAdapter, Microsoft.VisualStudio.QualityTools.Tips.UnitTest.Adapter, Version=12.0.0.0, Culture=neutral, PublicKeyToken=b03f5f7f11d50a3a" className="Nordstrom.Web.Test.UI.LoyaltyWeb.LoyaltyEarnTests, Nordstrom.Web.Test.UI.LoyaltyWeb, Version=1.0.0.0, Culture=neutral, PublicKeyToken=null" name="TNEarn_AuthenticatedUnassociatedUserEntersPhoneNumberInRewardsSection_PhoneNumberIsDisplayedSuccessfully" />
    </UnitTest>
    <UnitTest name="TenderNeutralRewardsRegister_GuestUserEnrollsWithExistingWebAccount_ShouldFailInEnroll" storage="c:\ecommerce\web\test\ui\loyaltyweb\loyaltywebtest\loyaltywebtest\bin\debug\nordstrom.web.test.ui.loyaltyweb.dll" id="4cdd7e88-53ec-70f0-6008-c9729c50731d">
      <Description>Guest user enrolls with existing web account would fail in enrollment</Description>
      <TestCategory>
        <TestCategoryItem TestCategory="Enroll" />
        <TestCategoryItem TestCategory="LoyaltyTenderNeutral" />
      </TestCategory>
      <DeploymentItems>
        <DeploymentItem filename="ExternalBinaries" outputDirectory=".\ExternalBinaries" />
        <DeploymentItem filename="TestData" outputDirectory=".\TestData" />
        <DeploymentItem filename="TestRunConfig" outputDirectory=".\TestRunConfig" />
      </DeploymentItems>
      <Execution id="92acb1f1-c412-493c-97b7-5e53f0879289" />
      <TestMethod codeBase="C:/Ecommerce/Web/Test/UI/LoyaltyWeb/LoyaltyWebTest/LoyaltyWebTest/bin/Debug/Nordstrom.Web.Test.UI.LoyaltyWeb.DLL" adapterTypeName="Microsoft.VisualStudio.TestTools.TestTypes.Unit.UnitTestAdapter, Microsoft.VisualStudio.QualityTools.Tips.UnitTest.Adapter, Version=12.0.0.0, Culture=neutral, PublicKeyToken=b03f5f7f11d50a3a" className="Nordstrom.Web.Test.UI.LoyaltyWeb.Tests.LoyaltyRegisterTests, Nordstrom.Web.Test.UI.LoyaltyWeb, Version=1.0.0.0, Culture=neutral, PublicKeyToken=null" name="TenderNeutralRewardsRegister_GuestUserEnrollsWithExistingWebAccount_ShouldFailInEnroll" />
    </UnitTest>
    <UnitTest name="SuccessAssociationPageModalPopupsValidation_OkButtonGetANewCodeModalValidation_OkButtonInGetANewCodeModalClosedModalSuccessfully" storage="c:\ecommerce\web\test\ui\loyaltyweb\loyaltywebtest\loyaltywebtest\bin\debug\nordstrom.web.test.ui.loyaltyweb.dll" id="9fb4e1d2-999a-c33d-23d3-ecf379afa208">
      <Description>'Get a new code' Modal Popup OK Button Functionality verification</Description>
      <TestCategory>
        <TestCategoryItem TestCategory="LoyaltyTenderNeutral" />
        <TestCategoryItem TestCategory="MobileVerification" />
      </TestCategory>
      <DeploymentItems>
        <DeploymentItem filename="ExternalBinaries" outputDirectory=".\ExternalBinaries" />
        <DeploymentItem filename="TestData" outputDirectory=".\TestData" />
        <DeploymentItem filename="TestRunConfig" outputDirectory=".\TestRunConfig" />
      </DeploymentItems>
      <Execution id="c6391bb1-de70-47a4-b838-64173dbe9460" />
      <TestMethod codeBase="C:/Ecommerce/Web/Test/UI/LoyaltyWeb/LoyaltyWebTest/LoyaltyWebTest/bin/Debug/Nordstrom.Web.Test.UI.LoyaltyWeb.DLL" adapterTypeName="Microsoft.VisualStudio.TestTools.TestTypes.Unit.UnitTestAdapter, Microsoft.VisualStudio.QualityTools.Tips.UnitTest.Adapter, Version=12.0.0.0, Culture=neutral, PublicKeyToken=b03f5f7f11d50a3a" className="Nordstrom.Web.Test.UI.LoyaltyWeb.Tests.LoyaltyTenderNeutralMobileVerificationPageTests, Nordstrom.Web.Test.UI.LoyaltyWeb, Version=1.0.0.0, Culture=neutral, PublicKeyToken=null" name="SuccessAssociationPageModalPopupsValidation_OkButtonGetANewCodeModalValidation_OkButtonInGetANewCodeModalClosedModalSuccessfully" />
    </UnitTest>
    <UnitTest name="TNEarn_AuthenticatedUnassociatedUserEntersAlphanumericCharactersInRewardsPhoneNumberField_ErrorMessageDisplayedSuccessfully" storage="c:\ecommerce\web\test\ui\loyaltyweb\loyaltywebtest\loyaltywebtest\bin\debug\nordstrom.web.test.ui.loyaltyweb.dll" id="0d7fc95c-de99-75a8-b2ca-f9392ee6e6b4">
      <Description>Verify the error message displayed when entered Alphanumeric Character in Rewards Phone number field.</Description>
      <TestCategory>
        <TestCategoryItem TestCategory="EarnTests" />
      </TestCategory>
      <DeploymentItems>
        <DeploymentItem filename="ExternalBinaries" outputDirectory=".\ExternalBinaries" />
        <DeploymentItem filename="TestData" outputDirectory=".\TestData" />
        <DeploymentItem filename="TestRunConfig" outputDirectory=".\TestRunConfig" />
      </DeploymentItems>
      <Execution id="67890a13-684d-4cdb-9503-f93b9d80fa56" />
      <TestMethod codeBase="C:/Ecommerce/Web/Test/UI/LoyaltyWeb/LoyaltyWebTest/LoyaltyWebTest/bin/Debug/Nordstrom.Web.Test.UI.LoyaltyWeb.DLL" adapterTypeName="Microsoft.VisualStudio.TestTools.TestTypes.Unit.UnitTestAdapter, Microsoft.VisualStudio.QualityTools.Tips.UnitTest.Adapter, Version=12.0.0.0, Culture=neutral, PublicKeyToken=b03f5f7f11d50a3a" className="Nordstrom.Web.Test.UI.LoyaltyWeb.LoyaltyEarnTests, Nordstrom.Web.Test.UI.LoyaltyWeb, Version=1.0.0.0, Culture=neutral, PublicKeyToken=null" name="TNEarn_AuthenticatedUnassociatedUserEntersAlphanumericCharactersInRewardsPhoneNumberField_ErrorMessageDisplayedSuccessfully" />
    </UnitTest>
    <UnitTest name="TNEarn_AuthenticatedUnassociatedUserNavigatestoCheckoutPage_ThanksMessageIsNotDisplayed" storage="c:\ecommerce\web\test\ui\loyaltyweb\loyaltywebtest\loyaltywebtest\bin\debug\nordstrom.web.test.ui.loyaltyweb.dll" id="8aac4b9e-b18a-8da6-8fc8-4bf6a3a1f635">
      <Description>Verify that the Authenticated user who has not linked N.com and TN number sees the 'Rewards' block but no Thanks Message</Description>
      <TestCategory>
        <TestCategoryItem TestCategory="LoyaltyTenderNeutral" />
        <TestCategoryItem TestCategory="EarnTests" />
      </TestCategory>
      <DeploymentItems>
        <DeploymentItem filename="ExternalBinaries" outputDirectory=".\ExternalBinaries" />
        <DeploymentItem filename="TestData" outputDirectory=".\TestData" />
        <DeploymentItem filename="TestRunConfig" outputDirectory=".\TestRunConfig" />
      </DeploymentItems>
      <Execution id="8a063a84-3f07-405d-a54d-d73cb804e3a6" />
      <TestMethod codeBase="C:/Ecommerce/Web/Test/UI/LoyaltyWeb/LoyaltyWebTest/LoyaltyWebTest/bin/Debug/Nordstrom.Web.Test.UI.LoyaltyWeb.DLL" adapterTypeName="Microsoft.VisualStudio.TestTools.TestTypes.Unit.UnitTestAdapter, Microsoft.VisualStudio.QualityTools.Tips.UnitTest.Adapter, Version=12.0.0.0, Culture=neutral, PublicKeyToken=b03f5f7f11d50a3a" className="Nordstrom.Web.Test.UI.LoyaltyWeb.LoyaltyEarnTests, Nordstrom.Web.Test.UI.LoyaltyWeb, Version=1.0.0.0, Culture=neutral, PublicKeyToken=null" name="TNEarn_AuthenticatedUnassociatedUserNavigatestoCheckoutPage_ThanksMessageIsNotDisplayed" />
    </UnitTest>
    <UnitTest name="TNEarn_RecognisedUserNavigatesToCheckoutPage_RewardsSectionSuccessfullyDisplayedOnSignIn" storage="c:\ecommerce\web\test\ui\loyaltyweb\loyaltywebtest\loyaltywebtest\bin\debug\nordstrom.web.test.ui.loyaltyweb.dll" id="1cbf720d-74ac-ea04-85c7-e3b1c8140159">
      <Description>Verify that a returning customer(unassociated) as recognised user in checkout page sees the Rewards block once he signs in</Description>
      <TestCategory>
        <TestCategoryItem TestCategory="LoyaltyTenderNeutral" />
        <TestCategoryItem TestCategory="EarnTests" />
      </TestCategory>
      <DeploymentItems>
        <DeploymentItem filename="ExternalBinaries" outputDirectory=".\ExternalBinaries" />
        <DeploymentItem filename="TestData" outputDirectory=".\TestData" />
        <DeploymentItem filename="TestRunConfig" outputDirectory=".\TestRunConfig" />
      </DeploymentItems>
      <Execution id="ab777d9c-53f9-4ebe-8d4c-4ed499a35061" />
      <TestMethod codeBase="C:/Ecommerce/Web/Test/UI/LoyaltyWeb/LoyaltyWebTest/LoyaltyWebTest/bin/Debug/Nordstrom.Web.Test.UI.LoyaltyWeb.DLL" adapterTypeName="Microsoft.VisualStudio.TestTools.TestTypes.Unit.UnitTestAdapter, Microsoft.VisualStudio.QualityTools.Tips.UnitTest.Adapter, Version=12.0.0.0, Culture=neutral, PublicKeyToken=b03f5f7f11d50a3a" className="Nordstrom.Web.Test.UI.LoyaltyWeb.LoyaltyEarnTests, Nordstrom.Web.Test.UI.LoyaltyWeb, Version=1.0.0.0, Culture=neutral, PublicKeyToken=null" name="TNEarn_RecognisedUserNavigatesToCheckoutPage_RewardsSectionSuccessfullyDisplayedOnSignIn" />
    </UnitTest>
    <UnitTest name="TenderNeutralRewardsEnroll_LoyaltyTenderNeutralRegisteredAuthenticatedUser_EmailPrePopulationVerificationSuccessful" storage="c:\ecommerce\web\test\ui\loyaltyweb\loyaltywebtest\loyaltywebtest\bin\debug\nordstrom.web.test.ui.loyaltyweb.dll" id="5e90776e-c948-1da3-08bd-ad7b4be24524">
      <Description>Verify pre-population of email field on loyalty enroll page for a N.com Registered user</Description>
      <TestCategory>
        <TestCategoryItem TestCategory="LoyaltyTenderNeutral" />
        <TestCategoryItem TestCategory="Enroll" />
      </TestCategory>
      <DeploymentItems>
        <DeploymentItem filename="ExternalBinaries" outputDirectory=".\ExternalBinaries" />
        <DeploymentItem filename="TestData" outputDirectory=".\TestData" />
        <DeploymentItem filename="TestRunConfig" outputDirectory=".\TestRunConfig" />
      </DeploymentItems>
      <Execution id="f4486a0d-b2ac-4515-b8c6-620abf2016d2" />
      <TestMethod codeBase="C:/Ecommerce/Web/Test/UI/LoyaltyWeb/LoyaltyWebTest/LoyaltyWebTest/bin/Debug/Nordstrom.Web.Test.UI.LoyaltyWeb.DLL" adapterTypeName="Microsoft.VisualStudio.TestTools.TestTypes.Unit.UnitTestAdapter, Microsoft.VisualStudio.QualityTools.Tips.UnitTest.Adapter, Version=12.0.0.0, Culture=neutral, PublicKeyToken=b03f5f7f11d50a3a" className="Nordstrom.Web.Test.UI.LoyaltyWeb.Tests.LoyaltyRegisterTests, Nordstrom.Web.Test.UI.LoyaltyWeb, Version=1.0.0.0, Culture=neutral, PublicKeyToken=null" name="TenderNeutralRewardsEnroll_LoyaltyTenderNeutralRegisteredAuthenticatedUser_EmailPrePopulationVerificationSuccessful" />
    </UnitTest>
    <UnitTest name="LoyaltyLearnPage_ClickPersonalTriplePointsDayLinkOnLearnPage_NavigatesToBenifitsPage" storage="c:\ecommerce\web\test\ui\loyaltyweb\loyaltywebtest\loyaltywebtest\bin\debug\nordstrom.web.test.ui.loyaltyweb.dll" id="94dff5fb-86a8-bfaf-afa8-0fa1c7d878c4">
      <Description>To verify Personal Triple Points Days link on Learn Page is navigated to the relevant page successfully</Description>
      <TestCategory>
        <TestCategoryItem TestCategory="Learn" />
        <TestCategoryItem TestCategory="LoyaltyTenderNeutral" />
      </TestCategory>
      <DeploymentItems>
        <DeploymentItem filename="ExternalBinaries" outputDirectory=".\ExternalBinaries" />
        <DeploymentItem filename="TestData" outputDirectory=".\TestData" />
        <DeploymentItem filename="TestRunConfig" outputDirectory=".\TestRunConfig" />
      </DeploymentItems>
      <Execution id="ab96621d-a032-4bab-83bc-1d188f325806" />
      <TestMethod codeBase="C:/Ecommerce/Web/Test/UI/LoyaltyWeb/LoyaltyWebTest/LoyaltyWebTest/bin/Debug/Nordstrom.Web.Test.UI.LoyaltyWeb.DLL" adapterTypeName="Microsoft.VisualStudio.TestTools.TestTypes.Unit.UnitTestAdapter, Microsoft.VisualStudio.QualityTools.Tips.UnitTest.Adapter, Version=12.0.0.0, Culture=neutral, PublicKeyToken=b03f5f7f11d50a3a" className="Nordstrom.Web.Test.UI.LoyaltyWeb.Tests.LoyaltyLearnTests, Nordstrom.Web.Test.UI.LoyaltyWeb, Version=1.0.0.0, Culture=neutral, PublicKeyToken=null" name="LoyaltyLearnPage_ClickPersonalTriplePointsDayLinkOnLearnPage_NavigatesToBenifitsPage" />
    </UnitTest>
    <UnitTest name="ServiceCenterLoyaltyAccountCreation" storage="c:\ecommerce\web\test\ui\loyaltyweb\loyaltywebtest\loyaltywebtest\bin\debug\nordstrom.web.test.ui.loyaltyweb.dll" id="24da5bb4-60a0-0a6c-7d64-542de22d3e50">
      <Description>Create A Service Center loyalty customer</Description>
      <TestCategory>
        <TestCategoryItem TestCategory="Creator" />
      </TestCategory>
      <DeploymentItems>
        <DeploymentItem filename="ExternalBinaries" outputDirectory=".\ExternalBinaries" />
        <DeploymentItem filename="TestData" outputDirectory=".\TestData" />
        <DeploymentItem filename="TestRunConfig" outputDirectory=".\TestRunConfig" />
      </DeploymentItems>
      <Execution id="d060c851-69bb-4d80-9104-89f1f44ed1e3" />
      <TestMethod codeBase="C:/Ecommerce/Web/Test/UI/LoyaltyWeb/LoyaltyWebTest/LoyaltyWebTest/bin/Debug/Nordstrom.Web.Test.UI.LoyaltyWeb.DLL" adapterTypeName="Microsoft.VisualStudio.TestTools.TestTypes.Unit.UnitTestAdapter, Microsoft.VisualStudio.QualityTools.Tips.UnitTest.Adapter, Version=12.0.0.0, Culture=neutral, PublicKeyToken=b03f5f7f11d50a3a" className="Nordstrom.Web.Test.UI.LoyaltyWeb.AccountCreator, Nordstrom.Web.Test.UI.LoyaltyWeb, Version=1.0.0.0, Culture=neutral, PublicKeyToken=null" name="ServiceCenterLoyaltyAccountCreation" />
    </UnitTest>
    <UnitTest name="TenderNeutralRewardsEnroll_MarketingPreferenceForAuthenticatedUser_MarketingPreferenceNotDisplayed" storage="c:\ecommerce\web\test\ui\loyaltyweb\loyaltywebtest\loyaltywebtest\bin\debug\nordstrom.web.test.ui.loyaltyweb.dll" id="cff1a9b5-982b-0782-b358-bf98fbe79b46">
      <Description>Verify that the marketing preference is not displayed on Loyalty enroll page for a N.com registered authenticated user</Description>
      <TestCategory>
        <TestCategoryItem TestCategory="Enroll" />
        <TestCategoryItem TestCategory="LoyaltyTenderNeutral" />
      </TestCategory>
      <DeploymentItems>
        <DeploymentItem filename="ExternalBinaries" outputDirectory=".\ExternalBinaries" />
        <DeploymentItem filename="TestData" outputDirectory=".\TestData" />
        <DeploymentItem filename="TestRunConfig" outputDirectory=".\TestRunConfig" />
      </DeploymentItems>
      <Execution id="c1e852ef-8557-42af-b898-b9ce43869e47" />
      <TestMethod codeBase="C:/Ecommerce/Web/Test/UI/LoyaltyWeb/LoyaltyWebTest/LoyaltyWebTest/bin/Debug/Nordstrom.Web.Test.UI.LoyaltyWeb.DLL" adapterTypeName="Microsoft.VisualStudio.TestTools.TestTypes.Unit.UnitTestAdapter, Microsoft.VisualStudio.QualityTools.Tips.UnitTest.Adapter, Version=12.0.0.0, Culture=neutral, PublicKeyToken=b03f5f7f11d50a3a" className="Nordstrom.Web.Test.UI.LoyaltyWeb.Tests.LoyaltyRegisterTests, Nordstrom.Web.Test.UI.LoyaltyWeb, Version=1.0.0.0, Culture=neutral, PublicKeyToken=null" name="TenderNeutralRewardsEnroll_MarketingPreferenceForAuthenticatedUser_MarketingPreferenceNotDisplayed" />
    </UnitTest>
    <UnitTest name="TenderNeutralRewardsEnroll_AuthenticatedUserVerifyLinksOnThePage_LinksShouldNavigatetoCorrectUrls" storage="c:\ecommerce\web\test\ui\loyaltyweb\loyaltywebtest\loyaltywebtest\bin\debug\nordstrom.web.test.ui.loyaltyweb.dll" id="f8d1d988-f943-40e2-ee28-4a7d97a4b357">
      <Description>Verify that links on the enroll page works for an authenticated user</Description>
      <TestCategory>
        <TestCategoryItem TestCategory="LoyaltyTenderNeutral" />
        <TestCategoryItem TestCategory="Enroll" />
      </TestCategory>
      <DeploymentItems>
        <DeploymentItem filename="ExternalBinaries" outputDirectory=".\ExternalBinaries" />
        <DeploymentItem filename="TestData" outputDirectory=".\TestData" />
        <DeploymentItem filename="TestRunConfig" outputDirectory=".\TestRunConfig" />
      </DeploymentItems>
      <Execution id="0bee524d-c6c7-4f18-a916-dc11a37ea5e6" />
      <TestMethod codeBase="C:/Ecommerce/Web/Test/UI/LoyaltyWeb/LoyaltyWebTest/LoyaltyWebTest/bin/Debug/Nordstrom.Web.Test.UI.LoyaltyWeb.DLL" adapterTypeName="Microsoft.VisualStudio.TestTools.TestTypes.Unit.UnitTestAdapter, Microsoft.VisualStudio.QualityTools.Tips.UnitTest.Adapter, Version=12.0.0.0, Culture=neutral, PublicKeyToken=b03f5f7f11d50a3a" className="Nordstrom.Web.Test.UI.LoyaltyWeb.Tests.LoyaltyRegisterTests, Nordstrom.Web.Test.UI.LoyaltyWeb, Version=1.0.0.0, Culture=neutral, PublicKeyToken=null" name="TenderNeutralRewardsEnroll_AuthenticatedUserVerifyLinksOnThePage_LinksShouldNavigatetoCorrectUrls" />
    </UnitTest>
    <UnitTest name="LoyaltyLearnPage_ClickExclusiveBenefitsOnLearnPage_NavigatesToBenifitsPage" storage="c:\ecommerce\web\test\ui\loyaltyweb\loyaltywebtest\loyaltywebtest\bin\debug\nordstrom.web.test.ui.loyaltyweb.dll" id="eb2347e3-db41-69e3-9409-7bcf4239f39e">
      <Description>To verify Exclusive Benefits link on Learn Page is navigated to the relevant page successfully</Description>
      <TestCategory>
        <TestCategoryItem TestCategory="LoyaltyTenderNeutral" />
        <TestCategoryItem TestCategory="Learn" />
      </TestCategory>
      <DeploymentItems>
        <DeploymentItem filename="ExternalBinaries" outputDirectory=".\ExternalBinaries" />
        <DeploymentItem filename="TestData" outputDirectory=".\TestData" />
        <DeploymentItem filename="TestRunConfig" outputDirectory=".\TestRunConfig" />
      </DeploymentItems>
      <Execution id="6f983ba6-f999-4f7c-8f3c-157c6a03d0a8" />
      <TestMethod codeBase="C:/Ecommerce/Web/Test/UI/LoyaltyWeb/LoyaltyWebTest/LoyaltyWebTest/bin/Debug/Nordstrom.Web.Test.UI.LoyaltyWeb.DLL" adapterTypeName="Microsoft.VisualStudio.TestTools.TestTypes.Unit.UnitTestAdapter, Microsoft.VisualStudio.QualityTools.Tips.UnitTest.Adapter, Version=12.0.0.0, Culture=neutral, PublicKeyToken=b03f5f7f11d50a3a" className="Nordstrom.Web.Test.UI.LoyaltyWeb.Tests.LoyaltyLearnTests, Nordstrom.Web.Test.UI.LoyaltyWeb, Version=1.0.0.0, Culture=neutral, PublicKeyToken=null" name="LoyaltyLearnPage_ClickExclusiveBenefitsOnLearnPage_NavigatesToBenifitsPage" />
    </UnitTest>
    <UnitTest name="TenderNeutralManage_AuthenticatedUser_ErrorMessageDisplayedForPendingUserWhenTryingToEnrollDisplayedSuccessfully" storage="c:\ecommerce\web\test\ui\loyaltyweb\loyaltywebtest\loyaltywebtest\bin\debug\nordstrom.web.test.ui.loyaltyweb.dll" id="7930dcac-1907-bb64-58bc-217dfb6dd30a">
      <Description>Verify that when a user in Pending Closed status tries to enroll from web as authenticated user, proper error message is displayed</Description>
      <TestCategory>
        <TestCategoryItem TestCategory="Manage" />
        <TestCategoryItem TestCategory="LoyaltyTenderNeutral" />
      </TestCategory>
      <DeploymentItems>
        <DeploymentItem filename="ExternalBinaries" outputDirectory=".\ExternalBinaries" />
        <DeploymentItem filename="TestData" outputDirectory=".\TestData" />
        <DeploymentItem filename="TestRunConfig" outputDirectory=".\TestRunConfig" />
      </DeploymentItems>
      <Execution id="e2351c80-1f84-4911-be58-b42b1180b33b" />
      <TestMethod codeBase="C:/Ecommerce/Web/Test/UI/LoyaltyWeb/LoyaltyWebTest/LoyaltyWebTest/bin/Debug/Nordstrom.Web.Test.UI.LoyaltyWeb.DLL" adapterTypeName="Microsoft.VisualStudio.TestTools.TestTypes.Unit.UnitTestAdapter, Microsoft.VisualStudio.QualityTools.Tips.UnitTest.Adapter, Version=12.0.0.0, Culture=neutral, PublicKeyToken=b03f5f7f11d50a3a" className="Nordstrom.Web.Test.UI.LoyaltyWeb.Tests.LoyaltyManageTests, Nordstrom.Web.Test.UI.LoyaltyWeb, Version=1.0.0.0, Culture=neutral, PublicKeyToken=null" name="TenderNeutralManage_AuthenticatedUser_ErrorMessageDisplayedForPendingUserWhenTryingToEnrollDisplayedSuccessfully" />
    </UnitTest>
    <UnitTest name="TenderNeutralRewardsEnroll_LoyaltyTenderNeutralUnrecognisedUserLeaveFirstNameFieldBlankTabOut_ErrorMessageDisplayedSuccessfully" storage="c:\ecommerce\web\test\ui\loyaltyweb\loyaltywebtest\loyaltywebtest\bin\debug\nordstrom.web.test.ui.loyaltyweb.dll" id="19b11fba-c062-6cbb-d40d-7beea484b6eb">
      <Description>Verify that error message appear for first name field when it is left blank and we tab out for unrecognised user</Description>
      <TestCategory>
        <TestCategoryItem TestCategory="LoyaltyTenderNeutral" />
        <TestCategoryItem TestCategory="Enroll" />
      </TestCategory>
      <DeploymentItems>
        <DeploymentItem filename="ExternalBinaries" outputDirectory=".\ExternalBinaries" />
        <DeploymentItem filename="TestData" outputDirectory=".\TestData" />
        <DeploymentItem filename="TestRunConfig" outputDirectory=".\TestRunConfig" />
      </DeploymentItems>
      <Execution id="cd0e9c2f-e1f3-4dd3-85d0-7f95a142938b" />
      <TestMethod codeBase="C:/Ecommerce/Web/Test/UI/LoyaltyWeb/LoyaltyWebTest/LoyaltyWebTest/bin/Debug/Nordstrom.Web.Test.UI.LoyaltyWeb.DLL" adapterTypeName="Microsoft.VisualStudio.TestTools.TestTypes.Unit.UnitTestAdapter, Microsoft.VisualStudio.QualityTools.Tips.UnitTest.Adapter, Version=12.0.0.0, Culture=neutral, PublicKeyToken=b03f5f7f11d50a3a" className="Nordstrom.Web.Test.UI.LoyaltyWeb.Tests.LoyaltyRegisterTests, Nordstrom.Web.Test.UI.LoyaltyWeb, Version=1.0.0.0, Culture=neutral, PublicKeyToken=null" name="TenderNeutralRewardsEnroll_LoyaltyTenderNeutralUnrecognisedUserLeaveFirstNameFieldBlankTabOut_ErrorMessageDisplayedSuccessfully" />
    </UnitTest>
    <UnitTest name="TNEarn_AuthenticatedUnassociatedUserSkipsRewardsSection_PlacesTheOrderSuccessfully" storage="c:\ecommerce\web\test\ui\loyaltyweb\loyaltywebtest\loyaltywebtest\bin\debug\nordstrom.web.test.ui.loyaltyweb.dll" id="e1a56f23-f449-9454-c117-7c0592d24d1e">
      <Description>Verify Place Order for authenticated unassociated user who skips the rewards section on checkout page</Description>
      <TestCategory>
        <TestCategoryItem TestCategory="EarnTests" />
      </TestCategory>
      <DeploymentItems>
        <DeploymentItem filename="ExternalBinaries" outputDirectory=".\ExternalBinaries" />
        <DeploymentItem filename="TestData" outputDirectory=".\TestData" />
        <DeploymentItem filename="TestRunConfig" outputDirectory=".\TestRunConfig" />
      </DeploymentItems>
      <Execution id="e632998e-00b7-43fe-a287-e4b7055fbee0" />
      <TestMethod codeBase="C:/Ecommerce/Web/Test/UI/LoyaltyWeb/LoyaltyWebTest/LoyaltyWebTest/bin/Debug/Nordstrom.Web.Test.UI.LoyaltyWeb.DLL" adapterTypeName="Microsoft.VisualStudio.TestTools.TestTypes.Unit.UnitTestAdapter, Microsoft.VisualStudio.QualityTools.Tips.UnitTest.Adapter, Version=12.0.0.0, Culture=neutral, PublicKeyToken=b03f5f7f11d50a3a" className="Nordstrom.Web.Test.UI.LoyaltyWeb.LoyaltyEarnTests, Nordstrom.Web.Test.UI.LoyaltyWeb, Version=1.0.0.0, Culture=neutral, PublicKeyToken=null" name="TNEarn_AuthenticatedUnassociatedUserSkipsRewardsSection_PlacesTheOrderSuccessfully" />
    </UnitTest>
    <UnitTest name="TenderNeutralRewardsRegister_MigratedAuthenticatedLoyatyUser_ShouldSeeErrorMessage" storage="c:\ecommerce\web\test\ui\loyaltyweb\loyaltywebtest\loyaltywebtest\bin\debug\nordstrom.web.test.ui.loyaltyweb.dll" id="c2629842-f75d-84a9-158e-f6f12cb84728">
      <Description>Migrated authenticated User should be able to see error messages.</Description>
      <TestCategory>
        <TestCategoryItem TestCategory="LoyaltyTenderNeutral" />
        <TestCategoryItem TestCategory="Enroll" />
      </TestCategory>
      <DeploymentItems>
        <DeploymentItem filename="ExternalBinaries" outputDirectory=".\ExternalBinaries" />
        <DeploymentItem filename="TestData" outputDirectory=".\TestData" />
        <DeploymentItem filename="TestRunConfig" outputDirectory=".\TestRunConfig" />
      </DeploymentItems>
      <Execution id="9ecec221-92e0-475b-8204-2fe900c47a17" />
      <TestMethod codeBase="C:/Ecommerce/Web/Test/UI/LoyaltyWeb/LoyaltyWebTest/LoyaltyWebTest/bin/Debug/Nordstrom.Web.Test.UI.LoyaltyWeb.DLL" adapterTypeName="Microsoft.VisualStudio.TestTools.TestTypes.Unit.UnitTestAdapter, Microsoft.VisualStudio.QualityTools.Tips.UnitTest.Adapter, Version=12.0.0.0, Culture=neutral, PublicKeyToken=b03f5f7f11d50a3a" className="Nordstrom.Web.Test.UI.LoyaltyWeb.Tests.LoyaltyRegisterTests, Nordstrom.Web.Test.UI.LoyaltyWeb, Version=1.0.0.0, Culture=neutral, PublicKeyToken=null" name="TenderNeutralRewardsRegister_MigratedAuthenticatedLoyatyUser_ShouldSeeErrorMessage" />
    </UnitTest>
    <UnitTest name="MobileVerificationPage_WhenEnrolledUserTypeValidDigitCode_ShouldLaunchWelcomePage" storage="c:\ecommerce\web\test\ui\loyaltyweb\loyaltywebtest\loyaltywebtest\bin\debug\nordstrom.web.test.ui.loyaltyweb.dll" id="b35f1e27-5b08-b435-139a-a66b6404e8f7">
      <Description>Enrolled User should redirect to welcome page after typing valid 6 digit code</Description>
      <TestCategory>
        <TestCategoryItem TestCategory="LoyaltyTenderNeutral" />
        <TestCategoryItem TestCategory="MobileVerification" />
      </TestCategory>
      <DeploymentItems>
        <DeploymentItem filename="ExternalBinaries" outputDirectory=".\ExternalBinaries" />
        <DeploymentItem filename="TestData" outputDirectory=".\TestData" />
        <DeploymentItem filename="TestRunConfig" outputDirectory=".\TestRunConfig" />
      </DeploymentItems>
      <Execution id="817c55b8-1c7d-4458-8d10-523ad60d6075" />
      <TestMethod codeBase="C:/Ecommerce/Web/Test/UI/LoyaltyWeb/LoyaltyWebTest/LoyaltyWebTest/bin/Debug/Nordstrom.Web.Test.UI.LoyaltyWeb.DLL" adapterTypeName="Microsoft.VisualStudio.TestTools.TestTypes.Unit.UnitTestAdapter, Microsoft.VisualStudio.QualityTools.Tips.UnitTest.Adapter, Version=12.0.0.0, Culture=neutral, PublicKeyToken=b03f5f7f11d50a3a" className="Nordstrom.Web.Test.UI.LoyaltyWeb.Tests.LoyaltyTenderNeutralMobileVerificationPageTests, Nordstrom.Web.Test.UI.LoyaltyWeb, Version=1.0.0.0, Culture=neutral, PublicKeyToken=null" name="MobileVerificationPage_WhenEnrolledUserTypeValidDigitCode_ShouldLaunchWelcomePage" />
    </UnitTest>
    <UnitTest name="TenderNeutralAssociation_RecognizedUserEnrolledFromStoreGoToWebAssociationPage_ShouldSucceed" storage="c:\ecommerce\web\test\ui\loyaltyweb\loyaltywebtest\loyaltywebtest\bin\debug\nordstrom.web.test.ui.loyaltyweb.dll" id="6d4034ae-8847-5a7a-3028-12d36d474190">
      <Description>Verify that when recognized user enrolled into loyalty from Store goes to Association page, he can type in his email and phone number and associate to loyalty program.</Description>
      <TestCategory>
        <TestCategoryItem TestCategory="LoyaltyTenderNeutral" />
        <TestCategoryItem TestCategory="Association" />
      </TestCategory>
      <DeploymentItems>
        <DeploymentItem filename="ExternalBinaries" outputDirectory=".\ExternalBinaries" />
        <DeploymentItem filename="TestData" outputDirectory=".\TestData" />
        <DeploymentItem filename="TestRunConfig" outputDirectory=".\TestRunConfig" />
      </DeploymentItems>
      <Execution id="59e32049-2583-40bc-9ba4-66ba676e0bb4" />
      <TestMethod codeBase="C:/Ecommerce/Web/Test/UI/LoyaltyWeb/LoyaltyWebTest/LoyaltyWebTest/bin/Debug/Nordstrom.Web.Test.UI.LoyaltyWeb.DLL" adapterTypeName="Microsoft.VisualStudio.TestTools.TestTypes.Unit.UnitTestAdapter, Microsoft.VisualStudio.QualityTools.Tips.UnitTest.Adapter, Version=12.0.0.0, Culture=neutral, PublicKeyToken=b03f5f7f11d50a3a" className="Nordstrom.Web.Test.UI.LoyaltyWeb.Tests.LoyaltyAssociationTests, Nordstrom.Web.Test.UI.LoyaltyWeb, Version=1.0.0.0, Culture=neutral, PublicKeyToken=null" name="TenderNeutralAssociation_RecognizedUserEnrolledFromStoreGoToWebAssociationPage_ShouldSucceed" />
    </UnitTest>
    <UnitTest name="TenderNeutralRewardsEnroll_EnrollingWebAuthenticatedUser_LoyaltyWebAccountCreatedSuccessfully" storage="c:\ecommerce\web\test\ui\loyaltyweb\loyaltywebtest\loyaltywebtest\bin\debug\nordstrom.web.test.ui.loyaltyweb.dll" id="9af02bea-3c71-b965-ab70-11128f2cbf09">
      <Description>Verify the creation of a new loyalty web account for a N.com registered authenticated user</Description>
      <TestCategory>
        <TestCategoryItem TestCategory="LoyaltyTenderNeutral" />
        <TestCategoryItem TestCategory="Enroll" />
      </TestCategory>
      <DeploymentItems>
        <DeploymentItem filename="ExternalBinaries" outputDirectory=".\ExternalBinaries" />
        <DeploymentItem filename="TestData" outputDirectory=".\TestData" />
        <DeploymentItem filename="TestRunConfig" outputDirectory=".\TestRunConfig" />
      </DeploymentItems>
      <Execution id="a3100573-8a43-4c2f-b176-fb4b070cce10" />
      <TestMethod codeBase="C:/Ecommerce/Web/Test/UI/LoyaltyWeb/LoyaltyWebTest/LoyaltyWebTest/bin/Debug/Nordstrom.Web.Test.UI.LoyaltyWeb.DLL" adapterTypeName="Microsoft.VisualStudio.TestTools.TestTypes.Unit.UnitTestAdapter, Microsoft.VisualStudio.QualityTools.Tips.UnitTest.Adapter, Version=12.0.0.0, Culture=neutral, PublicKeyToken=b03f5f7f11d50a3a" className="Nordstrom.Web.Test.UI.LoyaltyWeb.Tests.LoyaltyRegisterTests, Nordstrom.Web.Test.UI.LoyaltyWeb, Version=1.0.0.0, Culture=neutral, PublicKeyToken=null" name="TenderNeutralRewardsEnroll_EnrollingWebAuthenticatedUser_LoyaltyWebAccountCreatedSuccessfully" />
    </UnitTest>
    <UnitTest name="TenderNeutralAssociation_WebAccountAssociationFromStoreCustomer_ShouldSucceed" storage="c:\ecommerce\web\test\ui\loyaltyweb\loyaltywebtest\loyaltywebtest\bin\debug\nordstrom.web.test.ui.loyaltyweb.dll" id="121b0646-0f45-6775-4045-6a82555ce964">
      <Description>Verify that when store enrolled user goes to Association page, he can type in his email and phone number and associate to web account.</Description>
      <TestCategory>
        <TestCategoryItem TestCategory="LoyaltyTenderNeutral" />
        <TestCategoryItem TestCategory="Association" />
      </TestCategory>
      <DeploymentItems>
        <DeploymentItem filename="ExternalBinaries" outputDirectory=".\ExternalBinaries" />
        <DeploymentItem filename="TestData" outputDirectory=".\TestData" />
        <DeploymentItem filename="TestRunConfig" outputDirectory=".\TestRunConfig" />
      </DeploymentItems>
      <Execution id="bed6a5ff-c84b-4fe0-a1e0-145dfdb3bf7c" />
      <TestMethod codeBase="C:/Ecommerce/Web/Test/UI/LoyaltyWeb/LoyaltyWebTest/LoyaltyWebTest/bin/Debug/Nordstrom.Web.Test.UI.LoyaltyWeb.DLL" adapterTypeName="Microsoft.VisualStudio.TestTools.TestTypes.Unit.UnitTestAdapter, Microsoft.VisualStudio.QualityTools.Tips.UnitTest.Adapter, Version=12.0.0.0, Culture=neutral, PublicKeyToken=b03f5f7f11d50a3a" className="Nordstrom.Web.Test.UI.LoyaltyWeb.Tests.LoyaltyAssociationTests, Nordstrom.Web.Test.UI.LoyaltyWeb, Version=1.0.0.0, Culture=neutral, PublicKeyToken=null" name="TenderNeutralAssociation_WebAccountAssociationFromStoreCustomer_ShouldSucceed" />
    </UnitTest>
    <UnitTest name="TenderNeutralRewardsRegister_MarketingPreferenceUpdateUncheckedDuringTenderNeutralEnrollment_MarketingPreferenceSuccessfulUpdateToNoForNordAccount" storage="c:\ecommerce\web\test\ui\loyaltyweb\loyaltywebtest\loyaltywebtest\bin\debug\nordstrom.web.test.ui.loyaltyweb.dll" id="fa335a1b-8472-a3da-3a92-29d664a21830">
      <Description>Verify that Nordstrom email marketing preference is updated to NO while creating a nordtrom tender neutral rewards account</Description>
      <TestCategory>
        <TestCategoryItem TestCategory="Enroll" />
        <TestCategoryItem TestCategory="LoyaltyTenderNeutral" />
      </TestCategory>
      <DeploymentItems>
        <DeploymentItem filename="ExternalBinaries" outputDirectory=".\ExternalBinaries" />
        <DeploymentItem filename="TestData" outputDirectory=".\TestData" />
        <DeploymentItem filename="TestRunConfig" outputDirectory=".\TestRunConfig" />
      </DeploymentItems>
      <Execution id="5a453d32-51b5-49c9-b0e2-93f305988051" />
      <TestMethod codeBase="C:/Ecommerce/Web/Test/UI/LoyaltyWeb/LoyaltyWebTest/LoyaltyWebTest/bin/Debug/Nordstrom.Web.Test.UI.LoyaltyWeb.DLL" adapterTypeName="Microsoft.VisualStudio.TestTools.TestTypes.Unit.UnitTestAdapter, Microsoft.VisualStudio.QualityTools.Tips.UnitTest.Adapter, Version=12.0.0.0, Culture=neutral, PublicKeyToken=b03f5f7f11d50a3a" className="Nordstrom.Web.Test.UI.LoyaltyWeb.Tests.LoyaltyRegisterTests, Nordstrom.Web.Test.UI.LoyaltyWeb, Version=1.0.0.0, Culture=neutral, PublicKeyToken=null" name="TenderNeutralRewardsRegister_MarketingPreferenceUpdateUncheckedDuringTenderNeutralEnrollment_MarketingPreferenceSuccessfulUpdateToNoForNordAccount" />
    </UnitTest>
    <UnitTest name="TNEarn_GuestUserNavigatesToCheckoutPage_RewardsSectionNotDisplayedSuccessfully" storage="c:\ecommerce\web\test\ui\loyaltyweb\loyaltywebtest\loyaltywebtest\bin\debug\nordstrom.web.test.ui.loyaltyweb.dll" id="39d4fd5c-924d-49c6-8549-9a0c23668c1b">
      <Description>Verify that the guest user cannot see Rewards section in Ordersubmit page.</Description>
      <TestCategory>
        <TestCategoryItem TestCategory="LoyaltyTenderNeutral" />
        <TestCategoryItem TestCategory="EarnTests" />
      </TestCategory>
      <DeploymentItems>
        <DeploymentItem filename="ExternalBinaries" outputDirectory=".\ExternalBinaries" />
        <DeploymentItem filename="TestData" outputDirectory=".\TestData" />
        <DeploymentItem filename="TestRunConfig" outputDirectory=".\TestRunConfig" />
      </DeploymentItems>
      <Execution id="315742d9-86b5-4674-9617-a62586375498" />
      <TestMethod codeBase="C:/Ecommerce/Web/Test/UI/LoyaltyWeb/LoyaltyWebTest/LoyaltyWebTest/bin/Debug/Nordstrom.Web.Test.UI.LoyaltyWeb.DLL" adapterTypeName="Microsoft.VisualStudio.TestTools.TestTypes.Unit.UnitTestAdapter, Microsoft.VisualStudio.QualityTools.Tips.UnitTest.Adapter, Version=12.0.0.0, Culture=neutral, PublicKeyToken=b03f5f7f11d50a3a" className="Nordstrom.Web.Test.UI.LoyaltyWeb.LoyaltyEarnTests, Nordstrom.Web.Test.UI.LoyaltyWeb, Version=1.0.0.0, Culture=neutral, PublicKeyToken=null" name="TNEarn_GuestUserNavigatesToCheckoutPage_RewardsSectionNotDisplayedSuccessfully" />
    </UnitTest>
    <UnitTest name="MobileVerificationPageModalPopupsValidation_AuthenticatedUserMaximumLimitGetACodeClickValidation_ThrowsError" storage="c:\ecommerce\web\test\ui\loyaltyweb\loyaltywebtest\loyaltywebtest\bin\debug\nordstrom.web.test.ui.loyaltyweb.dll" id="6e4b466a-0077-fe75-13aa-08378abb46e8">
      <Description>Click on 'Get a new code' at maximum limit and verifying the error message displayed</Description>
      <TestCategory>
        <TestCategoryItem TestCategory="LoyaltyTenderNeutral" />
        <TestCategoryItem TestCategory="MobileVerification" />
      </TestCategory>
      <DeploymentItems>
        <DeploymentItem filename="ExternalBinaries" outputDirectory=".\ExternalBinaries" />
        <DeploymentItem filename="TestData" outputDirectory=".\TestData" />
        <DeploymentItem filename="TestRunConfig" outputDirectory=".\TestRunConfig" />
      </DeploymentItems>
      <Execution id="4f9bd86c-691b-4958-aa9d-350058588f2b" />
      <TestMethod codeBase="C:/Ecommerce/Web/Test/UI/LoyaltyWeb/LoyaltyWebTest/LoyaltyWebTest/bin/Debug/Nordstrom.Web.Test.UI.LoyaltyWeb.DLL" adapterTypeName="Microsoft.VisualStudio.TestTools.TestTypes.Unit.UnitTestAdapter, Microsoft.VisualStudio.QualityTools.Tips.UnitTest.Adapter, Version=12.0.0.0, Culture=neutral, PublicKeyToken=b03f5f7f11d50a3a" className="Nordstrom.Web.Test.UI.LoyaltyWeb.Tests.LoyaltyTenderNeutralMobileVerificationPageTests, Nordstrom.Web.Test.UI.LoyaltyWeb, Version=1.0.0.0, Culture=neutral, PublicKeyToken=null" name="MobileVerificationPageModalPopupsValidation_AuthenticatedUserMaximumLimitGetACodeClickValidation_ThrowsError" />
    </UnitTest>
    <UnitTest name="TenderNeutralRewardsEnroll_LoyaltyTenderNeutralGuestUserPasswordFieldSpecialCharactersEntry_ErrorMessageDisplayedSuccessfully" storage="c:\ecommerce\web\test\ui\loyaltyweb\loyaltywebtest\loyaltywebtest\bin\debug\nordstrom.web.test.ui.loyaltyweb.dll" id="72996ae9-d26e-5102-cc53-f3f23240ab87">
      <Description>Verify the error message displayed for the invalid entry of special characters in Password field</Description>
      <TestCategory>
        <TestCategoryItem TestCategory="LoyaltyTenderNeutral" />
        <TestCategoryItem TestCategory="Enroll" />
      </TestCategory>
      <DeploymentItems>
        <DeploymentItem filename="ExternalBinaries" outputDirectory=".\ExternalBinaries" />
        <DeploymentItem filename="TestData" outputDirectory=".\TestData" />
        <DeploymentItem filename="TestRunConfig" outputDirectory=".\TestRunConfig" />
      </DeploymentItems>
      <Execution id="e91abc15-1d77-46e1-bfb4-42ec50f239f7" />
      <TestMethod codeBase="C:/Ecommerce/Web/Test/UI/LoyaltyWeb/LoyaltyWebTest/LoyaltyWebTest/bin/Debug/Nordstrom.Web.Test.UI.LoyaltyWeb.DLL" adapterTypeName="Microsoft.VisualStudio.TestTools.TestTypes.Unit.UnitTestAdapter, Microsoft.VisualStudio.QualityTools.Tips.UnitTest.Adapter, Version=12.0.0.0, Culture=neutral, PublicKeyToken=b03f5f7f11d50a3a" className="Nordstrom.Web.Test.UI.LoyaltyWeb.Tests.LoyaltyRegisterTests, Nordstrom.Web.Test.UI.LoyaltyWeb, Version=1.0.0.0, Culture=neutral, PublicKeyToken=null" name="TenderNeutralRewardsEnroll_LoyaltyTenderNeutralGuestUserPasswordFieldSpecialCharactersEntry_ErrorMessageDisplayedSuccessfully" />
    </UnitTest>
    <UnitTest name="TenderNeutralManage_RecognisedUser_ErrorMessageDisplayedForPendingUserWhenTryingToAssociateDisplayedSuccessfully" storage="c:\ecommerce\web\test\ui\loyaltyweb\loyaltywebtest\loyaltywebtest\bin\debug\nordstrom.web.test.ui.loyaltyweb.dll" id="20168e3c-0286-024a-49b6-fca5265afe6a">
      <Description>Verify that when a user in Pending Closed status tries to asscoiate from web as recognised user, proper error message is displayed</Description>
      <TestCategory>
        <TestCategoryItem TestCategory="Manage" />
        <TestCategoryItem TestCategory="LoyaltyTenderNeutral" />
      </TestCategory>
      <DeploymentItems>
        <DeploymentItem filename="ExternalBinaries" outputDirectory=".\ExternalBinaries" />
        <DeploymentItem filename="TestData" outputDirectory=".\TestData" />
        <DeploymentItem filename="TestRunConfig" outputDirectory=".\TestRunConfig" />
      </DeploymentItems>
      <Execution id="7e151f15-ef06-48c8-931e-c7bd66a768e9" />
      <TestMethod codeBase="C:/Ecommerce/Web/Test/UI/LoyaltyWeb/LoyaltyWebTest/LoyaltyWebTest/bin/Debug/Nordstrom.Web.Test.UI.LoyaltyWeb.DLL" adapterTypeName="Microsoft.VisualStudio.TestTools.TestTypes.Unit.UnitTestAdapter, Microsoft.VisualStudio.QualityTools.Tips.UnitTest.Adapter, Version=12.0.0.0, Culture=neutral, PublicKeyToken=b03f5f7f11d50a3a" className="Nordstrom.Web.Test.UI.LoyaltyWeb.Tests.LoyaltyManageTests, Nordstrom.Web.Test.UI.LoyaltyWeb, Version=1.0.0.0, Culture=neutral, PublicKeyToken=null" name="TenderNeutralManage_RecognisedUser_ErrorMessageDisplayedForPendingUserWhenTryingToAssociateDisplayedSuccessfully" />
    </UnitTest>
    <UnitTest name="SuccessAssociationPageModalPopupsValidation_AuthenticatedUserDidntGetACodeModalContentValidation_DidntGetACodeModalContentValidatedSuccessfully" storage="c:\ecommerce\web\test\ui\loyaltyweb\loyaltywebtest\loyaltywebtest\bin\debug\nordstrom.web.test.ui.loyaltyweb.dll" id="20948a13-145c-b5b7-6791-73820683f7ca">
      <Description>Didn't Get A Code Modal Popup Content Validation for Association mobile verification modal</Description>
      <TestCategory>
        <TestCategoryItem TestCategory="LoyaltyTenderNeutral" />
        <TestCategoryItem TestCategory="MobileVerification" />
      </TestCategory>
      <DeploymentItems>
        <DeploymentItem filename="ExternalBinaries" outputDirectory=".\ExternalBinaries" />
        <DeploymentItem filename="TestData" outputDirectory=".\TestData" />
        <DeploymentItem filename="TestRunConfig" outputDirectory=".\TestRunConfig" />
      </DeploymentItems>
      <Execution id="4a6bf10b-11ce-4a70-a8ad-49fab97bdcd7" />
      <TestMethod codeBase="C:/Ecommerce/Web/Test/UI/LoyaltyWeb/LoyaltyWebTest/LoyaltyWebTest/bin/Debug/Nordstrom.Web.Test.UI.LoyaltyWeb.DLL" adapterTypeName="Microsoft.VisualStudio.TestTools.TestTypes.Unit.UnitTestAdapter, Microsoft.VisualStudio.QualityTools.Tips.UnitTest.Adapter, Version=12.0.0.0, Culture=neutral, PublicKeyToken=b03f5f7f11d50a3a" className="Nordstrom.Web.Test.UI.LoyaltyWeb.Tests.LoyaltyTenderNeutralMobileVerificationPageTests, Nordstrom.Web.Test.UI.LoyaltyWeb, Version=1.0.0.0, Culture=neutral, PublicKeyToken=null" name="SuccessAssociationPageModalPopupsValidation_AuthenticatedUserDidntGetACodeModalContentValidation_DidntGetACodeModalContentValidatedSuccessfully" />
    </UnitTest>
    <UnitTest name="TenderNeutralRewardsRegister_GuestUserEnrollWithExistingEmailButDifferentPhoneNumber_ShouldFail" storage="c:\ecommerce\web\test\ui\loyaltyweb\loyaltywebtest\loyaltywebtest\bin\debug\nordstrom.web.test.ui.loyaltyweb.dll" id="977985af-feb3-6a27-6c1f-f339f0efce2b">
      <Description>Guest user enrolling with existing loyalty email but different phone number would fail in enrollment.</Description>
      <TestCategory>
        <TestCategoryItem TestCategory="Enroll" />
        <TestCategoryItem TestCategory="LoyaltyTenderNeutral" />
      </TestCategory>
      <DeploymentItems>
        <DeploymentItem filename="ExternalBinaries" outputDirectory=".\ExternalBinaries" />
        <DeploymentItem filename="TestData" outputDirectory=".\TestData" />
        <DeploymentItem filename="TestRunConfig" outputDirectory=".\TestRunConfig" />
      </DeploymentItems>
      <Execution id="caecb6be-0a64-4782-ada0-fab21b2e4367" />
      <TestMethod codeBase="C:/Ecommerce/Web/Test/UI/LoyaltyWeb/LoyaltyWebTest/LoyaltyWebTest/bin/Debug/Nordstrom.Web.Test.UI.LoyaltyWeb.DLL" adapterTypeName="Microsoft.VisualStudio.TestTools.TestTypes.Unit.UnitTestAdapter, Microsoft.VisualStudio.QualityTools.Tips.UnitTest.Adapter, Version=12.0.0.0, Culture=neutral, PublicKeyToken=b03f5f7f11d50a3a" className="Nordstrom.Web.Test.UI.LoyaltyWeb.Tests.LoyaltyRegisterTests, Nordstrom.Web.Test.UI.LoyaltyWeb, Version=1.0.0.0, Culture=neutral, PublicKeyToken=null" name="TenderNeutralRewardsRegister_GuestUserEnrollWithExistingEmailButDifferentPhoneNumber_ShouldFail" />
    </UnitTest>
    <UnitTest name="SuccessAssociationPageModalPopupsValidation_OkButtonInDidntGetACodeModalValidation_OkButtonInDidntGetACodeModalClosedModalSuccessfully" storage="c:\ecommerce\web\test\ui\loyaltyweb\loyaltywebtest\loyaltywebtest\bin\debug\nordstrom.web.test.ui.loyaltyweb.dll" id="e04bdba0-db9a-3a28-f058-ca287ee49ba2">
      <Description>Didn't Get A Code Modal Popup OK Button Functionality verification</Description>
      <TestCategory>
        <TestCategoryItem TestCategory="LoyaltyTenderNeutral" />
        <TestCategoryItem TestCategory="MobileVerification" />
      </TestCategory>
      <DeploymentItems>
        <DeploymentItem filename="ExternalBinaries" outputDirectory=".\ExternalBinaries" />
        <DeploymentItem filename="TestData" outputDirectory=".\TestData" />
        <DeploymentItem filename="TestRunConfig" outputDirectory=".\TestRunConfig" />
      </DeploymentItems>
      <Execution id="79d76d5b-890b-427f-94cf-1a7eecaafaf6" />
      <TestMethod codeBase="C:/Ecommerce/Web/Test/UI/LoyaltyWeb/LoyaltyWebTest/LoyaltyWebTest/bin/Debug/Nordstrom.Web.Test.UI.LoyaltyWeb.DLL" adapterTypeName="Microsoft.VisualStudio.TestTools.TestTypes.Unit.UnitTestAdapter, Microsoft.VisualStudio.QualityTools.Tips.UnitTest.Adapter, Version=12.0.0.0, Culture=neutral, PublicKeyToken=b03f5f7f11d50a3a" className="Nordstrom.Web.Test.UI.LoyaltyWeb.Tests.LoyaltyTenderNeutralMobileVerificationPageTests, Nordstrom.Web.Test.UI.LoyaltyWeb, Version=1.0.0.0, Culture=neutral, PublicKeyToken=null" name="SuccessAssociationPageModalPopupsValidation_OkButtonInDidntGetACodeModalValidation_OkButtonInDidntGetACodeModalClosedModalSuccessfully" />
    </UnitTest>
    <UnitTest name="LoyaltyLearnPage_ClickPrivacyPolicy_NavigatesToRelevantPageSuccessfully" storage="c:\ecommerce\web\test\ui\loyaltyweb\loyaltywebtest\loyaltywebtest\bin\debug\nordstrom.web.test.ui.loyaltyweb.dll" id="785b8a5e-8793-5bd7-0029-1d440f22ff89">
      <Description>To verify Privacy Policy link on Learn Page is navigated to the relevant page successfully</Description>
      <TestCategory>
        <TestCategoryItem TestCategory="Learn" />
        <TestCategoryItem TestCategory="LoyaltyTenderNeutral" />
      </TestCategory>
      <DeploymentItems>
        <DeploymentItem filename="ExternalBinaries" outputDirectory=".\ExternalBinaries" />
        <DeploymentItem filename="TestData" outputDirectory=".\TestData" />
        <DeploymentItem filename="TestRunConfig" outputDirectory=".\TestRunConfig" />
      </DeploymentItems>
      <Execution id="8db0cb3c-911e-4777-ae20-88d29d6579d1" />
      <TestMethod codeBase="C:/Ecommerce/Web/Test/UI/LoyaltyWeb/LoyaltyWebTest/LoyaltyWebTest/bin/Debug/Nordstrom.Web.Test.UI.LoyaltyWeb.DLL" adapterTypeName="Microsoft.VisualStudio.TestTools.TestTypes.Unit.UnitTestAdapter, Microsoft.VisualStudio.QualityTools.Tips.UnitTest.Adapter, Version=12.0.0.0, Culture=neutral, PublicKeyToken=b03f5f7f11d50a3a" className="Nordstrom.Web.Test.UI.LoyaltyWeb.Tests.LoyaltyLearnTests, Nordstrom.Web.Test.UI.LoyaltyWeb, Version=1.0.0.0, Culture=neutral, PublicKeyToken=null" name="LoyaltyLearnPage_ClickPrivacyPolicy_NavigatesToRelevantPageSuccessfully" />
    </UnitTest>
    <UnitTest name="TenderNeutralRewardsEnroll_LoyaltyTNAuthenticatedUserAlphanumericCharacterInCodeField_ThrowseError" storage="c:\ecommerce\web\test\ui\loyaltyweb\loyaltywebtest\loyaltywebtest\bin\debug\nordstrom.web.test.ui.loyaltyweb.dll" id="13046391-cc19-a42e-77cc-d31d1e857131">
      <Description>Verify that error message is displayed when alphanumeric characters are entered in mobile vrification code field</Description>
      <TestCategory>
        <TestCategoryItem TestCategory="LoyaltyTenderNeutral" />
        <TestCategoryItem TestCategory="MobileVerification" />
      </TestCategory>
      <DeploymentItems>
        <DeploymentItem filename="ExternalBinaries" outputDirectory=".\ExternalBinaries" />
        <DeploymentItem filename="TestData" outputDirectory=".\TestData" />
        <DeploymentItem filename="TestRunConfig" outputDirectory=".\TestRunConfig" />
      </DeploymentItems>
      <Execution id="f156c584-1959-43f3-b093-dbd80d96305a" />
      <TestMethod codeBase="C:/Ecommerce/Web/Test/UI/LoyaltyWeb/LoyaltyWebTest/LoyaltyWebTest/bin/Debug/Nordstrom.Web.Test.UI.LoyaltyWeb.DLL" adapterTypeName="Microsoft.VisualStudio.TestTools.TestTypes.Unit.UnitTestAdapter, Microsoft.VisualStudio.QualityTools.Tips.UnitTest.Adapter, Version=12.0.0.0, Culture=neutral, PublicKeyToken=b03f5f7f11d50a3a" className="Nordstrom.Web.Test.UI.LoyaltyWeb.Tests.LoyaltyTenderNeutralMobileVerificationPageTests, Nordstrom.Web.Test.UI.LoyaltyWeb, Version=1.0.0.0, Culture=neutral, PublicKeyToken=null" name="TenderNeutralRewardsEnroll_LoyaltyTNAuthenticatedUserAlphanumericCharacterInCodeField_ThrowseError" />
    </UnitTest>
    <UnitTest name="MobileVerificationPageModalPopupsValidation_GuestUserGetANewCodeModalContentValidation_GetANewCodeModalContentValidatedSuccessfully" storage="c:\ecommerce\web\test\ui\loyaltyweb\loyaltywebtest\loyaltywebtest\bin\debug\nordstrom.web.test.ui.loyaltyweb.dll" id="593870bf-35d9-f167-dacc-3d72e1e92f7b">
      <Description>'Get a new code' Modal Popup verification and content validation for a guest user</Description>
      <TestCategory>
        <TestCategoryItem TestCategory="LoyaltyTenderNeutral" />
        <TestCategoryItem TestCategory="MobileVerification" />
      </TestCategory>
      <DeploymentItems>
        <DeploymentItem filename="ExternalBinaries" outputDirectory=".\ExternalBinaries" />
        <DeploymentItem filename="TestData" outputDirectory=".\TestData" />
        <DeploymentItem filename="TestRunConfig" outputDirectory=".\TestRunConfig" />
      </DeploymentItems>
      <Execution id="ce7be716-920d-4e2c-9c75-0d9dd786e60a" />
      <TestMethod codeBase="C:/Ecommerce/Web/Test/UI/LoyaltyWeb/LoyaltyWebTest/LoyaltyWebTest/bin/Debug/Nordstrom.Web.Test.UI.LoyaltyWeb.DLL" adapterTypeName="Microsoft.VisualStudio.TestTools.TestTypes.Unit.UnitTestAdapter, Microsoft.VisualStudio.QualityTools.Tips.UnitTest.Adapter, Version=12.0.0.0, Culture=neutral, PublicKeyToken=b03f5f7f11d50a3a" className="Nordstrom.Web.Test.UI.LoyaltyWeb.Tests.LoyaltyTenderNeutralMobileVerificationPageTests, Nordstrom.Web.Test.UI.LoyaltyWeb, Version=1.0.0.0, Culture=neutral, PublicKeyToken=null" name="MobileVerificationPageModalPopupsValidation_GuestUserGetANewCodeModalContentValidation_GetANewCodeModalContentValidatedSuccessfully" />
    </UnitTest>
    <UnitTest name="TNEarn_AuthenticatedUnassociatedUserEntersMoreThanTenDigitsInRewardsPhoneNumberField_ErrorMessageDisplayedSuccessfully" storage="c:\ecommerce\web\test\ui\loyaltyweb\loyaltywebtest\loyaltywebtest\bin\debug\nordstrom.web.test.ui.loyaltyweb.dll" id="0ed8c0c2-fd20-e145-5b8f-528d91fafb1b">
      <Description>Verify the error message displayed when entered more than 10 digits in Rewards Phone number field.</Description>
      <TestCategory>
        <TestCategoryItem TestCategory="EarnTests" />
      </TestCategory>
      <DeploymentItems>
        <DeploymentItem filename="ExternalBinaries" outputDirectory=".\ExternalBinaries" />
        <DeploymentItem filename="TestData" outputDirectory=".\TestData" />
        <DeploymentItem filename="TestRunConfig" outputDirectory=".\TestRunConfig" />
      </DeploymentItems>
      <Execution id="7c9f53a5-29d8-44a3-a2b5-26c753ab3cab" />
      <TestMethod codeBase="C:/Ecommerce/Web/Test/UI/LoyaltyWeb/LoyaltyWebTest/LoyaltyWebTest/bin/Debug/Nordstrom.Web.Test.UI.LoyaltyWeb.DLL" adapterTypeName="Microsoft.VisualStudio.TestTools.TestTypes.Unit.UnitTestAdapter, Microsoft.VisualStudio.QualityTools.Tips.UnitTest.Adapter, Version=12.0.0.0, Culture=neutral, PublicKeyToken=b03f5f7f11d50a3a" className="Nordstrom.Web.Test.UI.LoyaltyWeb.LoyaltyEarnTests, Nordstrom.Web.Test.UI.LoyaltyWeb, Version=1.0.0.0, Culture=neutral, PublicKeyToken=null" name="TNEarn_AuthenticatedUnassociatedUserEntersMoreThanTenDigitsInRewardsPhoneNumberField_ErrorMessageDisplayedSuccessfully" />
    </UnitTest>
    <UnitTest name="TNEarn_AuthenticatedUnassociatedCustomerInputsPhoneNumAlreadyAssociatedToAShopper_AppropriateErrorMessageDisplayed" storage="c:\ecommerce\web\test\ui\loyaltyweb\loyaltywebtest\loyaltywebtest\bin\debug\nordstrom.web.test.ui.loyaltyweb.dll" id="dbc2775b-770b-a3a8-3265-153ae3cefe17">
      <Description>Verify the scenario in which user enters a phone number already associated to a different shopper id in rewards section</Description>
      <TestCategory>
        <TestCategoryItem TestCategory="EarnTests" />
      </TestCategory>
      <DeploymentItems>
        <DeploymentItem filename="ExternalBinaries" outputDirectory=".\ExternalBinaries" />
        <DeploymentItem filename="TestData" outputDirectory=".\TestData" />
        <DeploymentItem filename="TestRunConfig" outputDirectory=".\TestRunConfig" />
      </DeploymentItems>
      <Execution id="9e921847-f875-49de-9dda-c335b0f5fd2c" />
      <TestMethod codeBase="C:/Ecommerce/Web/Test/UI/LoyaltyWeb/LoyaltyWebTest/LoyaltyWebTest/bin/Debug/Nordstrom.Web.Test.UI.LoyaltyWeb.DLL" adapterTypeName="Microsoft.VisualStudio.TestTools.TestTypes.Unit.UnitTestAdapter, Microsoft.VisualStudio.QualityTools.Tips.UnitTest.Adapter, Version=12.0.0.0, Culture=neutral, PublicKeyToken=b03f5f7f11d50a3a" className="Nordstrom.Web.Test.UI.LoyaltyWeb.LoyaltyEarnTests, Nordstrom.Web.Test.UI.LoyaltyWeb, Version=1.0.0.0, Culture=neutral, PublicKeyToken=null" name="TNEarn_AuthenticatedUnassociatedCustomerInputsPhoneNumAlreadyAssociatedToAShopper_AppropriateErrorMessageDisplayed" />
    </UnitTest>
    <UnitTest name="SuccessAssociationPageModalPopupsValidation_GuestUserDidntGetACodeModalContentValidation_DidntGetACodeModalContentValidatedSuccessfully" storage="c:\ecommerce\web\test\ui\loyaltyweb\loyaltywebtest\loyaltywebtest\bin\debug\nordstrom.web.test.ui.loyaltyweb.dll" id="782ce887-1077-94d2-1111-2807163dce62">
      <Description>Didn't Get A Code Modal Popup Content Validation for Association mobile verification modal</Description>
      <TestCategory>
        <TestCategoryItem TestCategory="LoyaltyTenderNeutral" />
        <TestCategoryItem TestCategory="MobileVerification" />
      </TestCategory>
      <DeploymentItems>
        <DeploymentItem filename="ExternalBinaries" outputDirectory=".\ExternalBinaries" />
        <DeploymentItem filename="TestData" outputDirectory=".\TestData" />
        <DeploymentItem filename="TestRunConfig" outputDirectory=".\TestRunConfig" />
      </DeploymentItems>
      <Execution id="372db8b4-051e-438b-8587-376c285733e6" />
      <TestMethod codeBase="C:/Ecommerce/Web/Test/UI/LoyaltyWeb/LoyaltyWebTest/LoyaltyWebTest/bin/Debug/Nordstrom.Web.Test.UI.LoyaltyWeb.DLL" adapterTypeName="Microsoft.VisualStudio.TestTools.TestTypes.Unit.UnitTestAdapter, Microsoft.VisualStudio.QualityTools.Tips.UnitTest.Adapter, Version=12.0.0.0, Culture=neutral, PublicKeyToken=b03f5f7f11d50a3a" className="Nordstrom.Web.Test.UI.LoyaltyWeb.Tests.LoyaltyTenderNeutralMobileVerificationPageTests, Nordstrom.Web.Test.UI.LoyaltyWeb, Version=1.0.0.0, Culture=neutral, PublicKeyToken=null" name="SuccessAssociationPageModalPopupsValidation_GuestUserDidntGetACodeModalContentValidation_DidntGetACodeModalContentValidatedSuccessfully" />
    </UnitTest>
    <UnitTest name="TenderNeutralAssociation_GuestUserEnrolledInLoyatyProgramFromServiceCenterGotoAssociationPage_ShouldSucceed" storage="c:\ecommerce\web\test\ui\loyaltyweb\loyaltywebtest\loyaltywebtest\bin\debug\nordstrom.web.test.ui.loyaltyweb.dll" id="7ac6d4c1-2d4b-da5b-5657-f841ff3fdc9c">
      <Description>Verify that when enrolled user from Service center goes to Association page, he can type in his email and phone number and associate to loyalty program.</Description>
      <TestCategory>
        <TestCategoryItem TestCategory="LoyaltyTenderNeutral" />
        <TestCategoryItem TestCategory="Association" />
      </TestCategory>
      <DeploymentItems>
        <DeploymentItem filename="ExternalBinaries" outputDirectory=".\ExternalBinaries" />
        <DeploymentItem filename="TestData" outputDirectory=".\TestData" />
        <DeploymentItem filename="TestRunConfig" outputDirectory=".\TestRunConfig" />
      </DeploymentItems>
      <Execution id="362b2669-4d73-4797-a9de-8525f668400b" />
      <TestMethod codeBase="C:/Ecommerce/Web/Test/UI/LoyaltyWeb/LoyaltyWebTest/LoyaltyWebTest/bin/Debug/Nordstrom.Web.Test.UI.LoyaltyWeb.DLL" adapterTypeName="Microsoft.VisualStudio.TestTools.TestTypes.Unit.UnitTestAdapter, Microsoft.VisualStudio.QualityTools.Tips.UnitTest.Adapter, Version=12.0.0.0, Culture=neutral, PublicKeyToken=b03f5f7f11d50a3a" className="Nordstrom.Web.Test.UI.LoyaltyWeb.Tests.LoyaltyAssociationTests, Nordstrom.Web.Test.UI.LoyaltyWeb, Version=1.0.0.0, Culture=neutral, PublicKeyToken=null" name="TenderNeutralAssociation_GuestUserEnrolledInLoyatyProgramFromServiceCenterGotoAssociationPage_ShouldSucceed" />
    </UnitTest>
    <UnitTest name="TenderNeutralRewardsEnroll_LoyaltyTNAuthenticatedUserFBlankCodeField_ThrowseError" storage="c:\ecommerce\web\test\ui\loyaltyweb\loyaltywebtest\loyaltywebtest\bin\debug\nordstrom.web.test.ui.loyaltyweb.dll" id="d0a2ea44-7fc9-4b50-c53b-45af59a8abf0">
      <Description>Verify that error message is displayed when the mobile verification code field is left blank</Description>
      <TestCategory>
        <TestCategoryItem TestCategory="LoyaltyTenderNeutral" />
        <TestCategoryItem TestCategory="MobileVerification" />
      </TestCategory>
      <DeploymentItems>
        <DeploymentItem filename="ExternalBinaries" outputDirectory=".\ExternalBinaries" />
        <DeploymentItem filename="TestData" outputDirectory=".\TestData" />
        <DeploymentItem filename="TestRunConfig" outputDirectory=".\TestRunConfig" />
      </DeploymentItems>
      <Execution id="0f93363f-9283-4640-9c32-c0e952f22c4d" />
      <TestMethod codeBase="C:/Ecommerce/Web/Test/UI/LoyaltyWeb/LoyaltyWebTest/LoyaltyWebTest/bin/Debug/Nordstrom.Web.Test.UI.LoyaltyWeb.DLL" adapterTypeName="Microsoft.VisualStudio.TestTools.TestTypes.Unit.UnitTestAdapter, Microsoft.VisualStudio.QualityTools.Tips.UnitTest.Adapter, Version=12.0.0.0, Culture=neutral, PublicKeyToken=b03f5f7f11d50a3a" className="Nordstrom.Web.Test.UI.LoyaltyWeb.Tests.LoyaltyTenderNeutralMobileVerificationPageTests, Nordstrom.Web.Test.UI.LoyaltyWeb, Version=1.0.0.0, Culture=neutral, PublicKeyToken=null" name="TenderNeutralRewardsEnroll_LoyaltyTNAuthenticatedUserFBlankCodeField_ThrowseError" />
    </UnitTest>
    <UnitTest name="TNEarn_AuthenticatedUnassociatedUser_VerifyRewardsSectionRetainedWhenEditShippingAddress" storage="c:\ecommerce\web\test\ui\loyaltyweb\loyaltywebtest\loyaltywebtest\bin\debug\nordstrom.web.test.ui.loyaltyweb.dll" id="a22938ae-87f2-10e0-9334-ecd32f4c9eba">
      <Description>Verify that the saved details in rewards section are still retained when user edits the shipping address section.</Description>
      <TestCategory>
        <TestCategoryItem TestCategory="EarnTests" />
      </TestCategory>
      <DeploymentItems>
        <DeploymentItem filename="ExternalBinaries" outputDirectory=".\ExternalBinaries" />
        <DeploymentItem filename="TestData" outputDirectory=".\TestData" />
        <DeploymentItem filename="TestRunConfig" outputDirectory=".\TestRunConfig" />
      </DeploymentItems>
      <Execution id="77ad3de6-0b0d-46fd-92e7-291748f6c438" />
      <TestMethod codeBase="C:/Ecommerce/Web/Test/UI/LoyaltyWeb/LoyaltyWebTest/LoyaltyWebTest/bin/Debug/Nordstrom.Web.Test.UI.LoyaltyWeb.DLL" adapterTypeName="Microsoft.VisualStudio.TestTools.TestTypes.Unit.UnitTestAdapter, Microsoft.VisualStudio.QualityTools.Tips.UnitTest.Adapter, Version=12.0.0.0, Culture=neutral, PublicKeyToken=b03f5f7f11d50a3a" className="Nordstrom.Web.Test.UI.LoyaltyWeb.LoyaltyEarnTests, Nordstrom.Web.Test.UI.LoyaltyWeb, Version=1.0.0.0, Culture=neutral, PublicKeyToken=null" name="TNEarn_AuthenticatedUnassociatedUser_VerifyRewardsSectionRetainedWhenEditShippingAddress" />
    </UnitTest>
    <UnitTest name="NDotComAccountCreation" storage="c:\ecommerce\web\test\ui\loyaltyweb\loyaltywebtest\loyaltywebtest\bin\debug\nordstrom.web.test.ui.loyaltyweb.dll" id="37e312f5-dabf-7121-ab7d-2facdb925a76">
      <Description>Create A n.com account</Description>
      <TestCategory>
        <TestCategoryItem TestCategory="Creator" />
      </TestCategory>
      <DeploymentItems>
        <DeploymentItem filename="ExternalBinaries" outputDirectory=".\ExternalBinaries" />
        <DeploymentItem filename="TestData" outputDirectory=".\TestData" />
        <DeploymentItem filename="TestRunConfig" outputDirectory=".\TestRunConfig" />
      </DeploymentItems>
      <Execution id="e8f36e0b-7789-4afc-9adf-a220342895c6" />
      <TestMethod codeBase="C:/Ecommerce/Web/Test/UI/LoyaltyWeb/LoyaltyWebTest/LoyaltyWebTest/bin/Debug/Nordstrom.Web.Test.UI.LoyaltyWeb.DLL" adapterTypeName="Microsoft.VisualStudio.TestTools.TestTypes.Unit.UnitTestAdapter, Microsoft.VisualStudio.QualityTools.Tips.UnitTest.Adapter, Version=12.0.0.0, Culture=neutral, PublicKeyToken=b03f5f7f11d50a3a" className="Nordstrom.Web.Test.UI.LoyaltyWeb.AccountCreator, Nordstrom.Web.Test.UI.LoyaltyWeb, Version=1.0.0.0, Culture=neutral, PublicKeyToken=null" name="NDotComAccountCreation" />
    </UnitTest>
    <UnitTest name="TenderNeutralRewardsRegister_GuestUserEnrollWhenEmailPreferenceCheckboxUnchecked_ShouldPass" storage="c:\ecommerce\web\test\ui\loyaltyweb\loyaltywebtest\loyaltywebtest\bin\debug\nordstrom.web.test.ui.loyaltyweb.dll" id="c63ab081-8ced-3d0e-ff64-1cca12755839">
      <Description>Guest user enrolls when email preference is not checked</Description>
      <TestCategory>
        <TestCategoryItem TestCategory="LoyaltyTenderNeutral" />
        <TestCategoryItem TestCategory="Enroll" />
      </TestCategory>
      <DeploymentItems>
        <DeploymentItem filename="ExternalBinaries" outputDirectory=".\ExternalBinaries" />
        <DeploymentItem filename="TestData" outputDirectory=".\TestData" />
        <DeploymentItem filename="TestRunConfig" outputDirectory=".\TestRunConfig" />
      </DeploymentItems>
      <Execution id="e3bfb0fd-de3e-4a57-8a1d-4159f0029dc3" />
      <TestMethod codeBase="C:/Ecommerce/Web/Test/UI/LoyaltyWeb/LoyaltyWebTest/LoyaltyWebTest/bin/Debug/Nordstrom.Web.Test.UI.LoyaltyWeb.DLL" adapterTypeName="Microsoft.VisualStudio.TestTools.TestTypes.Unit.UnitTestAdapter, Microsoft.VisualStudio.QualityTools.Tips.UnitTest.Adapter, Version=12.0.0.0, Culture=neutral, PublicKeyToken=b03f5f7f11d50a3a" className="Nordstrom.Web.Test.UI.LoyaltyWeb.Tests.LoyaltyRegisterTests, Nordstrom.Web.Test.UI.LoyaltyWeb, Version=1.0.0.0, Culture=neutral, PublicKeyToken=null" name="TenderNeutralRewardsRegister_GuestUserEnrollWhenEmailPreferenceCheckboxUnchecked_ShouldPass" />
    </UnitTest>
    <UnitTest name="TenderNeutralRewardsEnroll_LoyaltyTNAuthenticatedUserMaximumInvlaidEntryinCodeField_ThrowsError" storage="c:\ecommerce\web\test\ui\loyaltyweb\loyaltywebtest\loyaltywebtest\bin\debug\nordstrom.web.test.ui.loyaltyweb.dll" id="12b4841d-8a31-1c42-d913-f832e0feb888">
      <Description>Verify that error message is displayed when special characters are entered in mobile verification code field</Description>
      <TestCategory>
        <TestCategoryItem TestCategory="LoyaltyTenderNeutral" />
        <TestCategoryItem TestCategory="MobileVerification" />
      </TestCategory>
      <DeploymentItems>
        <DeploymentItem filename="ExternalBinaries" outputDirectory=".\ExternalBinaries" />
        <DeploymentItem filename="TestData" outputDirectory=".\TestData" />
        <DeploymentItem filename="TestRunConfig" outputDirectory=".\TestRunConfig" />
      </DeploymentItems>
      <Execution id="9639af6b-7630-479a-b312-cb387fa3e670" />
      <TestMethod codeBase="C:/Ecommerce/Web/Test/UI/LoyaltyWeb/LoyaltyWebTest/LoyaltyWebTest/bin/Debug/Nordstrom.Web.Test.UI.LoyaltyWeb.DLL" adapterTypeName="Microsoft.VisualStudio.TestTools.TestTypes.Unit.UnitTestAdapter, Microsoft.VisualStudio.QualityTools.Tips.UnitTest.Adapter, Version=12.0.0.0, Culture=neutral, PublicKeyToken=b03f5f7f11d50a3a" className="Nordstrom.Web.Test.UI.LoyaltyWeb.Tests.LoyaltyTenderNeutralMobileVerificationPageTests, Nordstrom.Web.Test.UI.LoyaltyWeb, Version=1.0.0.0, Culture=neutral, PublicKeyToken=null" name="TenderNeutralRewardsEnroll_LoyaltyTNAuthenticatedUserMaximumInvlaidEntryinCodeField_ThrowsError" />
    </UnitTest>
    <UnitTest name="TenderNeutralRewardsEnroll_LoyaltyTenderNeutralUnrecognisedUserLeaveLastNameFieldBlank_ErrorMessageDisplayedSuccessfully" storage="c:\ecommerce\web\test\ui\loyaltyweb\loyaltywebtest\loyaltywebtest\bin\debug\nordstrom.web.test.ui.loyaltyweb.dll" id="ab0001a8-76a7-521c-9f7d-9c1dfb741a6d">
      <Description>Verify that error message appear for last name field when it is left blank for unrecognised user</Description>
      <TestCategory>
        <TestCategoryItem TestCategory="LoyaltyTenderNeutral" />
        <TestCategoryItem TestCategory="Enroll" />
      </TestCategory>
      <DeploymentItems>
        <DeploymentItem filename="ExternalBinaries" outputDirectory=".\ExternalBinaries" />
        <DeploymentItem filename="TestData" outputDirectory=".\TestData" />
        <DeploymentItem filename="TestRunConfig" outputDirectory=".\TestRunConfig" />
      </DeploymentItems>
      <Execution id="1673f1f4-ba76-4189-a089-8764f25d5b1a" />
      <TestMethod codeBase="C:/Ecommerce/Web/Test/UI/LoyaltyWeb/LoyaltyWebTest/LoyaltyWebTest/bin/Debug/Nordstrom.Web.Test.UI.LoyaltyWeb.DLL" adapterTypeName="Microsoft.VisualStudio.TestTools.TestTypes.Unit.UnitTestAdapter, Microsoft.VisualStudio.QualityTools.Tips.UnitTest.Adapter, Version=12.0.0.0, Culture=neutral, PublicKeyToken=b03f5f7f11d50a3a" className="Nordstrom.Web.Test.UI.LoyaltyWeb.Tests.LoyaltyRegisterTests, Nordstrom.Web.Test.UI.LoyaltyWeb, Version=1.0.0.0, Culture=neutral, PublicKeyToken=null" name="TenderNeutralRewardsEnroll_LoyaltyTenderNeutralUnrecognisedUserLeaveLastNameFieldBlank_ErrorMessageDisplayedSuccessfully" />
    </UnitTest>
    <UnitTest name="TNEarn_AuthenticatedAndAssociatedRewardsUser_PlaceTheOrderWithTenderCardSuccessfully" storage="c:\ecommerce\web\test\ui\loyaltyweb\loyaltywebtest\loyaltywebtest\bin\debug\nordstrom.web.test.ui.loyaltyweb.dll" id="31861bad-520c-3c2f-0104-308b978ecd98">
      <Description>Verify Place Order for Authenticated and associated tender neutral rewards user with a Nordstrom card</Description>
      <TestCategory>
        <TestCategoryItem TestCategory="EarnTests" />
      </TestCategory>
      <DeploymentItems>
        <DeploymentItem filename="ExternalBinaries" outputDirectory=".\ExternalBinaries" />
        <DeploymentItem filename="TestData" outputDirectory=".\TestData" />
        <DeploymentItem filename="TestRunConfig" outputDirectory=".\TestRunConfig" />
      </DeploymentItems>
      <Execution id="47fea3cf-3e1e-4cd0-b32e-8cfa07099355" />
      <TestMethod codeBase="C:/Ecommerce/Web/Test/UI/LoyaltyWeb/LoyaltyWebTest/LoyaltyWebTest/bin/Debug/Nordstrom.Web.Test.UI.LoyaltyWeb.DLL" adapterTypeName="Microsoft.VisualStudio.TestTools.TestTypes.Unit.UnitTestAdapter, Microsoft.VisualStudio.QualityTools.Tips.UnitTest.Adapter, Version=12.0.0.0, Culture=neutral, PublicKeyToken=b03f5f7f11d50a3a" className="Nordstrom.Web.Test.UI.LoyaltyWeb.LoyaltyEarnTests, Nordstrom.Web.Test.UI.LoyaltyWeb, Version=1.0.0.0, Culture=neutral, PublicKeyToken=null" name="TNEarn_AuthenticatedAndAssociatedRewardsUser_PlaceTheOrderWithTenderCardSuccessfully" />
    </UnitTest>
    <UnitTest name="TNEarn_AuthenticatedUnassociatedUserEntersNumWithNoRewardAccountInRewardsSection_AppropriateErrorMessageDisplayed" storage="c:\ecommerce\web\test\ui\loyaltyweb\loyaltywebtest\loyaltywebtest\bin\debug\nordstrom.web.test.ui.loyaltyweb.dll" id="0cbfd35f-96fd-db37-b501-1810ef6f0456">
      <Description>Verify that the error message is displayed for invalid Rewards Number field entry in Order submit page Nordstrom Rewards section.</Description>
      <TestCategory>
        <TestCategoryItem TestCategory="EarnTests" />
      </TestCategory>
      <DeploymentItems>
        <DeploymentItem filename="ExternalBinaries" outputDirectory=".\ExternalBinaries" />
        <DeploymentItem filename="TestData" outputDirectory=".\TestData" />
        <DeploymentItem filename="TestRunConfig" outputDirectory=".\TestRunConfig" />
      </DeploymentItems>
      <Execution id="879909da-85a1-46c7-9dc6-05f75893cdfa" />
      <TestMethod codeBase="C:/Ecommerce/Web/Test/UI/LoyaltyWeb/LoyaltyWebTest/LoyaltyWebTest/bin/Debug/Nordstrom.Web.Test.UI.LoyaltyWeb.DLL" adapterTypeName="Microsoft.VisualStudio.TestTools.TestTypes.Unit.UnitTestAdapter, Microsoft.VisualStudio.QualityTools.Tips.UnitTest.Adapter, Version=12.0.0.0, Culture=neutral, PublicKeyToken=b03f5f7f11d50a3a" className="Nordstrom.Web.Test.UI.LoyaltyWeb.LoyaltyEarnTests, Nordstrom.Web.Test.UI.LoyaltyWeb, Version=1.0.0.0, Culture=neutral, PublicKeyToken=null" name="TNEarn_AuthenticatedUnassociatedUserEntersNumWithNoRewardAccountInRewardsSection_AppropriateErrorMessageDisplayed" />
    </UnitTest>
    <UnitTest name="LoyaltyWebAccountCreation" storage="c:\ecommerce\web\test\ui\loyaltyweb\loyaltywebtest\loyaltywebtest\bin\debug\nordstrom.web.test.ui.loyaltyweb.dll" id="d2f9f960-855d-55be-618e-dde9eef7ddbd">
      <Description>Create A Loyalty Web Account</Description>
      <TestCategory>
        <TestCategoryItem TestCategory="Creator" />
      </TestCategory>
      <DeploymentItems>
        <DeploymentItem filename="ExternalBinaries" outputDirectory=".\ExternalBinaries" />
        <DeploymentItem filename="TestData" outputDirectory=".\TestData" />
        <DeploymentItem filename="TestRunConfig" outputDirectory=".\TestRunConfig" />
      </DeploymentItems>
      <Execution id="c7af626f-47a7-4027-a302-9ec30c6d936d" />
      <TestMethod codeBase="C:/Ecommerce/Web/Test/UI/LoyaltyWeb/LoyaltyWebTest/LoyaltyWebTest/bin/Debug/Nordstrom.Web.Test.UI.LoyaltyWeb.DLL" adapterTypeName="Microsoft.VisualStudio.TestTools.TestTypes.Unit.UnitTestAdapter, Microsoft.VisualStudio.QualityTools.Tips.UnitTest.Adapter, Version=12.0.0.0, Culture=neutral, PublicKeyToken=b03f5f7f11d50a3a" className="Nordstrom.Web.Test.UI.LoyaltyWeb.AccountCreator, Nordstrom.Web.Test.UI.LoyaltyWeb, Version=1.0.0.0, Culture=neutral, PublicKeyToken=null" name="LoyaltyWebAccountCreation" />
    </UnitTest>
    <UnitTest name="LoyaltyLearnPage_ClickAnniversarySaleEarlyAccessLink_RedirectToRelevantPageSuccessfully" storage="c:\ecommerce\web\test\ui\loyaltyweb\loyaltywebtest\loyaltywebtest\bin\debug\nordstrom.web.test.ui.loyaltyweb.dll" id="78b55763-e768-9c39-338e-09c0ac5518ad">
      <Description>To verify Anniversary Sale Early Access link on Learn Page is navigated to the relevant page successfully</Description>
      <TestCategory>
        <TestCategoryItem TestCategory="Learn" />
        <TestCategoryItem TestCategory="LoyaltyTenderNeutral" />
      </TestCategory>
      <DeploymentItems>
        <DeploymentItem filename="ExternalBinaries" outputDirectory=".\ExternalBinaries" />
        <DeploymentItem filename="TestData" outputDirectory=".\TestData" />
        <DeploymentItem filename="TestRunConfig" outputDirectory=".\TestRunConfig" />
      </DeploymentItems>
      <Execution id="d09ce06d-1dcc-40e9-87b5-c1d1f227a01c" />
      <TestMethod codeBase="C:/Ecommerce/Web/Test/UI/LoyaltyWeb/LoyaltyWebTest/LoyaltyWebTest/bin/Debug/Nordstrom.Web.Test.UI.LoyaltyWeb.DLL" adapterTypeName="Microsoft.VisualStudio.TestTools.TestTypes.Unit.UnitTestAdapter, Microsoft.VisualStudio.QualityTools.Tips.UnitTest.Adapter, Version=12.0.0.0, Culture=neutral, PublicKeyToken=b03f5f7f11d50a3a" className="Nordstrom.Web.Test.UI.LoyaltyWeb.Tests.LoyaltyLearnTests, Nordstrom.Web.Test.UI.LoyaltyWeb, Version=1.0.0.0, Culture=neutral, PublicKeyToken=null" name="LoyaltyLearnPage_ClickAnniversarySaleEarlyAccessLink_RedirectToRelevantPageSuccessfully" />
    </UnitTest>
    <UnitTest name="TenderNeutralRewardsEnroll_MarketingPreferenceForRecognizedUser_MarketingPreferenceNotDisplayed" storage="c:\ecommerce\web\test\ui\loyaltyweb\loyaltywebtest\loyaltywebtest\bin\debug\nordstrom.web.test.ui.loyaltyweb.dll" id="e6140a5b-a03c-3282-1750-39c256f1e19e">
      <Description>Verify that the marketing preference is not displayed on Loyalty register page for a recognized user</Description>
      <TestCategory>
        <TestCategoryItem TestCategory="LoyaltyTenderNeutral" />
        <TestCategoryItem TestCategory="Enroll" />
      </TestCategory>
      <DeploymentItems>
        <DeploymentItem filename="ExternalBinaries" outputDirectory=".\ExternalBinaries" />
        <DeploymentItem filename="TestData" outputDirectory=".\TestData" />
        <DeploymentItem filename="TestRunConfig" outputDirectory=".\TestRunConfig" />
      </DeploymentItems>
      <Execution id="3c2e02e3-2a2b-47e6-b478-dfdc17bb8099" />
      <TestMethod codeBase="C:/Ecommerce/Web/Test/UI/LoyaltyWeb/LoyaltyWebTest/LoyaltyWebTest/bin/Debug/Nordstrom.Web.Test.UI.LoyaltyWeb.DLL" adapterTypeName="Microsoft.VisualStudio.TestTools.TestTypes.Unit.UnitTestAdapter, Microsoft.VisualStudio.QualityTools.Tips.UnitTest.Adapter, Version=12.0.0.0, Culture=neutral, PublicKeyToken=b03f5f7f11d50a3a" className="Nordstrom.Web.Test.UI.LoyaltyWeb.Tests.LoyaltyRegisterTests, Nordstrom.Web.Test.UI.LoyaltyWeb, Version=1.0.0.0, Culture=neutral, PublicKeyToken=null" name="TenderNeutralRewardsEnroll_MarketingPreferenceForRecognizedUser_MarketingPreferenceNotDisplayed" />
    </UnitTest>
    <UnitTest name="TenderNeutralRewardsRegister_MarketingPreferenceUpdateCheckedDuringTenderNeutralEnrollment_MarketingPreferenceSuccessfulUpdateToYesForNordAccount" storage="c:\ecommerce\web\test\ui\loyaltyweb\loyaltywebtest\loyaltywebtest\bin\debug\nordstrom.web.test.ui.loyaltyweb.dll" id="fe203691-dd1c-4311-df65-087a3121faec">
      <Description>Verify that Nordstrom email marketing preference is updated to yes while creating a nordtrom tender neutral rewards account</Description>
      <TestCategory>
        <TestCategoryItem TestCategory="LoyaltyTenderNeutral" />
        <TestCategoryItem TestCategory="Enroll" />
      </TestCategory>
      <DeploymentItems>
        <DeploymentItem filename="ExternalBinaries" outputDirectory=".\ExternalBinaries" />
        <DeploymentItem filename="TestData" outputDirectory=".\TestData" />
        <DeploymentItem filename="TestRunConfig" outputDirectory=".\TestRunConfig" />
      </DeploymentItems>
      <Execution id="be5083dd-80ca-49d5-bb2c-ada94d5645fa" />
      <TestMethod codeBase="C:/Ecommerce/Web/Test/UI/LoyaltyWeb/LoyaltyWebTest/LoyaltyWebTest/bin/Debug/Nordstrom.Web.Test.UI.LoyaltyWeb.DLL" adapterTypeName="Microsoft.VisualStudio.TestTools.TestTypes.Unit.UnitTestAdapter, Microsoft.VisualStudio.QualityTools.Tips.UnitTest.Adapter, Version=12.0.0.0, Culture=neutral, PublicKeyToken=b03f5f7f11d50a3a" className="Nordstrom.Web.Test.UI.LoyaltyWeb.Tests.LoyaltyRegisterTests, Nordstrom.Web.Test.UI.LoyaltyWeb, Version=1.0.0.0, Culture=neutral, PublicKeyToken=null" name="TenderNeutralRewardsRegister_MarketingPreferenceUpdateCheckedDuringTenderNeutralEnrollment_MarketingPreferenceSuccessfulUpdateToYesForNordAccount" />
    </UnitTest>
    <UnitTest name="TenderNeutralAssociation_PageContentShouldBeloadedSuccessfully" storage="c:\ecommerce\web\test\ui\loyaltyweb\loyaltywebtest\loyaltywebtest\bin\debug\nordstrom.web.test.ui.loyaltyweb.dll" id="ce370d25-fe18-623b-a5cd-11d58258d83f">
      <Description>Verify that when user goes to Association page, container association div is fully loaded</Description>
      <TestCategory>
        <TestCategoryItem TestCategory="LoyaltyTenderNeutral" />
        <TestCategoryItem TestCategory="Association" />
      </TestCategory>
      <DeploymentItems>
        <DeploymentItem filename="ExternalBinaries" outputDirectory=".\ExternalBinaries" />
        <DeploymentItem filename="TestData" outputDirectory=".\TestData" />
        <DeploymentItem filename="TestRunConfig" outputDirectory=".\TestRunConfig" />
      </DeploymentItems>
      <Execution id="3f821a55-ec1e-49a0-aac7-473a31855802" />
      <TestMethod codeBase="C:/Ecommerce/Web/Test/UI/LoyaltyWeb/LoyaltyWebTest/LoyaltyWebTest/bin/Debug/Nordstrom.Web.Test.UI.LoyaltyWeb.DLL" adapterTypeName="Microsoft.VisualStudio.TestTools.TestTypes.Unit.UnitTestAdapter, Microsoft.VisualStudio.QualityTools.Tips.UnitTest.Adapter, Version=12.0.0.0, Culture=neutral, PublicKeyToken=b03f5f7f11d50a3a" className="Nordstrom.Web.Test.UI.LoyaltyWeb.Tests.LoyaltyAssociationTests, Nordstrom.Web.Test.UI.LoyaltyWeb, Version=1.0.0.0, Culture=neutral, PublicKeyToken=null" name="TenderNeutralAssociation_PageContentShouldBeloadedSuccessfully" />
    </UnitTest>
    <UnitTest name="TenderNeutralRewardsEnroll_LoyaltyTNRecognisedUserLeaveFieldsBlank_ErrorMessageDisplayedSuccessfully" storage="c:\ecommerce\web\test\ui\loyaltyweb\loyaltywebtest\loyaltywebtest\bin\debug\nordstrom.web.test.ui.loyaltyweb.dll" id="116b6a6c-aec4-d93d-41e0-9740c764bbb6">
      <Description>Verify that error messages appear for all required fields when Join button is clicked leaving all fields blank for an recognised user</Description>
      <TestCategory>
        <TestCategoryItem TestCategory="LoyaltyTenderNeutral" />
        <TestCategoryItem TestCategory="Enroll" />
      </TestCategory>
      <DeploymentItems>
        <DeploymentItem filename="ExternalBinaries" outputDirectory=".\ExternalBinaries" />
        <DeploymentItem filename="TestData" outputDirectory=".\TestData" />
        <DeploymentItem filename="TestRunConfig" outputDirectory=".\TestRunConfig" />
      </DeploymentItems>
      <Execution id="85b431f9-8c6a-4c65-bf28-9696cebe612f" />
      <TestMethod codeBase="C:/Ecommerce/Web/Test/UI/LoyaltyWeb/LoyaltyWebTest/LoyaltyWebTest/bin/Debug/Nordstrom.Web.Test.UI.LoyaltyWeb.DLL" adapterTypeName="Microsoft.VisualStudio.TestTools.TestTypes.Unit.UnitTestAdapter, Microsoft.VisualStudio.QualityTools.Tips.UnitTest.Adapter, Version=12.0.0.0, Culture=neutral, PublicKeyToken=b03f5f7f11d50a3a" className="Nordstrom.Web.Test.UI.LoyaltyWeb.Tests.LoyaltyRegisterTests, Nordstrom.Web.Test.UI.LoyaltyWeb, Version=1.0.0.0, Culture=neutral, PublicKeyToken=null" name="TenderNeutralRewardsEnroll_LoyaltyTNRecognisedUserLeaveFieldsBlank_ErrorMessageDisplayedSuccessfully" />
    </UnitTest>
    <UnitTest name="TenderNeutralRewardsRegister_GuestUserEnrolls_LoyaltyAndNordAccountSuccessfullyCreated" storage="c:\ecommerce\web\test\ui\loyaltyweb\loyaltywebtest\loyaltywebtest\bin\debug\nordstrom.web.test.ui.loyaltyweb.dll" id="32f24606-a62f-430e-290e-c0eefe6b4d82">
      <Description>Verify creation of a new loyalty and N.com account for a new user</Description>
      <TestCategory>
        <TestCategoryItem TestCategory="Enroll" />
        <TestCategoryItem TestCategory="LoyaltyTenderNeutral" />
      </TestCategory>
      <DeploymentItems>
        <DeploymentItem filename="ExternalBinaries" outputDirectory=".\ExternalBinaries" />
        <DeploymentItem filename="TestData" outputDirectory=".\TestData" />
        <DeploymentItem filename="TestRunConfig" outputDirectory=".\TestRunConfig" />
      </DeploymentItems>
      <Execution id="7480861c-2bbf-4908-b028-de195f4064a2" />
      <TestMethod codeBase="C:/Ecommerce/Web/Test/UI/LoyaltyWeb/LoyaltyWebTest/LoyaltyWebTest/bin/Debug/Nordstrom.Web.Test.UI.LoyaltyWeb.DLL" adapterTypeName="Microsoft.VisualStudio.TestTools.TestTypes.Unit.UnitTestAdapter, Microsoft.VisualStudio.QualityTools.Tips.UnitTest.Adapter, Version=12.0.0.0, Culture=neutral, PublicKeyToken=b03f5f7f11d50a3a" className="Nordstrom.Web.Test.UI.LoyaltyWeb.Tests.LoyaltyRegisterTests, Nordstrom.Web.Test.UI.LoyaltyWeb, Version=1.0.0.0, Culture=neutral, PublicKeyToken=null" name="TenderNeutralRewardsRegister_GuestUserEnrolls_LoyaltyAndNordAccountSuccessfullyCreated" />
    </UnitTest>
    <UnitTest name="MobileVerificationPageModalPopupsValidation_AuthenticatedUserGetANewCodeModalContentValidation_GetANewCodeModalContentValidatedSuccessfully" storage="c:\ecommerce\web\test\ui\loyaltyweb\loyaltywebtest\loyaltywebtest\bin\debug\nordstrom.web.test.ui.loyaltyweb.dll" id="fd9689ca-c849-85c0-6c50-3415bd88876e">
      <Description>'Get a new code' Modal Popup verification and content validation for a authenticated user</Description>
      <TestCategory>
        <TestCategoryItem TestCategory="LoyaltyTenderNeutral" />
        <TestCategoryItem TestCategory="MobileVerification" />
      </TestCategory>
      <DeploymentItems>
        <DeploymentItem filename="ExternalBinaries" outputDirectory=".\ExternalBinaries" />
        <DeploymentItem filename="TestData" outputDirectory=".\TestData" />
        <DeploymentItem filename="TestRunConfig" outputDirectory=".\TestRunConfig" />
      </DeploymentItems>
      <Execution id="31c08d35-a2b1-4f77-af1b-497d2b77d703" />
      <TestMethod codeBase="C:/Ecommerce/Web/Test/UI/LoyaltyWeb/LoyaltyWebTest/LoyaltyWebTest/bin/Debug/Nordstrom.Web.Test.UI.LoyaltyWeb.DLL" adapterTypeName="Microsoft.VisualStudio.TestTools.TestTypes.Unit.UnitTestAdapter, Microsoft.VisualStudio.QualityTools.Tips.UnitTest.Adapter, Version=12.0.0.0, Culture=neutral, PublicKeyToken=b03f5f7f11d50a3a" className="Nordstrom.Web.Test.UI.LoyaltyWeb.Tests.LoyaltyTenderNeutralMobileVerificationPageTests, Nordstrom.Web.Test.UI.LoyaltyWeb, Version=1.0.0.0, Culture=neutral, PublicKeyToken=null" name="MobileVerificationPageModalPopupsValidation_AuthenticatedUserGetANewCodeModalContentValidation_GetANewCodeModalContentValidatedSuccessfully" />
    </UnitTest>
    <UnitTest name="TenderNeutralAssociation_When15MinutesPassAsGuestUser_EnteredInfoDisappear" storage="c:\ecommerce\web\test\ui\loyaltyweb\loyaltywebtest\loyaltywebtest\bin\debug\nordstrom.web.test.ui.loyaltyweb.dll" id="aa553c99-3db0-f811-13c1-3e3336a85e28">
      <Description>Verify that when 15 minutes pass, guest user information clears up</Description>
      <TestCategory>
        <TestCategoryItem TestCategory="SensitiveData" />
        <TestCategoryItem TestCategory="LoyaltyTenderNeutral" />
      </TestCategory>
      <DeploymentItems>
        <DeploymentItem filename="ExternalBinaries" outputDirectory=".\ExternalBinaries" />
        <DeploymentItem filename="TestData" outputDirectory=".\TestData" />
        <DeploymentItem filename="TestRunConfig" outputDirectory=".\TestRunConfig" />
      </DeploymentItems>
      <Execution id="f8650bde-34be-4901-b4a8-3e2ee938ee5a" />
      <TestMethod codeBase="C:/Ecommerce/Web/Test/UI/LoyaltyWeb/LoyaltyWebTest/LoyaltyWebTest/bin/Debug/Nordstrom.Web.Test.UI.LoyaltyWeb.DLL" adapterTypeName="Microsoft.VisualStudio.TestTools.TestTypes.Unit.UnitTestAdapter, Microsoft.VisualStudio.QualityTools.Tips.UnitTest.Adapter, Version=12.0.0.0, Culture=neutral, PublicKeyToken=b03f5f7f11d50a3a" className="Nordstrom.Web.Test.UI.LoyaltyWeb.Tests.UserSensitiveDataCases, Nordstrom.Web.Test.UI.LoyaltyWeb, Version=1.0.0.0, Culture=neutral, PublicKeyToken=null" name="TenderNeutralAssociation_When15MinutesPassAsGuestUser_EnteredInfoDisappear" />
    </UnitTest>
    <UnitTest name="TNEarn_AuthenticatedUnassociatedUserNavigatestoCheckoutPage_RewardsSectionDisplaysAppropriateLinks" storage="c:\ecommerce\web\test\ui\loyaltyweb\loyaltywebtest\loyaltywebtest\bin\debug\nordstrom.web.test.ui.loyaltyweb.dll" id="a3226ee3-bf16-ec4d-81ca-c87bbd465965">
      <Description>Verify that an authenticated user who has not linked N.com and TN number is able to see Rewards section with 'Pay with your nordstrom card' and 'earn points with your Rewards number' links in Ordersubmit page.</Description>
      <TestCategory>
        <TestCategoryItem TestCategory="LoyaltyTenderNeutral" />
        <TestCategoryItem TestCategory="EarnTests" />
      </TestCategory>
      <DeploymentItems>
        <DeploymentItem filename="ExternalBinaries" outputDirectory=".\ExternalBinaries" />
        <DeploymentItem filename="TestData" outputDirectory=".\TestData" />
        <DeploymentItem filename="TestRunConfig" outputDirectory=".\TestRunConfig" />
      </DeploymentItems>
      <Execution id="2ac10ec4-9046-4997-9f00-3bd80d0b8590" />
      <TestMethod codeBase="C:/Ecommerce/Web/Test/UI/LoyaltyWeb/LoyaltyWebTest/LoyaltyWebTest/bin/Debug/Nordstrom.Web.Test.UI.LoyaltyWeb.DLL" adapterTypeName="Microsoft.VisualStudio.TestTools.TestTypes.Unit.UnitTestAdapter, Microsoft.VisualStudio.QualityTools.Tips.UnitTest.Adapter, Version=12.0.0.0, Culture=neutral, PublicKeyToken=b03f5f7f11d50a3a" className="Nordstrom.Web.Test.UI.LoyaltyWeb.LoyaltyEarnTests, Nordstrom.Web.Test.UI.LoyaltyWeb, Version=1.0.0.0, Culture=neutral, PublicKeyToken=null" name="TNEarn_AuthenticatedUnassociatedUserNavigatestoCheckoutPage_RewardsSectionDisplaysAppropriateLinks" />
    </UnitTest>
    <UnitTest name="SuccessAssociationPageModalPopupsValidation_CloseButtonGetANewCodeModalValidation_CloseButtonInGetANewCodeModalClosedModalSuccessfully" storage="c:\ecommerce\web\test\ui\loyaltyweb\loyaltywebtest\loyaltywebtest\bin\debug\nordstrom.web.test.ui.loyaltyweb.dll" id="672cca8f-5f55-7a1b-0fdb-f17e9ed158b8">
      <Description>'Get a new code' Modal Popup Close Button Functionality verification</Description>
      <TestCategory>
        <TestCategoryItem TestCategory="LoyaltyTenderNeutral" />
        <TestCategoryItem TestCategory="MobileVerification" />
      </TestCategory>
      <DeploymentItems>
        <DeploymentItem filename="ExternalBinaries" outputDirectory=".\ExternalBinaries" />
        <DeploymentItem filename="TestData" outputDirectory=".\TestData" />
        <DeploymentItem filename="TestRunConfig" outputDirectory=".\TestRunConfig" />
      </DeploymentItems>
      <Execution id="f09f44e0-75b7-4ac5-ac74-e61193535cf9" />
      <TestMethod codeBase="C:/Ecommerce/Web/Test/UI/LoyaltyWeb/LoyaltyWebTest/LoyaltyWebTest/bin/Debug/Nordstrom.Web.Test.UI.LoyaltyWeb.DLL" adapterTypeName="Microsoft.VisualStudio.TestTools.TestTypes.Unit.UnitTestAdapter, Microsoft.VisualStudio.QualityTools.Tips.UnitTest.Adapter, Version=12.0.0.0, Culture=neutral, PublicKeyToken=b03f5f7f11d50a3a" className="Nordstrom.Web.Test.UI.LoyaltyWeb.Tests.LoyaltyTenderNeutralMobileVerificationPageTests, Nordstrom.Web.Test.UI.LoyaltyWeb, Version=1.0.0.0, Culture=neutral, PublicKeyToken=null" name="SuccessAssociationPageModalPopupsValidation_CloseButtonGetANewCodeModalValidation_CloseButtonInGetANewCodeModalClosedModalSuccessfully" />
    </UnitTest>
    <UnitTest name="TenderNeutralRewardsEnroll_RecognizedUserVerifyLinksOnThePage_LinksShouldNavigatetoCorrectUrls" storage="c:\ecommerce\web\test\ui\loyaltyweb\loyaltywebtest\loyaltywebtest\bin\debug\nordstrom.web.test.ui.loyaltyweb.dll" id="7b7dcbd8-49b5-0805-b4aa-ff4d57b5ef44">
      <Description>Verify that links on the enroll page works for an authenticated user</Description>
      <TestCategory>
        <TestCategoryItem TestCategory="Enroll" />
        <TestCategoryItem TestCategory="LoyaltyTenderNeutral" />
      </TestCategory>
      <DeploymentItems>
        <DeploymentItem filename="ExternalBinaries" outputDirectory=".\ExternalBinaries" />
        <DeploymentItem filename="TestData" outputDirectory=".\TestData" />
        <DeploymentItem filename="TestRunConfig" outputDirectory=".\TestRunConfig" />
      </DeploymentItems>
      <Execution id="cd580aab-f488-4ee3-93d9-53564635893c" />
      <TestMethod codeBase="C:/Ecommerce/Web/Test/UI/LoyaltyWeb/LoyaltyWebTest/LoyaltyWebTest/bin/Debug/Nordstrom.Web.Test.UI.LoyaltyWeb.DLL" adapterTypeName="Microsoft.VisualStudio.TestTools.TestTypes.Unit.UnitTestAdapter, Microsoft.VisualStudio.QualityTools.Tips.UnitTest.Adapter, Version=12.0.0.0, Culture=neutral, PublicKeyToken=b03f5f7f11d50a3a" className="Nordstrom.Web.Test.UI.LoyaltyWeb.Tests.LoyaltyRegisterTests, Nordstrom.Web.Test.UI.LoyaltyWeb, Version=1.0.0.0, Culture=neutral, PublicKeyToken=null" name="TenderNeutralRewardsEnroll_RecognizedUserVerifyLinksOnThePage_LinksShouldNavigatetoCorrectUrls" />
    </UnitTest>
    <UnitTest name="TNEarn_AuthenticatedNavigatesToCheckoutPage_RewardsSectionDisplayedSuccessfully" storage="c:\ecommerce\web\test\ui\loyaltyweb\loyaltywebtest\loyaltywebtest\bin\debug\nordstrom.web.test.ui.loyaltyweb.dll" id="e81b8614-7f89-a6f0-bb77-5332fc8c9a38">
      <Description>Verify that an authenticated and unassociated user is able to see Rewards section on Ordersubmit page.</Description>
      <TestCategory>
        <TestCategoryItem TestCategory="EarnTests" />
        <TestCategoryItem TestCategory="LoyaltyTenderNeutral" />
      </TestCategory>
      <DeploymentItems>
        <DeploymentItem filename="ExternalBinaries" outputDirectory=".\ExternalBinaries" />
        <DeploymentItem filename="TestData" outputDirectory=".\TestData" />
        <DeploymentItem filename="TestRunConfig" outputDirectory=".\TestRunConfig" />
      </DeploymentItems>
      <Execution id="f7ac8199-b02a-466a-85ec-2f4f839814b8" />
      <TestMethod codeBase="C:/Ecommerce/Web/Test/UI/LoyaltyWeb/LoyaltyWebTest/LoyaltyWebTest/bin/Debug/Nordstrom.Web.Test.UI.LoyaltyWeb.DLL" adapterTypeName="Microsoft.VisualStudio.TestTools.TestTypes.Unit.UnitTestAdapter, Microsoft.VisualStudio.QualityTools.Tips.UnitTest.Adapter, Version=12.0.0.0, Culture=neutral, PublicKeyToken=b03f5f7f11d50a3a" className="Nordstrom.Web.Test.UI.LoyaltyWeb.LoyaltyEarnTests, Nordstrom.Web.Test.UI.LoyaltyWeb, Version=1.0.0.0, Culture=neutral, PublicKeyToken=null" name="TNEarn_AuthenticatedNavigatesToCheckoutPage_RewardsSectionDisplayedSuccessfully" />
    </UnitTest>
  </TestDefinitions>
  <TestLists>
    <TestList name="Results Not in a List" id="8c84fa94-04c1-424b-9868-57a2d4851a1d" />
    <TestList name="All Loaded Results" id="19431567-8539-422a-85d7-44ee4e166bda" />
  </TestLists>
  <TestEntries>
    <TestEntry testId="c3469f47-11d2-0f6d-01e4-b5ee4ad521c5" executionId="83b3591a-e5c1-4a95-b4fc-cb4acdc41f8e" testListId="8c84fa94-04c1-424b-9868-57a2d4851a1d" />
    <TestEntry testId="d2f9f960-855d-55be-618e-dde9eef7ddbd" executionId="c7af626f-47a7-4027-a302-9ec30c6d936d" testListId="8c84fa94-04c1-424b-9868-57a2d4851a1d" />
    <TestEntry testId="5963c0f3-a8a8-dfab-7471-beb2be3cb009" executionId="345e5eb5-0bac-421f-ae14-b04d3e524eb7" testListId="8c84fa94-04c1-424b-9868-57a2d4851a1d" />
    <TestEntry testId="15ed11f1-7aed-0d4e-aca5-31f77d3917f4" executionId="308e673a-8e10-4218-a64e-bee698fb8738" testListId="8c84fa94-04c1-424b-9868-57a2d4851a1d" />
    <TestEntry testId="37e312f5-dabf-7121-ab7d-2facdb925a76" executionId="e8f36e0b-7789-4afc-9adf-a220342895c6" testListId="8c84fa94-04c1-424b-9868-57a2d4851a1d" />
    <TestEntry testId="20736365-30a9-dab9-e43a-6af73f0ecf5a" executionId="72d96b0d-82c3-453c-861a-e456d258d957" testListId="8c84fa94-04c1-424b-9868-57a2d4851a1d" />
    <TestEntry testId="24da5bb4-60a0-0a6c-7d64-542de22d3e50" executionId="d060c851-69bb-4d80-9104-89f1f44ed1e3" testListId="8c84fa94-04c1-424b-9868-57a2d4851a1d" />
    <TestEntry testId="24636a1e-6764-986f-5b54-452cfb6c990c" executionId="f66ec898-8742-4af7-a0c9-2065ad970039" testListId="8c84fa94-04c1-424b-9868-57a2d4851a1d" />
    <TestEntry testId="31861bad-520c-3c2f-0104-308b978ecd98" executionId="47fea3cf-3e1e-4cd0-b32e-8cfa07099355" testListId="8c84fa94-04c1-424b-9868-57a2d4851a1d" />
    <TestEntry testId="e686901b-6686-80e7-08a3-ba83d5827a1d" executionId="6f9c7730-7896-425f-ba85-564bd803ea9e" testListId="8c84fa94-04c1-424b-9868-57a2d4851a1d" />
    <TestEntry testId="693eb4ff-b205-ddd7-2b5e-73f1986122c9" executionId="030d41be-dca5-46ec-a8f0-f211674e78c8" testListId="8c84fa94-04c1-424b-9868-57a2d4851a1d" />
    <TestEntry testId="e81b8614-7f89-a6f0-bb77-5332fc8c9a38" executionId="f7ac8199-b02a-466a-85ec-2f4f839814b8" testListId="8c84fa94-04c1-424b-9868-57a2d4851a1d" />
    <TestEntry testId="dbc2775b-770b-a3a8-3265-153ae3cefe17" executionId="9e921847-f875-49de-9dda-c335b0f5fd2c" testListId="8c84fa94-04c1-424b-9868-57a2d4851a1d" />
    <TestEntry testId="a22938ae-87f2-10e0-9334-ecd32f4c9eba" executionId="77ad3de6-0b0d-46fd-92e7-291748f6c438" testListId="8c84fa94-04c1-424b-9868-57a2d4851a1d" />
    <TestEntry testId="11d45f5b-0349-3c73-30fb-607169628a2a" executionId="00319107-3c70-44ef-937d-eb8743b561a5" testListId="8c84fa94-04c1-424b-9868-57a2d4851a1d" />
    <TestEntry testId="0d7fc95c-de99-75a8-b2ca-f9392ee6e6b4" executionId="67890a13-684d-4cdb-9503-f93b9d80fa56" testListId="8c84fa94-04c1-424b-9868-57a2d4851a1d" />
    <TestEntry testId="f882f3fc-ca0b-94e3-ee65-104ff82b6958" executionId="492cd895-3ca1-4ab1-a50a-2c1f5ea942f0" testListId="8c84fa94-04c1-424b-9868-57a2d4851a1d" />
    <TestEntry testId="0ed8c0c2-fd20-e145-5b8f-528d91fafb1b" executionId="7c9f53a5-29d8-44a3-a2b5-26c753ab3cab" testListId="8c84fa94-04c1-424b-9868-57a2d4851a1d" />
    <TestEntry testId="0cbfd35f-96fd-db37-b501-1810ef6f0456" executionId="879909da-85a1-46c7-9dc6-05f75893cdfa" testListId="8c84fa94-04c1-424b-9868-57a2d4851a1d" />
    <TestEntry testId="d4d81efe-8fca-97fe-febd-54dbc2158b45" executionId="f2cddb06-30d3-440d-91c5-02de566f7674" testListId="8c84fa94-04c1-424b-9868-57a2d4851a1d" />
    <TestEntry testId="f438ddb1-cfb4-b627-ffb1-3c374e68f425" executionId="6891ad0a-9571-4b64-92e7-177858d899ca" testListId="8c84fa94-04c1-424b-9868-57a2d4851a1d" />
    <TestEntry testId="d25644d3-0bb7-fabb-599a-453ed1d010ef" executionId="b8d76705-3441-4499-8cc2-dd358bb59642" testListId="8c84fa94-04c1-424b-9868-57a2d4851a1d" />
    <TestEntry testId="47268004-574c-e7a3-f8ba-f05ec5cbe13c" executionId="f57d0b5d-15b5-4372-af96-b9f71c6e3553" testListId="8c84fa94-04c1-424b-9868-57a2d4851a1d" />
    <TestEntry testId="000bc424-a9b2-5b76-70bc-5586c78c1866" executionId="910f5396-3ebf-48dd-ba58-b74dc9f5d174" testListId="8c84fa94-04c1-424b-9868-57a2d4851a1d" />
    <TestEntry testId="e742020b-6600-e27d-4ee6-ea80fd4144e2" executionId="93ce79f0-3543-4829-96b1-6825063a99db" testListId="8c84fa94-04c1-424b-9868-57a2d4851a1d" />
    <TestEntry testId="d545375e-e268-6000-157b-37e839955f09" executionId="843b08d8-8e1c-4bf7-b3ac-e1b25f6ae061" testListId="8c84fa94-04c1-424b-9868-57a2d4851a1d" />
    <TestEntry testId="a3226ee3-bf16-ec4d-81ca-c87bbd465965" executionId="2ac10ec4-9046-4997-9f00-3bd80d0b8590" testListId="8c84fa94-04c1-424b-9868-57a2d4851a1d" />
    <TestEntry testId="2ba616ed-60c3-9e03-52a7-71206c95a861" executionId="6fb749b0-72d9-4a5f-bc28-799e1c130840" testListId="8c84fa94-04c1-424b-9868-57a2d4851a1d" />
    <TestEntry testId="8aac4b9e-b18a-8da6-8fc8-4bf6a3a1f635" executionId="8a063a84-3f07-405d-a54d-d73cb804e3a6" testListId="8c84fa94-04c1-424b-9868-57a2d4851a1d" />
    <TestEntry testId="0dd72646-d663-b38c-5553-0b6bda192036" executionId="d09a93b4-1e15-4a83-9d4e-3ab7fd93e814" testListId="8c84fa94-04c1-424b-9868-57a2d4851a1d" />
    <TestEntry testId="380b4276-ee3c-ffbc-814e-c860ea944171" executionId="f4597d0d-2194-434f-84f1-91995ca17b9b" testListId="8c84fa94-04c1-424b-9868-57a2d4851a1d" />
    <TestEntry testId="e1a56f23-f449-9454-c117-7c0592d24d1e" executionId="e632998e-00b7-43fe-a287-e4b7055fbee0" testListId="8c84fa94-04c1-424b-9868-57a2d4851a1d" />
    <TestEntry testId="39d4fd5c-924d-49c6-8549-9a0c23668c1b" executionId="315742d9-86b5-4674-9617-a62586375498" testListId="8c84fa94-04c1-424b-9868-57a2d4851a1d" />
    <TestEntry testId="cde4d37b-0211-be04-3e2f-a68ba4a27e2e" executionId="81c7e42c-2543-4663-93e0-6629c6d8b9d9" testListId="8c84fa94-04c1-424b-9868-57a2d4851a1d" />
    <TestEntry testId="fe046f46-4503-36cb-cbb0-c8ade5f466c2" executionId="32b6c497-1117-47d0-896c-368440655377" testListId="8c84fa94-04c1-424b-9868-57a2d4851a1d" />
    <TestEntry testId="1cbf720d-74ac-ea04-85c7-e3b1c8140159" executionId="ab777d9c-53f9-4ebe-8d4c-4ed499a35061" testListId="8c84fa94-04c1-424b-9868-57a2d4851a1d" />
    <TestEntry testId="9c870baa-0174-d7d8-19b5-6331f7c3b419" executionId="910cd946-9712-4ffa-b2b4-583d7697d0a4" testListId="8c84fa94-04c1-424b-9868-57a2d4851a1d" />
    <TestEntry testId="55a3993c-2db1-9211-5aa0-390ed114f4b8" executionId="1b4f8f71-65f5-49a7-ad25-edfb4f83eaf6" testListId="8c84fa94-04c1-424b-9868-57a2d4851a1d" />
    <TestEntry testId="2a331da7-1079-e07a-4b7f-e32c407ac20c" executionId="757185b1-41bb-4d56-b2ee-115cf8e69cdb" testListId="8c84fa94-04c1-424b-9868-57a2d4851a1d" />
    <TestEntry testId="ddc0d2eb-254c-dd19-2d14-6b1da7927e8f" executionId="5941638b-3773-4881-b386-eab5198f9143" testListId="8c84fa94-04c1-424b-9868-57a2d4851a1d" />
    <TestEntry testId="780b7f14-e815-0723-e3b8-d8dd8dd06d51" executionId="c9e4219c-bdb3-4349-9f92-7b35c5989179" testListId="8c84fa94-04c1-424b-9868-57a2d4851a1d" />
    <TestEntry testId="7ce97ded-40b2-b5e9-34ec-a0fe6755660f" executionId="ae3a5818-5b08-40ee-828d-6ba7c25c2a2e" testListId="8c84fa94-04c1-424b-9868-57a2d4851a1d" />
    <TestEntry testId="bffdf662-4bf2-9dc5-e959-c3ba46d638ab" executionId="c9bab8b9-a6b6-4f42-9adf-107ac7dafd4f" testListId="8c84fa94-04c1-424b-9868-57a2d4851a1d" />
    <TestEntry testId="2033df00-884b-175e-0501-f243d029fbc3" executionId="5b3e1f34-5419-490a-9fc9-59e7be77ee08" testListId="8c84fa94-04c1-424b-9868-57a2d4851a1d" />
    <TestEntry testId="0f16a984-42ea-bdc5-cb74-28babf045917" executionId="cc91e7de-58e0-474c-ba80-bdd52b9ccc44" testListId="8c84fa94-04c1-424b-9868-57a2d4851a1d" />
    <TestEntry testId="dd8e2eb9-9040-a3cb-43c3-86db586eae89" executionId="2074a1a7-9856-446c-94cc-d5fa822a0596" testListId="8c84fa94-04c1-424b-9868-57a2d4851a1d" />
    <TestEntry testId="7ac6d4c1-2d4b-da5b-5657-f841ff3fdc9c" executionId="362b2669-4d73-4797-a9de-8525f668400b" testListId="8c84fa94-04c1-424b-9868-57a2d4851a1d" />
    <TestEntry testId="26a0be8d-3448-cc9f-f046-3109a80b8c53" executionId="0e253248-3196-4284-aa94-29bbf1048294" testListId="8c84fa94-04c1-424b-9868-57a2d4851a1d" />
    <TestEntry testId="0ec0595a-ed09-d8b1-2419-ec5d905e6185" executionId="26c6b9a1-20c1-4f45-87a8-6e92efe7cec6" testListId="8c84fa94-04c1-424b-9868-57a2d4851a1d" />
    <TestEntry testId="3bbf2bb7-a19a-4c71-f847-eefde8af1036" executionId="29ad59ad-921b-4b02-ab39-efeb984d3385" testListId="8c84fa94-04c1-424b-9868-57a2d4851a1d" />
    <TestEntry testId="ce370d25-fe18-623b-a5cd-11d58258d83f" executionId="3f821a55-ec1e-49a0-aac7-473a31855802" testListId="8c84fa94-04c1-424b-9868-57a2d4851a1d" />
    <TestEntry testId="6d4034ae-8847-5a7a-3028-12d36d474190" executionId="59e32049-2583-40bc-9ba4-66ba676e0bb4" testListId="8c84fa94-04c1-424b-9868-57a2d4851a1d" />
    <TestEntry testId="27f3ca3a-fe37-e245-4f3b-a0a1a217b934" executionId="e3e067e7-5c09-406c-b957-51012b0e22a0" testListId="8c84fa94-04c1-424b-9868-57a2d4851a1d" />
    <TestEntry testId="121b0646-0f45-6775-4045-6a82555ce964" executionId="bed6a5ff-c84b-4fe0-a1e0-145dfdb3bf7c" testListId="8c84fa94-04c1-424b-9868-57a2d4851a1d" />
    <TestEntry testId="362454c8-a200-0615-b79c-176c62c6b4a9" executionId="04b5916d-263c-436b-8b99-a84920058166" testListId="8c84fa94-04c1-424b-9868-57a2d4851a1d" />
    <TestEntry testId="dc9c8778-9740-9954-1ba8-7258cb77325a" executionId="860e31e4-4a95-414f-a0fc-592598d3d04b" testListId="8c84fa94-04c1-424b-9868-57a2d4851a1d" />
    <TestEntry testId="f2fa7c18-835c-4dbb-8e35-b0961c4ab56f" executionId="7f4c2bae-4e47-4ada-9ba9-02b1a85b8624" testListId="8c84fa94-04c1-424b-9868-57a2d4851a1d" />
    <TestEntry testId="ab610072-1281-04a1-51c0-1e483cf3fcf7" executionId="811dec56-4109-4bda-9fcf-88a35bd2f7c3" testListId="8c84fa94-04c1-424b-9868-57a2d4851a1d" />
    <TestEntry testId="78b55763-e768-9c39-338e-09c0ac5518ad" executionId="d09ce06d-1dcc-40e9-87b5-c1d1f227a01c" testListId="8c84fa94-04c1-424b-9868-57a2d4851a1d" />
    <TestEntry testId="eb2347e3-db41-69e3-9409-7bcf4239f39e" executionId="6f983ba6-f999-4f7c-8f3c-157c6a03d0a8" testListId="8c84fa94-04c1-424b-9868-57a2d4851a1d" />
    <TestEntry testId="3f6c5ba7-383a-e523-bfeb-582429459e86" executionId="177e6485-bf61-470b-b6a0-9ae63870eee4" testListId="8c84fa94-04c1-424b-9868-57a2d4851a1d" />
    <TestEntry testId="8dd5d845-97f6-d5b6-1eef-4998468e841a" executionId="1263c9a8-cab0-4b12-82dc-fbf9c5648d3a" testListId="8c84fa94-04c1-424b-9868-57a2d4851a1d" />
    <TestEntry testId="94dff5fb-86a8-bfaf-afa8-0fa1c7d878c4" executionId="ab96621d-a032-4bab-83bc-1d188f325806" testListId="8c84fa94-04c1-424b-9868-57a2d4851a1d" />
    <TestEntry testId="785b8a5e-8793-5bd7-0029-1d440f22ff89" executionId="8db0cb3c-911e-4777-ae20-88d29d6579d1" testListId="8c84fa94-04c1-424b-9868-57a2d4851a1d" />
    <TestEntry testId="ed1ebb9c-9e01-8c19-acdc-7330fb8df0d6" executionId="08aef95a-b11e-46d8-baac-e94c67c4006f" testListId="8c84fa94-04c1-424b-9868-57a2d4851a1d" />
    <TestEntry testId="b3a516d6-48f5-fdac-3c3f-d8ab2c32b2ae" executionId="d70b849a-3b18-434c-ac30-5aa6cd40b57e" testListId="8c84fa94-04c1-424b-9868-57a2d4851a1d" />
    <TestEntry testId="2e0abc29-eb20-04d7-d06d-b4c962bff0f8" executionId="a498692a-d307-4fd7-ae8d-6b22c50d0473" testListId="8c84fa94-04c1-424b-9868-57a2d4851a1d" />
    <TestEntry testId="6a8b719d-e213-39d7-1052-2c67708b346d" executionId="624c8827-80bc-46a0-940c-024e0dbec179" testListId="8c84fa94-04c1-424b-9868-57a2d4851a1d" />
    <TestEntry testId="76afe1b0-aa00-7a67-3485-c6dce60f67cf" executionId="4442d52c-2891-4303-8664-dfd0d03c6b63" testListId="8c84fa94-04c1-424b-9868-57a2d4851a1d" />
    <TestEntry testId="7930dcac-1907-bb64-58bc-217dfb6dd30a" executionId="e2351c80-1f84-4911-be58-b42b1180b33b" testListId="8c84fa94-04c1-424b-9868-57a2d4851a1d" />
    <TestEntry testId="a88aefa5-b2bc-5b05-fcfb-b068eb81c583" executionId="8d1164d6-3851-4bcd-a570-03677ff63d64" testListId="8c84fa94-04c1-424b-9868-57a2d4851a1d" />
    <TestEntry testId="03f020d8-e988-f92d-0457-a7f489cd6a41" executionId="cd47b5ee-9e20-4fc7-888f-ef7d2b5e2bcc" testListId="8c84fa94-04c1-424b-9868-57a2d4851a1d" />
    <TestEntry testId="20168e3c-0286-024a-49b6-fca5265afe6a" executionId="7e151f15-ef06-48c8-931e-c7bd66a768e9" testListId="8c84fa94-04c1-424b-9868-57a2d4851a1d" />
    <TestEntry testId="180eedfd-4f3f-877f-423b-892845b5350a" executionId="cb0e9258-693a-456d-b310-a88c88bfd645" testListId="8c84fa94-04c1-424b-9868-57a2d4851a1d" />
    <TestEntry testId="a95a4486-3ea5-c3fc-11e6-f776c56fa481" executionId="37c1197f-5d43-4977-bd01-acbcf6ce2c61" testListId="8c84fa94-04c1-424b-9868-57a2d4851a1d" />
    <TestEntry testId="2f3eccac-4502-8517-62a8-7c06b3c32b81" executionId="e74ebe6d-bf8d-49b7-8c86-7dfda42aea0b" testListId="8c84fa94-04c1-424b-9868-57a2d4851a1d" />
    <TestEntry testId="22909370-6345-6e89-a2f4-eb0af6da776a" executionId="c5a5ea4e-5ca4-4c33-938f-5e7b2595e8d9" testListId="8c84fa94-04c1-424b-9868-57a2d4851a1d" />
    <TestEntry testId="55968c58-287a-9941-89e4-749ee48e02f2" executionId="cb0064f3-9e94-43e3-b59c-bf4cdde33cdb" testListId="8c84fa94-04c1-424b-9868-57a2d4851a1d" />
    <TestEntry testId="90d9a6fa-b79f-0afe-7e63-74c4de4a3610" executionId="dd500c3f-7e19-49cd-91a0-354fc8280b26" testListId="8c84fa94-04c1-424b-9868-57a2d4851a1d" />
    <TestEntry testId="2fba05dc-8e32-230c-4c32-6d3e035edf6b" executionId="47ed299b-00b3-446d-9a65-019c765e6943" testListId="8c84fa94-04c1-424b-9868-57a2d4851a1d" />
    <TestEntry testId="91fc2c54-fa00-de8f-2c58-70556aad52af" executionId="82239a0c-c831-430c-8a38-3d1351aef96d" testListId="8c84fa94-04c1-424b-9868-57a2d4851a1d" />
    <TestEntry testId="f8d1d988-f943-40e2-ee28-4a7d97a4b357" executionId="0bee524d-c6c7-4f18-a916-dc11a37ea5e6" testListId="8c84fa94-04c1-424b-9868-57a2d4851a1d" />
    <TestEntry testId="4c12be88-4a9f-f28b-49f5-85832c4c7a5f" executionId="e20c518a-1d39-4b38-87d4-ee325c64dbd2" testListId="8c84fa94-04c1-424b-9868-57a2d4851a1d" />
    <TestEntry testId="9af02bea-3c71-b965-ab70-11128f2cbf09" executionId="a3100573-8a43-4c2f-b176-fb4b070cce10" testListId="8c84fa94-04c1-424b-9868-57a2d4851a1d" />
    <TestEntry testId="e9ae877f-4183-675d-0b5d-a08e0f4a7357" executionId="379aa9d3-eab0-41f8-b898-29785fb10dc3" testListId="8c84fa94-04c1-424b-9868-57a2d4851a1d" />
    <TestEntry testId="38cd08a7-bad1-f6a2-46e6-36fcd5a41d05" executionId="fde16524-e4ba-4654-bb26-7fef98e114a5" testListId="8c84fa94-04c1-424b-9868-57a2d4851a1d" />
    <TestEntry testId="064f54e5-c571-f70a-9341-343431e2ecb1" executionId="3ed0f516-07ca-45b5-81bf-a9cc1ee797f1" testListId="8c84fa94-04c1-424b-9868-57a2d4851a1d" />
    <TestEntry testId="61937339-be54-ec8c-0d21-df5984f59c3c" executionId="d261bd00-983a-4df8-8d85-51fed5c1a907" testListId="8c84fa94-04c1-424b-9868-57a2d4851a1d" />
    <TestEntry testId="f72a1255-b107-03b4-c8f7-9fa5d6fa676d" executionId="f6451c25-570a-48f4-8df2-c4c4eeda46b7" testListId="8c84fa94-04c1-424b-9868-57a2d4851a1d" />
    <TestEntry testId="169300af-c9d6-bea9-a1ff-7a9ed89bad16" executionId="4284cd53-7d03-4576-996d-3a0224009d1d" testListId="8c84fa94-04c1-424b-9868-57a2d4851a1d" />
    <TestEntry testId="148b8285-3f85-b0e9-45c5-e3a35357648d" executionId="555a566d-0b74-4263-9ca3-bc352e6d0ae0" testListId="8c84fa94-04c1-424b-9868-57a2d4851a1d" />
    <TestEntry testId="c8a4a135-d987-2e7d-2a98-5bd08c54a876" executionId="6478afff-1d63-43a2-95f9-5aad64a466a2" testListId="8c84fa94-04c1-424b-9868-57a2d4851a1d" />
    <TestEntry testId="72996ae9-d26e-5102-cc53-f3f23240ab87" executionId="e91abc15-1d77-46e1-bfb4-42ec50f239f7" testListId="8c84fa94-04c1-424b-9868-57a2d4851a1d" />
    <TestEntry testId="d6a678c1-9a2a-211a-0a65-b35f90d48e7a" executionId="f8d3b1ff-20c4-4f3d-9822-6636744f7bc2" testListId="8c84fa94-04c1-424b-9868-57a2d4851a1d" />
    <TestEntry testId="5e90776e-c948-1da3-08bd-ad7b4be24524" executionId="f4486a0d-b2ac-4515-b8c6-620abf2016d2" testListId="8c84fa94-04c1-424b-9868-57a2d4851a1d" />
    <TestEntry testId="1eff8dc9-7032-189f-0d21-2aa4669342e3" executionId="09c71fee-7321-4e56-b319-eb2c29d73cf9" testListId="8c84fa94-04c1-424b-9868-57a2d4851a1d" />
    <TestEntry testId="f54f617a-b2b4-874b-3adb-ecec948db0b7" executionId="50e05ff3-dafe-4b93-af9e-03204244ceec" testListId="8c84fa94-04c1-424b-9868-57a2d4851a1d" />
    <TestEntry testId="d8021ea1-63ed-ec93-e1ae-0a4309938011" executionId="54135631-76d0-44e9-9a38-393d9f4c1bfa" testListId="8c84fa94-04c1-424b-9868-57a2d4851a1d" />
    <TestEntry testId="19b11fba-c062-6cbb-d40d-7beea484b6eb" executionId="cd0e9c2f-e1f3-4dd3-85d0-7f95a142938b" testListId="8c84fa94-04c1-424b-9868-57a2d4851a1d" />
    <TestEntry testId="ab0001a8-76a7-521c-9f7d-9c1dfb741a6d" executionId="1673f1f4-ba76-4189-a089-8764f25d5b1a" testListId="8c84fa94-04c1-424b-9868-57a2d4851a1d" />
    <TestEntry testId="bebc16b7-af0f-2197-b74b-ac81802270f3" executionId="f7fd3510-b04c-4353-a6e1-920becf766c4" testListId="8c84fa94-04c1-424b-9868-57a2d4851a1d" />
    <TestEntry testId="bc6b573c-24fe-6064-63da-147f9221448d" executionId="470f8d79-b886-41b5-96e4-353b75efac18" testListId="8c84fa94-04c1-424b-9868-57a2d4851a1d" />
    <TestEntry testId="4d7af099-cdeb-472c-ec24-b80dbf848f37" executionId="1597fa4b-4f1a-431e-ac1e-180e8e7feb94" testListId="8c84fa94-04c1-424b-9868-57a2d4851a1d" />
    <TestEntry testId="7defdc68-14ff-6a42-1380-f1652ccd0ecf" executionId="f606fc6d-618f-4410-a75e-a19f365af7de" testListId="8c84fa94-04c1-424b-9868-57a2d4851a1d" />
    <TestEntry testId="116b6a6c-aec4-d93d-41e0-9740c764bbb6" executionId="85b431f9-8c6a-4c65-bf28-9696cebe612f" testListId="8c84fa94-04c1-424b-9868-57a2d4851a1d" />
    <TestEntry testId="1262eade-73e8-889e-1610-c0ebcac93d87" executionId="b94a7463-6e3b-4574-8bd4-927ece55a011" testListId="8c84fa94-04c1-424b-9868-57a2d4851a1d" />
    <TestEntry testId="cff1a9b5-982b-0782-b358-bf98fbe79b46" executionId="c1e852ef-8557-42af-b898-b9ce43869e47" testListId="8c84fa94-04c1-424b-9868-57a2d4851a1d" />
    <TestEntry testId="e6140a5b-a03c-3282-1750-39c256f1e19e" executionId="3c2e02e3-2a2b-47e6-b478-dfdc17bb8099" testListId="8c84fa94-04c1-424b-9868-57a2d4851a1d" />
    <TestEntry testId="7b7dcbd8-49b5-0805-b4aa-ff4d57b5ef44" executionId="cd580aab-f488-4ee3-93d9-53564635893c" testListId="8c84fa94-04c1-424b-9868-57a2d4851a1d" />
    <TestEntry testId="410dae98-05e2-616d-84b3-8cd95e7d0ebd" executionId="7a695606-4a9c-46ef-9c4e-344353d59f3e" testListId="8c84fa94-04c1-424b-9868-57a2d4851a1d" />
    <TestEntry testId="32f24606-a62f-430e-290e-c0eefe6b4d82" executionId="7480861c-2bbf-4908-b028-de195f4064a2" testListId="8c84fa94-04c1-424b-9868-57a2d4851a1d" />
    <TestEntry testId="4cdd7e88-53ec-70f0-6008-c9729c50731d" executionId="92acb1f1-c412-493c-97b7-5e53f0879289" testListId="8c84fa94-04c1-424b-9868-57a2d4851a1d" />
    <TestEntry testId="c63ab081-8ced-3d0e-ff64-1cca12755839" executionId="e3bfb0fd-de3e-4a57-8a1d-4159f0029dc3" testListId="8c84fa94-04c1-424b-9868-57a2d4851a1d" />
    <TestEntry testId="977985af-feb3-6a27-6c1f-f339f0efce2b" executionId="caecb6be-0a64-4782-ada0-fab21b2e4367" testListId="8c84fa94-04c1-424b-9868-57a2d4851a1d" />
    <TestEntry testId="de6110ca-211d-f943-5d85-a0c7f3d89012" executionId="2c5cd391-e655-45b7-9e3d-446c164a2bd0" testListId="8c84fa94-04c1-424b-9868-57a2d4851a1d" />
    <TestEntry testId="86b3b541-dee1-c250-cbd7-09a1f3b9bec9" executionId="e21409d0-525a-4b68-9607-ec4bf51ba84f" testListId="8c84fa94-04c1-424b-9868-57a2d4851a1d" />
    <TestEntry testId="255988e0-354f-aca6-8726-d21411c565fc" executionId="b76d6683-a6d0-4554-a70a-ea3201c99dd2" testListId="8c84fa94-04c1-424b-9868-57a2d4851a1d" />
    <TestEntry testId="9c169b1f-0461-c4cb-88b0-c01730fb59b2" executionId="3488bb2b-039d-49b6-9aba-297033f51b39" testListId="8c84fa94-04c1-424b-9868-57a2d4851a1d" />
    <TestEntry testId="57e5b47e-e59d-7388-f5c6-b74d7f6dfb86" executionId="acf67ee6-3aae-42aa-b994-a4ee50198f9d" testListId="8c84fa94-04c1-424b-9868-57a2d4851a1d" />
    <TestEntry testId="273d16c7-648e-88d2-b3b2-17cedb22aba9" executionId="f71eafa2-0889-44e5-825e-aa4030bdf721" testListId="8c84fa94-04c1-424b-9868-57a2d4851a1d" />
    <TestEntry testId="fe203691-dd1c-4311-df65-087a3121faec" executionId="be5083dd-80ca-49d5-bb2c-ada94d5645fa" testListId="8c84fa94-04c1-424b-9868-57a2d4851a1d" />
    <TestEntry testId="fa335a1b-8472-a3da-3a92-29d664a21830" executionId="5a453d32-51b5-49c9-b0e2-93f305988051" testListId="8c84fa94-04c1-424b-9868-57a2d4851a1d" />
    <TestEntry testId="c2629842-f75d-84a9-158e-f6f12cb84728" executionId="9ecec221-92e0-475b-8204-2fe900c47a17" testListId="8c84fa94-04c1-424b-9868-57a2d4851a1d" />
    <TestEntry testId="01251113-7a0b-5e5c-8bee-18fe750a194b" executionId="24303985-d3da-474c-b2f0-763f7e51e988" testListId="8c84fa94-04c1-424b-9868-57a2d4851a1d" />
    <TestEntry testId="c6b4418f-b9ed-bd71-07ec-f66acbe245f3" executionId="cc9e062f-6a13-405d-bfde-17012bb35cda" testListId="8c84fa94-04c1-424b-9868-57a2d4851a1d" />
    <TestEntry testId="516f9ab9-64b9-443c-e877-727862ab585e" executionId="a96d0413-f727-40e3-a732-e3ec566daa33" testListId="8c84fa94-04c1-424b-9868-57a2d4851a1d" />
    <TestEntry testId="92b927ed-4173-8eba-d7c2-edaf2906a7f7" executionId="358a2e53-16dd-4bb2-8b9d-38e47ffa8c65" testListId="8c84fa94-04c1-424b-9868-57a2d4851a1d" />
    <TestEntry testId="3ed5e039-3897-6d86-5431-a4a317d8e264" executionId="f47548a6-1c7f-484e-ab9e-ce57f80e7304" testListId="8c84fa94-04c1-424b-9868-57a2d4851a1d" />
    <TestEntry testId="b35f1e27-5b08-b435-139a-a66b6404e8f7" executionId="817c55b8-1c7d-4458-8d10-523ad60d6075" testListId="8c84fa94-04c1-424b-9868-57a2d4851a1d" />
    <TestEntry testId="a60f89e0-09aa-247e-6f2d-b55c6e6d4e39" executionId="87932129-062c-411c-b272-0117271e3aa1" testListId="8c84fa94-04c1-424b-9868-57a2d4851a1d" />
    <TestEntry testId="fd9689ca-c849-85c0-6c50-3415bd88876e" executionId="31c08d35-a2b1-4f77-af1b-497d2b77d703" testListId="8c84fa94-04c1-424b-9868-57a2d4851a1d" />
    <TestEntry testId="6e4b466a-0077-fe75-13aa-08378abb46e8" executionId="4f9bd86c-691b-4958-aa9d-350058588f2b" testListId="8c84fa94-04c1-424b-9868-57a2d4851a1d" />
    <TestEntry testId="ce572bd9-5672-05db-ace5-da65f4ad130f" executionId="3cdd1f4e-8952-4a06-84b4-b2a5af6dcfaf" testListId="8c84fa94-04c1-424b-9868-57a2d4851a1d" />
    <TestEntry testId="d82ebd9e-3451-df7a-0b58-d8b52bcb1cf8" executionId="0360507f-1c70-468f-bdbc-a98cf151afd0" testListId="8c84fa94-04c1-424b-9868-57a2d4851a1d" />
    <TestEntry testId="1739156d-1c90-8ba1-2d01-f385a3b4a9df" executionId="4a113bbd-0130-434f-8665-3f2efcc082f8" testListId="8c84fa94-04c1-424b-9868-57a2d4851a1d" />
    <TestEntry testId="593870bf-35d9-f167-dacc-3d72e1e92f7b" executionId="ce7be716-920d-4e2c-9c75-0d9dd786e60a" testListId="8c84fa94-04c1-424b-9868-57a2d4851a1d" />
    <TestEntry testId="3bee3d0c-7154-4dcc-90cc-2f4423d4c4cb" executionId="956d89b9-18b6-4ac7-99b8-459b020c1bd6" testListId="8c84fa94-04c1-424b-9868-57a2d4851a1d" />
    <TestEntry testId="cb583331-3896-44d1-cc05-a2ba3e66fac5" executionId="fb25561b-e415-4803-a7bc-8c615bf05622" testListId="8c84fa94-04c1-424b-9868-57a2d4851a1d" />
    <TestEntry testId="20948a13-145c-b5b7-6791-73820683f7ca" executionId="4a6bf10b-11ce-4a70-a8ad-49fab97bdcd7" testListId="8c84fa94-04c1-424b-9868-57a2d4851a1d" />
    <TestEntry testId="e8c74ba0-3f21-2110-b31c-f350dcd56668" executionId="6b7beab9-0b32-442d-b978-f30a7324f3d4" testListId="8c84fa94-04c1-424b-9868-57a2d4851a1d" />
    <TestEntry testId="9212b987-2150-c7b8-e693-a4bb0ac620a5" executionId="970728be-233c-4ea9-bdf6-08e05ec0fa32" testListId="8c84fa94-04c1-424b-9868-57a2d4851a1d" />
    <TestEntry testId="672cca8f-5f55-7a1b-0fdb-f17e9ed158b8" executionId="f09f44e0-75b7-4ac5-ac74-e61193535cf9" testListId="8c84fa94-04c1-424b-9868-57a2d4851a1d" />
    <TestEntry testId="86084d11-bf9e-b1c5-f883-3905b34952b2" executionId="0b519d48-0dcb-433a-b686-6564b1d31948" testListId="8c84fa94-04c1-424b-9868-57a2d4851a1d" />
    <TestEntry testId="782ce887-1077-94d2-1111-2807163dce62" executionId="372db8b4-051e-438b-8587-376c285733e6" testListId="8c84fa94-04c1-424b-9868-57a2d4851a1d" />
    <TestEntry testId="6b0af17a-7bb4-58c2-b06a-443221deca29" executionId="d526ff03-5d91-4073-a496-0b59faea0463" testListId="8c84fa94-04c1-424b-9868-57a2d4851a1d" />
    <TestEntry testId="f227413d-d993-40f4-cded-d06f3c98923a" executionId="9ea480fb-95ca-4b27-ae8d-36497a4aa898" testListId="8c84fa94-04c1-424b-9868-57a2d4851a1d" />
    <TestEntry testId="6c0db2f8-dfd1-2cc3-3897-b223110f3534" executionId="ef680f98-52c9-439c-93d5-981555e4340d" testListId="8c84fa94-04c1-424b-9868-57a2d4851a1d" />
    <TestEntry testId="9fb4e1d2-999a-c33d-23d3-ecf379afa208" executionId="c6391bb1-de70-47a4-b838-64173dbe9460" testListId="8c84fa94-04c1-424b-9868-57a2d4851a1d" />
    <TestEntry testId="e04bdba0-db9a-3a28-f058-ca287ee49ba2" executionId="79d76d5b-890b-427f-94cf-1a7eecaafaf6" testListId="8c84fa94-04c1-424b-9868-57a2d4851a1d" />
    <TestEntry testId="bc66fcba-3c56-1b4a-55c9-75ebfb58fee2" executionId="d38e7072-378f-42f3-b76d-a29ffcb2efe0" testListId="8c84fa94-04c1-424b-9868-57a2d4851a1d" />
    <TestEntry testId="13046391-cc19-a42e-77cc-d31d1e857131" executionId="f156c584-1959-43f3-b093-dbd80d96305a" testListId="8c84fa94-04c1-424b-9868-57a2d4851a1d" />
    <TestEntry testId="d0a2ea44-7fc9-4b50-c53b-45af59a8abf0" executionId="0f93363f-9283-4640-9c32-c0e952f22c4d" testListId="8c84fa94-04c1-424b-9868-57a2d4851a1d" />
    <TestEntry testId="d49116cf-5920-a340-5b35-da990901ac37" executionId="115b7c8f-454e-4139-abf5-0ef4d9e17cb9" testListId="8c84fa94-04c1-424b-9868-57a2d4851a1d" />
    <TestEntry testId="49775a45-4080-6a0d-0975-fcd31fdb5ba5" executionId="789d52b9-51f6-4a94-b1f9-049715317f4e" testListId="8c84fa94-04c1-424b-9868-57a2d4851a1d" />
    <TestEntry testId="12b4841d-8a31-1c42-d913-f832e0feb888" executionId="9639af6b-7630-479a-b312-cb387fa3e670" testListId="8c84fa94-04c1-424b-9868-57a2d4851a1d" />
    <TestEntry testId="d37d367b-7a81-b3b8-48a9-fdc863b48e75" executionId="83983980-5182-49c7-ba0d-176e72f54ed3" testListId="8c84fa94-04c1-424b-9868-57a2d4851a1d" />
    <TestEntry testId="9491376b-429f-5684-34ce-4b9a38c69111" executionId="23a40a97-f526-4ce0-ac2e-40e0d0a0afdf" testListId="8c84fa94-04c1-424b-9868-57a2d4851a1d" />
    <TestEntry testId="0785d944-d30a-cd02-2045-b06c23eb6102" executionId="b94ed6f5-2208-4c3a-bfd1-106c234d03f1" testListId="8c84fa94-04c1-424b-9868-57a2d4851a1d" />
    <TestEntry testId="ab82e5a7-4cf0-8cf2-b9b4-4363a2c5bd45" executionId="485496b6-a07b-459a-9987-a65f35665014" testListId="8c84fa94-04c1-424b-9868-57a2d4851a1d" />
    <TestEntry testId="68c8ebf3-12cd-214b-2838-aa7cf478cae6" executionId="3689e45e-0780-41dc-b770-c92e27a4d6c0" testListId="8c84fa94-04c1-424b-9868-57a2d4851a1d" />
    <TestEntry testId="aa553c99-3db0-f811-13c1-3e3336a85e28" executionId="f8650bde-34be-4901-b4a8-3e2ee938ee5a" testListId="8c84fa94-04c1-424b-9868-57a2d4851a1d" />
    <TestEntry testId="c4e618af-8c26-0c2f-dc63-4afd169cc976" executionId="344272a6-7b82-4818-82ae-f3439716da1e" testListId="8c84fa94-04c1-424b-9868-57a2d4851a1d" />
    <TestEntry testId="46dfd772-4afa-9ef2-f8c6-0d812a6c3d20" executionId="88417720-645d-4e4b-8d86-7d8adc72f4d7" testListId="8c84fa94-04c1-424b-9868-57a2d4851a1d" />
  </TestEntries>
  <Results>
    <UnitTestResult executionId="83b3591a-e5c1-4a95-b4fc-cb4acdc41f8e" testId="c3469f47-11d2-0f6d-01e4-b5ee4ad521c5" testName="CanadaStoreLoyaltyAccountCreation" computerName="U00979650" duration="00:00:33.6464606" startTime="2016-03-09T10:56:40.4301251-08:00" endTime="2016-03-09T10:57:26.7667583-08:00" testType="13cdc9d9-ddb5-4fa4-a97d-d965ccfc6d4b" outcome="Passed" testListId="8c84fa94-04c1-424b-9868-57a2d4851a1d" relativeResultsDirectory="83b3591a-e5c1-4a95-b4fc-cb4acdc41f8e">
      <Output>
        <DebugTrace>This customer's loyaltyID is 16c82fbe-0bd1-40d2-931f-5676a5a419d7
Store loyalty customer is successfully created.
</DebugTrace>
      </Output>
    </UnitTestResult>
    <UnitTestResult executionId="c7af626f-47a7-4027-a302-9ec30c6d936d" testId="d2f9f960-855d-55be-618e-dde9eef7ddbd" testName="LoyaltyWebAccountCreation" computerName="U00979650" duration="00:00:46.8616962" startTime="2016-03-09T10:57:26.7687585-08:00" endTime="2016-03-09T10:58:13.6374449-08:00" testType="13cdc9d9-ddb5-4fa4-a97d-d965ccfc6d4b" outcome="Passed" testListId="8c84fa94-04c1-424b-9868-57a2d4851a1d" relativeResultsDirectory="c7af626f-47a7-4027-a302-9ec30c6d936d">
      <Output>
        <DebugTrace>Page loaded succesfully with URL = https://tsecure.dev.nordstrom.com/Rewards/join.aspx
Page loaded succesfully with URL = https://tsecure.dev.nordstrom.com/Rewards/join.aspx
Page loaded succesfully with URL = https://tsecure.dev.nordstrom.com/rewards/verification
Page loaded succesfully with URL = https://tsecure.dev.nordstrom.com/rewards/verification
</DebugTrace>
      </Output>
    </UnitTestResult>
    <UnitTestResult executionId="345e5eb5-0bac-421f-ae14-b04d3e524eb7" testId="5963c0f3-a8a8-dfab-7471-beb2be3cb009" testName="LoyaltyWebAccountCreationWithMobileVerified" computerName="U00979650" duration="00:00:55.3110856" startTime="2016-03-09T10:58:13.6384450-08:00" endTime="2016-03-09T10:59:08.9539760-08:00" testType="13cdc9d9-ddb5-4fa4-a97d-d965ccfc6d4b" outcome="Passed" testListId="8c84fa94-04c1-424b-9868-57a2d4851a1d" relativeResultsDirectory="345e5eb5-0bac-421f-ae14-b04d3e524eb7">
      <Output>
        <DebugTrace>Page loaded succesfully with URL = https://tsecure.dev.nordstrom.com/Rewards/join.aspx
Page loaded succesfully with URL = https://tsecure.dev.nordstrom.com/Rewards/join.aspx
Page loaded succesfully with URL = https://tsecure.dev.nordstrom.com/rewards/verification
Page loaded succesfully with URL = https://tsecure.dev.nordstrom.com/rewards/verification
</DebugTrace>
      </Output>
    </UnitTestResult>
    <UnitTestResult executionId="308e673a-8e10-4218-a64e-bee698fb8738" testId="15ed11f1-7aed-0d4e-aca5-31f77d3917f4" testName="MigratedServiceCenterLoyaltyAccountCreation" computerName="U00979650" duration="00:00:33.7796464" startTime="2016-03-09T10:59:08.9549761-08:00" endTime="2016-03-09T10:59:42.7393542-08:00" testType="13cdc9d9-ddb5-4fa4-a97d-d965ccfc6d4b" outcome="Passed" testListId="8c84fa94-04c1-424b-9868-57a2d4851a1d" relativeResultsDirectory="308e673a-8e10-4218-a64e-bee698fb8738">
      <Output>
        <DebugTrace>Service center just created an loyalty customer successfully.</DebugTrace>
      </Output>
    </UnitTestResult>
    <UnitTestResult executionId="e8f36e0b-7789-4afc-9adf-a220342895c6" testId="37e312f5-dabf-7121-ab7d-2facdb925a76" testName="NDotComAccountCreation" computerName="U00979650" duration="00:00:49.9830545" startTime="2016-03-09T10:59:42.7403543-08:00" endTime="2016-03-09T11:00:32.7283526-08:00" testType="13cdc9d9-ddb5-4fa4-a97d-d965ccfc6d4b" outcome="Passed" testListId="8c84fa94-04c1-424b-9868-57a2d4851a1d" relativeResultsDirectory="e8f36e0b-7789-4afc-9adf-a220342895c6">
      <Output>
        <DebugTrace>Page loaded succesfully with URL = https://tsecure.dev.nordstrom.com/signIn.aspx
Page loaded succesfully with URL = https://tsecure.dev.nordstrom.com/signIn.aspx
Page loaded succesfully with URL = https://tsecure.dev.nordstrom.com/signIn.aspx
Element is not Valid: Exception =Could not find element by: By.Id: ctl00_mainContentPlaceHolder_emailPreferences_checkboxSendMeUpdates
Element Not found with the given locator (By.Id: ctl00_mainContentPlaceHolder_emailPreferences_checkboxSendMeUpdates)
Element not found with given locator By.Id: ctl00_mainContentPlaceHolder_emailPreferences_checkboxSendMeUpdates
WaitForElementToDisappear: progresss indicator appeared/went away
</DebugTrace>
      </Output>
    </UnitTestResult>
    <UnitTestResult executionId="72d96b0d-82c3-453c-861a-e456d258d957" testId="20736365-30a9-dab9-e43a-6af73f0ecf5a" testName="PendingClosedServiceCenterLoyaltyAccountCreation" computerName="U00979650" duration="00:00:34.6239285" startTime="2016-03-09T11:00:32.7283526-08:00" endTime="2016-03-09T11:01:07.3568151-08:00" testType="13cdc9d9-ddb5-4fa4-a97d-d965ccfc6d4b" outcome="Passed" testListId="8c84fa94-04c1-424b-9868-57a2d4851a1d" relativeResultsDirectory="72d96b0d-82c3-453c-861a-e456d258d957">
      <Output>
        <DebugTrace>Service center just created an loyalty customer successfully.</DebugTrace>
      </Output>
    </UnitTestResult>
    <UnitTestResult executionId="d060c851-69bb-4d80-9104-89f1f44ed1e3" testId="24da5bb4-60a0-0a6c-7d64-542de22d3e50" testName="ServiceCenterLoyaltyAccountCreation" computerName="U00979650" duration="00:00:30.9905466" startTime="2016-03-09T11:01:07.3568151-08:00" endTime="2016-03-09T11:01:38.3698577-08:00" testType="13cdc9d9-ddb5-4fa4-a97d-d965ccfc6d4b" outcome="Passed" testListId="8c84fa94-04c1-424b-9868-57a2d4851a1d" relativeResultsDirectory="d060c851-69bb-4d80-9104-89f1f44ed1e3">
      <Output>
        <DebugTrace>Service center just created an loyalty customer successfully.</DebugTrace>
      </Output>
    </UnitTestResult>
    <UnitTestResult executionId="f66ec898-8742-4af7-a0c9-2065ad970039" testId="24636a1e-6764-986f-5b54-452cfb6c990c" testName="USStoreLoyaltyAccountCreation" computerName="U00979650" duration="00:00:31.3171768" startTime="2016-03-09T11:01:38.3698577-08:00" endTime="2016-03-09T11:02:09.6937270-08:00" testType="13cdc9d9-ddb5-4fa4-a97d-d965ccfc6d4b" outcome="Passed" testListId="8c84fa94-04c1-424b-9868-57a2d4851a1d" relativeResultsDirectory="f66ec898-8742-4af7-a0c9-2065ad970039">
      <Output>
        <DebugTrace>This customer's loyaltyID is de38407b-d3b1-4001-b93f-2a94f301373e
Store loyalty customer is successfully created.
</DebugTrace>
      </Output>
    </UnitTestResult>
    <UnitTestResult executionId="47fea3cf-3e1e-4cd0-b32e-8cfa07099355" testId="31861bad-520c-3c2f-0104-308b978ecd98" testName="TNEarn_AuthenticatedAndAssociatedRewardsUser_PlaceTheOrderWithTenderCardSuccessfully" computerName="U00979650" duration="00:01:31.4428394" startTime="2016-03-09T11:02:09.6937270-08:00" endTime="2016-03-09T11:04:10.0150791-08:00" testType="13cdc9d9-ddb5-4fa4-a97d-d965ccfc6d4b" outcome="Passed" testListId="8c84fa94-04c1-424b-9868-57a2d4851a1d" relativeResultsDirectory="47fea3cf-3e1e-4cd0-b32e-8cfa07099355">
      <Output>
        <DebugTrace>Page loaded succesfully with URL = https://tsecure.dev.nordstrom.com/Rewards/join.aspx
Page loaded succesfully with URL = https://tsecure.dev.nordstrom.com/Rewards/join.aspx
Page loaded succesfully with URL = https://tsecure.dev.nordstrom.com/rewards/verification
Page loaded succesfully with URL = https://tsecure.dev.nordstrom.com/rewards/verification
Element is not Valid: Exception =Could not find element by: By.Id: Checkout
Page loaded succesfully with URL = https://tsecure.dev.nordstrom.com/choose-three-free-samples?postaction=os
Page loaded succesfully with URL = https://tsecure.dev.nordstrom.com/choose-three-free-samples?postaction=os
Page loaded succesfully with URL = https://tsecure.dev.nordstrom.com/choose-three-free-samples?postaction=os
Page loaded succesfully with URL = https://tsecure.dev.nordstrom.com/choose-three-free-samples?postaction=os
Page loaded succesfully with URL = https://tsecure.dev.nordstrom.com/os
Page loaded succesfully with URL = https://tsecure.dev.nordstrom.com/os
Element Not found with the given locator (By.CssSelector: div.content.address-modal.show p)
Element not found with given locator By.CssSelector: div.content.address-modal.show p
WaitForElementToDisappear: progresss indicator appeared/went away
WaitForElementToDisappear: progresss indicator appeared/went away
WaitForElementToDisappear: progresss indicator appeared/went away
orderNumber: 758897979
</DebugTrace>
      </Output>
    </UnitTestResult>
    <UnitTestResult executionId="6f9c7730-7896-425f-ba85-564bd803ea9e" testId="e686901b-6686-80e7-08a3-ba83d5827a1d" testName="TNEarn_AuthenticatedAndAssociatedRewardsUser_PlaceTheOrderWithTenderNeutralCardSuccessfully" computerName="U00979650" duration="00:01:46.6025809" startTime="2016-03-09T11:04:10.0150791-08:00" endTime="2016-03-09T11:05:56.6191618-08:00" testType="13cdc9d9-ddb5-4fa4-a97d-d965ccfc6d4b" outcome="Passed" testListId="8c84fa94-04c1-424b-9868-57a2d4851a1d" relativeResultsDirectory="6f9c7730-7896-425f-ba85-564bd803ea9e">
      <Output>
        <DebugTrace>Page loaded succesfully with URL = https://tsecure.dev.nordstrom.com/Rewards/join.aspx
Page loaded succesfully with URL = https://tsecure.dev.nordstrom.com/Rewards/join.aspx
Page loaded succesfully with URL = https://tsecure.dev.nordstrom.com/rewards/verification
Page loaded succesfully with URL = https://tsecure.dev.nordstrom.com/rewards/verification
Element is not Valid: Exception =Could not find element by: By.Id: Checkout
Page loaded succesfully with URL = https://tsecure.dev.nordstrom.com/choose-three-free-samples?postaction=os
Page loaded succesfully with URL = https://tsecure.dev.nordstrom.com/choose-three-free-samples?postaction=os
Page loaded succesfully with URL = https://tsecure.dev.nordstrom.com/choose-three-free-samples?postaction=os
Page loaded succesfully with URL = https://tsecure.dev.nordstrom.com/choose-three-free-samples?postaction=os
Page loaded succesfully with URL = https://tsecure.dev.nordstrom.com/os
Page loaded succesfully with URL = https://tsecure.dev.nordstrom.com/os
Element Not found with the given locator (By.CssSelector: div.content.address-modal.show p)
Element not found with given locator By.CssSelector: div.content.address-modal.show p
WaitForElementToDisappear: progresss indicator appeared/went away
WaitForElementToDisappear: progresss indicator appeared/went away
WaitForElementToDisappear: progresss indicator appeared/went away
orderNumber: 758897980
</DebugTrace>
      </Output>
    </UnitTestResult>
    <UnitTestResult executionId="030d41be-dca5-46ec-a8f0-f211674e78c8" testId="693eb4ff-b205-ddd7-2b5e-73f1986122c9" testName="TNEarn_AuthenticatedAndAssociatedUserNavigatesToCheckoutPage_ThanksMessageDisplayedOnUsingNordstromCard" computerName="U00979650" duration="00:01:59.0575637" startTime="2016-03-09T11:05:56.6191618-08:00" endTime="2016-03-09T11:07:55.6924913-08:00" testType="13cdc9d9-ddb5-4fa4-a97d-d965ccfc6d4b" outcome="Failed" testListId="8c84fa94-04c1-424b-9868-57a2d4851a1d" relativeResultsDirectory="030d41be-dca5-46ec-a8f0-f211674e78c8">
      <Output>
        <DebugTrace>Page loaded succesfully with URL = https://tsecure.dev.nordstrom.com/signIn.aspx
Page loaded succesfully with URL = https://tsecure.dev.nordstrom.com/signIn.aspx
Page loaded succesfully with URL = https://tsecure.dev.nordstrom.com/signIn.aspx
Page loaded succesfully with URL = https://tsecure.dev.nordstrom.com/signIn.aspx
Timed out waiting for element to be visible with locator: By.CssSelector: #ctl00_backgroundOverlay
WaitForElementToDisappear: Given Locator did not appear after 10 seconds - but ok - locator id: By.CssSelector: #ctl00_backgroundOverlay
Timed out waiting for element to be visible with locator: By.LinkText: Sign Out
Timed out waiting for element to be visible with locator: By.LinkText: Sign Out
VerifyCreatedAccount: sign out link is not visible
CreateNordAccount: Exception occured when creating new account: exception = 'Assert.IsTrue failed. Verify a new account has been created successfully with email '20160309-110609-908201603090424201603090251ittester_1@test.com''
Page loaded succesfully with URL = https://tsecure.dev.nordstrom.com/Rewards/join.aspx
Page loaded succesfully with URL = https://tsecure.dev.nordstrom.com/Rewards/join.aspx
Timed out waiting for element to be visible with locator: By.Id: ctl00_backgroundOverlayProgress
Page loaded succesfully with URL = https://tsecure.dev.nordstrom.com/Rewards/join.aspx
Page loaded succesfully with URL = https://tsecure.dev.nordstrom.com/Rewards/join.aspx
Timed out waiting for element to be visible with locator: By.Id: ctl00_mainContentPlaceHolder_btnVerify
Element is not Valid: Exception =Could not find element by: By.Id: Checkout
Page loaded succesfully with URL = https://tsecure.dev.nordstrom.com/choose-three-free-samples?postaction=os
Page loaded succesfully with URL = https://tsecure.dev.nordstrom.com/choose-three-free-samples?postaction=os
Page loaded succesfully with URL = https://tsecure.dev.nordstrom.com/choose-three-free-samples?postaction=os
Page loaded succesfully with URL = https://tsecure.dev.nordstrom.com/choose-three-free-samples?postaction=os
Page loaded succesfully with URL = https://tsecure.dev.nordstrom.com/os
Page loaded succesfully with URL = https://tsecure.dev.nordstrom.com/os
Timed out waiting for element to be visible with locator: By.XPath: //*[@id='shipping-address']/form/div[contains(@class,'actions')]/input[not (contains(@class,'ng-hide'))]
Shipping Address: Save &amp; Continue button is not visible.
</DebugTrace>
        <ErrorInfo>
          <Message>Assert.IsTrue failed. Unable to enter shipping information on checkout page successfully</Message>
          <StackTrace>   at Nordstrom.Web.Test.UI.LoyaltyWeb.LoyaltyEarnTests.NavigateToRewardsSectionOnCheckoutPage(UsersUser earnUser, List`1 cardDetails, Boolean applyGiftCard) in c:\Ecommerce\Web\Test\UI\LoyaltyWeb\LoyaltyWebTest\LoyaltyWebTest\Tests\LoyaltyEarnTests.cs:line 1020
   at Nordstrom.Web.Test.UI.LoyaltyWeb.LoyaltyEarnTests.TNEarn_AuthenticatedAndAssociatedUserNavigatesToCheckoutPage_ThanksMessageDisplayedOnUsingNordstromCard() in c:\Ecommerce\Web\Test\UI\LoyaltyWeb\LoyaltyWebTest\LoyaltyWebTest\Tests\LoyaltyEarnTests.cs:line 243
</StackTrace>
        </ErrorInfo>
      </Output>
    </UnitTestResult>
    <UnitTestResult executionId="f7ac8199-b02a-466a-85ec-2f4f839814b8" testId="e81b8614-7f89-a6f0-bb77-5332fc8c9a38" testName="TNEarn_AuthenticatedNavigatesToCheckoutPage_RewardsSectionDisplayedSuccessfully" computerName="U00979650" duration="00:01:32.9094109" startTime="2016-03-09T11:07:55.6924913-08:00" endTime="2016-03-09T11:09:28.6050006-08:00" testType="13cdc9d9-ddb5-4fa4-a97d-d965ccfc6d4b" outcome="Failed" testListId="8c84fa94-04c1-424b-9868-57a2d4851a1d" relativeResultsDirectory="f7ac8199-b02a-466a-85ec-2f4f839814b8">
      <Output>
        <DebugTrace>Page loaded succesfully with URL = https://tsecure.dev.nordstrom.com/signIn.aspx
Page loaded succesfully with URL = https://tsecure.dev.nordstrom.com/signIn.aspx
Page loaded succesfully with URL = https://tsecure.dev.nordstrom.com/signIn.aspx
Page loaded succesfully with URL = https://tsecure.dev.nordstrom.com/signIn.aspx
Timed out waiting for element to be visible with locator: By.CssSelector: #ctl00_backgroundOverlay
WaitForElementToDisappear: Given Locator did not appear after 10 seconds - but ok - locator id: By.CssSelector: #ctl00_backgroundOverlay
Timed out waiting for element to be visible with locator: By.LinkText: Sign Out
Timed out waiting for element to be visible with locator: By.LinkText: Sign Out
VerifyCreatedAccount: sign out link is not visible
CreateNordAccount: Exception occured when creating new account: exception = 'Assert.IsTrue failed. Verify a new account has been created successfully with email '20160309-110809-068201603090424201603090251ittester_1@test.com''
Element is not Valid: Exception =Could not find element by: By.Id: Checkout
Page loaded succesfully with URL = https://tsecure.dev.nordstrom.com/choose-three-free-samples?postaction=os
Page loaded succesfully with URL = https://tsecure.dev.nordstrom.com/choose-three-free-samples?postaction=os
Page loaded succesfully with URL = https://tsecure.dev.nordstrom.com/choose-three-free-samples?postaction=os
Page loaded succesfully with URL = https://tsecure.dev.nordstrom.com/choose-three-free-samples?postaction=os
Page loaded succesfully with URL = https://tsecure.dev.nordstrom.com/os
Page loaded succesfully with URL = https://tsecure.dev.nordstrom.com/os
Timed out waiting for element to be visible with locator: By.XPath: //*[@id='shipping-address']/form/div[contains(@class,'actions')]/input[not (contains(@class,'ng-hide'))]
Shipping Address: Save &amp; Continue button is not visible.
</DebugTrace>
        <ErrorInfo>
          <Message>Assert.IsTrue failed. Unable to enter shipping information on checkout page successfully</Message>
          <StackTrace>   at Nordstrom.Web.Test.UI.LoyaltyWeb.LoyaltyEarnTests.NavigateToRewardsSectionOnCheckoutPage(UsersUser earnUser, List`1 cardDetails, Boolean applyGiftCard) in c:\Ecommerce\Web\Test\UI\LoyaltyWeb\LoyaltyWebTest\LoyaltyWebTest\Tests\LoyaltyEarnTests.cs:line 1020
   at Nordstrom.Web.Test.UI.LoyaltyWeb.LoyaltyEarnTests.TNEarn_AuthenticatedNavigatesToCheckoutPage_RewardsSectionDisplayedSuccessfully() in c:\Ecommerce\Web\Test\UI\LoyaltyWeb\LoyaltyWebTest\LoyaltyWebTest\Tests\LoyaltyEarnTests.cs:line 39
</StackTrace>
        </ErrorInfo>
      </Output>
    </UnitTestResult>
    <UnitTestResult executionId="9e921847-f875-49de-9dda-c335b0f5fd2c" testId="dbc2775b-770b-a3a8-3265-153ae3cefe17" testName="TNEarn_AuthenticatedUnassociatedCustomerInputsPhoneNumAlreadyAssociatedToAShopper_AppropriateErrorMessageDisplayed" computerName="U00979650" duration="00:00:39.1914465" startTime="2016-03-09T11:09:28.6050006-08:00" endTime="2016-03-09T11:10:07.8049418-08:00" testType="13cdc9d9-ddb5-4fa4-a97d-d965ccfc6d4b" outcome="Failed" testListId="8c84fa94-04c1-424b-9868-57a2d4851a1d" relativeResultsDirectory="9e921847-f875-49de-9dda-c335b0f5fd2c">
      <Output>
        <DebugTrace>Page loaded succesfully with URL = https://tsecure.dev.nordstrom.com/Rewards/join.aspx
Page loaded succesfully with URL = https://tsecure.dev.nordstrom.com/Rewards/join.aspx
Page loaded succesfully with URL = https://tsecure.dev.nordstrom.com/Rewards/join.aspx
Page loaded succesfully with URL = https://tsecure.dev.nordstrom.com/Rewards/join.aspx
Timed out waiting for element to be visible with locator: By.Id: ctl00_mainContentPlaceHolder_btnVerify
</DebugTrace>
        <ErrorInfo>
          <Message>Assert.IsTrue failed. Loyalty tender neutral enroll failed through web</Message>
          <StackTrace>   at Nordstrom.Web.Test.UI.LoyaltyWeb.LoyaltyEarnTests.TNEarn_AuthenticatedUnassociatedCustomerInputsPhoneNumAlreadyAssociatedToAShopper_AppropriateErrorMessageDisplayed() in c:\Ecommerce\Web\Test\UI\LoyaltyWeb\LoyaltyWebTest\LoyaltyWebTest\Tests\LoyaltyEarnTests.cs:line 773
</StackTrace>
        </ErrorInfo>
      </Output>
    </UnitTestResult>
    <UnitTestResult executionId="77ad3de6-0b0d-46fd-92e7-291748f6c438" testId="a22938ae-87f2-10e0-9334-ecd32f4c9eba" testName="TNEarn_AuthenticatedUnassociatedUser_VerifyRewardsSectionRetainedWhenEditShippingAddress" computerName="U00979650" duration="00:00:16.0448003" startTime="2016-03-09T11:10:07.8049418-08:00" endTime="2016-03-09T11:10:23.8470130-08:00" testType="13cdc9d9-ddb5-4fa4-a97d-d965ccfc6d4b" outcome="Failed" testListId="8c84fa94-04c1-424b-9868-57a2d4851a1d" relativeResultsDirectory="77ad3de6-0b0d-46fd-92e7-291748f6c438">
      <Output>
        <ErrorInfo>
          <Message>Assert.IsTrue failed. Customer couldn't be enrolled from store</Message>
          <StackTrace>   at Nordstrom.Web.Test.UI.LoyaltyWeb.LoyaltyEarnTests.TNEarn_AuthenticatedUnassociatedUser_VerifyRewardsSectionRetainedWhenEditShippingAddress() in c:\Ecommerce\Web\Test\UI\LoyaltyWeb\LoyaltyWebTest\LoyaltyWebTest\Tests\LoyaltyEarnTests.cs:line 414
</StackTrace>
        </ErrorInfo>
      </Output>
    </UnitTestResult>
    <UnitTestResult executionId="00319107-3c70-44ef-937d-eb8743b561a5" testId="11d45f5b-0349-3c73-30fb-607169628a2a" testName="TNEarn_AuthenticatedUnassociatedUserChangesPaymentMethodToNordCard_AppropriateFirstNameIsDisplayedInThanksMessage" computerName="U00979650" duration="00:00:18.9137373" startTime="2016-03-09T11:10:23.8470130-08:00" endTime="2016-03-09T11:10:42.7640870-08:00" testType="13cdc9d9-ddb5-4fa4-a97d-d965ccfc6d4b" outcome="Failed" testListId="8c84fa94-04c1-424b-9868-57a2d4851a1d" relativeResultsDirectory="00319107-3c70-44ef-937d-eb8743b561a5">
      <Output>
        <ErrorInfo>
          <Message>Assert.IsTrue failed. Customer couldn't be enrolled from store</Message>
          <StackTrace>   at Nordstrom.Web.Test.UI.LoyaltyWeb.LoyaltyEarnTests.TNEarn_AuthenticatedUnassociatedUserChangesPaymentMethodToNordCard_AppropriateFirstNameIsDisplayedInThanksMessage() in c:\Ecommerce\Web\Test\UI\LoyaltyWeb\LoyaltyWebTest\LoyaltyWebTest\Tests\LoyaltyEarnTests.cs:line 302
</StackTrace>
        </ErrorInfo>
      </Output>
    </UnitTestResult>
    <UnitTestResult executionId="67890a13-684d-4cdb-9503-f93b9d80fa56" testId="0d7fc95c-de99-75a8-b2ca-f9392ee6e6b4" testName="TNEarn_AuthenticatedUnassociatedUserEntersAlphanumericCharactersInRewardsPhoneNumberField_ErrorMessageDisplayedSuccessfully" computerName="U00979650" duration="00:01:15.0044084" startTime="2016-03-09T11:10:42.7640870-08:00" endTime="2016-03-09T11:11:57.7800112-08:00" testType="13cdc9d9-ddb5-4fa4-a97d-d965ccfc6d4b" outcome="Failed" testListId="8c84fa94-04c1-424b-9868-57a2d4851a1d" relativeResultsDirectory="67890a13-684d-4cdb-9503-f93b9d80fa56">
      <Output>
        <DebugTrace>Page loaded succesfully with URL = https://tsecure.dev.nordstrom.com/signIn.aspx
Page loaded succesfully with URL = https://tsecure.dev.nordstrom.com/signIn.aspx
Page loaded succesfully with URL = https://tsecure.dev.nordstrom.com/signIn.aspx
Page loaded succesfully with URL = https://tsecure.dev.nordstrom.com/signIn.aspx
Timed out waiting for element to be visible with locator: By.CssSelector: #ctl00_backgroundOverlay
WaitForElementToDisappear: Given Locator did not appear after 10 seconds - but ok - locator id: By.CssSelector: #ctl00_backgroundOverlay
Timed out waiting for element to be visible with locator: By.LinkText: Sign Out
Timed out waiting for element to be visible with locator: By.LinkText: Sign Out
VerifyCreatedAccount: sign out link is not visible
CreateNordAccount: Exception occured when creating new account: exception = 'Assert.IsTrue failed. Verify a new account has been created successfully with email '20160309-111054-557201603090424201603090251ittester_1@test.com''
Element is not Valid: Exception =Could not find element by: By.Id: Checkout
Page loaded succesfully with URL = https://tsecure.dev.nordstrom.com/choose-three-free-samples?postaction=os
Page loaded succesfully with URL = https://tsecure.dev.nordstrom.com/choose-three-free-samples?postaction=os
Page loaded succesfully with URL = https://tsecure.dev.nordstrom.com/choose-three-free-samples?postaction=os
Page loaded succesfully with URL = https://tsecure.dev.nordstrom.com/choose-three-free-samples?postaction=os
Page loaded succesfully with URL = https://tsecure.dev.nordstrom.com/os
Page loaded succesfully with URL = https://tsecure.dev.nordstrom.com/os
Timed out waiting for element to be visible with locator: By.XPath: //*[@id='shipping-address']/form/div[contains(@class,'actions')]/input[not (contains(@class,'ng-hide'))]
Shipping Address: Save &amp; Continue button is not visible.
</DebugTrace>
        <ErrorInfo>
          <Message>Assert.IsTrue failed. Unable to enter shipping information on checkout page successfully</Message>
          <StackTrace>   at Nordstrom.Web.Test.UI.LoyaltyWeb.LoyaltyEarnTests.NavigateToRewardsSectionOnCheckoutPage(UsersUser earnUser, List`1 cardDetails, Boolean applyGiftCard) in c:\Ecommerce\Web\Test\UI\LoyaltyWeb\LoyaltyWebTest\LoyaltyWebTest\Tests\LoyaltyEarnTests.cs:line 1020
   at Nordstrom.Web.Test.UI.LoyaltyWeb.LoyaltyEarnTests.TNEarn_AuthenticatedUnassociatedUserEntersAlphanumericCharactersInRewardsPhoneNumberField_ErrorMessageDisplayedSuccessfully() in c:\Ecommerce\Web\Test\UI\LoyaltyWeb\LoyaltyWebTest\LoyaltyWebTest\Tests\LoyaltyEarnTests.cs:line 744
</StackTrace>
        </ErrorInfo>
      </Output>
    </UnitTestResult>
    <UnitTestResult executionId="492cd895-3ca1-4ab1-a50a-2c1f5ea942f0" testId="f882f3fc-ca0b-94e3-ee65-104ff82b6958" testName="TNEarn_AuthenticatedUnassociatedUserEntersLessThanTenDigitsInRewardsPhoneNumberField_ErrorMessageDisplayedSuccessfully" computerName="U00979650" duration="00:01:29.1800316" startTime="2016-03-09T11:11:57.7800112-08:00" endTime="2016-03-09T11:13:26.9714512-08:00" testType="13cdc9d9-ddb5-4fa4-a97d-d965ccfc6d4b" outcome="Failed" testListId="8c84fa94-04c1-424b-9868-57a2d4851a1d" relativeResultsDirectory="492cd895-3ca1-4ab1-a50a-2c1f5ea942f0">
      <Output>
        <DebugTrace>Page loaded succesfully with URL = https://tsecure.dev.nordstrom.com/signIn.aspx
Page loaded succesfully with URL = https://tsecure.dev.nordstrom.com/signIn.aspx
Page loaded succesfully with URL = https://tsecure.dev.nordstrom.com/signIn.aspx
Page loaded succesfully with URL = https://tsecure.dev.nordstrom.com/signIn.aspx
Timed out waiting for element to be visible with locator: By.CssSelector: #ctl00_backgroundOverlay
WaitForElementToDisappear: Given Locator did not appear after 10 seconds - but ok - locator id: By.CssSelector: #ctl00_backgroundOverlay
Timed out waiting for element to be visible with locator: By.LinkText: Sign Out
Timed out waiting for element to be visible with locator: By.LinkText: Sign Out
VerifyCreatedAccount: sign out link is not visible
CreateNordAccount: Exception occured when creating new account: exception = 'Assert.IsTrue failed. Verify a new account has been created successfully with email '20160309-111218-488201603090424201603090251ittester_1@test.com''
Element is not Valid: Exception =Could not find element by: By.Id: Checkout
Page loaded succesfully with URL = https://tsecure.dev.nordstrom.com/choose-three-free-samples?postaction=os
Page loaded succesfully with URL = https://tsecure.dev.nordstrom.com/choose-three-free-samples?postaction=os
Page loaded succesfully with URL = https://tsecure.dev.nordstrom.com/choose-three-free-samples?postaction=os
Page loaded succesfully with URL = https://tsecure.dev.nordstrom.com/choose-three-free-samples?postaction=os
Page loaded succesfully with URL = https://tsecure.dev.nordstrom.com/os
Page loaded succesfully with URL = https://tsecure.dev.nordstrom.com/os
Timed out waiting for element to be visible with locator: By.XPath: //*[@id='shipping-address']/form/div[contains(@class,'actions')]/input[not (contains(@class,'ng-hide'))]
Shipping Address: Save &amp; Continue button is not visible.
</DebugTrace>
        <ErrorInfo>
          <Message>Assert.IsTrue failed. Unable to enter shipping information on checkout page successfully</Message>
          <StackTrace>   at Nordstrom.Web.Test.UI.LoyaltyWeb.LoyaltyEarnTests.NavigateToRewardsSectionOnCheckoutPage(UsersUser earnUser, List`1 cardDetails, Boolean applyGiftCard) in c:\Ecommerce\Web\Test\UI\LoyaltyWeb\LoyaltyWebTest\LoyaltyWebTest\Tests\LoyaltyEarnTests.cs:line 1020
   at Nordstrom.Web.Test.UI.LoyaltyWeb.LoyaltyEarnTests.TNEarn_AuthenticatedUnassociatedUserEntersLessThanTenDigitsInRewardsPhoneNumberField_ErrorMessageDisplayedSuccessfully() in c:\Ecommerce\Web\Test\UI\LoyaltyWeb\LoyaltyWebTest\LoyaltyWebTest\Tests\LoyaltyEarnTests.cs:line 679
</StackTrace>
        </ErrorInfo>
      </Output>
    </UnitTestResult>
    <UnitTestResult executionId="7c9f53a5-29d8-44a3-a2b5-26c753ab3cab" testId="0ed8c0c2-fd20-e145-5b8f-528d91fafb1b" testName="TNEarn_AuthenticatedUnassociatedUserEntersMoreThanTenDigitsInRewardsPhoneNumberField_ErrorMessageDisplayedSuccessfully" computerName="U00979650" duration="00:01:32.2109089" startTime="2016-03-09T11:13:26.9714512-08:00" endTime="2016-03-09T11:14:59.1605086-08:00" testType="13cdc9d9-ddb5-4fa4-a97d-d965ccfc6d4b" outcome="Failed" testListId="8c84fa94-04c1-424b-9868-57a2d4851a1d" relativeResultsDirectory="7c9f53a5-29d8-44a3-a2b5-26c753ab3cab">
      <Output>
        <DebugTrace>Page loaded succesfully with URL = https://tsecure.dev.nordstrom.com/signIn.aspx
Page loaded succesfully with URL = https://tsecure.dev.nordstrom.com/signIn.aspx
Page loaded succesfully with URL = https://tsecure.dev.nordstrom.com/signIn.aspx
Page loaded succesfully with URL = https://tsecure.dev.nordstrom.com/signIn.aspx
Timed out waiting for element to be visible with locator: By.CssSelector: #ctl00_backgroundOverlay
WaitForElementToDisappear: Given Locator did not appear after 10 seconds - but ok - locator id: By.CssSelector: #ctl00_backgroundOverlay
Timed out waiting for element to be visible with locator: By.LinkText: Sign Out
Timed out waiting for element to be visible with locator: By.LinkText: Sign Out
VerifyCreatedAccount: sign out link is not visible
CreateNordAccount: Exception occured when creating new account: exception = 'Assert.IsTrue failed. Verify a new account has been created successfully with email '20160309-111347-225201603090424201603090251ittester_1@test.com''
Element is not Valid: Exception =Could not find element by: By.Id: Checkout
Page loaded succesfully with URL = https://tsecure.dev.nordstrom.com/choose-three-free-samples?postaction=os
Page loaded succesfully with URL = https://tsecure.dev.nordstrom.com/choose-three-free-samples?postaction=os
Page loaded succesfully with URL = https://tsecure.dev.nordstrom.com/choose-three-free-samples?postaction=os
Page loaded succesfully with URL = https://tsecure.dev.nordstrom.com/choose-three-free-samples?postaction=os
Page loaded succesfully with URL = https://tsecure.dev.nordstrom.com/os
Page loaded succesfully with URL = https://tsecure.dev.nordstrom.com/os
Timed out waiting for element to be visible with locator: By.XPath: //*[@id='shipping-address']/form/div[contains(@class,'actions')]/input[not (contains(@class,'ng-hide'))]
Shipping Address: Save &amp; Continue button is not visible.
</DebugTrace>
        <ErrorInfo>
          <Message>Assert.IsTrue failed. Unable to enter shipping information on checkout page successfully</Message>
          <StackTrace>   at Nordstrom.Web.Test.UI.LoyaltyWeb.LoyaltyEarnTests.NavigateToRewardsSectionOnCheckoutPage(UsersUser earnUser, List`1 cardDetails, Boolean applyGiftCard) in c:\Ecommerce\Web\Test\UI\LoyaltyWeb\LoyaltyWebTest\LoyaltyWebTest\Tests\LoyaltyEarnTests.cs:line 1020
   at Nordstrom.Web.Test.UI.LoyaltyWeb.LoyaltyEarnTests.TNEarn_AuthenticatedUnassociatedUserEntersMoreThanTenDigitsInRewardsPhoneNumberField_ErrorMessageDisplayedSuccessfully() in c:\Ecommerce\Web\Test\UI\LoyaltyWeb\LoyaltyWebTest\LoyaltyWebTest\Tests\LoyaltyEarnTests.cs:line 712
</StackTrace>
        </ErrorInfo>
      </Output>
    </UnitTestResult>
    <UnitTestResult executionId="879909da-85a1-46c7-9dc6-05f75893cdfa" testId="0cbfd35f-96fd-db37-b501-1810ef6f0456" testName="TNEarn_AuthenticatedUnassociatedUserEntersNumWithNoRewardAccountInRewardsSection_AppropriateErrorMessageDisplayed" computerName="U00979650" duration="00:01:42.3376788" startTime="2016-03-09T11:14:59.1615087-08:00" endTime="2016-03-09T11:16:41.5067422-08:00" testType="13cdc9d9-ddb5-4fa4-a97d-d965ccfc6d4b" outcome="Failed" testListId="8c84fa94-04c1-424b-9868-57a2d4851a1d" relativeResultsDirectory="879909da-85a1-46c7-9dc6-05f75893cdfa">
      <Output>
        <DebugTrace>Page loaded succesfully with URL = https://tsecure.dev.nordstrom.com/signIn.aspx
Page loaded succesfully with URL = https://tsecure.dev.nordstrom.com/signIn.aspx
Page loaded succesfully with URL = https://tsecure.dev.nordstrom.com/signIn.aspx
Page loaded succesfully with URL = https://tsecure.dev.nordstrom.com/signIn.aspx
Timed out waiting for element to be visible with locator: By.CssSelector: #ctl00_backgroundOverlay
WaitForElementToDisappear: Given Locator did not appear after 10 seconds - but ok - locator id: By.CssSelector: #ctl00_backgroundOverlay
Timed out waiting for element to be visible with locator: By.LinkText: Sign Out
Timed out waiting for element to be visible with locator: By.LinkText: Sign Out
VerifyCreatedAccount: sign out link is not visible
CreateNordAccount: Exception occured when creating new account: exception = 'Assert.IsTrue failed. Verify a new account has been created successfully with email '20160309-111518-548201603090424201603090251ittester_1@test.com''
Element is not Valid: Exception =Could not find element by: By.Id: Checkout
Page loaded succesfully with URL = https://tsecure.dev.nordstrom.com/choose-three-free-samples?postaction=os
Page loaded succesfully with URL = https://tsecure.dev.nordstrom.com/choose-three-free-samples?postaction=os
Page loaded succesfully with URL = https://tsecure.dev.nordstrom.com/choose-three-free-samples?postaction=os
Page loaded succesfully with URL = https://tsecure.dev.nordstrom.com/choose-three-free-samples?postaction=os
Page loaded succesfully with URL = https://tsecure.dev.nordstrom.com/os
Page loaded succesfully with URL = https://tsecure.dev.nordstrom.com/os
Timed out waiting for element to be visible with locator: By.XPath: //*[@id='shipping-address']/form/div[contains(@class,'actions')]/input[not (contains(@class,'ng-hide'))]
Shipping Address: Save &amp; Continue button is not visible.
</DebugTrace>
        <ErrorInfo>
          <Message>Assert.IsTrue failed. Unable to enter shipping information on checkout page successfully</Message>
          <StackTrace>   at Nordstrom.Web.Test.UI.LoyaltyWeb.LoyaltyEarnTests.NavigateToRewardsSectionOnCheckoutPage(UsersUser earnUser, List`1 cardDetails, Boolean applyGiftCard) in c:\Ecommerce\Web\Test\UI\LoyaltyWeb\LoyaltyWebTest\LoyaltyWebTest\Tests\LoyaltyEarnTests.cs:line 1020
   at Nordstrom.Web.Test.UI.LoyaltyWeb.LoyaltyEarnTests.TNEarn_AuthenticatedUnassociatedUserEntersNumWithNoRewardAccountInRewardsSection_AppropriateErrorMessageDisplayed() in c:\Ecommerce\Web\Test\UI\LoyaltyWeb\LoyaltyWebTest\LoyaltyWebTest\Tests\LoyaltyEarnTests.cs:line 611
</StackTrace>
        </ErrorInfo>
      </Output>
    </UnitTestResult>
    <UnitTestResult executionId="f2cddb06-30d3-440d-91c5-02de566f7674" testId="d4d81efe-8fca-97fe-febd-54dbc2158b45" testName="TNEarn_AuthenticatedUnassociatedUserEntersPhoneNumberInRewardsSection_PhoneNumberIsDisplayedSuccessfully" computerName="U00979650" duration="00:00:31.7913602" startTime="2016-03-09T11:16:41.5077423-08:00" endTime="2016-03-09T11:17:13.3029215-08:00" testType="13cdc9d9-ddb5-4fa4-a97d-d965ccfc6d4b" outcome="Failed" testListId="8c84fa94-04c1-424b-9868-57a2d4851a1d" relativeResultsDirectory="f2cddb06-30d3-440d-91c5-02de566f7674">
      <Output>
        <ErrorInfo>
          <Message>Assert.IsTrue failed. Customer couldn't be enrolled from store</Message>
          <StackTrace>   at Nordstrom.Web.Test.UI.LoyaltyWeb.LoyaltyEarnTests.TNEarn_AuthenticatedUnassociatedUserEntersPhoneNumberInRewardsSection_PhoneNumberIsDisplayedSuccessfully() in c:\Ecommerce\Web\Test\UI\LoyaltyWeb\LoyaltyWebTest\LoyaltyWebTest\Tests\LoyaltyEarnTests.cs:line 263
</StackTrace>
        </ErrorInfo>
      </Output>
    </UnitTestResult>
    <UnitTestResult executionId="6891ad0a-9571-4b64-92e7-177858d899ca" testId="f438ddb1-cfb4-b627-ffb1-3c374e68f425" testName="TNEarn_AuthenticatedUnassociatedUserEntersSpecialCharactersInRewardsPhoneNumberField_ErrorMessageDisplayedSuccessfully" computerName="U00979650" duration="00:01:36.2310466" startTime="2016-03-09T11:17:13.3039216-08:00" endTime="2016-03-09T11:18:49.5415444-08:00" testType="13cdc9d9-ddb5-4fa4-a97d-d965ccfc6d4b" outcome="Failed" testListId="8c84fa94-04c1-424b-9868-57a2d4851a1d" relativeResultsDirectory="6891ad0a-9571-4b64-92e7-177858d899ca">
      <Output>
        <DebugTrace>Page loaded succesfully with URL = https://tsecure.dev.nordstrom.com/signIn.aspx
Page loaded succesfully with URL = https://tsecure.dev.nordstrom.com/signIn.aspx
Page loaded succesfully with URL = https://tsecure.dev.nordstrom.com/signIn.aspx
Page loaded succesfully with URL = https://tsecure.dev.nordstrom.com/signIn.aspx
Timed out waiting for element to be visible with locator: By.CssSelector: #ctl00_backgroundOverlay
WaitForElementToDisappear: Given Locator did not appear after 10 seconds - but ok - locator id: By.CssSelector: #ctl00_backgroundOverlay
Timed out waiting for element to be visible with locator: By.LinkText: Sign Out
Timed out waiting for element to be visible with locator: By.LinkText: Sign Out
VerifyCreatedAccount: sign out link is not visible
CreateNordAccount: Exception occured when creating new account: exception = 'Assert.IsTrue failed. Verify a new account has been created successfully with email '20160309-111738-646201603090424201603090251ittester_1@test.com''
Element is not Valid: Exception =Could not find element by: By.Id: Checkout
Page loaded succesfully with URL = https://tsecure.dev.nordstrom.com/choose-three-free-samples?postaction=os
Page loaded succesfully with URL = https://tsecure.dev.nordstrom.com/choose-three-free-samples?postaction=os
Page loaded succesfully with URL = https://tsecure.dev.nordstrom.com/choose-three-free-samples?postaction=os
Page loaded succesfully with URL = https://tsecure.dev.nordstrom.com/choose-three-free-samples?postaction=os
Page loaded succesfully with URL = https://tsecure.dev.nordstrom.com/os
Page loaded succesfully with URL = https://tsecure.dev.nordstrom.com/os
Timed out waiting for element to be visible with locator: By.XPath: //*[@id='shipping-address']/form/div[contains(@class,'actions')]/input[not (contains(@class,'ng-hide'))]
Shipping Address: Save &amp; Continue button is not visible.
</DebugTrace>
        <ErrorInfo>
          <Message>Assert.IsTrue failed. Unable to enter shipping information on checkout page successfully</Message>
          <StackTrace>   at Nordstrom.Web.Test.UI.LoyaltyWeb.LoyaltyEarnTests.NavigateToRewardsSectionOnCheckoutPage(UsersUser earnUser, List`1 cardDetails, Boolean applyGiftCard) in c:\Ecommerce\Web\Test\UI\LoyaltyWeb\LoyaltyWebTest\LoyaltyWebTest\Tests\LoyaltyEarnTests.cs:line 1020
   at Nordstrom.Web.Test.UI.LoyaltyWeb.LoyaltyEarnTests.TNEarn_AuthenticatedUnassociatedUserEntersSpecialCharactersInRewardsPhoneNumberField_ErrorMessageDisplayedSuccessfully() in c:\Ecommerce\Web\Test\UI\LoyaltyWeb\LoyaltyWebTest\LoyaltyWebTest\Tests\LoyaltyEarnTests.cs:line 647
</StackTrace>
        </ErrorInfo>
      </Output>
    </UnitTestResult>
    <UnitTestResult executionId="b8d76705-3441-4499-8cc2-dd358bb59642" testId="d25644d3-0bb7-fabb-599a-453ed1d010ef" testName="TNEarn_AuthenticatedUnassociatedUserEntersValidNumberInRewardsSection_FirstNameInThanksMessageMatchesRewardsUserFirstName" computerName="U00979650" duration="00:00:16.7667865" startTime="2016-03-09T11:18:49.5425445-08:00" endTime="2016-03-09T11:19:06.3122213-08:00" testType="13cdc9d9-ddb5-4fa4-a97d-d965ccfc6d4b" outcome="Failed" testListId="8c84fa94-04c1-424b-9868-57a2d4851a1d" relativeResultsDirectory="b8d76705-3441-4499-8cc2-dd358bb59642">
      <Output>
        <ErrorInfo>
          <Message>Assert.IsTrue failed. Customer couldn't be enrolled from store</Message>
          <StackTrace>   at Nordstrom.Web.Test.UI.LoyaltyWeb.LoyaltyEarnTests.TNEarn_AuthenticatedUnassociatedUserEntersValidNumberInRewardsSection_FirstNameInThanksMessageMatchesRewardsUserFirstName() in c:\Ecommerce\Web\Test\UI\LoyaltyWeb\LoyaltyWebTest\LoyaltyWebTest\Tests\LoyaltyEarnTests.cs:line 347
</StackTrace>
        </ErrorInfo>
      </Output>
    </UnitTestResult>
    <UnitTestResult executionId="f57d0b5d-15b5-4372-af96-b9f71c6e3553" testId="47268004-574c-e7a3-f8ba-f05ec5cbe13c" testName="TNEarn_AuthenticatedUnassociatedUserEntersValidNumberInRewardsSection_PlaceTheOrderSuccessfully" computerName="U00979650" duration="00:00:16.9897892" startTime="2016-03-09T11:19:06.3122213-08:00" endTime="2016-03-09T11:19:23.3049204-08:00" testType="13cdc9d9-ddb5-4fa4-a97d-d965ccfc6d4b" outcome="Failed" testListId="8c84fa94-04c1-424b-9868-57a2d4851a1d" relativeResultsDirectory="f57d0b5d-15b5-4372-af96-b9f71c6e3553">
      <Output>
        <ErrorInfo>
          <Message>Assert.IsTrue failed. Customer couldn't be enrolled from store</Message>
          <StackTrace>   at Nordstrom.Web.Test.UI.LoyaltyWeb.LoyaltyEarnTests.TNEarn_AuthenticatedUnassociatedUserEntersValidNumberInRewardsSection_PlaceTheOrderSuccessfully() in c:\Ecommerce\Web\Test\UI\LoyaltyWeb\LoyaltyWebTest\LoyaltyWebTest\Tests\LoyaltyEarnTests.cs:line 812
</StackTrace>
        </ErrorInfo>
      </Output>
    </UnitTestResult>
    <UnitTestResult executionId="910f5396-3ebf-48dd-ba58-b74dc9f5d174" testId="000bc424-a9b2-5b76-70bc-5586c78c1866" testName="TNEarn_AuthenticatedUnassociatedUserNavigatesAwayFromCheckoutPage_RewardsSectionSavedDetailsAreNotRetained" computerName="U00979650" duration="00:00:16.6146186" startTime="2016-03-09T11:19:23.3059205-08:00" endTime="2016-03-09T11:19:39.9225820-08:00" testType="13cdc9d9-ddb5-4fa4-a97d-d965ccfc6d4b" outcome="Failed" testListId="8c84fa94-04c1-424b-9868-57a2d4851a1d" relativeResultsDirectory="910f5396-3ebf-48dd-ba58-b74dc9f5d174">
      <Output>
        <ErrorInfo>
          <Message>Assert.IsTrue failed. Customer couldn't be enrolled from store</Message>
          <StackTrace>   at Nordstrom.Web.Test.UI.LoyaltyWeb.LoyaltyEarnTests.TNEarn_AuthenticatedUnassociatedUserNavigatesAwayFromCheckoutPage_RewardsSectionSavedDetailsAreNotRetained() in c:\Ecommerce\Web\Test\UI\LoyaltyWeb\LoyaltyWebTest\LoyaltyWebTest\Tests\LoyaltyEarnTests.cs:line 520
</StackTrace>
        </ErrorInfo>
      </Output>
    </UnitTestResult>
    <UnitTestResult executionId="93ce79f0-3543-4829-96b1-6825063a99db" testId="e742020b-6600-e27d-4ee6-ea80fd4144e2" testName="TNEarn_AuthenticatedUnassociatedUserNavigatestoCheckoutPage_ClickingOnEarnPointsLinkOpensRewardsModuleSuccessfully" computerName="U00979650" duration="00:01:20.5729582" startTime="2016-03-09T11:19:39.9235821-08:00" endTime="2016-03-09T11:21:00.5250283-08:00" testType="13cdc9d9-ddb5-4fa4-a97d-d965ccfc6d4b" outcome="Failed" testListId="8c84fa94-04c1-424b-9868-57a2d4851a1d" relativeResultsDirectory="93ce79f0-3543-4829-96b1-6825063a99db">
      <Output>
        <DebugTrace>Page loaded succesfully with URL = https://tsecure.dev.nordstrom.com/signIn.aspx
Page loaded succesfully with URL = https://tsecure.dev.nordstrom.com/signIn.aspx
Page loaded succesfully with URL = https://tsecure.dev.nordstrom.com/signIn.aspx
Page loaded succesfully with URL = https://tsecure.dev.nordstrom.com/signIn.aspx
Timed out waiting for element to be visible with locator: By.CssSelector: #ctl00_backgroundOverlay
WaitForElementToDisappear: Given Locator did not appear after 10 seconds - but ok - locator id: By.CssSelector: #ctl00_backgroundOverlay
Timed out waiting for element to be visible with locator: By.LinkText: Sign Out
Timed out waiting for element to be visible with locator: By.LinkText: Sign Out
VerifyCreatedAccount: sign out link is not visible
CreateNordAccount: Exception occured when creating new account: exception = 'Assert.IsTrue failed. Verify a new account has been created successfully with email '20160309-111953-167201603090424201603090251ittester_1@test.com''
Element is not Valid: Exception =Could not find element by: By.Id: Checkout
Page loaded succesfully with URL = https://tsecure.dev.nordstrom.com/choose-three-free-samples?postaction=os
Page loaded succesfully with URL = https://tsecure.dev.nordstrom.com/choose-three-free-samples?postaction=os
Page loaded succesfully with URL = https://tsecure.dev.nordstrom.com/choose-three-free-samples?postaction=os
Page loaded succesfully with URL = https://tsecure.dev.nordstrom.com/choose-three-free-samples?postaction=os
Page loaded succesfully with URL = https://tsecure.dev.nordstrom.com/os
Page loaded succesfully with URL = https://tsecure.dev.nordstrom.com/os
Timed out waiting for element to be visible with locator: By.XPath: //*[@id='shipping-address']/form/div[contains(@class,'actions')]/input[not (contains(@class,'ng-hide'))]
Shipping Address: Save &amp; Continue button is not visible.
</DebugTrace>
        <ErrorInfo>
          <Message>Assert.IsTrue failed. Unable to enter shipping information on checkout page successfully</Message>
          <StackTrace>   at Nordstrom.Web.Test.UI.LoyaltyWeb.LoyaltyEarnTests.NavigateToRewardsSectionOnCheckoutPage(UsersUser earnUser, List`1 cardDetails, Boolean applyGiftCard) in c:\Ecommerce\Web\Test\UI\LoyaltyWeb\LoyaltyWebTest\LoyaltyWebTest\Tests\LoyaltyEarnTests.cs:line 1020
   at Nordstrom.Web.Test.UI.LoyaltyWeb.LoyaltyEarnTests.TNEarn_AuthenticatedUnassociatedUserNavigatestoCheckoutPage_ClickingOnEarnPointsLinkOpensRewardsModuleSuccessfully() in c:\Ecommerce\Web\Test\UI\LoyaltyWeb\LoyaltyWebTest\LoyaltyWebTest\Tests\LoyaltyEarnTests.cs:line 157
</StackTrace>
        </ErrorInfo>
      </Output>
    </UnitTestResult>
    <UnitTestResult executionId="843b08d8-8e1c-4bf7-b3ac-e1b25f6ae061" testId="d545375e-e268-6000-157b-37e839955f09" testName="TNEarn_AuthenticatedUnassociatedUserNavigatestoCheckoutPage_ClickingOnPayNordCardLinkNavigatesToPaymentSectionSuccessfully" computerName="U00979650" duration="00:01:16.0399855" startTime="2016-03-09T11:21:00.5250283-08:00" endTime="2016-03-09T11:22:16.5740777-08:00" testType="13cdc9d9-ddb5-4fa4-a97d-d965ccfc6d4b" outcome="Failed" testListId="8c84fa94-04c1-424b-9868-57a2d4851a1d" relativeResultsDirectory="843b08d8-8e1c-4bf7-b3ac-e1b25f6ae061">
      <Output>
        <DebugTrace>Page loaded succesfully with URL = https://tsecure.dev.nordstrom.com/signIn.aspx
Page loaded succesfully with URL = https://tsecure.dev.nordstrom.com/signIn.aspx
Page loaded succesfully with URL = https://tsecure.dev.nordstrom.com/signIn.aspx
Page loaded succesfully with URL = https://tsecure.dev.nordstrom.com/signIn.aspx
Timed out waiting for element to be visible with locator: By.CssSelector: #ctl00_backgroundOverlay
WaitForElementToDisappear: Given Locator did not appear after 10 seconds - but ok - locator id: By.CssSelector: #ctl00_backgroundOverlay
Timed out waiting for element to be visible with locator: By.LinkText: Sign Out
Timed out waiting for element to be visible with locator: By.LinkText: Sign Out
VerifyCreatedAccount: sign out link is not visible
CreateNordAccount: Exception occured when creating new account: exception = 'Assert.IsTrue failed. Verify a new account has been created successfully with email '20160309-112110-709201603090424201603090251ittester_1@test.com''
Element is not Valid: Exception =Could not find element by: By.Id: Checkout
Page loaded succesfully with URL = https://tsecure.dev.nordstrom.com/choose-three-free-samples?postaction=os
Page loaded succesfully with URL = https://tsecure.dev.nordstrom.com/choose-three-free-samples?postaction=os
Page loaded succesfully with URL = https://tsecure.dev.nordstrom.com/choose-three-free-samples?postaction=os
Page loaded succesfully with URL = https://tsecure.dev.nordstrom.com/choose-three-free-samples?postaction=os
Page loaded succesfully with URL = https://tsecure.dev.nordstrom.com/os
Page loaded succesfully with URL = https://tsecure.dev.nordstrom.com/os
Timed out waiting for element to be visible with locator: By.XPath: //*[@id='shipping-address']/form/div[contains(@class,'actions')]/input[not (contains(@class,'ng-hide'))]
Shipping Address: Save &amp; Continue button is not visible.
</DebugTrace>
        <ErrorInfo>
          <Message>Assert.IsTrue failed. Unable to enter shipping information on checkout page successfully</Message>
          <StackTrace>   at Nordstrom.Web.Test.UI.LoyaltyWeb.LoyaltyEarnTests.NavigateToRewardsSectionOnCheckoutPage(UsersUser earnUser, List`1 cardDetails, Boolean applyGiftCard) in c:\Ecommerce\Web\Test\UI\LoyaltyWeb\LoyaltyWebTest\LoyaltyWebTest\Tests\LoyaltyEarnTests.cs:line 1020
   at Nordstrom.Web.Test.UI.LoyaltyWeb.LoyaltyEarnTests.TNEarn_AuthenticatedUnassociatedUserNavigatestoCheckoutPage_ClickingOnPayNordCardLinkNavigatesToPaymentSectionSuccessfully() in c:\Ecommerce\Web\Test\UI\LoyaltyWeb\LoyaltyWebTest\LoyaltyWebTest\Tests\LoyaltyEarnTests.cs:line 392
</StackTrace>
        </ErrorInfo>
      </Output>
    </UnitTestResult>
    <UnitTestResult executionId="2ac10ec4-9046-4997-9f00-3bd80d0b8590" testId="a3226ee3-bf16-ec4d-81ca-c87bbd465965" testName="TNEarn_AuthenticatedUnassociatedUserNavigatestoCheckoutPage_RewardsSectionDisplaysAppropriateLinks" computerName="U00979650" duration="00:01:17.8197591" startTime="2016-03-09T11:22:16.5740777-08:00" endTime="2016-03-09T11:23:34.3964869-08:00" testType="13cdc9d9-ddb5-4fa4-a97d-d965ccfc6d4b" outcome="Failed" testListId="8c84fa94-04c1-424b-9868-57a2d4851a1d" relativeResultsDirectory="2ac10ec4-9046-4997-9f00-3bd80d0b8590">
      <Output>
        <DebugTrace>Page loaded succesfully with URL = https://tsecure.dev.nordstrom.com/signIn.aspx
Page loaded succesfully with URL = https://tsecure.dev.nordstrom.com/signIn.aspx
Page loaded succesfully with URL = https://tsecure.dev.nordstrom.com/signIn.aspx
Page loaded succesfully with URL = https://tsecure.dev.nordstrom.com/signIn.aspx
Timed out waiting for element to be visible with locator: By.CssSelector: #ctl00_backgroundOverlay
WaitForElementToDisappear: Given Locator did not appear after 10 seconds - but ok - locator id: By.CssSelector: #ctl00_backgroundOverlay
Timed out waiting for element to be visible with locator: By.LinkText: Sign Out
Timed out waiting for element to be visible with locator: By.LinkText: Sign Out
VerifyCreatedAccount: sign out link is not visible
CreateNordAccount: Exception occured when creating new account: exception = 'Assert.IsTrue failed. Verify a new account has been created successfully with email '20160309-112228-114201603090424201603090251ittester_1@test.com''
Element is not Valid: Exception =Could not find element by: By.Id: Checkout
Page loaded succesfully with URL = https://tsecure.dev.nordstrom.com/choose-three-free-samples?postaction=os
Page loaded succesfully with URL = https://tsecure.dev.nordstrom.com/choose-three-free-samples?postaction=os
Page loaded succesfully with URL = https://tsecure.dev.nordstrom.com/choose-three-free-samples?postaction=os
Page loaded succesfully with URL = https://tsecure.dev.nordstrom.com/choose-three-free-samples?postaction=os
Page loaded succesfully with URL = https://tsecure.dev.nordstrom.com/os
Page loaded succesfully with URL = https://tsecure.dev.nordstrom.com/os
Timed out waiting for element to be visible with locator: By.XPath: //*[@id='shipping-address']/form/div[contains(@class,'actions')]/input[not (contains(@class,'ng-hide'))]
Shipping Address: Save &amp; Continue button is not visible.
</DebugTrace>
        <ErrorInfo>
          <Message>Assert.IsTrue failed. Unable to enter shipping information on checkout page successfully</Message>
          <StackTrace>   at Nordstrom.Web.Test.UI.LoyaltyWeb.LoyaltyEarnTests.NavigateToRewardsSectionOnCheckoutPage(UsersUser earnUser, List`1 cardDetails, Boolean applyGiftCard) in c:\Ecommerce\Web\Test\UI\LoyaltyWeb\LoyaltyWebTest\LoyaltyWebTest\Tests\LoyaltyEarnTests.cs:line 1020
   at Nordstrom.Web.Test.UI.LoyaltyWeb.LoyaltyEarnTests.TNEarn_AuthenticatedUnassociatedUserNavigatestoCheckoutPage_RewardsSectionDisplaysAppropriateLinks() in c:\Ecommerce\Web\Test\UI\LoyaltyWeb\LoyaltyWebTest\LoyaltyWebTest\Tests\LoyaltyEarnTests.cs:line 137
</StackTrace>
        </ErrorInfo>
      </Output>
    </UnitTestResult>
    <UnitTestResult executionId="6fb749b0-72d9-4a5f-bc28-799e1c130840" testId="2ba616ed-60c3-9e03-52a7-71206c95a861" testName="TNEarn_AuthenticatedUnassociatedUserNavigatesToCheckoutPage_SkipMessageDisplayedSuccessfullyAfterSelectingSkipOption" computerName="U00979650" duration="00:01:19.9342734" startTime="2016-03-09T11:23:34.3964869-08:00" endTime="2016-03-09T11:24:54.3345018-08:00" testType="13cdc9d9-ddb5-4fa4-a97d-d965ccfc6d4b" outcome="Failed" testListId="8c84fa94-04c1-424b-9868-57a2d4851a1d" relativeResultsDirectory="6fb749b0-72d9-4a5f-bc28-799e1c130840">
      <Output>
        <DebugTrace>Page loaded succesfully with URL = https://tsecure.dev.nordstrom.com/signIn.aspx
Page loaded succesfully with URL = https://tsecure.dev.nordstrom.com/signIn.aspx
Page loaded succesfully with URL = https://tsecure.dev.nordstrom.com/signIn.aspx
Page loaded succesfully with URL = https://tsecure.dev.nordstrom.com/signIn.aspx
Timed out waiting for element to be visible with locator: By.CssSelector: #ctl00_backgroundOverlay
WaitForElementToDisappear: Given Locator did not appear after 10 seconds - but ok - locator id: By.CssSelector: #ctl00_backgroundOverlay
Timed out waiting for element to be visible with locator: By.LinkText: Sign Out
Timed out waiting for element to be visible with locator: By.LinkText: Sign Out
VerifyCreatedAccount: sign out link is not visible
CreateNordAccount: Exception occured when creating new account: exception = 'Assert.IsTrue failed. Verify a new account has been created successfully with email '20160309-112347-472201603090424201603090251ittester_1@test.com''
Element is not Valid: Exception =Could not find element by: By.Id: Checkout
Page loaded succesfully with URL = https://tsecure.dev.nordstrom.com/choose-three-free-samples?postaction=os
Page loaded succesfully with URL = https://tsecure.dev.nordstrom.com/choose-three-free-samples?postaction=os
Page loaded succesfully with URL = https://tsecure.dev.nordstrom.com/choose-three-free-samples?postaction=os
Page loaded succesfully with URL = https://tsecure.dev.nordstrom.com/choose-three-free-samples?postaction=os
Page loaded succesfully with URL = https://tsecure.dev.nordstrom.com/os
Page loaded succesfully with URL = https://tsecure.dev.nordstrom.com/os
Timed out waiting for element to be visible with locator: By.XPath: //*[@id='shipping-address']/form/div[contains(@class,'actions')]/input[not (contains(@class,'ng-hide'))]
Shipping Address: Save &amp; Continue button is not visible.
</DebugTrace>
        <ErrorInfo>
          <Message>Assert.IsTrue failed. Unable to enter shipping information on checkout page successfully</Message>
          <StackTrace>   at Nordstrom.Web.Test.UI.LoyaltyWeb.LoyaltyEarnTests.NavigateToRewardsSectionOnCheckoutPage(UsersUser earnUser, List`1 cardDetails, Boolean applyGiftCard) in c:\Ecommerce\Web\Test\UI\LoyaltyWeb\LoyaltyWebTest\LoyaltyWebTest\Tests\LoyaltyEarnTests.cs:line 1020
   at Nordstrom.Web.Test.UI.LoyaltyWeb.LoyaltyEarnTests.TNEarn_AuthenticatedUnassociatedUserNavigatesToCheckoutPage_SkipMessageDisplayedSuccessfullyAfterSelectingSkipOption() in c:\Ecommerce\Web\Test\UI\LoyaltyWeb\LoyaltyWebTest\LoyaltyWebTest\Tests\LoyaltyEarnTests.cs:line 576
</StackTrace>
        </ErrorInfo>
      </Output>
    </UnitTestResult>
    <UnitTestResult executionId="8a063a84-3f07-405d-a54d-d73cb804e3a6" testId="8aac4b9e-b18a-8da6-8fc8-4bf6a3a1f635" testName="TNEarn_AuthenticatedUnassociatedUserNavigatestoCheckoutPage_ThanksMessageIsNotDisplayed" computerName="U00979650" duration="00:01:23.4350620" startTime="2016-03-09T11:24:54.3345018-08:00" endTime="2016-03-09T11:26:17.7860651-08:00" testType="13cdc9d9-ddb5-4fa4-a97d-d965ccfc6d4b" outcome="Failed" testListId="8c84fa94-04c1-424b-9868-57a2d4851a1d" relativeResultsDirectory="8a063a84-3f07-405d-a54d-d73cb804e3a6">
      <Output>
        <DebugTrace>Page loaded succesfully with URL = https://tsecure.dev.nordstrom.com/signIn.aspx
Page loaded succesfully with URL = https://tsecure.dev.nordstrom.com/signIn.aspx
Page loaded succesfully with URL = https://tsecure.dev.nordstrom.com/signIn.aspx
Page loaded succesfully with URL = https://tsecure.dev.nordstrom.com/signIn.aspx
Timed out waiting for element to be visible with locator: By.CssSelector: #ctl00_backgroundOverlay
WaitForElementToDisappear: Given Locator did not appear after 10 seconds - but ok - locator id: By.CssSelector: #ctl00_backgroundOverlay
Timed out waiting for element to be visible with locator: By.LinkText: Sign Out
Timed out waiting for element to be visible with locator: By.LinkText: Sign Out
VerifyCreatedAccount: sign out link is not visible
CreateNordAccount: Exception occured when creating new account: exception = 'Assert.IsTrue failed. Verify a new account has been created successfully with email '20160309-112504-555201603090424201603090251ittester_1@test.com''
Element is not Valid: Exception =Could not find element by: By.Id: Checkout
Page loaded succesfully with URL = https://tsecure.dev.nordstrom.com/choose-three-free-samples?postaction=os
Page loaded succesfully with URL = https://tsecure.dev.nordstrom.com/choose-three-free-samples?postaction=os
Page loaded succesfully with URL = https://tsecure.dev.nordstrom.com/choose-three-free-samples?postaction=os
Page loaded succesfully with URL = https://tsecure.dev.nordstrom.com/choose-three-free-samples?postaction=os
Page loaded succesfully with URL = https://tsecure.dev.nordstrom.com/os
Page loaded succesfully with URL = https://tsecure.dev.nordstrom.com/os
Timed out waiting for element to be visible with locator: By.XPath: //*[@id='shipping-address']/form/div[contains(@class,'actions')]/input[not (contains(@class,'ng-hide'))]
Shipping Address: Save &amp; Continue button is not visible.
</DebugTrace>
        <ErrorInfo>
          <Message>Assert.IsTrue failed. Unable to enter shipping information on checkout page successfully</Message>
          <StackTrace>   at Nordstrom.Web.Test.UI.LoyaltyWeb.LoyaltyEarnTests.NavigateToRewardsSectionOnCheckoutPage(UsersUser earnUser, List`1 cardDetails, Boolean applyGiftCard) in c:\Ecommerce\Web\Test\UI\LoyaltyWeb\LoyaltyWebTest\LoyaltyWebTest\Tests\LoyaltyEarnTests.cs:line 1020
   at Nordstrom.Web.Test.UI.LoyaltyWeb.LoyaltyEarnTests.TNEarn_AuthenticatedUnassociatedUserNavigatestoCheckoutPage_ThanksMessageIsNotDisplayed() in c:\Ecommerce\Web\Test\UI\LoyaltyWeb\LoyaltyWebTest\LoyaltyWebTest\Tests\LoyaltyEarnTests.cs:line 184
</StackTrace>
        </ErrorInfo>
      </Output>
    </UnitTestResult>
    <UnitTestResult executionId="d09a93b4-1e15-4a83-9d4e-3ab7fd93e814" testId="0dd72646-d663-b38c-5553-0b6bda192036" testName="TNEarn_AuthenticatedUnassociatedUserNavigatesToRewardsSection_RewardsSectionRetainedAfterEditingPaymentDetails" computerName="U00979650" duration="00:00:16.3285928" startTime="2016-03-09T11:26:17.7860651-08:00" endTime="2016-03-09T11:26:34.1106974-08:00" testType="13cdc9d9-ddb5-4fa4-a97d-d965ccfc6d4b" outcome="Failed" testListId="8c84fa94-04c1-424b-9868-57a2d4851a1d" relativeResultsDirectory="d09a93b4-1e15-4a83-9d4e-3ab7fd93e814">
      <Output>
        <ErrorInfo>
          <Message>Assert.IsTrue failed. Customer couldn't be enrolled from store</Message>
          <StackTrace>   at Nordstrom.Web.Test.UI.LoyaltyWeb.LoyaltyEarnTests.TNEarn_AuthenticatedUnassociatedUserNavigatesToRewardsSection_RewardsSectionRetainedAfterEditingPaymentDetails() in c:\Ecommerce\Web\Test\UI\LoyaltyWeb\LoyaltyWebTest\LoyaltyWebTest\Tests\LoyaltyEarnTests.cs:line 467
</StackTrace>
        </ErrorInfo>
      </Output>
    </UnitTestResult>
    <UnitTestResult executionId="f4597d0d-2194-434f-84f1-91995ca17b9b" testId="380b4276-ee3c-ffbc-814e-c860ea944171" testName="TNEarn_AuthenticatedUnassociatedUserPaysPartiallyWithGiftCard_PlaceTheOrderSuccessfully" computerName="U00979650" duration="00:00:17.2942256" startTime="2016-03-09T11:26:34.1106974-08:00" endTime="2016-03-09T11:26:51.4191069-08:00" testType="13cdc9d9-ddb5-4fa4-a97d-d965ccfc6d4b" outcome="Failed" testListId="8c84fa94-04c1-424b-9868-57a2d4851a1d" relativeResultsDirectory="f4597d0d-2194-434f-84f1-91995ca17b9b">
      <Output>
        <ErrorInfo>
          <Message>Assert.IsTrue failed. Customer couldn't be enrolled from store</Message>
          <StackTrace>   at Nordstrom.Web.Test.UI.LoyaltyWeb.LoyaltyEarnTests.TNEarn_AuthenticatedUnassociatedUserPaysPartiallyWithGiftCard_PlaceTheOrderSuccessfully() in c:\Ecommerce\Web\Test\UI\LoyaltyWeb\LoyaltyWebTest\LoyaltyWebTest\Tests\LoyaltyEarnTests.cs:line 964
</StackTrace>
        </ErrorInfo>
      </Output>
    </UnitTestResult>
    <UnitTestResult executionId="e632998e-00b7-43fe-a287-e4b7055fbee0" testId="e1a56f23-f449-9454-c117-7c0592d24d1e" testName="TNEarn_AuthenticatedUnassociatedUserSkipsRewardsSection_PlacesTheOrderSuccessfully" computerName="U00979650" duration="00:01:25.5002615" startTime="2016-03-09T11:26:51.4191069-08:00" endTime="2016-03-09T11:28:16.9124799-08:00" testType="13cdc9d9-ddb5-4fa4-a97d-d965ccfc6d4b" outcome="Failed" testListId="8c84fa94-04c1-424b-9868-57a2d4851a1d" relativeResultsDirectory="e632998e-00b7-43fe-a287-e4b7055fbee0">
      <Output>
        <DebugTrace>Page loaded succesfully with URL = https://tsecure.dev.nordstrom.com/signIn.aspx
Page loaded succesfully with URL = https://tsecure.dev.nordstrom.com/signIn.aspx
Page loaded succesfully with URL = https://tsecure.dev.nordstrom.com/signIn.aspx
Page loaded succesfully with URL = https://tsecure.dev.nordstrom.com/signIn.aspx
Timed out waiting for element to be visible with locator: By.CssSelector: #ctl00_backgroundOverlay
WaitForElementToDisappear: Given Locator did not appear after 10 seconds - but ok - locator id: By.CssSelector: #ctl00_backgroundOverlay
Timed out waiting for element to be visible with locator: By.LinkText: Sign Out
Timed out waiting for element to be visible with locator: By.LinkText: Sign Out
VerifyCreatedAccount: sign out link is not visible
CreateNordAccount: Exception occured when creating new account: exception = 'Assert.IsTrue failed. Verify a new account has been created successfully with email '20160309-112703-772201603090424201603090251ittester_1@test.com''
Element is not Valid: Exception =Could not find element by: By.Id: Checkout
Page loaded succesfully with URL = https://tsecure.dev.nordstrom.com/choose-three-free-samples?postaction=os
Page loaded succesfully with URL = https://tsecure.dev.nordstrom.com/choose-three-free-samples?postaction=os
Page loaded succesfully with URL = https://tsecure.dev.nordstrom.com/choose-three-free-samples?postaction=os
Page loaded succesfully with URL = https://tsecure.dev.nordstrom.com/choose-three-free-samples?postaction=os
Page loaded succesfully with URL = https://tsecure.dev.nordstrom.com/os
Page loaded succesfully with URL = https://tsecure.dev.nordstrom.com/os
Timed out waiting for element to be visible with locator: By.XPath: //*[@id='shipping-address']/form/div[contains(@class,'actions')]/input[not (contains(@class,'ng-hide'))]
Shipping Address: Save &amp; Continue button is not visible.
</DebugTrace>
        <ErrorInfo>
          <Message>Assert.IsTrue failed. Unable to enter shipping information on checkout page successfully</Message>
          <StackTrace>   at Nordstrom.Web.Test.UI.LoyaltyWeb.LoyaltyEarnTests.NavigateToRewardsSectionOnCheckoutPage(UsersUser earnUser, List`1 cardDetails, Boolean applyGiftCard) in c:\Ecommerce\Web\Test\UI\LoyaltyWeb\LoyaltyWebTest\LoyaltyWebTest\Tests\LoyaltyEarnTests.cs:line 1020
   at Nordstrom.Web.Test.UI.LoyaltyWeb.LoyaltyEarnTests.TNEarn_AuthenticatedUnassociatedUserSkipsRewardsSection_PlacesTheOrderSuccessfully() in c:\Ecommerce\Web\Test\UI\LoyaltyWeb\LoyaltyWebTest\LoyaltyWebTest\Tests\LoyaltyEarnTests.cs:line 938
</StackTrace>
        </ErrorInfo>
      </Output>
    </UnitTestResult>
    <UnitTestResult executionId="315742d9-86b5-4674-9617-a62586375498" testId="39d4fd5c-924d-49c6-8549-9a0c23668c1b" testName="TNEarn_GuestUserNavigatesToCheckoutPage_RewardsSectionNotDisplayedSuccessfully" computerName="U00979650" duration="00:00:50.5775566" startTime="2016-03-09T11:28:16.9280800-08:00" endTime="2016-03-09T11:29:07.5055606-08:00" testType="13cdc9d9-ddb5-4fa4-a97d-d965ccfc6d4b" outcome="Passed" testListId="8c84fa94-04c1-424b-9868-57a2d4851a1d" relativeResultsDirectory="315742d9-86b5-4674-9617-a62586375498">
      <Output>
        <DebugTrace>Page loaded succesfully with URL = http://tshop.dev.nordstrom.com/
Element is not Valid: Exception =Could not find element by: By.Id: Checkout
Page loaded succesfully with URL = https://tsecure.dev.nordstrom.com/choose-three-free-samples?postaction=os
Page loaded succesfully with URL = https://tsecure.dev.nordstrom.com/choose-three-free-samples?postaction=os
Page loaded succesfully with URL = https://tsecure.dev.nordstrom.com/choose-three-free-samples?postaction=os
Page loaded succesfully with URL = https://tsecure.dev.nordstrom.com/choose-three-free-samples?postaction=os
Page loaded succesfully with URL = https://tsecure.dev.nordstrom.com/os
Timed out waiting for element to be visible with locator: By.Id: earn-rewards
Nordstrom Rewards Section is not being rendered properly.
</DebugTrace>
      </Output>
    </UnitTestResult>
    <UnitTestResult executionId="81c7e42c-2543-4663-93e0-6629c6d8b9d9" testId="cde4d37b-0211-be04-3e2f-a68ba4a27e2e" testName="TNEarn_LoyaltyWebEnrolledUserNavigatesToCheckoutPage_RewardsSectionHasThanksMessageDisplayed" computerName="U00979650" duration="00:00:44.7986267" startTime="2016-03-09T11:29:07.5055606-08:00" endTime="2016-03-09T11:29:52.3110626-08:00" testType="13cdc9d9-ddb5-4fa4-a97d-d965ccfc6d4b" outcome="Failed" testListId="8c84fa94-04c1-424b-9868-57a2d4851a1d" relativeResultsDirectory="81c7e42c-2543-4663-93e0-6629c6d8b9d9">
      <Output>
        <DebugTrace>Page loaded succesfully with URL = https://tsecure.dev.nordstrom.com/Rewards/join.aspx
Page loaded succesfully with URL = https://tsecure.dev.nordstrom.com/Rewards/join.aspx
Timed out waiting for element to be visible with locator: By.Id: ctl00_backgroundOverlayProgress
Page loaded succesfully with URL = https://tsecure.dev.nordstrom.com/Rewards/join.aspx
Page loaded succesfully with URL = https://tsecure.dev.nordstrom.com/Rewards/join.aspx
Timed out waiting for element to be visible with locator: By.Id: ctl00_mainContentPlaceHolder_btnVerify
</DebugTrace>
        <ErrorInfo>
          <Message>Assert.IsTrue failed. Loyalty tender neutral enroll failed through web</Message>
          <StackTrace>   at Nordstrom.Web.Test.UI.LoyaltyWeb.LoyaltyEarnTests.TNEarn_LoyaltyWebEnrolledUserNavigatesToCheckoutPage_RewardsSectionHasThanksMessageDisplayed() in c:\Ecommerce\Web\Test\UI\LoyaltyWeb\LoyaltyWebTest\LoyaltyWebTest\Tests\LoyaltyEarnTests.cs:line 205
</StackTrace>
        </ErrorInfo>
      </Output>
    </UnitTestResult>
    <UnitTestResult executionId="32b6c497-1117-47d0-896c-368440655377" testId="fe046f46-4503-36cb-cbb0-c8ade5f466c2" testName="TNEarn_OrderPlacedWithoutLoyaltyDetailsInX33_InformativeMessageExpectedOnOrderConfirmationPage" computerName="U00979650" duration="00:00:45.5413190" startTime="2016-03-09T11:29:52.3110626-08:00" endTime="2016-03-09T11:30:37.8312492-08:00" testType="13cdc9d9-ddb5-4fa4-a97d-d965ccfc6d4b" outcome="Failed" testListId="8c84fa94-04c1-424b-9868-57a2d4851a1d" relativeResultsDirectory="32b6c497-1117-47d0-896c-368440655377">
      <Output>
        <DebugTrace>Page loaded succesfully with URL = https://tsecure.dev.nordstrom.com/Rewards/join.aspx
Page loaded succesfully with URL = https://tsecure.dev.nordstrom.com/Rewards/join.aspx
Timed out waiting for element to be visible with locator: By.Id: ctl00_backgroundOverlayProgress
Page loaded succesfully with URL = https://tsecure.dev.nordstrom.com/Rewards/join.aspx
Page loaded succesfully with URL = https://tsecure.dev.nordstrom.com/Rewards/join.aspx
Timed out waiting for element to be visible with locator: By.Id: ctl00_mainContentPlaceHolder_btnVerify
</DebugTrace>
        <ErrorInfo>
          <Message>Assert.IsTrue failed. Unable to enroll for tender neutral rewards program from web</Message>
          <StackTrace>   at Nordstrom.Web.Test.UI.LoyaltyWeb.LoyaltyEarnTests.TNEarn_OrderPlacedWithoutLoyaltyDetailsInX33_InformativeMessageExpectedOnOrderConfirmationPage() in c:\Ecommerce\Web\Test\UI\LoyaltyWeb\LoyaltyWebTest\LoyaltyWebTest\Tests\LoyaltyEarnTests.cs:line 901
</StackTrace>
        </ErrorInfo>
      </Output>
    </UnitTestResult>
    <UnitTestResult executionId="ab777d9c-53f9-4ebe-8d4c-4ed499a35061" testId="1cbf720d-74ac-ea04-85c7-e3b1c8140159" testName="TNEarn_RecognisedUserNavigatesToCheckoutPage_RewardsSectionSuccessfullyDisplayedOnSignIn" computerName="U00979650" duration="00:01:22.2963267" startTime="2016-03-09T11:30:37.8312492-08:00" endTime="2016-03-09T11:32:00.1344787-08:00" testType="13cdc9d9-ddb5-4fa4-a97d-d965ccfc6d4b" outcome="Failed" testListId="8c84fa94-04c1-424b-9868-57a2d4851a1d" relativeResultsDirectory="ab777d9c-53f9-4ebe-8d4c-4ed499a35061">
      <Output>
        <DebugTrace>Page loaded succesfully with URL = https://tsecure.dev.nordstrom.com/signIn.aspx
Page loaded succesfully with URL = https://tsecure.dev.nordstrom.com/signIn.aspx
Page loaded succesfully with URL = https://tsecure.dev.nordstrom.com/signIn.aspx
Page loaded succesfully with URL = https://tsecure.dev.nordstrom.com/signIn.aspx
Timed out waiting for element to be visible with locator: By.CssSelector: #ctl00_backgroundOverlay
WaitForElementToDisappear: Given Locator did not appear after 10 seconds - but ok - locator id: By.CssSelector: #ctl00_backgroundOverlay
Timed out waiting for element to be visible with locator: By.LinkText: Sign Out
Timed out waiting for element to be visible with locator: By.LinkText: Sign Out
VerifyCreatedAccount: sign out link is not visible
CreateNordAccount: Exception occured when creating new account: exception = 'Assert.IsTrue failed. Verify a new account has been created successfully with email '20160309-113047-983201603093002201603092917201603090424201603090251ittester_1@test.com''
Element is not Valid: Exception =Could not find element by: By.Id: Checkout
Page loaded succesfully with URL = https://tsecure.dev.nordstrom.com/choose-three-free-samples?postaction=os
Page loaded succesfully with URL = https://tsecure.dev.nordstrom.com/choose-three-free-samples?postaction=os
Page loaded succesfully with URL = https://tsecure.dev.nordstrom.com/choose-three-free-samples?postaction=os
Page loaded succesfully with URL = https://tsecure.dev.nordstrom.com/choose-three-free-samples?postaction=os
Page loaded succesfully with URL = https://tsecure.dev.nordstrom.com/os
Page loaded succesfully with URL = https://tsecure.dev.nordstrom.com/os
Page loaded succesfully with URL = https://tsecure.dev.nordstrom.com/os
Page loaded succesfully with URL = https://tsecure.dev.nordstrom.com/os
Timed out waiting for element to be visible with locator: By.XPath: //*[@id='shipping-address']/form/div[contains(@class,'actions')]/input[not (contains(@class,'ng-hide'))]
Shipping Address: Save &amp; Continue button is not visible.
</DebugTrace>
        <ErrorInfo>
          <Message>Assert.IsTrue failed. Unable to enter shipping information on checkout page successfully</Message>
          <StackTrace>   at Nordstrom.Web.Test.UI.LoyaltyWeb.LoyaltyEarnTests.NavigateToRewardsSectionOnCheckoutPage(UsersUser earnUser, List`1 cardDetails, Boolean applyGiftCard) in c:\Ecommerce\Web\Test\UI\LoyaltyWeb\LoyaltyWebTest\LoyaltyWebTest\Tests\LoyaltyEarnTests.cs:line 1020
   at Nordstrom.Web.Test.UI.LoyaltyWeb.LoyaltyEarnTests.TNEarn_RecognisedUserNavigatesToCheckoutPage_RewardsSectionSuccessfullyDisplayedOnSignIn() in c:\Ecommerce\Web\Test\UI\LoyaltyWeb\LoyaltyWebTest\LoyaltyWebTest\Tests\LoyaltyEarnTests.cs:line 96
</StackTrace>
        </ErrorInfo>
      </Output>
    </UnitTestResult>
    <UnitTestResult executionId="910cd946-9712-4ffa-b2b4-583d7697d0a4" testId="9c870baa-0174-d7d8-19b5-6331f7c3b419" testName="TNEarn_RegisteredSigningInAsGuestNavigatesToCheckoutPage_RewardsSectionDisplayedSuccessfully" computerName="U00979650" duration="00:01:31.1122919" startTime="2016-03-09T11:32:00.1354788-08:00" endTime="2016-03-09T11:33:31.2545898-08:00" testType="13cdc9d9-ddb5-4fa4-a97d-d965ccfc6d4b" outcome="Failed" testListId="8c84fa94-04c1-424b-9868-57a2d4851a1d" relativeResultsDirectory="910cd946-9712-4ffa-b2b4-583d7697d0a4">
      <Output>
        <DebugTrace>Page loaded succesfully with URL = https://tsecure.dev.nordstrom.com/signIn.aspx
Page loaded succesfully with URL = https://tsecure.dev.nordstrom.com/signIn.aspx
Page loaded succesfully with URL = https://tsecure.dev.nordstrom.com/signIn.aspx
Page loaded succesfully with URL = https://tsecure.dev.nordstrom.com/signIn.aspx
Timed out waiting for element to be visible with locator: By.CssSelector: #ctl00_backgroundOverlay
WaitForElementToDisappear: Given Locator did not appear after 10 seconds - but ok - locator id: By.CssSelector: #ctl00_backgroundOverlay
Timed out waiting for element to be visible with locator: By.LinkText: Sign Out
Timed out waiting for element to be visible with locator: By.LinkText: Sign Out
VerifyCreatedAccount: sign out link is not visible
CreateNordAccount: Exception occured when creating new account: exception = 'Assert.IsTrue failed. Verify a new account has been created successfully with email '20160309-113212-947201603093002201603092917201603090424201603090251ittester_1@test.com''
Element Not found with the given locator (By.LinkText: Sign Out)
Element not found with given locator By.LinkText: Sign Out
Element Not found with the given locator (By.LinkText: Not You?)
Element not found with given locator By.LinkText: Not You?
Page loaded succesfully with URL = https://tsecure.dev.nordstrom.com/signIn.aspx
Element is not Valid: Exception =Could not find element by: By.Id: Checkout
Page loaded succesfully with URL = https://tsecure.dev.nordstrom.com/choose-three-free-samples?postaction=os
Page loaded succesfully with URL = https://tsecure.dev.nordstrom.com/choose-three-free-samples?postaction=os
Page loaded succesfully with URL = https://tsecure.dev.nordstrom.com/choose-three-free-samples?postaction=os
Page loaded succesfully with URL = https://tsecure.dev.nordstrom.com/choose-three-free-samples?postaction=os
Page loaded succesfully with URL = https://tsecure.dev.nordstrom.com/os
Page loaded succesfully with URL = https://tsecure.dev.nordstrom.com/os
Page loaded succesfully with URL = https://tsecure.dev.nordstrom.com/os
Timed out waiting for element to be visible with locator: By.CssSelector: #ctl00_backgroundOverlay
WaitForElementToDisappear: Given Locator did not appear after 10 seconds - but ok - locator id: By.CssSelector: #ctl00_backgroundOverlay
Page loaded succesfully with URL = https://tsecure.dev.nordstrom.com/os
Page loaded succesfully with URL = https://tsecure.dev.nordstrom.com/os
Timed out waiting for element to be visible with locator: By.XPath: //*[@id='shipping-address']/form/div[contains(@class,'actions')]/input[not (contains(@class,'ng-hide'))]
Shipping Address: Save &amp; Continue button is not visible.
</DebugTrace>
        <ErrorInfo>
          <Message>Assert.IsTrue failed. Unable to enter shipping information on checkout page successfully</Message>
          <StackTrace>   at Nordstrom.Web.Test.UI.LoyaltyWeb.LoyaltyEarnTests.NavigateToRewardsSectionOnCheckoutPage(UsersUser earnUser, List`1 cardDetails, Boolean applyGiftCard) in c:\Ecommerce\Web\Test\UI\LoyaltyWeb\LoyaltyWebTest\LoyaltyWebTest\Tests\LoyaltyEarnTests.cs:line 1020
   at Nordstrom.Web.Test.UI.LoyaltyWeb.LoyaltyEarnTests.TNEarn_RegisteredSigningInAsGuestNavigatesToCheckoutPage_RewardsSectionDisplayedSuccessfully() in c:\Ecommerce\Web\Test\UI\LoyaltyWeb\LoyaltyWebTest\LoyaltyWebTest\Tests\LoyaltyEarnTests.cs:line 70
</StackTrace>
        </ErrorInfo>
      </Output>
    </UnitTestResult>
    <UnitTestResult executionId="1b4f8f71-65f5-49a7-ad25-edfb4f83eaf6" testId="55a3993c-2db1-9211-5aa0-390ed114f4b8" testName="NavigationToLoyaltyWebPage_TenderNeutralEnrollAssociationFeatureFlagOn_UserLandOnLoyaltyWebPageSuccessful" computerName="U00979650" duration="00:00:27.8482993" startTime="2016-03-09T11:33:31.2555899-08:00" endTime="2016-03-09T11:34:31.7186356-08:00" testType="13cdc9d9-ddb5-4fa4-a97d-d965ccfc6d4b" outcome="Passed" testListId="8c84fa94-04c1-424b-9868-57a2d4851a1d" relativeResultsDirectory="1b4f8f71-65f5-49a7-ad25-edfb4f83eaf6">
      <Output>
        <DebugTrace>Page loaded succesfully with URL = https://tsecure.dev.nordstrom.com/Rewards/add-rewards-number
Element Not found with the given locator (By.Id: skip-nav)
Element not found with given locator By.Id: skip-nav
Page loaded succesfully with URL = https://tsecure.dev.nordstrom.com/Rewards/add-rewards-number
</DebugTrace>
      </Output>
    </UnitTestResult>
    <UnitTestResult executionId="757185b1-41bb-4d56-b2ee-115cf8e69cdb" testId="2a331da7-1079-e07a-4b7f-e32c407ac20c" testName="TenderNeutralAssociation_AlreadyAssociatedEnrolledCustomerComesToAssociationPageAsRecognizedUser_ShouldGetYouAreSetMessage" computerName="U00979650" duration="00:00:20.2891600" startTime="2016-03-09T11:34:31.7186356-08:00" endTime="2016-03-09T11:34:52.0116647-08:00" testType="13cdc9d9-ddb5-4fa4-a97d-d965ccfc6d4b" outcome="Inconclusive" testListId="8c84fa94-04c1-424b-9868-57a2d4851a1d" relativeResultsDirectory="757185b1-41bb-4d56-b2ee-115cf8e69cdb">
      <Output>
        <ErrorInfo>
          <Message>Assert.Inconclusive failed. Could not create a store user so we can stop here.</Message>
          <StackTrace>   at Nordstrom.Web.Test.UI.LoyaltyWeb.Tests.LoyaltyAssociationTests.TenderNeutralAssociation_AlreadyAssociatedEnrolledCustomerComesToAssociationPageAsRecognizedUser_ShouldGetYouAreSetMessage() in c:\Ecommerce\Web\Test\UI\LoyaltyWeb\LoyaltyWebTest\LoyaltyWebTest\Tests\LoyaltyAssociationTests.cs:line 222
</StackTrace>
        </ErrorInfo>
      </Output>
    </UnitTestResult>
    <UnitTestResult executionId="5941638b-3773-4881-b386-eab5198f9143" testId="ddc0d2eb-254c-dd19-2d14-6b1da7927e8f" testName="TenderNeutralAssociation_AssociatedEnrollMemberTryToAssociateAgain_ShouldGetRightMessage" computerName="U00979650" duration="00:00:16.9616393" startTime="2016-03-09T11:34:52.0116647-08:00" endTime="2016-03-09T11:35:08.9763610-08:00" testType="13cdc9d9-ddb5-4fa4-a97d-d965ccfc6d4b" outcome="Inconclusive" testListId="8c84fa94-04c1-424b-9868-57a2d4851a1d" relativeResultsDirectory="5941638b-3773-4881-b386-eab5198f9143">
      <Output>
        <ErrorInfo>
          <Message>Assert.Inconclusive failed. Could not create a store user so we can stop here.</Message>
          <StackTrace>   at Nordstrom.Web.Test.UI.LoyaltyWeb.Tests.LoyaltyAssociationTests.TenderNeutralAssociation_AssociatedEnrollMemberTryToAssociateAgain_ShouldGetRightMessage() in c:\Ecommerce\Web\Test\UI\LoyaltyWeb\LoyaltyWebTest\LoyaltyWebTest\Tests\LoyaltyAssociationTests.cs:line 191
</StackTrace>
        </ErrorInfo>
      </Output>
    </UnitTestResult>
    <UnitTestResult executionId="c9e4219c-bdb3-4349-9f92-7b35c5989179" testId="780b7f14-e815-0723-e3b8-d8dd8dd06d51" testName="TenderNeutralAssociation_AuthenticateddUserEnrolledFromStoreGoToWebAssociationPage_ShouldSucceed" computerName="U00979650" duration="00:00:54.2930109" startTime="2016-03-09T11:35:08.9763610-08:00" endTime="2016-03-09T11:36:03.2897772-08:00" testType="13cdc9d9-ddb5-4fa4-a97d-d965ccfc6d4b" outcome="Inconclusive" testListId="8c84fa94-04c1-424b-9868-57a2d4851a1d" relativeResultsDirectory="c9e4219c-bdb3-4349-9f92-7b35c5989179">
      <Output>
        <DebugTrace>Page loaded succesfully with URL = https://tsecure.dev.nordstrom.com/signIn.aspx
Page loaded succesfully with URL = https://tsecure.dev.nordstrom.com/signIn.aspx
Page loaded succesfully with URL = https://tsecure.dev.nordstrom.com/signIn.aspx
Page loaded succesfully with URL = https://tsecure.dev.nordstrom.com/signIn.aspx
Timed out waiting for element to be visible with locator: By.CssSelector: #ctl00_backgroundOverlay
WaitForElementToDisappear: Given Locator did not appear after 10 seconds - but ok - locator id: By.CssSelector: #ctl00_backgroundOverlay
Timed out waiting for element to be visible with locator: By.LinkText: Sign Out
Timed out waiting for element to be visible with locator: By.LinkText: Sign Out
VerifyCreatedAccount: sign out link is not visible
CreateNordAccount: Exception occured when creating new account: exception = 'Assert.IsTrue failed. Verify a new account has been created successfully with email '20160309-113519-588bl7541fj4moj2w201603093002201603092917201603090424201603090251ittester_1@test.com''
</DebugTrace>
        <ErrorInfo>
          <Message>Assert.Inconclusive failed. Could not create a store user so we can stop here.</Message>
          <StackTrace>   at Nordstrom.Web.Test.UI.LoyaltyWeb.Tests.LoyaltyAssociationTests.TenderNeutralAssociation_AuthenticateddUserEnrolledFromStoreGoToWebAssociationPage_ShouldSucceed() in c:\Ecommerce\Web\Test\UI\LoyaltyWeb\LoyaltyWebTest\LoyaltyWebTest\Tests\LoyaltyAssociationTests.cs:line 99
</StackTrace>
        </ErrorInfo>
      </Output>
    </UnitTestResult>
    <UnitTestResult executionId="ae3a5818-5b08-40ee-828d-6ba7c25c2a2e" testId="7ce97ded-40b2-b5e9-34ec-a0fe6755660f" testName="TenderNeutralAssociation_AuthenticatedUser_ConfirmationForNordAccountAndRewardsMembershipSuccessfullyLinked" computerName="U00979650" duration="00:00:53.3797898" startTime="2016-03-09T11:36:03.2897772-08:00" endTime="2016-03-09T11:36:56.6819334-08:00" testType="13cdc9d9-ddb5-4fa4-a97d-d965ccfc6d4b" outcome="Inconclusive" testListId="8c84fa94-04c1-424b-9868-57a2d4851a1d" relativeResultsDirectory="ae3a5818-5b08-40ee-828d-6ba7c25c2a2e">
      <Output>
        <DebugTrace>Page loaded succesfully with URL = https://tsecure.dev.nordstrom.com/signIn.aspx
Page loaded succesfully with URL = https://tsecure.dev.nordstrom.com/signIn.aspx
Page loaded succesfully with URL = https://tsecure.dev.nordstrom.com/signIn.aspx
Page loaded succesfully with URL = https://tsecure.dev.nordstrom.com/signIn.aspx
Timed out waiting for element to be visible with locator: By.CssSelector: #ctl00_backgroundOverlay
WaitForElementToDisappear: Given Locator did not appear after 10 seconds - but ok - locator id: By.CssSelector: #ctl00_backgroundOverlay
Timed out waiting for element to be visible with locator: By.LinkText: Sign Out
Timed out waiting for element to be visible with locator: By.LinkText: Sign Out
VerifyCreatedAccount: sign out link is not visible
CreateNordAccount: Exception occured when creating new account: exception = 'Assert.IsTrue failed. Verify a new account has been created successfully with email '20160309-113613-013''
</DebugTrace>
        <ErrorInfo>
          <Message>Assert.Inconclusive failed. Could not create a store user so we can stop here.</Message>
          <StackTrace>   at Nordstrom.Web.Test.UI.LoyaltyWeb.Tests.LoyaltyAssociationTests.TenderNeutralAssociation_AuthenticatedUser_ConfirmationForNordAccountAndRewardsMembershipSuccessfullyLinked() in c:\Ecommerce\Web\Test\UI\LoyaltyWeb\LoyaltyWebTest\LoyaltyWebTest\Tests\LoyaltyAssociationTests.cs:line 422
</StackTrace>
        </ErrorInfo>
      </Output>
    </UnitTestResult>
    <UnitTestResult executionId="c9bab8b9-a6b6-4f42-9adf-107ac7dafd4f" testId="bffdf662-4bf2-9dc5-e959-c3ba46d638ab" testName="TenderNeutralAssociation_AuthenticatedUserEnrolledinLoyaltyFromServiceCenterToToWebAssociationPage_ShouldSucceed" computerName="U00979650" duration="00:00:56.5797418" startTime="2016-03-09T11:36:56.6819334-08:00" endTime="2016-03-09T11:37:53.2656131-08:00" testType="13cdc9d9-ddb5-4fa4-a97d-d965ccfc6d4b" outcome="Inconclusive" testListId="8c84fa94-04c1-424b-9868-57a2d4851a1d" relativeResultsDirectory="c9bab8b9-a6b6-4f42-9adf-107ac7dafd4f">
      <Output>
        <DebugTrace>Page loaded succesfully with URL = https://tsecure.dev.nordstrom.com/signIn.aspx
Page loaded succesfully with URL = https://tsecure.dev.nordstrom.com/signIn.aspx
Page loaded succesfully with URL = https://tsecure.dev.nordstrom.com/signIn.aspx
Page loaded succesfully with URL = https://tsecure.dev.nordstrom.com/signIn.aspx
Timed out waiting for element to be visible with locator: By.CssSelector: #ctl00_backgroundOverlay
WaitForElementToDisappear: Given Locator did not appear after 10 seconds - but ok - locator id: By.CssSelector: #ctl00_backgroundOverlay
Timed out waiting for element to be visible with locator: By.LinkText: Sign Out
Timed out waiting for element to be visible with locator: By.LinkText: Sign Out
VerifyCreatedAccount: sign out link is not visible
CreateNordAccount: Exception occured when creating new account: exception = 'Assert.IsTrue failed. Verify a new account has been created successfully with email '20160309-113708-197''
Exception: The remote server returned an error: (400) Bad Request.Service center could not create an enrolled loyalty customer successfully.</DebugTrace>
        <ErrorInfo>
          <Message>Assert.Inconclusive failed. Could not create a service center user so we can not continue.</Message>
          <StackTrace>   at Nordstrom.Web.Test.UI.LoyaltyWeb.Tests.LoyaltyAssociationTests.TenderNeutralAssociation_AuthenticatedUserEnrolledinLoyaltyFromServiceCenterToToWebAssociationPage_ShouldSucceed() in c:\Ecommerce\Web\Test\UI\LoyaltyWeb\LoyaltyWebTest\LoyaltyWebTest\Tests\LoyaltyAssociationTests.cs:line 121
</StackTrace>
        </ErrorInfo>
      </Output>
    </UnitTestResult>
    <UnitTestResult executionId="5b3e1f34-5419-490a-9fc9-59e7be77ee08" testId="2033df00-884b-175e-0501-f243d029fbc3" testName="TenderNeutralAssociation_ClickOnLinksAndLogosRedirectedToCorresponingPageForAuthenticatedUser" computerName="U00979650" duration="00:00:54.9847900" startTime="2016-03-09T11:37:53.2656131-08:00" endTime="2016-03-09T11:38:48.2591408-08:00" testType="13cdc9d9-ddb5-4fa4-a97d-d965ccfc6d4b" outcome="Inconclusive" testListId="8c84fa94-04c1-424b-9868-57a2d4851a1d" relativeResultsDirectory="5b3e1f34-5419-490a-9fc9-59e7be77ee08">
      <Output>
        <DebugTrace>Page loaded succesfully with URL = https://tsecure.dev.nordstrom.com/signIn.aspx
Page loaded succesfully with URL = https://tsecure.dev.nordstrom.com/signIn.aspx
Page loaded succesfully with URL = https://tsecure.dev.nordstrom.com/signIn.aspx
Page loaded succesfully with URL = https://tsecure.dev.nordstrom.com/signIn.aspx
Timed out waiting for element to be visible with locator: By.CssSelector: #ctl00_backgroundOverlay
WaitForElementToDisappear: Given Locator did not appear after 10 seconds - but ok - locator id: By.CssSelector: #ctl00_backgroundOverlay
Timed out waiting for element to be visible with locator: By.LinkText: Sign Out
Timed out waiting for element to be visible with locator: By.LinkText: Sign Out
VerifyCreatedAccount: sign out link is not visible
CreateNordAccount: Exception occured when creating new account: exception = 'Assert.IsTrue failed. Verify a new account has been created successfully with email '20160309-113805-043''
</DebugTrace>
        <ErrorInfo>
          <Message>Assert.Inconclusive failed. Could not create a store user so we can stop here.</Message>
          <StackTrace>   at Nordstrom.Web.Test.UI.LoyaltyWeb.Tests.LoyaltyAssociationTests.TenderNeutralAssociation_ClickOnLinksAndLogosRedirectedToCorresponingPageForAuthenticatedUser() in c:\Ecommerce\Web\Test\UI\LoyaltyWeb\LoyaltyWebTest\LoyaltyWebTest\Tests\LoyaltyAssociationTests.cs:line 448
</StackTrace>
        </ErrorInfo>
      </Output>
    </UnitTestResult>
    <UnitTestResult executionId="cc91e7de-58e0-474c-ba80-bdd52b9ccc44" testId="0f16a984-42ea-bdc5-cb74-28babf045917" testName="TenderNeutralAssociation_EnrolledCustomerComesToAssociationPageUsingDifferentPhoneNumber_ShouldGetErrorMessage" computerName="U00979650" duration="00:00:17.0811505" startTime="2016-03-09T11:38:48.2591408-08:00" endTime="2016-03-09T11:39:05.3481196-08:00" testType="13cdc9d9-ddb5-4fa4-a97d-d965ccfc6d4b" outcome="Inconclusive" testListId="8c84fa94-04c1-424b-9868-57a2d4851a1d" relativeResultsDirectory="cc91e7de-58e0-474c-ba80-bdd52b9ccc44">
      <Output>
        <ErrorInfo>
          <Message>Assert.Inconclusive failed. Could not create a store user so we can stop here.</Message>
          <StackTrace>   at Nordstrom.Web.Test.UI.LoyaltyWeb.Tests.LoyaltyAssociationTests.TenderNeutralAssociation_EnrolledCustomerComesToAssociationPageUsingDifferentPhoneNumber_ShouldGetErrorMessage() in c:\Ecommerce\Web\Test\UI\LoyaltyWeb\LoyaltyWebTest\LoyaltyWebTest\Tests\LoyaltyAssociationTests.cs:line 278
</StackTrace>
        </ErrorInfo>
      </Output>
    </UnitTestResult>
    <UnitTestResult executionId="2074a1a7-9856-446c-94cc-d5fa822a0596" testId="dd8e2eb9-9040-a3cb-43c3-86db586eae89" testName="TenderNeutralAssociation_ExistingLoyaltyCustomerComesToAssociationPageUsingDifferentWebAccount_ShouldGetErrorMessage" computerName="U00979650" duration="00:00:17.2798784" startTime="2016-03-09T11:39:05.3481196-08:00" endTime="2016-03-09T11:39:22.6198539-08:00" testType="13cdc9d9-ddb5-4fa4-a97d-d965ccfc6d4b" outcome="Inconclusive" testListId="8c84fa94-04c1-424b-9868-57a2d4851a1d" relativeResultsDirectory="2074a1a7-9856-446c-94cc-d5fa822a0596">
      <Output>
        <ErrorInfo>
          <Message>Assert.Inconclusive failed. Could not create a store user so we can stop here.</Message>
          <StackTrace>   at Nordstrom.Web.Test.UI.LoyaltyWeb.Tests.LoyaltyAssociationTests.TenderNeutralAssociation_ExistingLoyaltyCustomerComesToAssociationPageUsingDifferentWebAccount_ShouldGetErrorMessage() in c:\Ecommerce\Web\Test\UI\LoyaltyWeb\LoyaltyWebTest\LoyaltyWebTest\Tests\LoyaltyAssociationTests.cs:line 253
</StackTrace>
        </ErrorInfo>
      </Output>
    </UnitTestResult>
    <UnitTestResult executionId="362b2669-4d73-4797-a9de-8525f668400b" testId="7ac6d4c1-2d4b-da5b-5657-f841ff3fdc9c" testName="TenderNeutralAssociation_GuestUserEnrolledInLoyatyProgramFromServiceCenterGotoAssociationPage_ShouldSucceed" computerName="U00979650" duration="00:00:16.7020791" startTime="2016-03-09T11:39:22.6198539-08:00" endTime="2016-03-09T11:39:39.3319264-08:00" testType="13cdc9d9-ddb5-4fa4-a97d-d965ccfc6d4b" outcome="Inconclusive" testListId="8c84fa94-04c1-424b-9868-57a2d4851a1d" relativeResultsDirectory="362b2669-4d73-4797-a9de-8525f668400b">
      <Output>
        <DebugTrace>Exception: The remote server returned an error: (400) Bad Request.Service center could not create an enrolled loyalty customer successfully.</DebugTrace>
        <ErrorInfo>
          <Message>Assert.Inconclusive failed. Could not create a service center enrolled user so we can stop here.</Message>
          <StackTrace>   at Nordstrom.Web.Test.UI.LoyaltyWeb.Tests.LoyaltyAssociationTests.TenderNeutralAssociation_GuestUserEnrolledInLoyatyProgramFromServiceCenterGotoAssociationPage_ShouldSucceed() in c:\Ecommerce\Web\Test\UI\LoyaltyWeb\LoyaltyWebTest\LoyaltyWebTest\Tests\LoyaltyAssociationTests.cs:line 78
</StackTrace>
        </ErrorInfo>
      </Output>
    </UnitTestResult>
    <UnitTestResult executionId="0e253248-3196-4284-aa94-29bbf1048294" testId="26a0be8d-3448-cc9f-f046-3109a80b8c53" testName="TenderNeutralAssociation_MigratedAuthenticatedLoyatyUser_ShouldSeeErrorMessage" computerName="U00979650" duration="00:00:59.4805268" startTime="2016-03-09T11:39:39.3319264-08:00" endTime="2016-03-09T11:40:38.8169032-08:00" testType="13cdc9d9-ddb5-4fa4-a97d-d965ccfc6d4b" outcome="Inconclusive" testListId="8c84fa94-04c1-424b-9868-57a2d4851a1d" relativeResultsDirectory="0e253248-3196-4284-aa94-29bbf1048294">
      <Output>
        <DebugTrace>Page loaded succesfully with URL = https://tsecure.dev.nordstrom.com/signIn.aspx
Page loaded succesfully with URL = https://tsecure.dev.nordstrom.com/signIn.aspx
Page loaded succesfully with URL = https://tsecure.dev.nordstrom.com/signIn.aspx
Page loaded succesfully with URL = https://tsecure.dev.nordstrom.com/signIn.aspx
Timed out waiting for element to be visible with locator: By.CssSelector: #ctl00_backgroundOverlay
WaitForElementToDisappear: Given Locator did not appear after 10 seconds - but ok - locator id: By.CssSelector: #ctl00_backgroundOverlay
Timed out waiting for element to be visible with locator: By.LinkText: Sign Out
Timed out waiting for element to be visible with locator: By.LinkText: Sign Out
VerifyCreatedAccount: sign out link is not visible
CreateNordAccount: Exception occured when creating new account: exception = 'Assert.IsTrue failed. Verify a new account has been created successfully with email '20160309-113952-582201603090939loyaltyuser@test.com''
Exception: The underlying connection was closed: A connection that was expected to be kept alive was closed by the server.Service center could not create an enrolled loyalty customer successfully.</DebugTrace>
        <ErrorInfo>
          <Message>Assert.Inconclusive failed. Could not create a service center user so we can stop here.</Message>
          <StackTrace>   at Nordstrom.Web.Test.UI.LoyaltyWeb.Tests.LoyaltyAssociationTests.TenderNeutralAssociation_MigratedAuthenticatedLoyatyUser_ShouldSeeErrorMessage() in c:\Ecommerce\Web\Test\UI\LoyaltyWeb\LoyaltyWebTest\LoyaltyWebTest\Tests\LoyaltyAssociationTests.cs:line 531
</StackTrace>
        </ErrorInfo>
      </Output>
    </UnitTestResult>
    <UnitTestResult executionId="26c6b9a1-20c1-4f45-87a8-6e92efe7cec6" testId="0ec0595a-ed09-d8b1-2419-ec5d905e6185" testName="TenderNeutralAssociation_MigratedGuestLoyatyUser_ShouldSeeErrorMessage" computerName="U00979650" duration="00:00:17.7311261" startTime="2016-03-09T11:40:38.8169032-08:00" endTime="2016-03-09T11:40:56.5489390-08:00" testType="13cdc9d9-ddb5-4fa4-a97d-d965ccfc6d4b" outcome="Inconclusive" testListId="8c84fa94-04c1-424b-9868-57a2d4851a1d" relativeResultsDirectory="26c6b9a1-20c1-4f45-87a8-6e92efe7cec6">
      <Output>
        <ErrorInfo>
          <Message>Assert.Inconclusive failed. Could not create a store user so we can stop here.</Message>
          <StackTrace>   at Nordstrom.Web.Test.UI.LoyaltyWeb.Tests.LoyaltyAssociationTests.TenderNeutralAssociation_MigratedGuestLoyatyUser_ShouldSeeErrorMessage() in c:\Ecommerce\Web\Test\UI\LoyaltyWeb\LoyaltyWebTest\LoyaltyWebTest\Tests\LoyaltyAssociationTests.cs:line 481
</StackTrace>
        </ErrorInfo>
      </Output>
    </UnitTestResult>
    <UnitTestResult executionId="29ad59ad-921b-4b02-ab39-efeb984d3385" testId="3bbf2bb7-a19a-4c71-f847-eefde8af1036" testName="TenderNeutralAssociation_MigratedRecognizedLoyatyUser_ShouldSeeErrorMessage" computerName="U00979650" duration="00:00:15.9957614" startTime="2016-03-09T11:40:56.5489390-08:00" endTime="2016-03-09T11:41:12.5548679-08:00" testType="13cdc9d9-ddb5-4fa4-a97d-d965ccfc6d4b" outcome="Inconclusive" testListId="8c84fa94-04c1-424b-9868-57a2d4851a1d" relativeResultsDirectory="29ad59ad-921b-4b02-ab39-efeb984d3385">
      <Output>
        <ErrorInfo>
          <Message>Assert.Inconclusive failed. Could not create a store user so we can stop here.</Message>
          <StackTrace>   at Nordstrom.Web.Test.UI.LoyaltyWeb.Tests.LoyaltyAssociationTests.TenderNeutralAssociation_MigratedRecognizedLoyatyUser_ShouldSeeErrorMessage() in c:\Ecommerce\Web\Test\UI\LoyaltyWeb\LoyaltyWebTest\LoyaltyWebTest\Tests\LoyaltyAssociationTests.cs:line 506
</StackTrace>
        </ErrorInfo>
      </Output>
    </UnitTestResult>
    <UnitTestResult executionId="3f821a55-ec1e-49a0-aac7-473a31855802" testId="ce370d25-fe18-623b-a5cd-11d58258d83f" testName="TenderNeutralAssociation_PageContentShouldBeloadedSuccessfully" computerName="U00979650" duration="00:00:23.3185177" startTime="2016-03-09T11:41:12.5548679-08:00" endTime="2016-03-09T11:41:35.8750245-08:00" testType="13cdc9d9-ddb5-4fa4-a97d-d965ccfc6d4b" outcome="Passed" testListId="8c84fa94-04c1-424b-9868-57a2d4851a1d" relativeResultsDirectory="3f821a55-ec1e-49a0-aac7-473a31855802">
      <Output>
        <DebugTrace>Page loaded succesfully with URL = https://tsecure.dev.nordstrom.com/Rewards/add-rewards-number
Element Not found with the given locator (By.Id: skip-nav)
Element not found with given locator By.Id: skip-nav
Page loaded succesfully with URL = https://tsecure.dev.nordstrom.com/Rewards/add-rewards-number
</DebugTrace>
      </Output>
    </UnitTestResult>
    <UnitTestResult executionId="59e32049-2583-40bc-9ba4-66ba676e0bb4" testId="6d4034ae-8847-5a7a-3028-12d36d474190" testName="TenderNeutralAssociation_RecognizedUserEnrolledFromStoreGoToWebAssociationPage_ShouldSucceed" computerName="U00979650" duration="00:00:55.7317776" startTime="2016-03-09T11:41:35.8750245-08:00" endTime="2016-03-09T11:42:31.6155212-08:00" testType="13cdc9d9-ddb5-4fa4-a97d-d965ccfc6d4b" outcome="Inconclusive" testListId="8c84fa94-04c1-424b-9868-57a2d4851a1d" relativeResultsDirectory="59e32049-2583-40bc-9ba4-66ba676e0bb4">
      <Output>
        <DebugTrace>Page loaded succesfully with URL = https://tsecure.dev.nordstrom.com/signIn.aspx
Page loaded succesfully with URL = https://tsecure.dev.nordstrom.com/signIn.aspx
Page loaded succesfully with URL = https://tsecure.dev.nordstrom.com/signIn.aspx
Page loaded succesfully with URL = https://tsecure.dev.nordstrom.com/signIn.aspx
Timed out waiting for element to be visible with locator: By.CssSelector: #ctl00_backgroundOverlay
WaitForElementToDisappear: Given Locator did not appear after 10 seconds - but ok - locator id: By.CssSelector: #ctl00_backgroundOverlay
Timed out waiting for element to be visible with locator: By.LinkText: Sign Out
Timed out waiting for element to be visible with locator: By.LinkText: Sign Out
VerifyCreatedAccount: sign out link is not visible
CreateNordAccount: Exception occured when creating new account: exception = 'Assert.IsTrue failed. Verify a new account has been created successfully with email '20160309-114147-547574y114odr3mxcdy''
</DebugTrace>
        <ErrorInfo>
          <Message>Assert.Inconclusive failed. Could not create a store user so we can stop here.</Message>
          <StackTrace>   at Nordstrom.Web.Test.UI.LoyaltyWeb.Tests.LoyaltyAssociationTests.TenderNeutralAssociation_RecognizedUserEnrolledFromStoreGoToWebAssociationPage_ShouldSucceed() in c:\Ecommerce\Web\Test\UI\LoyaltyWeb\LoyaltyWebTest\LoyaltyWebTest\Tests\LoyaltyAssociationTests.cs:line 142
</StackTrace>
        </ErrorInfo>
      </Output>
    </UnitTestResult>
    <UnitTestResult executionId="e3e067e7-5c09-406c-b957-51012b0e22a0" testId="27f3ca3a-fe37-e245-4f3b-a0a1a217b934" testName="TenderNeutralAssociation_RecognizedUserEnrolledinLoyaltyFromServiceCenterToToWebAssociationPage_ShouldSucceed" computerName="U00979650" duration="00:00:54.8391391" startTime="2016-03-09T11:42:31.6155212-08:00" endTime="2016-03-09T11:43:26.4610268-08:00" testType="13cdc9d9-ddb5-4fa4-a97d-d965ccfc6d4b" outcome="Inconclusive" testListId="8c84fa94-04c1-424b-9868-57a2d4851a1d" relativeResultsDirectory="e3e067e7-5c09-406c-b957-51012b0e22a0">
      <Output>
        <DebugTrace>Page loaded succesfully with URL = https://tsecure.dev.nordstrom.com/signIn.aspx
Page loaded succesfully with URL = https://tsecure.dev.nordstrom.com/signIn.aspx
Page loaded succesfully with URL = https://tsecure.dev.nordstrom.com/signIn.aspx
Page loaded succesfully with URL = https://tsecure.dev.nordstrom.com/signIn.aspx
Timed out waiting for element to be visible with locator: By.CssSelector: #ctl00_backgroundOverlay
WaitForElementToDisappear: Given Locator did not appear after 10 seconds - but ok - locator id: By.CssSelector: #ctl00_backgroundOverlay
Timed out waiting for element to be visible with locator: By.LinkText: Sign Out
Timed out waiting for element to be visible with locator: By.LinkText: Sign Out
VerifyCreatedAccount: sign out link is not visible
CreateNordAccount: Exception occured when creating new account: exception = 'Assert.IsTrue failed. Verify a new account has been created successfully with email '20160309-114241-758''
Exception: The remote server returned an error: (400) Bad Request.Service center could not create an enrolled loyalty customer successfully.</DebugTrace>
        <ErrorInfo>
          <Message>Assert.Inconclusive failed. Could not create a store user so we can stop here.</Message>
          <StackTrace>   at Nordstrom.Web.Test.UI.LoyaltyWeb.Tests.LoyaltyAssociationTests.TenderNeutralAssociation_RecognizedUserEnrolledinLoyaltyFromServiceCenterToToWebAssociationPage_ShouldSucceed() in c:\Ecommerce\Web\Test\UI\LoyaltyWeb\LoyaltyWebTest\LoyaltyWebTest\Tests\LoyaltyAssociationTests.cs:line 164
</StackTrace>
        </ErrorInfo>
      </Output>
    </UnitTestResult>
    <UnitTestResult executionId="bed6a5ff-c84b-4fe0-a1e0-145dfdb3bf7c" testId="121b0646-0f45-6775-4045-6a82555ce964" testName="TenderNeutralAssociation_WebAccountAssociationFromStoreCustomer_ShouldSucceed" computerName="U00979650" duration="00:00:18.4328644" startTime="2016-03-09T11:43:26.4610268-08:00" endTime="2016-03-09T11:43:44.8918332-08:00" testType="13cdc9d9-ddb5-4fa4-a97d-d965ccfc6d4b" outcome="Inconclusive" testListId="8c84fa94-04c1-424b-9868-57a2d4851a1d" relativeResultsDirectory="bed6a5ff-c84b-4fe0-a1e0-145dfdb3bf7c">
      <Output>
        <ErrorInfo>
          <Message>Assert.Inconclusive failed. Could not create a store user so we can stop here.</Message>
          <StackTrace>   at Nordstrom.Web.Test.UI.LoyaltyWeb.Tests.LoyaltyAssociationTests.TenderNeutralAssociation_WebAccountAssociationFromStoreCustomer_ShouldSucceed() in c:\Ecommerce\Web\Test\UI\LoyaltyWeb\LoyaltyWebTest\LoyaltyWebTest\Tests\LoyaltyAssociationTests.cs:line 57
</StackTrace>
        </ErrorInfo>
      </Output>
    </UnitTestResult>
    <UnitTestResult executionId="04b5916d-263c-436b-8b99-a84920058166" testId="362454c8-a200-0615-b79c-176c62c6b4a9" testName="TenderNeutralAssociation_WebAssociatedEnrolledCustomerComesToAssociationPageAsRegisteredUser_ShouldGetYouAreSetMessage" computerName="U00979650" duration="00:00:56.6491865" startTime="2016-03-09T11:43:44.8918332-08:00" endTime="2016-03-09T11:44:41.5499218-08:00" testType="13cdc9d9-ddb5-4fa4-a97d-d965ccfc6d4b" outcome="Failed" testListId="8c84fa94-04c1-424b-9868-57a2d4851a1d" relativeResultsDirectory="04b5916d-263c-436b-8b99-a84920058166">
      <Output>
        <DebugTrace>Page loaded succesfully with URL = https://tsecure.dev.nordstrom.com/Rewards/join.aspx
Page loaded succesfully with URL = https://tsecure.dev.nordstrom.com/Rewards/join.aspx
Timed out waiting for element to be visible with locator: By.Id: ctl00_backgroundOverlayProgress
Page loaded succesfully with URL = https://tsecure.dev.nordstrom.com/Rewards/join.aspx
Page loaded succesfully with URL = https://tsecure.dev.nordstrom.com/Rewards/join.aspx
Timed out waiting for element to be visible with locator: By.Id: ctl00_mainContentPlaceHolder_btnVerify
</DebugTrace>
        <ErrorInfo>
          <Message>Test method Nordstrom.Web.Test.UI.LoyaltyWeb.Tests.LoyaltyAssociationTests.TenderNeutralAssociation_WebAssociatedEnrolledCustomerComesToAssociationPageAsRegisteredUser_ShouldGetYouAreSetMessage threw exception: 
System.NullReferenceException: Object reference not set to an instance of an object.</Message>
          <StackTrace>    at Nordstrom.Web.Test.UI.LoyaltyWeb.Helpers.APIHelperExtensions.CallCivsApiToGetAValidCode(String phoneNumber) in c:\Ecommerce\Web\Test\UI\LoyaltyWeb\LoyaltyWebTest\LoyaltyWebTest\Helpers\APIHelperExensions.cs:line 286
   at Nordstrom.Web.Test.UI.LoyaltyWeb.Tests.LoyaltyAssociationTests.TenderNeutralAssociation_WebAssociatedEnrolledCustomerComesToAssociationPageAsRegisteredUser_ShouldGetYouAreSetMessage() in c:\Ecommerce\Web\Test\UI\LoyaltyWeb\LoyaltyWebTest\LoyaltyWebTest\Tests\LoyaltyAssociationTests.cs:line 350
</StackTrace>
        </ErrorInfo>
      </Output>
    </UnitTestResult>
    <UnitTestResult executionId="860e31e4-4a95-414f-a0fc-592598d3d04b" testId="dc9c8778-9740-9954-1ba8-7258cb77325a" testName="TenderNeutralAssociation_WebAssociatedEnrollMemberTryToAssociateAgain_ShouldGetRightMessage" computerName="U00979650" duration="00:00:50.2514472" startTime="2016-03-09T11:44:41.5499218-08:00" endTime="2016-03-09T11:45:31.8027711-08:00" testType="13cdc9d9-ddb5-4fa4-a97d-d965ccfc6d4b" outcome="Failed" testListId="8c84fa94-04c1-424b-9868-57a2d4851a1d" relativeResultsDirectory="860e31e4-4a95-414f-a0fc-592598d3d04b">
      <Output>
        <DebugTrace>Page loaded succesfully with URL = https://tsecure.dev.nordstrom.com/Rewards/join.aspx
Page loaded succesfully with URL = https://tsecure.dev.nordstrom.com/Rewards/join.aspx
Timed out waiting for element to be visible with locator: By.Id: ctl00_backgroundOverlayProgress
Page loaded succesfully with URL = https://tsecure.dev.nordstrom.com/Rewards/join.aspx
Page loaded succesfully with URL = https://tsecure.dev.nordstrom.com/Rewards/join.aspx
Timed out waiting for element to be visible with locator: By.Id: ctl00_mainContentPlaceHolder_btnVerify
</DebugTrace>
        <ErrorInfo>
          <Message>Test method Nordstrom.Web.Test.UI.LoyaltyWeb.Tests.LoyaltyAssociationTests.TenderNeutralAssociation_WebAssociatedEnrollMemberTryToAssociateAgain_ShouldGetRightMessage threw exception: 
System.NullReferenceException: Object reference not set to an instance of an object.</Message>
          <StackTrace>    at Nordstrom.Web.Test.UI.LoyaltyWeb.Helpers.APIHelperExtensions.CallCivsApiToGetAValidCode(String phoneNumber) in c:\Ecommerce\Web\Test\UI\LoyaltyWeb\LoyaltyWebTest\LoyaltyWebTest\Helpers\APIHelperExensions.cs:line 286
   at Nordstrom.Web.Test.UI.LoyaltyWeb.Tests.LoyaltyAssociationTests.TenderNeutralAssociation_WebAssociatedEnrollMemberTryToAssociateAgain_ShouldGetRightMessage() in c:\Ecommerce\Web\Test\UI\LoyaltyWeb\LoyaltyWebTest\LoyaltyWebTest\Tests\LoyaltyAssociationTests.cs:line 313
</StackTrace>
        </ErrorInfo>
      </Output>
    </UnitTestResult>
    <UnitTestResult executionId="7f4c2bae-4e47-4ada-9ba9-02b1a85b8624" testId="f2fa7c18-835c-4dbb-8e35-b0961c4ab56f" testName="TenderNeutralAssociationPage_TenderNeutralAssociationFeatureFlagOff_UserRedirectedToHomePage" computerName="U00979650" duration="00:01:10.1100861" startTime="2016-03-09T11:45:31.8027711-08:00" endTime="2016-03-09T11:46:41.9226291-08:00" testType="13cdc9d9-ddb5-4fa4-a97d-d965ccfc6d4b" outcome="Passed" testListId="8c84fa94-04c1-424b-9868-57a2d4851a1d" relativeResultsDirectory="7f4c2bae-4e47-4ada-9ba9-02b1a85b8624">
      <Output>
        <DebugTrace>Page loaded succesfully with URL = http://tshop.dev.nordstrom.com/
Element Not found with the given locator (By.Id: skip-nav)
Element not found with given locator By.Id: skip-nav
Page loaded succesfully with URL = http://tshop.dev.nordstrom.com/
</DebugTrace>
      </Output>
    </UnitTestResult>
    <UnitTestResult executionId="811dec56-4109-4bda-9fcf-88a35bd2f7c3" testId="ab610072-1281-04a1-51c0-1e483cf3fcf7" testName="LoyaltyLearnPage_ClickAlterationsLinkOnLearnPage_NavigatesToBenifitsPageSucessfully" computerName="U00979650" duration="00:00:38.9819784" startTime="2016-03-09T11:46:41.9226291-08:00" endTime="2016-03-09T11:47:20.9081039-08:00" testType="13cdc9d9-ddb5-4fa4-a97d-d965ccfc6d4b" outcome="Failed" testListId="8c84fa94-04c1-424b-9868-57a2d4851a1d" relativeResultsDirectory="811dec56-4109-4bda-9fcf-88a35bd2f7c3">
      <Output>
        <DebugTrace>Page loaded succesfully with URL = http://ui.sit.loyaltyweb.aws.api.dev.nordstrom.com/rewards/
Page loaded succesfully with URL = http://ui.sit.loyaltyweb.aws.api.dev.nordstrom.com/rewards/
Page loaded succesfully with URL = http://ui.sit.loyaltyweb.aws.api.dev.nordstrom.com/rewards/
Page loaded succesfully with URL = http://ui.sit.loyaltyweb.aws.api.dev.nordstrom.com/rewards/
Timed out waiting for element to be visible with locator: By.LinkText: a[class*='primary nui-button']
Timed out waiting for element to be visible with locator: By.CssSelector: div[class='earn-faster-column']&gt;ul&gt;li:nth-child(4)&gt;a
Element Not found with the given locator (By.CssSelector: div[class='earn-faster-column']&gt;ul&gt;li:nth-child(4)&gt;a)
Element not found with given locator By.CssSelector: div[class='earn-faster-column']&gt;ul&gt;li:nth-child(4)&gt;a
Page loaded succesfully with URL = http://ui.sit.loyaltyweb.aws.api.dev.nordstrom.com/rewards/
</DebugTrace>
        <ErrorInfo>
          <Message>Assert.AreEqual failed. Expected:&lt;http://ui.sit.loyaltyweb.aws.api.dev.nordstrom.com/rewards/&gt;. Actual:&lt;http://tshop.dev.nordstrom.com/c/rewards-benefits&gt;. Clicking on Alterations link is not navigated to relevant page successfully</Message>
          <StackTrace>   at Nordstrom.Web.Test.UI.LoyaltyWeb.Tests.LoyaltyLearnTests.LoyaltyLearnPage_ClickAlterationsLinkOnLearnPage_NavigatesToBenifitsPageSucessfully() in c:\Ecommerce\Web\Test\UI\LoyaltyWeb\LoyaltyWebTest\LoyaltyWebTest\Tests\LoyaltyLearnTests.cs:line 97
</StackTrace>
        </ErrorInfo>
      </Output>
    </UnitTestResult>
    <UnitTestResult executionId="d09ce06d-1dcc-40e9-87b5-c1d1f227a01c" testId="78b55763-e768-9c39-338e-09c0ac5518ad" testName="LoyaltyLearnPage_ClickAnniversarySaleEarlyAccessLink_RedirectToRelevantPageSuccessfully" computerName="U00979650" duration="00:00:23.9058256" startTime="2016-03-09T11:47:20.9081039-08:00" endTime="2016-03-09T11:47:44.8190860-08:00" testType="13cdc9d9-ddb5-4fa4-a97d-d965ccfc6d4b" outcome="Failed" testListId="8c84fa94-04c1-424b-9868-57a2d4851a1d" relativeResultsDirectory="d09ce06d-1dcc-40e9-87b5-c1d1f227a01c">
      <Output>
        <DebugTrace>Unexpected error. System.Net.WebException: Unable to connect to the remote server ---&gt; System.Net.Sockets.SocketException: No connection could be made because the target machine actively refused it 127.0.0.1:60988
   at System.Net.Sockets.Socket.DoConnect(EndPoint endPointSnapshot, SocketAddress socketAddress)
   at System.Net.ServicePoint.ConnectSocketInternal(Boolean connectFailure, Socket s4, Socket s6, Socket&amp; socket, IPAddress&amp; address, ConnectSocketState state, IAsyncResult asyncResult, Exception&amp; exception)
   --- End of inner exception stack trace ---
   at System.Net.HttpWebRequest.GetRequestStream(TransportContext&amp; context)
   at System.Net.HttpWebRequest.GetRequestStream()
   at OpenQA.Selenium.Remote.HttpCommandExecutor.Execute(Command commandToExecute)
   at OpenQA.Selenium.Remote.DriverServiceCommandExecutor.Execute(Command commandToExecute)
   at OpenQA.Selenium.Remote.RemoteWebDriver.Execute(String driverCommandToExecute, Dictionary`2 parameters)
</DebugTrace>
        <ErrorInfo>
          <Message>Test method Nordstrom.Web.Test.UI.LoyaltyWeb.Tests.LoyaltyLearnTests.LoyaltyLearnPage_ClickAnniversarySaleEarlyAccessLink_RedirectToRelevantPageSuccessfully threw exception: 
OpenQA.Selenium.WebDriverException: A exception with a null response was thrown sending an HTTP request to the remote WebDriver server for URL http://localhost:60988/session//url. The status of the exception was ConnectFailure, and the message was: Unable to connect to the remote server ---&gt; System.Net.WebException: Unable to connect to the remote server ---&gt; System.Net.Sockets.SocketException: No connection could be made because the target machine actively refused it 127.0.0.1:60988</Message>
          <StackTrace>    at System.Net.Sockets.Socket.DoConnect(EndPoint endPointSnapshot, SocketAddress socketAddress)
   at System.Net.ServicePoint.ConnectSocketInternal(Boolean connectFailure, Socket s4, Socket s6, Socket&amp; socket, IPAddress&amp; address, ConnectSocketState state, IAsyncResult asyncResult, Exception&amp; exception)
 --- End of inner exception stack trace ---
    at System.Net.HttpWebRequest.GetResponse()
   at OpenQA.Selenium.Remote.HttpCommandExecutor.CreateResponse(WebRequest request)
 --- End of inner exception stack trace ---
    at OpenQA.Selenium.Remote.HttpCommandExecutor.CreateResponse(WebRequest request)
   at OpenQA.Selenium.Remote.HttpCommandExecutor.Execute(Command commandToExecute)
   at OpenQA.Selenium.Remote.DriverServiceCommandExecutor.Execute(Command commandToExecute)
   at OpenQA.Selenium.Remote.RemoteWebDriver.Execute(String driverCommandToExecute, Dictionary`2 parameters)
   at OpenQA.Selenium.Remote.RemoteWebDriver.get_Url()
   at Nordstrom.Web.Test.UI.Common.PageObjects.PageObjectBase.get_Url() in c:\Ecommerce\Web\Test\UI\Common\PageObjects\PageObjectBase.cs:line 129
   at Nordstrom.Web.Test.UI.Common.PageObjects.PageObjectBase.EvaluateLoadedStatus() in c:\Ecommerce\Web\Test\UI\Common\PageObjects\PageObjectBase.cs:line 114
   at Nordstrom.Web.Test.UI.Common.PageObjects.PageObjectBase.WaitForPageReadyState() in c:\Ecommerce\Web\Test\UI\Common\PageObjects\PageObjectBase.cs:line 166
   at Nordstrom.Web.Test.UI.Common.PageObjects.PageObjectBase.GoToUrl(String url) in c:\Ecommerce\Web\Test\UI\Common\PageObjects\PageObjectBase.cs:line 158
   at Nordstrom.Web.Test.UI.Common.PageObjects.LoyaltyLearnPage.GoToLoyaltyLearnPage() in c:\Ecommerce\Web\Test\UI\Common\PageObjects\LoyaltyLearnPage.cs:line 70
   at Nordstrom.Web.Test.UI.LoyaltyWeb.Tests.LoyaltyLearnTests.LoyaltyLearnPage_ClickAnniversarySaleEarlyAccessLink_RedirectToRelevantPageSuccessfully() in c:\Ecommerce\Web\Test\UI\LoyaltyWeb\LoyaltyWebTest\LoyaltyWebTest\Tests\LoyaltyLearnTests.cs:line 36
</StackTrace>
        </ErrorInfo>
      </Output>
    </UnitTestResult>
    <UnitTestResult executionId="6f983ba6-f999-4f7c-8f3c-157c6a03d0a8" testId="eb2347e3-db41-69e3-9409-7bcf4239f39e" testName="LoyaltyLearnPage_ClickExclusiveBenefitsOnLearnPage_NavigatesToBenifitsPage" computerName="U00979650" duration="00:00:22.3426316" startTime="2016-03-09T11:47:44.8190860-08:00" endTime="2016-03-09T11:48:07.1601739-08:00" testType="13cdc9d9-ddb5-4fa4-a97d-d965ccfc6d4b" outcome="Failed" testListId="8c84fa94-04c1-424b-9868-57a2d4851a1d" relativeResultsDirectory="6f983ba6-f999-4f7c-8f3c-157c6a03d0a8">
      <Output>
        <DebugTrace>Unexpected error. System.Net.WebException: Unable to connect to the remote server ---&gt; System.Net.Sockets.SocketException: No connection could be made because the target machine actively refused it 127.0.0.1:60988
   at System.Net.Sockets.Socket.DoConnect(EndPoint endPointSnapshot, SocketAddress socketAddress)
   at System.Net.ServicePoint.ConnectSocketInternal(Boolean connectFailure, Socket s4, Socket s6, Socket&amp; socket, IPAddress&amp; address, ConnectSocketState state, IAsyncResult asyncResult, Exception&amp; exception)
   --- End of inner exception stack trace ---
   at System.Net.HttpWebRequest.GetRequestStream(TransportContext&amp; context)
   at System.Net.HttpWebRequest.GetRequestStream()
   at OpenQA.Selenium.Remote.HttpCommandExecutor.Execute(Command commandToExecute)
   at OpenQA.Selenium.Remote.DriverServiceCommandExecutor.Execute(Command commandToExecute)
   at OpenQA.Selenium.Remote.RemoteWebDriver.Execute(String driverCommandToExecute, Dictionary`2 parameters)
</DebugTrace>
        <ErrorInfo>
          <Message>Test method Nordstrom.Web.Test.UI.LoyaltyWeb.Tests.LoyaltyLearnTests.LoyaltyLearnPage_ClickExclusiveBenefitsOnLearnPage_NavigatesToBenifitsPage threw exception: 
OpenQA.Selenium.WebDriverException: A exception with a null response was thrown sending an HTTP request to the remote WebDriver server for URL http://localhost:60988/session//url. The status of the exception was ConnectFailure, and the message was: Unable to connect to the remote server ---&gt; System.Net.WebException: Unable to connect to the remote server ---&gt; System.Net.Sockets.SocketException: No connection could be made because the target machine actively refused it 127.0.0.1:60988</Message>
          <StackTrace>    at System.Net.Sockets.Socket.DoConnect(EndPoint endPointSnapshot, SocketAddress socketAddress)
   at System.Net.ServicePoint.ConnectSocketInternal(Boolean connectFailure, Socket s4, Socket s6, Socket&amp; socket, IPAddress&amp; address, ConnectSocketState state, IAsyncResult asyncResult, Exception&amp; exception)
 --- End of inner exception stack trace ---
    at System.Net.HttpWebRequest.GetResponse()
   at OpenQA.Selenium.Remote.HttpCommandExecutor.CreateResponse(WebRequest request)
 --- End of inner exception stack trace ---
    at OpenQA.Selenium.Remote.HttpCommandExecutor.CreateResponse(WebRequest request)
   at OpenQA.Selenium.Remote.HttpCommandExecutor.Execute(Command commandToExecute)
   at OpenQA.Selenium.Remote.DriverServiceCommandExecutor.Execute(Command commandToExecute)
   at OpenQA.Selenium.Remote.RemoteWebDriver.Execute(String driverCommandToExecute, Dictionary`2 parameters)
   at OpenQA.Selenium.Remote.RemoteWebDriver.get_Url()
   at Nordstrom.Web.Test.UI.Common.PageObjects.PageObjectBase.get_Url() in c:\Ecommerce\Web\Test\UI\Common\PageObjects\PageObjectBase.cs:line 129
   at Nordstrom.Web.Test.UI.Common.PageObjects.PageObjectBase.EvaluateLoadedStatus() in c:\Ecommerce\Web\Test\UI\Common\PageObjects\PageObjectBase.cs:line 114
   at Nordstrom.Web.Test.UI.Common.PageObjects.PageObjectBase.WaitForPageReadyState() in c:\Ecommerce\Web\Test\UI\Common\PageObjects\PageObjectBase.cs:line 166
   at Nordstrom.Web.Test.UI.Common.PageObjects.PageObjectBase.GoToUrl(String url) in c:\Ecommerce\Web\Test\UI\Common\PageObjects\PageObjectBase.cs:line 158
   at Nordstrom.Web.Test.UI.Common.PageObjects.LoyaltyLearnPage.GoToLoyaltyLearnPage() in c:\Ecommerce\Web\Test\UI\Common\PageObjects\LoyaltyLearnPage.cs:line 70
   at Nordstrom.Web.Test.UI.LoyaltyWeb.Tests.LoyaltyLearnTests.LoyaltyLearnPage_ClickExclusiveBenefitsOnLearnPage_NavigatesToBenifitsPage() in c:\Ecommerce\Web\Test\UI\LoyaltyWeb\LoyaltyWebTest\LoyaltyWebTest\Tests\LoyaltyLearnTests.cs:line 118
</StackTrace>
        </ErrorInfo>
      </Output>
    </UnitTestResult>
    <UnitTestResult executionId="177e6485-bf61-470b-b6a0-9ae63870eee4" testId="3f6c5ba7-383a-e523-bfeb-582429459e86" testName="LoyaltyLearnPage_ClickGiveUsFeedbackLink_NavigatesToRelevantPageSuccessfully" computerName="U00979650" duration="00:00:21.6348402" startTime="2016-03-09T11:48:07.1601739-08:00" endTime="2016-03-09T11:48:28.7974907-08:00" testType="13cdc9d9-ddb5-4fa4-a97d-d965ccfc6d4b" outcome="Failed" testListId="8c84fa94-04c1-424b-9868-57a2d4851a1d" relativeResultsDirectory="177e6485-bf61-470b-b6a0-9ae63870eee4">
      <Output>
        <DebugTrace>Unexpected error. System.Net.WebException: Unable to connect to the remote server ---&gt; System.Net.Sockets.SocketException: No connection could be made because the target machine actively refused it 127.0.0.1:60988
   at System.Net.Sockets.Socket.DoConnect(EndPoint endPointSnapshot, SocketAddress socketAddress)
   at System.Net.ServicePoint.ConnectSocketInternal(Boolean connectFailure, Socket s4, Socket s6, Socket&amp; socket, IPAddress&amp; address, ConnectSocketState state, IAsyncResult asyncResult, Exception&amp; exception)
   --- End of inner exception stack trace ---
   at System.Net.HttpWebRequest.GetRequestStream(TransportContext&amp; context)
   at System.Net.HttpWebRequest.GetRequestStream()
   at OpenQA.Selenium.Remote.HttpCommandExecutor.Execute(Command commandToExecute)
   at OpenQA.Selenium.Remote.DriverServiceCommandExecutor.Execute(Command commandToExecute)
   at OpenQA.Selenium.Remote.RemoteWebDriver.Execute(String driverCommandToExecute, Dictionary`2 parameters)
</DebugTrace>
        <ErrorInfo>
          <Message>Test method Nordstrom.Web.Test.UI.LoyaltyWeb.Tests.LoyaltyLearnTests.LoyaltyLearnPage_ClickGiveUsFeedbackLink_NavigatesToRelevantPageSuccessfully threw exception: 
OpenQA.Selenium.WebDriverException: A exception with a null response was thrown sending an HTTP request to the remote WebDriver server for URL http://localhost:60988/session//url. The status of the exception was ConnectFailure, and the message was: Unable to connect to the remote server ---&gt; System.Net.WebException: Unable to connect to the remote server ---&gt; System.Net.Sockets.SocketException: No connection could be made because the target machine actively refused it 127.0.0.1:60988</Message>
          <StackTrace>    at System.Net.Sockets.Socket.DoConnect(EndPoint endPointSnapshot, SocketAddress socketAddress)
   at System.Net.ServicePoint.ConnectSocketInternal(Boolean connectFailure, Socket s4, Socket s6, Socket&amp; socket, IPAddress&amp; address, ConnectSocketState state, IAsyncResult asyncResult, Exception&amp; exception)
 --- End of inner exception stack trace ---
    at System.Net.HttpWebRequest.GetResponse()
   at OpenQA.Selenium.Remote.HttpCommandExecutor.CreateResponse(WebRequest request)
 --- End of inner exception stack trace ---
    at OpenQA.Selenium.Remote.HttpCommandExecutor.CreateResponse(WebRequest request)
   at OpenQA.Selenium.Remote.HttpCommandExecutor.Execute(Command commandToExecute)
   at OpenQA.Selenium.Remote.DriverServiceCommandExecutor.Execute(Command commandToExecute)
   at OpenQA.Selenium.Remote.RemoteWebDriver.Execute(String driverCommandToExecute, Dictionary`2 parameters)
   at OpenQA.Selenium.Remote.RemoteWebDriver.get_Url()
   at Nordstrom.Web.Test.UI.Common.PageObjects.PageObjectBase.get_Url() in c:\Ecommerce\Web\Test\UI\Common\PageObjects\PageObjectBase.cs:line 129
   at Nordstrom.Web.Test.UI.Common.PageObjects.PageObjectBase.EvaluateLoadedStatus() in c:\Ecommerce\Web\Test\UI\Common\PageObjects\PageObjectBase.cs:line 114
   at Nordstrom.Web.Test.UI.Common.PageObjects.PageObjectBase.WaitForPageReadyState() in c:\Ecommerce\Web\Test\UI\Common\PageObjects\PageObjectBase.cs:line 166
   at Nordstrom.Web.Test.UI.Common.PageObjects.PageObjectBase.GoToUrl(String url) in c:\Ecommerce\Web\Test\UI\Common\PageObjects\PageObjectBase.cs:line 158
   at Nordstrom.Web.Test.UI.Common.PageObjects.LoyaltyLearnPage.GoToLoyaltyLearnPage() in c:\Ecommerce\Web\Test\UI\Common\PageObjects\LoyaltyLearnPage.cs:line 70
   at Nordstrom.Web.Test.UI.LoyaltyWeb.Tests.LoyaltyLearnTests.LoyaltyLearnPage_ClickGiveUsFeedbackLink_NavigatesToRelevantPageSuccessfully() in c:\Ecommerce\Web\Test\UI\LoyaltyWeb\LoyaltyWebTest\LoyaltyWebTest\Tests\LoyaltyLearnTests.cs:line 128
</StackTrace>
        </ErrorInfo>
      </Output>
    </UnitTestResult>
    <UnitTestResult executionId="1263c9a8-cab0-4b12-82dc-fbf9c5648d3a" testId="8dd5d845-97f6-d5b6-1eef-4998468e841a" testName="LoyaltyLearnPage_ClickOnBecomeAMemberLink_NavigatesToRelevantPageSuccessfully" computerName="U00979650" duration="00:00:20.9655745" startTime="2016-03-09T11:48:28.7974907-08:00" endTime="2016-03-09T11:48:49.7703688-08:00" testType="13cdc9d9-ddb5-4fa4-a97d-d965ccfc6d4b" outcome="Failed" testListId="8c84fa94-04c1-424b-9868-57a2d4851a1d" relativeResultsDirectory="1263c9a8-cab0-4b12-82dc-fbf9c5648d3a">
      <Output>
        <DebugTrace>Unexpected error. System.Net.WebException: Unable to connect to the remote server ---&gt; System.Net.Sockets.SocketException: No connection could be made because the target machine actively refused it 127.0.0.1:60988
   at System.Net.Sockets.Socket.DoConnect(EndPoint endPointSnapshot, SocketAddress socketAddress)
   at System.Net.ServicePoint.ConnectSocketInternal(Boolean connectFailure, Socket s4, Socket s6, Socket&amp; socket, IPAddress&amp; address, ConnectSocketState state, IAsyncResult asyncResult, Exception&amp; exception)
   --- End of inner exception stack trace ---
   at System.Net.HttpWebRequest.GetRequestStream(TransportContext&amp; context)
   at System.Net.HttpWebRequest.GetRequestStream()
   at OpenQA.Selenium.Remote.HttpCommandExecutor.Execute(Command commandToExecute)
   at OpenQA.Selenium.Remote.DriverServiceCommandExecutor.Execute(Command commandToExecute)
   at OpenQA.Selenium.Remote.RemoteWebDriver.Execute(String driverCommandToExecute, Dictionary`2 parameters)
</DebugTrace>
        <ErrorInfo>
          <Message>Test method Nordstrom.Web.Test.UI.LoyaltyWeb.Tests.LoyaltyLearnTests.LoyaltyLearnPage_ClickOnBecomeAMemberLink_NavigatesToRelevantPageSuccessfully threw exception: 
OpenQA.Selenium.WebDriverException: A exception with a null response was thrown sending an HTTP request to the remote WebDriver server for URL http://localhost:60988/session//url. The status of the exception was ConnectFailure, and the message was: Unable to connect to the remote server ---&gt; System.Net.WebException: Unable to connect to the remote server ---&gt; System.Net.Sockets.SocketException: No connection could be made because the target machine actively refused it 127.0.0.1:60988</Message>
          <StackTrace>    at System.Net.Sockets.Socket.DoConnect(EndPoint endPointSnapshot, SocketAddress socketAddress)
   at System.Net.ServicePoint.ConnectSocketInternal(Boolean connectFailure, Socket s4, Socket s6, Socket&amp; socket, IPAddress&amp; address, ConnectSocketState state, IAsyncResult asyncResult, Exception&amp; exception)
 --- End of inner exception stack trace ---
    at System.Net.HttpWebRequest.GetResponse()
   at OpenQA.Selenium.Remote.HttpCommandExecutor.CreateResponse(WebRequest request)
 --- End of inner exception stack trace ---
    at OpenQA.Selenium.Remote.HttpCommandExecutor.CreateResponse(WebRequest request)
   at OpenQA.Selenium.Remote.HttpCommandExecutor.Execute(Command commandToExecute)
   at OpenQA.Selenium.Remote.DriverServiceCommandExecutor.Execute(Command commandToExecute)
   at OpenQA.Selenium.Remote.RemoteWebDriver.Execute(String driverCommandToExecute, Dictionary`2 parameters)
   at OpenQA.Selenium.Remote.RemoteWebDriver.get_Url()
   at Nordstrom.Web.Test.UI.Common.PageObjects.PageObjectBase.get_Url() in c:\Ecommerce\Web\Test\UI\Common\PageObjects\PageObjectBase.cs:line 129
   at Nordstrom.Web.Test.UI.Common.PageObjects.PageObjectBase.EvaluateLoadedStatus() in c:\Ecommerce\Web\Test\UI\Common\PageObjects\PageObjectBase.cs:line 114
   at Nordstrom.Web.Test.UI.Common.PageObjects.PageObjectBase.WaitForPageReadyState() in c:\Ecommerce\Web\Test\UI\Common\PageObjects\PageObjectBase.cs:line 166
   at Nordstrom.Web.Test.UI.Common.PageObjects.PageObjectBase.GoToUrl(String url) in c:\Ecommerce\Web\Test\UI\Common\PageObjects\PageObjectBase.cs:line 158
   at Nordstrom.Web.Test.UI.Common.PageObjects.LoyaltyLearnPage.GoToLoyaltyLearnPage() in c:\Ecommerce\Web\Test\UI\Common\PageObjects\LoyaltyLearnPage.cs:line 70
   at Nordstrom.Web.Test.UI.LoyaltyWeb.Tests.LoyaltyLearnTests.LoyaltyLearnPage_ClickOnBecomeAMemberLink_NavigatesToRelevantPageSuccessfully() in c:\Ecommerce\Web\Test\UI\LoyaltyWeb\LoyaltyWebTest\LoyaltyWebTest\Tests\LoyaltyLearnTests.cs:line 25
</StackTrace>
        </ErrorInfo>
      </Output>
    </UnitTestResult>
    <UnitTestResult executionId="ab96621d-a032-4bab-83bc-1d188f325806" testId="94dff5fb-86a8-bfaf-afa8-0fa1c7d878c4" testName="LoyaltyLearnPage_ClickPersonalTriplePointsDayLinkOnLearnPage_NavigatesToBenifitsPage" computerName="U00979650" duration="00:00:21.4300758" startTime="2016-03-09T11:48:49.7703688-08:00" endTime="2016-03-09T11:49:11.1953067-08:00" testType="13cdc9d9-ddb5-4fa4-a97d-d965ccfc6d4b" outcome="Failed" testListId="8c84fa94-04c1-424b-9868-57a2d4851a1d" relativeResultsDirectory="ab96621d-a032-4bab-83bc-1d188f325806">
      <Output>
        <DebugTrace>Unexpected error. System.Net.WebException: Unable to connect to the remote server ---&gt; System.Net.Sockets.SocketException: No connection could be made because the target machine actively refused it 127.0.0.1:60988
   at System.Net.Sockets.Socket.DoConnect(EndPoint endPointSnapshot, SocketAddress socketAddress)
   at System.Net.ServicePoint.ConnectSocketInternal(Boolean connectFailure, Socket s4, Socket s6, Socket&amp; socket, IPAddress&amp; address, ConnectSocketState state, IAsyncResult asyncResult, Exception&amp; exception)
   --- End of inner exception stack trace ---
   at System.Net.HttpWebRequest.GetRequestStream(TransportContext&amp; context)
   at System.Net.HttpWebRequest.GetRequestStream()
   at OpenQA.Selenium.Remote.HttpCommandExecutor.Execute(Command commandToExecute)
   at OpenQA.Selenium.Remote.DriverServiceCommandExecutor.Execute(Command commandToExecute)
   at OpenQA.Selenium.Remote.RemoteWebDriver.Execute(String driverCommandToExecute, Dictionary`2 parameters)
</DebugTrace>
        <ErrorInfo>
          <Message>Test method Nordstrom.Web.Test.UI.LoyaltyWeb.Tests.LoyaltyLearnTests.LoyaltyLearnPage_ClickPersonalTriplePointsDayLinkOnLearnPage_NavigatesToBenifitsPage threw exception: 
OpenQA.Selenium.WebDriverException: A exception with a null response was thrown sending an HTTP request to the remote WebDriver server for URL http://localhost:60988/session//url. The status of the exception was ConnectFailure, and the message was: Unable to connect to the remote server ---&gt; System.Net.WebException: Unable to connect to the remote server ---&gt; System.Net.Sockets.SocketException: No connection could be made because the target machine actively refused it 127.0.0.1:60988</Message>
          <StackTrace>    at System.Net.Sockets.Socket.DoConnect(EndPoint endPointSnapshot, SocketAddress socketAddress)
   at System.Net.ServicePoint.ConnectSocketInternal(Boolean connectFailure, Socket s4, Socket s6, Socket&amp; socket, IPAddress&amp; address, ConnectSocketState state, IAsyncResult asyncResult, Exception&amp; exception)
 --- End of inner exception stack trace ---
    at System.Net.HttpWebRequest.GetResponse()
   at OpenQA.Selenium.Remote.HttpCommandExecutor.CreateResponse(WebRequest request)
 --- End of inner exception stack trace ---
    at OpenQA.Selenium.Remote.HttpCommandExecutor.CreateResponse(WebRequest request)
   at OpenQA.Selenium.Remote.HttpCommandExecutor.Execute(Command commandToExecute)
   at OpenQA.Selenium.Remote.DriverServiceCommandExecutor.Execute(Command commandToExecute)
   at OpenQA.Selenium.Remote.RemoteWebDriver.Execute(String driverCommandToExecute, Dictionary`2 parameters)
   at OpenQA.Selenium.Remote.RemoteWebDriver.get_Url()
   at Nordstrom.Web.Test.UI.Common.PageObjects.PageObjectBase.get_Url() in c:\Ecommerce\Web\Test\UI\Common\PageObjects\PageObjectBase.cs:line 129
   at Nordstrom.Web.Test.UI.Common.PageObjects.PageObjectBase.EvaluateLoadedStatus() in c:\Ecommerce\Web\Test\UI\Common\PageObjects\PageObjectBase.cs:line 114
   at Nordstrom.Web.Test.UI.Common.PageObjects.PageObjectBase.WaitForPageReadyState() in c:\Ecommerce\Web\Test\UI\Common\PageObjects\PageObjectBase.cs:line 166
   at Nordstrom.Web.Test.UI.Common.PageObjects.PageObjectBase.GoToUrl(String url) in c:\Ecommerce\Web\Test\UI\Common\PageObjects\PageObjectBase.cs:line 158
   at Nordstrom.Web.Test.UI.Common.PageObjects.LoyaltyLearnPage.GoToLoyaltyLearnPage() in c:\Ecommerce\Web\Test\UI\Common\PageObjects\LoyaltyLearnPage.cs:line 70
   at Nordstrom.Web.Test.UI.LoyaltyWeb.Tests.LoyaltyLearnTests.LoyaltyLearnPage_ClickPersonalTriplePointsDayLinkOnLearnPage_NavigatesToBenifitsPage() in c:\Ecommerce\Web\Test\UI\LoyaltyWeb\LoyaltyWebTest\LoyaltyWebTest\Tests\LoyaltyLearnTests.cs:line 106
</StackTrace>
        </ErrorInfo>
      </Output>
    </UnitTestResult>
    <UnitTestResult executionId="8db0cb3c-911e-4777-ae20-88d29d6579d1" testId="785b8a5e-8793-5bd7-0029-1d440f22ff89" testName="LoyaltyLearnPage_ClickPrivacyPolicy_NavigatesToRelevantPageSuccessfully" computerName="U00979650" duration="00:00:21.2800668" startTime="2016-03-09T11:49:11.2109068-08:00" endTime="2016-03-09T11:49:32.4908083-08:00" testType="13cdc9d9-ddb5-4fa4-a97d-d965ccfc6d4b" outcome="Failed" testListId="8c84fa94-04c1-424b-9868-57a2d4851a1d" relativeResultsDirectory="8db0cb3c-911e-4777-ae20-88d29d6579d1">
      <Output>
        <DebugTrace>Unexpected error. System.Net.WebException: Unable to connect to the remote server ---&gt; System.Net.Sockets.SocketException: No connection could be made because the target machine actively refused it 127.0.0.1:60988
   at System.Net.Sockets.Socket.DoConnect(EndPoint endPointSnapshot, SocketAddress socketAddress)
   at System.Net.ServicePoint.ConnectSocketInternal(Boolean connectFailure, Socket s4, Socket s6, Socket&amp; socket, IPAddress&amp; address, ConnectSocketState state, IAsyncResult asyncResult, Exception&amp; exception)
   --- End of inner exception stack trace ---
   at System.Net.HttpWebRequest.GetRequestStream(TransportContext&amp; context)
   at System.Net.HttpWebRequest.GetRequestStream()
   at OpenQA.Selenium.Remote.HttpCommandExecutor.Execute(Command commandToExecute)
   at OpenQA.Selenium.Remote.DriverServiceCommandExecutor.Execute(Command commandToExecute)
   at OpenQA.Selenium.Remote.RemoteWebDriver.Execute(String driverCommandToExecute, Dictionary`2 parameters)
</DebugTrace>
        <ErrorInfo>
          <Message>Test method Nordstrom.Web.Test.UI.LoyaltyWeb.Tests.LoyaltyLearnTests.LoyaltyLearnPage_ClickPrivacyPolicy_NavigatesToRelevantPageSuccessfully threw exception: 
OpenQA.Selenium.WebDriverException: A exception with a null response was thrown sending an HTTP request to the remote WebDriver server for URL http://localhost:60988/session//url. The status of the exception was ConnectFailure, and the message was: Unable to connect to the remote server ---&gt; System.Net.WebException: Unable to connect to the remote server ---&gt; System.Net.Sockets.SocketException: No connection could be made because the target machine actively refused it 127.0.0.1:60988</Message>
          <StackTrace>    at System.Net.Sockets.Socket.DoConnect(EndPoint endPointSnapshot, SocketAddress socketAddress)
   at System.Net.ServicePoint.ConnectSocketInternal(Boolean connectFailure, Socket s4, Socket s6, Socket&amp; socket, IPAddress&amp; address, ConnectSocketState state, IAsyncResult asyncResult, Exception&amp; exception)
 --- End of inner exception stack trace ---
    at System.Net.HttpWebRequest.GetResponse()
   at OpenQA.Selenium.Remote.HttpCommandExecutor.CreateResponse(WebRequest request)
 --- End of inner exception stack trace ---
    at OpenQA.Selenium.Remote.HttpCommandExecutor.CreateResponse(WebRequest request)
   at OpenQA.Selenium.Remote.HttpCommandExecutor.Execute(Command commandToExecute)
   at OpenQA.Selenium.Remote.DriverServiceCommandExecutor.Execute(Command commandToExecute)
   at OpenQA.Selenium.Remote.RemoteWebDriver.Execute(String driverCommandToExecute, Dictionary`2 parameters)
   at OpenQA.Selenium.Remote.RemoteWebDriver.get_Url()
   at Nordstrom.Web.Test.UI.Common.PageObjects.PageObjectBase.get_Url() in c:\Ecommerce\Web\Test\UI\Common\PageObjects\PageObjectBase.cs:line 129
   at Nordstrom.Web.Test.UI.Common.PageObjects.PageObjectBase.EvaluateLoadedStatus() in c:\Ecommerce\Web\Test\UI\Common\PageObjects\PageObjectBase.cs:line 114
   at Nordstrom.Web.Test.UI.Common.PageObjects.PageObjectBase.WaitForPageReadyState() in c:\Ecommerce\Web\Test\UI\Common\PageObjects\PageObjectBase.cs:line 166
   at Nordstrom.Web.Test.UI.Common.PageObjects.PageObjectBase.GoToUrl(String url) in c:\Ecommerce\Web\Test\UI\Common\PageObjects\PageObjectBase.cs:line 158
   at Nordstrom.Web.Test.UI.Common.PageObjects.LoyaltyLearnPage.GoToLoyaltyLearnPage() in c:\Ecommerce\Web\Test\UI\Common\PageObjects\LoyaltyLearnPage.cs:line 70
   at Nordstrom.Web.Test.UI.LoyaltyWeb.Tests.LoyaltyLearnTests.LoyaltyLearnPage_ClickPrivacyPolicy_NavigatesToRelevantPageSuccessfully() in c:\Ecommerce\Web\Test\UI\LoyaltyWeb\LoyaltyWebTest\LoyaltyWebTest\Tests\LoyaltyLearnTests.cs:line 73
</StackTrace>
        </ErrorInfo>
      </Output>
    </UnitTestResult>
    <UnitTestResult executionId="08aef95a-b11e-46d8-baac-e94c67c4006f" testId="ed1ebb9c-9e01-8c19-acdc-7330fb8df0d6" testName="LoyaltyLearnPage_ClickRewardsTermsAndConditionsLink_NavigatesToRelevantPageSuccessfully" computerName="U00979650" duration="00:00:20.2860652" startTime="2016-03-09T11:49:32.4908083-08:00" endTime="2016-03-09T11:49:52.7716610-08:00" testType="13cdc9d9-ddb5-4fa4-a97d-d965ccfc6d4b" outcome="Failed" testListId="8c84fa94-04c1-424b-9868-57a2d4851a1d" relativeResultsDirectory="08aef95a-b11e-46d8-baac-e94c67c4006f">
      <Output>
        <DebugTrace>Unexpected error. System.Net.WebException: Unable to connect to the remote server ---&gt; System.Net.Sockets.SocketException: No connection could be made because the target machine actively refused it 127.0.0.1:60988
   at System.Net.Sockets.Socket.DoConnect(EndPoint endPointSnapshot, SocketAddress socketAddress)
   at System.Net.ServicePoint.ConnectSocketInternal(Boolean connectFailure, Socket s4, Socket s6, Socket&amp; socket, IPAddress&amp; address, ConnectSocketState state, IAsyncResult asyncResult, Exception&amp; exception)
   --- End of inner exception stack trace ---
   at System.Net.HttpWebRequest.GetRequestStream(TransportContext&amp; context)
   at System.Net.HttpWebRequest.GetRequestStream()
   at OpenQA.Selenium.Remote.HttpCommandExecutor.Execute(Command commandToExecute)
   at OpenQA.Selenium.Remote.DriverServiceCommandExecutor.Execute(Command commandToExecute)
   at OpenQA.Selenium.Remote.RemoteWebDriver.Execute(String driverCommandToExecute, Dictionary`2 parameters)
</DebugTrace>
        <ErrorInfo>
          <Message>Test method Nordstrom.Web.Test.UI.LoyaltyWeb.Tests.LoyaltyLearnTests.LoyaltyLearnPage_ClickRewardsTermsAndConditionsLink_NavigatesToRelevantPageSuccessfully threw exception: 
OpenQA.Selenium.WebDriverException: A exception with a null response was thrown sending an HTTP request to the remote WebDriver server for URL http://localhost:60988/session//url. The status of the exception was ConnectFailure, and the message was: Unable to connect to the remote server ---&gt; System.Net.WebException: Unable to connect to the remote server ---&gt; System.Net.Sockets.SocketException: No connection could be made because the target machine actively refused it 127.0.0.1:60988</Message>
          <StackTrace>    at System.Net.Sockets.Socket.DoConnect(EndPoint endPointSnapshot, SocketAddress socketAddress)
   at System.Net.ServicePoint.ConnectSocketInternal(Boolean connectFailure, Socket s4, Socket s6, Socket&amp; socket, IPAddress&amp; address, ConnectSocketState state, IAsyncResult asyncResult, Exception&amp; exception)
 --- End of inner exception stack trace ---
    at System.Net.HttpWebRequest.GetResponse()
   at OpenQA.Selenium.Remote.HttpCommandExecutor.CreateResponse(WebRequest request)
 --- End of inner exception stack trace ---
    at OpenQA.Selenium.Remote.HttpCommandExecutor.CreateResponse(WebRequest request)
   at OpenQA.Selenium.Remote.HttpCommandExecutor.Execute(Command commandToExecute)
   at OpenQA.Selenium.Remote.DriverServiceCommandExecutor.Execute(Command commandToExecute)
   at OpenQA.Selenium.Remote.RemoteWebDriver.Execute(String driverCommandToExecute, Dictionary`2 parameters)
   at OpenQA.Selenium.Remote.RemoteWebDriver.get_Url()
   at Nordstrom.Web.Test.UI.Common.PageObjects.PageObjectBase.get_Url() in c:\Ecommerce\Web\Test\UI\Common\PageObjects\PageObjectBase.cs:line 129
   at Nordstrom.Web.Test.UI.Common.PageObjects.PageObjectBase.EvaluateLoadedStatus() in c:\Ecommerce\Web\Test\UI\Common\PageObjects\PageObjectBase.cs:line 114
   at Nordstrom.Web.Test.UI.Common.PageObjects.PageObjectBase.WaitForPageReadyState() in c:\Ecommerce\Web\Test\UI\Common\PageObjects\PageObjectBase.cs:line 166
   at Nordstrom.Web.Test.UI.Common.PageObjects.PageObjectBase.GoToUrl(String url) in c:\Ecommerce\Web\Test\UI\Common\PageObjects\PageObjectBase.cs:line 158
   at Nordstrom.Web.Test.UI.Common.PageObjects.LoyaltyLearnPage.GoToLoyaltyLearnPage() in c:\Ecommerce\Web\Test\UI\Common\PageObjects\LoyaltyLearnPage.cs:line 70
   at Nordstrom.Web.Test.UI.LoyaltyWeb.Tests.LoyaltyLearnTests.LoyaltyLearnPage_ClickRewardsTermsAndConditionsLink_NavigatesToRelevantPageSuccessfully() in c:\Ecommerce\Web\Test\UI\LoyaltyWeb\LoyaltyWebTest\LoyaltyWebTest\Tests\LoyaltyLearnTests.cs:line 61
</StackTrace>
        </ErrorInfo>
      </Output>
    </UnitTestResult>
    <UnitTestResult executionId="d70b849a-3b18-434c-ac30-5aa6cd40b57e" testId="b3a516d6-48f5-fdac-3c3f-d8ab2c32b2ae" testName="LoyaltyLearnPage_ClickSignInLink_NavigatesToSignInPageSuccessfully" computerName="U00979650" duration="00:00:23.3833953" startTime="2016-03-09T11:49:52.7716610-08:00" endTime="2016-03-09T11:50:16.1637810-08:00" testType="13cdc9d9-ddb5-4fa4-a97d-d965ccfc6d4b" outcome="Failed" testListId="8c84fa94-04c1-424b-9868-57a2d4851a1d" relativeResultsDirectory="d70b849a-3b18-434c-ac30-5aa6cd40b57e">
      <Output>
        <DebugTrace>Unexpected error. System.Net.WebException: Unable to connect to the remote server ---&gt; System.Net.Sockets.SocketException: No connection could be made because the target machine actively refused it 127.0.0.1:60988
   at System.Net.Sockets.Socket.DoConnect(EndPoint endPointSnapshot, SocketAddress socketAddress)
   at System.Net.ServicePoint.ConnectSocketInternal(Boolean connectFailure, Socket s4, Socket s6, Socket&amp; socket, IPAddress&amp; address, ConnectSocketState state, IAsyncResult asyncResult, Exception&amp; exception)
   --- End of inner exception stack trace ---
   at System.Net.HttpWebRequest.GetRequestStream(TransportContext&amp; context)
   at System.Net.HttpWebRequest.GetRequestStream()
   at OpenQA.Selenium.Remote.HttpCommandExecutor.Execute(Command commandToExecute)
   at OpenQA.Selenium.Remote.DriverServiceCommandExecutor.Execute(Command commandToExecute)
   at OpenQA.Selenium.Remote.RemoteWebDriver.Execute(String driverCommandToExecute, Dictionary`2 parameters)
</DebugTrace>
        <ErrorInfo>
          <Message>Test method Nordstrom.Web.Test.UI.LoyaltyWeb.Tests.LoyaltyLearnTests.LoyaltyLearnPage_ClickSignInLink_NavigatesToSignInPageSuccessfully threw exception: 
OpenQA.Selenium.WebDriverException: A exception with a null response was thrown sending an HTTP request to the remote WebDriver server for URL http://localhost:60988/session//url. The status of the exception was ConnectFailure, and the message was: Unable to connect to the remote server ---&gt; System.Net.WebException: Unable to connect to the remote server ---&gt; System.Net.Sockets.SocketException: No connection could be made because the target machine actively refused it 127.0.0.1:60988</Message>
          <StackTrace>    at System.Net.Sockets.Socket.DoConnect(EndPoint endPointSnapshot, SocketAddress socketAddress)
   at System.Net.ServicePoint.ConnectSocketInternal(Boolean connectFailure, Socket s4, Socket s6, Socket&amp; socket, IPAddress&amp; address, ConnectSocketState state, IAsyncResult asyncResult, Exception&amp; exception)
 --- End of inner exception stack trace ---
    at System.Net.HttpWebRequest.GetResponse()
   at OpenQA.Selenium.Remote.HttpCommandExecutor.CreateResponse(WebRequest request)
 --- End of inner exception stack trace ---
    at OpenQA.Selenium.Remote.HttpCommandExecutor.CreateResponse(WebRequest request)
   at OpenQA.Selenium.Remote.HttpCommandExecutor.Execute(Command commandToExecute)
   at OpenQA.Selenium.Remote.DriverServiceCommandExecutor.Execute(Command commandToExecute)
   at OpenQA.Selenium.Remote.RemoteWebDriver.Execute(String driverCommandToExecute, Dictionary`2 parameters)
   at OpenQA.Selenium.Remote.RemoteWebDriver.get_Url()
   at Nordstrom.Web.Test.UI.Common.PageObjects.PageObjectBase.get_Url() in c:\Ecommerce\Web\Test\UI\Common\PageObjects\PageObjectBase.cs:line 129
   at Nordstrom.Web.Test.UI.Common.PageObjects.PageObjectBase.EvaluateLoadedStatus() in c:\Ecommerce\Web\Test\UI\Common\PageObjects\PageObjectBase.cs:line 114
   at Nordstrom.Web.Test.UI.Common.PageObjects.PageObjectBase.WaitForPageReadyState() in c:\Ecommerce\Web\Test\UI\Common\PageObjects\PageObjectBase.cs:line 166
   at Nordstrom.Web.Test.UI.Common.PageObjects.PageObjectBase.GoToUrl(String url) in c:\Ecommerce\Web\Test\UI\Common\PageObjects\PageObjectBase.cs:line 158
   at Nordstrom.Web.Test.UI.Common.PageObjects.LoyaltyLearnPage.GoToLoyaltyLearnPage() in c:\Ecommerce\Web\Test\UI\Common\PageObjects\LoyaltyLearnPage.cs:line 70
   at Nordstrom.Web.Test.UI.LoyaltyWeb.Tests.LoyaltyLearnTests.LoyaltyLearnPage_ClickSignInLink_NavigatesToSignInPageSuccessfully() in c:\Ecommerce\Web\Test\UI\LoyaltyWeb\LoyaltyWebTest\LoyaltyWebTest\Tests\LoyaltyLearnTests.cs:line 83
</StackTrace>
        </ErrorInfo>
      </Output>
    </UnitTestResult>
    <UnitTestResult executionId="a498692a-d307-4fd7-ae8d-6b22c50d0473" testId="2e0abc29-eb20-04d7-d06d-b4c962bff0f8" testName="LoyaltyLearnPage_ClickVIPAccessToInstoreEventsLink_NavigateToRelevantPageSuccessfully" computerName="U00979650" duration="00:00:21.7269329" startTime="2016-03-09T11:50:16.1637810-08:00" endTime="2016-03-09T11:50:37.8843251-08:00" testType="13cdc9d9-ddb5-4fa4-a97d-d965ccfc6d4b" outcome="Failed" testListId="8c84fa94-04c1-424b-9868-57a2d4851a1d" relativeResultsDirectory="a498692a-d307-4fd7-ae8d-6b22c50d0473">
      <Output>
        <DebugTrace>Unexpected error. System.Net.WebException: Unable to connect to the remote server ---&gt; System.Net.Sockets.SocketException: No connection could be made because the target machine actively refused it 127.0.0.1:60988
   at System.Net.Sockets.Socket.DoConnect(EndPoint endPointSnapshot, SocketAddress socketAddress)
   at System.Net.ServicePoint.ConnectSocketInternal(Boolean connectFailure, Socket s4, Socket s6, Socket&amp; socket, IPAddress&amp; address, ConnectSocketState state, IAsyncResult asyncResult, Exception&amp; exception)
   --- End of inner exception stack trace ---
   at System.Net.HttpWebRequest.GetRequestStream(TransportContext&amp; context)
   at System.Net.HttpWebRequest.GetRequestStream()
   at OpenQA.Selenium.Remote.HttpCommandExecutor.Execute(Command commandToExecute)
   at OpenQA.Selenium.Remote.DriverServiceCommandExecutor.Execute(Command commandToExecute)
   at OpenQA.Selenium.Remote.RemoteWebDriver.Execute(String driverCommandToExecute, Dictionary`2 parameters)
</DebugTrace>
        <ErrorInfo>
          <Message>Test method Nordstrom.Web.Test.UI.LoyaltyWeb.Tests.LoyaltyLearnTests.LoyaltyLearnPage_ClickVIPAccessToInstoreEventsLink_NavigateToRelevantPageSuccessfully threw exception: 
OpenQA.Selenium.WebDriverException: A exception with a null response was thrown sending an HTTP request to the remote WebDriver server for URL http://localhost:60988/session//url. The status of the exception was ConnectFailure, and the message was: Unable to connect to the remote server ---&gt; System.Net.WebException: Unable to connect to the remote server ---&gt; System.Net.Sockets.SocketException: No connection could be made because the target machine actively refused it 127.0.0.1:60988</Message>
          <StackTrace>    at System.Net.Sockets.Socket.DoConnect(EndPoint endPointSnapshot, SocketAddress socketAddress)
   at System.Net.ServicePoint.ConnectSocketInternal(Boolean connectFailure, Socket s4, Socket s6, Socket&amp; socket, IPAddress&amp; address, ConnectSocketState state, IAsyncResult asyncResult, Exception&amp; exception)
 --- End of inner exception stack trace ---
    at System.Net.HttpWebRequest.GetResponse()
   at OpenQA.Selenium.Remote.HttpCommandExecutor.CreateResponse(WebRequest request)
 --- End of inner exception stack trace ---
    at OpenQA.Selenium.Remote.HttpCommandExecutor.CreateResponse(WebRequest request)
   at OpenQA.Selenium.Remote.HttpCommandExecutor.Execute(Command commandToExecute)
   at OpenQA.Selenium.Remote.DriverServiceCommandExecutor.Execute(Command commandToExecute)
   at OpenQA.Selenium.Remote.RemoteWebDriver.Execute(String driverCommandToExecute, Dictionary`2 parameters)
   at OpenQA.Selenium.Remote.RemoteWebDriver.get_Url()
   at Nordstrom.Web.Test.UI.Common.PageObjects.PageObjectBase.get_Url() in c:\Ecommerce\Web\Test\UI\Common\PageObjects\PageObjectBase.cs:line 129
   at Nordstrom.Web.Test.UI.Common.PageObjects.PageObjectBase.EvaluateLoadedStatus() in c:\Ecommerce\Web\Test\UI\Common\PageObjects\PageObjectBase.cs:line 114
   at Nordstrom.Web.Test.UI.Common.PageObjects.PageObjectBase.WaitForPageReadyState() in c:\Ecommerce\Web\Test\UI\Common\PageObjects\PageObjectBase.cs:line 166
   at Nordstrom.Web.Test.UI.Common.PageObjects.PageObjectBase.GoToUrl(String url) in c:\Ecommerce\Web\Test\UI\Common\PageObjects\PageObjectBase.cs:line 158
   at Nordstrom.Web.Test.UI.Common.PageObjects.LoyaltyLearnPage.GoToLoyaltyLearnPage() in c:\Ecommerce\Web\Test\UI\Common\PageObjects\LoyaltyLearnPage.cs:line 70
   at Nordstrom.Web.Test.UI.LoyaltyWeb.Tests.LoyaltyLearnTests.LoyaltyLearnPage_ClickVIPAccessToInstoreEventsLink_NavigateToRelevantPageSuccessfully() in c:\Ecommerce\Web\Test\UI\LoyaltyWeb\LoyaltyWebTest\LoyaltyWebTest\Tests\LoyaltyLearnTests.cs:line 49
</StackTrace>
        </ErrorInfo>
      </Output>
    </UnitTestResult>
    <UnitTestResult executionId="624c8827-80bc-46a0-940c-024e0dbec179" testId="6a8b719d-e213-39d7-1052-2c67708b346d" testName="LoyaltyLearnPage_WhenTypeRightURL_ShouldRenderLearnPage" computerName="U00979650" duration="00:00:21.8839349" startTime="2016-03-09T11:50:37.8999252-08:00" endTime="2016-03-09T11:50:59.7843251-08:00" testType="13cdc9d9-ddb5-4fa4-a97d-d965ccfc6d4b" outcome="Failed" testListId="8c84fa94-04c1-424b-9868-57a2d4851a1d" relativeResultsDirectory="624c8827-80bc-46a0-940c-024e0dbec179">
      <Output>
        <DebugTrace>Unexpected error. System.Net.WebException: Unable to connect to the remote server ---&gt; System.Net.Sockets.SocketException: No connection could be made because the target machine actively refused it 127.0.0.1:60988
   at System.Net.Sockets.Socket.DoConnect(EndPoint endPointSnapshot, SocketAddress socketAddress)
   at System.Net.ServicePoint.ConnectSocketInternal(Boolean connectFailure, Socket s4, Socket s6, Socket&amp; socket, IPAddress&amp; address, ConnectSocketState state, IAsyncResult asyncResult, Exception&amp; exception)
   --- End of inner exception stack trace ---
   at System.Net.HttpWebRequest.GetRequestStream(TransportContext&amp; context)
   at System.Net.HttpWebRequest.GetRequestStream()
   at OpenQA.Selenium.Remote.HttpCommandExecutor.Execute(Command commandToExecute)
   at OpenQA.Selenium.Remote.DriverServiceCommandExecutor.Execute(Command commandToExecute)
   at OpenQA.Selenium.Remote.RemoteWebDriver.Execute(String driverCommandToExecute, Dictionary`2 parameters)
</DebugTrace>
        <ErrorInfo>
          <Message>Test method Nordstrom.Web.Test.UI.LoyaltyWeb.Tests.LoyaltyLearnTests.LoyaltyLearnPage_WhenTypeRightURL_ShouldRenderLearnPage threw exception: 
OpenQA.Selenium.WebDriverException: A exception with a null response was thrown sending an HTTP request to the remote WebDriver server for URL http://localhost:60988/session//url. The status of the exception was ConnectFailure, and the message was: Unable to connect to the remote server ---&gt; System.Net.WebException: Unable to connect to the remote server ---&gt; System.Net.Sockets.SocketException: No connection could be made because the target machine actively refused it 127.0.0.1:60988</Message>
          <StackTrace>    at System.Net.Sockets.Socket.DoConnect(EndPoint endPointSnapshot, SocketAddress socketAddress)
   at System.Net.ServicePoint.ConnectSocketInternal(Boolean connectFailure, Socket s4, Socket s6, Socket&amp; socket, IPAddress&amp; address, ConnectSocketState state, IAsyncResult asyncResult, Exception&amp; exception)
 --- End of inner exception stack trace ---
    at System.Net.HttpWebRequest.GetResponse()
   at OpenQA.Selenium.Remote.HttpCommandExecutor.CreateResponse(WebRequest request)
 --- End of inner exception stack trace ---
    at OpenQA.Selenium.Remote.HttpCommandExecutor.CreateResponse(WebRequest request)
   at OpenQA.Selenium.Remote.HttpCommandExecutor.Execute(Command commandToExecute)
   at OpenQA.Selenium.Remote.DriverServiceCommandExecutor.Execute(Command commandToExecute)
   at OpenQA.Selenium.Remote.RemoteWebDriver.Execute(String driverCommandToExecute, Dictionary`2 parameters)
   at OpenQA.Selenium.Remote.RemoteWebDriver.get_Url()
   at Nordstrom.Web.Test.UI.Common.PageObjects.PageObjectBase.get_Url() in c:\Ecommerce\Web\Test\UI\Common\PageObjects\PageObjectBase.cs:line 129
   at Nordstrom.Web.Test.UI.Common.PageObjects.PageObjectBase.EvaluateLoadedStatus() in c:\Ecommerce\Web\Test\UI\Common\PageObjects\PageObjectBase.cs:line 114
   at Nordstrom.Web.Test.UI.Common.PageObjects.PageObjectBase.WaitForPageReadyState() in c:\Ecommerce\Web\Test\UI\Common\PageObjects\PageObjectBase.cs:line 166
   at Nordstrom.Web.Test.UI.Common.PageObjects.PageObjectBase.GoToUrl(String url) in c:\Ecommerce\Web\Test\UI\Common\PageObjects\PageObjectBase.cs:line 158
   at Nordstrom.Web.Test.UI.Common.PageObjects.LoyaltyLearnPage.GoToLoyaltyLearnPage() in c:\Ecommerce\Web\Test\UI\Common\PageObjects\LoyaltyLearnPage.cs:line 70
   at Nordstrom.Web.Test.UI.LoyaltyWeb.Tests.LoyaltyLearnTests.LoyaltyLearnPage_WhenTypeRightURL_ShouldRenderLearnPage() in c:\Ecommerce\Web\Test\UI\LoyaltyWeb\LoyaltyWebTest\LoyaltyWebTest\Tests\LoyaltyLearnTests.cs:line 16
</StackTrace>
        </ErrorInfo>
      </Output>
    </UnitTestResult>
    <UnitTestResult executionId="4442d52c-2891-4303-8664-dfd0d03c6b63" testId="76afe1b0-aa00-7a67-3485-c6dce60f67cf" testName="TenderNeutralManage_AuthenticatedUser_ErrorMessageDisplayedForPendingUserWhenTryingToAssociateDisplayedSuccessfully" computerName="U00979650" duration="00:00:16.3914954" startTime="2016-03-09T11:50:59.7843251-08:00" endTime="2016-03-09T11:51:26.9127165-08:00" testType="13cdc9d9-ddb5-4fa4-a97d-d965ccfc6d4b" outcome="Inconclusive" testListId="8c84fa94-04c1-424b-9868-57a2d4851a1d" relativeResultsDirectory="4442d52c-2891-4303-8664-dfd0d03c6b63">
      <Output>
        <DebugTrace>Exception: The remote server returned an error: (400) Bad Request.Service center could not create an enrolled loyalty customer successfully.</DebugTrace>
        <ErrorInfo>
          <Message>Assert.Inconclusive failed. Could not create a service center enrolled user so we can stop here.</Message>
          <StackTrace>   at Nordstrom.Web.Test.UI.LoyaltyWeb.Tests.LoyaltyManageTests.TenderNeutralManage_AuthenticatedUser_ErrorMessageDisplayedForPendingUserWhenTryingToAssociateDisplayedSuccessfully() in c:\Ecommerce\Web\Test\UI\LoyaltyWeb\LoyaltyWebTest\LoyaltyWebTest\Tests\LoyaltyManageTests.cs:line 149
</StackTrace>
        </ErrorInfo>
      </Output>
    </UnitTestResult>
    <UnitTestResult executionId="e2351c80-1f84-4911-be58-b42b1180b33b" testId="7930dcac-1907-bb64-58bc-217dfb6dd30a" testName="TenderNeutralManage_AuthenticatedUser_ErrorMessageDisplayedForPendingUserWhenTryingToEnrollDisplayedSuccessfully" computerName="U00979650" duration="00:00:16.5305640" startTime="2016-03-09T11:51:26.9127165-08:00" endTime="2016-03-09T11:51:43.4439680-08:00" testType="13cdc9d9-ddb5-4fa4-a97d-d965ccfc6d4b" outcome="Inconclusive" testListId="8c84fa94-04c1-424b-9868-57a2d4851a1d" relativeResultsDirectory="e2351c80-1f84-4911-be58-b42b1180b33b">
      <Output>
        <DebugTrace>Exception: The remote server returned an error: (400) Bad Request.Service center could not create an enrolled loyalty customer successfully.</DebugTrace>
        <ErrorInfo>
          <Message>Assert.Inconclusive failed. Could not create a service center enrolled user so we can stop here.</Message>
          <StackTrace>   at Nordstrom.Web.Test.UI.LoyaltyWeb.Tests.LoyaltyManageTests.TenderNeutralManage_AuthenticatedUser_ErrorMessageDisplayedForPendingUserWhenTryingToEnrollDisplayedSuccessfully() in c:\Ecommerce\Web\Test\UI\LoyaltyWeb\LoyaltyWebTest\LoyaltyWebTest\Tests\LoyaltyManageTests.cs:line 61
</StackTrace>
        </ErrorInfo>
      </Output>
    </UnitTestResult>
    <UnitTestResult executionId="8d1164d6-3851-4bcd-a570-03677ff63d64" testId="a88aefa5-b2bc-5b05-fcfb-b068eb81c583" testName="TenderNeutralManage_GuestUser_ErrorMessageDisplayedForPendingUserWhenTryingToAssociateDisplayedSuccessfully" computerName="U00979650" duration="00:00:16.3863564" startTime="2016-03-09T11:51:43.4439680-08:00" endTime="2016-03-09T11:51:59.8394906-08:00" testType="13cdc9d9-ddb5-4fa4-a97d-d965ccfc6d4b" outcome="Inconclusive" testListId="8c84fa94-04c1-424b-9868-57a2d4851a1d" relativeResultsDirectory="8d1164d6-3851-4bcd-a570-03677ff63d64">
      <Output>
        <DebugTrace>Exception: The remote server returned an error: (400) Bad Request.Service center could not create an enrolled loyalty customer successfully.</DebugTrace>
        <ErrorInfo>
          <Message>Assert.Inconclusive failed. Could not create a service center enrolled user so we can stop here.</Message>
          <StackTrace>   at Nordstrom.Web.Test.UI.LoyaltyWeb.Tests.LoyaltyManageTests.TenderNeutralManage_GuestUser_ErrorMessageDisplayedForPendingUserWhenTryingToAssociateDisplayedSuccessfully() in c:\Ecommerce\Web\Test\UI\LoyaltyWeb\LoyaltyWebTest\LoyaltyWebTest\Tests\LoyaltyManageTests.cs:line 117
</StackTrace>
        </ErrorInfo>
      </Output>
    </UnitTestResult>
    <UnitTestResult executionId="cd47b5ee-9e20-4fc7-888f-ef7d2b5e2bcc" testId="03f020d8-e988-f92d-0457-a7f489cd6a41" testName="TenderNeutralManage_GuestUser_ErrorMessageDisplayedForPendingUserWhenTryingToEnrollDisplayedSuccessfully" computerName="U00979650" duration="00:00:15.9726114" startTime="2016-03-09T11:51:59.8394906-08:00" endTime="2016-03-09T11:52:15.8135331-08:00" testType="13cdc9d9-ddb5-4fa4-a97d-d965ccfc6d4b" outcome="Inconclusive" testListId="8c84fa94-04c1-424b-9868-57a2d4851a1d" relativeResultsDirectory="cd47b5ee-9e20-4fc7-888f-ef7d2b5e2bcc">
      <Output>
        <DebugTrace>Exception: The remote server returned an error: (400) Bad Request.Service center could not create an enrolled loyalty customer successfully.</DebugTrace>
        <ErrorInfo>
          <Message>Assert.Inconclusive failed. Could not create a service center enrolled user so we can stop here.</Message>
          <StackTrace>   at Nordstrom.Web.Test.UI.LoyaltyWeb.Tests.LoyaltyManageTests.TenderNeutralManage_GuestUser_ErrorMessageDisplayedForPendingUserWhenTryingToEnrollDisplayedSuccessfully() in c:\Ecommerce\Web\Test\UI\LoyaltyWeb\LoyaltyWebTest\LoyaltyWebTest\Tests\LoyaltyManageTests.cs:line 35
</StackTrace>
        </ErrorInfo>
      </Output>
    </UnitTestResult>
    <UnitTestResult executionId="7e151f15-ef06-48c8-931e-c7bd66a768e9" testId="20168e3c-0286-024a-49b6-fca5265afe6a" testName="TenderNeutralManage_RecognisedUser_ErrorMessageDisplayedForPendingUserWhenTryingToAssociateDisplayedSuccessfully" computerName="U00979650" duration="00:00:55.9238644" startTime="2016-03-09T11:52:15.8135331-08:00" endTime="2016-03-09T11:53:11.7457462-08:00" testType="13cdc9d9-ddb5-4fa4-a97d-d965ccfc6d4b" outcome="Inconclusive" testListId="8c84fa94-04c1-424b-9868-57a2d4851a1d" relativeResultsDirectory="7e151f15-ef06-48c8-931e-c7bd66a768e9">
      <Output>
        <DebugTrace>Page loaded succesfully with URL = https://tsecure.dev.nordstrom.com/signIn.aspx
Page loaded succesfully with URL = https://tsecure.dev.nordstrom.com/signIn.aspx
Page loaded succesfully with URL = https://tsecure.dev.nordstrom.com/signIn.aspx
Page loaded succesfully with URL = https://tsecure.dev.nordstrom.com/signIn.aspx
Timed out waiting for element to be visible with locator: By.CssSelector: #ctl00_backgroundOverlay
WaitForElementToDisappear: Given Locator did not appear after 10 seconds - but ok - locator id: By.CssSelector: #ctl00_backgroundOverlay
Timed out waiting for element to be visible with locator: By.LinkText: Sign Out
Timed out waiting for element to be visible with locator: By.LinkText: Sign Out
VerifyCreatedAccount: sign out link is not visible
CreateNordAccount: Exception occured when creating new account: exception = 'Assert.IsTrue failed. Verify a new account has been created successfully with email '20160309-115228-666bzszmk3ta06sj8u8ostfgyckrz7t1dp5brrpgpa0u8hqyxyfq1owrhd''
Exception: The remote server returned an error: (400) Bad Request.Service center could not create an enrolled loyalty customer successfully.</DebugTrace>
        <ErrorInfo>
          <Message>Assert.Inconclusive failed. Could not create a service center enrolled user so we can stop here.</Message>
          <StackTrace>   at Nordstrom.Web.Test.UI.LoyaltyWeb.Tests.LoyaltyManageTests.TenderNeutralManage_RecognisedUser_ErrorMessageDisplayedForPendingUserWhenTryingToAssociateDisplayedSuccessfully() in c:\Ecommerce\Web\Test\UI\LoyaltyWeb\LoyaltyWebTest\LoyaltyWebTest\Tests\LoyaltyManageTests.cs:line 182
</StackTrace>
        </ErrorInfo>
      </Output>
    </UnitTestResult>
    <UnitTestResult executionId="cb0e9258-693a-456d-b310-a88c88bfd645" testId="180eedfd-4f3f-877f-423b-892845b5350a" testName="TenderNeutralManage_RecognisedUser_ErrorMessageDisplayedForPendingUserWhenTryingToEnrollDisplayedSuccessfully" computerName="U00979650" duration="00:00:15.9896018" startTime="2016-03-09T11:53:11.7457462-08:00" endTime="2016-03-09T11:53:27.7310015-08:00" testType="13cdc9d9-ddb5-4fa4-a97d-d965ccfc6d4b" outcome="Inconclusive" testListId="8c84fa94-04c1-424b-9868-57a2d4851a1d" relativeResultsDirectory="cb0e9258-693a-456d-b310-a88c88bfd645">
      <Output>
        <DebugTrace>Exception: The remote server returned an error: (400) Bad Request.Service center could not create an enrolled loyalty customer successfully.</DebugTrace>
        <ErrorInfo>
          <Message>Assert.Inconclusive failed. Could not create a service center enrolled user so we can stop here.</Message>
          <StackTrace>   at Nordstrom.Web.Test.UI.LoyaltyWeb.Tests.LoyaltyManageTests.TenderNeutralManage_RecognisedUser_ErrorMessageDisplayedForPendingUserWhenTryingToEnrollDisplayedSuccessfully() in c:\Ecommerce\Web\Test\UI\LoyaltyWeb\LoyaltyWebTest\LoyaltyWebTest\Tests\LoyaltyManageTests.cs:line 87
</StackTrace>
        </ErrorInfo>
      </Output>
    </UnitTestResult>
    <UnitTestResult executionId="37c1197f-5d43-4977-bd01-acbcf6ce2c61" testId="a95a4486-3ea5-c3fc-11e6-f776c56fa481" testName="TenderNeutralRedeem_LoyaltyUserHavingVisaTNNotes_CanApplyTNNotes" computerName="U00979650" duration="00:01:33.8227591" startTime="2016-03-09T11:53:27.7310015-08:00" endTime="2016-03-09T11:55:10.0828485-08:00" testType="13cdc9d9-ddb5-4fa4-a97d-d965ccfc6d4b" outcome="Failed" testListId="8c84fa94-04c1-424b-9868-57a2d4851a1d" relativeResultsDirectory="37c1197f-5d43-4977-bd01-acbcf6ce2c61">
      <Output>
        <DebugTrace>Page loaded succesfully with URL = https://tsecure.dev.nordstrom.com/Rewards/join.aspx
Page loaded succesfully with URL = https://tsecure.dev.nordstrom.com/Rewards/join.aspx
Timed out waiting for element to be visible with locator: By.Id: ctl00_backgroundOverlayProgress
Page loaded succesfully with URL = https://tsecure.dev.nordstrom.com/Rewards/join.aspx
Page loaded succesfully with URL = https://tsecure.dev.nordstrom.com/Rewards/join.aspx
Timed out waiting for element to be visible with locator: By.Id: ctl00_mainContentPlaceHolder_btnVerify
{
  "HttpResponseMessage":[
    {
      "Code":"400",
      "CorrelationId":"5781ba3d-af97-473c-b6b7-0b130bfe7587",
      "Message":"{ \"Message\" : \"Customer Does not Exists\" }"
    }
  ]
}
</DebugTrace>
        <ErrorInfo>
          <Message>Test method Nordstrom.Web.Test.UI.LoyaltyWeb.Tests.LoyaltyRedeemTests.TenderNeutralRedeem_LoyaltyUserHavingVisaTNNotes_CanApplyTNNotes threw exception: 
System.Net.WebException: The remote server returned an error: (400) Bad Request.</Message>
          <StackTrace>    at System.Net.HttpWebRequest.GetResponse()
   at Nordstrom.Web.Test.UI.LoyaltyWeb.Helpers.APIHelperExtensions.PutPhoneIntoDesiredState(String testPhoneNumber, MobileState desiredState) in c:\Ecommerce\Web\Test\UI\LoyaltyWeb\LoyaltyWebTest\LoyaltyWebTest\Helpers\APIHelperExensions.cs:line 541
   at Nordstrom.Web.Test.UI.LoyaltyWeb.Tests.LoyaltyRedeemTests.TenderNeutralRedeem_LoyaltyUserHavingVisaTNNotes_CanApplyTNNotes() in c:\Ecommerce\Web\Test\UI\LoyaltyWeb\LoyaltyWebTest\LoyaltyWebTest\Tests\LoyaltyRedeemTests.cs:line 169
</StackTrace>
        </ErrorInfo>
      </Output>
    </UnitTestResult>
    <UnitTestResult executionId="e74ebe6d-bf8d-49b7-8c86-7dfda42aea0b" testId="2f3eccac-4502-8517-62a8-7c06b3c32b81" testName="TenderNeutralRedeem_LoyaltyUserNotAssociatedButHavingOneTNNote_VerifyNoNoteIsVisible" computerName="U00979650" duration="00:01:05.7063215" startTime="2016-03-09T11:55:10.0828485-08:00" endTime="2016-03-09T11:56:15.7954556-08:00" testType="13cdc9d9-ddb5-4fa4-a97d-d965ccfc6d4b" outcome="Failed" testListId="8c84fa94-04c1-424b-9868-57a2d4851a1d" relativeResultsDirectory="e74ebe6d-bf8d-49b7-8c86-7dfda42aea0b">
      <Output>
        <DebugTrace>Exception: The remote server returned an error: (404) Not Found.</DebugTrace>
        <ErrorInfo>
          <Message>Test method Nordstrom.Web.Test.UI.LoyaltyWeb.Tests.LoyaltyRedeemTests.TenderNeutralRedeem_LoyaltyUserNotAssociatedButHavingOneTNNote_VerifyNoNoteIsVisible threw exception: 
System.NullReferenceException: Object reference not set to an instance of an object.</Message>
          <StackTrace>    at Nordstrom.Web.Test.UI.LoyaltyWeb.Tests.LoyaltyRedeemTests.TenderNeutralRedeem_LoyaltyUserNotAssociatedButHavingOneTNNote_VerifyNoNoteIsVisible() in c:\Ecommerce\Web\Test\UI\LoyaltyWeb\LoyaltyWebTest\LoyaltyWebTest\Tests\LoyaltyRedeemTests.cs:line 139
</StackTrace>
        </ErrorInfo>
      </Output>
    </UnitTestResult>
    <UnitTestResult executionId="c5a5ea4e-5ca4-4c33-938f-5e7b2595e8d9" testId="22909370-6345-6e89-a2f4-eb0af6da776a" testName="TenderNeutralRedeem_LoyaltyUserWithMultipleTNNotes_VerifyAllNotesAreVisible" computerName="U00979650" duration="00:01:30.5746019" startTime="2016-03-09T11:56:15.7954556-08:00" endTime="2016-03-09T11:57:46.3888241-08:00" testType="13cdc9d9-ddb5-4fa4-a97d-d965ccfc6d4b" outcome="Failed" testListId="8c84fa94-04c1-424b-9868-57a2d4851a1d" relativeResultsDirectory="c5a5ea4e-5ca4-4c33-938f-5e7b2595e8d9">
      <Output>
        <DebugTrace>Page loaded succesfully with URL = https://tsecure.dev.nordstrom.com/Rewards/join.aspx
Page loaded succesfully with URL = https://tsecure.dev.nordstrom.com/Rewards/join.aspx
Timed out waiting for element to be visible with locator: By.Id: ctl00_backgroundOverlayProgress
Page loaded succesfully with URL = https://tsecure.dev.nordstrom.com/Rewards/join.aspx
Page loaded succesfully with URL = https://tsecure.dev.nordstrom.com/Rewards/join.aspx
Timed out waiting for element to be visible with locator: By.Id: ctl00_mainContentPlaceHolder_btnVerify
{
  "HttpResponseMessage":[
    {
      "Code":"400",
      "CorrelationId":"b8642ccd-6dd4-4cd7-8c7d-f6bc270f8e45",
      "Message":"{ \"Message\" : \"Customer Does not Exists\" }"
    }
  ]
}
</DebugTrace>
        <ErrorInfo>
          <Message>Test method Nordstrom.Web.Test.UI.LoyaltyWeb.Tests.LoyaltyRedeemTests.TenderNeutralRedeem_LoyaltyUserWithMultipleTNNotes_VerifyAllNotesAreVisible threw exception: 
System.Net.WebException: The remote server returned an error: (400) Bad Request.</Message>
          <StackTrace>    at System.Net.HttpWebRequest.GetResponse()
   at Nordstrom.Web.Test.UI.LoyaltyWeb.Helpers.APIHelperExtensions.PutPhoneIntoDesiredState(String testPhoneNumber, MobileState desiredState) in c:\Ecommerce\Web\Test\UI\LoyaltyWeb\LoyaltyWebTest\LoyaltyWebTest\Helpers\APIHelperExensions.cs:line 541
   at Nordstrom.Web.Test.UI.LoyaltyWeb.Tests.LoyaltyRedeemTests.TenderNeutralRedeem_LoyaltyUserWithMultipleTNNotes_VerifyAllNotesAreVisible() in c:\Ecommerce\Web\Test\UI\LoyaltyWeb\LoyaltyWebTest\LoyaltyWebTest\Tests\LoyaltyRedeemTests.cs:line 43
</StackTrace>
        </ErrorInfo>
      </Output>
    </UnitTestResult>
    <UnitTestResult executionId="cb0064f3-9e94-43e3-b59c-bf4cdde33cdb" testId="55968c58-287a-9941-89e4-749ee48e02f2" testName="TenderNeutralRedeem_LoyaltyUserWithNoNotes_VerifyNoTNNotesVisibleButThanksForBeingRewardMemberMessage" computerName="U00979650" duration="00:01:29.0983413" startTime="2016-03-09T11:57:46.3888241-08:00" endTime="2016-03-09T11:59:15.4827545-08:00" testType="13cdc9d9-ddb5-4fa4-a97d-d965ccfc6d4b" outcome="Failed" testListId="8c84fa94-04c1-424b-9868-57a2d4851a1d" relativeResultsDirectory="cb0064f3-9e94-43e3-b59c-bf4cdde33cdb">
      <Output>
        <DebugTrace>Page loaded succesfully with URL = https://tsecure.dev.nordstrom.com/Rewards/join.aspx
Page loaded succesfully with URL = https://tsecure.dev.nordstrom.com/Rewards/join.aspx
Timed out waiting for element to be visible with locator: By.Id: ctl00_backgroundOverlayProgress
Page loaded succesfully with URL = https://tsecure.dev.nordstrom.com/Rewards/join.aspx
Page loaded succesfully with URL = https://tsecure.dev.nordstrom.com/Rewards/join.aspx
Timed out waiting for element to be visible with locator: By.Id: ctl00_mainContentPlaceHolder_btnVerify
{
  "HttpResponseMessage":[
    {
      "Code":"400",
      "CorrelationId":"d2ff6c31-2c97-4033-8894-7efd13025646",
      "Message":"{ \"Message\" : \"Customer Does not Exists\" }"
    }
  ]
}
</DebugTrace>
        <ErrorInfo>
          <Message>Test method Nordstrom.Web.Test.UI.LoyaltyWeb.Tests.LoyaltyRedeemTests.TenderNeutralRedeem_LoyaltyUserWithNoNotes_VerifyNoTNNotesVisibleButThanksForBeingRewardMemberMessage threw exception: 
System.Net.WebException: The remote server returned an error: (400) Bad Request.</Message>
          <StackTrace>    at System.Net.HttpWebRequest.GetResponse()
   at Nordstrom.Web.Test.UI.LoyaltyWeb.Helpers.APIHelperExtensions.PutPhoneIntoDesiredState(String testPhoneNumber, MobileState desiredState) in c:\Ecommerce\Web\Test\UI\LoyaltyWeb\LoyaltyWebTest\LoyaltyWebTest\Helpers\APIHelperExensions.cs:line 541
   at Nordstrom.Web.Test.UI.LoyaltyWeb.Tests.LoyaltyRedeemTests.TenderNeutralRedeem_LoyaltyUserWithNoNotes_VerifyNoTNNotesVisibleButThanksForBeingRewardMemberMessage() in c:\Ecommerce\Web\Test\UI\LoyaltyWeb\LoyaltyWebTest\LoyaltyWebTest\Tests\LoyaltyRedeemTests.cs:line 75
</StackTrace>
        </ErrorInfo>
      </Output>
    </UnitTestResult>
    <UnitTestResult executionId="dd500c3f-7e19-49cd-91a0-354fc8280b26" testId="90d9a6fa-b79f-0afe-7e63-74c4de4a3610" testName="TenderNeutralRedeem_LoyaltyUserWithThreeTNCanadianNotes_VerifyThreeTNNotesAreNotVisible" computerName="U00979650" duration="00:01:02.0361394" startTime="2016-03-09T11:59:15.4827545-08:00" endTime="2016-03-09T12:00:17.5332290-08:00" testType="13cdc9d9-ddb5-4fa4-a97d-d965ccfc6d4b" outcome="Inconclusive" testListId="8c84fa94-04c1-424b-9868-57a2d4851a1d" relativeResultsDirectory="dd500c3f-7e19-49cd-91a0-354fc8280b26">
      <Output>
        <ErrorInfo>
          <Message>Assert.Inconclusive failed. Could not create a canadian customer and you can stop test here.</Message>
          <StackTrace>   at Nordstrom.Web.Test.UI.LoyaltyWeb.Tests.LoyaltyRedeemTests.TenderNeutralRedeem_LoyaltyUserWithThreeTNCanadianNotes_VerifyThreeTNNotesAreNotVisible() in c:\Ecommerce\Web\Test\UI\LoyaltyWeb\LoyaltyWebTest\LoyaltyWebTest\Tests\LoyaltyRedeemTests.cs:line 101
</StackTrace>
        </ErrorInfo>
      </Output>
    </UnitTestResult>
    <UnitTestResult executionId="47ed299b-00b3-446d-9a65-019c765e6943" testId="2fba05dc-8e32-230c-4c32-6d3e035edf6b" testName="NavigationToLoyaltyWebPage_TenderNeutralEnrollFeatureFlagOff_UserRedirectedToHomePage" computerName="U00979650" duration="00:01:04.3384902" startTime="2016-03-09T12:00:17.5332290-08:00" endTime="2016-03-09T12:02:20.6048196-08:00" testType="13cdc9d9-ddb5-4fa4-a97d-d965ccfc6d4b" outcome="Passed" testListId="8c84fa94-04c1-424b-9868-57a2d4851a1d" relativeResultsDirectory="47ed299b-00b3-446d-9a65-019c765e6943">
    </UnitTestResult>
    <UnitTestResult executionId="82239a0c-c831-430c-8a38-3d1351aef96d" testId="91fc2c54-fa00-de8f-2c58-70556aad52af" testName="NavigationToLoyaltyWebPage_TenderNeutralEnrollFeatureFlagOn_UserLandOnLoyaltyWebPageSuccessful" computerName="U00979650" duration="00:00:24.0479745" startTime="2016-03-09T12:02:20.6048196-08:00" endTime="2016-03-09T12:02:44.6590496-08:00" testType="13cdc9d9-ddb5-4fa4-a97d-d965ccfc6d4b" outcome="Passed" testListId="8c84fa94-04c1-424b-9868-57a2d4851a1d" relativeResultsDirectory="82239a0c-c831-430c-8a38-3d1351aef96d">
      <Output>
        <DebugTrace>Page loaded succesfully with URL = https://tsecure.dev.nordstrom.com/Rewards/join.aspx
Page loaded succesfully with URL = https://tsecure.dev.nordstrom.com/Rewards/join.aspx
Element is not Valid: Exception =Could not find element by: By.CssSelector: span[id='ctl00_mainContentPlaceHolder_cvCheckBoxRequired']
</DebugTrace>
      </Output>
    </UnitTestResult>
    <UnitTestResult executionId="0bee524d-c6c7-4f18-a916-dc11a37ea5e6" testId="f8d1d988-f943-40e2-ee28-4a7d97a4b357" testName="TenderNeutralRewardsEnroll_AuthenticatedUserVerifyLinksOnThePage_LinksShouldNavigatetoCorrectUrls" computerName="U00979650" duration="00:01:23.6429816" startTime="2016-03-09T12:02:44.6590496-08:00" endTime="2016-03-09T12:04:08.3052306-08:00" testType="13cdc9d9-ddb5-4fa4-a97d-d965ccfc6d4b" outcome="Failed" testListId="8c84fa94-04c1-424b-9868-57a2d4851a1d" relativeResultsDirectory="0bee524d-c6c7-4f18-a916-dc11a37ea5e6">
      <Output>
        <DebugTrace>Page loaded succesfully with URL = https://tsecure.dev.nordstrom.com/signIn.aspx
Page loaded succesfully with URL = https://tsecure.dev.nordstrom.com/signIn.aspx
Page loaded succesfully with URL = https://tsecure.dev.nordstrom.com/signIn.aspx
Page loaded succesfully with URL = https://tsecure.dev.nordstrom.com/signIn.aspx
Timed out waiting for element to be visible with locator: By.CssSelector: #ctl00_backgroundOverlay
WaitForElementToDisappear: Given Locator did not appear after 10 seconds - but ok - locator id: By.CssSelector: #ctl00_backgroundOverlay
Timed out waiting for element to be visible with locator: By.LinkText: Sign Out
Timed out waiting for element to be visible with locator: By.LinkText: Sign Out
VerifyCreatedAccount: sign out link is not visible
CreateNordAccount: Exception occured when creating new account: exception = 'Assert.IsTrue failed. Verify a new account has been created successfully with email '20160309-120257-27127i9flslzeqj03r0b''
Page loaded succesfully with URL = https://tsecure.dev.nordstrom.com/Rewards/join.aspx
Page loaded succesfully with URL = https://tsecure.dev.nordstrom.com/Rewards/join.aspx
Timed out waiting for element to be visible with locator: By.CssSelector: h1:contains('Terms &amp; Conditions')
Timed out waiting for element to be visible with locator: By.CssSelector: a[href*='c/rewards-cards']
</DebugTrace>
        <ErrorInfo>
          <Message>Test method Nordstrom.Web.Test.UI.LoyaltyWeb.Tests.LoyaltyRegisterTests.TenderNeutralRewardsEnroll_AuthenticatedUserVerifyLinksOnThePage_LinksShouldNavigatetoCorrectUrls threw exception: 
OpenQA.Selenium.ElementNotVisibleException: element not visible
  (Session info: chrome=48.0.2564.116)
  (Driver info: chromedriver=2.20.353145 (343b531d31eeb933ec778dbcf7081628a1396067),platform=Windows NT 6.1 SP1 x86_64)</Message>
          <StackTrace>    at OpenQA.Selenium.Remote.RemoteWebDriver.UnpackAndThrowOnError(Response errorResponse)
   at OpenQA.Selenium.Remote.RemoteWebDriver.Execute(String driverCommandToExecute, Dictionary`2 parameters)
   at OpenQA.Selenium.Remote.RemoteWebElement.Click()
   at Nordstrom.ECommerce.Test.SeleniumHelper.SeleniumActionHelper.Click(By locator, IWebElement element)
   at Nordstrom.Web.Test.UI.Common.PageObjects.LoyaltyRegisterPage.NavigateToApplyTodayLink() in c:\Ecommerce\Web\Test\UI\Common\PageObjects\LoyaltyRegisterPage.cs:line 777
   at Nordstrom.Web.Test.UI.LoyaltyWeb.Tests.LoyaltyRegisterTests.TenderNeutralRewardsEnroll_AuthenticatedUserVerifyLinksOnThePage_LinksShouldNavigatetoCorrectUrls() in c:\Ecommerce\Web\Test\UI\LoyaltyWeb\LoyaltyWebTest\LoyaltyWebTest\Tests\LoyaltyRegisterTests.cs:line 1022
</StackTrace>
        </ErrorInfo>
      </Output>
    </UnitTestResult>
    <UnitTestResult executionId="e20c518a-1d39-4b38-87d4-ee325c64dbd2" testId="4c12be88-4a9f-f28b-49f5-85832c4c7a5f" testName="TenderNeutralRewardsEnroll_EnrollingRecognizedUser_ShouldPassInEnroll" computerName="U00979650" duration="00:00:57.8747910" startTime="2016-03-09T12:04:08.3208307-08:00" endTime="2016-03-09T12:05:06.1866383-08:00" testType="13cdc9d9-ddb5-4fa4-a97d-d965ccfc6d4b" outcome="Failed" testListId="8c84fa94-04c1-424b-9868-57a2d4851a1d" relativeResultsDirectory="e20c518a-1d39-4b38-87d4-ee325c64dbd2">
      <Output>
        <DebugTrace>Page loaded succesfully with URL = https://tsecure.dev.nordstrom.com/signIn.aspx
Page loaded succesfully with URL = https://tsecure.dev.nordstrom.com/signIn.aspx
Page loaded succesfully with URL = https://tsecure.dev.nordstrom.com/signIn.aspx
Page loaded succesfully with URL = https://tsecure.dev.nordstrom.com/signIn.aspx
Timed out waiting for element to be visible with locator: By.CssSelector: #ctl00_backgroundOverlay
WaitForElementToDisappear: Given Locator did not appear after 10 seconds - but ok - locator id: By.CssSelector: #ctl00_backgroundOverlay
Timed out waiting for element to be visible with locator: By.LinkText: Sign Out
Timed out waiting for element to be visible with locator: By.LinkText: Sign Out
VerifyCreatedAccount: sign out link is not visible
CreateNordAccount: Exception occured when creating new account: exception = 'Assert.IsTrue failed. Verify a new account has been created successfully with email '20160309-120418-33127i9flslzeqj03r0b''
Page loaded succesfully with URL = https://tsecure.dev.nordstrom.com/Rewards/join.aspx
Page loaded succesfully with URL = https://tsecure.dev.nordstrom.com/Rewards/join.aspx
Failed to set focus for the control with locator 'By.Id: txtUserPassword'
element not visible
  (Session info: chrome=48.0.2564.116)
  (Driver info: chromedriver=2.20.353145 (343b531d31eeb933ec778dbcf7081628a1396067),platform=Windows NT 6.1 SP1 x86_64)
</DebugTrace>
        <ErrorInfo>
          <Message>Test method Nordstrom.Web.Test.UI.LoyaltyWeb.Tests.LoyaltyRegisterTests.TenderNeutralRewardsEnroll_EnrollingRecognizedUser_ShouldPassInEnroll threw exception: 
OpenQA.Selenium.InvalidElementStateException: invalid element state: Element is not currently interactable and may not be manipulated
  (Session info: chrome=48.0.2564.116)
  (Driver info: chromedriver=2.20.353145 (343b531d31eeb933ec778dbcf7081628a1396067),platform=Windows NT 6.1 SP1 x86_64)</Message>
          <StackTrace>    at OpenQA.Selenium.Remote.RemoteWebDriver.UnpackAndThrowOnError(Response errorResponse)
   at OpenQA.Selenium.Remote.RemoteWebDriver.Execute(String driverCommandToExecute, Dictionary`2 parameters)
   at OpenQA.Selenium.Remote.RemoteWebElement.Clear()
   at Nordstrom.ECommerce.Test.SeleniumHelper.SeleniumActionHelper.SendKeys(String text, By locator, IWebElement element, Boolean clearField)
   at Nordstrom.Web.Test.UI.Common.PageObjects.LoyaltyRegisterPage.FillEnrollForm(UsersUser user, UserType usertype, String confirmPassword) in c:\Ecommerce\Web\Test\UI\Common\PageObjects\LoyaltyRegisterPage.cs:line 376
   at Nordstrom.Web.Test.UI.LoyaltyWeb.Tests.LoyaltyRegisterTests.TenderNeutralRewardsEnroll_EnrollingRecognizedUser_ShouldPassInEnroll() in c:\Ecommerce\Web\Test\UI\LoyaltyWeb\LoyaltyWebTest\LoyaltyWebTest\Tests\LoyaltyRegisterTests.cs:line 388
</StackTrace>
        </ErrorInfo>
      </Output>
    </UnitTestResult>
    <UnitTestResult executionId="a3100573-8a43-4c2f-b176-fb4b070cce10" testId="9af02bea-3c71-b965-ab70-11128f2cbf09" testName="TenderNeutralRewardsEnroll_EnrollingWebAuthenticatedUser_LoyaltyWebAccountCreatedSuccessfully" computerName="U00979650" duration="00:01:21.1174358" startTime="2016-03-09T12:05:06.1866383-08:00" endTime="2016-03-09T12:06:27.3142717-08:00" testType="13cdc9d9-ddb5-4fa4-a97d-d965ccfc6d4b" outcome="Failed" testListId="8c84fa94-04c1-424b-9868-57a2d4851a1d" relativeResultsDirectory="a3100573-8a43-4c2f-b176-fb4b070cce10">
      <Output>
        <DebugTrace>Page loaded succesfully with URL = https://tsecure.dev.nordstrom.com/signIn.aspx
Page loaded succesfully with URL = https://tsecure.dev.nordstrom.com/signIn.aspx
Page loaded succesfully with URL = https://tsecure.dev.nordstrom.com/signIn.aspx
Page loaded succesfully with URL = https://tsecure.dev.nordstrom.com/signIn.aspx
Timed out waiting for element to be visible with locator: By.CssSelector: #ctl00_backgroundOverlay
WaitForElementToDisappear: Given Locator did not appear after 10 seconds - but ok - locator id: By.CssSelector: #ctl00_backgroundOverlay
Timed out waiting for element to be visible with locator: By.LinkText: Sign Out
Timed out waiting for element to be visible with locator: By.LinkText: Sign Out
VerifyCreatedAccount: sign out link is not visible
CreateNordAccount: Exception occured when creating new account: exception = 'Assert.IsTrue failed. Verify a new account has been created successfully with email '20160309-120516-418''
Page loaded succesfully with URL = https://tsecure.dev.nordstrom.com/Rewards/join.aspx
Page loaded succesfully with URL = https://tsecure.dev.nordstrom.com/Rewards/join.aspx
Element is not Valid: Exception =Could not find element by: By.CssSelector: span[id='ctl00_mainContentPlaceHolder_cvCheckBoxRequired']
Timed out waiting for element to be visible with locator: By.Id: ctl00_backgroundOverlayProgress
Page loaded succesfully with URL = https://tsecure.dev.nordstrom.com/Rewards/join.aspx
Page loaded succesfully with URL = https://tsecure.dev.nordstrom.com/Rewards/join.aspx
Timed out waiting for element to be visible with locator: By.Id: ctl00_mainContentPlaceHolder_btnVerify
</DebugTrace>
        <ErrorInfo>
          <Message>Assert.IsTrue failed. Navigation to mobile verification page on clicking Join button is not successful</Message>
          <StackTrace>   at Nordstrom.Web.Test.UI.LoyaltyWeb.Tests.LoyaltyRegisterTests.TenderNeutralRewardsEnroll_EnrollingWebAuthenticatedUser_LoyaltyWebAccountCreatedSuccessfully() in c:\Ecommerce\Web\Test\UI\LoyaltyWeb\LoyaltyWebTest\LoyaltyWebTest\Tests\LoyaltyRegisterTests.cs:line 370
</StackTrace>
        </ErrorInfo>
      </Output>
    </UnitTestResult>
    <UnitTestResult executionId="379aa9d3-eab0-41f8-b898-29785fb10dc3" testId="e9ae877f-4183-675d-0b5d-a08e0f4a7357" testName="TenderNeutralRewardsEnroll_EnrollingWebGuestUserWithMoreThan16CharactersInFirstName_ThrowsError" computerName="U00979650" duration="00:00:26.2756396" startTime="2016-03-09T12:06:27.3142717-08:00" endTime="2016-03-09T12:06:53.5971257-08:00" testType="13cdc9d9-ddb5-4fa4-a97d-d965ccfc6d4b" outcome="Passed" testListId="8c84fa94-04c1-424b-9868-57a2d4851a1d" relativeResultsDirectory="379aa9d3-eab0-41f8-b898-29785fb10dc3">
      <Output>
        <DebugTrace>Page loaded succesfully with URL = https://tsecure.dev.nordstrom.com/Rewards/join.aspx
Page loaded succesfully with URL = https://tsecure.dev.nordstrom.com/Rewards/join.aspx
</DebugTrace>
      </Output>
    </UnitTestResult>
    <UnitTestResult executionId="fde16524-e4ba-4654-bb26-7fef98e114a5" testId="38cd08a7-bad1-f6a2-46e6-36fcd5a41d05" testName="TenderNeutralRewardsEnroll_EnrollingWebGuestUserWithMoreThan16CharactersInLastName_ThrowsError" computerName="U00979650" duration="00:00:23.8324225" startTime="2016-03-09T12:06:53.5971257-08:00" endTime="2016-03-09T12:07:17.4289241-08:00" testType="13cdc9d9-ddb5-4fa4-a97d-d965ccfc6d4b" outcome="Passed" testListId="8c84fa94-04c1-424b-9868-57a2d4851a1d" relativeResultsDirectory="fde16524-e4ba-4654-bb26-7fef98e114a5">
      <Output>
        <DebugTrace>Page loaded succesfully with URL = https://tsecure.dev.nordstrom.com/Rewards/join.aspx
Page loaded succesfully with URL = https://tsecure.dev.nordstrom.com/Rewards/join.aspx
</DebugTrace>
      </Output>
    </UnitTestResult>
    <UnitTestResult executionId="3ed0f516-07ca-45b5-81bf-a9cc1ee797f1" testId="064f54e5-c571-f70a-9341-343431e2ecb1" testName="TenderNeutralRewardsEnroll_EnrollingWebGuestUserWithSpecialCharacterInFirstName_ThrowsError" computerName="U00979650" duration="00:00:22.5300804" startTime="2016-03-09T12:07:17.4289241-08:00" endTime="2016-03-09T12:07:39.9601989-08:00" testType="13cdc9d9-ddb5-4fa4-a97d-d965ccfc6d4b" outcome="Passed" testListId="8c84fa94-04c1-424b-9868-57a2d4851a1d" relativeResultsDirectory="3ed0f516-07ca-45b5-81bf-a9cc1ee797f1">
      <Output>
        <DebugTrace>Page loaded succesfully with URL = https://tsecure.dev.nordstrom.com/Rewards/join.aspx
Page loaded succesfully with URL = https://tsecure.dev.nordstrom.com/Rewards/join.aspx
</DebugTrace>
      </Output>
    </UnitTestResult>
    <UnitTestResult executionId="d261bd00-983a-4df8-8d85-51fed5c1a907" testId="61937339-be54-ec8c-0d21-df5984f59c3c" testName="TenderNeutralRewardsEnroll_EnrollingWebGuestUserWithSpecialCharacterInLastName_ThrowsError" computerName="U00979650" duration="00:00:22.7425845" startTime="2016-03-09T12:07:39.9757990-08:00" endTime="2016-03-09T12:08:02.7144957-08:00" testType="13cdc9d9-ddb5-4fa4-a97d-d965ccfc6d4b" outcome="Passed" testListId="8c84fa94-04c1-424b-9868-57a2d4851a1d" relativeResultsDirectory="d261bd00-983a-4df8-8d85-51fed5c1a907">
      <Output>
        <DebugTrace>Page loaded succesfully with URL = https://tsecure.dev.nordstrom.com/Rewards/join.aspx
Page loaded succesfully with URL = https://tsecure.dev.nordstrom.com/Rewards/join.aspx
</DebugTrace>
      </Output>
    </UnitTestResult>
    <UnitTestResult executionId="f6451c25-570a-48f4-8df2-c4c4eeda46b7" testId="f72a1255-b107-03b4-c8f7-9fa5d6fa676d" testName="TenderNeutralRewardsEnroll_GuestUserVerifyLinksOnThePage_LinksShouldNavigatetoCorrectUrls" computerName="U00979650" duration="00:00:46.3548597" startTime="2016-03-09T12:08:02.7144957-08:00" endTime="2016-03-09T12:08:49.0675539-08:00" testType="13cdc9d9-ddb5-4fa4-a97d-d965ccfc6d4b" outcome="Failed" testListId="8c84fa94-04c1-424b-9868-57a2d4851a1d" relativeResultsDirectory="f6451c25-570a-48f4-8df2-c4c4eeda46b7">
      <Output>
        <DebugTrace>Page loaded succesfully with URL = https://tsecure.dev.nordstrom.com/Rewards/join.aspx
Page loaded succesfully with URL = https://tsecure.dev.nordstrom.com/Rewards/join.aspx
Element is not Valid: Exception =Could not find element by: By.Id: ctl00_mainContentPlaceHolder_PasswrodSubhead
Timed out waiting for element to be visible with locator: By.CssSelector: h1:contains('Terms &amp; Conditions')
Timed out waiting for element to be visible with locator: By.CssSelector: a[href*='c/rewards-cards']
</DebugTrace>
        <ErrorInfo>
          <Message>Test method Nordstrom.Web.Test.UI.LoyaltyWeb.Tests.LoyaltyRegisterTests.TenderNeutralRewardsEnroll_GuestUserVerifyLinksOnThePage_LinksShouldNavigatetoCorrectUrls threw exception: 
OpenQA.Selenium.ElementNotVisibleException: element not visible
  (Session info: chrome=48.0.2564.116)
  (Driver info: chromedriver=2.20.353145 (343b531d31eeb933ec778dbcf7081628a1396067),platform=Windows NT 6.1 SP1 x86_64)</Message>
          <StackTrace>    at OpenQA.Selenium.Remote.RemoteWebDriver.UnpackAndThrowOnError(Response errorResponse)
   at OpenQA.Selenium.Remote.RemoteWebDriver.Execute(String driverCommandToExecute, Dictionary`2 parameters)
   at OpenQA.Selenium.Remote.RemoteWebElement.Click()
   at Nordstrom.ECommerce.Test.SeleniumHelper.SeleniumActionHelper.Click(By locator, IWebElement element)
   at Nordstrom.Web.Test.UI.Common.PageObjects.LoyaltyRegisterPage.NavigateToApplyTodayLink() in c:\Ecommerce\Web\Test\UI\Common\PageObjects\LoyaltyRegisterPage.cs:line 777
   at Nordstrom.Web.Test.UI.LoyaltyWeb.Tests.LoyaltyRegisterTests.TenderNeutralRewardsEnroll_GuestUserVerifyLinksOnThePage_LinksShouldNavigatetoCorrectUrls() in c:\Ecommerce\Web\Test\UI\LoyaltyWeb\LoyaltyWebTest\LoyaltyWebTest\Tests\LoyaltyRegisterTests.cs:line 1004
</StackTrace>
        </ErrorInfo>
      </Output>
    </UnitTestResult>
    <UnitTestResult executionId="4284cd53-7d03-4576-996d-3a0224009d1d" testId="169300af-c9d6-bea9-a1ff-7a9ed89bad16" testName="TenderNeutralRewardsEnroll_LoyaltyTenderNeutralGuestUserConfirmPasswordField_MismatchErrorMessageDisplayedSuccessfully" computerName="U00979650" duration="00:00:22.8420811" startTime="2016-03-09T12:08:49.0675539-08:00" endTime="2016-03-09T12:09:11.9178606-08:00" testType="13cdc9d9-ddb5-4fa4-a97d-d965ccfc6d4b" outcome="Passed" testListId="8c84fa94-04c1-424b-9868-57a2d4851a1d" relativeResultsDirectory="4284cd53-7d03-4576-996d-3a0224009d1d">
      <Output>
        <DebugTrace>Page loaded succesfully with URL = https://tsecure.dev.nordstrom.com/Rewards/join.aspx
Page loaded succesfully with URL = https://tsecure.dev.nordstrom.com/Rewards/join.aspx
</DebugTrace>
      </Output>
    </UnitTestResult>
    <UnitTestResult executionId="555a566d-0b74-4263-9ca3-bc352e6d0ae0" testId="148b8285-3f85-b0e9-45c5-e3a35357648d" testName="TenderNeutralRewardsEnroll_LoyaltyTenderNeutralGuestUserEmailField_ErrorMessageDisplayedSuccessfully" computerName="U00979650" duration="00:00:23.2211592" startTime="2016-03-09T12:09:11.9178606-08:00" endTime="2016-03-09T12:09:35.1500008-08:00" testType="13cdc9d9-ddb5-4fa4-a97d-d965ccfc6d4b" outcome="Passed" testListId="8c84fa94-04c1-424b-9868-57a2d4851a1d" relativeResultsDirectory="555a566d-0b74-4263-9ca3-bc352e6d0ae0">
      <Output>
        <DebugTrace>Page loaded succesfully with URL = https://tsecure.dev.nordstrom.com/Rewards/join.aspx
Page loaded succesfully with URL = https://tsecure.dev.nordstrom.com/Rewards/join.aspx
</DebugTrace>
      </Output>
    </UnitTestResult>
    <UnitTestResult executionId="6478afff-1d63-43a2-95f9-5aad64a466a2" testId="c8a4a135-d987-2e7d-2a98-5bd08c54a876" testName="TenderNeutralRewardsEnroll_LoyaltyTenderNeutralGuestUserInvalidPhoneNumberFieldEntry_ErrorMessageDisplayedSuccessfully" computerName="U00979650" duration="00:00:23.1090797" startTime="2016-03-09T12:09:35.1500008-08:00" endTime="2016-03-09T12:09:58.2583333-08:00" testType="13cdc9d9-ddb5-4fa4-a97d-d965ccfc6d4b" outcome="Passed" testListId="8c84fa94-04c1-424b-9868-57a2d4851a1d" relativeResultsDirectory="6478afff-1d63-43a2-95f9-5aad64a466a2">
      <Output>
        <DebugTrace>Page loaded succesfully with URL = https://tsecure.dev.nordstrom.com/Rewards/join.aspx
Page loaded succesfully with URL = https://tsecure.dev.nordstrom.com/Rewards/join.aspx
</DebugTrace>
      </Output>
    </UnitTestResult>
    <UnitTestResult executionId="e91abc15-1d77-46e1-bfb4-42ec50f239f7" testId="72996ae9-d26e-5102-cc53-f3f23240ab87" testName="TenderNeutralRewardsEnroll_LoyaltyTenderNeutralGuestUserPasswordFieldSpecialCharactersEntry_ErrorMessageDisplayedSuccessfully" computerName="U00979650" duration="00:00:29.5294450" startTime="2016-03-09T12:09:58.2583333-08:00" endTime="2016-03-09T12:10:27.7863074-08:00" testType="13cdc9d9-ddb5-4fa4-a97d-d965ccfc6d4b" outcome="Passed" testListId="8c84fa94-04c1-424b-9868-57a2d4851a1d" relativeResultsDirectory="e91abc15-1d77-46e1-bfb4-42ec50f239f7">
      <Output>
        <DebugTrace>Page loaded succesfully with URL = https://tsecure.dev.nordstrom.com/Rewards/join.aspx
Page loaded succesfully with URL = https://tsecure.dev.nordstrom.com/Rewards/join.aspx
</DebugTrace>
      </Output>
    </UnitTestResult>
    <UnitTestResult executionId="f8d3b1ff-20c4-4f3d-9822-6636744f7bc2" testId="d6a678c1-9a2a-211a-0a65-b35f90d48e7a" testName="TenderNeutralRewardsEnroll_LoyaltyTenderNeutralGuestUserPhoneNumberFieldSpecialCharactersEntry_ErrorMessageDisplayedSuccessfully" computerName="U00979650" duration="00:00:23.0038433" startTime="2016-03-09T12:10:27.7863074-08:00" endTime="2016-03-09T12:10:50.8040317-08:00" testType="13cdc9d9-ddb5-4fa4-a97d-d965ccfc6d4b" outcome="Passed" testListId="8c84fa94-04c1-424b-9868-57a2d4851a1d" relativeResultsDirectory="f8d3b1ff-20c4-4f3d-9822-6636744f7bc2">
      <Output>
        <DebugTrace>Page loaded succesfully with URL = https://tsecure.dev.nordstrom.com/Rewards/join.aspx
Page loaded succesfully with URL = https://tsecure.dev.nordstrom.com/Rewards/join.aspx
</DebugTrace>
      </Output>
    </UnitTestResult>
    <UnitTestResult executionId="f4486a0d-b2ac-4515-b8c6-620abf2016d2" testId="5e90776e-c948-1da3-08bd-ad7b4be24524" testName="TenderNeutralRewardsEnroll_LoyaltyTenderNeutralRegisteredAuthenticatedUser_EmailPrePopulationVerificationSuccessful" computerName="U00979650" duration="00:01:06.2191297" startTime="2016-03-09T12:10:50.8040317-08:00" endTime="2016-03-09T12:11:57.0296752-08:00" testType="13cdc9d9-ddb5-4fa4-a97d-d965ccfc6d4b" outcome="Passed" testListId="8c84fa94-04c1-424b-9868-57a2d4851a1d" relativeResultsDirectory="f4486a0d-b2ac-4515-b8c6-620abf2016d2">
      <Output>
        <DebugTrace>Page loaded succesfully with URL = https://tsecure.dev.nordstrom.com/signIn.aspx
Page loaded succesfully with URL = https://tsecure.dev.nordstrom.com/signIn.aspx
Page loaded succesfully with URL = https://tsecure.dev.nordstrom.com/signIn.aspx
Page loaded succesfully with URL = https://tsecure.dev.nordstrom.com/signIn.aspx
Timed out waiting for element to be visible with locator: By.CssSelector: #ctl00_backgroundOverlay
WaitForElementToDisappear: Given Locator did not appear after 10 seconds - but ok - locator id: By.CssSelector: #ctl00_backgroundOverlay
Timed out waiting for element to be visible with locator: By.LinkText: Sign Out
Timed out waiting for element to be visible with locator: By.LinkText: Sign Out
VerifyCreatedAccount: sign out link is not visible
CreateNordAccount: Exception occured when creating new account: exception = 'Assert.IsTrue failed. Verify a new account has been created successfully with email '20160309-121100-797test@com''
Page loaded succesfully with URL = https://tsecure.dev.nordstrom.com/Rewards/join.aspx
Page loaded succesfully with URL = https://tsecure.dev.nordstrom.com/Rewards/join.aspx
</DebugTrace>
      </Output>
    </UnitTestResult>
    <UnitTestResult executionId="09c71fee-7321-4e56-b319-eb2c29d73cf9" testId="1eff8dc9-7032-189f-0d21-2aa4669342e3" testName="TenderNeutralRewardsEnroll_LoyaltyTenderNeutralRegisteredAuthenticatedUser_MandatoryFieldsDisplaySuccessful" computerName="U00979650" duration="00:00:58.2712293" startTime="2016-03-09T12:11:57.0296752-08:00" endTime="2016-03-09T12:12:55.2969247-08:00" testType="13cdc9d9-ddb5-4fa4-a97d-d965ccfc6d4b" outcome="Failed" testListId="8c84fa94-04c1-424b-9868-57a2d4851a1d" relativeResultsDirectory="09c71fee-7321-4e56-b319-eb2c29d73cf9">
      <Output>
        <DebugTrace>Page loaded succesfully with URL = https://tsecure.dev.nordstrom.com/signIn.aspx
Page loaded succesfully with URL = https://tsecure.dev.nordstrom.com/signIn.aspx
Page loaded succesfully with URL = https://tsecure.dev.nordstrom.com/signIn.aspx
Page loaded succesfully with URL = https://tsecure.dev.nordstrom.com/signIn.aspx
Timed out waiting for element to be visible with locator: By.CssSelector: #ctl00_backgroundOverlay
WaitForElementToDisappear: Given Locator did not appear after 10 seconds - but ok - locator id: By.CssSelector: #ctl00_backgroundOverlay
Timed out waiting for element to be visible with locator: By.LinkText: Sign Out
Timed out waiting for element to be visible with locator: By.LinkText: Sign Out
VerifyCreatedAccount: sign out link is not visible
CreateNordAccount: Exception occured when creating new account: exception = 'Assert.IsTrue failed. Verify a new account has been created successfully with email '20160309-121209-957test@com''
Page loaded succesfully with URL = https://tsecure.dev.nordstrom.com/Rewards/join.aspx
Page loaded succesfully with URL = https://tsecure.dev.nordstrom.com/Rewards/join.aspx
</DebugTrace>
        <ErrorInfo>
          <Message>Assert.IsTrue failed. Pre- populated email field is not present on the loyalty enroll page</Message>
          <StackTrace>   at Nordstrom.Web.Test.UI.Common.PageObjects.LoyaltyRegisterPage.VerifyingMandatoryFieldsOnLoyaltyTenderNeutralRewardsPages(String decisiveparam) in c:\Ecommerce\Web\Test\UI\Common\PageObjects\LoyaltyRegisterPage.cs:line 478
   at Nordstrom.Web.Test.UI.LoyaltyWeb.Tests.LoyaltyRegisterTests.TenderNeutralRewardsEnroll_LoyaltyTenderNeutralRegisteredAuthenticatedUser_MandatoryFieldsDisplaySuccessful() in c:\Ecommerce\Web\Test\UI\LoyaltyWeb\LoyaltyWebTest\LoyaltyWebTest\Tests\LoyaltyRegisterTests.cs:line 335
</StackTrace>
        </ErrorInfo>
      </Output>
    </UnitTestResult>
    <UnitTestResult executionId="50e05ff3-dafe-4b93-af9e-03204244ceec" testId="f54f617a-b2b4-874b-3adb-ecec948db0b7" testName="TenderNeutralRewardsEnroll_LoyaltyTenderNeutralUnrecognisedUserLeaveFieldsBlank_ErrorMessageDisplayedSuccessfully" computerName="U00979650" duration="00:00:23.1384615" startTime="2016-03-09T12:12:55.2969247-08:00" endTime="2016-03-09T12:13:18.4419578-08:00" testType="13cdc9d9-ddb5-4fa4-a97d-d965ccfc6d4b" outcome="Passed" testListId="8c84fa94-04c1-424b-9868-57a2d4851a1d" relativeResultsDirectory="50e05ff3-dafe-4b93-af9e-03204244ceec">
      <Output>
        <DebugTrace>Page loaded succesfully with URL = https://tsecure.dev.nordstrom.com/Rewards/join.aspx
Page loaded succesfully with URL = https://tsecure.dev.nordstrom.com/Rewards/join.aspx
</DebugTrace>
      </Output>
    </UnitTestResult>
    <UnitTestResult executionId="54135631-76d0-44e9-9a38-393d9f4c1bfa" testId="d8021ea1-63ed-ec93-e1ae-0a4309938011" testName="TenderNeutralRewardsEnroll_LoyaltyTenderNeutralUnrecognisedUserLeaveFirstNameFieldBlank_ErrorMessageDisplayedSuccessfully" computerName="U00979650" duration="00:00:25.6733276" startTime="2016-03-09T12:13:18.4419578-08:00" endTime="2016-03-09T12:13:44.1181453-08:00" testType="13cdc9d9-ddb5-4fa4-a97d-d965ccfc6d4b" outcome="Passed" testListId="8c84fa94-04c1-424b-9868-57a2d4851a1d" relativeResultsDirectory="54135631-76d0-44e9-9a38-393d9f4c1bfa">
      <Output>
        <DebugTrace>Page loaded succesfully with URL = https://tsecure.dev.nordstrom.com/Rewards/join.aspx
Page loaded succesfully with URL = https://tsecure.dev.nordstrom.com/Rewards/join.aspx
</DebugTrace>
      </Output>
    </UnitTestResult>
    <UnitTestResult executionId="cd0e9c2f-e1f3-4dd3-85d0-7f95a142938b" testId="19b11fba-c062-6cbb-d40d-7beea484b6eb" testName="TenderNeutralRewardsEnroll_LoyaltyTenderNeutralUnrecognisedUserLeaveFirstNameFieldBlankTabOut_ErrorMessageDisplayedSuccessfully" computerName="U00979650" duration="00:00:25.3516034" startTime="2016-03-09T12:13:44.1181453-08:00" endTime="2016-03-09T12:14:09.4849001-08:00" testType="13cdc9d9-ddb5-4fa4-a97d-d965ccfc6d4b" outcome="Passed" testListId="8c84fa94-04c1-424b-9868-57a2d4851a1d" relativeResultsDirectory="cd0e9c2f-e1f3-4dd3-85d0-7f95a142938b">
      <Output>
        <DebugTrace>Page loaded succesfully with URL = https://tsecure.dev.nordstrom.com/Rewards/join.aspx
Page loaded succesfully with URL = https://tsecure.dev.nordstrom.com/Rewards/join.aspx
</DebugTrace>
      </Output>
    </UnitTestResult>
    <UnitTestResult executionId="1673f1f4-ba76-4189-a089-8764f25d5b1a" testId="ab0001a8-76a7-521c-9f7d-9c1dfb741a6d" testName="TenderNeutralRewardsEnroll_LoyaltyTenderNeutralUnrecognisedUserLeaveLastNameFieldBlank_ErrorMessageDisplayedSuccessfully" computerName="U00979650" duration="00:00:27.1579336" startTime="2016-03-09T12:14:09.4849001-08:00" endTime="2016-03-09T12:14:36.6430390-08:00" testType="13cdc9d9-ddb5-4fa4-a97d-d965ccfc6d4b" outcome="Passed" testListId="8c84fa94-04c1-424b-9868-57a2d4851a1d" relativeResultsDirectory="1673f1f4-ba76-4189-a089-8764f25d5b1a">
      <Output>
        <DebugTrace>Page loaded succesfully with URL = https://tsecure.dev.nordstrom.com/Rewards/join.aspx
Page loaded succesfully with URL = https://tsecure.dev.nordstrom.com/Rewards/join.aspx
</DebugTrace>
      </Output>
    </UnitTestResult>
    <UnitTestResult executionId="f7fd3510-b04c-4353-a6e1-920becf766c4" testId="bebc16b7-af0f-2197-b74b-ac81802270f3" testName="TenderNeutralRewardsEnroll_LoyaltyTenderNeutralUnrecognisedUserLeavePasswordFieldBlank_ErrorMessageDisplayedSuccessfully" computerName="U00979650" duration="00:00:25.4367489" startTime="2016-03-09T12:14:36.6430390-08:00" endTime="2016-03-09T12:15:02.0846048-08:00" testType="13cdc9d9-ddb5-4fa4-a97d-d965ccfc6d4b" outcome="Passed" testListId="8c84fa94-04c1-424b-9868-57a2d4851a1d" relativeResultsDirectory="f7fd3510-b04c-4353-a6e1-920becf766c4">
      <Output>
        <DebugTrace>Page loaded succesfully with URL = https://tsecure.dev.nordstrom.com/Rewards/join.aspx
Page loaded succesfully with URL = https://tsecure.dev.nordstrom.com/Rewards/join.aspx
</DebugTrace>
      </Output>
    </UnitTestResult>
    <UnitTestResult executionId="470f8d79-b886-41b5-96e4-353b75efac18" testId="bc6b573c-24fe-6064-63da-147f9221448d" testName="TenderNeutralRewardsEnroll_LoyaltyTenderNeutralUnrecognisedUserLeavePhoneNumberFieldBlank_ErrorMessageDisplayedSuccessfully" computerName="U00979650" duration="00:00:25.6915076" startTime="2016-03-09T12:15:02.0846048-08:00" endTime="2016-03-09T12:15:27.7747867-08:00" testType="13cdc9d9-ddb5-4fa4-a97d-d965ccfc6d4b" outcome="Passed" testListId="8c84fa94-04c1-424b-9868-57a2d4851a1d" relativeResultsDirectory="470f8d79-b886-41b5-96e4-353b75efac18">
      <Output>
        <DebugTrace>Page loaded succesfully with URL = https://tsecure.dev.nordstrom.com/Rewards/join.aspx
Page loaded succesfully with URL = https://tsecure.dev.nordstrom.com/Rewards/join.aspx
</DebugTrace>
      </Output>
    </UnitTestResult>
    <UnitTestResult executionId="1597fa4b-4f1a-431e-ac1e-180e8e7feb94" testId="4d7af099-cdeb-472c-ec24-b80dbf848f37" testName="TenderNeutralRewardsEnroll_LoyaltyTNAuthenticatedUserLeaveFieldsBlank_ErrorMessageDisplayedSuccessfully" computerName="U00979650" duration="00:00:50.3438079" startTime="2016-03-09T12:15:27.7747867-08:00" endTime="2016-03-09T12:16:18.1272156-08:00" testType="13cdc9d9-ddb5-4fa4-a97d-d965ccfc6d4b" outcome="Passed" testListId="8c84fa94-04c1-424b-9868-57a2d4851a1d" relativeResultsDirectory="1597fa4b-4f1a-431e-ac1e-180e8e7feb94">
      <Output>
        <DebugTrace>Page loaded succesfully with URL = https://tsecure.dev.nordstrom.com/signIn.aspx
Page loaded succesfully with URL = https://tsecure.dev.nordstrom.com/signIn.aspx
Page loaded succesfully with URL = https://tsecure.dev.nordstrom.com/signIn.aspx
Page loaded succesfully with URL = https://tsecure.dev.nordstrom.com/signIn.aspx
Timed out waiting for element to be visible with locator: By.CssSelector: #ctl00_backgroundOverlay
WaitForElementToDisappear: Given Locator did not appear after 10 seconds - but ok - locator id: By.CssSelector: #ctl00_backgroundOverlay
Timed out waiting for element to be visible with locator: By.LinkText: Sign Out
VerifyCreatedAccount: some kind of client Error is visible
CreateNordAccount: Exception occured when creating new account: exception = 'Assert.IsTrue failed. Verify a new account has been created successfully with email '20160309-121537-588test@com''
Page loaded succesfully with URL = https://tsecure.dev.nordstrom.com/Rewards/join.aspx
Page loaded succesfully with URL = https://tsecure.dev.nordstrom.com/Rewards/join.aspx
</DebugTrace>
      </Output>
    </UnitTestResult>
    <UnitTestResult executionId="f606fc6d-618f-4410-a75e-a19f365af7de" testId="7defdc68-14ff-6a42-1380-f1652ccd0ecf" testName="TenderNeutralRewardsEnroll_LoyaltyTNGuestUser_ErrorMessageVanishesOnValidEntry" computerName="U00979650" duration="00:00:46.6419193" startTime="2016-03-09T12:16:18.1272156-08:00" endTime="2016-03-09T12:17:04.7840992-08:00" testType="13cdc9d9-ddb5-4fa4-a97d-d965ccfc6d4b" outcome="Failed" testListId="8c84fa94-04c1-424b-9868-57a2d4851a1d" relativeResultsDirectory="f606fc6d-618f-4410-a75e-a19f365af7de">
      <Output>
        <DebugTrace>Page loaded succesfully with URL = https://tsecure.dev.nordstrom.com/Rewards/join.aspx
Page loaded succesfully with URL = https://tsecure.dev.nordstrom.com/Rewards/join.aspx
Timed out waiting for element to be visible with locator: By.Id: ctl00_backgroundOverlayProgress
Page loaded succesfully with URL = https://tsecure.dev.nordstrom.com/Rewards/join.aspx
Page loaded succesfully with URL = https://tsecure.dev.nordstrom.com/Rewards/join.aspx
Timed out waiting for element to be visible with locator: By.Id: ctl00_mainContentPlaceHolder_btnVerify
</DebugTrace>
        <ErrorInfo>
          <Message>Assert.IsFalse failed. Client side error occured on Loyalty Tender Neutral Enroll Page</Message>
          <StackTrace>   at Nordstrom.Web.Test.UI.LoyaltyWeb.Tests.LoyaltyRegisterTests.TenderNeutralRewardsEnroll_LoyaltyTNGuestUser_ErrorMessageVanishesOnValidEntry() in c:\Ecommerce\Web\Test\UI\LoyaltyWeb\LoyaltyWebTest\LoyaltyWebTest\Tests\LoyaltyRegisterTests.cs:line 596
</StackTrace>
        </ErrorInfo>
      </Output>
    </UnitTestResult>
    <UnitTestResult executionId="85b431f9-8c6a-4c65-bf28-9696cebe612f" testId="116b6a6c-aec4-d93d-41e0-9740c764bbb6" testName="TenderNeutralRewardsEnroll_LoyaltyTNRecognisedUserLeaveFieldsBlank_ErrorMessageDisplayedSuccessfully" computerName="U00979650" duration="00:01:06.8416186" startTime="2016-03-09T12:17:04.7840992-08:00" endTime="2016-03-09T12:18:11.6349036-08:00" testType="13cdc9d9-ddb5-4fa4-a97d-d965ccfc6d4b" outcome="Passed" testListId="8c84fa94-04c1-424b-9868-57a2d4851a1d" relativeResultsDirectory="85b431f9-8c6a-4c65-bf28-9696cebe612f">
      <Output>
        <DebugTrace>Page loaded succesfully with URL = https://tsecure.dev.nordstrom.com/signIn.aspx
Page loaded succesfully with URL = https://tsecure.dev.nordstrom.com/signIn.aspx
Page loaded succesfully with URL = https://tsecure.dev.nordstrom.com/signIn.aspx
Page loaded succesfully with URL = https://tsecure.dev.nordstrom.com/signIn.aspx
Timed out waiting for element to be visible with locator: By.CssSelector: #ctl00_backgroundOverlay
WaitForElementToDisappear: Given Locator did not appear after 10 seconds - but ok - locator id: By.CssSelector: #ctl00_backgroundOverlay
Timed out waiting for element to be visible with locator: By.LinkText: Sign Out
VerifyCreatedAccount: some kind of client Error is visible
CreateNordAccount: Exception occured when creating new account: exception = 'Assert.IsTrue failed. Verify a new account has been created successfully with email '20160309-121721-68160yw971xd6btest@com''
Page loaded succesfully with URL = https://tsecure.dev.nordstrom.com/Rewards/join.aspx
Page loaded succesfully with URL = https://tsecure.dev.nordstrom.com/Rewards/join.aspx
</DebugTrace>
      </Output>
    </UnitTestResult>
    <UnitTestResult executionId="b94a7463-6e3b-4574-8bd4-927ece55a011" testId="1262eade-73e8-889e-1610-c0ebcac93d87" testName="TenderNeutralRewardsEnroll_LoyaltyUserEnrollAgainWithSameProfile_EnrollShouldFailWithErrorMessagePopulated" computerName="U00979650" duration="00:01:54.2753845" startTime="2016-03-09T12:18:11.6349036-08:00" endTime="2016-03-09T12:20:05.9223531-08:00" testType="13cdc9d9-ddb5-4fa4-a97d-d965ccfc6d4b" outcome="Failed" testListId="8c84fa94-04c1-424b-9868-57a2d4851a1d" relativeResultsDirectory="b94a7463-6e3b-4574-8bd4-927ece55a011">
      <Output>
        <DebugTrace>Page loaded succesfully with URL = https://tsecure.dev.nordstrom.com/signIn.aspx
Page loaded succesfully with URL = https://tsecure.dev.nordstrom.com/signIn.aspx
Page loaded succesfully with URL = https://tsecure.dev.nordstrom.com/signIn.aspx
Page loaded succesfully with URL = https://tsecure.dev.nordstrom.com/signIn.aspx
Timed out waiting for element to be visible with locator: By.CssSelector: #ctl00_backgroundOverlay
WaitForElementToDisappear: Given Locator did not appear after 10 seconds - but ok - locator id: By.CssSelector: #ctl00_backgroundOverlay
Timed out waiting for element to be visible with locator: By.LinkText: Sign Out
VerifyCreatedAccount: some kind of client Error is visible
CreateNordAccount: Exception occured when creating new account: exception = 'Assert.IsTrue failed. Verify a new account has been created successfully with email '20160309-121837-27060yw971xd6btest@com''
Page loaded succesfully with URL = https://tsecure.dev.nordstrom.com/Rewards/join.aspx
Page loaded succesfully with URL = https://tsecure.dev.nordstrom.com/Rewards/join.aspx
Timed out waiting for element to be visible with locator: By.Id: ctl00_backgroundOverlayProgress
Page loaded succesfully with URL = https://tsecure.dev.nordstrom.com/Rewards/join.aspx
Page loaded succesfully with URL = https://tsecure.dev.nordstrom.com/Rewards/join.aspx
Timed out waiting for element to be visible with locator: By.Id: ctl00_mainContentPlaceHolder_btnVerify
Element Not found with the given locator (By.LinkText: Sign Out)
Element not found with given locator By.LinkText: Sign Out
Element Not found with the given locator (By.LinkText: Not You?)
Element not found with given locator By.LinkText: Not You?
Page loaded succesfully with URL = https://tsecure.dev.nordstrom.com/Rewards/join.aspx
Page loaded succesfully with URL = https://tsecure.dev.nordstrom.com/Rewards/join.aspx
Page loaded succesfully with URL = https://tsecure.dev.nordstrom.com/Rewards/join.aspx
Timed out waiting for element to be visible with locator: By.Id: subMessageHeader
</DebugTrace>
        <ErrorInfo>
          <Message>Test method Nordstrom.Web.Test.UI.LoyaltyWeb.Tests.LoyaltyRegisterTests.TenderNeutralRewardsEnroll_LoyaltyUserEnrollAgainWithSameProfile_EnrollShouldFailWithErrorMessagePopulated threw exception: 
OpenQA.Selenium.NoSuchElementException: Could not find element by: By.Id: ctl00_mainContentPlaceHolder_lblMobileErrorMessage</Message>
          <StackTrace>    at OpenQA.Selenium.Support.PageObjects.DefaultElementLocator.LocateElement(IEnumerable`1 bys)
   at OpenQA.Selenium.Support.PageObjects.WebElementProxy.get_Element()
   at OpenQA.Selenium.Support.PageObjects.WebElementProxy.Invoke(IMessage msg)
   at System.Runtime.Remoting.Proxies.RealProxy.PrivateInvoke(MessageData&amp; msgData, Int32 type)
   at OpenQA.Selenium.IWebElement.get_Text()
   at Nordstrom.Web.Test.UI.Common.PageObjects.LoyaltyRegisterPage.VerifyExistingEnrollUserGotRightMessageWhenEnrollAgain() in c:\Ecommerce\Web\Test\UI\Common\PageObjects\LoyaltyRegisterPage.cs:line 897
   at Nordstrom.Web.Test.UI.LoyaltyWeb.Tests.LoyaltyRegisterTests.TenderNeutralRewardsEnroll_LoyaltyUserEnrollAgainWithSameProfile_EnrollShouldFailWithErrorMessagePopulated() in c:\Ecommerce\Web\Test\UI\LoyaltyWeb\LoyaltyWebTest\LoyaltyWebTest\Tests\LoyaltyRegisterTests.cs:line 981
</StackTrace>
        </ErrorInfo>
      </Output>
    </UnitTestResult>
    <UnitTestResult executionId="c1e852ef-8557-42af-b898-b9ce43869e47" testId="cff1a9b5-982b-0782-b358-bf98fbe79b46" testName="TenderNeutralRewardsEnroll_MarketingPreferenceForAuthenticatedUser_MarketingPreferenceNotDisplayed" computerName="U00979650" duration="00:01:20.3222497" startTime="2016-03-09T12:20:05.9223531-08:00" endTime="2016-03-09T12:21:26.2425814-08:00" testType="13cdc9d9-ddb5-4fa4-a97d-d965ccfc6d4b" outcome="Failed" testListId="8c84fa94-04c1-424b-9868-57a2d4851a1d" relativeResultsDirectory="c1e852ef-8557-42af-b898-b9ce43869e47">
      <Output>
        <DebugTrace>Page loaded succesfully with URL = https://tsecure.dev.nordstrom.com/signIn.aspx
Page loaded succesfully with URL = https://tsecure.dev.nordstrom.com/signIn.aspx
Page loaded succesfully with URL = https://tsecure.dev.nordstrom.com/signIn.aspx
Page loaded succesfully with URL = https://tsecure.dev.nordstrom.com/signIn.aspx
Timed out waiting for element to be visible with locator: By.CssSelector: #ctl00_backgroundOverlay
WaitForElementToDisappear: Given Locator did not appear after 10 seconds - but ok - locator id: By.CssSelector: #ctl00_backgroundOverlay
Timed out waiting for element to be visible with locator: By.LinkText: Sign Out
VerifyCreatedAccount: some kind of client Error is visible
CreateNordAccount: Exception occured when creating new account: exception = 'Assert.IsTrue failed. Verify a new account has been created successfully with email '20160309-122038-632''
Page loaded succesfully with URL = https://tsecure.dev.nordstrom.com/Rewards/join.aspx
Page loaded succesfully with URL = https://tsecure.dev.nordstrom.com/Rewards/join.aspx
</DebugTrace>
        <ErrorInfo>
          <Message>Assert.IsTrue failed. Marketing Preference is displayed on Loyalty enroll page for a registered, authenticated user </Message>
          <StackTrace>   at Nordstrom.Web.Test.UI.LoyaltyWeb.Tests.LoyaltyRegisterTests.TenderNeutralRewardsEnroll_MarketingPreferenceForAuthenticatedUser_MarketingPreferenceNotDisplayed() in c:\Ecommerce\Web\Test\UI\LoyaltyWeb\LoyaltyWebTest\LoyaltyWebTest\Tests\LoyaltyRegisterTests.cs:line 415
</StackTrace>
        </ErrorInfo>
      </Output>
    </UnitTestResult>
    <UnitTestResult executionId="3c2e02e3-2a2b-47e6-b478-dfdc17bb8099" testId="e6140a5b-a03c-3282-1750-39c256f1e19e" testName="TenderNeutralRewardsEnroll_MarketingPreferenceForRecognizedUser_MarketingPreferenceNotDisplayed" computerName="U00979650" duration="00:01:20.9427577" startTime="2016-03-09T12:21:26.2425814-08:00" endTime="2016-03-09T12:22:47.2029026-08:00" testType="13cdc9d9-ddb5-4fa4-a97d-d965ccfc6d4b" outcome="Failed" testListId="8c84fa94-04c1-424b-9868-57a2d4851a1d" relativeResultsDirectory="3c2e02e3-2a2b-47e6-b478-dfdc17bb8099">
      <Output>
        <DebugTrace>Page loaded succesfully with URL = https://tsecure.dev.nordstrom.com/signIn.aspx
Page loaded succesfully with URL = https://tsecure.dev.nordstrom.com/signIn.aspx
Page loaded succesfully with URL = https://tsecure.dev.nordstrom.com/signIn.aspx
Page loaded succesfully with URL = https://tsecure.dev.nordstrom.com/signIn.aspx
Timed out waiting for element to be visible with locator: By.CssSelector: #ctl00_backgroundOverlay
WaitForElementToDisappear: Given Locator did not appear after 10 seconds - but ok - locator id: By.CssSelector: #ctl00_backgroundOverlay
Timed out waiting for element to be visible with locator: By.LinkText: Sign Out
VerifyCreatedAccount: some kind of client Error is visible
CreateNordAccount: Exception occured when creating new account: exception = 'Assert.IsTrue failed. Verify a new account has been created successfully with email '20160309-122154-642''
Page loaded succesfully with URL = https://tsecure.dev.nordstrom.com/Rewards/join.aspx
Page loaded succesfully with URL = https://tsecure.dev.nordstrom.com/Rewards/join.aspx
</DebugTrace>
        <ErrorInfo>
          <Message>Assert.IsTrue failed. Marketing Preference is displayed on Loyalty register page for a recognized user</Message>
          <StackTrace>   at Nordstrom.Web.Test.UI.LoyaltyWeb.Tests.LoyaltyRegisterTests.TenderNeutralRewardsEnroll_MarketingPreferenceForRecognizedUser_MarketingPreferenceNotDisplayed() in c:\Ecommerce\Web\Test\UI\LoyaltyWeb\LoyaltyWebTest\LoyaltyWebTest\Tests\LoyaltyRegisterTests.cs:line 432
</StackTrace>
        </ErrorInfo>
      </Output>
    </UnitTestResult>
    <UnitTestResult executionId="cd580aab-f488-4ee3-93d9-53564635893c" testId="7b7dcbd8-49b5-0805-b4aa-ff4d57b5ef44" testName="TenderNeutralRewardsEnroll_RecognizedUserVerifyLinksOnThePage_LinksShouldNavigatetoCorrectUrls" computerName="U00979650" duration="00:01:26.7549001" startTime="2016-03-09T12:22:47.2029026-08:00" endTime="2016-03-09T12:24:13.9600992-08:00" testType="13cdc9d9-ddb5-4fa4-a97d-d965ccfc6d4b" outcome="Failed" testListId="8c84fa94-04c1-424b-9868-57a2d4851a1d" relativeResultsDirectory="cd580aab-f488-4ee3-93d9-53564635893c">
      <Output>
        <DebugTrace>Page loaded succesfully with URL = https://tsecure.dev.nordstrom.com/signIn.aspx
Page loaded succesfully with URL = https://tsecure.dev.nordstrom.com/signIn.aspx
Page loaded succesfully with URL = https://tsecure.dev.nordstrom.com/signIn.aspx
Page loaded succesfully with URL = https://tsecure.dev.nordstrom.com/signIn.aspx
Timed out waiting for element to be visible with locator: By.CssSelector: #ctl00_backgroundOverlay
WaitForElementToDisappear: Given Locator did not appear after 10 seconds - but ok - locator id: By.CssSelector: #ctl00_backgroundOverlay
Timed out waiting for element to be visible with locator: By.LinkText: Sign Out
VerifyCreatedAccount: some kind of client Error is visible
CreateNordAccount: Exception occured when creating new account: exception = 'Assert.IsTrue failed. Verify a new account has been created successfully with email '20160309-122306-983''
Page loaded succesfully with URL = https://tsecure.dev.nordstrom.com/Rewards/join.aspx
Page loaded succesfully with URL = https://tsecure.dev.nordstrom.com/Rewards/join.aspx
Timed out waiting for element to be visible with locator: By.CssSelector: h1:contains('Terms &amp; Conditions')
Timed out waiting for element to be visible with locator: By.CssSelector: a[href*='c/rewards-cards']
</DebugTrace>
        <ErrorInfo>
          <Message>Test method Nordstrom.Web.Test.UI.LoyaltyWeb.Tests.LoyaltyRegisterTests.TenderNeutralRewardsEnroll_RecognizedUserVerifyLinksOnThePage_LinksShouldNavigatetoCorrectUrls threw exception: 
OpenQA.Selenium.ElementNotVisibleException: element not visible
  (Session info: chrome=48.0.2564.116)
  (Driver info: chromedriver=2.20.353145 (343b531d31eeb933ec778dbcf7081628a1396067),platform=Windows NT 6.1 SP1 x86_64)</Message>
          <StackTrace>    at OpenQA.Selenium.Remote.RemoteWebDriver.UnpackAndThrowOnError(Response errorResponse)
   at OpenQA.Selenium.Remote.RemoteWebDriver.Execute(String driverCommandToExecute, Dictionary`2 parameters)
   at OpenQA.Selenium.Remote.RemoteWebElement.Click()
   at Nordstrom.ECommerce.Test.SeleniumHelper.SeleniumActionHelper.Click(By locator, IWebElement element)
   at Nordstrom.Web.Test.UI.Common.PageObjects.LoyaltyRegisterPage.NavigateToApplyTodayLink() in c:\Ecommerce\Web\Test\UI\Common\PageObjects\LoyaltyRegisterPage.cs:line 777
   at Nordstrom.Web.Test.UI.LoyaltyWeb.Tests.LoyaltyRegisterTests.TenderNeutralRewardsEnroll_RecognizedUserVerifyLinksOnThePage_LinksShouldNavigatetoCorrectUrls() in c:\Ecommerce\Web\Test\UI\LoyaltyWeb\LoyaltyWebTest\LoyaltyWebTest\Tests\LoyaltyRegisterTests.cs:line 1040
</StackTrace>
        </ErrorInfo>
      </Output>
    </UnitTestResult>
    <UnitTestResult executionId="7a695606-4a9c-46ef-9c4e-344353d59f3e" testId="410dae98-05e2-616d-84b3-8cd95e7d0ebd" testName="TenderNeutralRewardsRegister_GuestUserEnrollAsExistingAccountWhenHaveNoExistingWebAccount_ShouldFailInEnroll" computerName="U00979650" duration="00:01:07.6838571" startTime="2016-03-09T12:24:13.9600992-08:00" endTime="2016-03-09T12:25:21.6420927-08:00" testType="13cdc9d9-ddb5-4fa4-a97d-d965ccfc6d4b" outcome="Failed" testListId="8c84fa94-04c1-424b-9868-57a2d4851a1d" relativeResultsDirectory="7a695606-4a9c-46ef-9c4e-344353d59f3e">
      <Output>
        <DebugTrace>Page loaded succesfully with URL = https://tsecure.dev.nordstrom.com/signIn.aspx
Page loaded succesfully with URL = https://tsecure.dev.nordstrom.com/signIn.aspx
Page loaded succesfully with URL = https://tsecure.dev.nordstrom.com/signIn.aspx
Page loaded succesfully with URL = https://tsecure.dev.nordstrom.com/signIn.aspx
Timed out waiting for element to be visible with locator: By.CssSelector: #ctl00_backgroundOverlay
WaitForElementToDisappear: Given Locator did not appear after 10 seconds - but ok - locator id: By.CssSelector: #ctl00_backgroundOverlay
Timed out waiting for element to be visible with locator: By.LinkText: Sign Out
Timed out waiting for element to be visible with locator: By.LinkText: Sign Out
VerifyCreatedAccount: sign out link is not visible
CreateNordAccount: Exception occured when creating new account: exception = 'Assert.IsTrue failed. Verify a new account has been created successfully with email '20160309-122426-853b2qhon62016030958412016030957111fmlnu992016030954335ite9av''
Element Not found with the given locator (By.LinkText: Sign Out)
Element not found with given locator By.LinkText: Sign Out
Element Not found with the given locator (By.LinkText: Not You?)
Element not found with given locator By.LinkText: Not You?
Page loaded succesfully with URL = https://tsecure.dev.nordstrom.com/signIn.aspx
Page loaded succesfully with URL = https://tsecure.dev.nordstrom.com/Rewards/join.aspx
Page loaded succesfully with URL = https://tsecure.dev.nordstrom.com/Rewards/join.aspx
</DebugTrace>
        <ErrorInfo>
          <Message>Assert.IsFalse failed. Success Message for loyalty Account creation for a new customer is not displayed.</Message>
          <StackTrace>   at Nordstrom.Web.Test.UI.LoyaltyWeb.Tests.LoyaltyRegisterTests.TenderNeutralRewardsRegister_GuestUserEnrollAsExistingAccountWhenHaveNoExistingWebAccount_ShouldFailInEnroll() in c:\Ecommerce\Web\Test\UI\LoyaltyWeb\LoyaltyWebTest\LoyaltyWebTest\Tests\LoyaltyRegisterTests.cs:line 262
</StackTrace>
        </ErrorInfo>
      </Output>
    </UnitTestResult>
    <UnitTestResult executionId="7480861c-2bbf-4908-b028-de195f4064a2" testId="32f24606-a62f-430e-290e-c0eefe6b4d82" testName="TenderNeutralRewardsRegister_GuestUserEnrolls_LoyaltyAndNordAccountSuccessfullyCreated" computerName="U00979650" duration="00:00:30.9809487" startTime="2016-03-09T12:25:21.6576928-08:00" endTime="2016-03-09T12:25:52.6130289-08:00" testType="13cdc9d9-ddb5-4fa4-a97d-d965ccfc6d4b" outcome="Failed" testListId="8c84fa94-04c1-424b-9868-57a2d4851a1d" relativeResultsDirectory="7480861c-2bbf-4908-b028-de195f4064a2">
      <Output>
        <DebugTrace>Page loaded succesfully with URL = https://tsecure.dev.nordstrom.com/Rewards/join.aspx
Page loaded succesfully with URL = https://tsecure.dev.nordstrom.com/Rewards/join.aspx
</DebugTrace>
        <ErrorInfo>
          <Message>Assert.IsFalse failed. Success Message for loyalty Account creation for a new customer is not displayed.</Message>
          <StackTrace>   at Nordstrom.Web.Test.UI.LoyaltyWeb.Tests.LoyaltyRegisterTests.TenderNeutralRewardsRegister_GuestUserEnrolls_LoyaltyAndNordAccountSuccessfullyCreated() in c:\Ecommerce\Web\Test\UI\LoyaltyWeb\LoyaltyWebTest\LoyaltyWebTest\Tests\LoyaltyRegisterTests.cs:line 303
</StackTrace>
        </ErrorInfo>
      </Output>
    </UnitTestResult>
    <UnitTestResult executionId="92acb1f1-c412-493c-97b7-5e53f0879289" testId="4cdd7e88-53ec-70f0-6008-c9729c50731d" testName="TenderNeutralRewardsRegister_GuestUserEnrollsWithExistingWebAccount_ShouldFailInEnroll" computerName="U00979650" duration="00:01:08.7077159" startTime="2016-03-09T12:25:52.6160292-08:00" endTime="2016-03-09T12:27:01.3309000-08:00" testType="13cdc9d9-ddb5-4fa4-a97d-d965ccfc6d4b" outcome="Failed" testListId="8c84fa94-04c1-424b-9868-57a2d4851a1d" relativeResultsDirectory="92acb1f1-c412-493c-97b7-5e53f0879289">
      <Output>
        <DebugTrace>Page loaded succesfully with URL = https://tsecure.dev.nordstrom.com/signIn.aspx
Page loaded succesfully with URL = https://tsecure.dev.nordstrom.com/signIn.aspx
Page loaded succesfully with URL = https://tsecure.dev.nordstrom.com/signIn.aspx
Page loaded succesfully with URL = https://tsecure.dev.nordstrom.com/signIn.aspx
Timed out waiting for element to be visible with locator: By.CssSelector: #ctl00_backgroundOverlay
WaitForElementToDisappear: Given Locator did not appear after 10 seconds - but ok - locator id: By.CssSelector: #ctl00_backgroundOverlay
Timed out waiting for element to be visible with locator: By.LinkText: Sign Out
Timed out waiting for element to be visible with locator: By.LinkText: Sign Out
VerifyCreatedAccount: sign out link is not visible
CreateNordAccount: Exception occured when creating new account: exception = 'Assert.IsTrue failed. Verify a new account has been created successfully with email '20160309-122603-0027kc0s5erap''
Element Not found with the given locator (By.LinkText: Sign Out)
Element not found with given locator By.LinkText: Sign Out
Element Not found with the given locator (By.LinkText: Not You?)
Element not found with given locator By.LinkText: Not You?
Page loaded succesfully with URL = https://tsecure.dev.nordstrom.com/signIn.aspx
Page loaded succesfully with URL = https://tsecure.dev.nordstrom.com/Rewards/join.aspx
Page loaded succesfully with URL = https://tsecure.dev.nordstrom.com/Rewards/join.aspx
Timed out waiting for element to be visible with locator: By.Id: ctl00_mainContentPlaceHolder_lblEmailErrorMessage
</DebugTrace>
        <ErrorInfo>
          <Message>Test method Nordstrom.Web.Test.UI.LoyaltyWeb.Tests.LoyaltyRegisterTests.TenderNeutralRewardsRegister_GuestUserEnrollsWithExistingWebAccount_ShouldFailInEnroll threw exception: 
OpenQA.Selenium.NoSuchElementException: Could not find element by: By.Id: ctl00_mainContentPlaceHolder_lblEmailErrorMessage</Message>
          <StackTrace>    at OpenQA.Selenium.Support.PageObjects.DefaultElementLocator.LocateElement(IEnumerable`1 bys)
   at OpenQA.Selenium.Support.PageObjects.WebElementProxy.get_Element()
   at OpenQA.Selenium.Support.PageObjects.WebElementProxy.Invoke(IMessage msg)
   at System.Runtime.Remoting.Proxies.RealProxy.PrivateInvoke(MessageData&amp; msgData, Int32 type)
   at OpenQA.Selenium.IWebElement.get_Text()
   at Nordstrom.Web.Test.UI.Common.PageObjects.LoyaltyRegisterPage.VerifyEnrollPageAlreadyExistingWebAccount() in c:\Ecommerce\Web\Test\UI\Common\PageObjects\LoyaltyRegisterPage.cs:line 671
   at Nordstrom.Web.Test.UI.LoyaltyWeb.Tests.LoyaltyRegisterTests.TenderNeutralRewardsRegister_GuestUserEnrollsWithExistingWebAccount_ShouldFailInEnroll() in c:\Ecommerce\Web\Test\UI\LoyaltyWeb\LoyaltyWebTest\LoyaltyWebTest\Tests\LoyaltyRegisterTests.cs:line 205
</StackTrace>
        </ErrorInfo>
      </Output>
    </UnitTestResult>
    <UnitTestResult executionId="e3bfb0fd-de3e-4a57-8a1d-4159f0029dc3" testId="c63ab081-8ced-3d0e-ff64-1cca12755839" testName="TenderNeutralRewardsRegister_GuestUserEnrollWhenEmailPreferenceCheckboxUnchecked_ShouldPass" computerName="U00979650" duration="00:00:43.5226542" startTime="2016-03-09T12:27:01.3319001-08:00" endTime="2016-03-09T12:27:44.8592524-08:00" testType="13cdc9d9-ddb5-4fa4-a97d-d965ccfc6d4b" outcome="Passed" testListId="8c84fa94-04c1-424b-9868-57a2d4851a1d" relativeResultsDirectory="e3bfb0fd-de3e-4a57-8a1d-4159f0029dc3">
      <Output>
        <DebugTrace>Page loaded succesfully with URL = https://tsecure.dev.nordstrom.com/Rewards/join.aspx
Page loaded succesfully with URL = https://tsecure.dev.nordstrom.com/Rewards/join.aspx
Timed out waiting for element to be visible with locator: By.Id: ctl00_backgroundOverlayProgress
Page loaded succesfully with URL = https://tsecure.dev.nordstrom.com/Rewards/join.aspx
Page loaded succesfully with URL = https://tsecure.dev.nordstrom.com/Rewards/join.aspx
Timed out waiting for element to be visible with locator: By.Id: ctl00_mainContentPlaceHolder_btnVerify
</DebugTrace>
      </Output>
    </UnitTestResult>
    <UnitTestResult executionId="caecb6be-0a64-4782-ada0-fab21b2e4367" testId="977985af-feb3-6a27-6c1f-f339f0efce2b" testName="TenderNeutralRewardsRegister_GuestUserEnrollWithExistingEmailButDifferentPhoneNumber_ShouldFail" computerName="U00979650" duration="00:01:22.3189110" startTime="2016-03-09T12:27:44.8602525-08:00" endTime="2016-03-09T12:29:07.1854842-08:00" testType="13cdc9d9-ddb5-4fa4-a97d-d965ccfc6d4b" outcome="Failed" testListId="8c84fa94-04c1-424b-9868-57a2d4851a1d" relativeResultsDirectory="caecb6be-0a64-4782-ada0-fab21b2e4367">
      <Output>
        <DebugTrace>Page loaded succesfully with URL = https://tsecure.dev.nordstrom.com/Rewards/join.aspx
Page loaded succesfully with URL = https://tsecure.dev.nordstrom.com/Rewards/join.aspx
Timed out waiting for element to be visible with locator: By.Id: ctl00_backgroundOverlayProgress
Page loaded succesfully with URL = https://tsecure.dev.nordstrom.com/Rewards/join.aspx
Page loaded succesfully with URL = https://tsecure.dev.nordstrom.com/Rewards/join.aspx
Timed out waiting for element to be visible with locator: By.Id: ctl00_mainContentPlaceHolder_btnVerify
Element Not found with the given locator (By.LinkText: Sign Out)
Element not found with given locator By.LinkText: Sign Out
Element Not found with the given locator (By.LinkText: Not You?)
Element not found with given locator By.LinkText: Not You?
Page loaded succesfully with URL = https://tsecure.dev.nordstrom.com/Rewards/join.aspx
Page loaded succesfully with URL = https://tsecure.dev.nordstrom.com/Rewards/join.aspx
Page loaded succesfully with URL = https://tsecure.dev.nordstrom.com/Rewards/join.aspx
Timed out waiting for element to be visible with locator: By.Id: ctl00_mainContentPlaceHolder_lblEmailErrorMessage
Existing email already in the loyalty program but that message not shown
</DebugTrace>
        <ErrorInfo>
          <Message>Assert.IsTrue failed. Enroll error for existing email message is not properly displayed.</Message>
          <StackTrace>   at Nordstrom.Web.Test.UI.LoyaltyWeb.Tests.LoyaltyRegisterTests.TenderNeutralRewardsRegister_GuestUserEnrollWithExistingEmailButDifferentPhoneNumber_ShouldFail() in c:\Ecommerce\Web\Test\UI\LoyaltyWeb\LoyaltyWebTest\LoyaltyWebTest\Tests\LoyaltyRegisterTests.cs:line 91
</StackTrace>
        </ErrorInfo>
      </Output>
    </UnitTestResult>
    <UnitTestResult executionId="2c5cd391-e655-45b7-9e3d-446c164a2bd0" testId="de6110ca-211d-f943-5d85-a0c7f3d89012" testName="TenderNeutralRewardsRegister_GuestUserEnrollWithExistingPhoneAndEmailinLoyaltyProgram_ShouldFail" computerName="U00979650" duration="00:00:59.2021997" startTime="2016-03-09T12:29:07.1864843-08:00" endTime="2016-03-09T12:30:06.3934044-08:00" testType="13cdc9d9-ddb5-4fa4-a97d-d965ccfc6d4b" outcome="Failed" testListId="8c84fa94-04c1-424b-9868-57a2d4851a1d" relativeResultsDirectory="2c5cd391-e655-45b7-9e3d-446c164a2bd0">
      <Output>
        <DebugTrace>Page loaded succesfully with URL = https://tsecure.dev.nordstrom.com/Rewards/join.aspx
Page loaded succesfully with URL = https://tsecure.dev.nordstrom.com/Rewards/join.aspx
Timed out waiting for element to be visible with locator: By.Id: ctl00_backgroundOverlayProgress
Page loaded succesfully with URL = https://tsecure.dev.nordstrom.com/Rewards/join.aspx
Page loaded succesfully with URL = https://tsecure.dev.nordstrom.com/Rewards/join.aspx
Timed out waiting for element to be visible with locator: By.Id: ctl00_mainContentPlaceHolder_btnVerify
Element Not found with the given locator (By.LinkText: Sign Out)
Element not found with given locator By.LinkText: Sign Out
Element Not found with the given locator (By.LinkText: Not You?)
Element not found with given locator By.LinkText: Not You?
Page loaded succesfully with URL = https://tsecure.dev.nordstrom.com/Rewards/join.aspx
Page loaded succesfully with URL = https://tsecure.dev.nordstrom.com/Rewards/join.aspx
Page loaded succesfully with URL = https://tsecure.dev.nordstrom.com/Rewards/join.aspx
Timed out waiting for element to be visible with locator: By.Id: ctl00_mainContentPlaceHolder_lblEmailErrorMessage
Existing email already in the loyalty program but that message not shown
</DebugTrace>
        <ErrorInfo>
          <Message>Assert.IsTrue failed. Enroll error for existing email message is not properly displayed.</Message>
          <StackTrace>   at Nordstrom.Web.Test.UI.LoyaltyWeb.Tests.LoyaltyRegisterTests.TenderNeutralRewardsRegister_GuestUserEnrollWithExistingPhoneAndEmailinLoyaltyProgram_ShouldFail() in c:\Ecommerce\Web\Test\UI\LoyaltyWeb\LoyaltyWebTest\LoyaltyWebTest\Tests\LoyaltyRegisterTests.cs:line 129
</StackTrace>
        </ErrorInfo>
      </Output>
    </UnitTestResult>
    <UnitTestResult executionId="e21409d0-525a-4b68-9607-ec4bf51ba84f" testId="86b3b541-dee1-c250-cbd7-09a1f3b9bec9" testName="TenderNeutralRewardsRegister_GuestUserEnrollWithExistingPhoneButDifferentEmailinEnrollProgram_ShouldFailInEnroll" computerName="U00979650" duration="00:01:00.1497629" startTime="2016-03-09T12:30:06.3944045-08:00" endTime="2016-03-09T12:31:06.5728086-08:00" testType="13cdc9d9-ddb5-4fa4-a97d-d965ccfc6d4b" outcome="Passed" testListId="8c84fa94-04c1-424b-9868-57a2d4851a1d" relativeResultsDirectory="e21409d0-525a-4b68-9607-ec4bf51ba84f">
      <Output>
        <DebugTrace>Page loaded succesfully with URL = https://tsecure.dev.nordstrom.com/Rewards/join.aspx
Page loaded succesfully with URL = https://tsecure.dev.nordstrom.com/Rewards/join.aspx
Timed out waiting for element to be visible with locator: By.Id: ctl00_backgroundOverlayProgress
Page loaded succesfully with URL = https://tsecure.dev.nordstrom.com/Rewards/join.aspx
Page loaded succesfully with URL = https://tsecure.dev.nordstrom.com/Rewards/join.aspx
Timed out waiting for element to be visible with locator: By.Id: ctl00_mainContentPlaceHolder_btnVerify
Element Not found with the given locator (By.LinkText: Sign Out)
Element not found with given locator By.LinkText: Sign Out
Element Not found with the given locator (By.LinkText: Not You?)
Element not found with given locator By.LinkText: Not You?
Page loaded succesfully with URL = https://tsecure.dev.nordstrom.com/Rewards/join.aspx
Page loaded succesfully with URL = https://tsecure.dev.nordstrom.com/Rewards/join.aspx
Page loaded succesfully with URL = https://tsecure.dev.nordstrom.com/Rewards/join.aspx
Timed out waiting for element to be visible with locator: By.Id: ctl00_mainContentPlaceHolder_lblEnrollMessage
</DebugTrace>
      </Output>
    </UnitTestResult>
    <UnitTestResult executionId="b76d6683-a6d0-4554-a70a-ea3201c99dd2" testId="255988e0-354f-aca6-8726-d21411c565fc" testName="TenderNeutralRewardsRegister_GuestUserRegistersWithLongerPhoneNumber_ShouldGetErrorMessageButWebAccountCreatedSuccessfully" computerName="U00979650" duration="00:00:26.7509960" startTime="2016-03-09T12:31:06.5728086-08:00" endTime="2016-03-09T12:31:33.3217095-08:00" testType="13cdc9d9-ddb5-4fa4-a97d-d965ccfc6d4b" outcome="Failed" testListId="8c84fa94-04c1-424b-9868-57a2d4851a1d" relativeResultsDirectory="b76d6683-a6d0-4554-a70a-ea3201c99dd2">
      <Output>
        <DebugTrace>Page loaded succesfully with URL = https://tsecure.dev.nordstrom.com/Rewards/join.aspx
Page loaded succesfully with URL = https://tsecure.dev.nordstrom.com/Rewards/join.aspx
Message about user not having a valid phone is not rendered.
</DebugTrace>
        <ErrorInfo>
          <Message>Assert.IsTrue failed. Expected valid moible phone is needed message is not rendered.</Message>
          <StackTrace>   at Nordstrom.Web.Test.UI.LoyaltyWeb.Tests.LoyaltyRegisterTests.TenderNeutralRewardsRegister_GuestUserRegistersWithLongerPhoneNumber_ShouldGetErrorMessageButWebAccountCreatedSuccessfully() in c:\Ecommerce\Web\Test\UI\LoyaltyWeb\LoyaltyWebTest\LoyaltyWebTest\Tests\LoyaltyRegisterTests.cs:line 186
</StackTrace>
        </ErrorInfo>
      </Output>
    </UnitTestResult>
    <UnitTestResult executionId="3488bb2b-039d-49b6-9aba-297033f51b39" testId="9c169b1f-0461-c4cb-88b0-c01730fb59b2" testName="TenderNeutralRewardsRegister_GuestUserRegisterWithShorterPhoneNumber_ShouldGetEnrollErrorMessageButWebAccountCreatedSuccessfully" computerName="U00979650" duration="00:00:47.3527261" startTime="2016-03-09T12:31:33.3217095-08:00" endTime="2016-03-09T12:32:20.6858688-08:00" testType="13cdc9d9-ddb5-4fa4-a97d-d965ccfc6d4b" outcome="Passed" testListId="8c84fa94-04c1-424b-9868-57a2d4851a1d" relativeResultsDirectory="3488bb2b-039d-49b6-9aba-297033f51b39">
      <Output>
        <DebugTrace>Page loaded succesfully with URL = https://tsecure.dev.nordstrom.com/Rewards/join.aspx
Page loaded succesfully with URL = https://tsecure.dev.nordstrom.com/Rewards/join.aspx
Timed out waiting for element Not to be visible with locator: By.Id: ctl00_mainContentPlaceHolder_ResourceLabel20
</DebugTrace>
      </Output>
    </UnitTestResult>
    <UnitTestResult executionId="acf67ee6-3aae-42aa-b994-a4ee50198f9d" testId="57e5b47e-e59d-7388-f5c6-b74d7f6dfb86" testName="TenderNeutralRewardsRegister_GuestUserRegistrationForTenderNeutral_MandatoryFieldsDisplaySuccessful" computerName="U00979650" duration="00:00:32.1991949" startTime="2016-03-09T12:32:20.6858688-08:00" endTime="2016-03-09T12:32:52.8872565-08:00" testType="13cdc9d9-ddb5-4fa4-a97d-d965ccfc6d4b" outcome="Passed" testListId="8c84fa94-04c1-424b-9868-57a2d4851a1d" relativeResultsDirectory="acf67ee6-3aae-42aa-b994-a4ee50198f9d">
      <Output>
        <DebugTrace>Page loaded succesfully with URL = https://tsecure.dev.nordstrom.com/Rewards/join.aspx
Page loaded succesfully with URL = https://tsecure.dev.nordstrom.com/Rewards/join.aspx
</DebugTrace>
      </Output>
    </UnitTestResult>
    <UnitTestResult executionId="f71eafa2-0889-44e5-825e-aa4030bdf721" testId="273d16c7-648e-88d2-b3b2-17cedb22aba9" testName="TenderNeutralRewardsRegister_GuestUserSignIntoYourNordstromComAccountSelected_MarketingPreferenceNotDisplayed" computerName="U00979650" duration="00:00:24.5955779" startTime="2016-03-09T12:32:52.8872565-08:00" endTime="2016-03-09T12:33:17.4797374-08:00" testType="13cdc9d9-ddb5-4fa4-a97d-d965ccfc6d4b" outcome="Passed" testListId="8c84fa94-04c1-424b-9868-57a2d4851a1d" relativeResultsDirectory="f71eafa2-0889-44e5-825e-aa4030bdf721">
      <Output>
        <DebugTrace>Page loaded succesfully with URL = https://tsecure.dev.nordstrom.com/Rewards/join.aspx
Page loaded succesfully with URL = https://tsecure.dev.nordstrom.com/Rewards/join.aspx
</DebugTrace>
      </Output>
    </UnitTestResult>
    <UnitTestResult executionId="be5083dd-80ca-49d5-bb2c-ada94d5645fa" testId="fe203691-dd1c-4311-df65-087a3121faec" testName="TenderNeutralRewardsRegister_MarketingPreferenceUpdateCheckedDuringTenderNeutralEnrollment_MarketingPreferenceSuccessfulUpdateToYesForNordAccount" computerName="U00979650" duration="00:00:23.3879445" startTime="2016-03-09T12:33:17.4797374-08:00" endTime="2016-03-09T12:33:40.8805006-08:00" testType="13cdc9d9-ddb5-4fa4-a97d-d965ccfc6d4b" outcome="Failed" testListId="8c84fa94-04c1-424b-9868-57a2d4851a1d" relativeResultsDirectory="be5083dd-80ca-49d5-bb2c-ada94d5645fa">
      <Output>
        <DebugTrace>Page loaded succesfully with URL = https://tsecure.dev.nordstrom.com/Rewards/join.aspx
Page loaded succesfully with URL = https://tsecure.dev.nordstrom.com/Rewards/join.aspx
</DebugTrace>
        <ErrorInfo>
          <Message>Assert.IsFalse failed. Client side error occured on Loyalty Tender Neutral Register Page</Message>
          <StackTrace>   at Nordstrom.Web.Test.UI.LoyaltyWeb.Tests.LoyaltyRegisterTests.TenderNeutralRewardsRegister_MarketingPreferenceUpdateCheckedDuringTenderNeutralEnrollment_MarketingPreferenceSuccessfulUpdateToYesForNordAccount() in c:\Ecommerce\Web\Test\UI\LoyaltyWeb\LoyaltyWebTest\LoyaltyWebTest\Tests\LoyaltyRegisterTests.cs:line 469
</StackTrace>
        </ErrorInfo>
      </Output>
    </UnitTestResult>
    <UnitTestResult executionId="5a453d32-51b5-49c9-b0e2-93f305988051" testId="fa335a1b-8472-a3da-3a92-29d664a21830" testName="TenderNeutralRewardsRegister_MarketingPreferenceUpdateUncheckedDuringTenderNeutralEnrollment_MarketingPreferenceSuccessfulUpdateToNoForNordAccount" computerName="U00979650" duration="00:00:25.7416517" startTime="2016-03-09T12:33:40.8805006-08:00" endTime="2016-03-09T12:34:06.6309910-08:00" testType="13cdc9d9-ddb5-4fa4-a97d-d965ccfc6d4b" outcome="Failed" testListId="8c84fa94-04c1-424b-9868-57a2d4851a1d" relativeResultsDirectory="5a453d32-51b5-49c9-b0e2-93f305988051">
      <Output>
        <DebugTrace>Page loaded succesfully with URL = https://tsecure.dev.nordstrom.com/Rewards/join.aspx
Page loaded succesfully with URL = https://tsecure.dev.nordstrom.com/Rewards/join.aspx
</DebugTrace>
        <ErrorInfo>
          <Message>Assert.IsFalse failed. Client side error occured on Loyalty Tender Neutral Register Page</Message>
          <StackTrace>   at Nordstrom.Web.Test.UI.LoyaltyWeb.Tests.LoyaltyRegisterTests.TenderNeutralRewardsRegister_MarketingPreferenceUpdateUncheckedDuringTenderNeutralEnrollment_MarketingPreferenceSuccessfulUpdateToNoForNordAccount() in c:\Ecommerce\Web\Test\UI\LoyaltyWeb\LoyaltyWebTest\LoyaltyWebTest\Tests\LoyaltyRegisterTests.cs:line 501
</StackTrace>
        </ErrorInfo>
      </Output>
    </UnitTestResult>
    <UnitTestResult executionId="9ecec221-92e0-475b-8204-2fe900c47a17" testId="c2629842-f75d-84a9-158e-f6f12cb84728" testName="TenderNeutralRewardsRegister_MigratedAuthenticatedLoyatyUser_ShouldSeeErrorMessage" computerName="U00979650" duration="00:00:16.3590578" startTime="2016-03-09T12:34:06.6309910-08:00" endTime="2016-03-09T12:34:22.9908385-08:00" testType="13cdc9d9-ddb5-4fa4-a97d-d965ccfc6d4b" outcome="Failed" testListId="8c84fa94-04c1-424b-9868-57a2d4851a1d" relativeResultsDirectory="9ecec221-92e0-475b-8204-2fe900c47a17">
      <Output>
        <DebugTrace>Exception: The remote server returned an error: (404) Not Found.</DebugTrace>
        <ErrorInfo>
          <Message>Test method Nordstrom.Web.Test.UI.LoyaltyWeb.Tests.LoyaltyRegisterTests.TenderNeutralRewardsRegister_MigratedAuthenticatedLoyatyUser_ShouldSeeErrorMessage threw exception: 
System.NullReferenceException: Object reference not set to an instance of an object.</Message>
          <StackTrace>    at Nordstrom.Web.Test.UI.LoyaltyWeb.Tests.LoyaltyRegisterTests.TenderNeutralRewardsRegister_MigratedAuthenticatedLoyatyUser_ShouldSeeErrorMessage() in c:\Ecommerce\Web\Test\UI\LoyaltyWeb\LoyaltyWebTest\LoyaltyWebTest\Tests\LoyaltyRegisterTests.cs:line 1104
</StackTrace>
        </ErrorInfo>
      </Output>
    </UnitTestResult>
    <UnitTestResult executionId="24303985-d3da-474c-b2f0-763f7e51e988" testId="01251113-7a0b-5e5c-8bee-18fe750a194b" testName="TenderNeutralRewardsRegister_MigratedLoyaltyGuestUser_ShouldSeeErrorMessage" computerName="U00979650" duration="00:00:21.9722174" startTime="2016-03-09T12:34:22.9908385-08:00" endTime="2016-03-09T12:34:44.9594147-08:00" testType="13cdc9d9-ddb5-4fa4-a97d-d965ccfc6d4b" outcome="Failed" testListId="8c84fa94-04c1-424b-9868-57a2d4851a1d" relativeResultsDirectory="24303985-d3da-474c-b2f0-763f7e51e988">
      <Output>
        <DebugTrace>Exception: The remote server returned an error: (400) Bad Request.Service center could not create an enrolled loyalty customer successfully.Exception: The remote server returned an error: (404) Not Found.</DebugTrace>
        <ErrorInfo>
          <Message>Test method Nordstrom.Web.Test.UI.LoyaltyWeb.Tests.LoyaltyRegisterTests.TenderNeutralRewardsRegister_MigratedLoyaltyGuestUser_ShouldSeeErrorMessage threw exception: 
System.NullReferenceException: Object reference not set to an instance of an object.</Message>
          <StackTrace>    at Nordstrom.Web.Test.UI.LoyaltyWeb.Tests.LoyaltyRegisterTests.TenderNeutralRewardsRegister_MigratedLoyaltyGuestUser_ShouldSeeErrorMessage() in c:\Ecommerce\Web\Test\UI\LoyaltyWeb\LoyaltyWebTest\LoyaltyWebTest\Tests\LoyaltyRegisterTests.cs:line 1060
</StackTrace>
        </ErrorInfo>
      </Output>
    </UnitTestResult>
    <UnitTestResult executionId="cc9e062f-6a13-405d-bfde-17012bb35cda" testId="c6b4418f-b9ed-bd71-07ec-f66acbe245f3" testName="TenderNeutralRewardsRegister_MigratedRecognizedLoyatyUser_ShouldSeeErrorMessage" computerName="U00979650" duration="00:00:17.5328951" startTime="2016-03-09T12:34:44.9594147-08:00" endTime="2016-03-09T12:35:02.5001613-08:00" testType="13cdc9d9-ddb5-4fa4-a97d-d965ccfc6d4b" outcome="Failed" testListId="8c84fa94-04c1-424b-9868-57a2d4851a1d" relativeResultsDirectory="cc9e062f-6a13-405d-bfde-17012bb35cda">
      <Output>
        <DebugTrace>Exception: The remote server returned an error: (400) Bad Request.Service center could not create an enrolled loyalty customer successfully.Exception: The remote server returned an error: (404) Not Found.</DebugTrace>
        <ErrorInfo>
          <Message>Test method Nordstrom.Web.Test.UI.LoyaltyWeb.Tests.LoyaltyRegisterTests.TenderNeutralRewardsRegister_MigratedRecognizedLoyatyUser_ShouldSeeErrorMessage threw exception: 
System.NullReferenceException: Object reference not set to an instance of an object.</Message>
          <StackTrace>    at Nordstrom.Web.Test.UI.LoyaltyWeb.Tests.LoyaltyRegisterTests.TenderNeutralRewardsRegister_MigratedRecognizedLoyatyUser_ShouldSeeErrorMessage() in c:\Ecommerce\Web\Test\UI\LoyaltyWeb\LoyaltyWebTest\LoyaltyWebTest\Tests\LoyaltyRegisterTests.cs:line 1086
</StackTrace>
        </ErrorInfo>
      </Output>
    </UnitTestResult>
    <UnitTestResult executionId="a96d0413-f727-40e3-a732-e3ec566daa33" testId="516f9ab9-64b9-443c-e877-727862ab585e" testName="TenderNeutralRewardsRegister_RecognizedUserEnrollWithWrongPassword_ShouldFailInEnroll" computerName="U00979650" duration="00:00:58.4584104" startTime="2016-03-09T12:35:02.5001613-08:00" endTime="2016-03-09T12:36:00.9690295-08:00" testType="13cdc9d9-ddb5-4fa4-a97d-d965ccfc6d4b" outcome="Failed" testListId="8c84fa94-04c1-424b-9868-57a2d4851a1d" relativeResultsDirectory="a96d0413-f727-40e3-a732-e3ec566daa33">
      <Output>
        <DebugTrace>Page loaded succesfully with URL = https://tsecure.dev.nordstrom.com/signIn.aspx
Page loaded succesfully with URL = https://tsecure.dev.nordstrom.com/signIn.aspx
Page loaded succesfully with URL = https://tsecure.dev.nordstrom.com/signIn.aspx
Page loaded succesfully with URL = https://tsecure.dev.nordstrom.com/signIn.aspx
Timed out waiting for element to be visible with locator: By.CssSelector: #ctl00_backgroundOverlay
WaitForElementToDisappear: Given Locator did not appear after 10 seconds - but ok - locator id: By.CssSelector: #ctl00_backgroundOverlay
Timed out waiting for element to be visible with locator: By.LinkText: Sign Out
Timed out waiting for element to be visible with locator: By.LinkText: Sign Out
VerifyCreatedAccount: sign out link is not visible
CreateNordAccount: Exception occured when creating new account: exception = 'Assert.IsTrue failed. Verify a new account has been created successfully with email '20160309-123513-240z9riddx4pyatfl4ik150ppk04j48bqcb126i2shhzslt1s5gxai0ufpoakp9j6nztyhjghiahq4sq''
Page loaded succesfully with URL = https://tsecure.dev.nordstrom.com/Rewards/join.aspx
Page loaded succesfully with URL = https://tsecure.dev.nordstrom.com/Rewards/join.aspx
Failed to set focus for the control with locator 'By.Id: txtUserPassword'
element not visible
  (Session info: chrome=48.0.2564.116)
  (Driver info: chromedriver=2.20.353145 (343b531d31eeb933ec778dbcf7081628a1396067),platform=Windows NT 6.1 SP1 x86_64)
</DebugTrace>
        <ErrorInfo>
          <Message>Test method Nordstrom.Web.Test.UI.LoyaltyWeb.Tests.LoyaltyRegisterTests.TenderNeutralRewardsRegister_RecognizedUserEnrollWithWrongPassword_ShouldFailInEnroll threw exception: 
OpenQA.Selenium.InvalidElementStateException: invalid element state: Element is not currently interactable and may not be manipulated
  (Session info: chrome=48.0.2564.116)
  (Driver info: chromedriver=2.20.353145 (343b531d31eeb933ec778dbcf7081628a1396067),platform=Windows NT 6.1 SP1 x86_64)</Message>
          <StackTrace>    at OpenQA.Selenium.Remote.RemoteWebDriver.UnpackAndThrowOnError(Response errorResponse)
   at OpenQA.Selenium.Remote.RemoteWebDriver.Execute(String driverCommandToExecute, Dictionary`2 parameters)
   at OpenQA.Selenium.Remote.RemoteWebElement.Clear()
   at Nordstrom.ECommerce.Test.SeleniumHelper.SeleniumActionHelper.SendKeys(String text, By locator, IWebElement element, Boolean clearField)
   at Nordstrom.Web.Test.UI.Common.PageObjects.LoyaltyRegisterPage.FillEnrollForm(UsersUser user, UserType usertype, String confirmPassword) in c:\Ecommerce\Web\Test\UI\Common\PageObjects\LoyaltyRegisterPage.cs:line 376
   at Nordstrom.Web.Test.UI.LoyaltyWeb.Tests.LoyaltyRegisterTests.TenderNeutralRewardsRegister_RecognizedUserEnrollWithWrongPassword_ShouldFailInEnroll() in c:\Ecommerce\Web\Test\UI\LoyaltyWeb\LoyaltyWebTest\LoyaltyWebTest\Tests\LoyaltyRegisterTests.cs:line 148
</StackTrace>
        </ErrorInfo>
      </Output>
    </UnitTestResult>
    <UnitTestResult executionId="358a2e53-16dd-4bb2-8b9d-38e47ffa8c65" testId="92b927ed-4173-8eba-d7c2-edaf2906a7f7" testName="TenderNeutralRewardsRegister_TheUserWhoSucceedsInEnrollWithHisWebAccountEnrollsAgainWithSameWebAccount_ShouldFailBothEnrollAndAccountCreation" computerName="U00979650" duration="00:01:13.5601369" startTime="2016-03-09T12:36:00.9690295-08:00" endTime="2016-03-09T12:37:14.5348087-08:00" testType="13cdc9d9-ddb5-4fa4-a97d-d965ccfc6d4b" outcome="Passed" testListId="8c84fa94-04c1-424b-9868-57a2d4851a1d" relativeResultsDirectory="358a2e53-16dd-4bb2-8b9d-38e47ffa8c65">
      <Output>
        <DebugTrace>Page loaded succesfully with URL = https://tsecure.dev.nordstrom.com/signIn.aspx
Page loaded succesfully with URL = https://tsecure.dev.nordstrom.com/signIn.aspx
Page loaded succesfully with URL = https://tsecure.dev.nordstrom.com/signIn.aspx
Page loaded succesfully with URL = https://tsecure.dev.nordstrom.com/signIn.aspx
Timed out waiting for element to be visible with locator: By.CssSelector: #ctl00_backgroundOverlay
WaitForElementToDisappear: Given Locator did not appear after 10 seconds - but ok - locator id: By.CssSelector: #ctl00_backgroundOverlay
Timed out waiting for element to be visible with locator: By.LinkText: Sign Out
Timed out waiting for element to be visible with locator: By.LinkText: Sign Out
VerifyCreatedAccount: sign out link is not visible
CreateNordAccount: Exception occured when creating new account: exception = 'Assert.IsTrue failed. Verify a new account has been created successfully with email '20160309-123613-575gxai0hg55cufpoakp9j6nztyhjghiahq4sq''
Element Not found with the given locator (By.LinkText: Sign Out)
Element not found with given locator By.LinkText: Sign Out
Element Not found with the given locator (By.LinkText: Not You?)
Element not found with given locator By.LinkText: Not You?
Page loaded succesfully with URL = https://tsecure.dev.nordstrom.com/signIn.aspx
Page loaded succesfully with URL = https://tsecure.dev.nordstrom.com/Rewards/join.aspx
Page loaded succesfully with URL = https://tsecure.dev.nordstrom.com/Rewards/join.aspx
Element Not found with the given locator (By.LinkText: Sign Out)
Element not found with given locator By.LinkText: Sign Out
Element Not found with the given locator (By.LinkText: Not You?)
Element not found with given locator By.LinkText: Not You?
Page loaded succesfully with URL = https://tsecure.dev.nordstrom.com/Rewards/join.aspx
Page loaded succesfully with URL = https://tsecure.dev.nordstrom.com/Rewards/join.aspx
Page loaded succesfully with URL = https://tsecure.dev.nordstrom.com/Rewards/join.aspx
Timed out waiting for element to be visible with locator: By.Id: ctl00_mainContentPlaceHolder_lblRegisterMessage
</DebugTrace>
      </Output>
    </UnitTestResult>
    <UnitTestResult executionId="f47548a6-1c7f-484e-ab9e-ce57f80e7304" testId="3ed5e039-3897-6d86-5431-a4a317d8e264" testName="MobileVerificationPage_WhenEnrolledUserTypeExpiredCode_ShouldGetExpiredErrorMessage" computerName="U00979650" duration="00:01:23.3541980" startTime="2016-03-09T12:37:14.5348087-08:00" endTime="2016-03-09T12:38:37.8951950-08:00" testType="13cdc9d9-ddb5-4fa4-a97d-d965ccfc6d4b" outcome="Inconclusive" testListId="8c84fa94-04c1-424b-9868-57a2d4851a1d" relativeResultsDirectory="f47548a6-1c7f-484e-ab9e-ce57f80e7304">
      <Output>
        <DebugTrace>Exception: The remote server returned an error: (404) Not Found.Exception: The remote server returned an error: (404) Not Found.Exception: The remote server returned an error: (404) Not Found.Exception: The remote server returned an error: (404) Not Found.Exception: The remote server returned an error: (404) Not Found.Exception: The remote server returned an error: (404) Not Found.Exception: The remote server returned an error: (404) Not Found.Exception: The remote server returned an error: (404) Not Found.Exception: The remote server returned an error: (404) Not Found.Exception: The remote server returned an error: (404) Not Found.Exception: The remote server returned an error: (404) Not Found.Exception: The remote server returned an error: (404) Not Found.Exception: The remote server returned an error: (404) Not Found.Exception: The remote server returned an error: (404) Not Found.Exception: The remote server returned an error: (404) Not Found.Exception: The remote server returned an error: (404) Not Found.Exception: The remote server returned an error: (404) Not Found.Exception: The remote server returned an error: (404) Not Found.Exception: The remote server returned an error: (404) Not Found.Exception: The remote server returned an error: (404) Not Found.Exception: The remote server returned an error: (404) Not Found.Exception: The remote server returned an error: (404) Not Found.Exception: The remote server returned an error: (404) Not Found.Exception: The remote server returned an error: (404) Not Found.Exception: The remote server returned an error: (404) Not Found.Exception: The remote server returned an error: (404) Not Found.Exception: The remote server returned an error: (404) Not Found.Exception: The remote server returned an error: (404) Not Found.Exception: The remote server returned an error: (404) Not Found.Exception: The remote server returned an error: (404) Not Found.Exception: The remote server returned an error: (404) Not Found.Exception: The remote server returned an error: (404) Not Found.Exception: The remote server returned an error: (404) Not Found.Exception: The remote server returned an error: (404) Not Found.Exception: The remote server returned an error: (404) Not Found.Exception: The remote server returned an error: (404) Not Found.Page loaded succesfully with URL = https://tsecure.dev.nordstrom.com/Rewards/join.aspx
Page loaded succesfully with URL = https://tsecure.dev.nordstrom.com/Rewards/join.aspx
Timed out waiting for element to be visible with locator: By.Id: ctl00_backgroundOverlayProgress
Page loaded succesfully with URL = https://tsecure.dev.nordstrom.com/Rewards/join.aspx
Page loaded succesfully with URL = https://tsecure.dev.nordstrom.com/Rewards/join.aspx
Timed out waiting for element to be visible with locator: By.Id: ctl00_mainContentPlaceHolder_btnVerify
User could not redirect to Verification page.
</DebugTrace>
        <ErrorInfo>
          <Message>Assert.Inconclusive failed. User could not redirect to Verification page.</Message>
          <StackTrace>   at Nordstrom.Web.Test.UI.LoyaltyWeb.Tests.LoyaltyTenderNeutralMobileVerificationPageTests.MobileVerificationPage_WhenEnrolledUserTypeExpiredCode_ShouldGetExpiredErrorMessage() in c:\Ecommerce\Web\Test\UI\LoyaltyWeb\LoyaltyWebTest\LoyaltyWebTest\Tests\LoyaltyTenderNeutralMobileVerificationPageTests.cs:line 341
</StackTrace>
        </ErrorInfo>
      </Output>
    </UnitTestResult>
    <UnitTestResult executionId="817c55b8-1c7d-4458-8d10-523ad60d6075" testId="b35f1e27-5b08-b435-139a-a66b6404e8f7" testName="MobileVerificationPage_WhenEnrolledUserTypeValidDigitCode_ShouldLaunchWelcomePage" computerName="U00979650" duration="00:01:38.0472262" startTime="2016-03-09T12:38:37.8951950-08:00" endTime="2016-03-09T12:40:15.9446413-08:00" testType="13cdc9d9-ddb5-4fa4-a97d-d965ccfc6d4b" outcome="Passed" testListId="8c84fa94-04c1-424b-9868-57a2d4851a1d" relativeResultsDirectory="817c55b8-1c7d-4458-8d10-523ad60d6075">
      <Output>
        <DebugTrace>Exception: The remote server returned an error: (404) Not Found.Exception: The remote server returned an error: (404) Not Found.Exception: The remote server returned an error: (404) Not Found.Exception: The remote server returned an error: (404) Not Found.Exception: The remote server returned an error: (404) Not Found.Exception: The remote server returned an error: (404) Not Found.Exception: The remote server returned an error: (404) Not Found.Exception: The remote server returned an error: (404) Not Found.Exception: The remote server returned an error: (404) Not Found.Exception: The remote server returned an error: (404) Not Found.Exception: The remote server returned an error: (404) Not Found.Exception: The remote server returned an error: (404) Not Found.Exception: The remote server returned an error: (404) Not Found.Exception: The remote server returned an error: (404) Not Found.Exception: The remote server returned an error: (404) Not Found.Exception: The remote server returned an error: (404) Not Found.Exception: The remote server returned an error: (404) Not Found.Exception: The remote server returned an error: (404) Not Found.Exception: The remote server returned an error: (404) Not Found.Exception: The remote server returned an error: (404) Not Found.Exception: The remote server returned an error: (404) Not Found.Exception: The remote server returned an error: (404) Not Found.Exception: The remote server returned an error: (404) Not Found.Exception: The remote server returned an error: (404) Not Found.Exception: The remote server returned an error: (404) Not Found.Exception: The remote server returned an error: (404) Not Found.Exception: The remote server returned an error: (404) Not Found.Exception: The remote server returned an error: (404) Not Found.Exception: The remote server returned an error: (404) Not Found.Exception: The remote server returned an error: (404) Not Found.Exception: The remote server returned an error: (404) Not Found.Exception: The remote server returned an error: (404) Not Found.Exception: The remote server returned an error: (404) Not Found.Exception: The remote server returned an error: (404) Not Found.Exception: The remote server returned an error: (404) Not Found.Exception: The remote server returned an error: (404) Not Found.Exception: The remote server returned an error: (404) Not Found.Exception: The remote server returned an error: (404) Not Found.Exception: The remote server returned an error: (404) Not Found.Page loaded succesfully with URL = https://tsecure.dev.nordstrom.com/Rewards/join.aspx
Page loaded succesfully with URL = https://tsecure.dev.nordstrom.com/Rewards/join.aspx
Timed out waiting for element to be visible with locator: By.Id: ctl00_backgroundOverlayProgress
Page loaded succesfully with URL = https://tsecure.dev.nordstrom.com/Rewards/join.aspx
Page loaded succesfully with URL = https://tsecure.dev.nordstrom.com/Rewards/join.aspx
Timed out waiting for element to be visible with locator: By.Id: ctl00_mainContentPlaceHolder_btnVerify
User could not redirect to Verification page.
Element Not found with the given locator (By.Id: skip-nav)
Element not found with given locator By.Id: skip-nav
Timed out waiting for element to be visible with locator: By.Id: ctl00_mainContentPlaceHolder_btnVerify
</DebugTrace>
      </Output>
    </UnitTestResult>
    <UnitTestResult executionId="87932129-062c-411c-b272-0117271e3aa1" testId="a60f89e0-09aa-247e-6f2d-b55c6e6d4e39" testName="MobileVerificationPage_WhenEnrolledUserTypeWrongDigitCode_ShouldGetWrongCodeMessage" computerName="U00979650" duration="00:01:20.3783255" startTime="2016-03-09T12:40:15.9446413-08:00" endTime="2016-03-09T12:41:36.3367892-08:00" testType="13cdc9d9-ddb5-4fa4-a97d-d965ccfc6d4b" outcome="Inconclusive" testListId="8c84fa94-04c1-424b-9868-57a2d4851a1d" relativeResultsDirectory="87932129-062c-411c-b272-0117271e3aa1">
      <Output>
        <DebugTrace>Exception: The remote server returned an error: (404) Not Found.Exception: The remote server returned an error: (404) Not Found.Exception: The remote server returned an error: (404) Not Found.Exception: The remote server returned an error: (404) Not Found.Exception: The remote server returned an error: (404) Not Found.Exception: The remote server returned an error: (404) Not Found.Exception: The remote server returned an error: (404) Not Found.Exception: The remote server returned an error: (404) Not Found.Exception: The remote server returned an error: (404) Not Found.Exception: The remote server returned an error: (404) Not Found.Exception: The remote server returned an error: (404) Not Found.Exception: The remote server returned an error: (404) Not Found.Exception: The remote server returned an error: (404) Not Found.Exception: The remote server returned an error: (404) Not Found.Exception: The remote server returned an error: (404) Not Found.Exception: The remote server returned an error: (404) Not Found.Exception: The remote server returned an error: (404) Not Found.Exception: The remote server returned an error: (404) Not Found.Exception: The remote server returned an error: (404) Not Found.Exception: The remote server returned an error: (404) Not Found.Exception: The remote server returned an error: (404) Not Found.Exception: The remote server returned an error: (404) Not Found.Exception: The remote server returned an error: (404) Not Found.Exception: The remote server returned an error: (404) Not Found.Exception: The remote server returned an error: (404) Not Found.Exception: The remote server returned an error: (404) Not Found.Exception: The remote server returned an error: (404) Not Found.Exception: The remote server returned an error: (404) Not Found.Exception: The remote server returned an error: (404) Not Found.Exception: The remote server returned an error: (404) Not Found.Exception: The remote server returned an error: (404) Not Found.Exception: The remote server returned an error: (404) Not Found.Exception: The remote server returned an error: (404) Not Found.Exception: The remote server returned an error: (404) Not Found.Exception: The remote server returned an error: (404) Not Found.Exception: The remote server returned an error: (404) Not Found.Exception: The remote server returned an error: (404) Not Found.Page loaded succesfully with URL = https://tsecure.dev.nordstrom.com/Rewards/join.aspx
Page loaded succesfully with URL = https://tsecure.dev.nordstrom.com/Rewards/join.aspx
Timed out waiting for element to be visible with locator: By.Id: ctl00_backgroundOverlayProgress
Page loaded succesfully with URL = https://tsecure.dev.nordstrom.com/Rewards/join.aspx
Page loaded succesfully with URL = https://tsecure.dev.nordstrom.com/Rewards/join.aspx
Timed out waiting for element to be visible with locator: By.Id: ctl00_mainContentPlaceHolder_btnVerify
</DebugTrace>
        <ErrorInfo>
          <Message>Assert.Inconclusive failed. User could not redirect to Verification page.</Message>
          <StackTrace>   at Nordstrom.Web.Test.UI.LoyaltyWeb.Tests.LoyaltyTenderNeutralMobileVerificationPageTests.MobileVerificationPage_WhenEnrolledUserTypeWrongDigitCode_ShouldGetWrongCodeMessage() in c:\Ecommerce\Web\Test\UI\LoyaltyWeb\LoyaltyWebTest\LoyaltyWebTest\Tests\LoyaltyTenderNeutralMobileVerificationPageTests.cs:line 270
</StackTrace>
        </ErrorInfo>
      </Output>
    </UnitTestResult>
    <UnitTestResult executionId="31c08d35-a2b1-4f77-af1b-497d2b77d703" testId="fd9689ca-c849-85c0-6c50-3415bd88876e" testName="MobileVerificationPageModalPopupsValidation_AuthenticatedUserGetANewCodeModalContentValidation_GetANewCodeModalContentValidatedSuccessfully" computerName="U00979650" duration="00:01:39.0383612" startTime="2016-03-09T12:41:36.3367892-08:00" endTime="2016-03-09T12:43:15.3549820-08:00" testType="13cdc9d9-ddb5-4fa4-a97d-d965ccfc6d4b" outcome="Failed" testListId="8c84fa94-04c1-424b-9868-57a2d4851a1d" relativeResultsDirectory="31c08d35-a2b1-4f77-af1b-497d2b77d703">
      <Output>
        <DebugTrace>Exception: The remote server returned an error: (404) Not Found.Exception: The remote server returned an error: (404) Not Found.Exception: The remote server returned an error: (404) Not Found.Exception: The remote server returned an error: (404) Not Found.Exception: The remote server returned an error: (404) Not Found.Exception: The remote server returned an error: (404) Not Found.Exception: The remote server returned an error: (404) Not Found.Exception: The remote server returned an error: (404) Not Found.Exception: The remote server returned an error: (404) Not Found.Exception: The remote server returned an error: (404) Not Found.Exception: The remote server returned an error: (404) Not Found.Exception: The remote server returned an error: (404) Not Found.Exception: The remote server returned an error: (404) Not Found.Exception: The remote server returned an error: (404) Not Found.Exception: The remote server returned an error: (404) Not Found.Exception: The remote server returned an error: (404) Not Found.Exception: The remote server returned an error: (404) Not Found.Exception: The remote server returned an error: (404) Not Found.Exception: The remote server returned an error: (404) Not Found.Exception: The remote server returned an error: (404) Not Found.Exception: The remote server returned an error: (404) Not Found.Exception: The remote server returned an error: (404) Not Found.Exception: The remote server returned an error: (404) Not Found.Exception: The remote server returned an error: (404) Not Found.Exception: The remote server returned an error: (404) Not Found.Exception: The remote server returned an error: (404) Not Found.Exception: The remote server returned an error: (404) Not Found.Exception: The remote server returned an error: (404) Not Found.Exception: The remote server returned an error: (404) Not Found.Exception: The remote server returned an error: (404) Not Found.Exception: The remote server returned an error: (404) Not Found.Exception: The remote server returned an error: (404) Not Found.Exception: The remote server returned an error: (404) Not Found.Exception: The remote server returned an error: (404) Not Found.Exception: The remote server returned an error: (404) Not Found.Exception: The remote server returned an error: (404) Not Found.Exception: The remote server returned an error: (404) Not Found.Exception: The remote server returned an error: (404) Not Found.Exception: The remote server returned an error: (404) Not Found.Page loaded succesfully with URL = https://tsecure.dev.nordstrom.com/signIn.aspx
Page loaded succesfully with URL = https://tsecure.dev.nordstrom.com/signIn.aspx
Page loaded succesfully with URL = https://tsecure.dev.nordstrom.com/signIn.aspx
Page loaded succesfully with URL = https://tsecure.dev.nordstrom.com/signIn.aspx
Timed out waiting for element to be visible with locator: By.CssSelector: #ctl00_backgroundOverlay
WaitForElementToDisappear: Given Locator did not appear after 10 seconds - but ok - locator id: By.CssSelector: #ctl00_backgroundOverlay
Timed out waiting for element to be visible with locator: By.LinkText: Sign Out
Timed out waiting for element to be visible with locator: By.LinkText: Sign Out
VerifyCreatedAccount: sign out link is not visible
CreateNordAccount: Exception occured when creating new account: exception = 'Assert.IsTrue failed. Verify a new account has been created successfully with email '20160309-124225-3603g3mk96zhssr3e0va''
Page loaded succesfully with URL = https://tsecure.dev.nordstrom.com/Rewards/join.aspx
Page loaded succesfully with URL = https://tsecure.dev.nordstrom.com/Rewards/join.aspx
</DebugTrace>
        <ErrorInfo>
          <Message>Assert.IsFalse failed. Client side error occured on Loyalty Tender Neutral Register Page</Message>
          <StackTrace>   at Nordstrom.Web.Test.UI.LoyaltyWeb.Tests.LoyaltyTenderNeutralMobileVerificationPageTests.EnrollInLoyaltyTenderNeutralRewards(UserType userType) in c:\Ecommerce\Web\Test\UI\LoyaltyWeb\LoyaltyWebTest\LoyaltyWebTest\Tests\LoyaltyTenderNeutralMobileVerificationPageTests.cs:line 627
   at Nordstrom.Web.Test.UI.LoyaltyWeb.Tests.LoyaltyTenderNeutralMobileVerificationPageTests.MobileVerificationPageModalPopupsValidation_AuthenticatedUserGetANewCodeModalContentValidation_GetANewCodeModalContentValidatedSuccessfully() in c:\Ecommerce\Web\Test\UI\LoyaltyWeb\LoyaltyWebTest\LoyaltyWebTest\Tests\LoyaltyTenderNeutralMobileVerificationPageTests.cs:line 93
</StackTrace>
        </ErrorInfo>
      </Output>
    </UnitTestResult>
    <UnitTestResult executionId="4f9bd86c-691b-4958-aa9d-350058588f2b" testId="6e4b466a-0077-fe75-13aa-08378abb46e8" testName="MobileVerificationPageModalPopupsValidation_AuthenticatedUserMaximumLimitGetACodeClickValidation_ThrowsError" computerName="U00979650" duration="00:01:45.2399722" startTime="2016-03-09T12:43:15.3549820-08:00" endTime="2016-03-09T12:45:00.6035058-08:00" testType="13cdc9d9-ddb5-4fa4-a97d-d965ccfc6d4b" outcome="Failed" testListId="8c84fa94-04c1-424b-9868-57a2d4851a1d" relativeResultsDirectory="4f9bd86c-691b-4958-aa9d-350058588f2b">
      <Output>
        <DebugTrace>Exception: The remote server returned an error: (404) Not Found.Exception: The remote server returned an error: (404) Not Found.Exception: The remote server returned an error: (404) Not Found.Exception: The remote server returned an error: (404) Not Found.Exception: The remote server returned an error: (404) Not Found.Exception: The remote server returned an error: (404) Not Found.Exception: The remote server returned an error: (404) Not Found.Exception: The remote server returned an error: (404) Not Found.Exception: The remote server returned an error: (404) Not Found.Exception: The remote server returned an error: (404) Not Found.Exception: The remote server returned an error: (404) Not Found.Exception: The remote server returned an error: (404) Not Found.Exception: The remote server returned an error: (404) Not Found.Exception: The remote server returned an error: (404) Not Found.Exception: The remote server returned an error: (404) Not Found.Exception: The remote server returned an error: (404) Not Found.Exception: The remote server returned an error: (404) Not Found.Exception: The remote server returned an error: (404) Not Found.Exception: The remote server returned an error: (404) Not Found.Exception: The remote server returned an error: (404) Not Found.Exception: The remote server returned an error: (404) Not Found.Exception: The remote server returned an error: (404) Not Found.Exception: The remote server returned an error: (404) Not Found.Exception: The remote server returned an error: (404) Not Found.Exception: The remote server returned an error: (404) Not Found.Exception: The remote server returned an error: (404) Not Found.Exception: The remote server returned an error: (404) Not Found.Exception: The remote server returned an error: (404) Not Found.Exception: The remote server returned an error: (404) Not Found.Exception: The remote server returned an error: (404) Not Found.Exception: The remote server returned an error: (404) Not Found.Exception: The remote server returned an error: (404) Not Found.Exception: The remote server returned an error: (404) Not Found.Exception: The remote server returned an error: (404) Not Found.Exception: The remote server returned an error: (404) Not Found.Exception: The remote server returned an error: (404) Not Found.Exception: The remote server returned an error: (404) Not Found.Exception: The remote server returned an error: (404) Not Found.Page loaded succesfully with URL = https://tsecure.dev.nordstrom.com/signIn.aspx
Page loaded succesfully with URL = https://tsecure.dev.nordstrom.com/signIn.aspx
Page loaded succesfully with URL = https://tsecure.dev.nordstrom.com/signIn.aspx
Page loaded succesfully with URL = https://tsecure.dev.nordstrom.com/signIn.aspx
Timed out waiting for element to be visible with locator: By.CssSelector: #ctl00_backgroundOverlay
WaitForElementToDisappear: Given Locator did not appear after 10 seconds - but ok - locator id: By.CssSelector: #ctl00_backgroundOverlay
Timed out waiting for element to be visible with locator: By.LinkText: Sign Out
Timed out waiting for element to be visible with locator: By.LinkText: Sign Out
VerifyCreatedAccount: sign out link is not visible
CreateNordAccount: Exception occured when creating new account: exception = 'Assert.IsTrue failed. Verify a new account has been created successfully with email '20160309-124405-0173g3mk96zhssr3e0va''
Page loaded succesfully with URL = https://tsecure.dev.nordstrom.com/Rewards/join.aspx
Page loaded succesfully with URL = https://tsecure.dev.nordstrom.com/Rewards/join.aspx
</DebugTrace>
        <ErrorInfo>
          <Message>Assert.IsFalse failed. Client side error occured on Loyalty Tender Neutral Register Page</Message>
          <StackTrace>   at Nordstrom.Web.Test.UI.LoyaltyWeb.Tests.LoyaltyTenderNeutralMobileVerificationPageTests.EnrollInLoyaltyTenderNeutralRewards(UserType userType) in c:\Ecommerce\Web\Test\UI\LoyaltyWeb\LoyaltyWebTest\LoyaltyWebTest\Tests\LoyaltyTenderNeutralMobileVerificationPageTests.cs:line 627
   at Nordstrom.Web.Test.UI.LoyaltyWeb.Tests.LoyaltyTenderNeutralMobileVerificationPageTests.MobileVerificationPageModalPopupsValidation_AuthenticatedUserMaximumLimitGetACodeClickValidation_ThrowsError() in c:\Ecommerce\Web\Test\UI\LoyaltyWeb\LoyaltyWebTest\LoyaltyWebTest\Tests\LoyaltyTenderNeutralMobileVerificationPageTests.cs:line 387
</StackTrace>
        </ErrorInfo>
      </Output>
    </UnitTestResult>
    <UnitTestResult executionId="3cdd1f4e-8952-4a06-84b4-b2a5af6dcfaf" testId="ce572bd9-5672-05db-ace5-da65f4ad130f" testName="MobileVerificationPageModalPopupsValidation_CloseButtonInDidntGetACodeModalValidation_CloseButtonInDidntGetACodeModalClosedModalSuccessfully" computerName="U00979650" duration="00:01:03.8776715" startTime="2016-03-09T12:45:00.6035058-08:00" endTime="2016-03-09T12:46:04.4868935-08:00" testType="13cdc9d9-ddb5-4fa4-a97d-d965ccfc6d4b" outcome="Failed" testListId="8c84fa94-04c1-424b-9868-57a2d4851a1d" relativeResultsDirectory="3cdd1f4e-8952-4a06-84b4-b2a5af6dcfaf">
      <Output>
        <DebugTrace>Exception: The remote server returned an error: (404) Not Found.Exception: The remote server returned an error: (404) Not Found.Exception: The remote server returned an error: (404) Not Found.Exception: The remote server returned an error: (404) Not Found.Exception: The remote server returned an error: (404) Not Found.Exception: The remote server returned an error: (404) Not Found.Exception: The remote server returned an error: (404) Not Found.Exception: The remote server returned an error: (404) Not Found.Exception: The remote server returned an error: (404) Not Found.Exception: The remote server returned an error: (404) Not Found.Exception: The remote server returned an error: (404) Not Found.Exception: The remote server returned an error: (404) Not Found.Exception: The remote server returned an error: (404) Not Found.Exception: The remote server returned an error: (404) Not Found.Exception: The remote server returned an error: (404) Not Found.Exception: The remote server returned an error: (404) Not Found.Exception: The remote server returned an error: (404) Not Found.Exception: The remote server returned an error: (404) Not Found.Exception: The remote server returned an error: (404) Not Found.Exception: The remote server returned an error: (404) Not Found.Exception: The remote server returned an error: (404) Not Found.Exception: The remote server returned an error: (404) Not Found.Exception: The remote server returned an error: (404) Not Found.Exception: The remote server returned an error: (404) Not Found.Exception: The remote server returned an error: (404) Not Found.Exception: The remote server returned an error: (404) Not Found.Exception: The remote server returned an error: (404) Not Found.Exception: The remote server returned an error: (404) Not Found.Exception: The remote server returned an error: (404) Not Found.Exception: The remote server returned an error: (404) Not Found.Exception: The remote server returned an error: (404) Not Found.Exception: The remote server returned an error: (404) Not Found.Exception: The remote server returned an error: (404) Not Found.Exception: The remote server returned an error: (404) Not Found.Exception: The remote server returned an error: (404) Not Found.Exception: The remote server returned an error: (404) Not Found.Exception: The remote server returned an error: (404) Not Found.Page loaded succesfully with URL = https://tsecure.dev.nordstrom.com/Rewards/join.aspx
Page loaded succesfully with URL = https://tsecure.dev.nordstrom.com/Rewards/join.aspx
</DebugTrace>
        <ErrorInfo>
          <Message>Assert.IsFalse failed. Client side error occured on Loyalty Tender Neutral Register Page</Message>
          <StackTrace>   at Nordstrom.Web.Test.UI.LoyaltyWeb.Tests.LoyaltyTenderNeutralMobileVerificationPageTests.EnrollInLoyaltyTenderNeutralRewards(UserType userType) in c:\Ecommerce\Web\Test\UI\LoyaltyWeb\LoyaltyWebTest\LoyaltyWebTest\Tests\LoyaltyTenderNeutralMobileVerificationPageTests.cs:line 607
   at Nordstrom.Web.Test.UI.LoyaltyWeb.Tests.LoyaltyTenderNeutralMobileVerificationPageTests.MobileVerificationPageModalPopupsValidation_CloseButtonInDidntGetACodeModalValidation_CloseButtonInDidntGetACodeModalClosedModalSuccessfully() in c:\Ecommerce\Web\Test\UI\LoyaltyWeb\LoyaltyWebTest\LoyaltyWebTest\Tests\LoyaltyTenderNeutralMobileVerificationPageTests.cs:line 40
</StackTrace>
        </ErrorInfo>
      </Output>
    </UnitTestResult>
    <UnitTestResult executionId="0360507f-1c70-468f-bdbc-a98cf151afd0" testId="d82ebd9e-3451-df7a-0b58-d8b52bcb1cf8" testName="MobileVerificationPageModalPopupsValidation_CloseButtonInGetANewCodeModalValidation_CloseButtonInGetANewCodeModalClosesModalSuccessfully" computerName="U00979650" duration="00:01:02.8578963" startTime="2016-03-09T12:46:04.4878936-08:00" endTime="2016-03-09T12:47:07.3711667-08:00" testType="13cdc9d9-ddb5-4fa4-a97d-d965ccfc6d4b" outcome="Failed" testListId="8c84fa94-04c1-424b-9868-57a2d4851a1d" relativeResultsDirectory="0360507f-1c70-468f-bdbc-a98cf151afd0">
      <Output>
        <DebugTrace>Exception: The remote server returned an error: (404) Not Found.Exception: The remote server returned an error: (404) Not Found.Exception: The remote server returned an error: (404) Not Found.Exception: The remote server returned an error: (404) Not Found.Exception: The remote server returned an error: (404) Not Found.Exception: The remote server returned an error: (404) Not Found.Exception: The remote server returned an error: (404) Not Found.Exception: The remote server returned an error: (404) Not Found.Exception: The remote server returned an error: (404) Not Found.Exception: The remote server returned an error: (404) Not Found.Exception: The remote server returned an error: (404) Not Found.Exception: The remote server returned an error: (404) Not Found.Exception: The remote server returned an error: (404) Not Found.Exception: The remote server returned an error: (404) Not Found.Exception: The remote server returned an error: (404) Not Found.Exception: The remote server returned an error: (404) Not Found.Exception: The remote server returned an error: (404) Not Found.Exception: The remote server returned an error: (404) Not Found.Exception: The remote server returned an error: (404) Not Found.Exception: The remote server returned an error: (404) Not Found.Exception: The remote server returned an error: (404) Not Found.Exception: The remote server returned an error: (404) Not Found.Exception: The remote server returned an error: (404) Not Found.Exception: The remote server returned an error: (404) Not Found.Exception: The remote server returned an error: (404) Not Found.Exception: The remote server returned an error: (404) Not Found.Exception: The remote server returned an error: (404) Not Found.Exception: The remote server returned an error: (404) Not Found.Exception: The remote server returned an error: (404) Not Found.Exception: The remote server returned an error: (404) Not Found.Exception: The remote server returned an error: (404) Not Found.Exception: The remote server returned an error: (404) Not Found.Exception: The remote server returned an error: (404) Not Found.Exception: The remote server returned an error: (404) Not Found.Exception: The remote server returned an error: (404) Not Found.Exception: The remote server returned an error: (404) Not Found.Exception: The remote server returned an error: (404) Not Found.Exception: The remote server returned an error: (404) Not Found.Exception: The remote server returned an error: (404) Not Found.Exception: The remote server returned an error: (404) Not Found.Page loaded succesfully with URL = https://tsecure.dev.nordstrom.com/Rewards/join.aspx
Page loaded succesfully with URL = https://tsecure.dev.nordstrom.com/Rewards/join.aspx
</DebugTrace>
        <ErrorInfo>
          <Message>Assert.IsFalse failed. Client side error occured on Loyalty Tender Neutral Register Page</Message>
          <StackTrace>   at Nordstrom.Web.Test.UI.LoyaltyWeb.Tests.LoyaltyTenderNeutralMobileVerificationPageTests.EnrollInLoyaltyTenderNeutralRewards(UserType userType) in c:\Ecommerce\Web\Test\UI\LoyaltyWeb\LoyaltyWebTest\LoyaltyWebTest\Tests\LoyaltyTenderNeutralMobileVerificationPageTests.cs:line 607
   at Nordstrom.Web.Test.UI.LoyaltyWeb.Tests.LoyaltyTenderNeutralMobileVerificationPageTests.MobileVerificationPageModalPopupsValidation_CloseButtonInGetANewCodeModalValidation_CloseButtonInGetANewCodeModalClosesModalSuccessfully() in c:\Ecommerce\Web\Test\UI\LoyaltyWeb\LoyaltyWebTest\LoyaltyWebTest\Tests\LoyaltyTenderNeutralMobileVerificationPageTests.cs:line 67
</StackTrace>
        </ErrorInfo>
      </Output>
    </UnitTestResult>
    <UnitTestResult executionId="4a113bbd-0130-434f-8665-3f2efcc082f8" testId="1739156d-1c90-8ba1-2d01-f385a3b4a9df" testName="MobileVerificationPageModalPopupsValidation_DidntGetACodeModalContentValidation_DidntGetACodeModalContentValidatedSuccessfully" computerName="U00979650" duration="00:01:00.9552252" startTime="2016-03-09T12:47:07.3711667-08:00" endTime="2016-03-09T12:48:08.3377153-08:00" testType="13cdc9d9-ddb5-4fa4-a97d-d965ccfc6d4b" outcome="Failed" testListId="8c84fa94-04c1-424b-9868-57a2d4851a1d" relativeResultsDirectory="4a113bbd-0130-434f-8665-3f2efcc082f8">
      <Output>
        <DebugTrace>Exception: The remote server returned an error: (404) Not Found.Exception: The remote server returned an error: (404) Not Found.Exception: The remote server returned an error: (404) Not Found.Exception: The remote server returned an error: (404) Not Found.Exception: The remote server returned an error: (404) Not Found.Exception: The remote server returned an error: (404) Not Found.Exception: The remote server returned an error: (404) Not Found.Exception: The remote server returned an error: (404) Not Found.Exception: The remote server returned an error: (404) Not Found.Exception: The remote server returned an error: (404) Not Found.Exception: The remote server returned an error: (404) Not Found.Exception: The remote server returned an error: (404) Not Found.Exception: The remote server returned an error: (404) Not Found.Exception: The remote server returned an error: (404) Not Found.Exception: The remote server returned an error: (404) Not Found.Exception: The remote server returned an error: (404) Not Found.Exception: The remote server returned an error: (404) Not Found.Exception: The remote server returned an error: (404) Not Found.Exception: The remote server returned an error: (404) Not Found.Exception: The remote server returned an error: (404) Not Found.Exception: The remote server returned an error: (404) Not Found.Exception: The remote server returned an error: (404) Not Found.Exception: The remote server returned an error: (404) Not Found.Exception: The remote server returned an error: (404) Not Found.Exception: The remote server returned an error: (404) Not Found.Exception: The remote server returned an error: (404) Not Found.Exception: The remote server returned an error: (404) Not Found.Exception: The remote server returned an error: (404) Not Found.Exception: The remote server returned an error: (404) Not Found.Exception: The remote server returned an error: (404) Not Found.Exception: The remote server returned an error: (404) Not Found.Exception: The remote server returned an error: (404) Not Found.Exception: The remote server returned an error: (404) Not Found.Exception: The remote server returned an error: (404) Not Found.Exception: The remote server returned an error: (404) Not Found.Exception: The remote server returned an error: (404) Not Found.Exception: The remote server returned an error: (404) Not Found.Exception: The remote server returned an error: (404) Not Found.Exception: The remote server returned an error: (404) Not Found.Exception: The remote server returned an error: (404) Not Found.Page loaded succesfully with URL = https://tsecure.dev.nordstrom.com/Rewards/join.aspx
Page loaded succesfully with URL = https://tsecure.dev.nordstrom.com/Rewards/join.aspx
</DebugTrace>
        <ErrorInfo>
          <Message>Assert.IsFalse failed. Client side error occured on Loyalty Tender Neutral Register Page</Message>
          <StackTrace>   at Nordstrom.Web.Test.UI.LoyaltyWeb.Tests.LoyaltyTenderNeutralMobileVerificationPageTests.EnrollInLoyaltyTenderNeutralRewards(UserType userType) in c:\Ecommerce\Web\Test\UI\LoyaltyWeb\LoyaltyWebTest\LoyaltyWebTest\Tests\LoyaltyTenderNeutralMobileVerificationPageTests.cs:line 607
   at Nordstrom.Web.Test.UI.LoyaltyWeb.Tests.LoyaltyTenderNeutralMobileVerificationPageTests.MobileVerificationPageModalPopupsValidation_DidntGetACodeModalContentValidation_DidntGetACodeModalContentValidatedSuccessfully() in c:\Ecommerce\Web\Test\UI\LoyaltyWeb\LoyaltyWebTest\LoyaltyWebTest\Tests\LoyaltyTenderNeutralMobileVerificationPageTests.cs:line 28
</StackTrace>
        </ErrorInfo>
      </Output>
    </UnitTestResult>
    <UnitTestResult executionId="ce7be716-920d-4e2c-9c75-0d9dd786e60a" testId="593870bf-35d9-f167-dacc-3d72e1e92f7b" testName="MobileVerificationPageModalPopupsValidation_GuestUserGetANewCodeModalContentValidation_GetANewCodeModalContentValidatedSuccessfully" computerName="U00979650" duration="00:01:06.5683529" startTime="2016-03-09T12:48:08.3377153-08:00" endTime="2016-03-09T12:49:14.9089776-08:00" testType="13cdc9d9-ddb5-4fa4-a97d-d965ccfc6d4b" outcome="Failed" testListId="8c84fa94-04c1-424b-9868-57a2d4851a1d" relativeResultsDirectory="ce7be716-920d-4e2c-9c75-0d9dd786e60a">
      <Output>
        <DebugTrace>Exception: The remote server returned an error: (404) Not Found.Exception: The remote server returned an error: (404) Not Found.Exception: The remote server returned an error: (404) Not Found.Exception: The remote server returned an error: (404) Not Found.Exception: The remote server returned an error: (404) Not Found.Exception: The remote server returned an error: (404) Not Found.Exception: The remote server returned an error: (404) Not Found.Exception: The remote server returned an error: (404) Not Found.Exception: The remote server returned an error: (404) Not Found.Exception: The remote server returned an error: (404) Not Found.Exception: The remote server returned an error: (404) Not Found.Exception: The remote server returned an error: (404) Not Found.Exception: The remote server returned an error: (404) Not Found.Exception: The remote server returned an error: (404) Not Found.Exception: The remote server returned an error: (404) Not Found.Exception: The remote server returned an error: (404) Not Found.Exception: The remote server returned an error: (404) Not Found.Exception: The remote server returned an error: (404) Not Found.Exception: The remote server returned an error: (404) Not Found.Exception: The remote server returned an error: (404) Not Found.Exception: The remote server returned an error: (404) Not Found.Exception: The remote server returned an error: (404) Not Found.Exception: The remote server returned an error: (404) Not Found.Exception: The remote server returned an error: (404) Not Found.Exception: The remote server returned an error: (404) Not Found.Exception: The remote server returned an error: (404) Not Found.Exception: The remote server returned an error: (404) Not Found.Exception: The remote server returned an error: (404) Not Found.Exception: The remote server returned an error: (404) Not Found.Exception: The remote server returned an error: (404) Not Found.Exception: The remote server returned an error: (404) Not Found.Exception: The remote server returned an error: (404) Not Found.Exception: The remote server returned an error: (404) Not Found.Exception: The remote server returned an error: (404) Not Found.Exception: The remote server returned an error: (404) Not Found.Exception: The remote server returned an error: (404) Not Found.Exception: The remote server returned an error: (404) Not Found.Exception: The remote server returned an error: (404) Not Found.Exception: The remote server returned an error: (404) Not Found.Exception: The remote server returned an error: (404) Not Found.Page loaded succesfully with URL = https://tsecure.dev.nordstrom.com/Rewards/join.aspx
Page loaded succesfully with URL = https://tsecure.dev.nordstrom.com/Rewards/join.aspx
</DebugTrace>
        <ErrorInfo>
          <Message>Assert.IsFalse failed. Client side error occured on Loyalty Tender Neutral Register Page</Message>
          <StackTrace>   at Nordstrom.Web.Test.UI.LoyaltyWeb.Tests.LoyaltyTenderNeutralMobileVerificationPageTests.EnrollInLoyaltyTenderNeutralRewards(UserType userType) in c:\Ecommerce\Web\Test\UI\LoyaltyWeb\LoyaltyWebTest\LoyaltyWebTest\Tests\LoyaltyTenderNeutralMobileVerificationPageTests.cs:line 607
   at Nordstrom.Web.Test.UI.LoyaltyWeb.Tests.LoyaltyTenderNeutralMobileVerificationPageTests.MobileVerificationPageModalPopupsValidation_GuestUserGetANewCodeModalContentValidation_GetANewCodeModalContentValidatedSuccessfully() in c:\Ecommerce\Web\Test\UI\LoyaltyWeb\LoyaltyWebTest\LoyaltyWebTest\Tests\LoyaltyTenderNeutralMobileVerificationPageTests.cs:line 106
</StackTrace>
        </ErrorInfo>
      </Output>
    </UnitTestResult>
    <UnitTestResult executionId="956d89b9-18b6-4ac7-99b8-459b020c1bd6" testId="3bee3d0c-7154-4dcc-90cc-2f4423d4c4cb" testName="MobileVerificationPageModalPopupsValidation_OkButtonInDidntGetACodeModalValidation_OkButtonInDidntGetACodeModalClosedModalSuccessfully" computerName="U00979650" duration="00:01:15.7432042" startTime="2016-03-09T12:49:14.9089776-08:00" endTime="2016-03-09T12:50:30.6625303-08:00" testType="13cdc9d9-ddb5-4fa4-a97d-d965ccfc6d4b" outcome="Failed" testListId="8c84fa94-04c1-424b-9868-57a2d4851a1d" relativeResultsDirectory="956d89b9-18b6-4ac7-99b8-459b020c1bd6">
      <Output>
        <DebugTrace>Exception: The remote server returned an error: (404) Not Found.Exception: The remote server returned an error: (404) Not Found.Exception: The remote server returned an error: (404) Not Found.Exception: The remote server returned an error: (404) Not Found.Exception: The remote server returned an error: (404) Not Found.Exception: The remote server returned an error: (404) Not Found.Exception: The remote server returned an error: (404) Not Found.Exception: The remote server returned an error: (404) Not Found.Exception: The remote server returned an error: (404) Not Found.Exception: The remote server returned an error: (404) Not Found.Exception: The remote server returned an error: (404) Not Found.Exception: The remote server returned an error: (404) Not Found.Exception: The remote server returned an error: (404) Not Found.Exception: The remote server returned an error: (404) Not Found.Exception: The remote server returned an error: (404) Not Found.Exception: The remote server returned an error: (404) Not Found.Exception: The remote server returned an error: (404) Not Found.Exception: The remote server returned an error: (404) Not Found.Exception: The remote server returned an error: (404) Not Found.Exception: The remote server returned an error: (404) Not Found.Exception: The remote server returned an error: (404) Not Found.Exception: The remote server returned an error: (404) Not Found.Exception: The remote server returned an error: (404) Not Found.Exception: The remote server returned an error: (404) Not Found.Exception: The remote server returned an error: (404) Not Found.Exception: The remote server returned an error: (404) Not Found.Exception: The remote server returned an error: (404) Not Found.Exception: The remote server returned an error: (404) Not Found.Exception: The remote server returned an error: (404) Not Found.Exception: The remote server returned an error: (404) Not Found.Exception: The remote server returned an error: (404) Not Found.Exception: The remote server returned an error: (404) Not Found.Exception: The remote server returned an error: (404) Not Found.Exception: The remote server returned an error: (404) Not Found.Exception: The remote server returned an error: (404) Not Found.Exception: The remote server returned an error: (404) Not Found.Exception: The remote server returned an error: (404) Not Found.Exception: The remote server returned an error: (404) Not Found.Page loaded succesfully with URL = https://tsecure.dev.nordstrom.com/Rewards/join.aspx
Page loaded succesfully with URL = https://tsecure.dev.nordstrom.com/Rewards/join.aspx
</DebugTrace>
        <ErrorInfo>
          <Message>Assert.IsFalse failed. Client side error occured on Loyalty Tender Neutral Register Page</Message>
          <StackTrace>   at Nordstrom.Web.Test.UI.LoyaltyWeb.Tests.LoyaltyTenderNeutralMobileVerificationPageTests.EnrollInLoyaltyTenderNeutralRewards(UserType userType) in c:\Ecommerce\Web\Test\UI\LoyaltyWeb\LoyaltyWebTest\LoyaltyWebTest\Tests\LoyaltyTenderNeutralMobileVerificationPageTests.cs:line 607
   at Nordstrom.Web.Test.UI.LoyaltyWeb.Tests.LoyaltyTenderNeutralMobileVerificationPageTests.MobileVerificationPageModalPopupsValidation_OkButtonInDidntGetACodeModalValidation_OkButtonInDidntGetACodeModalClosedModalSuccessfully() in c:\Ecommerce\Web\Test\UI\LoyaltyWeb\LoyaltyWebTest\LoyaltyWebTest\Tests\LoyaltyTenderNeutralMobileVerificationPageTests.cs:line 53
</StackTrace>
        </ErrorInfo>
      </Output>
    </UnitTestResult>
    <UnitTestResult executionId="fb25561b-e415-4803-a7bc-8c615bf05622" testId="cb583331-3896-44d1-cc05-a2ba3e66fac5" testName="MobileVerificationPageModalPopupsValidation_OkButtonInGetANewCodeModalValidation_OkButtonInGetANewCodeModalClosesModalSuccessfully" computerName="U00979650" duration="00:01:19.1433639" startTime="2016-03-09T12:50:30.6625303-08:00" endTime="2016-03-09T12:51:49.7972970-08:00" testType="13cdc9d9-ddb5-4fa4-a97d-d965ccfc6d4b" outcome="Failed" testListId="8c84fa94-04c1-424b-9868-57a2d4851a1d" relativeResultsDirectory="fb25561b-e415-4803-a7bc-8c615bf05622">
      <Output>
        <DebugTrace>Exception: The remote server returned an error: (404) Not Found.Exception: The remote server returned an error: (404) Not Found.Exception: The remote server returned an error: (404) Not Found.Exception: The remote server returned an error: (404) Not Found.Exception: The remote server returned an error: (404) Not Found.Exception: The remote server returned an error: (404) Not Found.Exception: The remote server returned an error: (404) Not Found.Exception: The remote server returned an error: (404) Not Found.Exception: The remote server returned an error: (404) Not Found.Exception: The remote server returned an error: (404) Not Found.Exception: The remote server returned an error: (404) Not Found.Exception: The remote server returned an error: (404) Not Found.Exception: The remote server returned an error: (404) Not Found.Exception: The remote server returned an error: (404) Not Found.Exception: The remote server returned an error: (404) Not Found.Exception: The remote server returned an error: (404) Not Found.Exception: The remote server returned an error: (404) Not Found.Exception: The remote server returned an error: (404) Not Found.Exception: The remote server returned an error: (404) Not Found.Exception: The remote server returned an error: (404) Not Found.Exception: The remote server returned an error: (404) Not Found.Exception: The remote server returned an error: (404) Not Found.Exception: The remote server returned an error: (404) Not Found.Exception: The remote server returned an error: (404) Not Found.Exception: The remote server returned an error: (404) Not Found.Exception: The remote server returned an error: (404) Not Found.Exception: The remote server returned an error: (404) Not Found.Exception: The remote server returned an error: (404) Not Found.Exception: The remote server returned an error: (404) Not Found.Exception: The remote server returned an error: (404) Not Found.Exception: The remote server returned an error: (404) Not Found.Exception: The remote server returned an error: (404) Not Found.Exception: The remote server returned an error: (404) Not Found.Exception: The remote server returned an error: (404) Not Found.Exception: The remote server returned an error: (404) Not Found.Exception: The remote server returned an error: (404) Not Found.Exception: The remote server returned an error: (404) Not Found.Page loaded succesfully with URL = https://tsecure.dev.nordstrom.com/Rewards/join.aspx
Page loaded succesfully with URL = https://tsecure.dev.nordstrom.com/Rewards/join.aspx
</DebugTrace>
        <ErrorInfo>
          <Message>Assert.IsFalse failed. Client side error occured on Loyalty Tender Neutral Register Page</Message>
          <StackTrace>   at Nordstrom.Web.Test.UI.LoyaltyWeb.Tests.LoyaltyTenderNeutralMobileVerificationPageTests.EnrollInLoyaltyTenderNeutralRewards(UserType userType) in c:\Ecommerce\Web\Test\UI\LoyaltyWeb\LoyaltyWebTest\LoyaltyWebTest\Tests\LoyaltyTenderNeutralMobileVerificationPageTests.cs:line 607
   at Nordstrom.Web.Test.UI.LoyaltyWeb.Tests.LoyaltyTenderNeutralMobileVerificationPageTests.MobileVerificationPageModalPopupsValidation_OkButtonInGetANewCodeModalValidation_OkButtonInGetANewCodeModalClosesModalSuccessfully() in c:\Ecommerce\Web\Test\UI\LoyaltyWeb\LoyaltyWebTest\LoyaltyWebTest\Tests\LoyaltyTenderNeutralMobileVerificationPageTests.cs:line 80
</StackTrace>
        </ErrorInfo>
      </Output>
    </UnitTestResult>
    <UnitTestResult executionId="4a6bf10b-11ce-4a70-a8ad-49fab97bdcd7" testId="20948a13-145c-b5b7-6791-73820683f7ca" testName="SuccessAssociationPageModalPopupsValidation_AuthenticatedUserDidntGetACodeModalContentValidation_DidntGetACodeModalContentValidatedSuccessfully" computerName="U00979650" duration="00:01:49.9378503" startTime="2016-03-09T12:51:49.8128971-08:00" endTime="2016-03-09T12:53:39.7555253-08:00" testType="13cdc9d9-ddb5-4fa4-a97d-d965ccfc6d4b" outcome="Inconclusive" testListId="8c84fa94-04c1-424b-9868-57a2d4851a1d" relativeResultsDirectory="4a6bf10b-11ce-4a70-a8ad-49fab97bdcd7">
      <Output>
        <DebugTrace>Exception: The remote server returned an error: (404) Not Found.Exception: The remote server returned an error: (404) Not Found.Exception: The remote server returned an error: (404) Not Found.Exception: The remote server returned an error: (404) Not Found.Exception: The remote server returned an error: (404) Not Found.Exception: The remote server returned an error: (404) Not Found.Exception: The remote server returned an error: (404) Not Found.Exception: The remote server returned an error: (404) Not Found.Exception: The remote server returned an error: (404) Not Found.Exception: The remote server returned an error: (404) Not Found.Exception: The remote server returned an error: (404) Not Found.Exception: The remote server returned an error: (404) Not Found.Exception: The remote server returned an error: (404) Not Found.Exception: The remote server returned an error: (404) Not Found.Exception: The remote server returned an error: (404) Not Found.Exception: The remote server returned an error: (404) Not Found.Exception: The remote server returned an error: (404) Not Found.Exception: The remote server returned an error: (404) Not Found.Exception: The remote server returned an error: (404) Not Found.Exception: The remote server returned an error: (404) Not Found.Exception: The remote server returned an error: (404) Not Found.Exception: The remote server returned an error: (404) Not Found.Exception: The remote server returned an error: (404) Not Found.Exception: The remote server returned an error: (404) Not Found.Exception: The remote server returned an error: (404) Not Found.Exception: The remote server returned an error: (404) Not Found.Exception: The remote server returned an error: (404) Not Found.Exception: The remote server returned an error: (404) Not Found.Exception: The remote server returned an error: (404) Not Found.Exception: The remote server returned an error: (404) Not Found.Exception: The remote server returned an error: (404) Not Found.Exception: The remote server returned an error: (404) Not Found.Exception: The remote server returned an error: (404) Not Found.Exception: The remote server returned an error: (404) Not Found.Exception: The remote server returned an error: (404) Not Found.Exception: The remote server returned an error: (404) Not Found.Exception: The remote server returned an error: (404) Not Found.Exception: The remote server returned an error: (404) Not Found.Exception: The remote server returned an error: (404) Not Found.Page loaded succesfully with URL = https://tsecure.dev.nordstrom.com/signIn.aspx
Page loaded succesfully with URL = https://tsecure.dev.nordstrom.com/signIn.aspx
Page loaded succesfully with URL = https://tsecure.dev.nordstrom.com/signIn.aspx
Page loaded succesfully with URL = https://tsecure.dev.nordstrom.com/signIn.aspx
Timed out waiting for element to be visible with locator: By.CssSelector: #ctl00_backgroundOverlay
WaitForElementToDisappear: Given Locator did not appear after 10 seconds - but ok - locator id: By.CssSelector: #ctl00_backgroundOverlay
Timed out waiting for element to be visible with locator: By.LinkText: Sign Out
Timed out waiting for element to be visible with locator: By.LinkText: Sign Out
VerifyCreatedAccount: sign out link is not visible
CreateNordAccount: Exception occured when creating new account: exception = 'Assert.IsTrue failed. Verify a new account has been created successfully with email '20160309-125244-6350avl6lrd''
</DebugTrace>
        <ErrorInfo>
          <Message>Assert.Inconclusive failed. Could not create a store user so we can stop here.</Message>
          <StackTrace>   at Nordstrom.Web.Test.UI.LoyaltyWeb.Tests.LoyaltyTenderNeutralMobileVerificationPageTests.WebAssociationForStoreEnrollment(UserType userType) in c:\Ecommerce\Web\Test\UI\LoyaltyWeb\LoyaltyWebTest\LoyaltyWebTest\Tests\LoyaltyTenderNeutralMobileVerificationPageTests.cs:line 669
   at Nordstrom.Web.Test.UI.LoyaltyWeb.Tests.LoyaltyTenderNeutralMobileVerificationPageTests.SuccessAssociationPageModalPopupsValidation_AuthenticatedUserDidntGetACodeModalContentValidation_DidntGetACodeModalContentValidatedSuccessfully() in c:\Ecommerce\Web\Test\UI\LoyaltyWeb\LoyaltyWebTest\LoyaltyWebTest\Tests\LoyaltyTenderNeutralMobileVerificationPageTests.cs:line 415
</StackTrace>
        </ErrorInfo>
      </Output>
    </UnitTestResult>
    <UnitTestResult executionId="6b7beab9-0b32-442d-b978-f30a7324f3d4" testId="e8c74ba0-3f21-2110-b31c-f350dcd56668" testName="SuccessAssociationPageModalPopupsValidation_AuthenticatedUserGetANewCodeModalContentValidation_GetANewCodeModalContentValidatedSuccessfully" computerName="U00979650" duration="00:01:00.1442348" startTime="2016-03-09T12:53:39.7555253-08:00" endTime="2016-03-09T12:54:39.8921077-08:00" testType="13cdc9d9-ddb5-4fa4-a97d-d965ccfc6d4b" outcome="Inconclusive" testListId="8c84fa94-04c1-424b-9868-57a2d4851a1d" relativeResultsDirectory="6b7beab9-0b32-442d-b978-f30a7324f3d4">
      <Output>
        <DebugTrace>Exception: The remote server returned an error: (404) Not Found.Exception: The remote server returned an error: (404) Not Found.Exception: The remote server returned an error: (404) Not Found.Exception: The remote server returned an error: (404) Not Found.Exception: The remote server returned an error: (404) Not Found.Exception: The remote server returned an error: (404) Not Found.Exception: The remote server returned an error: (404) Not Found.Exception: The remote server returned an error: (404) Not Found.Exception: The remote server returned an error: (404) Not Found.Exception: The remote server returned an error: (404) Not Found.Exception: The remote server returned an error: (404) Not Found.Exception: The remote server returned an error: (404) Not Found.Exception: The remote server returned an error: (404) Not Found.Exception: The remote server returned an error: (404) Not Found.Exception: The remote server returned an error: (404) Not Found.Exception: The remote server returned an error: (404) Not Found.Exception: The remote server returned an error: (404) Not Found.Exception: The remote server returned an error: (404) Not Found.Exception: The remote server returned an error: (404) Not Found.Exception: The remote server returned an error: (404) Not Found.Exception: The remote server returned an error: (404) Not Found.Exception: The remote server returned an error: (404) Not Found.Exception: The remote server returned an error: (404) Not Found.Exception: The remote server returned an error: (404) Not Found.Exception: The remote server returned an error: (404) Not Found.Exception: The remote server returned an error: (404) Not Found.Exception: The remote server returned an error: (404) Not Found.Exception: The remote server returned an error: (404) Not Found.Exception: The remote server returned an error: (404) Not Found.Exception: The remote server returned an error: (404) Not Found.Exception: The remote server returned an error: (404) Not Found.Exception: The remote server returned an error: (404) Not Found.Exception: The remote server returned an error: (404) Not Found.Exception: The remote server returned an error: (404) Not Found.Exception: The remote server returned an error: (404) Not Found.Exception: The remote server returned an error: (404) Not Found.Exception: The remote server returned an error: (404) Not Found.Exception: The remote server returned an error: (404) Not Found.Exception: The remote server returned an error: (404) Not Found.</DebugTrace>
        <ErrorInfo>
          <Message>Assert.Inconclusive failed. Could not create a store user so we can stop here.</Message>
          <StackTrace>   at Nordstrom.Web.Test.UI.LoyaltyWeb.Tests.LoyaltyTenderNeutralMobileVerificationPageTests.WebAssociationForStoreEnrollment(UserType userType) in c:\Ecommerce\Web\Test\UI\LoyaltyWeb\LoyaltyWebTest\LoyaltyWebTest\Tests\LoyaltyTenderNeutralMobileVerificationPageTests.cs:line 691
   at Nordstrom.Web.Test.UI.LoyaltyWeb.Tests.LoyaltyTenderNeutralMobileVerificationPageTests.SuccessAssociationPageModalPopupsValidation_AuthenticatedUserGetANewCodeModalContentValidation_GetANewCodeModalContentValidatedSuccessfully() in c:\Ecommerce\Web\Test\UI\LoyaltyWeb\LoyaltyWebTest\LoyaltyWebTest\Tests\LoyaltyTenderNeutralMobileVerificationPageTests.cs:line 521
</StackTrace>
        </ErrorInfo>
      </Output>
    </UnitTestResult>
    <UnitTestResult executionId="970728be-233c-4ea9-bdf6-08e05ec0fa32" testId="9212b987-2150-c7b8-e693-a4bb0ac620a5" testName="SuccessAssociationPageModalPopupsValidation_AuthenticatedUserSpecialCharacterinCodeField_ThrowsError" computerName="U00979650" duration="00:01:48.8442908" startTime="2016-03-09T12:54:39.8921077-08:00" endTime="2016-03-09T12:56:28.7532190-08:00" testType="13cdc9d9-ddb5-4fa4-a97d-d965ccfc6d4b" outcome="Inconclusive" testListId="8c84fa94-04c1-424b-9868-57a2d4851a1d" relativeResultsDirectory="970728be-233c-4ea9-bdf6-08e05ec0fa32">
      <Output>
        <DebugTrace>Exception: The remote server returned an error: (404) Not Found.Exception: The remote server returned an error: (404) Not Found.Exception: The remote server returned an error: (404) Not Found.Exception: The remote server returned an error: (404) Not Found.Exception: The remote server returned an error: (404) Not Found.Exception: The remote server returned an error: (404) Not Found.Exception: The remote server returned an error: (404) Not Found.Exception: The remote server returned an error: (404) Not Found.Exception: The remote server returned an error: (404) Not Found.Exception: The remote server returned an error: (404) Not Found.Exception: The remote server returned an error: (404) Not Found.Exception: The remote server returned an error: (404) Not Found.Exception: The remote server returned an error: (404) Not Found.Exception: The remote server returned an error: (404) Not Found.Exception: The remote server returned an error: (404) Not Found.Exception: The remote server returned an error: (404) Not Found.Exception: The remote server returned an error: (404) Not Found.Exception: The remote server returned an error: (404) Not Found.Exception: The remote server returned an error: (404) Not Found.Exception: The remote server returned an error: (404) Not Found.Exception: The remote server returned an error: (404) Not Found.Exception: The remote server returned an error: (404) Not Found.Exception: The remote server returned an error: (404) Not Found.Exception: The remote server returned an error: (404) Not Found.Exception: The remote server returned an error: (404) Not Found.Exception: The remote server returned an error: (404) Not Found.Exception: The remote server returned an error: (404) Not Found.Exception: The remote server returned an error: (404) Not Found.Exception: The remote server returned an error: (404) Not Found.Exception: The remote server returned an error: (404) Not Found.Exception: The remote server returned an error: (404) Not Found.Exception: The remote server returned an error: (404) Not Found.Exception: The remote server returned an error: (404) Not Found.Exception: The remote server returned an error: (404) Not Found.Exception: The remote server returned an error: (404) Not Found.Exception: The remote server returned an error: (404) Not Found.Page loaded succesfully with URL = https://tsecure.dev.nordstrom.com/signIn.aspx
Page loaded succesfully with URL = https://tsecure.dev.nordstrom.com/signIn.aspx
Page loaded succesfully with URL = https://tsecure.dev.nordstrom.com/signIn.aspx
Page loaded succesfully with URL = https://tsecure.dev.nordstrom.com/signIn.aspx
Timed out waiting for element to be visible with locator: By.CssSelector: #ctl00_backgroundOverlay
WaitForElementToDisappear: Given Locator did not appear after 10 seconds - but ok - locator id: By.CssSelector: #ctl00_backgroundOverlay
Timed out waiting for element to be visible with locator: By.LinkText: Sign Out
Timed out waiting for element to be visible with locator: By.LinkText: Sign Out
VerifyCreatedAccount: sign out link is not visible
CreateNordAccount: Exception occured when creating new account: exception = 'Assert.IsTrue failed. Verify a new account has been created successfully with email '20160309-125537-1915bspa6zo4b''
</DebugTrace>
        <ErrorInfo>
          <Message>Assert.Inconclusive failed. Could not create a store user so we can stop here.</Message>
          <StackTrace>   at Nordstrom.Web.Test.UI.LoyaltyWeb.Tests.LoyaltyTenderNeutralMobileVerificationPageTests.WebAssociationForStoreEnrollment(UserType userType) in c:\Ecommerce\Web\Test\UI\LoyaltyWeb\LoyaltyWebTest\LoyaltyWebTest\Tests\LoyaltyTenderNeutralMobileVerificationPageTests.cs:line 669
   at Nordstrom.Web.Test.UI.LoyaltyWeb.Tests.LoyaltyTenderNeutralMobileVerificationPageTests.SuccessAssociationPageModalPopupsValidation_AuthenticatedUserSpecialCharacterinCodeField_ThrowsError() in c:\Ecommerce\Web\Test\UI\LoyaltyWeb\LoyaltyWebTest\LoyaltyWebTest\Tests\LoyaltyTenderNeutralMobileVerificationPageTests.cs:line 546
</StackTrace>
        </ErrorInfo>
      </Output>
    </UnitTestResult>
    <UnitTestResult executionId="f09f44e0-75b7-4ac5-ac74-e61193535cf9" testId="672cca8f-5f55-7a1b-0fdb-f17e9ed158b8" testName="SuccessAssociationPageModalPopupsValidation_CloseButtonGetANewCodeModalValidation_CloseButtonInGetANewCodeModalClosedModalSuccessfully" computerName="U00979650" duration="00:01:02.2395569" startTime="2016-03-09T12:56:28.7532190-08:00" endTime="2016-03-09T12:57:30.9903983-08:00" testType="13cdc9d9-ddb5-4fa4-a97d-d965ccfc6d4b" outcome="Inconclusive" testListId="8c84fa94-04c1-424b-9868-57a2d4851a1d" relativeResultsDirectory="f09f44e0-75b7-4ac5-ac74-e61193535cf9">
      <Output>
        <DebugTrace>Exception: The remote server returned an error: (404) Not Found.Exception: The remote server returned an error: (404) Not Found.Exception: The remote server returned an error: (404) Not Found.Exception: The remote server returned an error: (404) Not Found.Exception: The remote server returned an error: (404) Not Found.Exception: The remote server returned an error: (404) Not Found.Exception: The remote server returned an error: (404) Not Found.Exception: The remote server returned an error: (404) Not Found.Exception: The remote server returned an error: (404) Not Found.Exception: The remote server returned an error: (404) Not Found.Exception: The remote server returned an error: (404) Not Found.Exception: The remote server returned an error: (404) Not Found.Exception: The remote server returned an error: (404) Not Found.Exception: The remote server returned an error: (404) Not Found.Exception: The remote server returned an error: (404) Not Found.Exception: The remote server returned an error: (404) Not Found.Exception: The remote server returned an error: (404) Not Found.Exception: The remote server returned an error: (404) Not Found.Exception: The remote server returned an error: (404) Not Found.Exception: The remote server returned an error: (404) Not Found.Exception: The remote server returned an error: (404) Not Found.Exception: The remote server returned an error: (404) Not Found.Exception: The remote server returned an error: (404) Not Found.Exception: The remote server returned an error: (404) Not Found.Exception: The remote server returned an error: (404) Not Found.Exception: The remote server returned an error: (404) Not Found.Exception: The remote server returned an error: (404) Not Found.Exception: The remote server returned an error: (404) Not Found.Exception: The remote server returned an error: (404) Not Found.Exception: The remote server returned an error: (404) Not Found.Exception: The remote server returned an error: (404) Not Found.Exception: The remote server returned an error: (404) Not Found.Exception: The remote server returned an error: (404) Not Found.Exception: The remote server returned an error: (404) Not Found.Exception: The remote server returned an error: (404) Not Found.Exception: The remote server returned an error: (404) Not Found.Exception: The remote server returned an error: (404) Not Found.Exception: The remote server returned an error: (404) Not Found.Exception: The remote server returned an error: (404) Not Found.Exception: The remote server returned an error: (404) Not Found.</DebugTrace>
        <ErrorInfo>
          <Message>Assert.Inconclusive failed. Could not create a store user so we can stop here.</Message>
          <StackTrace>   at Nordstrom.Web.Test.UI.LoyaltyWeb.Tests.LoyaltyTenderNeutralMobileVerificationPageTests.WebAssociationForStoreEnrollment(UserType userType) in c:\Ecommerce\Web\Test\UI\LoyaltyWeb\LoyaltyWebTest\LoyaltyWebTest\Tests\LoyaltyTenderNeutralMobileVerificationPageTests.cs:line 691
   at Nordstrom.Web.Test.UI.LoyaltyWeb.Tests.LoyaltyTenderNeutralMobileVerificationPageTests.SuccessAssociationPageModalPopupsValidation_CloseButtonGetANewCodeModalValidation_CloseButtonInGetANewCodeModalClosedModalSuccessfully() in c:\Ecommerce\Web\Test\UI\LoyaltyWeb\LoyaltyWebTest\LoyaltyWebTest\Tests\LoyaltyTenderNeutralMobileVerificationPageTests.cs:line 454
</StackTrace>
        </ErrorInfo>
      </Output>
    </UnitTestResult>
    <UnitTestResult executionId="0b519d48-0dcb-433a-b686-6564b1d31948" testId="86084d11-bf9e-b1c5-f883-3905b34952b2" testName="SuccessAssociationPageModalPopupsValidation_CloseButtonInDidntGetACodeModalValidation_CloseButtonInDidntGetACodeModalClosedModalSuccessfully" computerName="U00979650" duration="00:01:15.1655413" startTime="2016-03-09T12:57:30.9903983-08:00" endTime="2016-03-09T12:58:46.1622797-08:00" testType="13cdc9d9-ddb5-4fa4-a97d-d965ccfc6d4b" outcome="Inconclusive" testListId="8c84fa94-04c1-424b-9868-57a2d4851a1d" relativeResultsDirectory="0b519d48-0dcb-433a-b686-6564b1d31948">
      <Output>
        <DebugTrace>Exception: The remote server returned an error: (404) Not Found.Exception: The remote server returned an error: (404) Not Found.Exception: The remote server returned an error: (404) Not Found.Exception: The remote server returned an error: (404) Not Found.Exception: The remote server returned an error: (404) Not Found.Exception: The remote server returned an error: (404) Not Found.Exception: The remote server returned an error: (404) Not Found.Exception: The remote server returned an error: (404) Not Found.Exception: The remote server returned an error: (404) Not Found.Exception: The remote server returned an error: (404) Not Found.Exception: The remote server returned an error: (404) Not Found.Exception: The remote server returned an error: (404) Not Found.Exception: The remote server returned an error: (404) Not Found.Exception: The remote server returned an error: (404) Not Found.Exception: The remote server returned an error: (404) Not Found.Exception: The remote server returned an error: (404) Not Found.Exception: The remote server returned an error: (404) Not Found.Exception: The remote server returned an error: (404) Not Found.Exception: The remote server returned an error: (404) Not Found.Exception: The remote server returned an error: (404) Not Found.Exception: The remote server returned an error: (404) Not Found.Exception: The remote server returned an error: (404) Not Found.Exception: The remote server returned an error: (404) Not Found.Exception: The remote server returned an error: (404) Not Found.Exception: The remote server returned an error: (404) Not Found.Exception: The remote server returned an error: (404) Not Found.Exception: The remote server returned an error: (404) Not Found.Exception: The remote server returned an error: (404) Not Found.Exception: The remote server returned an error: (404) Not Found.Exception: The remote server returned an error: (404) Not Found.Exception: The remote server returned an error: (404) Not Found.Exception: The remote server returned an error: (404) Not Found.Exception: The remote server returned an error: (404) Not Found.Exception: The remote server returned an error: (404) Not Found.Exception: The remote server returned an error: (404) Not Found.Exception: The remote server returned an error: (404) Not Found.Exception: The remote server returned an error: (404) Not Found.Exception: The remote server returned an error: (404) Not Found.</DebugTrace>
        <ErrorInfo>
          <Message>Assert.Inconclusive failed. Could not create a store user so we can stop here.</Message>
          <StackTrace>   at Nordstrom.Web.Test.UI.LoyaltyWeb.Tests.LoyaltyTenderNeutralMobileVerificationPageTests.WebAssociationForStoreEnrollment(UserType userType) in c:\Ecommerce\Web\Test\UI\LoyaltyWeb\LoyaltyWebTest\LoyaltyWebTest\Tests\LoyaltyTenderNeutralMobileVerificationPageTests.cs:line 691
   at Nordstrom.Web.Test.UI.LoyaltyWeb.Tests.LoyaltyTenderNeutralMobileVerificationPageTests.SuccessAssociationPageModalPopupsValidation_CloseButtonInDidntGetACodeModalValidation_CloseButtonInDidntGetACodeModalClosedModalSuccessfully() in c:\Ecommerce\Web\Test\UI\LoyaltyWeb\LoyaltyWebTest\LoyaltyWebTest\Tests\LoyaltyTenderNeutralMobileVerificationPageTests.cs:line 428
</StackTrace>
        </ErrorInfo>
      </Output>
    </UnitTestResult>
    <UnitTestResult executionId="372db8b4-051e-438b-8587-376c285733e6" testId="782ce887-1077-94d2-1111-2807163dce62" testName="SuccessAssociationPageModalPopupsValidation_GuestUserDidntGetACodeModalContentValidation_DidntGetACodeModalContentValidatedSuccessfully" computerName="U00979650" duration="00:01:07.8574363" startTime="2016-03-09T12:58:46.1622797-08:00" endTime="2016-03-09T12:59:54.0294015-08:00" testType="13cdc9d9-ddb5-4fa4-a97d-d965ccfc6d4b" outcome="Inconclusive" testListId="8c84fa94-04c1-424b-9868-57a2d4851a1d" relativeResultsDirectory="372db8b4-051e-438b-8587-376c285733e6">
      <Output>
        <DebugTrace>Exception: The remote server returned an error: (404) Not Found.Exception: The remote server returned an error: (404) Not Found.Exception: The remote server returned an error: (404) Not Found.Exception: The remote server returned an error: (404) Not Found.Exception: The remote server returned an error: (404) Not Found.Exception: The remote server returned an error: (404) Not Found.Exception: The remote server returned an error: (404) Not Found.Exception: The remote server returned an error: (404) Not Found.Exception: The remote server returned an error: (404) Not Found.Exception: The remote server returned an error: (404) Not Found.Exception: The remote server returned an error: (404) Not Found.Exception: The remote server returned an error: (404) Not Found.Exception: The remote server returned an error: (404) Not Found.Exception: The remote server returned an error: (404) Not Found.Exception: The remote server returned an error: (404) Not Found.Exception: The remote server returned an error: (404) Not Found.Exception: The remote server returned an error: (404) Not Found.Exception: The remote server returned an error: (404) Not Found.Exception: The remote server returned an error: (404) Not Found.Exception: The remote server returned an error: (404) Not Found.Exception: The remote server returned an error: (404) Not Found.Exception: The remote server returned an error: (404) Not Found.Exception: The remote server returned an error: (404) Not Found.Exception: The remote server returned an error: (404) Not Found.Exception: The remote server returned an error: (404) Not Found.Exception: The remote server returned an error: (404) Not Found.Exception: The remote server returned an error: (404) Not Found.Exception: The remote server returned an error: (404) Not Found.Exception: The remote server returned an error: (404) Not Found.Exception: The remote server returned an error: (404) Not Found.Exception: The remote server returned an error: (404) Not Found.Exception: The remote server returned an error: (404) Not Found.Exception: The remote server returned an error: (404) Not Found.Exception: The remote server returned an error: (404) Not Found.Exception: The remote server returned an error: (404) Not Found.Exception: The remote server returned an error: (404) Not Found.Exception: The remote server returned an error: (404) Not Found.Exception: The remote server returned an error: (404) Not Found.Exception: The remote server returned an error: (404) Not Found.</DebugTrace>
        <ErrorInfo>
          <Message>Assert.Inconclusive failed. Could not create a store user so we can stop here.</Message>
          <StackTrace>   at Nordstrom.Web.Test.UI.LoyaltyWeb.Tests.LoyaltyTenderNeutralMobileVerificationPageTests.WebAssociationForStoreEnrollment(UserType userType) in c:\Ecommerce\Web\Test\UI\LoyaltyWeb\LoyaltyWebTest\LoyaltyWebTest\Tests\LoyaltyTenderNeutralMobileVerificationPageTests.cs:line 691
   at Nordstrom.Web.Test.UI.LoyaltyWeb.Tests.LoyaltyTenderNeutralMobileVerificationPageTests.SuccessAssociationPageModalPopupsValidation_GuestUserDidntGetACodeModalContentValidation_DidntGetACodeModalContentValidatedSuccessfully() in c:\Ecommerce\Web\Test\UI\LoyaltyWeb\LoyaltyWebTest\LoyaltyWebTest\Tests\LoyaltyTenderNeutralMobileVerificationPageTests.cs:line 402
</StackTrace>
        </ErrorInfo>
      </Output>
    </UnitTestResult>
    <UnitTestResult executionId="d526ff03-5d91-4073-a496-0b59faea0463" testId="6b0af17a-7bb4-58c2-b06a-443221deca29" testName="SuccessAssociationPageModalPopupsValidation_GuestUserGetANewCodeModalContentValidation_GetANewCodeModalContentValidatedSuccessfully" computerName="U00979650" duration="00:01:13.3809891" startTime="2016-03-09T12:59:54.0294015-08:00" endTime="2016-03-09T13:01:07.4101184-08:00" testType="13cdc9d9-ddb5-4fa4-a97d-d965ccfc6d4b" outcome="Inconclusive" testListId="8c84fa94-04c1-424b-9868-57a2d4851a1d" relativeResultsDirectory="d526ff03-5d91-4073-a496-0b59faea0463">
      <Output>
        <DebugTrace>Exception: The remote server returned an error: (404) Not Found.Exception: The remote server returned an error: (404) Not Found.Exception: The remote server returned an error: (404) Not Found.Exception: The remote server returned an error: (404) Not Found.Exception: The remote server returned an error: (404) Not Found.Exception: The remote server returned an error: (404) Not Found.Exception: The remote server returned an error: (404) Not Found.Exception: The remote server returned an error: (404) Not Found.Exception: The remote server returned an error: (404) Not Found.Exception: The remote server returned an error: (404) Not Found.Exception: The remote server returned an error: (404) Not Found.Exception: The remote server returned an error: (404) Not Found.Exception: The remote server returned an error: (404) Not Found.Exception: The remote server returned an error: (404) Not Found.Exception: The remote server returned an error: (404) Not Found.Exception: The remote server returned an error: (404) Not Found.Exception: The remote server returned an error: (404) Not Found.Exception: The remote server returned an error: (404) Not Found.Exception: The remote server returned an error: (404) Not Found.Exception: The remote server returned an error: (404) Not Found.Exception: The remote server returned an error: (404) Not Found.Exception: The remote server returned an error: (404) Not Found.Exception: The remote server returned an error: (404) Not Found.Exception: The remote server returned an error: (404) Not Found.Exception: The remote server returned an error: (404) Not Found.Exception: The remote server returned an error: (404) Not Found.Exception: The remote server returned an error: (404) Not Found.Exception: The remote server returned an error: (404) Not Found.Exception: The remote server returned an error: (404) Not Found.Exception: The remote server returned an error: (404) Not Found.Exception: The remote server returned an error: (404) Not Found.Exception: The remote server returned an error: (404) Not Found.Exception: The remote server returned an error: (404) Not Found.Exception: The remote server returned an error: (404) Not Found.Exception: The remote server returned an error: (404) Not Found.Exception: The remote server returned an error: (404) Not Found.Exception: The remote server returned an error: (404) Not Found.Exception: The remote server returned an error: (404) Not Found.Exception: The remote server returned an error: (404) Not Found.</DebugTrace>
        <ErrorInfo>
          <Message>Assert.Inconclusive failed. Could not create a store user so we can stop here.</Message>
          <StackTrace>   at Nordstrom.Web.Test.UI.LoyaltyWeb.Tests.LoyaltyTenderNeutralMobileVerificationPageTests.WebAssociationForStoreEnrollment(UserType userType) in c:\Ecommerce\Web\Test\UI\LoyaltyWeb\LoyaltyWebTest\LoyaltyWebTest\Tests\LoyaltyTenderNeutralMobileVerificationPageTests.cs:line 691
   at Nordstrom.Web.Test.UI.LoyaltyWeb.Tests.LoyaltyTenderNeutralMobileVerificationPageTests.SuccessAssociationPageModalPopupsValidation_GuestUserGetANewCodeModalContentValidation_GetANewCodeModalContentValidatedSuccessfully() in c:\Ecommerce\Web\Test\UI\LoyaltyWeb\LoyaltyWebTest\LoyaltyWebTest\Tests\LoyaltyTenderNeutralMobileVerificationPageTests.cs:line 497
</StackTrace>
        </ErrorInfo>
      </Output>
    </UnitTestResult>
    <UnitTestResult executionId="9ea480fb-95ca-4b27-ae8d-36497a4aa898" testId="f227413d-d993-40f4-cded-d06f3c98923a" testName="SuccessAssociationPageModalPopupsValidation_GuestUserGetANewCodePhoneNumberValidation_PhoneNumberToAssociateValidatedSuccessfully" computerName="U00979650" duration="00:01:12.3250341" startTime="2016-03-09T13:01:07.4101184-08:00" endTime="2016-03-09T13:02:19.7382045-08:00" testType="13cdc9d9-ddb5-4fa4-a97d-d965ccfc6d4b" outcome="Inconclusive" testListId="8c84fa94-04c1-424b-9868-57a2d4851a1d" relativeResultsDirectory="9ea480fb-95ca-4b27-ae8d-36497a4aa898">
      <Output>
        <DebugTrace>Exception: The remote server returned an error: (404) Not Found.Exception: The remote server returned an error: (404) Not Found.Exception: The remote server returned an error: (404) Not Found.Exception: The remote server returned an error: (404) Not Found.Exception: The remote server returned an error: (404) Not Found.Exception: The remote server returned an error: (404) Not Found.Exception: The remote server returned an error: (404) Not Found.Exception: The remote server returned an error: (404) Not Found.Exception: The remote server returned an error: (404) Not Found.Exception: The remote server returned an error: (404) Not Found.Exception: The remote server returned an error: (404) Not Found.Exception: The remote server returned an error: (404) Not Found.Exception: The remote server returned an error: (404) Not Found.Exception: The remote server returned an error: (404) Not Found.Exception: The remote server returned an error: (404) Not Found.Exception: The remote server returned an error: (404) Not Found.Exception: The remote server returned an error: (404) Not Found.Exception: The remote server returned an error: (404) Not Found.Exception: The remote server returned an error: (404) Not Found.Exception: The remote server returned an error: (404) Not Found.Exception: The remote server returned an error: (404) Not Found.Exception: The remote server returned an error: (404) Not Found.Exception: The remote server returned an error: (404) Not Found.Exception: The remote server returned an error: (404) Not Found.Exception: The remote server returned an error: (404) Not Found.Exception: The remote server returned an error: (404) Not Found.Exception: The remote server returned an error: (404) Not Found.Exception: The remote server returned an error: (404) Not Found.Exception: The remote server returned an error: (404) Not Found.Exception: The remote server returned an error: (404) Not Found.Exception: The remote server returned an error: (404) Not Found.Exception: The remote server returned an error: (404) Not Found.Exception: The remote server returned an error: (404) Not Found.Exception: The remote server returned an error: (404) Not Found.Exception: The remote server returned an error: (404) Not Found.Exception: The remote server returned an error: (404) Not Found.Exception: The remote server returned an error: (404) Not Found.Exception: The remote server returned an error: (404) Not Found.Exception: The remote server returned an error: (404) Not Found.Exception: The remote server returned an error: (404) Not Found.</DebugTrace>
        <ErrorInfo>
          <Message>Assert.Inconclusive failed. Could not create a store user so we can stop here.</Message>
          <StackTrace>   at Nordstrom.Web.Test.UI.LoyaltyWeb.Tests.LoyaltyTenderNeutralMobileVerificationPageTests.WebAssociationForStoreEnrollment(UserType userType) in c:\Ecommerce\Web\Test\UI\LoyaltyWeb\LoyaltyWebTest\LoyaltyWebTest\Tests\LoyaltyTenderNeutralMobileVerificationPageTests.cs:line 691
   at Nordstrom.Web.Test.UI.LoyaltyWeb.Tests.LoyaltyTenderNeutralMobileVerificationPageTests.SuccessAssociationPageModalPopupsValidation_GuestUserGetANewCodePhoneNumberValidation_PhoneNumberToAssociateValidatedSuccessfully() in c:\Ecommerce\Web\Test\UI\LoyaltyWeb\LoyaltyWebTest\LoyaltyWebTest\Tests\LoyaltyTenderNeutralMobileVerificationPageTests.cs:line 558
</StackTrace>
        </ErrorInfo>
      </Output>
    </UnitTestResult>
    <UnitTestResult executionId="ef680f98-52c9-439c-93d5-981555e4340d" testId="6c0db2f8-dfd1-2cc3-3897-b223110f3534" testName="SuccessAssociationPageModalPopupsValidation_GuestUserMaximumLimitGetANewCodeClickValidation_ValidMessageDisplayedSuccessfully" computerName="U00979650" duration="00:01:08.8005189" startTime="2016-03-09T13:02:19.7382045-08:00" endTime="2016-03-09T13:03:28.5523188-08:00" testType="13cdc9d9-ddb5-4fa4-a97d-d965ccfc6d4b" outcome="Inconclusive" testListId="8c84fa94-04c1-424b-9868-57a2d4851a1d" relativeResultsDirectory="ef680f98-52c9-439c-93d5-981555e4340d">
      <Output>
        <DebugTrace>Exception: The remote server returned an error: (404) Not Found.Exception: The remote server returned an error: (404) Not Found.Exception: The remote server returned an error: (404) Not Found.Exception: The remote server returned an error: (404) Not Found.Exception: The remote server returned an error: (404) Not Found.Exception: The remote server returned an error: (404) Not Found.Exception: The remote server returned an error: (404) Not Found.Exception: The remote server returned an error: (404) Not Found.Exception: The remote server returned an error: (404) Not Found.Exception: The remote server returned an error: (404) Not Found.Exception: The remote server returned an error: (404) Not Found.Exception: The remote server returned an error: (404) Not Found.Exception: The remote server returned an error: (404) Not Found.Exception: The remote server returned an error: (404) Not Found.Exception: The remote server returned an error: (404) Not Found.Exception: The remote server returned an error: (404) Not Found.Exception: The remote server returned an error: (404) Not Found.Exception: The remote server returned an error: (404) Not Found.Exception: The remote server returned an error: (404) Not Found.Exception: The remote server returned an error: (404) Not Found.Exception: The remote server returned an error: (404) Not Found.Exception: The remote server returned an error: (404) Not Found.Exception: The remote server returned an error: (404) Not Found.Exception: The remote server returned an error: (404) Not Found.Exception: The remote server returned an error: (404) Not Found.Exception: The remote server returned an error: (404) Not Found.Exception: The remote server returned an error: (404) Not Found.Exception: The remote server returned an error: (404) Not Found.Exception: The remote server returned an error: (404) Not Found.Exception: The remote server returned an error: (404) Not Found.Exception: The remote server returned an error: (404) Not Found.Exception: The remote server returned an error: (404) Not Found.Exception: The remote server returned an error: (404) Not Found.Exception: The remote server returned an error: (404) Not Found.Exception: The remote server returned an error: (404) Not Found.Exception: The remote server returned an error: (404) Not Found.Exception: The remote server returned an error: (404) Not Found.Exception: The remote server returned an error: (404) Not Found.Exception: The remote server returned an error: (404) Not Found.</DebugTrace>
        <ErrorInfo>
          <Message>Assert.Inconclusive failed. Could not create a store user so we can stop here.</Message>
          <StackTrace>   at Nordstrom.Web.Test.UI.LoyaltyWeb.Tests.LoyaltyTenderNeutralMobileVerificationPageTests.WebAssociationForStoreEnrollment(UserType userType) in c:\Ecommerce\Web\Test\UI\LoyaltyWeb\LoyaltyWebTest\LoyaltyWebTest\Tests\LoyaltyTenderNeutralMobileVerificationPageTests.cs:line 691
   at Nordstrom.Web.Test.UI.LoyaltyWeb.Tests.LoyaltyTenderNeutralMobileVerificationPageTests.SuccessAssociationPageModalPopupsValidation_GuestUserMaximumLimitGetANewCodeClickValidation_ValidMessageDisplayedSuccessfully() in c:\Ecommerce\Web\Test\UI\LoyaltyWeb\LoyaltyWebTest\LoyaltyWebTest\Tests\LoyaltyTenderNeutralMobileVerificationPageTests.cs:line 576
</StackTrace>
        </ErrorInfo>
      </Output>
    </UnitTestResult>
    <UnitTestResult executionId="c6391bb1-de70-47a4-b838-64173dbe9460" testId="9fb4e1d2-999a-c33d-23d3-ecf379afa208" testName="SuccessAssociationPageModalPopupsValidation_OkButtonGetANewCodeModalValidation_OkButtonInGetANewCodeModalClosedModalSuccessfully" computerName="U00979650" duration="00:01:06.3099464" startTime="2016-03-09T13:03:28.5523188-08:00" endTime="2016-03-09T13:04:34.8686140-08:00" testType="13cdc9d9-ddb5-4fa4-a97d-d965ccfc6d4b" outcome="Inconclusive" testListId="8c84fa94-04c1-424b-9868-57a2d4851a1d" relativeResultsDirectory="c6391bb1-de70-47a4-b838-64173dbe9460">
      <Output>
        <DebugTrace>Exception: The remote server returned an error: (404) Not Found.Exception: The remote server returned an error: (404) Not Found.Exception: The remote server returned an error: (404) Not Found.Exception: The remote server returned an error: (404) Not Found.Exception: The remote server returned an error: (404) Not Found.Exception: The remote server returned an error: (404) Not Found.Exception: The remote server returned an error: (404) Not Found.Exception: The remote server returned an error: (404) Not Found.Exception: The remote server returned an error: (404) Not Found.Exception: The remote server returned an error: (404) Not Found.Exception: The remote server returned an error: (404) Not Found.Exception: The remote server returned an error: (404) Not Found.Exception: The remote server returned an error: (404) Not Found.Exception: The remote server returned an error: (404) Not Found.Exception: The remote server returned an error: (404) Not Found.Exception: The remote server returned an error: (404) Not Found.Exception: The remote server returned an error: (404) Not Found.Exception: The remote server returned an error: (404) Not Found.Exception: The remote server returned an error: (404) Not Found.Exception: The remote server returned an error: (404) Not Found.Exception: The remote server returned an error: (404) Not Found.Exception: The remote server returned an error: (404) Not Found.Exception: The remote server returned an error: (404) Not Found.Exception: The remote server returned an error: (404) Not Found.Exception: The remote server returned an error: (404) Not Found.Exception: The remote server returned an error: (404) Not Found.Exception: The remote server returned an error: (404) Not Found.Exception: The remote server returned an error: (404) Not Found.Exception: The remote server returned an error: (404) Not Found.Exception: The remote server returned an error: (404) Not Found.Exception: The remote server returned an error: (404) Not Found.Exception: The remote server returned an error: (404) Not Found.Exception: The remote server returned an error: (404) Not Found.Exception: The remote server returned an error: (404) Not Found.Exception: The remote server returned an error: (404) Not Found.Exception: The remote server returned an error: (404) Not Found.Exception: The remote server returned an error: (404) Not Found.Exception: The remote server returned an error: (404) Not Found.Exception: The remote server returned an error: (404) Not Found.</DebugTrace>
        <ErrorInfo>
          <Message>Assert.Inconclusive failed. Could not create a store user so we can stop here.</Message>
          <StackTrace>   at Nordstrom.Web.Test.UI.LoyaltyWeb.Tests.LoyaltyTenderNeutralMobileVerificationPageTests.WebAssociationForStoreEnrollment(UserType userType) in c:\Ecommerce\Web\Test\UI\LoyaltyWeb\LoyaltyWebTest\LoyaltyWebTest\Tests\LoyaltyTenderNeutralMobileVerificationPageTests.cs:line 691
   at Nordstrom.Web.Test.UI.LoyaltyWeb.Tests.LoyaltyTenderNeutralMobileVerificationPageTests.SuccessAssociationPageModalPopupsValidation_OkButtonGetANewCodeModalValidation_OkButtonInGetANewCodeModalClosedModalSuccessfully() in c:\Ecommerce\Web\Test\UI\LoyaltyWeb\LoyaltyWebTest\LoyaltyWebTest\Tests\LoyaltyTenderNeutralMobileVerificationPageTests.cs:line 473
</StackTrace>
        </ErrorInfo>
      </Output>
    </UnitTestResult>
    <UnitTestResult executionId="79d76d5b-890b-427f-94cf-1a7eecaafaf6" testId="e04bdba0-db9a-3a28-f058-ca287ee49ba2" testName="SuccessAssociationPageModalPopupsValidation_OkButtonInDidntGetACodeModalValidation_OkButtonInDidntGetACodeModalClosedModalSuccessfully" computerName="U00979650" duration="00:01:09.7989624" startTime="2016-03-09T13:04:34.8686140-08:00" endTime="2016-03-09T13:05:44.6716228-08:00" testType="13cdc9d9-ddb5-4fa4-a97d-d965ccfc6d4b" outcome="Inconclusive" testListId="8c84fa94-04c1-424b-9868-57a2d4851a1d" relativeResultsDirectory="79d76d5b-890b-427f-94cf-1a7eecaafaf6">
      <Output>
        <DebugTrace>Exception: The remote server returned an error: (404) Not Found.Exception: The remote server returned an error: (404) Not Found.Exception: The remote server returned an error: (404) Not Found.Exception: The remote server returned an error: (404) Not Found.Exception: The remote server returned an error: (404) Not Found.Exception: The remote server returned an error: (404) Not Found.Exception: The remote server returned an error: (404) Not Found.Exception: The remote server returned an error: (404) Not Found.Exception: The remote server returned an error: (404) Not Found.Exception: The remote server returned an error: (404) Not Found.Exception: The remote server returned an error: (404) Not Found.Exception: The remote server returned an error: (404) Not Found.Exception: The remote server returned an error: (404) Not Found.Exception: The remote server returned an error: (404) Not Found.Exception: The remote server returned an error: (404) Not Found.Exception: The remote server returned an error: (404) Not Found.Exception: The remote server returned an error: (404) Not Found.Exception: The remote server returned an error: (404) Not Found.Exception: The remote server returned an error: (404) Not Found.Exception: The remote server returned an error: (404) Not Found.Exception: The remote server returned an error: (404) Not Found.Exception: The remote server returned an error: (404) Not Found.Exception: The remote server returned an error: (404) Not Found.Exception: The remote server returned an error: (404) Not Found.Exception: The remote server returned an error: (404) Not Found.Exception: The remote server returned an error: (404) Not Found.Exception: The remote server returned an error: (404) Not Found.Exception: The remote server returned an error: (404) Not Found.Exception: The remote server returned an error: (404) Not Found.Exception: The remote server returned an error: (404) Not Found.Exception: The remote server returned an error: (404) Not Found.Exception: The remote server returned an error: (404) Not Found.Exception: The remote server returned an error: (404) Not Found.Exception: The remote server returned an error: (404) Not Found.Exception: The remote server returned an error: (404) Not Found.Exception: The remote server returned an error: (404) Not Found.Exception: The remote server returned an error: (404) Not Found.Exception: The remote server returned an error: (404) Not Found.Exception: The remote server returned an error: (404) Not Found.</DebugTrace>
        <ErrorInfo>
          <Message>Assert.Inconclusive failed. Could not create a store user so we can stop here.</Message>
          <StackTrace>   at Nordstrom.Web.Test.UI.LoyaltyWeb.Tests.LoyaltyTenderNeutralMobileVerificationPageTests.WebAssociationForStoreEnrollment(UserType userType) in c:\Ecommerce\Web\Test\UI\LoyaltyWeb\LoyaltyWebTest\LoyaltyWebTest\Tests\LoyaltyTenderNeutralMobileVerificationPageTests.cs:line 691
   at Nordstrom.Web.Test.UI.LoyaltyWeb.Tests.LoyaltyTenderNeutralMobileVerificationPageTests.SuccessAssociationPageModalPopupsValidation_OkButtonInDidntGetACodeModalValidation_OkButtonInDidntGetACodeModalClosedModalSuccessfully() in c:\Ecommerce\Web\Test\UI\LoyaltyWeb\LoyaltyWebTest\LoyaltyWebTest\Tests\LoyaltyTenderNeutralMobileVerificationPageTests.cs:line 441
</StackTrace>
        </ErrorInfo>
      </Output>
    </UnitTestResult>
    <UnitTestResult executionId="d38e7072-378f-42f3-b76d-a29ffcb2efe0" testId="bc66fcba-3c56-1b4a-55c9-75ebfb58fee2" testName="TenderNeutralRewardsEnroll_LoyaltyTenderNeutralRegisteredAuthenticatedUser_EmailPrePopulationVerificationSuccessful" computerName="U00979650" duration="00:02:01.8229640" startTime="2016-03-09T13:05:44.6716228-08:00" endTime="2016-03-09T13:07:46.5059250-08:00" testType="13cdc9d9-ddb5-4fa4-a97d-d965ccfc6d4b" outcome="Failed" testListId="8c84fa94-04c1-424b-9868-57a2d4851a1d" relativeResultsDirectory="d38e7072-378f-42f3-b76d-a29ffcb2efe0">
      <Output>
        <DebugTrace>Exception: The remote server returned an error: (404) Not Found.Exception: The remote server returned an error: (404) Not Found.Exception: The remote server returned an error: (404) Not Found.Exception: The remote server returned an error: (404) Not Found.Exception: The remote server returned an error: (404) Not Found.Exception: The remote server returned an error: (404) Not Found.Exception: The remote server returned an error: (404) Not Found.Exception: The remote server returned an error: (404) Not Found.Exception: The remote server returned an error: (404) Not Found.Exception: The remote server returned an error: (404) Not Found.Exception: The remote server returned an error: (404) Not Found.Exception: The remote server returned an error: (404) Not Found.Exception: The remote server returned an error: (404) Not Found.Exception: The remote server returned an error: (404) Not Found.Exception: The remote server returned an error: (404) Not Found.Exception: The remote server returned an error: (404) Not Found.Exception: The remote server returned an error: (404) Not Found.Exception: The remote server returned an error: (404) Not Found.Exception: The remote server returned an error: (404) Not Found.Exception: The remote server returned an error: (404) Not Found.Exception: The remote server returned an error: (404) Not Found.Exception: The remote server returned an error: (404) Not Found.Exception: The remote server returned an error: (404) Not Found.Exception: The remote server returned an error: (404) Not Found.Exception: The remote server returned an error: (404) Not Found.Exception: The remote server returned an error: (404) Not Found.Exception: The remote server returned an error: (404) Not Found.Exception: The remote server returned an error: (404) Not Found.Exception: The remote server returned an error: (404) Not Found.Exception: The remote server returned an error: (404) Not Found.Exception: The remote server returned an error: (404) Not Found.Exception: The remote server returned an error: (404) Not Found.Exception: The remote server returned an error: (404) Not Found.Exception: The remote server returned an error: (404) Not Found.Exception: The remote server returned an error: (404) Not Found.Exception: The remote server returned an error: (404) Not Found.Exception: The remote server returned an error: (404) Not Found.Exception: The remote server returned an error: (404) Not Found.Exception: The remote server returned an error: (404) Not Found.Exception: The remote server returned an error: (404) Not Found.Page loaded succesfully with URL = https://tsecure.dev.nordstrom.com/signIn.aspx
Page loaded succesfully with URL = https://tsecure.dev.nordstrom.com/signIn.aspx
Page loaded succesfully with URL = https://tsecure.dev.nordstrom.com/signIn.aspx
Page loaded succesfully with URL = https://tsecure.dev.nordstrom.com/signIn.aspx
Timed out waiting for element to be visible with locator: By.CssSelector: #ctl00_backgroundOverlay
WaitForElementToDisappear: Given Locator did not appear after 10 seconds - but ok - locator id: By.CssSelector: #ctl00_backgroundOverlay
Timed out waiting for element to be visible with locator: By.LinkText: Sign Out
Timed out waiting for element to be visible with locator: By.LinkText: Sign Out
VerifyCreatedAccount: sign out link is not visible
CreateNordAccount: Exception occured when creating new account: exception = 'Assert.IsTrue failed. Verify a new account has been created successfully with email '20160309-130647-9362du47vucmi6fb7w5k12l4tm59cwq0g3pzgxxl97tct16tigmf148b0wltcmq3g3mk96zhssr3e0va''
Page loaded succesfully with URL = https://tsecure.dev.nordstrom.com/Rewards/join.aspx
Page loaded succesfully with URL = https://tsecure.dev.nordstrom.com/Rewards/join.aspx
</DebugTrace>
        <ErrorInfo>
          <Message>Assert.IsFalse failed. Client side error occured on Loyalty Tender Neutral Register Page</Message>
          <StackTrace>   at Nordstrom.Web.Test.UI.LoyaltyWeb.Tests.LoyaltyTenderNeutralMobileVerificationPageTests.TenderNeutralRewardsEnroll_LoyaltyTenderNeutralRegisteredAuthenticatedUser_EmailPrePopulationVerificationSuccessful() in c:\Ecommerce\Web\Test\UI\LoyaltyWeb\LoyaltyWebTest\LoyaltyWebTest\Tests\LoyaltyTenderNeutralMobileVerificationPageTests.cs:line 132
</StackTrace>
        </ErrorInfo>
      </Output>
    </UnitTestResult>
    <UnitTestResult executionId="f156c584-1959-43f3-b093-dbd80d96305a" testId="13046391-cc19-a42e-77cc-d31d1e857131" testName="TenderNeutralRewardsEnroll_LoyaltyTNAuthenticatedUserAlphanumericCharacterInCodeField_ThrowseError" computerName="U00979650" duration="00:02:28.9819597" startTime="2016-03-09T13:07:46.5059250-08:00" endTime="2016-03-09T13:10:15.4982496-08:00" testType="13cdc9d9-ddb5-4fa4-a97d-d965ccfc6d4b" outcome="Failed" testListId="8c84fa94-04c1-424b-9868-57a2d4851a1d" relativeResultsDirectory="f156c584-1959-43f3-b093-dbd80d96305a">
      <Output>
        <DebugTrace>Exception: The remote server returned an error: (404) Not Found.Exception: The remote server returned an error: (404) Not Found.Exception: The remote server returned an error: (404) Not Found.Exception: The remote server returned an error: (404) Not Found.Exception: The remote server returned an error: (404) Not Found.Exception: The remote server returned an error: (404) Not Found.Exception: The remote server returned an error: (404) Not Found.Exception: The remote server returned an error: (404) Not Found.Exception: The remote server returned an error: (404) Not Found.Exception: The remote server returned an error: (404) Not Found.Exception: The remote server returned an error: (404) Not Found.Exception: The remote server returned an error: (404) Not Found.Exception: The remote server returned an error: (404) Not Found.Exception: The remote server returned an error: (404) Not Found.Exception: The remote server returned an error: (404) Not Found.Exception: The remote server returned an error: (404) Not Found.Exception: The remote server returned an error: (404) Not Found.Exception: The remote server returned an error: (404) Not Found.Exception: The remote server returned an error: (404) Not Found.Exception: The remote server returned an error: (404) Not Found.Exception: The remote server returned an error: (404) Not Found.Exception: The remote server returned an error: (404) Not Found.Exception: The remote server returned an error: (404) Not Found.Exception: The remote server returned an error: (404) Not Found.Exception: The remote server returned an error: (404) Not Found.Exception: The remote server returned an error: (404) Not Found.Exception: The remote server returned an error: (404) Not Found.Exception: The remote server returned an error: (404) Not Found.Exception: The remote server returned an error: (404) Not Found.Exception: The remote server returned an error: (404) Not Found.Exception: The remote server returned an error: (404) Not Found.Exception: The remote server returned an error: (404) Not Found.Exception: The remote server returned an error: (404) Not Found.Exception: The remote server returned an error: (404) Not Found.Exception: The remote server returned an error: (404) Not Found.Exception: The remote server returned an error: (404) Not Found.Exception: The remote server returned an error: (404) Not Found.Exception: The remote server returned an error: (404) Not Found.Exception: The remote server returned an error: (404) Not Found.Exception: The remote server returned an error: (404) Not Found.Page loaded succesfully with URL = https://tsecure.dev.nordstrom.com/signIn.aspx
Page loaded succesfully with URL = https://tsecure.dev.nordstrom.com/signIn.aspx
Page loaded succesfully with URL = https://tsecure.dev.nordstrom.com/signIn.aspx
Page loaded succesfully with URL = https://tsecure.dev.nordstrom.com/signIn.aspx
Timed out waiting for element to be visible with locator: By.CssSelector: #ctl00_backgroundOverlay
WaitForElementToDisappear: Given Locator did not appear after 10 seconds - but ok - locator id: By.CssSelector: #ctl00_backgroundOverlay
Timed out waiting for element to be visible with locator: By.LinkText: Sign Out
Timed out waiting for element to be visible with locator: By.LinkText: Sign Out
VerifyCreatedAccount: sign out link is not visible
CreateNordAccount: Exception occured when creating new account: exception = 'Assert.IsTrue failed. Verify a new account has been created successfully with email '20160309-130850-2502du47vucmi6fb7w5k12l4tm59cwq0g3pzgxxl97tct16tigmf148b0wltcmq3g3mk96zhssr3e0va''
Page loaded succesfully with URL = https://tsecure.dev.nordstrom.com/Rewards/join.aspx
Page loaded succesfully with URL = https://tsecure.dev.nordstrom.com/Rewards/join.aspx
Timed out waiting for element to be visible with locator: By.Id: ctl00_backgroundOverlayProgress
Page loaded succesfully with URL = https://tsecure.dev.nordstrom.com/Rewards/join.aspx
Page loaded succesfully with URL = https://tsecure.dev.nordstrom.com/Rewards/join.aspx
Timed out waiting for element to be visible with locator: By.Id: ctl00_mainContentPlaceHolder_btnVerify
</DebugTrace>
        <ErrorInfo>
          <Message>Assert.IsTrue failed. Navigation to mobile verification page after clicking on Join button on Loyalty Register page is not successful</Message>
          <StackTrace>   at Nordstrom.Web.Test.UI.LoyaltyWeb.Tests.LoyaltyTenderNeutralMobileVerificationPageTests.TenderNeutralRewardsEnroll_LoyaltyTNAuthenticatedUserAlphanumericCharacterInCodeField_ThrowseError() in c:\Ecommerce\Web\Test\UI\LoyaltyWeb\LoyaltyWebTest\LoyaltyWebTest\Tests\LoyaltyTenderNeutralMobileVerificationPageTests.cs:line 174
</StackTrace>
        </ErrorInfo>
      </Output>
    </UnitTestResult>
    <UnitTestResult executionId="0f93363f-9283-4640-9c32-c0e952f22c4d" testId="d0a2ea44-7fc9-4b50-c53b-45af59a8abf0" testName="TenderNeutralRewardsEnroll_LoyaltyTNAuthenticatedUserFBlankCodeField_ThrowseError" computerName="U00979650" duration="00:02:23.2399110" startTime="2016-03-09T13:10:15.4982496-08:00" endTime="2016-03-09T13:12:38.7342103-08:00" testType="13cdc9d9-ddb5-4fa4-a97d-d965ccfc6d4b" outcome="Failed" testListId="8c84fa94-04c1-424b-9868-57a2d4851a1d" relativeResultsDirectory="0f93363f-9283-4640-9c32-c0e952f22c4d">
      <Output>
        <DebugTrace>Exception: The remote server returned an error: (404) Not Found.Exception: The remote server returned an error: (404) Not Found.Exception: The remote server returned an error: (404) Not Found.Exception: The remote server returned an error: (404) Not Found.Exception: The remote server returned an error: (404) Not Found.Exception: The remote server returned an error: (404) Not Found.Exception: The remote server returned an error: (404) Not Found.Exception: The remote server returned an error: (404) Not Found.Exception: The remote server returned an error: (404) Not Found.Exception: The remote server returned an error: (404) Not Found.Exception: The remote server returned an error: (404) Not Found.Exception: The remote server returned an error: (404) Not Found.Exception: The remote server returned an error: (404) Not Found.Exception: The remote server returned an error: (404) Not Found.Exception: The remote server returned an error: (404) Not Found.Exception: The remote server returned an error: (404) Not Found.Exception: The remote server returned an error: (404) Not Found.Exception: The remote server returned an error: (404) Not Found.Exception: The remote server returned an error: (404) Not Found.Exception: The remote server returned an error: (404) Not Found.Exception: The remote server returned an error: (404) Not Found.Exception: The remote server returned an error: (404) Not Found.Exception: The remote server returned an error: (404) Not Found.Exception: The remote server returned an error: (404) Not Found.Exception: The remote server returned an error: (404) Not Found.Exception: The remote server returned an error: (404) Not Found.Exception: The remote server returned an error: (404) Not Found.Exception: The remote server returned an error: (404) Not Found.Exception: The remote server returned an error: (404) Not Found.Exception: The remote server returned an error: (404) Not Found.Exception: The remote server returned an error: (404) Not Found.Exception: The remote server returned an error: (404) Not Found.Exception: The remote server returned an error: (404) Not Found.Exception: The remote server returned an error: (404) Not Found.Exception: The remote server returned an error: (404) Not Found.Exception: The remote server returned an error: (404) Not Found.Exception: The remote server returned an error: (404) Not Found.Page loaded succesfully with URL = https://tsecure.dev.nordstrom.com/signIn.aspx
Page loaded succesfully with URL = https://tsecure.dev.nordstrom.com/signIn.aspx
Page loaded succesfully with URL = https://tsecure.dev.nordstrom.com/signIn.aspx
Page loaded succesfully with URL = https://tsecure.dev.nordstrom.com/signIn.aspx
Timed out waiting for element to be visible with locator: By.CssSelector: #ctl00_backgroundOverlay
WaitForElementToDisappear: Given Locator did not appear after 10 seconds - but ok - locator id: By.CssSelector: #ctl00_backgroundOverlay
Timed out waiting for element to be visible with locator: By.LinkText: Sign Out
Timed out waiting for element to be visible with locator: By.LinkText: Sign Out
VerifyCreatedAccount: sign out link is not visible
CreateNordAccount: Exception occured when creating new account: exception = 'Assert.IsTrue failed. Verify a new account has been created successfully with email '20160309-131118-3422du47vucmi6fb7w5k12l4tm59cwq0g3pzgxxl97tct16tigmf148b0wltcmq3g3mk96zhssr3e0va''
Page loaded succesfully with URL = https://tsecure.dev.nordstrom.com/Rewards/join.aspx
Page loaded succesfully with URL = https://tsecure.dev.nordstrom.com/Rewards/join.aspx
Timed out waiting for element to be visible with locator: By.Id: ctl00_backgroundOverlayProgress
Page loaded succesfully with URL = https://tsecure.dev.nordstrom.com/Rewards/join.aspx
Page loaded succesfully with URL = https://tsecure.dev.nordstrom.com/Rewards/join.aspx
Timed out waiting for element to be visible with locator: By.Id: ctl00_mainContentPlaceHolder_btnVerify
</DebugTrace>
        <ErrorInfo>
          <Message>Assert.IsTrue failed. Navigation to mobile verification page after clicking on Join button on Loyalty Register page is not successful</Message>
          <StackTrace>   at Nordstrom.Web.Test.UI.LoyaltyWeb.Tests.LoyaltyTenderNeutralMobileVerificationPageTests.TenderNeutralRewardsEnroll_LoyaltyTNAuthenticatedUserFBlankCodeField_ThrowseError() in c:\Ecommerce\Web\Test\UI\LoyaltyWeb\LoyaltyWebTest\LoyaltyWebTest\Tests\LoyaltyTenderNeutralMobileVerificationPageTests.cs:line 242
</StackTrace>
        </ErrorInfo>
      </Output>
    </UnitTestResult>
    <UnitTestResult executionId="115b7c8f-454e-4139-abf5-0ef4d9e17cb9" testId="d49116cf-5920-a340-5b35-da990901ac37" testName="TenderNeutralRewardsEnroll_LoyaltyTNAuthenticatedUserFiveDigitsInCodeField_ThrowseError" computerName="U00979650" duration="00:02:20.2207960" startTime="2016-03-09T13:12:38.7498104-08:00" endTime="2016-03-09T13:14:58.9713529-08:00" testType="13cdc9d9-ddb5-4fa4-a97d-d965ccfc6d4b" outcome="Failed" testListId="8c84fa94-04c1-424b-9868-57a2d4851a1d" relativeResultsDirectory="115b7c8f-454e-4139-abf5-0ef4d9e17cb9">
      <Output>
        <DebugTrace>Exception: The remote server returned an error: (404) Not Found.Exception: The remote server returned an error: (404) Not Found.Exception: The remote server returned an error: (404) Not Found.Exception: The remote server returned an error: (404) Not Found.Exception: The remote server returned an error: (404) Not Found.Exception: The remote server returned an error: (404) Not Found.Exception: The remote server returned an error: (404) Not Found.Exception: The remote server returned an error: (404) Not Found.Exception: The remote server returned an error: (404) Not Found.Exception: The remote server returned an error: (404) Not Found.Exception: The remote server returned an error: (404) Not Found.Exception: The remote server returned an error: (404) Not Found.Exception: The remote server returned an error: (404) Not Found.Exception: The remote server returned an error: (404) Not Found.Exception: The remote server returned an error: (404) Not Found.Exception: The remote server returned an error: (404) Not Found.Exception: The remote server returned an error: (404) Not Found.Exception: The remote server returned an error: (404) Not Found.Exception: The remote server returned an error: (404) Not Found.Exception: The remote server returned an error: (404) Not Found.Exception: The remote server returned an error: (404) Not Found.Exception: The remote server returned an error: (404) Not Found.Exception: The remote server returned an error: (404) Not Found.Exception: The remote server returned an error: (404) Not Found.Exception: The remote server returned an error: (404) Not Found.Exception: The remote server returned an error: (404) Not Found.Exception: The remote server returned an error: (404) Not Found.Exception: The remote server returned an error: (404) Not Found.Exception: The remote server returned an error: (404) Not Found.Exception: The remote server returned an error: (404) Not Found.Exception: The remote server returned an error: (404) Not Found.Exception: The remote server returned an error: (404) Not Found.Exception: The remote server returned an error: (404) Not Found.Exception: The remote server returned an error: (404) Not Found.Exception: The remote server returned an error: (404) Not Found.Exception: The remote server returned an error: (404) Not Found.Exception: The remote server returned an error: (404) Not Found.Exception: The remote server returned an error: (404) Not Found.Exception: The remote server returned an error: (404) Not Found.Page loaded succesfully with URL = https://tsecure.dev.nordstrom.com/signIn.aspx
Page loaded succesfully with URL = https://tsecure.dev.nordstrom.com/signIn.aspx
Page loaded succesfully with URL = https://tsecure.dev.nordstrom.com/signIn.aspx
Page loaded succesfully with URL = https://tsecure.dev.nordstrom.com/signIn.aspx
Timed out waiting for element to be visible with locator: By.CssSelector: #ctl00_backgroundOverlay
WaitForElementToDisappear: Given Locator did not appear after 10 seconds - but ok - locator id: By.CssSelector: #ctl00_backgroundOverlay
Timed out waiting for element to be visible with locator: By.LinkText: Sign Out
Timed out waiting for element to be visible with locator: By.LinkText: Sign Out
VerifyCreatedAccount: sign out link is not visible
CreateNordAccount: Exception occured when creating new account: exception = 'Assert.IsTrue failed. Verify a new account has been created successfully with email '20160309-131346-5862du47vucmi6fb7w5k12l4tm59cwq0g3pzgxxl97tct16tigmf148b0wltcmq3g3mk96zhssr3e0va''
Page loaded succesfully with URL = https://tsecure.dev.nordstrom.com/Rewards/join.aspx
Page loaded succesfully with URL = https://tsecure.dev.nordstrom.com/Rewards/join.aspx
Timed out waiting for element to be visible with locator: By.Id: ctl00_backgroundOverlayProgress
Page loaded succesfully with URL = https://tsecure.dev.nordstrom.com/Rewards/join.aspx
Page loaded succesfully with URL = https://tsecure.dev.nordstrom.com/Rewards/join.aspx
Timed out waiting for element to be visible with locator: By.Id: ctl00_mainContentPlaceHolder_btnVerify
</DebugTrace>
        <ErrorInfo>
          <Message>Assert.IsTrue failed. Navigation to mobile verification page after clicking on Join button on Loyalty Register page is not successful</Message>
          <StackTrace>   at Nordstrom.Web.Test.UI.LoyaltyWeb.Tests.LoyaltyTenderNeutralMobileVerificationPageTests.TenderNeutralRewardsEnroll_LoyaltyTNAuthenticatedUserFiveDigitsInCodeField_ThrowseError() in c:\Ecommerce\Web\Test\UI\LoyaltyWeb\LoyaltyWebTest\LoyaltyWebTest\Tests\LoyaltyTenderNeutralMobileVerificationPageTests.cs:line 225
</StackTrace>
        </ErrorInfo>
      </Output>
    </UnitTestResult>
    <UnitTestResult executionId="789d52b9-51f6-4a94-b1f9-049715317f4e" testId="49775a45-4080-6a0d-0975-fcd31fdb5ba5" testName="TenderNeutralRewardsEnroll_LoyaltyTNAuthenticatedUserLessThanSixDigitsInCodeField_ThrowseError" computerName="U00979650" duration="00:02:27.8008823" startTime="2016-03-09T13:14:58.9713529-08:00" endTime="2016-03-09T13:17:26.7749017-08:00" testType="13cdc9d9-ddb5-4fa4-a97d-d965ccfc6d4b" outcome="Failed" testListId="8c84fa94-04c1-424b-9868-57a2d4851a1d" relativeResultsDirectory="789d52b9-51f6-4a94-b1f9-049715317f4e">
      <Output>
        <DebugTrace>Exception: The remote server returned an error: (404) Not Found.Exception: The remote server returned an error: (404) Not Found.Exception: The remote server returned an error: (404) Not Found.Exception: The remote server returned an error: (404) Not Found.Exception: The remote server returned an error: (404) Not Found.Exception: The remote server returned an error: (404) Not Found.Exception: The remote server returned an error: (404) Not Found.Exception: The remote server returned an error: (404) Not Found.Exception: The remote server returned an error: (404) Not Found.Exception: The remote server returned an error: (404) Not Found.Exception: The remote server returned an error: (404) Not Found.Exception: The remote server returned an error: (404) Not Found.Exception: The remote server returned an error: (404) Not Found.Exception: The remote server returned an error: (404) Not Found.Exception: The remote server returned an error: (404) Not Found.Exception: The remote server returned an error: (404) Not Found.Exception: The remote server returned an error: (404) Not Found.Exception: The remote server returned an error: (404) Not Found.Exception: The remote server returned an error: (404) Not Found.Exception: The remote server returned an error: (404) Not Found.Exception: The remote server returned an error: (404) Not Found.Exception: The remote server returned an error: (404) Not Found.Exception: The remote server returned an error: (404) Not Found.Exception: The remote server returned an error: (404) Not Found.Exception: The remote server returned an error: (404) Not Found.Exception: The remote server returned an error: (404) Not Found.Exception: The remote server returned an error: (404) Not Found.Exception: The remote server returned an error: (404) Not Found.Exception: The remote server returned an error: (404) Not Found.Exception: The remote server returned an error: (404) Not Found.Exception: The remote server returned an error: (404) Not Found.Exception: The remote server returned an error: (404) Not Found.Exception: The remote server returned an error: (404) Not Found.Exception: The remote server returned an error: (404) Not Found.Exception: The remote server returned an error: (404) Not Found.Exception: The remote server returned an error: (404) Not Found.Exception: The remote server returned an error: (404) Not Found.Exception: The remote server returned an error: (404) Not Found.Exception: The remote server returned an error: (404) Not Found.Exception: The remote server returned an error: (404) Not Found.Page loaded succesfully with URL = https://tsecure.dev.nordstrom.com/signIn.aspx
Page loaded succesfully with URL = https://tsecure.dev.nordstrom.com/signIn.aspx
Page loaded succesfully with URL = https://tsecure.dev.nordstrom.com/signIn.aspx
Page loaded succesfully with URL = https://tsecure.dev.nordstrom.com/signIn.aspx
Timed out waiting for element to be visible with locator: By.CssSelector: #ctl00_backgroundOverlay
WaitForElementToDisappear: Given Locator did not appear after 10 seconds - but ok - locator id: By.CssSelector: #ctl00_backgroundOverlay
Timed out waiting for element to be visible with locator: By.LinkText: Sign Out
Timed out waiting for element to be visible with locator: By.LinkText: Sign Out
VerifyCreatedAccount: sign out link is not visible
CreateNordAccount: Exception occured when creating new account: exception = 'Assert.IsTrue failed. Verify a new account has been created successfully with email '20160309-131603-6772du47vucmi6fb7w5k12l4tm59cwq0g3pzgxxl97tct16tigmf148b0wltcmq3g3mk96zhssr3e0va''
Page loaded succesfully with URL = https://tsecure.dev.nordstrom.com/Rewards/join.aspx
Page loaded succesfully with URL = https://tsecure.dev.nordstrom.com/Rewards/join.aspx
Timed out waiting for element to be visible with locator: By.Id: ctl00_backgroundOverlayProgress
Page loaded succesfully with URL = https://tsecure.dev.nordstrom.com/Rewards/join.aspx
Page loaded succesfully with URL = https://tsecure.dev.nordstrom.com/Rewards/join.aspx
Timed out waiting for element to be visible with locator: By.Id: ctl00_mainContentPlaceHolder_btnVerify
</DebugTrace>
        <ErrorInfo>
          <Message>Assert.IsTrue failed. Navigation to mobile verification page after clicking on Join button on Loyalty Register page is not successful</Message>
          <StackTrace>   at Nordstrom.Web.Test.UI.LoyaltyWeb.Tests.LoyaltyTenderNeutralMobileVerificationPageTests.TenderNeutralRewardsEnroll_LoyaltyTNAuthenticatedUserLessThanSixDigitsInCodeField_ThrowseError() in c:\Ecommerce\Web\Test\UI\LoyaltyWeb\LoyaltyWebTest\LoyaltyWebTest\Tests\LoyaltyTenderNeutralMobileVerificationPageTests.cs:line 191
</StackTrace>
        </ErrorInfo>
      </Output>
    </UnitTestResult>
    <UnitTestResult executionId="9639af6b-7630-479a-b312-cb387fa3e670" testId="12b4841d-8a31-1c42-d913-f832e0feb888" testName="TenderNeutralRewardsEnroll_LoyaltyTNAuthenticatedUserMaximumInvlaidEntryinCodeField_ThrowsError" computerName="U00979650" duration="00:02:07.3033560" startTime="2016-03-09T13:17:26.7749017-08:00" endTime="2016-03-09T13:19:34.0871280-08:00" testType="13cdc9d9-ddb5-4fa4-a97d-d965ccfc6d4b" outcome="Failed" testListId="8c84fa94-04c1-424b-9868-57a2d4851a1d" relativeResultsDirectory="9639af6b-7630-479a-b312-cb387fa3e670">
      <Output>
        <DebugTrace>Exception: The remote server returned an error: (404) Not Found.Exception: The remote server returned an error: (404) Not Found.Exception: The remote server returned an error: (404) Not Found.Exception: The remote server returned an error: (404) Not Found.Exception: The remote server returned an error: (404) Not Found.Exception: The remote server returned an error: (404) Not Found.Exception: The remote server returned an error: (404) Not Found.Exception: The remote server returned an error: (404) Not Found.Exception: The remote server returned an error: (404) Not Found.Exception: The remote server returned an error: (404) Not Found.Exception: The remote server returned an error: (404) Not Found.Exception: The remote server returned an error: (404) Not Found.Exception: The remote server returned an error: (404) Not Found.Exception: The remote server returned an error: (404) Not Found.Exception: The remote server returned an error: (404) Not Found.Exception: The remote server returned an error: (404) Not Found.Exception: The remote server returned an error: (404) Not Found.Exception: The remote server returned an error: (404) Not Found.Exception: The remote server returned an error: (404) Not Found.Exception: The remote server returned an error: (404) Not Found.Exception: The remote server returned an error: (404) Not Found.Exception: The remote server returned an error: (404) Not Found.Exception: The remote server returned an error: (404) Not Found.Exception: The remote server returned an error: (404) Not Found.Exception: The remote server returned an error: (404) Not Found.Exception: The remote server returned an error: (404) Not Found.Exception: The remote server returned an error: (404) Not Found.Exception: The remote server returned an error: (404) Not Found.Exception: The remote server returned an error: (404) Not Found.Exception: The remote server returned an error: (404) Not Found.Exception: The remote server returned an error: (404) Not Found.Exception: The remote server returned an error: (404) Not Found.Exception: The remote server returned an error: (404) Not Found.Exception: The remote server returned an error: (404) Not Found.Exception: The remote server returned an error: (404) Not Found.Exception: The remote server returned an error: (404) Not Found.Exception: The remote server returned an error: (404) Not Found.Exception: The remote server returned an error: (404) Not Found.Exception: The remote server returned an error: (404) Not Found.Page loaded succesfully with URL = https://tsecure.dev.nordstrom.com/signIn.aspx
Page loaded succesfully with URL = https://tsecure.dev.nordstrom.com/signIn.aspx
Page loaded succesfully with URL = https://tsecure.dev.nordstrom.com/signIn.aspx
Page loaded succesfully with URL = https://tsecure.dev.nordstrom.com/signIn.aspx
Timed out waiting for element to be visible with locator: By.CssSelector: #ctl00_backgroundOverlay
WaitForElementToDisappear: Given Locator did not appear after 10 seconds - but ok - locator id: By.CssSelector: #ctl00_backgroundOverlay
Timed out waiting for element to be visible with locator: By.LinkText: Sign Out
Timed out waiting for element to be visible with locator: By.LinkText: Sign Out
VerifyCreatedAccount: sign out link is not visible
CreateNordAccount: Exception occured when creating new account: exception = 'Assert.IsTrue failed. Verify a new account has been created successfully with email '20160309-131821-1762du47vucmi6fb7w5k12l4tm59cwq0g3pzgxxl97tct16tigmf148b0wltcmq3g3mk96zhssr3e0va''
Page loaded succesfully with URL = https://tsecure.dev.nordstrom.com/Rewards/join.aspx
Page loaded succesfully with URL = https://tsecure.dev.nordstrom.com/Rewards/join.aspx
Timed out waiting for element to be visible with locator: By.Id: ctl00_backgroundOverlayProgress
Page loaded succesfully with URL = https://tsecure.dev.nordstrom.com/Rewards/join.aspx
Page loaded succesfully with URL = https://tsecure.dev.nordstrom.com/Rewards/join.aspx
Timed out waiting for element to be visible with locator: By.Id: ctl00_mainContentPlaceHolder_btnVerify
</DebugTrace>
        <ErrorInfo>
          <Message>Assert.IsTrue failed. Navigation to mobile verification page after clicking on Join button on Loyalty Register page is not successful</Message>
          <StackTrace>   at Nordstrom.Web.Test.UI.LoyaltyWeb.Tests.LoyaltyTenderNeutralMobileVerificationPageTests.TenderNeutralRewardsEnroll_LoyaltyTNAuthenticatedUserMaximumInvlaidEntryinCodeField_ThrowsError() in c:\Ecommerce\Web\Test\UI\LoyaltyWeb\LoyaltyWebTest\LoyaltyWebTest\Tests\LoyaltyTenderNeutralMobileVerificationPageTests.cs:line 376
</StackTrace>
        </ErrorInfo>
      </Output>
    </UnitTestResult>
    <UnitTestResult executionId="83983980-5182-49c7-ba0d-176e72f54ed3" testId="d37d367b-7a81-b3b8-48a9-fdc863b48e75" testName="TenderNeutralRewardsEnroll_LoyaltyTNAuthenticatedUserSevenDigitsInCodeField_ThrowseError" computerName="U00979650" duration="00:02:18.1352868" startTime="2016-03-09T13:19:34.0871280-08:00" endTime="2016-03-09T13:21:52.2393833-08:00" testType="13cdc9d9-ddb5-4fa4-a97d-d965ccfc6d4b" outcome="Failed" testListId="8c84fa94-04c1-424b-9868-57a2d4851a1d" relativeResultsDirectory="83983980-5182-49c7-ba0d-176e72f54ed3">
      <Output>
        <DebugTrace>Exception: The remote server returned an error: (404) Not Found.Exception: The remote server returned an error: (404) Not Found.Exception: The remote server returned an error: (404) Not Found.Exception: The remote server returned an error: (404) Not Found.Exception: The remote server returned an error: (404) Not Found.Exception: The remote server returned an error: (404) Not Found.Exception: The remote server returned an error: (404) Not Found.Exception: The remote server returned an error: (404) Not Found.Exception: The remote server returned an error: (404) Not Found.Exception: The remote server returned an error: (404) Not Found.Exception: The remote server returned an error: (404) Not Found.Exception: The remote server returned an error: (404) Not Found.Exception: The remote server returned an error: (404) Not Found.Exception: The remote server returned an error: (404) Not Found.Exception: The remote server returned an error: (404) Not Found.Exception: The remote server returned an error: (404) Not Found.Exception: The remote server returned an error: (404) Not Found.Exception: The remote server returned an error: (404) Not Found.Exception: The remote server returned an error: (404) Not Found.Exception: The remote server returned an error: (404) Not Found.Exception: The remote server returned an error: (404) Not Found.Exception: The remote server returned an error: (404) Not Found.Exception: The remote server returned an error: (404) Not Found.Exception: The remote server returned an error: (404) Not Found.Exception: The remote server returned an error: (404) Not Found.Exception: The remote server returned an error: (404) Not Found.Exception: The remote server returned an error: (404) Not Found.Exception: The remote server returned an error: (404) Not Found.Exception: The remote server returned an error: (404) Not Found.Exception: The remote server returned an error: (404) Not Found.Exception: The remote server returned an error: (404) Not Found.Exception: The remote server returned an error: (404) Not Found.Exception: The remote server returned an error: (404) Not Found.Exception: The remote server returned an error: (404) Not Found.Exception: The remote server returned an error: (404) Not Found.Exception: The remote server returned an error: (404) Not Found.Exception: The remote server returned an error: (404) Not Found.Exception: The remote server returned an error: (404) Not Found.Exception: The remote server returned an error: (404) Not Found.Page loaded succesfully with URL = https://tsecure.dev.nordstrom.com/signIn.aspx
Page loaded succesfully with URL = https://tsecure.dev.nordstrom.com/signIn.aspx
Page loaded succesfully with URL = https://tsecure.dev.nordstrom.com/signIn.aspx
Page loaded succesfully with URL = https://tsecure.dev.nordstrom.com/signIn.aspx
Timed out waiting for element to be visible with locator: By.CssSelector: #ctl00_backgroundOverlay
WaitForElementToDisappear: Given Locator did not appear after 10 seconds - but ok - locator id: By.CssSelector: #ctl00_backgroundOverlay
Timed out waiting for element to be visible with locator: By.LinkText: Sign Out
Timed out waiting for element to be visible with locator: By.LinkText: Sign Out
VerifyCreatedAccount: sign out link is not visible
CreateNordAccount: Exception occured when creating new account: exception = 'Assert.IsTrue failed. Verify a new account has been created successfully with email '20160309-132032-2132du47vucmi6fb7w5k12l4tm59cwq0g3pzgxxl97tct16tigmf148b0wltcmq3g3mk96zhssr3e0va''
Page loaded succesfully with URL = https://tsecure.dev.nordstrom.com/Rewards/join.aspx
Page loaded succesfully with URL = https://tsecure.dev.nordstrom.com/Rewards/join.aspx
Timed out waiting for element to be visible with locator: By.Id: ctl00_backgroundOverlayProgress
Page loaded succesfully with URL = https://tsecure.dev.nordstrom.com/Rewards/join.aspx
Page loaded succesfully with URL = https://tsecure.dev.nordstrom.com/Rewards/join.aspx
Timed out waiting for element to be visible with locator: By.Id: ctl00_mainContentPlaceHolder_btnVerify
</DebugTrace>
        <ErrorInfo>
          <Message>Assert.IsTrue failed. Navigation to mobile verification page after clicking on Join button on Loyalty Register page is not successful</Message>
          <StackTrace>   at Nordstrom.Web.Test.UI.LoyaltyWeb.Tests.LoyaltyTenderNeutralMobileVerificationPageTests.TenderNeutralRewardsEnroll_LoyaltyTNAuthenticatedUserSevenDigitsInCodeField_ThrowseError() in c:\Ecommerce\Web\Test\UI\LoyaltyWeb\LoyaltyWebTest\LoyaltyWebTest\Tests\LoyaltyTenderNeutralMobileVerificationPageTests.cs:line 208
</StackTrace>
        </ErrorInfo>
      </Output>
    </UnitTestResult>
    <UnitTestResult executionId="23a40a97-f526-4ce0-ac2e-40e0d0a0afdf" testId="9491376b-429f-5684-34ce-4b9a38c69111" testName="TenderNeutralRewardsEnroll_LoyaltyTNAuthenticatedUserSpecialCharacterinCodeField_ThrowseError" computerName="U00979650" duration="00:02:13.8244266" startTime="2016-03-09T13:21:52.2393833-08:00" endTime="2016-03-09T13:24:06.0658630-08:00" testType="13cdc9d9-ddb5-4fa4-a97d-d965ccfc6d4b" outcome="Failed" testListId="8c84fa94-04c1-424b-9868-57a2d4851a1d" relativeResultsDirectory="23a40a97-f526-4ce0-ac2e-40e0d0a0afdf">
      <Output>
        <DebugTrace>Exception: The remote server returned an error: (404) Not Found.Exception: The remote server returned an error: (404) Not Found.Exception: The remote server returned an error: (404) Not Found.Exception: The remote server returned an error: (404) Not Found.Exception: The remote server returned an error: (404) Not Found.Exception: The remote server returned an error: (404) Not Found.Exception: The remote server returned an error: (404) Not Found.Exception: The remote server returned an error: (404) Not Found.Exception: The remote server returned an error: (404) Not Found.Exception: The remote server returned an error: (404) Not Found.Exception: The remote server returned an error: (404) Not Found.Exception: The remote server returned an error: (404) Not Found.Exception: The remote server returned an error: (404) Not Found.Exception: The remote server returned an error: (404) Not Found.Exception: The remote server returned an error: (404) Not Found.Exception: The remote server returned an error: (404) Not Found.Exception: The remote server returned an error: (404) Not Found.Exception: The remote server returned an error: (404) Not Found.Exception: The remote server returned an error: (404) Not Found.Exception: The remote server returned an error: (404) Not Found.Exception: The remote server returned an error: (404) Not Found.Exception: The remote server returned an error: (404) Not Found.Exception: The remote server returned an error: (404) Not Found.Exception: The remote server returned an error: (404) Not Found.Exception: The remote server returned an error: (404) Not Found.Exception: The remote server returned an error: (404) Not Found.Exception: The remote server returned an error: (404) Not Found.Exception: The remote server returned an error: (404) Not Found.Exception: The remote server returned an error: (404) Not Found.Exception: The remote server returned an error: (404) Not Found.Exception: The remote server returned an error: (404) Not Found.Exception: The remote server returned an error: (404) Not Found.Exception: The remote server returned an error: (404) Not Found.Exception: The remote server returned an error: (404) Not Found.Exception: The remote server returned an error: (404) Not Found.Exception: The remote server returned an error: (404) Not Found.Exception: The remote server returned an error: (404) Not Found.Exception: The remote server returned an error: (404) Not Found.Page loaded succesfully with URL = https://tsecure.dev.nordstrom.com/signIn.aspx
Page loaded succesfully with URL = https://tsecure.dev.nordstrom.com/signIn.aspx
Page loaded succesfully with URL = https://tsecure.dev.nordstrom.com/signIn.aspx
Page loaded succesfully with URL = https://tsecure.dev.nordstrom.com/signIn.aspx
Timed out waiting for element to be visible with locator: By.CssSelector: #ctl00_backgroundOverlay
WaitForElementToDisappear: Given Locator did not appear after 10 seconds - but ok - locator id: By.CssSelector: #ctl00_backgroundOverlay
Timed out waiting for element to be visible with locator: By.LinkText: Sign Out
Timed out waiting for element to be visible with locator: By.LinkText: Sign Out
VerifyCreatedAccount: sign out link is not visible
CreateNordAccount: Exception occured when creating new account: exception = 'Assert.IsTrue failed. Verify a new account has been created successfully with email '20160309-132253-1872du47vucmi6fb7w5k12l4tm59cwq0g3pzgxxl97tct16tigmf148b0wltcmq3g3mk96zhssr3e0va''
Page loaded succesfully with URL = https://tsecure.dev.nordstrom.com/Rewards/join.aspx
Page loaded succesfully with URL = https://tsecure.dev.nordstrom.com/Rewards/join.aspx
Timed out waiting for element to be visible with locator: By.Id: ctl00_backgroundOverlayProgress
Page loaded succesfully with URL = https://tsecure.dev.nordstrom.com/Rewards/join.aspx
Page loaded succesfully with URL = https://tsecure.dev.nordstrom.com/Rewards/join.aspx
Timed out waiting for element to be visible with locator: By.Id: ctl00_mainContentPlaceHolder_btnVerify
</DebugTrace>
        <ErrorInfo>
          <Message>Assert.IsTrue failed. Navigation to mobile verification page after clicking on Join button on Loyalty Register page is not successful</Message>
          <StackTrace>   at Nordstrom.Web.Test.UI.LoyaltyWeb.Tests.LoyaltyTenderNeutralMobileVerificationPageTests.TenderNeutralRewardsEnroll_LoyaltyTNAuthenticatedUserSpecialCharacterinCodeField_ThrowseError() in c:\Ecommerce\Web\Test\UI\LoyaltyWeb\LoyaltyWebTest\LoyaltyWebTest\Tests\LoyaltyTenderNeutralMobileVerificationPageTests.cs:line 152
</StackTrace>
        </ErrorInfo>
      </Output>
    </UnitTestResult>
    <UnitTestResult executionId="b94ed6f5-2208-4c3a-bfd1-106c234d03f1" testId="0785d944-d30a-cd02-2045-b06c23eb6102" testName="LoyaltyWelcomePage_BonusPointEventsLink_ShouldHaveValidURL" computerName="U00979650" duration="00:01:28.9478913" startTime="2016-03-09T13:24:06.0658630-08:00" endTime="2016-03-09T13:25:40.4360141-08:00" testType="13cdc9d9-ddb5-4fa4-a97d-d965ccfc6d4b" outcome="Failed" testListId="8c84fa94-04c1-424b-9868-57a2d4851a1d" relativeResultsDirectory="b94ed6f5-2208-4c3a-bfd1-106c234d03f1">
      <Output>
        <DebugTrace>Page loaded succesfully with URL = https://tsecure.dev.nordstrom.com/signIn.aspx
Page loaded succesfully with URL = https://tsecure.dev.nordstrom.com/signIn.aspx
Page loaded succesfully with URL = https://tsecure.dev.nordstrom.com/signIn.aspx
Page loaded succesfully with URL = https://tsecure.dev.nordstrom.com/signIn.aspx
Timed out waiting for element to be visible with locator: By.CssSelector: #ctl00_backgroundOverlay
WaitForElementToDisappear: Given Locator did not appear after 10 seconds - but ok - locator id: By.CssSelector: #ctl00_backgroundOverlay
Timed out waiting for element to be visible with locator: By.LinkText: Sign Out
Timed out waiting for element to be visible with locator: By.LinkText: Sign Out
VerifyCreatedAccount: sign out link is not visible
CreateNordAccount: Exception occured when creating new account: exception = 'Assert.IsTrue failed. Verify a new account has been created successfully with email '20160309-132428-626uk1pz6n2du47vucmi6fb7w5k12l4tm59cwq0g3pzgxxl97tct16tigmf148b0wltcmq3g3mk96zhssr3e0va''
Page loaded succesfully with URL = https://tsecure.dev.nordstrom.com/Rewards/join.aspx
Page loaded succesfully with URL = https://tsecure.dev.nordstrom.com/Rewards/join.aspx
Timed out waiting for element to be visible with locator: By.Id: ctl00_backgroundOverlayProgress
Page loaded succesfully with URL = https://tsecure.dev.nordstrom.com/Rewards/join.aspx
Page loaded succesfully with URL = https://tsecure.dev.nordstrom.com/Rewards/join.aspx
Timed out waiting for element to be visible with locator: By.Id: ctl00_mainContentPlaceHolder_btnVerify
</DebugTrace>
        <ErrorInfo>
          <Message>Assert.IsTrue failed. The user was not enrolled successfully</Message>
          <StackTrace>   at Nordstrom.Web.Test.UI.LoyaltyWeb.Tests.LoyaltyWelcomeTests.EnrollInLoyaltyTenderNeutralRewards() in c:\Ecommerce\Web\Test\UI\LoyaltyWeb\LoyaltyWebTest\LoyaltyWebTest\Tests\LoyaltyWelcomeTests.cs:line 50
   at Nordstrom.Web.Test.UI.LoyaltyWeb.Tests.LoyaltyWelcomeTests.LoyaltyWelcomePage_BonusPointEventsLink_ShouldHaveValidURL() in c:\Ecommerce\Web\Test\UI\LoyaltyWeb\LoyaltyWebTest\LoyaltyWebTest\Tests\LoyaltyWelcomeTests.cs:line 33
</StackTrace>
        </ErrorInfo>
      </Output>
    </UnitTestResult>
    <UnitTestResult executionId="485496b6-a07b-459a-9987-a65f35665014" testId="ab82e5a7-4cf0-8cf2-b9b4-4363a2c5bd45" testName="LoyaltyWelcomePage_WhenTypeRightURL_ShouldRenderWelcomePage" computerName="U00979650" duration="00:01:30.9307699" startTime="2016-03-09T13:25:40.4360141-08:00" endTime="2016-03-09T13:27:11.3821297-08:00" testType="13cdc9d9-ddb5-4fa4-a97d-d965ccfc6d4b" outcome="Failed" testListId="8c84fa94-04c1-424b-9868-57a2d4851a1d" relativeResultsDirectory="485496b6-a07b-459a-9987-a65f35665014">
      <Output>
        <DebugTrace>Page loaded succesfully with URL = https://tsecure.dev.nordstrom.com/signIn.aspx
Page loaded succesfully with URL = https://tsecure.dev.nordstrom.com/signIn.aspx
Page loaded succesfully with URL = https://tsecure.dev.nordstrom.com/signIn.aspx
Page loaded succesfully with URL = https://tsecure.dev.nordstrom.com/signIn.aspx
Timed out waiting for element to be visible with locator: By.CssSelector: #ctl00_backgroundOverlay
WaitForElementToDisappear: Given Locator did not appear after 10 seconds - but ok - locator id: By.CssSelector: #ctl00_backgroundOverlay
Timed out waiting for element to be visible with locator: By.LinkText: Sign Out
Timed out waiting for element to be visible with locator: By.LinkText: Sign Out
VerifyCreatedAccount: sign out link is not visible
CreateNordAccount: Exception occured when creating new account: exception = 'Assert.IsTrue failed. Verify a new account has been created successfully with email '20160309-132555-878yngtkm1uk1pz6n2du47vucmi6fb7w5k12l4tm59cwq0g3pzgxxl97tct16tigmf148b0wltcmq3g3mk96zhssr3e0va''
Page loaded succesfully with URL = https://tsecure.dev.nordstrom.com/Rewards/join.aspx
Page loaded succesfully with URL = https://tsecure.dev.nordstrom.com/Rewards/join.aspx
Timed out waiting for element to be visible with locator: By.Id: ctl00_backgroundOverlayProgress
Page loaded succesfully with URL = https://tsecure.dev.nordstrom.com/Rewards/join.aspx
Page loaded succesfully with URL = https://tsecure.dev.nordstrom.com/Rewards/join.aspx
Timed out waiting for element to be visible with locator: By.Id: ctl00_mainContentPlaceHolder_btnVerify
</DebugTrace>
        <ErrorInfo>
          <Message>Assert.IsTrue failed. The user was not enrolled successfully</Message>
          <StackTrace>   at Nordstrom.Web.Test.UI.LoyaltyWeb.Tests.LoyaltyWelcomeTests.EnrollInLoyaltyTenderNeutralRewards() in c:\Ecommerce\Web\Test\UI\LoyaltyWeb\LoyaltyWebTest\LoyaltyWebTest\Tests\LoyaltyWelcomeTests.cs:line 50
   at Nordstrom.Web.Test.UI.LoyaltyWeb.Tests.LoyaltyWelcomeTests.LoyaltyWelcomePage_WhenTypeRightURL_ShouldRenderWelcomePage() in c:\Ecommerce\Web\Test\UI\LoyaltyWeb\LoyaltyWebTest\LoyaltyWebTest\Tests\LoyaltyWelcomeTests.cs:line 25
</StackTrace>
        </ErrorInfo>
      </Output>
    </UnitTestResult>
    <UnitTestResult executionId="3689e45e-0780-41dc-b770-c92e27a4d6c0" testId="68c8ebf3-12cd-214b-2838-aa7cf478cae6" testName="TenderNeutralAssociation_When15MinutesPassAsAuthenticatedUser_ChangeToRecognizeUserAndInfoDisappear" computerName="U00979650" duration="00:01:22.6342850" startTime="2016-03-09T13:27:11.3821297-08:00" endTime="2016-03-09T13:28:34.0224878-08:00" testType="13cdc9d9-ddb5-4fa4-a97d-d965ccfc6d4b" outcome="Inconclusive" testListId="8c84fa94-04c1-424b-9868-57a2d4851a1d" relativeResultsDirectory="3689e45e-0780-41dc-b770-c92e27a4d6c0">
      <Output>
        <DebugTrace>Exception: The remote server returned an error: (404) Not Found.Exception: The remote server returned an error: (404) Not Found.Exception: The remote server returned an error: (404) Not Found.Exception: The remote server returned an error: (404) Not Found.Exception: The remote server returned an error: (404) Not Found.Exception: The remote server returned an error: (404) Not Found.Exception: The remote server returned an error: (404) Not Found.Exception: The remote server returned an error: (404) Not Found.Exception: The remote server returned an error: (404) Not Found.Exception: The remote server returned an error: (404) Not Found.</DebugTrace>
        <ErrorInfo>
          <Message>Assert.Inconclusive failed. Could not create a store user so we can stop here.</Message>
          <StackTrace>   at Nordstrom.Web.Test.UI.LoyaltyWeb.Tests.UserSensitiveDataCases.TenderNeutralAssociation_When15MinutesPassAsAuthenticatedUser_ChangeToRecognizeUserAndInfoDisappear() in c:\Ecommerce\Web\Test\UI\LoyaltyWeb\LoyaltyWebTest\LoyaltyWebTest\Tests\UserSensitiveDataCases.cs:line 88
</StackTrace>
        </ErrorInfo>
      </Output>
    </UnitTestResult>
    <UnitTestResult executionId="f8650bde-34be-4901-b4a8-3e2ee938ee5a" testId="aa553c99-3db0-f811-13c1-3e3336a85e28" testName="TenderNeutralAssociation_When15MinutesPassAsGuestUser_EnteredInfoDisappear" computerName="U00979650" duration="00:02:09.8275425" startTime="2016-03-09T13:28:34.0224878-08:00" endTime="2016-03-09T13:30:43.8607258-08:00" testType="13cdc9d9-ddb5-4fa4-a97d-d965ccfc6d4b" outcome="Inconclusive" testListId="8c84fa94-04c1-424b-9868-57a2d4851a1d" relativeResultsDirectory="f8650bde-34be-4901-b4a8-3e2ee938ee5a">
      <Output>
        <DebugTrace>Exception: The remote server returned an error: (404) Not Found.Exception: The remote server returned an error: (404) Not Found.Exception: The remote server returned an error: (404) Not Found.Exception: The remote server returned an error: (404) Not Found.Exception: The remote server returned an error: (404) Not Found.Exception: The remote server returned an error: (404) Not Found.Exception: The remote server returned an error: (404) Not Found.Exception: The remote server returned an error: (404) Not Found.Exception: The remote server returned an error: (404) Not Found.Exception: The remote server returned an error: (404) Not Found.</DebugTrace>
        <ErrorInfo>
          <Message>Assert.Inconclusive failed. Could not create a store user so we can stop here.</Message>
          <StackTrace>   at Nordstrom.Web.Test.UI.LoyaltyWeb.Tests.UserSensitiveDataCases.TenderNeutralAssociation_When15MinutesPassAsGuestUser_EnteredInfoDisappear() in c:\Ecommerce\Web\Test\UI\LoyaltyWeb\LoyaltyWebTest\LoyaltyWebTest\Tests\UserSensitiveDataCases.cs:line 129
</StackTrace>
        </ErrorInfo>
      </Output>
    </UnitTestResult>
    <UnitTestResult executionId="344272a6-7b82-4818-82ae-f3439716da1e" testId="c4e618af-8c26-0c2f-dc63-4afd169cc976" testName="TenderNeutralEnroll_When15MinutesPassWithoutAuthenticatedUserActivity_ExpectSessionTimeoutInfoShowAndUserInfoDisappear" computerName="U00979650" duration="00:03:15.9876725" startTime="2016-03-09T13:30:43.8607258-08:00" endTime="2016-03-09T13:33:59.8559400-08:00" testType="13cdc9d9-ddb5-4fa4-a97d-d965ccfc6d4b" outcome="Failed" testListId="8c84fa94-04c1-424b-9868-57a2d4851a1d" relativeResultsDirectory="344272a6-7b82-4818-82ae-f3439716da1e">
      <Output>
        <DebugTrace>Exception: The remote server returned an error: (404) Not Found.Exception: The remote server returned an error: (404) Not Found.Exception: The remote server returned an error: (404) Not Found.Exception: The remote server returned an error: (404) Not Found.Exception: The remote server returned an error: (404) Not Found.Exception: The remote server returned an error: (404) Not Found.Exception: The remote server returned an error: (404) Not Found.Exception: The remote server returned an error: (404) Not Found.Exception: The remote server returned an error: (404) Not Found.Page loaded succesfully with URL = https://tsecure.dev.nordstrom.com/signIn.aspx
Page loaded succesfully with URL = https://tsecure.dev.nordstrom.com/signIn.aspx
Page loaded succesfully with URL = https://tsecure.dev.nordstrom.com/signIn.aspx
Page loaded succesfully with URL = https://tsecure.dev.nordstrom.com/signIn.aspx
Timed out waiting for element to be visible with locator: By.CssSelector: #ctl00_backgroundOverlay
WaitForElementToDisappear: Given Locator did not appear after 10 seconds - but ok - locator id: By.CssSelector: #ctl00_backgroundOverlay
Timed out waiting for element to be visible with locator: By.LinkText: Sign Out
Timed out waiting for element to be visible with locator: By.LinkText: Sign Out
VerifyCreatedAccount: sign out link is not visible
CreateNordAccount: Exception occured when creating new account: exception = 'Assert.IsTrue failed. Verify a new account has been created successfully with email '20160309-133203-854va5iw5p6gtvl8e07g5br81kni6ih6fk3s9x53h8hjxldnch5eh4s39di4k9itkgrmogj559i8halggtooo7sfefyb0m82k''
Page loaded succesfully with URL = https://tsecure.dev.nordstrom.com/Rewards/join.aspx
Page loaded succesfully with URL = https://tsecure.dev.nordstrom.com/Rewards/join.aspx
</DebugTrace>
        <ErrorInfo>
          <Message>Test method Nordstrom.Web.Test.UI.LoyaltyWeb.Tests.UserSensitiveDataCases.TenderNeutralEnroll_When15MinutesPassWithoutAuthenticatedUserActivity_ExpectSessionTimeoutInfoShowAndUserInfoDisappear threw exception: 
OpenQA.Selenium.NoSuchElementException: Could not find element by: By.CssSelector: ctl00_mainContentPlaceHolder_FirstNameResource</Message>
          <StackTrace>    at OpenQA.Selenium.Support.PageObjects.DefaultElementLocator.LocateElement(IEnumerable`1 bys)
   at OpenQA.Selenium.Support.PageObjects.WebElementProxy.get_Element()
   at OpenQA.Selenium.Support.PageObjects.WebElementProxy.Invoke(IMessage msg)
   at System.Runtime.Remoting.Proxies.RealProxy.PrivateInvoke(MessageData&amp; msgData, Int32 type)
   at OpenQA.Selenium.IWebElement.get_Text()
   at Nordstrom.Web.Test.UI.Common.PageObjects.LoyaltyRegisterPage.VerifyEnrollPageForAuthenticatedUserSensitiveDataDisappear() in c:\Ecommerce\Web\Test\UI\Common\PageObjects\LoyaltyRegisterPage.cs:line 618
   at Nordstrom.Web.Test.UI.LoyaltyWeb.Tests.UserSensitiveDataCases.TenderNeutralEnroll_When15MinutesPassWithoutAuthenticatedUserActivity_ExpectSessionTimeoutInfoShowAndUserInfoDisappear() in c:\Ecommerce\Web\Test\UI\LoyaltyWeb\LoyaltyWebTest\LoyaltyWebTest\Tests\UserSensitiveDataCases.cs:line 43
</StackTrace>
        </ErrorInfo>
      </Output>
    </UnitTestResult>
    <UnitTestResult executionId="88417720-645d-4e4b-8d86-7d8adc72f4d7" testId="46dfd772-4afa-9ef2-f8c6-0d812a6c3d20" testName="TenderNeutralEnroll_When15MinutesPassWithoutUserActivityAndTestSecureShopperSessionFeatureFlagOff_ExpectSessionTimeoutInfoShowAndUserInfoDisappear" computerName="U00979650" duration="00:03:55.3654248" startTime="2016-03-09T13:33:59.8559400-08:00" endTime="2016-03-09T13:37:55.2433155-08:00" testType="13cdc9d9-ddb5-4fa4-a97d-d965ccfc6d4b" outcome="Failed" testListId="8c84fa94-04c1-424b-9868-57a2d4851a1d" relativeResultsDirectory="88417720-645d-4e4b-8d86-7d8adc72f4d7">
      <Output>
        <DebugTrace>Exception: The remote server returned an error: (404) Not Found.Exception: The remote server returned an error: (404) Not Found.Exception: The remote server returned an error: (404) Not Found.Exception: The remote server returned an error: (404) Not Found.Exception: The remote server returned an error: (404) Not Found.Exception: The remote server returned an error: (404) Not Found.Exception: The remote server returned an error: (404) Not Found.Exception: The remote server returned an error: (404) Not Found.Page loaded succesfully with URL = https://tsecure.dev.nordstrom.com/signIn.aspx
Page loaded succesfully with URL = https://tsecure.dev.nordstrom.com/signIn.aspx
Page loaded succesfully with URL = https://tsecure.dev.nordstrom.com/signIn.aspx
Page loaded succesfully with URL = https://tsecure.dev.nordstrom.com/signIn.aspx
Timed out waiting for element to be visible with locator: By.CssSelector: #ctl00_backgroundOverlay
WaitForElementToDisappear: Given Locator did not appear after 10 seconds - but ok - locator id: By.CssSelector: #ctl00_backgroundOverlay
Timed out waiting for element to be visible with locator: By.LinkText: Sign Out
Timed out waiting for element to be visible with locator: By.LinkText: Sign Out
VerifyCreatedAccount: sign out link is not visible
CreateNordAccount: Exception occured when creating new account: exception = 'Assert.IsTrue failed. Verify a new account has been created successfully with email '20160309-133602-024va5iw5p6gtvl8e07g5br81kni6ih6fk3s9x53h8hjxldnch5eh4s39di4k9itkgrmogj559i8halggtooo7sfefyb0m82k''
Page loaded succesfully with URL = https://tsecure.dev.nordstrom.com/Rewards/join.aspx
Page loaded succesfully with URL = https://tsecure.dev.nordstrom.com/Rewards/join.aspx
</DebugTrace>
        <ErrorInfo>
          <Message>Test method Nordstrom.Web.Test.UI.LoyaltyWeb.Tests.UserSensitiveDataCases.TenderNeutralEnroll_When15MinutesPassWithoutUserActivityAndTestSecureShopperSessionFeatureFlagOff_ExpectSessionTimeoutInfoShowAndUserInfoDisappear threw exception: 
OpenQA.Selenium.NoSuchElementException: Could not find element by: By.CssSelector: ctl00_mainContentPlaceHolder_FirstNameResource</Message>
          <StackTrace>    at OpenQA.Selenium.Support.PageObjects.DefaultElementLocator.LocateElement(IEnumerable`1 bys)
   at OpenQA.Selenium.Support.PageObjects.WebElementProxy.get_Element()
   at OpenQA.Selenium.Support.PageObjects.WebElementProxy.Invoke(IMessage msg)
   at System.Runtime.Remoting.Proxies.RealProxy.PrivateInvoke(MessageData&amp; msgData, Int32 type)
   at OpenQA.Selenium.IWebElement.get_Text()
   at Nordstrom.Web.Test.UI.Common.PageObjects.LoyaltyRegisterPage.VerifyEnrollPageForAuthenticatedUserSensitiveDataDisappear() in c:\Ecommerce\Web\Test\UI\Common\PageObjects\LoyaltyRegisterPage.cs:line 618
   at Nordstrom.Web.Test.UI.LoyaltyWeb.Tests.UserSensitiveDataCases.TenderNeutralEnroll_When15MinutesPassWithoutUserActivityAndTestSecureShopperSessionFeatureFlagOff_ExpectSessionTimeoutInfoShowAndUserInfoDisappear() in c:\Ecommerce\Web\Test\UI\LoyaltyWeb\LoyaltyWebTest\LoyaltyWebTest\Tests\UserSensitiveDataCases.cs:line 68
</StackTrace>
        </ErrorInfo>
      </Output>
    </UnitTestResult>
  </Results>
</TestRun>